
Gurobi 11.0.1 (win64) logging started Sun Mar 31 15:14:09 2024

Set parameter LogFile to value "C:\Projetos\Job_Rotation_Algorithms\Outputs\GurobiLogs\gurobi_log-output-16_ton-c110-CostaMirallesModel-NoExtraConstraint-2.log"
Gurobi Optimizer version 11.0.1 build v11.0.1rc0 (win64 - Windows 10.0 (19045.2))

CPU model: 11th Gen Intel(R) Core(TM) i7-1165G7 @ 2.80GHz, instruction set [SSE2|AVX|AVX2|AVX512]
Thread count: 4 physical cores, 8 logical processors, using up to 1 threads

WLS license 901039 - registered to Bitka Analytics
Optimize a model with 2710 rows, 11983 columns and 183103 nonzeros
Model fingerprint: 0xfbfabf16
Variable types: 2 continuous, 11981 integer (11981 binary)
Coefficient statistics:
  Matrix range     [1e+00, 2e+02]
  Objective range  [1e+00, 1e+00]
  Bounds range     [1e+00, 2e+02]
  RHS range        [1e+00, 2e+02]
Presolve added 240 rows and 0 columns
Presolve removed 0 rows and 1106 columns
Presolve time: 1.50s
Presolved: 2950 rows, 10877 columns, 91027 nonzeros
Variable types: 0 continuous, 10877 integer (10430 binary)

Root relaxation: objective 1.400000e+02, 3918 iterations, 0.36 seconds (0.36 work units)

    Nodes    |    Current Node    |     Objective Bounds      |     Work
 Expl Unexpl |  Obj  Depth IntInf | Incumbent    BestBd   Gap | It/Node Time

     0     0  140.00000    0  100          -  140.00000      -     -    2s
     0     0  140.00000    0   91          -  140.00000      -     -    2s
     0     0  140.00000    0   91          -  140.00000      -     -    2s
     0     0  140.00000    0   90          -  140.00000      -     -    5s
     0     0  140.00000    0  781          -  140.00000      -     -    5s
     0     0  140.00000    0  694          -  140.00000      -     -    6s
     0     0  140.00000    0  165          -  140.00000      -     -    7s
     0     0  140.00000    0  197          -  140.00000      -     -    7s
     0     0  140.00000    0  168          -  140.00000      -     -    7s
     0     0  140.00000    0  442          -  140.00000      -     -    8s
     0     0  140.00000    0  432          -  140.00000      -     -    8s
     0     0  140.00000    0  180          -  140.00000      -     -    9s
     0     0  140.00000    0  160          -  140.00000      -     -    9s
     0     2  140.00000    0  160          -  140.00000      -     -   11s
   126    96  140.00000   38  460          -  140.00000      -   206   15s
   266   148  140.00000   39  797          -  140.00000      -   249   20s
   450   207  140.00000   50  201          -  140.00000      -   225   25s
   592   247  140.00000   50  241          -  140.00000      -   226   30s
   741   326 infeasible   61               -  140.00000      -   233   36s
   807   360  140.00000   40   88          -  140.00000      -   240   40s
   814   366  140.00000   45   91          -  140.00000      -   239   49s
   816   367  140.00000    7  109          -  140.00000      -   238   50s
   821   371  140.00000   46  125          -  140.00000      -   237   55s
   825   373  140.00000   47  212          -  140.00000      -   236   60s
   833   381  140.00000   12  182          -  140.00000      -   313   65s
   857   397  140.00000   24  167          -  140.00000      -   307   70s
   923   435  140.00000   59  291          -  140.00000      -   298   75s
   951   435 infeasible   73               -  140.00000      -   296   80s
  1002   453  140.00000   61  258          -  140.00000      -   292   85s
  1076   466 infeasible   65               -  140.00000      -   283   90s
  1167   468  140.00000   35  212          -  140.00000      -   270   95s
  1248   499  140.00000   49  135          -  140.00000      -   262  100s
  1322   518  140.00000   57  332          -  140.00000      -   257  105s
  1423   512  140.00000   60   98          -  140.00000      -   244  110s
  1560   533  140.00000   65  183          -  140.00000      -   234  126s
  1584   531 infeasible   52               -  140.00000      -   234  130s
  1603   522 infeasible   77               -  140.00000      -   234  135s
  1659   542 infeasible   70               -  140.00000      -   230  140s
  1760   518  140.00000   68  127          -  140.00000      -   223  145s
  1846   526  140.00000   74  131          -  140.00000      -   218  150s
  1983   527  140.00000   61  442          -  140.00000      -   207  155s
  2178   588 infeasible   70               -  140.00000      -   199  160s
  2277   624  140.00000   62  305          -  140.00000      -   196  165s
  2418   691 infeasible   77               -  140.00000      -   190  170s
  2557   716 infeasible   84               -  140.00000      -   185  175s
  2666   760 infeasible   60               -  140.00000      -   182  180s
  2744   794  140.00000   58  368          -  140.00000      -   180  185s
  2875   871  140.00000   79  265          -  140.00000      -   177  190s
  2974   908  140.00000   77  113          -  140.00000      -   176  195s
  3113   960  140.00000   79  238          -  140.00000      -   173  200s
  3226  1015 infeasible   86               -  140.00000      -   171  205s
  3343  1048 infeasible   89               -  140.00000      -   169  210s
  3506  1087 infeasible   80               -  140.00000      -   165  215s
  3706  1139 infeasible   88               -  140.00000      -   161  220s
  3910  1186 infeasible   74               -  140.00000      -   156  225s
  4086  1243  140.00000   85  206          -  140.00000      -   152  230s
  4336  1296 infeasible   90               -  140.00000      -   150  235s
  4500  1343 infeasible   94               -  140.00000      -   148  240s
  4695  1387  140.00000  101  292          -  140.00000      -   146  245s
  4988  1436  140.00000   77  135          -  140.00000      -   142  250s
  5101  1487  139.24611  116  200          -  140.00000      -   140  257s
  5224  1536  140.00000   74  152          -  140.00000      -   138  260s
  5519  1638  140.00000   55  431          -  140.00000      -   135  265s
  5671  1717  140.00000   64  449          -  140.00000      -   134  270s
  5810  1789  140.00000   60  184          -  140.00000      -   134  275s
  5959  1850 infeasible   70               -  140.00000      -   133  280s
  6060  1901  140.00000   67  437          -  140.00000      -   133  285s
  6214  1962 infeasible   83               -  140.00000      -   132  290s
  6375  2015 infeasible   69               -  140.00000      -   132  295s
  6475  2064  140.00000   59  252          -  140.00000      -   132  300s
  6636  2134 infeasible   79               -  140.00000      -   131  305s
  6788  2195  140.00000   66  321          -  140.00000      -   130  310s
  6888  2235  140.00000   75  374          -  140.00000      -   131  315s
  7034  2266 infeasible   71               -  140.00000      -   130  320s
  7210  2323 infeasible   67               -  140.00000      -   128  325s
  7367  2367  140.00000   80  255          -  140.00000      -   127  330s
  7505  2421  140.00000   73  279          -  140.00000      -   127  335s
  7795  2514 infeasible   94               -  140.00000      -   125  340s
  8128  2535  140.00000   67  299          -  140.00000      -   121  345s
  8266  2560 infeasible   68               -  140.00000      -   121  350s
  8397  2603  140.00000   70  222          -  140.00000      -   120  355s
  8456  2613  140.00000   77  281          -  140.00000      -   121  360s
  8616  2648 infeasible   81               -  140.00000      -   120  365s
  8880  2715 infeasible   67               -  140.00000      -   119  370s
  9261  2805  140.00000   56  226          -  140.00000      -   117  375s
  9429  2911 infeasible   60               -  140.00000      -   117  380s
  9693  3028  140.00000   64  264          -  140.00000      -   117  385s
  9960  3156 infeasible   79               -  140.00000      -   116  390s
 10189  3222 infeasible   80               -  140.00000      -   116  395s
 10202  3227 infeasible   84               -  140.00000      -   116  444s
 10227  3228  140.00000   79  149          -  140.00000      -   116  445s
 10506  3324  140.00000   69  190          -  140.00000      -   116  450s
 10750  3402  140.00000   65  274          -  140.00000      -   115  455s
 11036  3489 infeasible   84               -  140.00000      -   115  460s
 11331  3627  140.00000   58  294          -  140.00000      -   114  465s
 11656  3791 infeasible   74               -  140.00000      -   113  470s
 12050  3912 infeasible   59               -  140.00000      -   112  475s
 12517  4079 infeasible   62               -  140.00000      -   110  480s
 13005  4195  140.00000   50  360          -  140.00000      -   108  485s
 13301  4306  140.00000   69  146          -  140.00000      -   108  490s
 13643  4381 infeasible   93               -  140.00000      -   107  495s
 13956  4440  140.00000   65  390          -  140.00000      -   106  500s
 14224  4490  140.00000   90  158          -  140.00000      -   106  505s
 14481  4516  140.00000   51  214          -  140.00000      -   105  515s
 14502  4525 infeasible   67               -  140.00000      -   106  520s
 14579  4560  140.00000   56  418          -  140.00000      -   106  525s
 15032  4705  140.00000   86  244          -  140.00000      -   105  530s
 15159  4776 infeasible   68               -  140.00000      -   105  535s
 15303  4837  140.00000   81  214          -  140.00000      -   105  540s
 15453  4884  140.00000   75  285          -  140.00000      -   105  545s
 15811  4949  140.00000   51  437          -  140.00000      -   105  550s
 16064  5073  140.00000   76  182          -  140.00000      -   105  555s
 16311  5180 infeasible   73               -  140.00000      -   105  560s
 16514  5301 infeasible   99               -  140.00000      -   105  565s
 16882  5410 infeasible   87               -  140.00000      -   104  570s
 17197  5542  140.00000   81  298          -  140.00000      -   104  575s
 17522  5692  140.00000   70  143          -  140.00000      -   104  580s
 17934  5832 infeasible   97               -  140.00000      -   103  585s
 18354  5884 infeasible   70               -  140.00000      -   103  590s
 18607  5963  140.00000   51  170          -  140.00000      -   103  595s
 18946  6158  140.00000   68  178          -  140.00000      -   103  600s
 19439  6361 infeasible   92               -  140.00000      -   102  605s
 19826  6477 infeasible   83               -  140.00000      -   101  610s
 20325  6587  140.00000   83  179          -  140.00000      -   101  615s
 20580  6679 infeasible   86               -  140.00000      -   100  620s
 21127  6807 infeasible   91               -  140.00000      -  99.3  625s
 21675  6915 infeasible   93               -  140.00000      -  98.2  630s
 22346  7065 infeasible   85               -  140.00000      -  96.6  635s
 22877  7158 infeasible   94               -  140.00000      -  95.7  640s
 23270  7237 infeasible   91               -  140.00000      -  95.3  645s
 23564  7350  140.00000   66  241          -  140.00000      -  95.3  650s
 23819  7455  140.00000   83  342          -  140.00000      -  95.4  655s
 24096  7511 infeasible   98               -  140.00000      -  95.3  660s
 24619  7597 infeasible   87               -  140.00000      -  94.2  665s
 24956  7667  140.00000   89  237          -  140.00000      -  94.1  670s
 25350  7760  140.00000   73  232          -  140.00000      -  93.6  675s
 25505  7787  140.00000   92  153          -  140.00000      -  93.4  681s
 25762  7801  140.00000   92  130          -  140.00000      -  92.8  685s
 25938  7822 infeasible   85               -  140.00000      -  92.7  690s
 26176  7886 infeasible   92               -  140.00000      -  92.4  695s
 26407  7890 infeasible   81               -  140.00000      -  92.1  700s
 26686  7923  140.00000   76  123          -  140.00000      -  91.9  705s
 27031  7994 infeasible   76               -  140.00000      -  91.5  710s
 27213  8009  140.00000   53  492          -  140.00000      -  91.5  715s
 27509  8039 infeasible   92               -  140.00000      -  91.4  720s
 27686  8059 infeasible   84               -  140.00000      -  91.3  725s
 27880  8113 infeasible   88               -  140.00000      -  91.2  730s
 28193  8178  140.00000   74  299          -  140.00000      -  91.1  735s
 28447  8210  140.00000   46  334          -  140.00000      -  90.8  740s
 28633  8300  140.00000   73  146          -  140.00000      -  90.9  745s
 28994  8425  140.00000   79  206          -  140.00000      -  90.7  750s
 29216  8479 infeasible   83               -  140.00000      -  90.5  755s
 29379  8542  140.00000   75  276          -  140.00000      -  90.6  760s
 29608  8632  140.00000   84  280          -  140.00000      -  90.4  765s
 29852  8695 infeasible   77               -  140.00000      -  90.2  770s
 30019  8730 infeasible   85               -  140.00000      -  90.2  775s
 30150  8757  140.00000   66  401          -  140.00000      -  90.3  780s
 30311  8843 infeasible  105               -  140.00000      -  90.3  785s
 30523  8932 infeasible   86               -  140.00000      -  90.2  790s
 30606  8973  140.00000   93  318          -  140.00000      -  90.3  795s
 30747  9031  140.00000  100  198          -  140.00000      -  90.3  807s
 30754  9026 infeasible   77               -  140.00000      -  90.4  810s
 30772  9030  140.00000   86   83          -  140.00000      -  90.5  815s
 30897  9071 infeasible  101               -  140.00000      -  90.4  820s
 31257  9104  140.00000   68  360          -  140.00000      -  90.0  825s
 31398  9198 infeasible   70               -  140.00000      -  90.0  830s
 31523  9265  140.00000   69  145          -  140.00000      -  90.1  835s
 31649  9313  140.00000   49   94          -  140.00000      -  90.2  840s
 31874  9407 infeasible   68               -  140.00000      -  90.1  845s
 32029  9423 infeasible   90               -  140.00000      -  90.1  850s
 32209  9440  140.00000   73  215          -  140.00000      -  90.1  855s
 32365  9500  140.00000   73   87          -  140.00000      -  90.1  860s
 32581  9562  140.00000   85  262          -  140.00000      -  90.0  865s
 32970  9611 infeasible   96               -  140.00000      -  89.7  870s
 33161  9616 infeasible   67               -  140.00000      -  89.6  875s
 33375  9708  140.00000   43  292          -  140.00000      -  89.5  880s
 33511  9752 infeasible   75               -  140.00000      -  89.6  885s
 33790  9890  140.00000   65  470          -  140.00000      -  89.5  890s
 34026 10031  140.00000   74  369          -  140.00000      -  89.6  895s
 34310 10198 infeasible   79               -  140.00000      -  89.7  900s
 34594 10316  140.00000   73  416          -  140.00000      -  89.7  905s
 34902 10486 infeasible   89               -  140.00000      -  89.7  910s
 35181 10660  140.00000  108  216          -  140.00000      -  89.8  915s
 35422 10785  140.00000   81  357          -  140.00000      -  90.0  920s
 35593 10862 infeasible   93               -  140.00000      -  90.2  925s
 35806 10959 infeasible   83               -  140.00000      -  90.1  930s
 35980 11068  140.00000   93  148          -  140.00000      -  90.1  935s
 36190 11185  140.00000   75  315          -  140.00000      -  90.1  940s
 36334 11261 infeasible   77               -  140.00000      -  90.1  945s
 36560 11401  140.00000   84  364          -  140.00000      -  90.1  950s
 36727 11464 infeasible  106               -  140.00000      -  90.1  955s
 36926 11531 infeasible   93               -  140.00000      -  90.1  960s
 37179 11621 infeasible   96               -  140.00000      -  90.0  965s
 37502 11674 infeasible  100               -  140.00000      -  89.7  970s
 37672 11717  140.00000   76  328          -  140.00000      -  89.7  975s
 37885 11821 infeasible  114               -  140.00000      -  89.7  980s
 38151 11894 infeasible   87               -  140.00000      -  89.5  985s
 38364 11960 infeasible  100               -  140.00000      -  89.5  990s
 38497 11996  140.00000   58  372          -  140.00000      -  89.5  995s
 38751 12133 infeasible   96               -  140.00000      -  89.5 1000s
 38984 12186  140.00000   70  117          -  140.00000      -  89.4 1005s
 39180 12229 infeasible   97               -  140.00000      -  89.4 1010s
 39458 12264 infeasible   73               -  140.00000      -  89.1 1015s
 39648 12298 infeasible   94               -  140.00000      -  89.1 1020s
 40119 12417 infeasible  102               -  140.00000      -  88.8 1025s
 40443 12511  140.00000  111  301          -  140.00000      -  88.7 1030s
 40668 12583  140.00000   89  174          -  140.00000      -  88.6 1035s
 40808 12616 infeasible  105               -  140.00000      -  88.5 1040s
 41194 12765 infeasible   92               -  140.00000      -  88.2 1045s
 41483 12870 infeasible  121               -  140.00000      -  87.9 1050s
 41781 12954 infeasible  137               -  140.00000      -  87.6 1055s
 42169 13024 infeasible  117               -  140.00000      -  87.1 1060s
 42448 13048 infeasible  118               -  140.00000      -  86.9 1065s
 42798 13092  140.00000  104  214          -  140.00000      -  86.6 1070s
 43087 13111  140.00000   79   54          -  140.00000      -  86.4 1075s
 43226 13165 infeasible   93               -  140.00000      -  86.5 1080s
 43423 13261 infeasible   97               -  140.00000      -  86.5 1085s
 43591 13299 infeasible   93               -  140.00000      -  86.5 1090s
 43816 13346 infeasible   94               -  140.00000      -  86.4 1095s
 44011 13447  140.00000   77  231          -  140.00000      -  86.5 1100s
 44258 13534  140.00000   76  139          -  140.00000      -  86.4 1105s
 44506 13679 infeasible  108               -  140.00000      -  86.3 1110s
 44611 13725  140.00000   89  401          -  140.00000      -  86.5 1115s
 44722 13778  140.00000  110  306          -  140.00000      -  86.5 1127s
 44730 13776  140.00000   81  190          -  140.00000      -  86.6 1130s
 44753 13781 infeasible   90               -  140.00000      -  86.6 1135s
 44834 13817 infeasible  100               -  140.00000      -  86.6 1140s
 45102 13925  140.00000  107  280          -  140.00000      -  86.5 1145s
 45334 13997  140.00000   92  219          -  140.00000      -  86.4 1150s
 45542 14066  140.00000  101  313          -  140.00000      -  86.4 1155s
 45739 14068 infeasible  109               -  140.00000      -  86.3 1160s
 45909 14099  140.00000   98  195          -  140.00000      -  86.2 1165s
 46247 14171 infeasible   93               -  140.00000      -  86.0 1170s
 46445 14238 infeasible   90               -  140.00000      -  86.0 1175s
 46559 14256 infeasible   85               -  140.00000      -  86.0 1180s
 46727 14328  140.00000  110  266          -  140.00000      -  86.1 1185s
 46825 14361  140.00000   89  267          -  140.00000      -  86.2 1190s
 47054 14422  140.00000   90  435          -  140.00000      -  86.3 1195s
 47212 14472  140.00000   91  195          -  140.00000      -  86.4 1200s
 47349 14495 infeasible  109               -  140.00000      -  86.4 1205s
 47483 14496 infeasible   98               -  140.00000      -  86.5 1210s
 47664 14514 infeasible  104               -  140.00000      -  86.4 1215s
 47876 14548 infeasible  109               -  140.00000      -  86.3 1220s
 48071 14545  140.00000   65  145          -  140.00000      -  86.2 1225s
 48248 14614 infeasible  102               -  140.00000      -  86.2 1230s
 48470 14726 infeasible   88               -  140.00000      -  86.2 1235s
 48682 14836  140.00000   60  348          -  140.00000      -  86.3 1240s
 48863 14901  140.00000   86  154          -  140.00000      -  86.3 1245s
 49179 15018 infeasible  100               -  140.00000      -  86.2 1250s
 49438 15118  140.00000   87  367          -  140.00000      -  86.2 1255s
 49665 15120 infeasible  101               -  140.00000      -  86.1 1260s
 49787 15158 infeasible   97               -  140.00000      -  86.1 1265s
 50006 15177  140.00000   79  180          -  140.00000      -  86.0 1270s
 50160 15241  140.00000   94  207          -  140.00000      -  86.0 1275s
 50341 15289  140.00000   95  251          -  140.00000      -  86.0 1280s
 50519 15317 infeasible   90               -  140.00000      -  86.0 1285s
 50734 15340 infeasible  107               -  140.00000      -  86.0 1290s
 50823 15360  140.00000   66  270          -  140.00000      -  86.0 1295s
 50970 15397 infeasible   92               -  140.00000      -  86.1 1300s
 51010 15409  140.00000   84  252          -  140.00000      -  86.1 1305s
 51305 15516 infeasible  102               -  140.00000      -  85.9 1310s
 51654 15637 infeasible   98               -  140.00000      -  85.7 1315s
 52149 15711 infeasible  101               -  140.00000      -  85.2 1320s
 52517 15761 infeasible   99               -  140.00000      -  84.8 1325s
 52898 15806 infeasible  101               -  140.00000      -  84.5 1330s
 53254 15801 infeasible  100               -  140.00000      -  84.2 1335s
 53932 15950 infeasible   93               -  140.00000      -  83.7 1340s
 54282 15994 infeasible   91               -  140.00000      -  83.5 1345s
 54678 16035 infeasible  101               -  140.00000      -  83.1 1350s
 55077 16046 infeasible   94               -  140.00000      -  82.8 1355s
 55482 16054 infeasible  115               -  140.00000      -  82.4 1360s
 55800 16040  139.89364   94  244          -  140.00000      -  82.2 1365s
 56105 16069 infeasible   98               -  140.00000      -  82.0 1370s
 56335 16071  140.00000   79  198          -  140.00000      -  81.9 1375s
 56611 16199  140.00000   61  306          -  140.00000      -  81.9 1380s
 56771 16272 infeasible   79               -  140.00000      -  82.0 1385s
 56891 16332  140.00000   71  129          -  140.00000      -  82.2 1390s
 57047 16408  140.00000   93  309          -  140.00000      -  82.2 1395s
 57267 16512 infeasible  100               -  140.00000      -  82.2 1400s
 57442 16574 infeasible   88               -  140.00000      -  82.2 1405s
 57626 16646  140.00000   92  182          -  140.00000      -  82.2 1410s
 57797 16703  140.00000   73  159          -  140.00000      -  82.3 1424s
 57802 16700  140.00000   76  116          -  140.00000      -  82.3 1425s
 57817 16693 infeasible   68               -  140.00000      -  82.3 1430s
 57835 16699  140.00000   73  244          -  140.00000      -  82.4 1435s
 57963 16741 infeasible  103               -  140.00000      -  82.3 1440s
 58162 16821 infeasible   77               -  140.00000      -  82.3 1445s
 58365 16866  140.00000   63  307          -  140.00000      -  82.3 1450s
 58529 16938  140.00000   80  279          -  140.00000      -  82.3 1455s
 58801 17094 infeasible  106               -  140.00000      -  82.3 1460s
 59017 17177  140.00000   77  198          -  140.00000      -  82.3 1465s
 59233 17278 infeasible   85               -  140.00000      -  82.3 1470s
 59537 17369 infeasible   98               -  140.00000      -  82.1 1475s
 59790 17418 infeasible  115               -  140.00000      -  82.1 1480s
 59956 17459  140.00000   87  288          -  140.00000      -  82.1 1485s
 60171 17581 infeasible  103               -  140.00000      -  82.1 1490s
 60324 17675  139.99200  100  186          -  140.00000      -  82.1 1495s
 60508 17802 infeasible  111               -  140.00000      -  82.1 1500s
 60723 17910  140.00000   71  191          -  140.00000      -  82.1 1505s
 60872 17987  140.00000  102  186          -  140.00000      -  82.2 1510s
 61105 18115  140.00000  110  218          -  140.00000      -  82.2 1515s
 61212 18171  140.00000  111  161          -  140.00000      -  82.2 1520s
 61536 18325  140.00000   89  290          -  140.00000      -  82.2 1525s
 61824 18411 infeasible   97               -  140.00000      -  82.1 1530s
 62066 18525  140.00000   91  249          -  140.00000      -  82.1 1535s
 62312 18644 infeasible   83               -  140.00000      -  82.0 1540s
 62549 18776 infeasible  121               -  140.00000      -  82.0 1545s
 62833 18905 infeasible  104               -  140.00000      -  82.1 1550s
 63036 19020 infeasible  139               -  140.00000      -  82.2 1555s
 63326 19118 infeasible  116               -  140.00000      -  82.0 1560s
 63604 19262 infeasible   98               -  140.00000      -  82.0 1565s
 63909 19348 infeasible   94               -  140.00000      -  81.9 1570s
 64188 19410 infeasible  117               -  140.00000      -  81.8 1575s
 64425 19434  140.00000   88  215          -  140.00000      -  81.7 1580s
 64761 19555  140.00000  102  274          -  140.00000      -  81.6 1585s
 65150 19624 infeasible  110               -  140.00000      -  81.3 1590s
 65529 19629  140.00000   88  125          -  140.00000      -  81.1 1595s
 66058 19706 infeasible  104               -  140.00000      -  80.9 1600s
 66313 19738  140.00000   93  343          -  140.00000      -  80.8 1607s
 66443 19760  140.00000   91  164          -  140.00000      -  80.7 1610s
 66781 19872 infeasible  114               -  140.00000      -  80.6 1615s
 67088 19918 infeasible  103               -  140.00000      -  80.4 1620s
 67360 19927 infeasible   97               -  140.00000      -  80.3 1625s
 67690 20052  140.00000  103  289          -  140.00000      -  80.3 1630s
 67883 20171 infeasible  102               -  140.00000      -  80.4 1635s
 68113 20260  140.00000   80  250          -  140.00000      -  80.4 1640s
 68345 20309 infeasible   95               -  140.00000      -  80.3 1645s
 68579 20356 infeasible   94               -  140.00000      -  80.3 1650s
 68719 20407 infeasible  103               -  140.00000      -  80.3 1655s
 68888 20504  140.00000   78  348          -  140.00000      -  80.4 1660s
 69116 20593 infeasible   92               -  140.00000      -  80.4 1665s
 69391 20661 infeasible  125               -  140.00000      -  80.3 1670s
 69641 20704  140.00000   82  199          -  140.00000      -  80.4 1675s
 69820 20786 infeasible   90               -  140.00000      -  80.6 1680s
 70074 20918  140.00000   70  323          -  140.00000      -  80.7 1685s
 70271 21019 infeasible   92               -  140.00000      -  80.8 1690s
 70515 21088  140.00000   64  127          -  140.00000      -  80.8 1695s
 70617 21141 infeasible   81               -  140.00000      -  81.0 1700s
 70852 21217  140.00000   80  318          -  140.00000      -  81.0 1705s
 71101 21253 infeasible   99               -  140.00000      -  81.1 1710s
 71289 21347  140.00000   78  181          -  140.00000      -  81.2 1715s
 71414 21400  140.00000   89  163          -  140.00000      -  81.1 1720s
 71566 21438 infeasible   89               -  140.00000      -  81.1 1725s
 71834 21472  140.00000  101  135          -  140.00000      -  81.0 1730s
 72076 21492  140.00000   98  150          -  140.00000      -  80.9 1735s
 72379 21503 infeasible   84               -  140.00000      -  80.8 1740s
 72695 21615 infeasible  102               -  140.00000      -  80.8 1745s
 72867 21677  140.00000   98  394          -  140.00000      -  80.8 1750s
 73011 21726 infeasible   77               -  140.00000      -  80.9 1755s
 73015 21727  140.00000   78  498          -  140.00000      -  80.9 1768s
 73019 21725  140.00000   60  276          -  140.00000      -  80.9 1770s
 73031 21737  140.00000   70  208          -  140.00000      -  80.9 1775s
 73049 21743  140.00000   68  298          -  140.00000      -  81.0 1780s
 73094 21778 infeasible  106               -  140.00000      -  81.0 1785s
 73363 21918 infeasible  104               -  140.00000      -  81.0 1790s
 73626 22068 infeasible   92               -  140.00000      -  80.9 1795s
 73827 22166  140.00000   81  145          -  140.00000      -  81.0 1800s
 74211 22336 infeasible   98               -  140.00000      -  80.8 1805s
 74709 22494  140.00000   81  167          -  140.00000      -  80.7 1810s
 75094 22650 infeasible  106               -  140.00000      -  80.6 1815s
 75436 22712 infeasible  112               -  140.00000      -  80.6 1820s
 75944 22805 infeasible  100               -  140.00000      -  80.4 1825s
 76379 22912 infeasible   83               -  140.00000      -  80.3 1830s
 76591 22914 infeasible  103               -  140.00000      -  80.2 1835s
 77075 23024  139.47625  110  374          -  140.00000      -  80.0 1840s
 77663 23074  140.00000   98  188          -  140.00000      -  79.7 1845s
 78040 23201  140.00000  127  238          -  140.00000      -  79.7 1850s
 78561 23207 infeasible  106               -  140.00000      -  79.4 1855s
 78873 23270 infeasible   95               -  140.00000      -  79.4 1860s
 79132 23354 infeasible   98               -  140.00000      -  79.4 1865s
 79408 23365 infeasible   77               -  140.00000      -  79.3 1870s
 79620 23427  140.00000  108  369          -  140.00000      -  79.3 1875s
 79992 23499 infeasible   85               -  140.00000      -  79.3 1880s
 80177 23556  140.00000   67  222          -  140.00000      -  79.3 1885s
 80423 23645  140.00000   88  243          -  140.00000      -  79.3 1890s
 80689 23740 infeasible   81               -  140.00000      -  79.2 1895s
 80974 23749 infeasible   95               -  140.00000      -  79.2 1900s
 81319 23724 infeasible  107               -  140.00000      -  79.1 1905s
 81471 23743  140.00000   58  199          -  140.00000      -  79.1 1910s
 81545 23786  140.00000   63  291          -  140.00000      -  79.2 1915s
 81616 23817  140.00000   59  216          -  140.00000      -  79.1 1920s
 81778 23872 infeasible   91               -  140.00000      -  79.1 1925s
 81965 23892 infeasible   61               -  140.00000      -  79.1 1930s
 82102 23951  140.00000   75  101          -  140.00000      -  79.2 1935s
 82373 23983 infeasible   62               -  140.00000      -  79.1 1940s
 82557 24030  140.00000   96  252          -  140.00000      -  79.1 1945s
 82751 24094 infeasible   89               -  140.00000      -  79.0 1950s
 82989 24151 infeasible   87               -  140.00000      -  78.9 1955s
 83251 24204 infeasible   64               -  140.00000      -  78.9 1960s
 83671 24224 infeasible   96               -  140.00000      -  78.8 1965s
 83982 24237 infeasible   86               -  140.00000      -  78.6 1970s
 84166 24274  140.00000   38  200          -  140.00000      -  78.6 1975s
 84342 24336  140.00000   72  175          -  140.00000      -  78.6 1980s
 84650 24410 infeasible   78               -  140.00000      -  78.5 1985s
 84778 24454  140.00000   58  550          -  140.00000      -  78.5 1990s
 84902 24509  140.00000   61  521          -  140.00000      -  78.6 1995s
 85218 24622  140.00000   80  262          -  140.00000      -  78.6 2000s
 85378 24662 infeasible   84               -  140.00000      -  78.6 2005s
 85516 24714  140.00000   63  367          -  140.00000      -  78.7 2010s
 85777 24833  140.00000   63  214          -  140.00000      -  78.7 2015s
 85973 24901  140.00000   70  279          -  140.00000      -  78.7 2020s
 86227 24965 infeasible   93               -  140.00000      -  78.8 2025s
 86525 25004  140.00000   91  305          -  140.00000      -  78.7 2030s
 86699 25079 infeasible  104               -  140.00000      -  78.7 2035s
 86754 25094 infeasible  105               -  140.00000      -  78.7 2040s
 87026 25166 infeasible  124               -  140.00000      -  78.7 2045s
 87199 25190 infeasible   73               -  140.00000      -  78.7 2050s
 87397 25246 infeasible   62               -  140.00000      -  78.7 2055s
 87558 25285  140.00000   59   63          -  140.00000      -  78.8 2060s
 87682 25334  140.00000   73  305          -  140.00000      -  78.8 2065s
 87905 25401 infeasible   64               -  140.00000      -  78.9 2070s
 87994 25429  140.00000   66  113          -  140.00000      -  79.0 2075s
 88136 25487 infeasible  119               -  140.00000      -  79.1 2080s
 88190 25495  140.00000   63  419          -  140.00000      -  79.2 2085s
 88280 25537  140.00000   63  386          -  140.00000      -  79.3 2090s
 88355 25566 infeasible   71               -  140.00000      -  79.4 2095s
 88450 25583 infeasible   80               -  140.00000      -  79.4 2100s
 88659 25641 infeasible   92               -  140.00000      -  79.5 2105s
 88937 25756  140.00000   70  190          -  140.00000      -  79.5 2110s
 89108 25805 infeasible  114               -  140.00000      -  79.5 2115s
 89313 25897 infeasible  109               -  140.00000      -  79.5 2120s
 89622 26009  140.00000   79  127          -  140.00000      -  79.4 2125s
 89818 26095  140.00000  100  297          -  140.00000      -  79.5 2130s
 90038 26167 infeasible   89               -  140.00000      -  79.5 2135s
 90172 26169 infeasible   89               -  140.00000      -  79.5 2140s
 90512 26267  140.00000   98  342          -  140.00000      -  79.5 2145s
 90835 26402  140.00000   88  259          -  140.00000      -  79.5 2150s
 91181 26510  140.00000   92  149          -  140.00000      -  79.5 2155s
 91554 26577 infeasible   87               -  140.00000      -  79.5 2160s
 91818 26676  140.00000   98  248          -  140.00000      -  79.7 2167s
 91935 26733  140.00000  110  343          -  140.00000      -  79.7 2170s
 92117 26846  140.00000   74  219          -  140.00000      -  79.8 2177s
 92132 26851 infeasible   76               -  140.00000      -  79.9 2180s
 92398 26970  140.00000   84  228          -  140.00000      -  79.9 2185s
 92795 27066 infeasible   79               -  140.00000      -  79.9 2190s
 93221 27190 infeasible   87               -  140.00000      -  79.9 2195s
 93634 27254 infeasible   91               -  140.00000      -  79.9 2200s
 93951 27370  140.00000   83  208          -  140.00000      -  80.0 2205s
 94320 27491  140.00000   65  192          -  140.00000      -  80.1 2210s
 94627 27599 infeasible   69               -  140.00000      -  80.2 2215s
 95069 27709 infeasible   56               -  140.00000      -  80.2 2220s
 95508 27743 infeasible   59               -  140.00000      -  80.1 2225s
 95794 27802  140.00000   81  286          -  140.00000      -  80.2 2230s
 95979 27855  140.00000   74  313          -  140.00000      -  80.3 2235s
 96132 27897 infeasible   79               -  140.00000      -  80.5 2240s
 96376 27977  140.00000   92  345          -  140.00000      -  80.6 2245s
 96669 28014  140.00000   30  514          -  140.00000      -  80.6 2250s
 96846 28140 infeasible   81               -  140.00000      -  80.7 2255s
 97015 28203  140.00000   48  426          -  140.00000      -  80.8 2260s
 97127 28253 infeasible   68               -  140.00000      -  80.9 2265s
 97393 28370 infeasible   68               -  140.00000      -  81.1 2270s
 97512 28431  140.00000   64  550          -  140.00000      -  81.1 2281s
 97541 28424 infeasible   65               -  140.00000      -  81.1 2285s
 97571 28426  140.00000   46  355          -  140.00000      -  81.2 2290s
 97924 28508 infeasible   62               -  140.00000      -  81.1 2295s
 98382 28649  139.00000  102  256          -  140.00000      -  81.1 2300s
 98773 28739  140.00000   58  218          -  140.00000      -  81.1 2305s
 99201 28892 infeasible   73               -  140.00000      -  81.1 2310s
 99715 28928 infeasible   58               -  140.00000      -  81.1 2315s
 100147 29039 infeasible   96               -  140.00000      -  81.0 2320s
 100585 29186 infeasible   94               -  140.00000      -  81.0 2325s
 101079 29257  140.00000   63  165          -  140.00000      -  80.9 2330s
 101453 29413 infeasible   76               -  140.00000      -  80.9 2335s
 101742 29533  140.00000   59  116          -  140.00000      -  81.0 2340s
 102020 29652  140.00000   64  333          -  140.00000      -  81.0 2346s
 102140 29672 infeasible   62               -  140.00000      -  81.1 2350s
 102278 29713  140.00000   49  107          -  140.00000      -  81.1 2355s
 102506 29828  140.00000   51  173          -  140.00000      -  81.1 2360s
 102718 29922 infeasible   76               -  140.00000      -  81.2 2365s
 103047 30003 infeasible   72               -  140.00000      -  81.1 2370s
 103461 30113  139.00000   60  257          -  140.00000      -  81.1 2375s
 103692 30190  140.00000   69  318          -  140.00000      -  81.1 2380s
 103811 30238 infeasible   73               -  140.00000      -  81.2 2385s
 103990 30289 infeasible  111               -  140.00000      -  81.2 2390s
 104266 30369  140.00000   64  293          -  140.00000      -  81.3 2395s
 104461 30422 infeasible   75               -  140.00000      -  81.5 2400s
 104719 30484  140.00000   85  293          -  140.00000      -  81.6 2405s
 105060 30586 infeasible   89               -  140.00000      -  81.6 2410s
 105557 30696 infeasible   67               -  140.00000      -  81.6 2415s
 105865 30733 infeasible   63               -  140.00000      -  81.6 2420s
 106174 30803 infeasible   69               -  140.00000      -  81.7 2425s
 106327 30859  140.00000   82  359          -  140.00000      -  81.7 2430s
 106481 30897 infeasible   77               -  140.00000      -  81.8 2435s
 106702 30979  140.00000   75  100          -  140.00000      -  81.8 2440s
 106971 31057 infeasible   89               -  140.00000      -  81.9 2445s
 107121 31066 infeasible   89               -  140.00000      -  81.9 2450s
 107297 31100  140.00000   73  224          -  140.00000      -  81.9 2455s
 107433 31101  140.00000   69   93          -  140.00000      -  82.0 2460s
 107552 31126 infeasible   88               -  140.00000      -  82.0 2465s
 107690 31151  140.00000   52  496          -  140.00000      -  82.1 2470s
 107791 31190 infeasible   80               -  140.00000      -  82.1 2475s
 108008 31256  140.00000   70  256          -  140.00000      -  82.2 2480s
 108350 31387 infeasible   85               -  140.00000      -  82.1 2485s
 108612 31451 infeasible   84               -  140.00000      -  82.1 2490s
 108944 31498 infeasible   82               -  140.00000      -  82.1 2495s
 109207 31548 infeasible   92               -  140.00000      -  82.1 2500s
 109434 31544  140.00000   76  267          -  140.00000      -  82.2 2505s
 109661 31563 infeasible   69               -  140.00000      -  82.1 2510s
 109813 31611 infeasible  102               -  140.00000      -  82.2 2515s
 109965 31674 infeasible   72               -  140.00000      -  82.2 2520s
 110131 31751  140.00000   87  224          -  140.00000      -  82.2 2525s
 110292 31798 infeasible   82               -  140.00000      -  82.3 2530s
 110498 31867 infeasible   72               -  140.00000      -  82.4 2535s
 110753 31945 infeasible   80               -  140.00000      -  82.5 2540s
 110932 32028  140.00000   75  153          -  140.00000      -  82.5 2545s
 111089 32098  140.00000   90  200          -  140.00000      -  82.6 2550s
 111247 32134  140.00000   75  316          -  140.00000      -  82.6 2555s
 111430 32178 infeasible   83               -  140.00000      -  82.6 2560s
 111650 32210 infeasible   89               -  140.00000      -  82.5 2565s
 111846 32260 infeasible   91               -  140.00000      -  82.5 2570s
 112000 32306 infeasible   80               -  140.00000      -  82.5 2575s
 112152 32319  140.00000   84  204          -  140.00000      -  82.6 2580s
 112223 32324 infeasible   92               -  140.00000      -  82.6 2585s
 112490 32365 infeasible   82               -  140.00000      -  82.6 2590s
 112790 32417 infeasible   79               -  140.00000      -  82.5 2595s
 112931 32437  140.00000   85  251          -  140.00000      -  82.5 2601s
 112995 32433 infeasible   80               -  140.00000      -  82.5 2605s
 113173 32493 infeasible   83               -  140.00000      -  82.5 2610s
 113501 32567 infeasible   67               -  140.00000      -  82.5 2615s
 113811 32636 infeasible   76               -  140.00000      -  82.5 2620s
 114157 32656 infeasible   75               -  140.00000      -  82.4 2625s
 114368 32704 infeasible   83               -  140.00000      -  82.4 2630s
 114504 32745  140.00000   64  228          -  140.00000      -  82.5 2635s
 114653 32776 infeasible   92               -  140.00000      -  82.5 2640s
 114847 32829 infeasible   70               -  140.00000      -  82.5 2645s
 115208 32901 infeasible   95               -  140.00000      -  82.4 2650s
 115563 32919  140.00000   93  163          -  140.00000      -  82.2 2655s
 115910 32940 infeasible   93               -  140.00000      -  82.1 2660s
 116378 32968 infeasible   80               -  140.00000      -  82.0 2665s
 116445 33007  140.00000  105  144          -  140.00000      -  82.0 2679s
 116448 33004 infeasible  106               -  140.00000      -  82.0 2680s
 116503 32969 infeasible   75               -  140.00000      -  82.0 2685s
 116539 32939 infeasible   72               -  140.00000      -  82.0 2690s
 116565 32937  140.00000   44  551          -  140.00000      -  82.1 2695s
 116761 32980  140.00000   44  219          -  140.00000      -  82.1 2700s
 116892 33028  140.00000   44  371          -  140.00000      -  82.2 2705s
 117109 33128  140.00000   48  239          -  140.00000      -  82.3 2710s
 117258 33202 infeasible   72               -  140.00000      -  82.3 2715s
 117323 33223 infeasible   69               -  140.00000      -  82.3 2720s
 117514 33242  140.00000  106  188          -  140.00000      -  82.3 2725s
 117618 33299 infeasible   64               -  140.00000      -  82.4 2730s
 117691 33334  140.00000   52  248          -  140.00000      -  82.4 2735s
 117733 33355  140.00000   49  314          -  140.00000      -  82.5 2740s
 117861 33397 infeasible   59               -  140.00000      -  82.5 2745s
 118064 33488 infeasible   69               -  140.00000      -  82.6 2750s
 118190 33493  140.00000  101  171          -  140.00000      -  82.6 2755s
 118350 33500 infeasible   59               -  140.00000      -  82.6 2760s
 118549 33500  140.00000  108  205          -  140.00000      -  82.5 2765s
 118668 33525 infeasible   94               -  140.00000      -  82.5 2770s
 118822 33532 infeasible  114               -  140.00000      -  82.6 2775s
 118953 33530  140.00000   90  234          -  140.00000      -  82.6 2780s
 119073 33561 infeasible   67               -  140.00000      -  82.6 2785s
 119183 33612  140.00000   77  202          -  140.00000      -  82.6 2790s
 119406 33644 infeasible   68               -  140.00000      -  82.6 2795s
 119670 33671 infeasible   74               -  140.00000      -  82.5 2800s
 119886 33701  140.00000   91  253          -  140.00000      -  82.5 2805s
 120070 33745 infeasible   69               -  140.00000      -  82.4 2810s
 120209 33765  140.00000   59  250          -  140.00000      -  82.5 2815s
 120313 33787 infeasible   79               -  140.00000      -  82.5 2820s
 120412 33836  140.00000   87  220          -  140.00000      -  82.6 2825s
 120548 33911 infeasible  117               -  140.00000      -  82.6 2830s
 120698 33989 infeasible   90               -  140.00000      -  82.6 2835s
 120973 34123  140.00000   94  346          -  140.00000      -  82.5 2840s
 121327 34322 infeasible  109               -  140.00000      -  82.5 2845s
 121520 34386 infeasible  100               -  140.00000      -  82.5 2850s
 121736 34460 infeasible   93               -  140.00000      -  82.4 2855s
 121988 34541 infeasible  110               -  140.00000      -  82.4 2860s
 122198 34614  140.00000  120  321          -  140.00000      -  82.3 2865s
 122424 34704  140.00000  114  115          -  140.00000      -  82.3 2871s
 122544 34720 infeasible   86               -  140.00000      -  82.3 2875s
 122800 34759  140.00000  111  220          -  140.00000      -  82.3 2880s
 123036 34813 infeasible  106               -  140.00000      -  82.2 2885s
 123297 34891 infeasible   90               -  140.00000      -  82.1 2890s
 123507 34952 infeasible  111               -  140.00000      -  82.1 2895s
 123838 35016 infeasible  122               -  140.00000      -  82.0 2900s
 124114 35069 infeasible   93               -  140.00000      -  81.9 2905s
 124338 35113 infeasible  103               -  140.00000      -  81.9 2910s
 124542 35190 infeasible   88               -  140.00000      -  81.9 2915s
 124688 35255  140.00000   70  286          -  140.00000      -  81.9 2920s
 124824 35263 infeasible   80               -  140.00000      -  81.9 2925s
 124955 35296 infeasible  100               -  140.00000      -  81.9 2930s
 125102 35342 infeasible   89               -  140.00000      -  82.0 2935s
 125238 35340  140.00000   68  220          -  140.00000      -  82.0 2940s
 125380 35353 infeasible   97               -  140.00000      -  82.0 2945s
 125555 35374 infeasible   73               -  140.00000      -  82.0 2950s
 125756 35375  140.00000   72  388          -  140.00000      -  82.0 2955s
 125884 35402  140.00000   83  157          -  140.00000      -  82.0 2960s
 125987 35416 infeasible   89               -  140.00000      -  82.1 2965s
 126152 35448 infeasible  102               -  140.00000      -  82.1 2970s
 126337 35450 infeasible   62               -  140.00000      -  82.1 2975s
 126386 35460 infeasible   49               -  140.00000      -  82.2 2980s
 126564 35493 infeasible   80               -  140.00000      -  82.2 2985s
 126743 35478 infeasible   93               -  140.00000      -  82.1 2990s
 126887 35532 infeasible   91               -  140.00000      -  82.2 2995s
 127188 35537 infeasible   76               -  140.00000      -  82.2 3000s
 127311 35564 infeasible   69               -  140.00000      -  82.3 3005s
 127488 35617  140.00000   83  368          -  140.00000      -  82.3 3010s
 127525 35624 infeasible   94               -  140.00000      -  82.3 3015s
 127728 35737  140.00000   84  400          -  140.00000      -  82.2 3020s
 127938 35803  140.00000   86  406          -  140.00000      -  82.2 3025s
 128218 35856 infeasible   85               -  140.00000      -  82.2 3030s
 128364 35884 infeasible  114               -  140.00000      -  82.3 3035s
 128439 35898  140.00000   93  410          -  140.00000      -  82.3 3040s
 128589 35937  140.00000   85  408          -  140.00000      -  82.4 3045s
 128767 35993  140.00000   80  208          -  140.00000      -  82.4 3050s
 128950 36046  140.00000   83  394          -  140.00000      -  82.4 3055s
 129114 36093 infeasible   73               -  140.00000      -  82.4 3060s
 129293 36166 infeasible   67               -  140.00000      -  82.4 3065s
 129496 36202 infeasible   74               -  140.00000      -  82.4 3070s
 129644 36212 infeasible   87               -  140.00000      -  82.4 3075s
 129769 36238 infeasible  101               -  140.00000      -  82.5 3080s
 130024 36280  140.00000  108  139          -  140.00000      -  82.5 3085s
 130159 36320 infeasible   91               -  140.00000      -  82.5 3090s
 130416 36370 infeasible   85               -  140.00000      -  82.6 3095s
 130609 36437  140.00000   65  291          -  140.00000      -  82.6 3100s
 130671 36464 infeasible   67               -  140.00000      -  82.7 3105s
 130759 36496 infeasible   67               -  140.00000      -  82.7 3110s
 130832 36525  140.00000   69  381          -  140.00000      -  82.8 3115s
 130971 36547 infeasible   94               -  140.00000      -  82.8 3120s
 131150 36568 infeasible   94               -  140.00000      -  82.8 3125s
 131287 36618 infeasible   95               -  140.00000      -  82.9 3130s
 131415 36663 infeasible   65               -  140.00000      -  82.9 3135s
 131544 36664 infeasible   94               -  140.00000      -  82.9 3140s
 131650 36694 infeasible  125               -  140.00000      -  83.0 3145s
 131747 36709  139.95931   95  379          -  140.00000      -  83.0 3150s
 131842 36769 infeasible   73               -  140.00000      -  83.0 3155s
 131963 36838 infeasible   75               -  140.00000      -  83.1 3160s
 132074 36901  140.00000   45  499          -  140.00000      -  83.1 3165s
 132221 36960  140.00000   48  245          -  140.00000      -  83.1 3170s
 132281 37001 infeasible   81               -  140.00000      -  83.2 3175s
 132353 37036  140.00000   81  250          -  140.00000      -  83.2 3180s
 132493 37128  140.00000   80  218          -  140.00000      -  83.3 3185s
 132626 37197 infeasible   71               -  140.00000      -  83.3 3190s
 132762 37288 infeasible   76               -  140.00000      -  83.3 3195s
 132837 37320  140.00000   63  185          -  140.00000      -  83.4 3204s
 132842 37321  140.00000   55  113          -  140.00000      -  83.4 3205s
 132856 37321 infeasible   57               -  140.00000      -  83.4 3210s
 132927 37372  140.00000   78  329          -  140.00000      -  83.4 3215s
 133081 37433 infeasible   84               -  140.00000      -  83.5 3220s
 133409 37467 infeasible   69               -  140.00000      -  83.5 3225s
 133611 37513  140.00000   70  409          -  140.00000      -  83.5 3230s
 133819 37558 infeasible   81               -  140.00000      -  83.5 3235s
 133936 37602 infeasible   64               -  140.00000      -  83.6 3240s
 134061 37633  140.00000   73  362          -  140.00000      -  83.6 3245s
 134257 37756  140.00000   72  290          -  140.00000      -  83.6 3250s
 134439 37864 infeasible   79               -  140.00000      -  83.6 3255s
 134583 37924  140.00000   80  303          -  140.00000      -  83.6 3260s
 134719 37998  140.00000  109  349          -  140.00000      -  83.7 3265s
 134874 38061 infeasible   87               -  140.00000      -  83.7 3270s
 135041 38104 infeasible   87               -  140.00000      -  83.7 3275s
 135253 38155  140.00000   77  201          -  140.00000      -  83.7 3280s
 135410 38226  140.00000   39   78          -  140.00000      -  83.8 3285s
 135546 38315 infeasible   62               -  140.00000      -  83.8 3290s
 135649 38370 infeasible   68               -  140.00000      -  83.9 3295s
 135775 38444  140.00000   60  123          -  140.00000      -  83.9 3300s
 135940 38541  140.00000   51  362          -  140.00000      -  83.9 3305s
 136127 38644 infeasible   84               -  140.00000      -  84.0 3310s
 136235 38703  140.00000   60  208          -  140.00000      -  84.0 3315s
 136349 38764  140.00000   51  208          -  140.00000      -  84.1 3320s
 136515 38816  140.00000   52  420          -  140.00000      -  84.1 3325s
 136666 38876  140.00000   57  228          -  140.00000      -  84.1 3330s
 136827 38948  140.00000   67  175          -  140.00000      -  84.1 3335s
 136993 39028 infeasible   70               -  140.00000      -  84.2 3340s
 137099 39046  140.00000   54  363          -  140.00000      -  84.2 3345s
 137233 39112  139.99266   70  280          -  140.00000      -  84.3 3350s
 137376 39169  140.00000   44  185          -  140.00000      -  84.3 3355s
 137484 39237  140.00000   63  214          -  140.00000      -  84.4 3360s
 137614 39318  140.00000   80  245          -  140.00000      -  84.4 3365s
 137727 39360 infeasible   66               -  140.00000      -  84.4 3372s
 137820 39370 infeasible   65               -  140.00000      -  84.4 3375s
 137862 39380  140.00000   58  147          -  140.00000      -  84.5 3384s
 137876 39384  140.00000   65   88          -  140.00000      -  84.5 3385s
 137909 39371  140.00000   52  207          -  140.00000      -  84.5 3390s
 138121 39463 infeasible   66               -  140.00000      -  84.5 3395s
 138180 39503  140.00000   60  331          -  140.00000      -  84.6 3400s
 138358 39602 infeasible   70               -  140.00000      -  84.6 3405s
 138520 39623 infeasible   76               -  140.00000      -  84.6 3410s
 138684 39642  140.00000   52  194          -  140.00000      -  84.6 3415s
 138972 39698  140.00000   59  365          -  140.00000      -  84.5 3420s
 139217 39771 infeasible   81               -  140.00000      -  84.5 3425s
 139334 39787 infeasible   67               -  140.00000      -  84.6 3430s
 139485 39843 infeasible   78               -  140.00000      -  84.6 3435s
 139638 39870  140.00000   65  120          -  140.00000      -  84.6 3440s
 139789 39912  140.00000   77  200          -  140.00000      -  84.6 3445s
 139928 39941  140.00000   72  114          -  140.00000      -  84.6 3450s
 140048 39971  140.00000   65  372          -  140.00000      -  84.7 3455s
 140165 40027 infeasible   69               -  140.00000      -  84.7 3460s
 140321 40060  140.00000   59  323          -  140.00000      -  84.7 3465s
 140528 40176 infeasible   83               -  140.00000      -  84.8 3470s
 140705 40260 infeasible   99               -  140.00000      -  84.8 3475s
 140876 40306  140.00000   66  298          -  140.00000      -  84.8 3480s
 140950 40340 infeasible   84               -  140.00000      -  84.8 3485s
 141092 40378 infeasible   81               -  140.00000      -  84.8 3490s
 141249 40452 infeasible   71               -  140.00000      -  84.8 3495s
 141362 40512  140.00000   58  310          -  140.00000      -  84.9 3500s
 141463 40572 infeasible   62               -  140.00000      -  84.9 3505s
 141639 40641  140.00000   66  447          -  140.00000      -  85.0 3510s
 141746 40690 infeasible   79               -  140.00000      -  85.0 3515s
 141837 40720 infeasible   64               -  140.00000      -  85.1 3520s
 141939 40771 infeasible   68               -  140.00000      -  85.1 3525s
 142006 40784  140.00000   62  421          -  140.00000      -  85.2 3530s
 142136 40825  140.00000   74  310          -  140.00000      -  85.2 3535s
 142305 40905  140.00000   59  381          -  140.00000      -  85.2 3540s
 142399 40964  140.00000   65  584          -  140.00000      -  85.2 3545s
 142480 40997 infeasible   78               -  140.00000      -  85.3 3550s
 142654 41059 infeasible   78               -  140.00000      -  85.3 3555s
 142758 41090 infeasible   69               -  140.00000      -  85.4 3560s
 142828 41095  140.00000   80  311          -  140.00000      -  85.4 3566s
 142895 41120 infeasible   77               -  140.00000      -  85.4 3570s
 143027 41143  140.00000   62  363          -  140.00000      -  85.4 3575s
 143031 41147  140.00000   64  390          -  140.00000      -  85.4 3585s
 143046 41142  140.00000   54  169          -  140.00000      -  85.5 3590s
 143067 41143  140.00000   48  135          -  140.00000      -  85.5 3595s

Cutting planes:
  Cover: 103
  Implied bound: 14
  Projected implied bound: 3
  Clique: 126
  MIR: 14
  StrongCG: 6
  Flow cover: 48
  GUB cover: 12
  Zero half: 5
  Network: 1
  RLT: 3
  Relax-and-lift: 31

Explored 143092 nodes (12239842 simplex iterations) in 3600.01 seconds (1639.70 work units)
Thread count was 1 (of 8 available processors)

Solution count 0

Time limit reached
Best objective -, best bound 1.400000000000e+02, gap -
