
Gurobi 11.0.1 (win64) logging started Mon Apr  1 12:42:29 2024

Set parameter LogFile to value "C:\Projetos\Job_Rotation_Algorithms\Outputs\GurobiLogs\gurobi_log-output-56_hes-c37-CostaMirallesModel-NoExtraConstraint-2.log"
Gurobi Optimizer version 11.0.1 build v11.0.1rc0 (win64 - Windows 10.0 (19045.2))

CPU model: 11th Gen Intel(R) Core(TM) i7-1165G7 @ 2.80GHz, instruction set [SSE2|AVX|AVX2|AVX512]
Thread count: 4 physical cores, 8 logical processors, using up to 1 threads


Gurobi 11.0.1 (win64) logging started Mon Apr  1 21:30:25 2024

Set parameter LogFile to value "C:\Projetos\Job_Rotation_Algorithms\Outputs\GurobiLogs\gurobi_log-output-56_hes-c37-CostaMirallesModel-NoExtraConstraint-2.log"
Gurobi Optimizer version 11.0.1 build v11.0.1rc0 (win64 - Windows 10.0 (19045.2))

CPU model: 11th Gen Intel(R) Core(TM) i7-1165G7 @ 2.80GHz, instruction set [SSE2|AVX|AVX2|AVX512]
Thread count: 4 physical cores, 8 logical processors, using up to 1 threads


Gurobi 11.0.1 (win64) logging started Thu Apr  4 23:28:23 2024

Set parameter LogFile to value "C:\Projetos\Job_Rotation_Algorithms\Outputs\GurobiLogs\gurobi_log-output-56_hes-c37-CostaMirallesModel-NoExtraConstraint-2.log"
Gurobi Optimizer version 11.0.1 build v11.0.1rc0 (win64 - Windows 10.0 (19045.2))

CPU model: 11th Gen Intel(R) Core(TM) i7-1165G7 @ 2.80GHz, instruction set [SSE2|AVX|AVX2|AVX512]
Thread count: 4 physical cores, 8 logical processors, using up to 1 threads


Gurobi 11.0.1 (win64) logging started Sat Apr  6 12:56:57 2024

Set parameter LogFile to value "C:\Projetos\Job_Rotation_Algorithms\Outputs\GurobiLogs\gurobi_log-output-56_hes-c37-CostaMirallesModel-NoExtraConstraint-2.log"
Gurobi Optimizer version 11.0.1 build v11.0.1rc0 (win64 - Windows 10.0 (19045.2))

CPU model: 11th Gen Intel(R) Core(TM) i7-1165G7 @ 2.80GHz, instruction set [SSE2|AVX|AVX2|AVX512]
Thread count: 4 physical cores, 8 logical processors, using up to 1 threads


Gurobi 11.0.1 (win64) logging started Sun Apr  7 02:30:52 2024

Set parameter LogFile to value "C:\Projetos\Job_Rotation_Algorithms\Outputs\GurobiLogs\gurobi_log-output-56_hes-c37-CostaMirallesModel-NoExtraConstraint-2.log"
Gurobi Optimizer version 11.0.1 build v11.0.1rc0 (win64 - Windows 10.0 (19045.2))

CPU model: 11th Gen Intel(R) Core(TM) i7-1165G7 @ 2.80GHz, instruction set [SSE2|AVX|AVX2|AVX512]
Thread count: 4 physical cores, 8 logical processors, using up to 1 threads


Gurobi 11.0.1 (win64) logging started Sun Apr  7 09:43:44 2024

Set parameter LogFile to value "C:\Projetos\Job_Rotation_Algorithms\Outputs\GurobiLogs\gurobi_log-output-56_hes-c37-CostaMirallesModel-NoExtraConstraint-2.log"
Gurobi Optimizer version 11.0.1 build v11.0.1rc0 (win64 - Windows 10.0 (19045.2))

CPU model: 11th Gen Intel(R) Core(TM) i7-1165G7 @ 2.80GHz, instruction set [SSE2|AVX|AVX2|AVX512]
Thread count: 4 physical cores, 8 logical processors, using up to 1 threads


Gurobi 11.0.1 (win64) logging started Tue Apr  9 08:02:01 2024

Set parameter LogFile to value "C:\Projetos\Job_Rotation_Algorithms\Outputs\GurobiLogs\gurobi_log-output-56_hes-c37-CostaMirallesModel-NoExtraConstraint-2.log"
Gurobi Optimizer version 11.0.1 build v11.0.1rc0 (win64 - Windows 10.0 (19045.2))

CPU model: 11th Gen Intel(R) Core(TM) i7-1165G7 @ 2.80GHz, instruction set [SSE2|AVX|AVX2|AVX512]
Thread count: 4 physical cores, 8 logical processors, using up to 1 threads


Gurobi 11.0.1 (win64) logging started Tue Apr  9 14:14:21 2024

Set parameter LogFile to value "C:\Projetos\Job_Rotation_Algorithms\Outputs\GurobiLogs\gurobi_log-output-56_hes-c37-CostaMirallesModel-NoExtraConstraint-2.log"
Gurobi Optimizer version 11.0.1 build v11.0.1rc0 (win64 - Windows 10.0 (19045.2))

CPU model: 11th Gen Intel(R) Core(TM) i7-1165G7 @ 2.80GHz, instruction set [SSE2|AVX|AVX2|AVX512]
Thread count: 4 physical cores, 8 logical processors, using up to 1 threads

WLS license 2390832 - registered to Bitka Analytics
Optimize a model with 922 rows, 2485 columns and 30961 nonzeros
Model fingerprint: 0x60410583
Variable types: 2 continuous, 2483 integer (2483 binary)
Coefficient statistics:
  Matrix range     [1e+00, 1e+02]
  Objective range  [1e+00, 1e+00]
  Bounds range     [1e+00, 7e+01]
  RHS range        [1e+00, 7e+01]
Presolve removed 303 rows and 873 columns
Presolve time: 0.18s
Presolved: 619 rows, 1612 columns, 12957 nonzeros
Variable types: 0 continuous, 1612 integer (1611 binary)

Root relaxation: objective 5.600000e+01, 450 iterations, 0.00 seconds (0.00 work units)

    Nodes    |    Current Node    |     Objective Bounds      |     Work
 Expl Unexpl |  Obj  Depth IntInf | Incumbent    BestBd   Gap | It/Node Time

     0     0   56.00000    0   52          -   56.00000      -     -    0s
     0     0   56.00000    0   70          -   56.00000      -     -    0s
     0     0   56.00000    0  188          -   56.00000      -     -    0s
     0     0   56.00000    0  169          -   56.00000      -     -    0s
     0     0   56.00000    0  147          -   56.00000      -     -    0s
     0     0   56.00000    0   46          -   56.00000      -     -    0s
     0     0   56.00000    0   49          -   56.00000      -     -    0s
     0     0   56.00000    0   60          -   56.00000      -     -    0s
     0     0   56.00000    0   63          -   56.00000      -     -    0s
     0     0   56.00000    0   62          -   56.00000      -     -    0s
     0     0   56.00000    0   72          -   56.00000      -     -    0s
     0     0   56.00000    0   57          -   56.00000      -     -    0s
     0     0   56.00000    0   57          -   56.00000      -     -    0s
     0     0   56.00000    0   87          -   56.00000      -     -    0s
     0     0   56.00000    0   90          -   56.00000      -     -    0s
     0     0   56.00000    0   71          -   56.00000      -     -    0s
     0     2   56.00000    0   67          -   56.00000      -     -    0s
*  315   139              46      49.0000000   56.00000  14.3%  47.3    1s
*  463   182              33      50.0000000   56.00000  12.0%  50.4    2s
H  558   201                      51.0000000   56.00000  9.80%  53.8    2s
   897   317   55.73333   16   71   51.00000   56.00000  9.80%  64.5    5s
  1045   324   56.00000   12  120   51.00000   56.00000  9.80%  98.6   10s
  1389   325   52.37440   28   57   51.00000   56.00000  9.80%   125   15s
H 1567   269                      52.0000000   56.00000  7.69%   133   17s
  1707   248   56.00000   18  146   52.00000   56.00000  7.69%   139   20s
  1916   275   56.00000   26  137   52.00000   56.00000  7.69%   147   25s
  2120   313   53.00000   30   72   52.00000   56.00000  7.69%   155   30s
  2309   368   54.00000   31   77   52.00000   56.00000  7.69%   159   35s
  2491   402   56.00000   21  127   52.00000   56.00000  7.69%   161   40s
  2904   461   54.00000   28  109   52.00000   56.00000  7.69%   166   45s
  3231   536   53.00000   34   54   52.00000   56.00000  7.69%   167   50s
  3532   633   54.79803   30  163   52.00000   56.00000  7.69%   168   55s
  3835   723   53.79487   37  128   52.00000   56.00000  7.69%   172   60s
  4303   802   54.00000   29   67   52.00000   56.00000  7.69%   169   65s
  4646   890   55.87063   21  166   52.00000   56.00000  7.69%   169   70s
  4910   940   55.95309   24  134   52.00000   56.00000  7.69%   171   75s
  5184   999   55.89137   22  177   52.00000   56.00000  7.69%   173   80s
  5346  1026   55.59940   35  158   52.00000   56.00000  7.69%   173   85s
  5723  1090   56.00000   29  110   52.00000   56.00000  7.69%   173   90s
  5932  1125   55.00000   37  123   52.00000   56.00000  7.69%   174   95s
  6242  1165   56.00000   24  126   52.00000   56.00000  7.69%   177  101s
  6404  1191   54.90909   28  102   52.00000   56.00000  7.69%   177  105s
  6745  1226   55.95367   31  155   52.00000   56.00000  7.69%   180  110s
  7166  1324     cutoff   36        52.00000   56.00000  7.69%   182  115s
  7417  1347   54.09778   34  170   52.00000   56.00000  7.69%   184  120s
  7842  1412   54.15097   28  110   52.00000   56.00000  7.69%   183  125s
  8161  1459   55.99111   28  144   52.00000   56.00000  7.69%   183  130s
  8310  1486   56.00000   37  134   52.00000   56.00000  7.69%   185  135s
  8848  1562   55.97273   20  115   52.00000   56.00000  7.69%   185  140s
  9128  1638   55.78186   24  129   52.00000   56.00000  7.69%   185  145s
  9533  1694   54.00000   33   80   52.00000   56.00000  7.69%   185  150s
  9815  1765   53.91667   38   94   52.00000   56.00000  7.69%   185  155s
 10203  1865   54.78860   35   71   52.00000   56.00000  7.69%   185  167s
 10233  1879   56.00000   32  118   52.00000   56.00000  7.69%   186  170s
 10493  1897   53.40022   40  133   52.00000   56.00000  7.69%   188  175s
 10822  1857   56.00000   39  104   52.00000   56.00000  7.69%   186  181s
 11031  1829   53.00000   32   95   52.00000   56.00000  7.69%   186  185s
 11202  1826   53.00000   42   74   52.00000   56.00000  7.69%   185  190s
 11293  1815   53.00000   41   99   52.00000   56.00000  7.69%   185  195s
 11607  1754   53.99418   39  163   52.00000   56.00000  7.69%   184  200s
 12032  1705   56.00000   40  116   52.00000   56.00000  7.69%   182  205s
 12457  1664   54.93192   38  129   52.00000   56.00000  7.69%   181  210s
 12862  1609   54.00000   42   98   52.00000   56.00000  7.69%   178  215s
 13261  1569   54.96740   48  146   52.00000   56.00000  7.69%   177  220s
 13751  1523   54.00000   39   94   52.00000   56.00000  7.69%   175  225s
 14022  1536   55.99043   39  166   52.00000   56.00000  7.69%   174  230s
 14209  1525   56.00000   36   73   52.00000   56.00000  7.69%   174  236s
 14435  1498   56.00000   39  140   52.00000   56.00000  7.69%   175  240s
 14925  1428   54.97261   35  182   52.00000   56.00000  7.69%   174  245s
 15254  1387   56.00000   38  108   52.00000   56.00000  7.69%   174  250s
 15303  1382   55.00000   36   63   52.00000   56.00000  7.69%   174  261s
 15598  1364   54.91190   35  154   52.00000   56.00000  7.69%   173  265s
 15797  1332   55.00000   43   85   52.00000   56.00000  7.69%   173  270s
 16104  1382   53.82890   41   84   52.00000   56.00000  7.69%   173  276s
 16457  1468   55.35126   43  144   52.00000   56.00000  7.69%   173  280s
 16803  1547   54.16662   33  104   52.00000   56.00000  7.69%   173  285s
 17088  1634   55.00000   39  142   52.00000   56.00000  7.69%   173  290s
 17335  1679   56.00000   35  143   52.00000   56.00000  7.69%   173  295s
 17716  1781   56.00000   46  139   52.00000   56.00000  7.69%   174  300s
 17941  1846   53.00000   46   63   52.00000   56.00000  7.69%   174  305s
 18341  1955   54.00000   40  109   52.00000   56.00000  7.69%   173  311s
 18855  2073   55.91532   42  171   52.00000   56.00000  7.69%   171  315s
 19562  2203   56.00000   36  124   52.00000   56.00000  7.69%   169  320s
 20184  2331   55.98971   43  166   52.00000   56.00000  7.69%   168  325s
 20754  2456 infeasible   44        52.00000   56.00000  7.69%   167  330s
 20874  2468   56.00000   42  133   52.00000   56.00000  7.69%   167  335s
 21318  2547   54.35420   33  143   52.00000   56.00000  7.69%   166  340s
 21681  2650   56.00000   41  146   52.00000   56.00000  7.69%   167  345s
 22047  2738   54.66482   37  151   52.00000   56.00000  7.69%   167  350s
 22242  2786   56.00000   40  132   52.00000   56.00000  7.69%   167  355s
 22657  2888   55.00000   42  155   52.00000   56.00000  7.69%   167  361s
 22997  2920   54.95739   43  121   52.00000   56.00000  7.69%   167  365s
 23406  2965   53.93750   43  115   52.00000   56.00000  7.69%   167  370s
 23814  3037   54.01438   45  165   52.00000   56.00000  7.69%   167  375s
 24128  3091   55.00000   37   97   52.00000   56.00000  7.69%   167  380s
 24706  3185   55.00000   34  102   52.00000   55.98619  7.67%   167  385s
 25152  3285   53.90697   39  130   52.00000   55.96113  7.62%   166  390s
 25901  3452   55.00000   42   89   52.00000   55.92708  7.55%   164  395s
 26590  3544     cutoff   44        52.00000   55.87613  7.45%   164  400s
 27419  3578   55.00000   42  120   52.00000   55.66773  7.05%   162  405s
 28157  3598     cutoff   40        52.00000   55.41569  6.57%   161  410s
 29026  3638   55.00000   49  107   52.00000   55.00000  5.77%   159  415s
 30183  3773     cutoff   45        52.00000   55.00000  5.77%   157  420s
 31154  3903   55.00000   47  100   52.00000   55.00000  5.77%   155  425s
 32297  4032   53.10983   49  129   52.00000   55.00000  5.77%   152  430s
 33199  4125   54.00000   36  104   52.00000   55.00000  5.77%   151  435s
 34288  4263   54.98686   42  128   52.00000   55.00000  5.77%   149  440s
 35163  4360   54.46980   36   67   52.00000   55.00000  5.77%   148  445s
 36130  4482     cutoff   50        52.00000   55.00000  5.77%   147  450s
 37055  4563   54.00000   34   66   52.00000   55.00000  5.77%   146  455s
 38015  4663   54.96035   46  138   52.00000   55.00000  5.77%   145  460s
 39042  4768     cutoff   46        52.00000   55.00000  5.77%   143  465s
 39832  4841   53.16029   51   83   52.00000   55.00000  5.77%   143  470s
 40684  4942 infeasible   46        52.00000   55.00000  5.77%   142  475s
 41504  5015   53.87835   41  149   52.00000   55.00000  5.77%   142  480s
 42361  5099 infeasible   34        52.00000   55.00000  5.77%   141  485s
 43311  5157   54.00000   45   56   52.00000   55.00000  5.77%   140  490s
 44180  5226   53.83735   45  144   52.00000   55.00000  5.77%   140  495s
 44957  5303   53.82168   46   97   52.00000   55.00000  5.77%   139  500s
 45909  5442     cutoff   37        52.00000   55.00000  5.77%   139  505s
 46560  5480   54.00000   40  102   52.00000   55.00000  5.77%   139  510s
 47345  5524     cutoff   35        52.00000   55.00000  5.77%   139  515s
 48149  5562   54.64625   52   99   52.00000   55.00000  5.77%   138  520s
 48876  5600 infeasible   41        52.00000   55.00000  5.77%   138  525s
 49593  5676     cutoff   47        52.00000   55.00000  5.77%   138  530s
 50261  5775   54.00000   44  109   52.00000   55.00000  5.77%   138  535s
 50862  5805 infeasible   42        52.00000   55.00000  5.77%   138  540s
 51523  5872 infeasible   54        52.00000   55.00000  5.77%   138  545s
 52400  5939 infeasible   52        52.00000   54.99653  5.76%   137  550s
 53197  5938   53.00000   39   92   52.00000   54.98005  5.73%   137  555s
 54142  5942   53.99460   32  115   52.00000   54.94938  5.67%   136  560s
 55079  5917   53.85961   42  150   52.00000   54.90909  5.59%   136  565s
 56085  5866   53.94955   39   94   52.00000   54.85917  5.50%   135  570s
 57304  5785     cutoff   40        52.00000   54.73384  5.26%   134  575s
 58637  5659   54.00000   41  103   52.00000   54.56204  4.93%   133  580s
 59863  5503   53.97759   36  144   52.00000   54.34737  4.51%   132  585s
 61254  5328   53.82026   42   93   52.00000   54.07439  3.99%   131  590s
 63146  5168   53.89241   49   81   52.00000   54.00000  3.85%   129  595s
*63376  3286              52      53.0000000   54.00000  1.89%   129  595s
 64964  2633     cutoff   48        53.00000   54.00000  1.89%   128  600s
 66477  2033   54.00000   50   91   53.00000   54.00000  1.89%   127  605s
 67920  1550   54.00000   49  106   53.00000   54.00000  1.89%   126  610s
 69254  1107     cutoff   45        53.00000   54.00000  1.89%   126  615s
 70473   763   54.00000   50   92   53.00000   54.00000  1.89%   125  620s
 71683   430     cutoff   55        53.00000   54.00000  1.89%   124  625s
 72744   193   54.00000   51  111   53.00000   54.00000  1.89%   124  630s

Cutting planes:
  Cover: 48
  Implied bound: 1
  Clique: 15
  MIR: 17
  StrongCG: 4
  Flow cover: 25
  GUB cover: 5
  Zero half: 1
  RLT: 2

Explored 73561 nodes (9127403 simplex iterations) in 634.04 seconds (541.52 work units)
Thread count was 1 (of 8 available processors)

Solution count 5: 53 52 51 ... 49

Optimal solution found (tolerance 1.00e-03)
Best objective 5.300000000000e+01, best bound 5.300000000000e+01, gap 0.0000%
