
Gurobi 11.0.1 (win64) logging started Thu Mar 14 08:01:50 2024

Set parameter LogFile to value "C:\Projetos\Job_Rotation_Algorithms\Outputs\GurobiLogs\gurobi_log-output-21_wee-c50-CostaMirallesModel-NoExtraConstraint-2.log"
Gurobi Optimizer version 11.0.1 build v11.0.1rc0 (win64 - Windows 10.0 (19045.2))

CPU model: 11th Gen Intel(R) Core(TM) i7-1165G7 @ 2.80GHz, instruction set [SSE2|AVX|AVX2|AVX512]
Thread count: 4 physical cores, 8 logical processors, using up to 1 threads


Gurobi 11.0.1 (win64) logging started Fri Mar 15 00:39:17 2024

Set parameter LogFile to value "C:\Projetos\Job_Rotation_Algorithms\Outputs\GurobiLogs\gurobi_log-output-21_wee-c50-CostaMirallesModel-NoExtraConstraint-2.log"
Gurobi Optimizer version 11.0.1 build v11.0.1rc0 (win64 - Windows 10.0 (19045.2))

CPU model: 11th Gen Intel(R) Core(TM) i7-1165G7 @ 2.80GHz, instruction set [SSE2|AVX|AVX2|AVX512]
Thread count: 4 physical cores, 8 logical processors, using up to 1 threads


Gurobi 11.0.1 (win64) logging started Tue Mar 19 09:18:03 2024

Set parameter LogFile to value "C:\Projetos\Job_Rotation_Algorithms\Outputs\GurobiLogs\gurobi_log-output-21_wee-c50-CostaMirallesModel-NoExtraConstraint-2.log"
Gurobi Optimizer version 11.0.1 build v11.0.1rc0 (win64 - Windows 10.0 (19045.2))

CPU model: 11th Gen Intel(R) Core(TM) i7-1165G7 @ 2.80GHz, instruction set [SSE2|AVX|AVX2|AVX512]
Thread count: 4 physical cores, 8 logical processors, using up to 1 threads


Gurobi 11.0.1 (win64) logging started Mon Apr  1 12:35:41 2024

Set parameter LogFile to value "C:\Projetos\Job_Rotation_Algorithms\Outputs\GurobiLogs\gurobi_log-output-21_wee-c50-CostaMirallesModel-NoExtraConstraint-2.log"
Gurobi Optimizer version 11.0.1 build v11.0.1rc0 (win64 - Windows 10.0 (19045.2))

CPU model: 11th Gen Intel(R) Core(TM) i7-1165G7 @ 2.80GHz, instruction set [SSE2|AVX|AVX2|AVX512]
Thread count: 4 physical cores, 8 logical processors, using up to 1 threads


Gurobi 11.0.1 (win64) logging started Mon Apr  1 18:28:49 2024

Set parameter LogFile to value "C:\Projetos\Job_Rotation_Algorithms\Outputs\GurobiLogs\gurobi_log-output-21_wee-c50-CostaMirallesModel-NoExtraConstraint-2.log"
Gurobi Optimizer version 11.0.1 build v11.0.1rc0 (win64 - Windows 10.0 (19045.2))

CPU model: 11th Gen Intel(R) Core(TM) i7-1165G7 @ 2.80GHz, instruction set [SSE2|AVX|AVX2|AVX512]
Thread count: 4 physical cores, 8 logical processors, using up to 1 threads

WLS license 901039 - registered to Bitka Analytics
Optimize a model with 3176 rows, 17149 columns and 270765 nonzeros
Model fingerprint: 0x084f6a56
Variable types: 2 continuous, 17147 integer (17147 binary)
Coefficient statistics:
  Matrix range     [1e+00, 8e+01]
  Objective range  [1e+00, 1e+00]
  Bounds range     [1e+00, 1e+02]
  RHS range        [1e+00, 1e+02]
Presolve added 917 rows and 446 columns
Presolve time: 0.88s
Presolved: 4093 rows, 17595 columns, 122602 nonzeros
Variable types: 0 continuous, 17595 integer (16924 binary)

Root relaxation: objective 1.500000e+02, 4265 iterations, 0.26 seconds (0.32 work units)

    Nodes    |    Current Node    |     Objective Bounds      |     Work
 Expl Unexpl |  Obj  Depth IntInf | Incumbent    BestBd   Gap | It/Node Time

     0     0  150.00000    0  112          -  150.00000      -     -    1s
     0     0  150.00000    0  120          -  150.00000      -     -    1s
     0     0  150.00000    0  120          -  150.00000      -     -    1s
     0     0  150.00000    0  108          -  150.00000      -     -    4s
     0     0  150.00000    0  867          -  150.00000      -     -    5s
     0     0  150.00000    0  732          -  150.00000      -     -    5s
     0     0  150.00000    0  134          -  150.00000      -     -    7s
     0     0  150.00000    0  218          -  150.00000      -     -    7s
     0     0  150.00000    0  127          -  150.00000      -     -    8s
     0     0  150.00000    0  347          -  150.00000      -     -    8s
     0     0  150.00000    0  139          -  150.00000      -     -    9s
     0     0  150.00000    0  139          -  150.00000      -     -    9s
     0     2  150.00000    0  136          -  150.00000      -     -   11s
   106   108  150.00000   65  268          -  150.00000      -   146   15s
   246   229  150.00000  103  365          -  150.00000      -   177   20s
   508   360  150.00000   80  151          -  150.00000      -   151   25s
   637   440  150.00000  144  120          -  150.00000      -   145   36s
   642   443  150.00000   74  125          -  150.00000      -   144   41s
   647   447  150.00000   83  476          -  150.00000      -   143   45s
   652   450  150.00000   69  124          -  150.00000      -   142   51s
   658   456  150.00000   16  154          -  150.00000      -   325   57s
   749   508  150.00000   63  211          -  150.00000      -   313   60s
   801   531  150.00000   26  215          -  150.00000      -   310   65s
   870   567  150.00000   48  260          -  150.00000      -   312   70s
   914   579  150.00000   53  172          -  150.00000      -   324   75s
   954   573  150.00000   63  413          -  150.00000      -   342   80s
   993   556 infeasible   64               -  150.00000      -   350   85s
  1038   550  150.00000   62  344          -  150.00000      -   361   90s
  1178   615  150.00000   61  252          -  150.00000      -   334   95s
  1264   668 infeasible  103               -  150.00000      -   334  100s
  1332   682 infeasible   91               -  150.00000      -   334  105s
  1442   711 infeasible  134               -  150.00000      -   326  110s
  1518   734  150.00000   93  208          -  150.00000      -   326  115s
  1559   746 infeasible  115               -  150.00000      -   334  120s
  1649   750 infeasible   93               -  150.00000      -   330  125s
  1728   782  150.00000   89  350          -  150.00000      -   330  130s
  1800   802  150.00000   88  386          -  150.00000      -   330  135s
  1865   822  150.00000   75  423          -  150.00000      -   331  140s
  2012   873  150.00000   78  210          -  150.00000      -   319  145s
  2133   937  150.00000   93  195          -  150.00000      -   315  150s
  2186   962 infeasible  117               -  150.00000      -   317  155s
  2219   977  150.00000   92  184          -  150.00000      -   314  163s
  2225   981  150.00000   94  323          -  150.00000      -   314  165s
  2256   984  150.00000   84  161          -  150.00000      -   316  170s
  2277  1001  150.00000   93  209          -  150.00000      -   320  175s
  2369  1075  150.00000  111  526          -  150.00000      -   320  180s
  2450  1120  150.00000  102  246          -  150.00000      -   319  185s
  2518  1158  150.00000   93  200          -  150.00000      -   322  190s
  2575  1198  150.00000   98  503          -  150.00000      -   323  195s
  2631  1225 infeasible  117               -  150.00000      -   324  200s
  2725  1269  150.00000  103  183          -  150.00000      -   322  205s
  2790  1303  150.00000   87  309          -  150.00000      -   323  210s
  2857  1324  150.00000   91  310          -  150.00000      -   325  215s
  2914  1327 infeasible   98               -  150.00000      -   326  220s
  2960  1328 infeasible  103               -  150.00000      -   328  225s
  3048  1319 infeasible   93               -  150.00000      -   325  230s
  3103  1337  150.00000   98  357          -  150.00000      -   326  235s
  3145  1333  150.00000   96  216          -  150.00000      -   330  240s
  3204  1341 infeasible  102               -  150.00000      -   333  245s
  3262  1333  150.00000  100  258          -  150.00000      -   334  250s
  3302  1329 infeasible  101               -  150.00000      -   338  255s
  3357  1340 infeasible  103               -  150.00000      -   342  260s
  3405  1334  149.44359  101  431          -  150.00000      -   344  265s
  3470  1329 infeasible  101               -  150.00000      -   346  270s
  3523  1328 infeasible   99               -  150.00000      -   348  275s
  3566  1333  150.00000   99  425          -  150.00000      -   351  280s
  3593  1342  150.00000  103  251          -  150.00000      -   358  285s
  3623  1350  150.00000  113  320          -  150.00000      -   361  290s
  3688  1349 infeasible  113               -  150.00000      -   359  295s
  3749  1375  150.00000   63  177          -  150.00000      -   359  300s
  3818  1431  150.00000   74  151          -  150.00000      -   359  305s
  3865  1459  150.00000   84  510          -  150.00000      -   360  310s
  3914  1482  150.00000   98  373          -  150.00000      -   360  315s
  3954  1496 infeasible  111               -  150.00000      -   362  320s
  4018  1521 infeasible   93               -  150.00000      -   362  325s
  4097  1500 infeasible   83               -  150.00000      -   362  330s
  4145  1523  150.00000   99  438          -  150.00000      -   363  335s
  4209  1553  150.00000  100  381          -  150.00000      -   364  340s
  4285  1598 infeasible   99               -  150.00000      -   362  345s
  4342  1623  150.00000  112  367          -  150.00000      -   362  356s
  4352  1623 infeasible  114               -  150.00000      -   366  360s
  4373  1620 infeasible  115               -  150.00000      -   368  365s
  4398  1625 infeasible  123               -  150.00000      -   369  370s
  4414  1623  150.00000  119  386          -  150.00000      -   371  375s
  4472  1627  150.00000  121  398          -  150.00000      -   370  380s
  4508  1619 infeasible  121               -  150.00000      -   372  385s
  4552  1625  148.05024  118  366          -  150.00000      -   374  390s
  4616  1628 infeasible  123               -  150.00000      -   373  395s
  4726  1681 infeasible  104               -  150.00000      -   369  400s
  4814  1678 infeasible  109               -  150.00000      -   367  405s
  4910  1674 infeasible  103               -  150.00000      -   365  410s
  4965  1657  150.00000   99  378          -  150.00000      -   366  415s
  5044  1680 infeasible  121               -  150.00000      -   364  420s
  5101  1681  150.00000  111  371          -  150.00000      -   363  425s
  5164  1719  150.00000  108  416          -  150.00000      -   361  430s
  5242  1764  150.00000  113  211          -  150.00000      -   360  435s
  5309  1776 infeasible  128               -  150.00000      -   360  440s
  5384  1789  150.00000   42  165          -  150.00000      -   360  445s
  5573  1861  150.00000   57  273          -  150.00000      -   350  450s
  5672  1906 infeasible  101               -  150.00000      -   348  455s
  5765  1951  150.00000   93  172          -  150.00000      -   347  460s
  5814  1979 infeasible   95               -  150.00000      -   348  465s
  5887  2014  150.00000   89  290          -  150.00000      -   347  470s
  5960  2054  150.00000   87  493          -  150.00000      -   347  475s
  6007  2093  150.00000  113  235          -  150.00000      -   349  480s
  6143  2163 infeasible  103               -  150.00000      -   345  485s
  6232  2208 infeasible   99               -  150.00000      -   344  490s
  6273  2229  148.95700  114  577          -  150.00000      -   344  495s
  6354  2255  150.00000   82  598          -  150.00000      -   341  500s
  6376  2254 infeasible   87               -  150.00000      -   343  505s
  6388  2257  150.00000   86  492          -  150.00000      -   345  510s
  6412  2272  150.00000   94  367          -  150.00000      -   347  515s
  6512  2319  150.00000   89  380          -  150.00000      -   344  520s
  6549  2327 infeasible   93               -  150.00000      -   344  525s
  6588  2339 infeasible  102               -  150.00000      -   344  530s
  6637  2341 infeasible   95               -  150.00000      -   344  535s
  6671  2340 infeasible   93               -  150.00000      -   344  540s
  6715  2353 infeasible   99               -  150.00000      -   344  545s
  6746  2362 infeasible  104               -  150.00000      -   345  550s
  6769  2353  150.00000  103  257          -  150.00000      -   347  555s
  6816  2374 infeasible  113               -  150.00000      -   347  560s
  6858  2387  150.00000   81  247          -  150.00000      -   348  565s
  6896  2392  150.00000   89  342          -  150.00000      -   348  582s
  6899  2395  150.00000   91  368          -  150.00000      -   348  585s
  6909  2395 infeasible   95               -  150.00000      -   349  590s
  6920  2396  148.79223   87  629          -  150.00000      -   350  595s
  6937  2399 infeasible  101               -  150.00000      -   351  600s
  6954  2406  150.00000  107  358          -  150.00000      -   351  605s
  6973  2407  150.00000   93  207          -  150.00000      -   352  610s
  6991  2399 infeasible  105               -  150.00000      -   353  615s
  7019  2393 infeasible   97               -  150.00000      -   353  620s
  7056  2400 infeasible  103               -  150.00000      -   353  625s
  7081  2397 infeasible  103               -  150.00000      -   355  630s
  7105  2401 infeasible  102               -  150.00000      -   355  635s
  7149  2416 infeasible   93               -  150.00000      -   358  641s
  7160  2411  150.00000   89  303          -  150.00000      -   359  645s
  7205  2432  150.00000   97  448          -  150.00000      -   359  650s
  7233  2426 infeasible  102               -  150.00000      -   359  655s
  7274  2435  150.00000   98  140          -  150.00000      -   359  660s
  7340  2449 infeasible  112               -  150.00000      -   358  665s
  7380  2451 infeasible  109               -  150.00000      -   359  670s
  7408  2451  150.00000  114  218          -  150.00000      -   359  675s
  7478  2492 infeasible  110               -  150.00000      -   358  680s
  7576  2542 infeasible  114               -  150.00000      -   356  685s
  7641  2547  150.00000   83  166          -  150.00000      -   356  690s
  7733  2575  150.00000   97  341          -  150.00000      -   354  695s
  7782  2587  150.00000  106  275          -  150.00000      -   353  700s
  7807  2580  150.00000  102  387          -  150.00000      -   354  705s
  7875  2576 infeasible  102               -  150.00000      -   354  710s
  7906  2579  150.00000  108  274          -  150.00000      -   355  715s
  7998  2626 infeasible  123               -  150.00000      -   353  720s
  8109  2638  143.18211  118  440          -  150.00000      -   349  725s
  8161  2638 infeasible  113               -  150.00000      -   349  730s
  8192  2645  150.00000  113  328          -  150.00000      -   351  735s
  8224  2643 infeasible  116               -  150.00000      -   351  740s
  8260  2627 infeasible  105               -  150.00000      -   351  745s
  8363  2621  150.00000  118  240          -  150.00000      -   349  750s
  8423  2623  147.80403  107  454          -  150.00000      -   348  755s
  8470  2614  150.00000  100  341          -  150.00000      -   348  760s
  8514  2618 infeasible   97               -  150.00000      -   348  765s
  8562  2628 infeasible  113               -  150.00000      -   348  770s
  8599  2625  150.00000  103  148          -  150.00000      -   349  775s
  8647  2650 infeasible  109               -  150.00000      -   349  780s
  8679  2651 infeasible   98               -  150.00000      -   350  785s
  8700  2656 infeasible  103               -  150.00000      -   351  790s
  8727  2647 infeasible   98               -  150.00000      -   352  795s
  8767  2666  150.00000  103  181          -  150.00000      -   352  800s
  8809  2674 infeasible  113               -  150.00000      -   353  805s
  8845  2668 infeasible  111               -  150.00000      -   354  810s
  8930  2681 infeasible  103               -  150.00000      -   353  815s
  8951  2678 infeasible  101               -  150.00000      -   353  820s
  8980  2681 infeasible  103               -  150.00000      -   355  825s
  9003  2682  150.00000  103  212          -  150.00000      -   355  830s
  9019  2680 infeasible  103               -  150.00000      -   357  835s
  9060  2687 infeasible  102               -  150.00000      -   358  840s
  9131  2718 infeasible   81               -  150.00000      -   358  845s
  9243  2751 infeasible   93               -  150.00000      -   356  850s
  9343  2811  150.00000   57  502          -  150.00000      -   354  855s
  9462  2885  148.00000   72  315          -  150.00000      -   352  860s
  9596  2970  150.00000   49  294          -  150.00000      -   349  865s
  9747  3095  150.00000   54  343          -  150.00000      -   346  870s
  9859  3147  150.00000   60  160          -  150.00000      -   344  875s
 10008  3241  150.00000   52  317          -  150.00000      -   341  880s
 10116  3299  150.00000   88  398          -  150.00000      -   339  885s
 10202  3313 infeasible   62               -  150.00000      -   338 1040s
 10357  3395 infeasible   83               -  150.00000      -   335 1045s
 10494  3490  150.00000   57  278          -  150.00000      -   332 1050s
 10619  3571  150.00000   62  229          -  150.00000      -   330 1055s
 10754  3658  150.00000   72  210          -  150.00000      -   329 1060s
 10842  3682  150.00000   54  136          -  150.00000      -   327 1065s
 10928  3738  150.00000   59  266          -  150.00000      -   327 1070s
 11060  3805  150.00000   79  430          -  150.00000      -   324 1075s
 11217  3846 infeasible   53               -  150.00000      -   322 1080s
 11396  3952  150.00000   58  205          -  150.00000      -   318 1085s
 11528  3983 infeasible   83               -  150.00000      -   317 1090s
 11640  3996 infeasible   87               -  150.00000      -   316 1095s
 11748  4000  150.00000   73  194          -  150.00000      -   314 1108s
 11759  3989 infeasible   83               -  150.00000      -   314 1110s
 11798  3978  150.00000   79  254          -  150.00000      -   314 1115s
 11827  3983  150.00000   80  255          -  150.00000      -   314 1120s
 11894  3999 infeasible  101               -  150.00000      -   314 1125s
 11995  3992 infeasible   93               -  150.00000      -   313 1130s
 12250  3998 infeasible  105               -  150.00000      -   309 1135s
 12372  3977 infeasible   83               -  150.00000      -   307 1140s
 12451  3994  150.00000   81  403          -  150.00000      -   307 1145s
 12590  3991  149.83333   85  243          -  150.00000      -   305 1150s
 12696  4008  150.00000  100  258          -  150.00000      -   305 1155s
 12833  4016  150.00000  104  274          -  150.00000      -   303 1160s
 12949  3991 infeasible   79               -  150.00000      -   302 1165s
 13014  3991 infeasible   83               -  150.00000      -   302 1170s
 13168  3998  150.00000  103  187          -  150.00000      -   300 1175s
 13276  4042  150.00000  102  240          -  150.00000      -   299 1180s
 13328  4054 infeasible  103               -  150.00000      -   300 1185s
 13407  4060 infeasible  110               -  150.00000      -   300 1190s
 13481  4088  150.00000  103  208          -  150.00000      -   301 1195s
 13576  4109 infeasible  113               -  150.00000      -   300 1200s
 13668  4101 infeasible  106               -  150.00000      -   300 1205s
 13801  4106 infeasible  113               -  150.00000      -   299 1210s
 13871  4100 infeasible  113               -  150.00000      -   299 1215s
 13931  4107 infeasible  109               -  150.00000      -   299 1220s
 14047  4127  150.00000  100  370          -  150.00000      -   298 1225s
 14112  4133  150.00000  113  236          -  150.00000      -   299 1230s
 14185  4124 infeasible  101               -  150.00000      -   299 1235s
 14340  4119 infeasible  132               -  150.00000      -   297 1240s
 14466  4109 infeasible  128               -  150.00000      -   296 1245s
 14645  4117 infeasible  136               -  150.00000      -   294 1250s
 14778  4112 infeasible  123               -  150.00000      -   293 1255s
 15010  4098  150.00000  111  173          -  150.00000      -   290 1260s
 15208  4123 infeasible  128               -  150.00000      -   288 1265s
 15314  4127 infeasible  132               -  150.00000      -   287 1270s
 15566  4149  150.00000  107  133          -  150.00000      -   283 1275s
 15713  4158 infeasible  118               -  150.00000      -   282 1280s
 15849  4166 infeasible  128               -  150.00000      -   282 1285s
 16026  4173 infeasible  131               -  150.00000      -   280 1290s
 16199  4180 infeasible  139               -  150.00000      -   278 1295s
 16326  4163 infeasible  128               -  150.00000      -   278 1300s
 16504  4159 infeasible  123               -  150.00000      -   276 1305s
 16711  4162 infeasible  129               -  150.00000      -   274 1310s
 16985  4163 infeasible  120               -  150.00000      -   271 1315s
 17134  4154 infeasible  112               -  150.00000      -   270 1320s
 17227  4171 infeasible  141               -  150.00000      -   270 1325s
 17304  4145 infeasible  109               -  150.00000      -   270 1330s
 17424  4166  150.00000  114  368          -  150.00000      -   270 1335s
 17556  4180 infeasible  128               -  150.00000      -   269 1340s
 17699  4181 infeasible  130               -  150.00000      -   268 1345s
 17811  4184 infeasible  117               -  150.00000      -   268 1350s
 17988  4190 infeasible  131               -  150.00000      -   266 1355s
 18111  4197 infeasible  113               -  150.00000      -   266 1360s
 18182  4200 infeasible  114               -  150.00000      -   266 1365s
 18275  4218  150.00000  114  309          -  150.00000      -   266 1374s
 18277  4216 infeasible  113               -  150.00000      -   266 1375s
 18302  4213  150.00000  106  409          -  150.00000      -   266 1380s
 18331  4206  150.00000  105  407          -  150.00000      -   267 1385s
 18394  4207  150.00000  122  311          -  150.00000      -   267 1390s
 18436  4197  150.00000  104  356          -  150.00000      -   267 1395s
 18497  4221  145.38633  125  411          -  150.00000      -   268 1400s
 18581  4233  150.00000  101  274          -  150.00000      -   267 1405s
 18617  4220 infeasible  101               -  150.00000      -   268 1410s
 18682  4227  150.00000  100  435          -  150.00000      -   269 1415s
 18713  4226 infeasible  103               -  150.00000      -   269 1420s
 18736  4223  150.00000  100  472          -  150.00000      -   270 1425s
 18765  4224  150.00000   97  551          -  150.00000      -   271 1430s
 18799  4228 infeasible  112               -  150.00000      -   271 1435s
 18832  4227  147.00883  110  514          -  150.00000      -   272 1440s
 18864  4218  150.00000  103  236          -  150.00000      -   273 1445s
 18913  4219 infeasible  111               -  150.00000      -   273 1450s
 18945  4221 infeasible  111               -  150.00000      -   274 1455s
 19017  4226 infeasible  113               -  150.00000      -   274 1460s
 19078  4222 infeasible  108               -  150.00000      -   274 1465s
 19177  4238  150.00000  117  375          -  150.00000      -   274 1470s
 19237  4219  150.00000  107  317          -  150.00000      -   274 1475s
 19285  4214 infeasible  110               -  150.00000      -   274 1480s
 19343  4219 infeasible  108               -  150.00000      -   275 1485s
 19404  4216 infeasible  109               -  150.00000      -   275 1490s
 19469  4215  150.00000  108  365          -  150.00000      -   275 1495s
 19529  4212  150.00000  105  286          -  150.00000      -   276 1500s
 19608  4217 infeasible  116               -  150.00000      -   276 1505s
 19612  4219  150.00000  112  283          -  150.00000      -   276 1510s
 19635  4216 infeasible  116               -  150.00000      -   276 1515s
 19689  4213  150.00000  108  535          -  150.00000      -   276 1520s
 19722  4208  150.00000   99  335          -  150.00000      -   277 1525s
 19782  4226  150.00000  112  329          -  150.00000      -   277 1530s
 19861  4227 infeasible  109               -  150.00000      -   278 1535s
 19956  4226  150.00000  107  245          -  150.00000      -   278 1540s
 20010  4222  150.00000  103  165          -  150.00000      -   278 1545s
 20073  4224  150.00000  103  150          -  150.00000      -   279 1550s
 20153  4222 infeasible  113               -  150.00000      -   279 1555s
 20186  4203  150.00000   92  234          -  150.00000      -   279 1560s
 20236  4226  150.00000  104  342          -  150.00000      -   280 1565s
 20309  4247  150.00000  104  159          -  150.00000      -   280 1570s
 20353  4260 infeasible  103               -  150.00000      -   281 1575s
 20373  4264  150.00000   96  545          -  150.00000      -   281 1580s
 20425  4269  149.98403  100  529          -  150.00000      -   281 1585s
 20491  4261 infeasible   98               -  150.00000      -   281 1590s
 20520  4256 infeasible  103               -  150.00000      -   282 1595s
 20552  4252  150.00000  100  359          -  150.00000      -   283 1600s
 20627  4255 infeasible  103               -  150.00000      -   283 1605s
 20666  4252 infeasible   97               -  150.00000      -   283 1610s
 20704  4256  150.00000  103  207          -  150.00000      -   284 1615s
 20715  4251  150.00000   88  261          -  150.00000      -   284 1626s
 20736  4248  150.00000   86  340          -  150.00000      -   284 1630s
 20755  4247  150.00000   87  283          -  150.00000      -   285 1635s
 20806  4273 infeasible  104               -  150.00000      -   285 1640s
 20837  4275 infeasible  102               -  150.00000      -   286 1645s
 20867  4271 infeasible   87               -  150.00000      -   286 1650s
 20896  4278 infeasible   92               -  150.00000      -   287 1655s
 20920  4271 infeasible   88               -  150.00000      -   287 1660s
 20977  4284 infeasible  100               -  150.00000      -   288 1665s
 21026  4285 infeasible   99               -  150.00000      -   288 1670s
 21068  4283 infeasible  101               -  150.00000      -   289 1675s
 21107  4288 infeasible   94               -  150.00000      -   289 1680s
 21181  4292 infeasible  113               -  150.00000      -   289 1685s
 21244  4286  150.00000  102  321          -  150.00000      -   289 1690s
 21311  4273 infeasible   92               -  150.00000      -   290 1695s
 21337  4277 infeasible   94               -  150.00000      -   290 1700s
 21423  4312 infeasible   97               -  150.00000      -   290 1705s
 21493  4324 infeasible  113               -  150.00000      -   290 1710s
 21544  4309 infeasible   99               -  150.00000      -   291 1715s
 21594  4314 infeasible   93               -  150.00000      -   291 1720s
 21628  4304 infeasible   96               -  150.00000      -   291 1725s
 21681  4309 infeasible  103               -  150.00000      -   292 1730s
 21718  4302  150.00000   92  256          -  150.00000      -   292 1735s
 21762  4312 infeasible  107               -  150.00000      -   293 1740s
 21805  4298  150.00000   87  275          -  150.00000      -   293 1745s
 21842  4297 infeasible  110               -  150.00000      -   294 1750s
 21886  4285  150.00000   98  294          -  150.00000      -   294 1755s
 21928  4279 infeasible  100               -  150.00000      -   294 1760s
 22016  4297 infeasible   99               -  150.00000      -   294 1765s
 22136  4297  150.00000  103  139          -  150.00000      -   293 1770s
 22223  4279 infeasible  101               -  150.00000      -   293 1775s
 22271  4273 infeasible   93               -  150.00000      -   294 1780s
 22304  4289 infeasible  111               -  150.00000      -   294 1785s
 22348  4297 infeasible   98               -  150.00000      -   295 1790s
 22404  4291 infeasible   92               -  150.00000      -   295 1795s
 22448  4287 infeasible  113               -  150.00000      -   295 1800s
 22543  4312  150.00000  103  296          -  150.00000      -   295 1805s
 22611  4302 infeasible  102               -  150.00000      -   295 1810s
 22654  4295 infeasible  123               -  150.00000      -   295 1815s
 22720  4287 infeasible  117               -  150.00000      -   295 1820s
 22802  4291  150.00000  113  151          -  150.00000      -   295 1825s
 22810  4297  150.00000  118  286          -  150.00000      -   295 1833s
 22824  4283 infeasible  109               -  150.00000      -   295 1835s
 22839  4268 infeasible   87               -  150.00000      -   295 1840s
 22861  4274  150.00000   85  329          -  150.00000      -   296 1845s
 22883  4268 infeasible   89               -  150.00000      -   296 1850s
 22908  4261  150.00000   94  265          -  150.00000      -   296 1855s
 22954  4267  150.00000  104  150          -  150.00000      -   296 1860s
 23024  4259  147.11723   95  460          -  150.00000      -   296 1865s
 23073  4268  150.00000  100  253          -  150.00000      -   297 1870s
 23110  4265 infeasible   96               -  150.00000      -   297 1875s
 23144  4257 infeasible  100               -  150.00000      -   298 1880s
 23203  4260  150.00000   98  293          -  150.00000      -   298 1885s
 23261  4263 infeasible  101               -  150.00000      -   298 1890s
 23306  4260 infeasible  102               -  150.00000      -   298 1895s
 23357  4255 infeasible  101               -  150.00000      -   299 1900s
 23379  4251 infeasible   90               -  150.00000      -   299 1905s
 23417  4261  150.00000   88  500          -  150.00000      -   300 1910s
 23444  4264 infeasible  103               -  150.00000      -   300 1915s
 23467  4259 infeasible  102               -  150.00000      -   300 1920s
 23517  4253 infeasible   93               -  150.00000      -   301 1925s
 23552  4262  150.00000  102  419          -  150.00000      -   301 1930s
 23584  4269  150.00000   98  398          -  150.00000      -   301 1935s
 23623  4270 infeasible  102               -  150.00000      -   302 1940s
 23674  4284 infeasible  110               -  150.00000      -   302 1945s
 23737  4309  150.00000   49  182          -  150.00000      -   302 1950s
 23920  4417 infeasible   85               -  150.00000      -   300 1955s
 24082  4486  150.00000   86  294          -  150.00000      -   299 1960s
 24268  4503 infeasible  113               -  150.00000      -   298 1965s
 24413  4519 infeasible  101               -  150.00000      -   297 1970s
 24606  4512 infeasible  108               -  150.00000      -   295 1975s
 24761  4498 infeasible  112               -  150.00000      -   294 1980s
 24944  4507 infeasible  113               -  150.00000      -   293 1985s
 25149  4510 infeasible  110               -  150.00000      -   291 1990s
 25192  4509  150.00000  105  337          -  150.00000      -   291 1995s
 25323  4498 infeasible  120               -  150.00000      -   291 2000s
 25505  4492 infeasible   99               -  150.00000      -   289 2006s
 25642  4506 infeasible  110               -  150.00000      -   288 2010s
 25755  4511  150.00000   93  135          -  150.00000      -   288 2015s
 25787  4516  150.00000   98  415          -  150.00000      -   288 2020s
 25820  4519  142.94172  105  603          -  150.00000      -   289 2025s
 25919  4525 infeasible  113               -  150.00000      -   289 2030s
 26008  4522 infeasible  113               -  150.00000      -   289 2035s
 26068  4518 infeasible  109               -  150.00000      -   289 2040s
 26104  4514  150.00000  100  487          -  150.00000      -   289 2051s
 26117  4511  150.00000   95  297          -  150.00000      -   289 2055s
 26133  4513 infeasible  103               -  150.00000      -   289 2060s
 26162  4518  150.00000   97  449          -  150.00000      -   289 2065s
 26208  4516  150.00000   96  402          -  150.00000      -   290 2070s
 26291  4509  150.00000   93  219          -  150.00000      -   290 2076s
 26358  4495 infeasible  101               -  150.00000      -   290 2080s
 26507  4486 infeasible   98               -  150.00000      -   289 2085s
 26605  4502  150.00000  100  287          -  150.00000      -   289 2090s
 26678  4505 infeasible  106               -  150.00000      -   289 2095s
 26715  4494 infeasible  115               -  150.00000      -   290 2100s
 26775  4485 infeasible   95               -  150.00000      -   290 2105s
 26814  4507  149.45276  116  459          -  150.00000      -   291 2110s
 26870  4511 infeasible   98               -  150.00000      -   291 2115s
 26909  4507  150.00000   91  339          -  150.00000      -   291 2120s
 26935  4514  150.00000  103  333          -  150.00000      -   292 2125s
 26961  4519 infeasible   99               -  150.00000      -   292 2130s
 26992  4518  150.00000   97  373          -  150.00000      -   293 2135s
 27028  4514  150.00000  105  498          -  150.00000      -   293 2140s
 27058  4514  150.00000  105  380          -  150.00000      -   293 2145s
 27100  4526  150.00000   96  430          -  150.00000      -   294 2150s
 27147  4543  150.00000  103  258          -  150.00000      -   294 2155s
 27235  4566  150.00000   98  281          -  150.00000      -   294 2160s
 27318  4591 infeasible  112               -  150.00000      -   294 2165s
 27371  4595  150.00000  101  274          -  150.00000      -   294 2170s
 27408  4611  150.00000   98  580          -  150.00000      -   295 2175s
 27445  4611 infeasible   97               -  150.00000      -   295 2180s
 27470  4622  150.00000   99  495          -  150.00000      -   296 2185s
 27502  4620 infeasible   93               -  150.00000      -   296 2190s
 27611  4637  150.00000   98  297          -  150.00000      -   296 2195s
 27690  4650  150.00000   94  434          -  150.00000      -   296 2200s
 27735  4644  150.00000   93  220          -  150.00000      -   296 2205s
 27859  4627 infeasible   93               -  150.00000      -   295 2210s
 28037  4626 infeasible   88               -  150.00000      -   294 2215s
 28128  4641  150.00000   82  314          -  150.00000      -   294 2220s
 28179  4628 infeasible   93               -  150.00000      -   294 2225s
 28290  4647 infeasible  105               -  150.00000      -   293 2230s
 28331  4645 infeasible  103               -  150.00000      -   294 2235s
 28506  4670  150.00000   95  230          -  150.00000      -   293 2240s
 28642  4672 infeasible  103               -  150.00000      -   292 2245s
 28770  4662 infeasible   82               -  150.00000      -   291 2250s
 28885  4675 infeasible   93               -  150.00000      -   291 2255s
 29110  4694  150.00000  100  220          -  150.00000      -   289 2260s
 29172  4688 infeasible   95               -  150.00000      -   289 2265s
 29246  4729  144.09355  108  395          -  150.00000      -   289 2270s
 29391  4807  150.00000   93  127          -  150.00000      -   288 2275s
 29524  4881  150.00000   36  209          -  150.00000      -   288 2280s
 29601  4934  150.00000   89  240          -  150.00000      -   287 2294s
 29610  4939  150.00000   58  221          -  150.00000      -   287 2295s
 29638  4957 infeasible   77               -  150.00000      -   287 2300s
 29708  5004  150.00000   66  219          -  150.00000      -   287 2305s
 29836  5064  150.00000   89  204          -  150.00000      -   286 2310s
 29948  5134  150.00000   50  245          -  150.00000      -   286 2315s
 30140  5263  150.00000   58  162          -  150.00000      -   285 2320s
 30322  5376 infeasible   91               -  150.00000      -   284 2325s
 30410  5433  150.00000   85  168          -  150.00000      -   284 2330s
 30579  5540  150.00000   76  325          -  150.00000      -   283 2335s
 30735  5625 infeasible  107               -  150.00000      -   282 2340s
 30966  5622 infeasible  106               -  150.00000      -   280 2345s
 31093  5631  150.00000   92  399          -  150.00000      -   280 2350s
 31268  5629 infeasible  107               -  150.00000      -   279 2355s
 31473  5651  150.00000  101  213          -  150.00000      -   278 2360s
 31719  5707 infeasible  103               -  150.00000      -   276 2365s
 31919  5714  150.00000   88  267          -  150.00000      -   275 2370s
 32246  5804  150.00000   95  436          -  150.00000      -   273 2375s
 32375  5811 infeasible  111               -  150.00000      -   272 2380s
 32700  5985  150.00000  100  133          -  150.00000      -   270 2385s
 32925  6046 infeasible   92               -  150.00000      -   269 2390s
 33219  6065 infeasible  103               -  150.00000      -   267 2395s
 33528  6120 infeasible  124               -  150.00000      -   266 2400s
 33784  6100  150.00000  105  199          -  150.00000      -   264 2405s
 34052  6093 infeasible  110               -  150.00000      -   263 2410s
 34346  6089 infeasible  103               -  150.00000      -   261 2415s
 34571  6076 infeasible   90               -  150.00000      -   260 2420s
 34799  6094 infeasible  112               -  150.00000      -   259 2425s
 35080  6102  150.00000  106  363          -  150.00000      -   257 2430s
 35358  6086  150.00000   67  334          -  150.00000      -   256 2435s
 35707  6237  150.00000   87   95          -  150.00000      -   254 2441s
 35887  6268  150.00000   92  261          -  150.00000      -   253 2445s
 36022  6264  150.00000   93  182          -  150.00000      -   253 2450s
 36183  6282  150.00000   94  271          -  150.00000      -   252 2455s
 36202  6295 infeasible  104               -  150.00000      -   253 2460s
 36247  6299 infeasible   79               -  150.00000      -   253 2465s
 36471  6404 infeasible   92               -  150.00000      -   252 2470s
 36658  6493  150.00000   75  332          -  150.00000      -   251 2475s
 36787  6542 infeasible   83               -  150.00000      -   251 2480s
 36974  6638 infeasible   93               -  150.00000      -   251 2485s
 37130  6699 infeasible   91               -  150.00000      -   250 2490s
 37466  6838  150.00000  109  154          -  150.00000      -   248 2495s
 37707  6910  150.00000   95  219          -  150.00000      -   247 2500s
 37993  6904  150.00000   96  475          -  150.00000      -   246 2505s
 38200  6903 infeasible   99               -  150.00000      -   245 2510s
 38440  6919 infeasible  112               -  150.00000      -   244 2515s
 38819  6906 infeasible   93               -  150.00000      -   242 2520s
 39141  6954  150.00000   70  389          -  150.00000      -   241 2525s
 39359  6991  150.00000   86  173          -  150.00000      -   240 2530s
 39635  7083 infeasible   89               -  150.00000      -   239 2535s
 39793  7089  150.00000   33  110          -  150.00000      -   239 2540s
 39919  7189  150.00000   74  246          -  150.00000      -   238 2545s
 40116  7332  150.00000   83  124          -  150.00000      -   238 2550s
 40221  7388 infeasible   91               -  150.00000      -   238 2555s
 40485  7517  150.00000   85  314          -  150.00000      -   237 2560s
 40609  7586 infeasible  106               -  150.00000      -   237 2565s
 40795  7702  150.00000   67  178          -  150.00000      -   236 2570s
 40853  7740 infeasible   99               -  150.00000      -   236 2575s
 40938  7779 infeasible  101               -  150.00000      -   237 2580s
 40959  7796  150.00000  114  167          -  150.00000      -   237 2591s
 40971  7806  150.00000  118  243          -  150.00000      -   237 2595s
 41003  7828  150.00000  131  172          -  150.00000      -   237 2600s
 41113  7885  150.00000  107  175          -  150.00000      -   236 2605s
 41245  7945  150.00000  110  391          -  150.00000      -   236 2610s
 41320  7966  148.86337  102  408          -  150.00000      -   236 2615s
 41355  7971 infeasible  101               -  150.00000      -   237 2620s
 41429  7996  150.00000  108  347          -  150.00000      -   237 2625s
 41576  8063  150.00000   92  256          -  150.00000      -   236 2630s
 41663  8079 infeasible  113               -  150.00000      -   236 2635s
 41706  8081  150.00000   95  281          -  150.00000      -   237 2640s
 41802  8075 infeasible  118               -  150.00000      -   237 2645s
 41869  8066 infeasible  123               -  150.00000      -   237 2650s
 41941  8079  150.00000  103  220          -  150.00000      -   237 2655s
 42051  8092 infeasible  104               -  150.00000      -   237 2660s
 42222  8063  150.00000  100  252          -  150.00000      -   237 2665s
 42512  8229  150.00000  121  265          -  150.00000      -   236 2670s
 42799  8307 infeasible  129               -  150.00000      -   235 2675s
 43018  8307 infeasible  141               -  150.00000      -   234 2680s
 43311  8323  149.04474  144  313          -  150.00000      -   233 2685s
 43663  8360 infeasible  145               -  150.00000      -   232 2690s
 43918  8428 infeasible  136               -  150.00000      -   231 2695s
 44247  8444 infeasible  138               -  150.00000      -   230 2700s
 44447  8475 infeasible  133               -  150.00000      -   229 2705s
 44688  8507 infeasible  190               -  150.00000      -   229 2710s
 44944  8522 infeasible  142               -  150.00000      -   228 2715s
 45149  8584  150.00000  133  242          -  150.00000      -   227 2720s
 45309  8627 infeasible  131               -  150.00000      -   227 2725s
 45465  8653  148.93332  130  381          -  150.00000      -   227 2730s
 45648  8725  150.00000  133  161          -  150.00000      -   227 2735s
 45897  8749 infeasible  133               -  150.00000      -   226 2740s
 46083  8744 infeasible  146               -  150.00000      -   225 2745s
 46227  8749  150.00000  137  244          -  150.00000      -   225 2750s
 46458  8750  150.00000  136  213          -  150.00000      -   224 2755s
 46673  8790  143.82154  144  365          -  150.00000      -   224 2760s
 46749  8788 infeasible  103               -  150.00000      -   224 2765s
 46795  8781  149.52816  100  385          -  150.00000      -   224 2770s
 46933  8812  150.00000  132  336          -  150.00000      -   224 2775s
 47075  8804  150.00000  125  342          -  150.00000      -   224 2780s
 47230  8834 infeasible  141               -  150.00000      -   223 2785s
 47364  8834 infeasible  147               -  150.00000      -   223 2790s
 47454  8840 infeasible  132               -  150.00000      -   223 2795s
 47662  8887  150.00000  130  406          -  150.00000      -   223 2800s
 47830  8890 infeasible  174               -  150.00000      -   222 2805s
 47903  8892  144.99759  136  273          -  150.00000      -   223 2810s
 48024  8938 infeasible  125               -  150.00000      -   223 2815s
 48071  8949  150.00000  123  235          -  150.00000      -   223 2820s
 48137  8967 infeasible  121               -  150.00000      -   223 2825s
 48194  8974  149.95808   95  542          -  150.00000      -   223 2830s
 48250  8998 infeasible   92               -  150.00000      -   223 2835s
 48297  9019 infeasible  131               -  150.00000      -   224 2840s
 48359  9029  150.00000  112  208          -  150.00000      -   224 2845s
 48391  9031 infeasible  116               -  150.00000      -   224 2850s
 48426  9039 infeasible  117               -  150.00000      -   224 2855s
 48446  9034  148.73367  115  369          -  150.00000      -   224 2860s
 48484  9038  149.92197  111  351          -  150.00000      -   225 2865s
 48507  9043 infeasible  113               -  150.00000      -   225 2870s
 48557  9048  150.00000  115  203          -  150.00000      -   225 2875s
 48602  9048  145.42951  117  395          -  150.00000      -   225 2880s
 48677  9065 infeasible  133               -  150.00000      -   225 2885s
 48700  9062  150.00000  111  264          -  150.00000      -   226 2890s
 48733  9066  150.00000  123  181          -  150.00000      -   226 2895s
 48765  9087  150.00000  137  273          -  150.00000      -   226 2907s
 48774  9082 infeasible  113               -  150.00000      -   226 2910s
 48799  9095 infeasible  110               -  150.00000      -   226 2915s
 48826  9104  150.00000  105  324          -  150.00000      -   226 2920s
 48886  9128  150.00000  113  134          -  150.00000      -   227 2925s
 48934  9150  149.42374  133  325          -  150.00000      -   227 2930s
 49017  9174  150.00000  109  351          -  150.00000      -   227 2935s
 49128  9242  147.74631  120  352          -  150.00000      -   227 2940s
 49184  9248 infeasible  107               -  150.00000      -   227 2945s
 49266  9268 infeasible  112               -  150.00000      -   227 2950s
 49385  9313 infeasible  125               -  150.00000      -   227 2955s
 49445  9335  149.96792  104  561          -  150.00000      -   227 2960s
 49505  9361  149.98115  103  442          -  150.00000      -   227 2965s
 49623  9417  150.00000  100  316          -  150.00000      -   227 2970s
 49644  9428 infeasible  111               -  150.00000      -   227 2975s
 49721  9456 infeasible  107               -  150.00000      -   227 2980s
 49808  9487  149.83317   94  638          -  150.00000      -   227 2985s
 49854  9505  150.00000   98  405          -  150.00000      -   228 2990s
 49981  9570 infeasible  153               -  150.00000      -   227 2995s
 50117  9638  150.00000   93  201          -  150.00000      -   227 3000s
 50146  9644  149.97707  100  497          -  150.00000      -   228 3005s
 50250  9691  150.00000   93   94          -  150.00000      -   227 3010s
 50334  9737  144.27266  134  296          -  150.00000      -   227 3015s
 50556  9838 infeasible   93               -  150.00000      -   227 3020s
 50603  9843  150.00000   94  204          -  150.00000      -   227 3025s
 50645  9846 infeasible   92               -  150.00000      -   227 3030s
 50690  9855 infeasible   89               -  150.00000      -   228 3035s
 50758  9870  149.97043  114  373          -  150.00000      -   228 3040s
 50825  9894 infeasible  105               -  150.00000      -   228 3045s
 50878  9905 infeasible  113               -  150.00000      -   228 3050s
 50920  9911  147.33289  119  374          -  150.00000      -   228 3055s
 50971  9915  147.92379   86  427          -  150.00000      -   229 3060s
 51010  9919  148.47302   95  291          -  150.00000      -   229 3065s
 51083  9921  150.00000   93  234          -  150.00000      -   229 3070s
 51097  9929  149.79552  101  464          -  150.00000      -   229 3075s
 51161  9939  149.84195  112  510          -  150.00000      -   229 3080s
 51230  9935 infeasible  115               -  150.00000      -   229 3085s
 51312  9937  150.00000  104  335          -  150.00000      -   230 3090s
 51392  9943 infeasible  118               -  150.00000      -   230 3095s
 51453  9964 infeasible  103               -  150.00000      -   230 3100s
 51532  9969  150.00000   94  384          -  150.00000      -   230 3105s
 51694 10037  142.90020  103  430          -  150.00000      -   230 3110s
 51755 10051  149.57013   97  381          -  150.00000      -   230 3115s
 51817 10044 infeasible   97               -  150.00000      -   230 3120s
 51846 10039 infeasible   97               -  150.00000      -   231 3125s
 51915 10042 infeasible   93               -  150.00000      -   231 3130s
 51944 10041  148.40934  100  379          -  150.00000      -   231 3135s
 52087 10100 infeasible  103               -  150.00000      -   231 3140s
 52189 10142  150.00000  102  377          -  150.00000      -   231 3145s
 52309 10173  150.00000  101  374          -  150.00000      -   231 3150s
 52352 10171 infeasible  103               -  150.00000      -   231 3155s
 52397 10172 infeasible  100               -  150.00000      -   231 3160s
 52455 10170  150.00000   98  520          -  150.00000      -   231 3165s
 52511 10171 infeasible  101               -  150.00000      -   231 3170s
 52566 10170 infeasible  100               -  150.00000      -   232 3175s
 52597 10165 infeasible  103               -  150.00000      -   232 3180s
 52636 10170  146.57513  101  534          -  150.00000      -   232 3185s
 52693 10171  149.89819  100  619          -  150.00000      -   232 3190s
 52717 10163 infeasible  109               -  150.00000      -   232 3195s
 52746 10165  149.85441  103  419          -  150.00000      -   233 3200s
 52799 10181  150.00000  110  369          -  150.00000      -   233 3214s
 52801 10179 infeasible  111               -  150.00000      -   233 3215s
 52812 10174  150.00000  104  242          -  150.00000      -   233 3220s
 52826 10172  150.00000  103  229          -  150.00000      -   233 3226s
 52836 10168  149.97144   99  344          -  150.00000      -   233 3230s
 52852 10170  147.23864  105  324          -  150.00000      -   234 3235s
 52868 10174  149.95334  104  506          -  150.00000      -   234 3240s
 52900 10173  144.42360  107  290          -  150.00000      -   234 3245s
 52934 10173  149.92409  106  490          -  150.00000      -   234 3250s
 53008 10185  149.78776  104  361          -  150.00000      -   234 3255s
 53038 10185 infeasible  109               -  150.00000      -   235 3260s
 53070 10190  150.00000  103  225          -  150.00000      -   235 3265s
 53134 10200  150.00000  103  218          -  150.00000      -   235 3270s
 53240 10244  150.00000   95  396          -  150.00000      -   235 3275s
 53294 10255 infeasible   98               -  150.00000      -   235 3280s
 53327 10254  150.00000   94  349          -  150.00000      -   236 3285s
 53371 10252  148.61398   94  464          -  150.00000      -   236 3290s
 53504 10304  150.00000   93  145          -  150.00000      -   236 3295s
 53529 10312  148.25748  103  502          -  150.00000      -   236 3300s
 53585 10296 infeasible   96               -  150.00000      -   236 3305s
 53604 10289 infeasible   97               -  150.00000      -   237 3310s
 53648 10292 infeasible   92               -  150.00000      -   237 3315s
 53717 10316 infeasible   86               -  150.00000      -   237 3320s
 54063 10329 infeasible  117               -  150.00000      -   236 3325s
 54226 10335 infeasible   82               -  150.00000      -   235 3330s
 54340 10355 infeasible   89               -  150.00000      -   235 3335s
 54500 10363 infeasible  102               -  150.00000      -   235 3340s
 54652 10418 infeasible   72               -  150.00000      -   235 3345s
 54746 10462 infeasible   82               -  150.00000      -   235 3350s
 54893 10465  150.00000   73  235          -  150.00000      -   234 3355s
 55109 10477 infeasible   97               -  150.00000      -   234 3360s
 55284 10491 infeasible   83               -  150.00000      -   234 3365s
 55486 10483 infeasible   98               -  150.00000      -   233 3370s
 55645 10509 infeasible  102               -  150.00000      -   233 3375s
 55760 10515  150.00000   86  379          -  150.00000      -   233 3380s
 55786 10523 infeasible   92               -  150.00000      -   233 3385s
 55811 10521 infeasible   94               -  150.00000      -   233 3390s
 55841 10525 infeasible  100               -  150.00000      -   233 3395s
 55895 10548  150.00000   75  447          -  150.00000      -   234 3400s
 56011 10619 infeasible  105               -  150.00000      -   234 3405s
 56131 10698 infeasible  101               -  150.00000      -   233 3410s
 56254 10762 infeasible  102               -  150.00000      -   233 3415s
 56348 10812 infeasible  108               -  150.00000      -   233 3420s
 56395 10823  150.00000   93   62          -  150.00000      -   233 3425s
 56526 10873 infeasible  105               -  150.00000      -   233 3430s
 56644 10939  150.00000   99  629          -  150.00000      -   233 3435s
 56732 10978  150.00000   99  277          -  150.00000      -   233 3440s
 56811 11014  150.00000   94  202          -  150.00000      -   233 3445s
 57020 11126 infeasible  102               -  150.00000      -   233 3450s
 57248 11262 infeasible   97               -  150.00000      -   233 3455s
 57333 11308  150.00000   83  130          -  150.00000      -   233 3460s
 57429 11343 infeasible   99               -  150.00000      -   233 3465s
 57518 11391  150.00000  108  243          -  150.00000      -   233 3475s
 57544 11391 infeasible  113               -  150.00000      -   233 3480s
 57580 11395  150.00000  117  162          -  150.00000      -   233 3485s
 57818 11491  150.00000  109  292          -  150.00000      -   232 3490s
 58107 11609  150.00000   95  268          -  150.00000      -   231 3495s
 58290 11670 infeasible  123               -  150.00000      -   231 3500s
 58440 11757 infeasible   93               -  150.00000      -   231 3505s
 58615 11783 infeasible   91               -  150.00000      -   231 3510s
 58826 11816  150.00000   84  340          -  150.00000      -   230 3515s
 58963 11886  150.00000   86  202          -  150.00000      -   230 3520s
 59256 12023  150.00000  102  216          -  150.00000      -   229 3525s
 59577 12134 infeasible  103               -  150.00000      -   229 3530s
 59770 12193 infeasible   91               -  150.00000      -   228 3535s
 59916 12222 infeasible   83               -  150.00000      -   228 3540s
 60216 12302 infeasible  100               -  150.00000      -   227 3545s
 60551 12305 infeasible  101               -  150.00000      -   227 3550s
 60720 12351  150.00000   90  375          -  150.00000      -   226 3555s
 60844 12349  150.00000   90  167          -  150.00000      -   226 3560s
 60980 12371 infeasible  103               -  150.00000      -   226 3565s
 61130 12343 infeasible   87               -  150.00000      -   226 3570s
 61212 12357  150.00000   95  195          -  150.00000      -   226 3575s
 61553 12360 infeasible   98               -  150.00000      -   225 3580s
 61932 12402 infeasible  111               -  150.00000      -   224 3585s
 62440 12424 infeasible  138               -  150.00000      -   222 3590s
 62730 12452  150.00000   84  334          -  150.00000      -   221 3595s

Cutting planes:
  Gomory: 6
  Cover: 105
  Implied bound: 9
  Clique: 100
  MIR: 20
  StrongCG: 6
  Flow cover: 73
  GUB cover: 2
  Zero half: 11
  Network: 2
  RLT: 2
  Relax-and-lift: 15

Explored 62943 nodes (13923242 simplex iterations) in 3600.01 seconds (2886.47 work units)
Thread count was 1 (of 8 available processors)

Solution count 0

Time limit reached
Best objective -, best bound 1.500000000000e+02, gap -
