
Gurobi 11.0.1 (win64) logging started Mon Apr  1 12:50:24 2024

Set parameter LogFile to value "C:\Projetos\Job_Rotation_Algorithms\Outputs\GurobiLogs\gurobi_log-output-69_ton-c81-CostaMirallesModel-NoExtraConstraint-2.log"
Gurobi Optimizer version 11.0.1 build v11.0.1rc0 (win64 - Windows 10.0 (19045.2))

CPU model: 11th Gen Intel(R) Core(TM) i7-1165G7 @ 2.80GHz, instruction set [SSE2|AVX|AVX2|AVX512]
Thread count: 4 physical cores, 8 logical processors, using up to 1 threads


Gurobi 11.0.1 (win64) logging started Mon Apr  1 21:38:11 2024

Set parameter LogFile to value "C:\Projetos\Job_Rotation_Algorithms\Outputs\GurobiLogs\gurobi_log-output-69_ton-c81-CostaMirallesModel-NoExtraConstraint-2.log"
Gurobi Optimizer version 11.0.1 build v11.0.1rc0 (win64 - Windows 10.0 (19045.2))

CPU model: 11th Gen Intel(R) Core(TM) i7-1165G7 @ 2.80GHz, instruction set [SSE2|AVX|AVX2|AVX512]
Thread count: 4 physical cores, 8 logical processors, using up to 1 threads


Gurobi 11.0.1 (win64) logging started Thu Apr  4 23:35:34 2024

Set parameter LogFile to value "C:\Projetos\Job_Rotation_Algorithms\Outputs\GurobiLogs\gurobi_log-output-69_ton-c81-CostaMirallesModel-NoExtraConstraint-2.log"
Gurobi Optimizer version 11.0.1 build v11.0.1rc0 (win64 - Windows 10.0 (19045.2))

CPU model: 11th Gen Intel(R) Core(TM) i7-1165G7 @ 2.80GHz, instruction set [SSE2|AVX|AVX2|AVX512]
Thread count: 4 physical cores, 8 logical processors, using up to 1 threads


Gurobi 11.0.1 (win64) logging started Sat Apr  6 13:06:00 2024

Set parameter LogFile to value "C:\Projetos\Job_Rotation_Algorithms\Outputs\GurobiLogs\gurobi_log-output-69_ton-c81-CostaMirallesModel-NoExtraConstraint-2.log"
Gurobi Optimizer version 11.0.1 build v11.0.1rc0 (win64 - Windows 10.0 (19045.2))

CPU model: 11th Gen Intel(R) Core(TM) i7-1165G7 @ 2.80GHz, instruction set [SSE2|AVX|AVX2|AVX512]
Thread count: 4 physical cores, 8 logical processors, using up to 1 threads


Gurobi 11.0.1 (win64) logging started Sun Apr  7 02:37:58 2024

Set parameter LogFile to value "C:\Projetos\Job_Rotation_Algorithms\Outputs\GurobiLogs\gurobi_log-output-69_ton-c81-CostaMirallesModel-NoExtraConstraint-2.log"
Gurobi Optimizer version 11.0.1 build v11.0.1rc0 (win64 - Windows 10.0 (19045.2))

CPU model: 11th Gen Intel(R) Core(TM) i7-1165G7 @ 2.80GHz, instruction set [SSE2|AVX|AVX2|AVX512]
Thread count: 4 physical cores, 8 logical processors, using up to 1 threads


Gurobi 11.0.1 (win64) logging started Sun Apr  7 09:50:56 2024

Set parameter LogFile to value "C:\Projetos\Job_Rotation_Algorithms\Outputs\GurobiLogs\gurobi_log-output-69_ton-c81-CostaMirallesModel-NoExtraConstraint-2.log"
Gurobi Optimizer version 11.0.1 build v11.0.1rc0 (win64 - Windows 10.0 (19045.2))

CPU model: 11th Gen Intel(R) Core(TM) i7-1165G7 @ 2.80GHz, instruction set [SSE2|AVX|AVX2|AVX512]
Thread count: 4 physical cores, 8 logical processors, using up to 1 threads


Gurobi 11.0.1 (win64) logging started Wed Apr 10 17:39:48 2024

Set parameter LogFile to value "C:\Projetos\Job_Rotation_Algorithms\Outputs\GurobiLogs\gurobi_log-output-69_ton-c81-CostaMirallesModel-NoExtraConstraint-2.log"
Gurobi Optimizer version 11.0.1 build v11.0.1rc0 (win64 - Windows 10.0 (19045.2))

CPU model: 11th Gen Intel(R) Core(TM) i7-1165G7 @ 2.80GHz, instruction set [SSE2|AVX|AVX2|AVX512]
Thread count: 4 physical cores, 8 logical processors, using up to 1 threads


Gurobi 11.0.1 (win64) logging started Thu Apr 11 01:44:37 2024

Set parameter LogFile to value "C:\Projetos\Job_Rotation_Algorithms\Outputs\GurobiLogs\gurobi_log-output-69_ton-c81-CostaMirallesModel-NoExtraConstraint-2.log"
Gurobi Optimizer version 11.0.1 build v11.0.1rc0 (win64 - Windows 10.0 (19045.2))

CPU model: 11th Gen Intel(R) Core(TM) i7-1165G7 @ 2.80GHz, instruction set [SSE2|AVX|AVX2|AVX512]
Thread count: 4 physical cores, 8 logical processors, using up to 1 threads


Gurobi 11.0.1 (win64) logging started Sun Apr 21 03:01:31 2024

Set parameter LogFile to value "C:\Projetos\Job_Rotation_Algorithms\Outputs\GurobiLogs\gurobi_log-output-69_ton-c81-CostaMirallesModel-NoExtraConstraint-2.log"
Gurobi Optimizer version 11.0.1 build v11.0.1rc0 (win64 - Windows 10.0 (19045.2))

CPU model: 11th Gen Intel(R) Core(TM) i7-1165G7 @ 2.80GHz, instruction set [SSE2|AVX|AVX2|AVX512]
Thread count: 4 physical cores, 8 logical processors, using up to 1 threads


Gurobi 11.0.1 (win64) logging started Fri Apr 26 07:43:28 2024

Set parameter LogFile to value "C:\Projetos\Job_Rotation_Algorithms\Outputs\GurobiLogs\gurobi_log-output-69_ton-c81-CostaMirallesModel-NoExtraConstraint-2.log"
Gurobi Optimizer version 11.0.1 build v11.0.1rc0 (win64 - Windows 10.0 (19045.2))

CPU model: 11th Gen Intel(R) Core(TM) i7-1165G7 @ 2.80GHz, instruction set [SSE2|AVX|AVX2|AVX512]
Thread count: 4 physical cores, 8 logical processors, using up to 1 threads


Gurobi 11.0.1 (win64) logging started Sat Apr 27 04:34:40 2024

Set parameter LogFile to value "C:\Projetos\Job_Rotation_Algorithms\Outputs\GurobiLogs\gurobi_log-output-69_ton-c81-CostaMirallesModel-NoExtraConstraint-2.log"
Gurobi Optimizer version 11.0.1 build v11.0.1rc0 (win64 - Windows 10.0 (19045.2))

CPU model: 11th Gen Intel(R) Core(TM) i7-1165G7 @ 2.80GHz, instruction set [SSE2|AVX|AVX2|AVX512]
Thread count: 4 physical cores, 8 logical processors, using up to 1 threads


Gurobi 11.0.1 (win64) logging started Sat Apr 27 14:52:46 2024

Set parameter LogFile to value "C:\Projetos\Job_Rotation_Algorithms\Outputs\GurobiLogs\gurobi_log-output-69_ton-c81-CostaMirallesModel-NoExtraConstraint-2.log"
Gurobi Optimizer version 11.0.1 build v11.0.1rc0 (win64 - Windows 10.0 (19045.2))

CPU model: 11th Gen Intel(R) Core(TM) i7-1165G7 @ 2.80GHz, instruction set [SSE2|AVX|AVX2|AVX512]
Thread count: 4 physical cores, 8 logical processors, using up to 1 threads


Gurobi 11.0.1 (win64) logging started Sat May  4 16:58:38 2024

Set parameter LogFile to value "C:\Projetos\Job_Rotation_Algorithms\Outputs\GurobiLogs\gurobi_log-output-69_ton-c81-CostaMirallesModel-NoExtraConstraint-2.log"
Gurobi Optimizer version 11.0.1 build v11.0.1rc0 (win64 - Windows 10.0 (19045.2))

CPU model: 11th Gen Intel(R) Core(TM) i7-1165G7 @ 2.80GHz, instruction set [SSE2|AVX|AVX2|AVX512]
Thread count: 4 physical cores, 8 logical processors, using up to 1 threads

WLS license 901038 - registered to Bitka Analytics
Optimize a model with 5214 rows, 37785 columns and 892103 nonzeros
Model fingerprint: 0x1c7ad382
Variable types: 2 continuous, 37783 integer (37783 binary)
Coefficient statistics:
  Matrix range     [1e+00, 3e+02]
  Objective range  [1e+00, 1e+00]
  Bounds range     [1e+00, 2e+02]
  RHS range        [1e+00, 2e+02]
Presolve removed 44 rows and 1506 columns (presolve time = 5s) ...
Presolve added 1777 rows and 0 columns
Presolve removed 0 rows and 1314 columns
Presolve time: 5.65s
Presolved: 6991 rows, 36471 columns, 235620 nonzeros
Variable types: 0 continuous, 36471 integer (34935 binary)

Root simplex log...

Iteration    Objective       Primal Inf.    Dual Inf.      Time
       0    1.0180000e+03   1.480125e+03   0.000000e+00      6s
    8700    1.4000000e+02   0.000000e+00   0.000000e+00      8s

Root relaxation: objective 1.400000e+02, 8700 iterations, 2.11 seconds (2.65 work units)

    Nodes    |    Current Node    |     Objective Bounds      |     Work
 Expl Unexpl |  Obj  Depth IntInf | Incumbent    BestBd   Gap | It/Node Time

     0     0  140.00000    0  134          -  140.00000      -     -    9s
     0     0  140.00000    0  130          -  140.00000      -     -    9s
     0     0  140.00000    0  130          -  140.00000      -     -   10s
     0     0  140.00000    0  203          -  140.00000      -     -   27s
     0     0  140.00000    0 1144          -  140.00000      -     -   30s
     0     0  140.00000    0 1119          -  140.00000      -     -   31s
     0     0  140.00000    0 1199          -  140.00000      -     -   32s
     0     0  140.00000    0 1198          -  140.00000      -     -   32s
     0     0  140.00000    0 1165          -  140.00000      -     -   33s
     0     0  140.00000    0  246          -  140.00000      -     -   40s
     0     0  140.00000    0  240          -  140.00000      -     -   40s
     0     0  140.00000    0  255          -  140.00000      -     -   40s
     0     0  140.00000    0  229          -  140.00000      -     -   44s
     0     0  140.00000    0  683          -  140.00000      -     -   45s
     0     0  140.00000    0  215          -  140.00000      -     -   50s
     0     0  140.00000    0  621          -  140.00000      -     -   51s
     0     0  140.00000    0  627          -  140.00000      -     -   51s
     0     0  140.00000    0  254          -  140.00000      -     -   58s
     0     0  140.00000    0  254          -  140.00000      -     -   59s
     0     2  140.00000    0  245          -  140.00000      -     -   67s
    17    19  140.00000   10  221          -  140.00000      -   325   70s
    66    68  140.00000   41  235          -  140.00000      -   273   75s
   115   117  140.00000   72  942          -  140.00000      -   276   80s
   191   164  140.00000  114  391          -  140.00000      -   228   85s
   235   191  140.00000   52  279          -  140.00000      -   238   90s
   280   230  140.00000   82 1150          -  140.00000      -   253   95s
   304   242  140.00000   56 1795          -  140.00000      -   289  101s
   332   266  140.00000   76  558          -  140.00000      -   296  105s
   360   278  140.00000   60  323          -  140.00000      -   344  110s
   484   325  140.00000  146  417          -  140.00000      -   285  115s
   574   372  140.00000   82  509          -  140.00000      -   259  120s
   610   387  140.00000   40  226          -  140.00000      -   262  125s
   661   427  140.00000   87  130          -  140.00000      -   253  147s
   663   428  140.00000   21  198          -  140.00000      -   253  154s
   664   429  140.00000  120 1257          -  140.00000      -   252  158s
   665   430  140.00000   70 1191          -  140.00000      -   252  160s
   666   430  140.00000   71  308          -  140.00000      -   252  170s
   668   432  140.00000    2  246          -  140.00000      -   251  178s
   669   432  140.00000   41  788          -  140.00000      -   250  181s
   670   433  140.00000  114  264          -  140.00000      -   250  188s
   671   434  140.00000   95 1563          -  140.00000      -   250  190s
   675   437  140.00000   44  191          -  140.00000      -   410  198s
   676   438  140.00000    3 1150          -  140.00000      -   410  200s
   678   439  140.00000   59  209          -  140.00000      -   408  210s
   680   441  140.00000    4  202          -  140.00000      -   407  216s
   682   442  140.00000   37  264          -  140.00000      -   406  224s
   683   443  140.00000  142  419          -  140.00000      -   405  225s
   684   443  140.00000   72  326          -  140.00000      -   405  232s
   687   447  140.00000   77  130          -  140.00000      -   565  235s
   689   448  140.00000   37  176          -  140.00000      -   563  241s
   692   452  140.00000   69  130          -  140.00000      -   608  245s
   694   453  140.00000   76  175          -  140.00000      -   606  251s
   696   455  140.00000  100 1248          -  140.00000      -   604  257s
   697   455  140.00000   30  336          -  140.00000      -   603  267s
   699   457  140.00000   27  220          -  140.00000      -   602  276s
   701   458  140.00000   89  292          -  140.00000      -   600  284s
   702   459  140.00000   83  863          -  140.00000      -   599  287s
   703   459  140.00000  112  326          -  140.00000      -   598  294s
   704   460  140.00000   85 1160          -  140.00000      -   597  298s
   705   461  140.00000   72  229          -  140.00000      -   596  305s
   707   462  140.00000   37  288          -  140.00000      -   595  315s
   709   463  140.00000   43  288          -  140.00000      -   593  323s
   713   468  140.00000   51  314          -  140.00000      -  1001  325s
   728   478  140.00000   59  271          -  140.00000      -   986  330s
   731   480  140.00000   60  276          -  140.00000      -   982  338s
   759   499  140.00000   74  282          -  140.00000      -   952  340s
   806   530  140.00000   98  832          -  140.00000      -   919  345s
   854   558  140.00000  123  237          -  140.00000      -   885  350s
   887   568 infeasible  137               -  140.00000      -   867  356s
   897   575  140.00000  122  305          -  140.00000      -   860  360s
   910   581  140.00000  128  392          -  140.00000      -   850  365s
   920   586  140.00000  133  316          -  140.00000      -   844  370s
   934   585  140.00000  119  187          -  140.00000      -   838  375s
   946   593  140.00000  125  265          -  140.00000      -   832  380s
   957   601  140.00000  130  325          -  140.00000      -   826  385s
   966   605  140.00000  135  318          -  140.00000      -   824  390s
   975   609  140.00000  139  306          -  140.00000      -   822  395s
   985   611  140.00000  144  301          -  140.00000      -   819  400s
   995   606 infeasible  121               -  140.00000      -   816  405s
  1004   612  140.00000  125  311          -  140.00000      -   812  410s
  1024   623  140.00000  135  330          -  140.00000      -   801  415s
  1062   635  140.00000  132  985          -  140.00000      -   785  420s
  1094   644  139.00000  148  616          -  140.00000      -   775  425s
  1123   647  140.00000  121  705          -  140.00000      -   763  430s
  1164   652  140.00000  120  341          -  140.00000      -   747  435s
  1189   664  140.00000  133  235          -  140.00000      -   741  440s
  1223   657 infeasible  137               -  140.00000      -   729  445s
  1227   654  140.00000  136  360          -  140.00000      -   728  469s
  1229   651 infeasible  137               -  140.00000      -   727  470s
  1236   654  140.00000  134  375          -  140.00000      -   726  475s
  1247   659  140.00000  139  241          -  140.00000      -   723  480s
  1258   662  140.00000  146  344          -  140.00000      -   720  485s
  1297   662  140.00000  135  541          -  140.00000      -   706  490s
  1309   661 infeasible  140               -  140.00000      -   716  496s
  1335   658  140.00000  144  704          -  140.00000      -   709  500s
  1364   659  140.00000  137  383          -  140.00000      -   703  505s
  1412   667  140.00000  101  118          -  140.00000      -   689  510s
  1500   725  140.00000  135  169          -  140.00000      -   655  515s
  1554   761  140.00000  156  423          -  140.00000      -   640  520s
  1604   776  140.00000  117  192          -  140.00000      -   626  525s
  1670   815  140.00000  144  206          -  140.00000      -   610  530s
  1721   835  140.00000  163  317          -  140.00000      -   598  535s
  1761   841  140.00000  187  507          -  140.00000      -   590  540s
  1814   863  140.00000  127  774          -  140.00000      -   580  545s
  1859   889  140.00000  142 1100          -  140.00000      -   574  550s
  1910   895 infeasible  162               -  140.00000      -   565  555s
  1955   917  140.00000  126  288          -  140.00000      -   557  560s
  2016   933  140.00000  122  276          -  140.00000      -   546  565s
  2051   954  140.00000  139  254          -  140.00000      -   541  570s
  2088   959  140.00000  154  782          -  140.00000      -   537  575s
  2162  1014  140.00000  139  127          -  140.00000      -   523  580s
  2205  1049  140.00000  159  179          -  140.00000      -   519  585s
  2251  1058  140.00000  111  511          -  140.00000      -   516  590s
  2313  1116  140.00000  145  225          -  140.00000      -   506  595s
  2375  1163  140.00000  124  310          -  140.00000      -   497  600s
  2443  1216  140.00000  149  265          -  140.00000      -   488  605s
  2494  1241  140.00000  113  426          -  140.00000      -   483  610s
  2545  1262  140.00000  115  340          -  140.00000      -   478  615s
  2609  1301  140.00000  145  325          -  140.00000      -   471  620s
  2658  1331  140.00000  119  220          -  140.00000      -   466  625s
  2714  1372  140.00000  152  286          -  140.00000      -   460  630s
  2787  1416  140.00000  123  272          -  140.00000      -   452  635s
  2854  1462  140.00000  116  908          -  140.00000      -   446  640s
  2905  1497  140.00000  142  718          -  140.00000      -   443  645s
  2946  1510  140.00000  113  240          -  140.00000      -   441  650s
  3016  1562  140.00000  138  420          -  140.00000      -   435  655s
  3063  1589  140.00000  131  265          -  140.00000      -   433  660s
  3115  1610  140.00000  139  189          -  140.00000      -   429  665s
  3163  1623  140.00000  149  291          -  140.00000      -   427  670s
  3203  1644  140.00000  145 1155          -  140.00000      -   426  675s
  3236  1661 infeasible  164               -  140.00000      -   426  680s
  3279  1678  140.00000  134  538          -  140.00000      -   424  685s
  3337  1711  140.00000  128  307          -  140.00000      -   420  690s
  3402  1766  140.00000  157  418          -  140.00000      -   416  695s
  3448  1781 infeasible  141               -  140.00000      -   414  700s
  3480  1788 infeasible  152               -  140.00000      -   414  705s
  3528  1807 infeasible  127               -  140.00000      -   412  710s
  3569  1822  140.00000  116 1078          -  140.00000      -   410  715s
  3614  1853  140.00000  141  655          -  140.00000      -   409  720s
  3682  1890  140.00000  134  273          -  140.00000      -   404  725s
  3747  1949  140.00000  150  300          -  140.00000      -   400  730s
  3799  1985  140.00000  123  445          -  140.00000      -   398  735s
  3858  2009  140.00000  139  341          -  140.00000      -   395  740s
  3920  2049  140.00000  128  271          -  140.00000      -   393  745s
  3959  2081  140.00000  140  434          -  140.00000      -   393  750s
  4010  2101  140.00000  123  272          -  140.00000      -   391  755s
  4084  2158  140.00000  158  394          -  140.00000      -   387  760s
  4136  2173  140.00000  146  327          -  140.00000      -   385  765s
  4178  2202  140.00000  163  235          -  140.00000      -   385  770s
  4249  2254  140.00000  150  248          -  140.00000      -   382  775s
  4328  2320  140.00000  174  378          -  140.00000      -   379  780s
  4386  2356  140.00000  157  259          -  140.00000      -   377  785s
  4421  2383  140.00000  166  653          -  140.00000      -   377  790s
  4497  2415  140.00000  129  127          -  140.00000      -   375  795s
  4570  2478  140.00000  153  370          -  140.00000      -   373  800s
  4628  2502 infeasible  155               -  140.00000      -   372  805s
  4688  2522 infeasible  154               -  140.00000      -   371  810s
  4772  2554  140.00000  150  689          -  140.00000      -   367  815s
  4859  2593  140.00000  159  414          -  140.00000      -   364  820s
  4913  2612  140.00000  153  493          -  140.00000      -   363  825s
  4972  2638  140.00000  154  457          -  140.00000      -   362  830s
  5042  2688  140.00000  144  395          -  140.00000      -   360  835s
  5101  2718  140.00000  120  235          -  140.00000      -   357  842s
  5148  2764  140.00000  138  673          -  140.00000      -   355  845s
  5223  2807  140.00000  152  280          -  140.00000      -   354  850s
  5363  2885  140.00000  150  286          -  140.00000      -   347  855s
  5438  2928  140.00000  145  331          -  140.00000      -   345  860s
  5509  2987  140.00000  176  578          -  140.00000      -   345  865s
  5607  3043  140.00000  151  539          -  140.00000      -   342  870s
  5695  3102  140.00000  160  477          -  140.00000      -   340  875s
  5836  3221  140.00000  172  224          -  140.00000      -   335  880s
  5939  3296 infeasible  187               -  140.00000      -   333  885s
  6051  3344  140.00000  164  672          -  140.00000      -   329  890s
  6178  3413  140.00000  149  455          -  140.00000      -   326  895s
  6369  3526  140.00000  177  300          -  140.00000      -   318  900s
  6485  3610  140.00000  183  586          -  140.00000      -   315  930s
  6507  3616  140.00000  154  734          -  140.00000      -   315  936s
  6515  3624  140.00000  156  872          -  140.00000      -   314  941s
  6529  3638  140.00000  157  709          -  140.00000      -   315  945s
  6682  3728  140.00000  168  467          -  140.00000      -   311  950s
  6866  3805  140.00000  159  451          -  140.00000      -   305  955s
  6983  3888  140.00000  154  709          -  140.00000      -   302  960s
  7035  3927  140.00000  172  604          -  140.00000      -   303  965s
  7114  3959  140.00000  165  216          -  140.00000      -   302  970s
  7198  4002  140.00000  159   76          -  140.00000      -   302  975s
  7303  4073  140.00000  160  323          -  140.00000      -   301  980s
  7379  4128  140.00000  155  836          -  140.00000      -   301  985s
  7473  4189 infeasible  187               -  140.00000      -   300  990s
  7573  4235  140.00000  152  783          -  140.00000      -   298  995s
  7794  4382 infeasible  169               -  140.00000      -   293 1000s
  7860  4407 infeasible  170               -  140.00000      -   293 1005s
  7994  4457  140.00000  171  129          -  140.00000      -   290 1010s
  8119  4519  140.00000  158  554          -  140.00000      -   288 1015s
  8214  4573 infeasible  169               -  140.00000      -   288 1020s
  8263  4596  140.00000  159  354          -  140.00000      -   288 1025s
  8434  4711  140.00000  169  269          -  140.00000      -   284 1030s
  8544  4781 infeasible  179               -  140.00000      -   284 1035s
  8634  4818 infeasible  180               -  140.00000      -   283 1040s
  8742  4857  140.00000  174  588          -  140.00000      -   282 1045s
  8856  4884 infeasible  176               -  140.00000      -   280 1050s
  8947  4956 infeasible  163               -  140.00000      -   280 1055s
  9072  5020 infeasible  173               -  140.00000      -   278 1060s
  9213  5103  140.00000  154  391          -  140.00000      -   275 1065s
  9325  5167 infeasible  149               -  140.00000      -   275 1070s
  9402  5187 infeasible  149               -  140.00000      -   274 1075s
  9528  5256 infeasible  178               -  140.00000      -   273 1080s
  9661  5326  140.00000  158  360          -  140.00000      -   271 1085s
  9782  5365  140.00000  153  640          -  140.00000      -   269 1090s
  9876  5388  140.00000  149  510          -  140.00000      -   269 1095s
 10001  5448 infeasible  167               -  140.00000      -   267 1100s
 10071  5467  140.00000  155  275          -  140.00000      -   266 1105s
 10130  5479  140.00000  160  644          -  140.00000      -   266 1110s
 10202  5507 infeasible  170               -  140.00000      -   265 1386s
 10252  5530 infeasible  167               -  140.00000      -   265 1390s
 10325  5571  140.00000  157  388          -  140.00000      -   264 1395s
 10368  5584 infeasible  156               -  140.00000      -   265 1400s
 10394  5591  140.00000  156  231          -  140.00000      -   265 1405s
 10486  5625  140.00000  142  281          -  140.00000      -   265 1410s
 10555  5650 infeasible  153               -  140.00000      -   264 1415s
 10600  5651 infeasible  159               -  140.00000      -   265 1420s
 10641  5664  140.00000  170  488          -  140.00000      -   265 1425s
 10794  5744 infeasible  186               -  140.00000      -   262 1430s
 10903  5812  140.00000  171  302          -  140.00000      -   261 1435s
 10966  5851  140.00000  169  352          -  140.00000      -   261 1440s
 11007  5870  140.00000  159   89          -  140.00000      -   261 1445s
 11106  5906  140.00000  185  769          -  140.00000      -   260 1450s
 11211  5995  140.00000  186  454          -  140.00000      -   259 1455s
 11372  6082  140.00000  189  476          -  140.00000      -   257 1460s
 11523  6137  140.00000  172  378          -  140.00000      -   255 1465s
 11715  6196 infeasible  185               -  140.00000      -   252 1470s
 11859  6257  140.00000  173  393          -  140.00000      -   250 1475s
 11959  6296  140.00000  166  383          -  140.00000      -   249 1480s
 12034  6337  140.00000  181  195          -  140.00000      -   249 1485s
 12115  6362  140.00000  169  168          -  140.00000      -   249 1490s
 12221  6407  140.00000  167  484          -  140.00000      -   247 1495s
 12361  6442  140.00000  181  366          -  140.00000      -   246 1500s
 12512  6486  140.00000  164  425          -  140.00000      -   244 1505s
 12650  6559  140.00000  136  650          -  140.00000      -   243 1510s
 12743  6625  140.00000  137  787          -  140.00000      -   242 1515s
 12820  6653  140.00000  134  487          -  140.00000      -   242 1520s
 12984  6745 infeasible  160               -  140.00000      -   240 1525s
 13084  6798  140.00000  162  495          -  140.00000      -   239 1530s
 13201  6860  140.00000  138  432          -  140.00000      -   238 1535s
 13266  6891  140.00000  139   97          -  140.00000      -   239 1540s
 13335  6937  140.00000  151  252          -  140.00000      -   238 1545s
 13380  6965  140.00000  161  529          -  140.00000      -   239 1550s
 13484  6994  140.00000  148  681          -  140.00000      -   238 1555s
 13597  7060  140.00000  178  383          -  140.00000      -   237 1560s
 13728  7129  140.00000  154  575          -  140.00000      -   236 1565s
 13884  7237  140.00000  158  596          -  140.00000      -   235 1570s
 14001  7277  140.00000  160  538          -  140.00000      -   234 1575s
 14111  7318 infeasible  164               -  140.00000      -   233 1580s
 14234  7375  140.00000  151  807          -  140.00000      -   232 1585s
 14385  7448  140.00000  162  420          -  140.00000      -   231 1590s
 14507  7496 infeasible  159               -  140.00000      -   231 1595s
 14614  7543  140.00000  152  602          -  140.00000      -   230 1600s
 14708  7591 infeasible  171               -  140.00000      -   230 1605s
 14892  7665  140.00000  169  343          -  140.00000      -   228 1610s
 15002  7701 infeasible  174               -  140.00000      -   228 1615s
 15150  7730  140.00000  154  663          -  140.00000      -   226 1620s
 15234  7765  140.00000  134  219          -  140.00000      -   226 1625s
 15303  7822 infeasible  160               -  140.00000      -   226 1633s
 15332  7836  140.00000  144  792          -  140.00000      -   226 1635s
 15425  7884  140.00000  145  418          -  140.00000      -   226 1640s
 15462  7903 infeasible  158               -  140.00000      -   226 1645s
 15514  7933  140.00000  154  668          -  140.00000      -   227 1650s
 15578  7968 infeasible  160               -  140.00000      -   227 1655s
 15656  7988  140.00000  153  912          -  140.00000      -   227 1660s
 15706  8010  140.00000  143  772          -  140.00000      -   227 1665s
 15797  8031  140.00000  150  848          -  140.00000      -   227 1670s
 15847  8047 infeasible  149               -  140.00000      -   227 1675s
 15922  8084  140.00000  147  423          -  140.00000      -   227 1680s
 16070  8166  140.00000  142  670          -  140.00000      -   226 1685s
 16158  8189  140.00000  145  939          -  140.00000      -   226 1690s
 16262  8232  140.00000  153  459          -  140.00000      -   226 1695s
 16314  8259  140.00000  148  309          -  140.00000      -   226 1700s
 16438  8308 infeasible  169               -  140.00000      -   225 1705s
 16453  8305  140.00000  153  520          -  140.00000      -   225 1730s
 16460  8304 infeasible  155               -  140.00000      -   225 1736s
 16464  8306  140.00000  157  650          -  140.00000      -   225 1740s
 16471  8307  140.00000  159   91          -  140.00000      -   226 1745s
 16483  8311  140.00000  165  309          -  140.00000      -   227 1750s
 16622  8364  140.00000  148  927          -  140.00000      -   226 1755s
 16706  8395  140.00000  141  730          -  140.00000      -   226 1760s
 16780  8429  140.00000  141  639          -  140.00000      -   226 1765s
 16906  8476 infeasible  145               -  140.00000      -   225 1770s
 16998  8507  140.00000  166  458          -  140.00000      -   225 1775s
 17079  8535  140.00000  170 1112          -  140.00000      -   225 1780s
 17157  8585 infeasible  159               -  140.00000      -   225 1785s
 17253  8633 infeasible  169               -  140.00000      -   225 1790s
 17306  8647  140.00000  147  864          -  140.00000      -   225 1795s
 17384  8686  140.00000  151  811          -  140.00000      -   226 1800s
 17463  8719  140.00000  144  242          -  140.00000      -   226 1805s
 17526  8751 infeasible  159               -  140.00000      -   226 1810s
 17591  8796 infeasible  174               -  140.00000      -   226 1815s
 17696  8829  140.00000  166  718          -  140.00000      -   226 1820s
 17822  8859  140.00000  164  422          -  140.00000      -   226 1825s
 17970  8926  140.00000  140  621          -  140.00000      -   225 1830s
 18145  9012  140.00000  141  484          -  140.00000      -   223 1835s
 18237  9067 infeasible  146               -  140.00000      -   223 1840s
 18328  9101 infeasible  149               -  140.00000      -   223 1845s
 18432  9117  140.00000  155  399          -  140.00000      -   223 1850s
 18534  9168  140.00000  197  331          -  140.00000      -   223 1855s
 18613  9205 infeasible  139               -  140.00000      -   223 1860s
 18709  9240 infeasible  159               -  140.00000      -   223 1865s
 18901  9315  140.00000  176  293          -  140.00000      -   221 1870s
 18962  9353  140.00000  131  412          -  140.00000      -   221 1875s
 19050  9421  140.00000  141  367          -  140.00000      -   221 1880s
 19187  9516  140.00000  147  731          -  140.00000      -   220 1885s
 19347  9615  140.00000  147  329          -  140.00000      -   220 1890s
 19485  9690  140.00000  179  265          -  140.00000      -   219 1895s
 19595  9740  140.00000  169  432          -  140.00000      -   219 1900s
 19686  9773  140.00000  161  101          -  140.00000      -   219 1905s
 19777  9833  140.00000  180  418          -  140.00000      -   219 1910s
 19971  9949  140.00000  163  638          -  140.00000      -   218 1915s
 20036  9989  140.00000  170  292          -  140.00000      -   218 1920s
 20188 10055  140.00000  181  425          -  140.00000      -   217 1925s
 20339 10113 infeasible  185               -  140.00000      -   217 1930s
 20402 10122  140.00000  156  461          -  140.00000      -   217 1935s
 20404 10124  140.00000  158  421          -  140.00000      -   217 1940s
 20580 10152  140.00000  132  570          -  140.00000      -   216 1945s
 20641 10179  140.00000  152  582          -  140.00000      -   216 1950s
 20721 10219 infeasible  165               -  140.00000      -   216 1955s
 20807 10259  140.00000  149  201          -  140.00000      -   216 1960s
 20892 10303  140.00000  145  811          -  140.00000      -   216 1965s
 20946 10349  140.00000  164  632          -  140.00000      -   216 1970s
 21111 10438  140.00000  163  304          -  140.00000      -   215 1975s
 21199 10495  140.00000  156  809          -  140.00000      -   215 1980s
 21299 10558 infeasible  165               -  140.00000      -   215 1985s
 21378 10569  140.00000  146  263          -  140.00000      -   215 1990s
 21442 10593  140.00000  141  970          -  140.00000      -   216 1995s
 21546 10631  140.00000  146  729          -  140.00000      -   215 2000s
 21645 10657  140.00000  175  541          -  140.00000      -   215 2005s
 21717 10693  140.00000  148  653          -  140.00000      -   215 2010s
 21818 10753  140.00000  169  110          -  140.00000      -   215 2015s
 21910 10783 infeasible  169               -  140.00000      -   215 2020s
 22047 10838 infeasible  180               -  140.00000      -   215 2025s
 22209 10920  140.00000  178  416          -  140.00000      -   214 2030s
 22296 10948  140.00000  181  457          -  140.00000      -   214 2035s
 22431 11011 infeasible  175               -  140.00000      -   214 2040s
 22609 11073  140.00000  166  448          -  140.00000      -   213 2045s
 22725 11133 infeasible  139               -  140.00000      -   213 2050s
 22767 11158  140.00000  145  327          -  140.00000      -   213 2055s
 22852 11199  140.00000  139  162          -  140.00000      -   214 2061s
 22977 11269  140.00000  143  597          -  140.00000      -   213 2065s
 23081 11313 infeasible  160               -  140.00000      -   213 2070s
 23243 11379  140.00000  144  659          -  140.00000      -   212 2075s
 23454 11486  140.00000  135  662          -  140.00000      -   211 2080s
 23537 11544  140.00000  150  557          -  140.00000      -   211 2085s
 23664 11612  140.00000  141  560          -  140.00000      -   211 2090s
 23859 11706 infeasible  170               -  140.00000      -   210 2095s
 24028 11794  140.00000  170  671          -  140.00000      -   209 2100s
 24152 11854 infeasible  177               -  140.00000      -   209 2105s
 24286 11923 infeasible  164               -  140.00000      -   209 2110s
 24431 12021  140.00000  146  488          -  140.00000      -   208 2115s
 24527 12071  140.00000  146  739          -  140.00000      -   208 2120s
 24630 12114  140.00000  129  181          -  140.00000      -   208 2125s
 24727 12169  140.00000  132  132          -  140.00000      -   208 2130s
 24841 12253  140.00000  155  504          -  140.00000      -   208 2135s
 24947 12298  140.00000  133  669          -  140.00000      -   208 2140s
 25092 12363 infeasible  158               -  140.00000      -   207 2145s
 25221 12424  140.00000  134  445          -  140.00000      -   207 2150s
 25323 12485  140.00000  148  572          -  140.00000      -   206 2168s
 25326 12484 infeasible  148               -  140.00000      -   206 2170s
 25338 12486  140.00000  154  423          -  140.00000      -   206 2175s
 25366 12501 infeasible  147               -  140.00000      -   206 2180s
 25505 12562  140.00000  154  409          -  140.00000      -   206 2189s
 25562 12589  140.00000  162  317          -  140.00000      -   205 2190s
 25714 12671  140.00000  154  396          -  140.00000      -   205 2195s
 25902 12763 infeasible  168               -  140.00000      -   204 2200s
 26065 12827  140.00000  158  375          -  140.00000      -   204 2205s
 26190 12886  140.00000  148  812          -  140.00000      -   203 2210s
 26277 12919  140.00000  150  272          -  140.00000      -   204 2215s
 26432 12977 infeasible  171               -  140.00000      -   203 2220s
 26519 13016  140.00000  151  440          -  140.00000      -   203 2225s
 26621 13046  140.00000  156  540          -  140.00000      -   203 2230s
 26854 13133  140.00000  157  305          -  140.00000      -   202 2235s
 27135 13231 infeasible  156               -  140.00000      -   200 2240s
 27292 13307  140.00000  137  491          -  140.00000      -   200 2245s
 27358 13338 infeasible  146               -  140.00000      -   200 2250s
 27523 13414  140.00000  141  652          -  140.00000      -   200 2255s
 27706 13471  140.00000  142  359          -  140.00000      -   199 2260s
 27913 13554 infeasible  147               -  140.00000      -   198 2265s
 28191 13667  140.00000  134  665          -  140.00000      -   197 2270s
 28361 13753  140.00000  150  446          -  140.00000      -   197 2275s
 28508 13817  140.00000  132  523          -  140.00000      -   196 2280s
 28648 13899 infeasible  149               -  140.00000      -   196 2285s
 28711 13937 infeasible  149               -  140.00000      -   196 2290s
 28821 13974 infeasible  155               -  140.00000      -   196 2295s
 29000 14046 infeasible  150               -  140.00000      -   196 2300s
 29180 14122  140.00000  145  640          -  140.00000      -   195 2305s
 29276 14175 infeasible  143               -  140.00000      -   195 2310s
 29396 14223  140.00000  128  195          -  140.00000      -   195 2315s
 29462 14278  140.00000  158  463          -  140.00000      -   196 2320s
 29594 14333  140.00000  130  177          -  140.00000      -   195 2325s
 29807 14455 infeasible  149               -  140.00000      -   195 2330s
 29971 14523  140.00000  143  408          -  140.00000      -   194 2335s
 30136 14589  140.00000  136  627          -  140.00000      -   194 2340s
 30400 14688  140.00000  137  226          -  140.00000      -   193 2345s
 30495 14726 infeasible  149               -  140.00000      -   193 2350s
 30539 14745  140.00000  160  296          -  140.00000      -   193 2355s
 30606 14755  140.00000  157  470          -  140.00000      -   193 2364s
 30613 14755 infeasible  159               -  140.00000      -   193 2365s
 30700 14790  140.00000  148  308          -  140.00000      -   193 2370s
 30854 14860 infeasible  158               -  140.00000      -   192 2375s
 31006 14947 infeasible  157               -  140.00000      -   192 2380s
 31132 14995 infeasible  161               -  140.00000      -   192 2385s
 31296 15078  140.00000  141  118          -  140.00000      -   191 2390s
 31368 15102  140.00000  144  368          -  140.00000      -   191 2395s
 31489 15152 infeasible  154               -  140.00000      -   191 2400s
 31640 15226 infeasible  161               -  140.00000      -   191 2405s
 31752 15271  140.00000  154  619          -  140.00000      -   191 2410s
 31955 15365 infeasible  165               -  140.00000      -   190 2415s
 32074 15398  140.00000  140  201          -  140.00000      -   190 2420s
 32196 15460  140.00000  147  412          -  140.00000      -   190 2425s
 32293 15511  140.00000  143  489          -  140.00000      -   190 2430s
 32449 15567 infeasible  157               -  140.00000      -   189 2435s
 32649 15660  140.00000  147  231          -  140.00000      -   188 2440s
 32839 15725  140.00000  147  517          -  140.00000      -   188 2445s
 33066 15817  140.00000  152  322          -  140.00000      -   187 2450s
 33268 15876  140.00000  146  364          -  140.00000      -   186 2455s
 33493 15985  140.00000  151  410          -  140.00000      -   186 2460s
 33667 16073 infeasible  174               -  140.00000      -   185 2465s
 33830 16121  140.00000  157  606          -  140.00000      -   185 2470s
 33905 16129  140.00000  136  552          -  140.00000      -   185 2475s
 33986 16140  140.00000  142  357          -  140.00000      -   185 2506s
 34005 16143 infeasible  145               -  140.00000      -   185 2510s
 34029 16143  140.00000  137  200          -  140.00000      -   185 2515s
 34105 16155 infeasible  151               -  140.00000      -   184 2520s
 34324 16194 infeasible  140               -  140.00000      -   184 2525s
 34450 16249 infeasible  149               -  140.00000      -   183 2530s
 34579 16293  140.00000  126  489          -  140.00000      -   183 2535s
 34673 16338  140.00000  119   99          -  140.00000      -   183 2540s
 34766 16398  140.00000  123  665          -  140.00000      -   183 2545s
 34862 16459  140.00000  139  317          -  140.00000      -   183 2550s
 34925 16478  140.00000  130  444          -  140.00000      -   183 2555s
 35112 16586 infeasible  152               -  140.00000      -   183 2560s
 35215 16639  140.00000  126  258          -  140.00000      -   183 2565s
 35322 16690 infeasible  161               -  140.00000      -   183 2570s
 35418 16733 infeasible  143               -  140.00000      -   183 2575s
 35496 16766  140.00000  139  562          -  140.00000      -   183 2580s
 35615 16813  140.00000  159  422          -  140.00000      -   183 2585s
 35707 16848  140.00000  156  476          -  140.00000      -   182 2593s
 35783 16883  140.00000  148  508          -  140.00000      -   182 2595s
 35994 16977  140.00000  139  469          -  140.00000      -   182 2600s
 36155 17040  140.00000  183  280          -  140.00000      -   181 2605s
 36303 17107 infeasible  149               -  140.00000      -   181 2610s
 36398 17143 infeasible  149               -  140.00000      -   181 2615s
 36513 17180 infeasible  169               -  140.00000      -   181 2620s
 36571 17197 infeasible  157               -  140.00000      -   181 2625s
 36765 17263  140.00000  149  229          -  140.00000      -   180 2630s
 36890 17322  140.00000  145  380          -  140.00000      -   180 2635s
 37020 17398  140.00000  162  967          -  140.00000      -   180 2640s
 37138 17444  140.00000  168  677          -  140.00000      -   180 2645s
 37216 17473  140.00000  140  534          -  140.00000      -   180 2650s
 37346 17533  140.00000  149  137          -  140.00000      -   179 2655s
 37511 17601  140.00000  149  122          -  140.00000      -   179 2660s
 37627 17655  140.00000  156  520          -  140.00000      -   179 2665s
 37700 17699  140.00000  144  587          -  140.00000      -   179 2670s
 37818 17747  140.00000  139  242          -  140.00000      -   179 2675s
 37944 17813  140.00000  151  778          -  140.00000      -   178 2680s
 38043 17860  140.00000  145  315          -  140.00000      -   178 2685s
 38175 17902  140.00000  157  549          -  140.00000      -   178 2690s
 38267 17934  140.00000  166  606          -  140.00000      -   178 2695s
 38388 17973  140.00000  153  516          -  140.00000      -   178 2700s
 38518 18028  139.00000  185  207          -  140.00000      -   178 2705s
 38724 18136  140.00000  142  516          -  140.00000      -   177 2710s
 38848 18203  140.00000  143  517          -  140.00000      -   177 2715s
 38972 18255 infeasible  149               -  140.00000      -   177 2720s
 39112 18325  140.00000  141  547          -  140.00000      -   177 2725s
 39257 18390  140.00000  177  385          -  140.00000      -   176 2730s
 39420 18439  140.00000  154  423          -  140.00000      -   176 2735s
 39608 18497  140.00000  130  227          -  140.00000      -   176 2740s
 39748 18547  140.00000  154  674          -  140.00000      -   176 2745s
 39892 18604  140.00000  159   89          -  140.00000      -   175 2750s
 40096 18677 infeasible  172               -  140.00000      -   175 2755s
 40259 18725  139.00000  146  494          -  140.00000      -   174 2760s
 40459 18794  140.00000  153  582          -  140.00000      -   174 2765s
 40665 18869 infeasible  159               -  140.00000      -   173 2770s
 40808 18909 infeasible  169               -  140.00000      -   173 2779s
 40849 18926 infeasible  160               -  140.00000      -   173 2780s
 41070 18981  140.00000  158  316          -  140.00000      -   172 2785s
 41257 19003 infeasible  162               -  140.00000      -   172 2790s
 41449 19084  140.00000  151  393          -  140.00000      -   172 2795s
 41709 19223  140.00000  147  325          -  140.00000      -   171 2800s
 41926 19286  140.00000  134  831          -  140.00000      -   170 2805s
 42006 19325  140.00000  156  533          -  140.00000      -   171 2810s
 42091 19351  140.00000  152  641          -  140.00000      -   171 2815s
 42211 19401  140.00000  139  112          -  140.00000      -   171 2820s
 42371 19483  140.00000  156  776          -  140.00000      -   170 2825s
 42545 19559  140.00000  142  714          -  140.00000      -   170 2830s
 42666 19611  140.00000  154  364          -  140.00000      -   170 2835s
 42828 19668  140.00000  171  349          -  140.00000      -   170 2840s
 42986 19736  140.00000  160  426          -  140.00000      -   170 2845s
 43105 19806  140.00000  172  675          -  140.00000      -   169 2850s
 43166 19821 infeasible  164               -  140.00000      -   170 2855s
 43220 19854  140.00000  155  448          -  140.00000      -   170 2860s
 43343 19893 infeasible  169               -  140.00000      -   170 2865s
 43480 19981 infeasible  173               -  140.00000      -   170 2870s
 43658 20059  140.00000  164  651          -  140.00000      -   170 2875s
 43721 20081  140.00000  160  144          -  140.00000      -   170 2880s
 43889 20146 infeasible  161               -  140.00000      -   169 2885s
 43965 20169  140.00000  145  546          -  140.00000      -   169 2890s
 44054 20221  140.00000  167  860          -  140.00000      -   169 2895s
 44192 20287  140.00000  166  545          -  140.00000      -   169 2900s
 44313 20339  140.00000  177  423          -  140.00000      -   169 2905s
 44371 20360 infeasible  179               -  140.00000      -   170 2910s
 44469 20390 infeasible  157               -  140.00000      -   170 2915s
 44563 20457  140.00000  159   84          -  140.00000      -   170 2920s
 44718 20518 infeasible  195               -  140.00000      -   169 2925s
 44927 20617  140.00000  158  272          -  140.00000      -   169 2930s
 45061 20648  140.00000  163  512          -  140.00000      -   169 2935s
 45132 20669  140.00000  146  390          -  140.00000      -   169 2940s
 45276 20722  140.00000  144  427          -  140.00000      -   169 2945s
 45351 20759  140.00000  156  861          -  140.00000      -   169 2950s
 45513 20823 infeasible  160               -  140.00000      -   168 2955s
 45645 20880 infeasible  166               -  140.00000      -   168 2960s
 45766 20924 infeasible  169               -  140.00000      -   168 2965s
 45846 20953  140.00000  139  401          -  140.00000      -   168 2970s
 45909 20977  140.00000  149  545          -  140.00000      -   168 2977s
 45966 21003 infeasible  166               -  140.00000      -   168 2980s
 46153 21042  140.00000  148  524          -  140.00000      -   168 2985s
 46209 21059 infeasible  149               -  140.00000      -   168 2991s
 46215 21055  140.00000  135  204          -  140.00000      -   168 3028s
 46225 21063 infeasible  145               -  140.00000      -   168 3030s
 46242 21060 infeasible  143               -  140.00000      -   168 3035s
 46257 21063  140.00000  142  509          -  140.00000      -   168 3040s
 46269 21067  140.00000  146  267          -  140.00000      -   168 3045s
 46280 21064  140.00000  142  244          -  140.00000      -   168 3050s
 46495 21150  140.00000  148  474          -  140.00000      -   168 3055s
 46648 21193  140.00000  143  336          -  140.00000      -   167 3060s
 46832 21274 infeasible  155               -  140.00000      -   167 3065s
 46990 21325  140.00000  142  221          -  140.00000      -   167 3070s
 47178 21400  140.00000  151  220          -  140.00000      -   167 3075s
 47327 21431 infeasible  144               -  140.00000      -   166 3080s
 47499 21486  140.00000  138  541          -  140.00000      -   166 3085s
 47697 21587  140.00000  166  382          -  140.00000      -   166 3090s
 47868 21646 infeasible  149               -  140.00000      -   166 3095s
 48022 21687 infeasible  151               -  140.00000      -   165 3100s
 48124 21703 infeasible  155               -  140.00000      -   165 3105s
 48192 21717 infeasible  159               -  140.00000      -   166 3110s
 48267 21732 infeasible  149               -  140.00000      -   166 3115s
 48462 21783  140.00000  152  210          -  140.00000      -   165 3120s
 48650 21862 infeasible  158               -  140.00000      -   165 3125s
 48817 21953  140.00000  152  562          -  140.00000      -   165 3130s
 49028 22041  140.00000  159  106          -  140.00000      -   164 3135s
 49144 22075 infeasible  157               -  140.00000      -   164 3140s
 49253 22113  140.00000  165  721          -  140.00000      -   164 3145s
 49384 22160  140.00000  161  554          -  140.00000      -   164 3150s
 49483 22193 infeasible  169               -  140.00000      -   164 3155s
 49667 22280  140.00000  145  839          -  140.00000      -   164 3160s
 49818 22351  140.00000  146  907          -  140.00000      -   164 3165s
 49925 22383 infeasible  149               -  140.00000      -   164 3170s
 50064 22420  140.00000  159  129          -  140.00000      -   164 3175s
 50226 22483 infeasible  159               -  140.00000      -   164 3180s
 50358 22534 infeasible  158               -  140.00000      -   164 3185s
 50443 22574  140.00000  150  664          -  140.00000      -   164 3190s
 50568 22601 infeasible  148               -  140.00000      -   164 3195s
 50671 22632  140.00000  152  547          -  140.00000      -   164 3200s
 50773 22665 infeasible  168               -  140.00000      -   164 3205s
 50966 22735  140.00000  158  277          -  140.00000      -   163 3210s
 51010 22738 infeasible  162               -  140.00000      -   163 3215s
 51117 22762  140.00000  163  476          -  140.00000      -   163 3220s
 51267 22796  140.00000  154  546          -  140.00000      -   163 3225s
 51397 22840 infeasible  158               -  140.00000      -   163 3230s
 51534 22887  140.00000  154  324          -  140.00000      -   163 3235s
 51627 22915 infeasible  151               -  140.00000      -   163 3240s
 51774 22972  140.00000  150  347          -  140.00000      -   163 3245s
 51925 23034 infeasible  138               -  140.00000      -   163 3250s
 52074 23092 infeasible  146               -  140.00000      -   163 3255s
 52231 23123  140.00000  125  985          -  140.00000      -   162 3260s
 52323 23177 infeasible  147               -  140.00000      -   162 3265s
 52439 23217  140.00000  139  131          -  140.00000      -   162 3270s
 52540 23260 infeasible  132               -  140.00000      -   162 3275s
 52617 23283  140.00000  138  507          -  140.00000      -   163 3280s
 52845 23384 infeasible  169               -  140.00000      -   162 3285s
 52999 23430 infeasible  161               -  140.00000      -   162 3290s
 53152 23485  140.00000  149  409          -  140.00000      -   162 3295s
 53333 23557 infeasible  169               -  140.00000      -   162 3300s
 53455 23598  140.00000  150  197          -  140.00000      -   162 3305s
 53583 23664  139.00000  170  270          -  140.00000      -   162 3310s
 53813 23771 infeasible  153               -  140.00000      -   161 3315s
 53970 23858 infeasible  156               -  140.00000      -   161 3320s
 54223 23993  140.00000  162  375          -  140.00000      -   161 3325s
 54471 24091  140.00000  155  473          -  140.00000      -   160 3330s
 54721 24184  140.00000  148  359          -  140.00000      -   160 3335s
 54974 24248 infeasible  160               -  140.00000      -   159 3340s
 55257 24293  140.00000  143  408          -  140.00000      -   159 3345s
 55458 24372  140.00000  147  503          -  140.00000      -   158 3350s
 55734 24466 infeasible  154               -  140.00000      -   158 3355s
 55895 24517 infeasible  170               -  140.00000      -   158 3360s
 56085 24566  140.00000  145  264          -  140.00000      -   157 3365s
 56111 24582  140.00000  158  400          -  140.00000      -   157 3370s
 56231 24611  140.00000  132  282          -  140.00000      -   157 3375s
 56447 24722  140.00000  142  559          -  140.00000      -   157 3380s
 56630 24796  140.00000  152  679          -  140.00000      -   157 3385s
 56819 24864  140.00000  148  413          -  140.00000      -   157 3390s
 56954 24914  140.00000  148  612          -  140.00000      -   157 3395s
 57095 24957  140.00000  147  288          -  140.00000      -   157 3400s
 57219 24988 infeasible  154               -  140.00000      -   157 3405s
 57289 25013 infeasible  149               -  140.00000      -   157 3410s
 57450 25071 infeasible  159               -  140.00000      -   157 3415s
 57538 25094  140.00000  163  504          -  140.00000      -   157 3420s
 57720 25154 infeasible  160               -  140.00000      -   157 3425s
 57861 25170 infeasible  150               -  140.00000      -   157 3430s
 58020 25238 infeasible  138               -  140.00000      -   157 3435s
 58325 25332  140.00000  152  516          -  140.00000      -   156 3440s
 58434 25374  140.00000  169  424          -  140.00000      -   156 3445s
 58617 25444 infeasible  151               -  140.00000      -   156 3450s
 58748 25501 infeasible  169               -  140.00000      -   156 3455s
 58849 25531 infeasible  159               -  140.00000      -   156 3460s
 58964 25560  140.00000  133  398          -  140.00000      -   156 3465s
 59132 25623  140.00000  158  481          -  140.00000      -   156 3470s
 59278 25688 infeasible  152               -  140.00000      -   156 3475s
 59413 25751  140.00000  136  459          -  140.00000      -   156 3480s
 59567 25785 infeasible  149               -  140.00000      -   156 3485s
 59649 25819  140.00000  145  344          -  140.00000      -   156 3490s
 59791 25894 infeasible  139               -  140.00000      -   156 3495s
 59911 25958  140.00000  148  409          -  140.00000      -   156 3500s
 60016 25991  140.00000  136  673          -  140.00000      -   156 3505s
 60130 26019 infeasible  157               -  140.00000      -   156 3510s
 60281 26063  140.00000  144  577          -  140.00000      -   156 3515s
 60392 26093  140.00000  153  712          -  140.00000      -   156 3520s
 60518 26130  140.00000  158  532          -  140.00000      -   156 3525s
 60712 26191 infeasible  149               -  140.00000      -   156 3530s
 60848 26237  140.00000  155  494          -  140.00000      -   156 3535s
 60969 26264 infeasible  162               -  140.00000      -   155 3540s
 61086 26303 infeasible  157               -  140.00000      -   155 3545s
 61212 26325  140.00000  142  262          -  140.00000      -   155 3553s
 61229 26327 infeasible  143               -  140.00000      -   155 3555s
 61368 26395 infeasible  157               -  140.00000      -   155 3560s
 61570 26499 infeasible  151               -  140.00000      -   155 3565s
 61711 26576  140.00000  140  490          -  140.00000      -   155 3570s
 61884 26625  140.00000  131  505          -  140.00000      -   155 3575s
 62120 26720 infeasible  151               -  140.00000      -   154 3580s
 62364 26826 infeasible  149               -  140.00000      -   154 3585s
 62430 26853  140.00000  138  594          -  140.00000      -   154 3590s
 62663 26952 infeasible  136               -  140.00000      -   154 3595s

Cutting planes:
  Gomory: 29
  Cover: 186
  Implied bound: 26
  Projected implied bound: 1
  Clique: 54
  MIR: 8
  StrongCG: 19
  Flow cover: 134
  GUB cover: 3
  Zero half: 32
  Relax-and-lift: 28

Explored 62892 nodes (9680943 simplex iterations) in 3600.01 seconds (2976.07 work units)
Thread count was 1 (of 8 available processors)

Solution count 0

Time limit reached
Best objective -, best bound 1.400000000000e+02, gap -
