
Gurobi 11.0.1 (win64) logging started Mon Apr  1 12:50:12 2024

Set parameter LogFile to value "C:\Projetos\Job_Rotation_Algorithms\Outputs\GurobiLogs\gurobi_log-output-66_ton-c97-BorbaRittModel-NoExtraConstraint-2.log"
Gurobi Optimizer version 11.0.1 build v11.0.1rc0 (win64 - Windows 10.0 (19045.2))

CPU model: 11th Gen Intel(R) Core(TM) i7-1165G7 @ 2.80GHz, instruction set [SSE2|AVX|AVX2|AVX512]
Thread count: 4 physical cores, 8 logical processors, using up to 1 threads


Gurobi 11.0.1 (win64) logging started Mon Apr  1 21:38:00 2024

Set parameter LogFile to value "C:\Projetos\Job_Rotation_Algorithms\Outputs\GurobiLogs\gurobi_log-output-66_ton-c97-BorbaRittModel-NoExtraConstraint-2.log"
Gurobi Optimizer version 11.0.1 build v11.0.1rc0 (win64 - Windows 10.0 (19045.2))

CPU model: 11th Gen Intel(R) Core(TM) i7-1165G7 @ 2.80GHz, instruction set [SSE2|AVX|AVX2|AVX512]
Thread count: 4 physical cores, 8 logical processors, using up to 1 threads


Gurobi 11.0.1 (win64) logging started Thu Apr  4 23:35:23 2024

Set parameter LogFile to value "C:\Projetos\Job_Rotation_Algorithms\Outputs\GurobiLogs\gurobi_log-output-66_ton-c97-BorbaRittModel-NoExtraConstraint-2.log"
Gurobi Optimizer version 11.0.1 build v11.0.1rc0 (win64 - Windows 10.0 (19045.2))

CPU model: 11th Gen Intel(R) Core(TM) i7-1165G7 @ 2.80GHz, instruction set [SSE2|AVX|AVX2|AVX512]
Thread count: 4 physical cores, 8 logical processors, using up to 1 threads


Gurobi 11.0.1 (win64) logging started Sat Apr  6 13:05:48 2024

Set parameter LogFile to value "C:\Projetos\Job_Rotation_Algorithms\Outputs\GurobiLogs\gurobi_log-output-66_ton-c97-BorbaRittModel-NoExtraConstraint-2.log"
Gurobi Optimizer version 11.0.1 build v11.0.1rc0 (win64 - Windows 10.0 (19045.2))

CPU model: 11th Gen Intel(R) Core(TM) i7-1165G7 @ 2.80GHz, instruction set [SSE2|AVX|AVX2|AVX512]
Thread count: 4 physical cores, 8 logical processors, using up to 1 threads


Gurobi 11.0.1 (win64) logging started Sun Apr  7 02:37:48 2024

Set parameter LogFile to value "C:\Projetos\Job_Rotation_Algorithms\Outputs\GurobiLogs\gurobi_log-output-66_ton-c97-BorbaRittModel-NoExtraConstraint-2.log"
Gurobi Optimizer version 11.0.1 build v11.0.1rc0 (win64 - Windows 10.0 (19045.2))

CPU model: 11th Gen Intel(R) Core(TM) i7-1165G7 @ 2.80GHz, instruction set [SSE2|AVX|AVX2|AVX512]
Thread count: 4 physical cores, 8 logical processors, using up to 1 threads


Gurobi 11.0.1 (win64) logging started Sun Apr  7 09:50:46 2024

Set parameter LogFile to value "C:\Projetos\Job_Rotation_Algorithms\Outputs\GurobiLogs\gurobi_log-output-66_ton-c97-BorbaRittModel-NoExtraConstraint-2.log"
Gurobi Optimizer version 11.0.1 build v11.0.1rc0 (win64 - Windows 10.0 (19045.2))

CPU model: 11th Gen Intel(R) Core(TM) i7-1165G7 @ 2.80GHz, instruction set [SSE2|AVX|AVX2|AVX512]
Thread count: 4 physical cores, 8 logical processors, using up to 1 threads


Gurobi 11.0.1 (win64) logging started Wed Apr 10 17:39:34 2024

Set parameter LogFile to value "C:\Projetos\Job_Rotation_Algorithms\Outputs\GurobiLogs\gurobi_log-output-66_ton-c97-BorbaRittModel-NoExtraConstraint-2.log"
Gurobi Optimizer version 11.0.1 build v11.0.1rc0 (win64 - Windows 10.0 (19045.2))

CPU model: 11th Gen Intel(R) Core(TM) i7-1165G7 @ 2.80GHz, instruction set [SSE2|AVX|AVX2|AVX512]
Thread count: 4 physical cores, 8 logical processors, using up to 1 threads


Gurobi 11.0.1 (win64) logging started Thu Apr 11 01:44:25 2024

Set parameter LogFile to value "C:\Projetos\Job_Rotation_Algorithms\Outputs\GurobiLogs\gurobi_log-output-66_ton-c97-BorbaRittModel-NoExtraConstraint-2.log"
Gurobi Optimizer version 11.0.1 build v11.0.1rc0 (win64 - Windows 10.0 (19045.2))

CPU model: 11th Gen Intel(R) Core(TM) i7-1165G7 @ 2.80GHz, instruction set [SSE2|AVX|AVX2|AVX512]
Thread count: 4 physical cores, 8 logical processors, using up to 1 threads


Gurobi 11.0.1 (win64) logging started Sun Apr 21 03:01:18 2024

Set parameter LogFile to value "C:\Projetos\Job_Rotation_Algorithms\Outputs\GurobiLogs\gurobi_log-output-66_ton-c97-BorbaRittModel-NoExtraConstraint-2.log"
Gurobi Optimizer version 11.0.1 build v11.0.1rc0 (win64 - Windows 10.0 (19045.2))

CPU model: 11th Gen Intel(R) Core(TM) i7-1165G7 @ 2.80GHz, instruction set [SSE2|AVX|AVX2|AVX512]
Thread count: 4 physical cores, 8 logical processors, using up to 1 threads


Gurobi 11.0.1 (win64) logging started Fri Apr 26 07:43:16 2024

Set parameter LogFile to value "C:\Projetos\Job_Rotation_Algorithms\Outputs\GurobiLogs\gurobi_log-output-66_ton-c97-BorbaRittModel-NoExtraConstraint-2.log"
Gurobi Optimizer version 11.0.1 build v11.0.1rc0 (win64 - Windows 10.0 (19045.2))

CPU model: 11th Gen Intel(R) Core(TM) i7-1165G7 @ 2.80GHz, instruction set [SSE2|AVX|AVX2|AVX512]
Thread count: 4 physical cores, 8 logical processors, using up to 1 threads


Gurobi 11.0.1 (win64) logging started Sat Apr 27 04:34:29 2024

Set parameter LogFile to value "C:\Projetos\Job_Rotation_Algorithms\Outputs\GurobiLogs\gurobi_log-output-66_ton-c97-BorbaRittModel-NoExtraConstraint-2.log"
Gurobi Optimizer version 11.0.1 build v11.0.1rc0 (win64 - Windows 10.0 (19045.2))

CPU model: 11th Gen Intel(R) Core(TM) i7-1165G7 @ 2.80GHz, instruction set [SSE2|AVX|AVX2|AVX512]
Thread count: 4 physical cores, 8 logical processors, using up to 1 threads


Gurobi 11.0.1 (win64) logging started Sat Apr 27 14:52:34 2024

Set parameter LogFile to value "C:\Projetos\Job_Rotation_Algorithms\Outputs\GurobiLogs\gurobi_log-output-66_ton-c97-BorbaRittModel-NoExtraConstraint-2.log"
Gurobi Optimizer version 11.0.1 build v11.0.1rc0 (win64 - Windows 10.0 (19045.2))

CPU model: 11th Gen Intel(R) Core(TM) i7-1165G7 @ 2.80GHz, instruction set [SSE2|AVX|AVX2|AVX512]
Thread count: 4 physical cores, 8 logical processors, using up to 1 threads


Gurobi 11.0.1 (win64) logging started Sat May  4 06:01:20 2024

Set parameter LogFile to value "C:\Projetos\Job_Rotation_Algorithms\Outputs\GurobiLogs\gurobi_log-output-66_ton-c97-BorbaRittModel-NoExtraConstraint-2.log"
Gurobi Optimizer version 11.0.1 build v11.0.1rc0 (win64 - Windows 10.0 (19045.2))

CPU model: 11th Gen Intel(R) Core(TM) i7-1165G7 @ 2.80GHz, instruction set [SSE2|AVX|AVX2|AVX512]
Thread count: 4 physical cores, 8 logical processors, using up to 1 threads

WLS license 901038 - registered to Bitka Analytics
Optimize a model with 46361 rows, 3702 columns and 142530 nonzeros
Model fingerprint: 0x7fdc180e
Variable types: 2 continuous, 3700 integer (3700 binary)
Coefficient statistics:
  Matrix range     [1e+00, 3e+02]
  Objective range  [1e+00, 1e+00]
  Bounds range     [1e+00, 2e+02]
  RHS range        [1e+00, 2e+02]
Presolve removed 3815 rows and 157 columns
Presolve time: 0.45s
Presolved: 42546 rows, 3545 columns, 130878 nonzeros
Variable types: 0 continuous, 3545 integer (3544 binary)
Root relaxation presolved: 3545 rows, 46091 columns, 134423 nonzeros


Root relaxation: objective 1.400000e+02, 8021 iterations, 0.81 seconds (0.77 work units)

    Nodes    |    Current Node    |     Objective Bounds      |     Work
 Expl Unexpl |  Obj  Depth IntInf | Incumbent    BestBd   Gap | It/Node Time

     0     0  140.00000    0  404          -  140.00000      -     -    4s
     0     0  140.00000    0  402          -  140.00000      -     -    5s
     0     0  140.00000    0  455          -  140.00000      -     -    6s
     0     0  140.00000    0  366          -  140.00000      -     -   14s
     0     0  140.00000    0  369          -  140.00000      -     -   15s
     0     0  140.00000    0  640          -  140.00000      -     -   26s
     0     0  140.00000    0  594          -  140.00000      -     -   27s
     0     0  140.00000    0  535          -  140.00000      -     -   39s
     0     0  140.00000    0  568          -  140.00000      -     -   41s
     0     0  140.00000    0  637          -  140.00000      -     -   48s
     0     0  140.00000    0  630          -  140.00000      -     -   49s
     0     0  140.00000    0  483          -  140.00000      -     -   54s
     0     0  140.00000    0  363          -  140.00000      -     -   58s
     0     2  140.00000    0  342          -  140.00000      -     -   67s
    30    32  140.00000   21  316          -  140.00000      -   297   70s
   103   104  140.00000   66  333          -  140.00000      -   232   75s
   173   167  140.00000   33  289          -  140.00000      -   218   80s
   258   247  140.00000   59  446          -  140.00000      -   207   85s
   326   301  140.00000   31  436          -  140.00000      -   216   90s
   422   395  140.00000   94  300          -  140.00000      -   209   95s
   533   452  140.00000   70  600          -  140.00000      -   201  100s
   571   476  140.00000   52  363          -  140.00000      -   212  105s
   573   477  140.00000   19  471          -  140.00000      -   211  115s
   574   478  140.00000   70  355          -  140.00000      -   211  125s
   576   479  140.00000   13  351          -  140.00000      -   210  133s
   578   481  140.00000   32  301          -  140.00000      -   210  140s
   580   482  140.00000   23  467          -  140.00000      -   209  148s
   582   483  140.00000    8  269          -  140.00000      -   208  154s
   583   484  140.00000   46  355          -  140.00000      -   208  155s
   584   485  140.00000    8  527          -  140.00000      -   207  162s
   585   485  140.00000    8  546          -  140.00000      -   207  165s
   586   486  140.00000   80  352          -  140.00000      -   207  173s
   587   487  140.00000   20  552          -  140.00000      -   206  176s
   588   487  140.00000   15  697          -  140.00000      -   206  188s
   589   488  140.00000   21  662          -  140.00000      -   206  192s
   590   489  140.00000   48  396          -  140.00000      -   205  203s
   591   489  140.00000   75  585          -  140.00000      -   205  206s
   592   490  140.00000   14  483          -  140.00000      -   205  215s
   593   491  140.00000   57  483          -  140.00000      -   204  220s
   595   494  140.00000   15  432          -  140.00000      -   345  230s
   608   503  140.00000   21  270          -  140.00000      -   342  241s
   622   512  140.00000   28  430          -  140.00000      -   346  245s
   648   529  140.00000   41  417          -  140.00000      -   343  250s
   698   563  140.00000   66  327          -  140.00000      -   332  255s
   700   564  140.00000   67  326          -  140.00000      -   331  266s
   727   582  140.00000   81  317          -  140.00000      -   327  270s
   762   585  140.00000   29  428          -  140.00000      -   323  275s
   803   611  140.00000   49  370          -  140.00000      -   318  280s
   824   615  140.00000   29  405          -  140.00000      -   323  285s
   850   632  140.00000   42  319          -  140.00000      -   324  290s
   890   659  140.00000   62  367          -  140.00000      -   322  295s
   926   683  140.00000   80  375          -  140.00000      -   323  300s
   957   703  140.00000   96  402          -  140.00000      -   324  305s
   983   701  140.00000   25  313          -  140.00000      -   328  310s
  1031   733  140.00000   49  430          -  140.00000      -   324  315s
  1089   765  140.00000   78  332          -  140.00000      -   316  320s
  1122   767  140.00000   34  506          -  140.00000      -   321  325s
  1194   813  140.00000   70  332          -  140.00000      -   312  330s
  1228   822  140.00000   33  316          -  140.00000      -   316  335s
  1281   857  140.00000   59  432          -  140.00000      -   312  340s
  1328   889  140.00000   83  402          -  140.00000      -   311  345s
  1363   912  140.00000  100  412          -  140.00000      -   314  350s
  1396   914  140.00000   72  371          -  140.00000      -   318  355s
  1439   929  140.00000   42  290          -  140.00000      -   317  360s
  1500   967  140.00000   70  289          -  140.00000      -   311  365s
  1547   985  140.00000   47  369          -  140.00000      -   311  370s
  1610  1027  140.00000   75  319          -  140.00000      -   306  375s
  1658  1047  140.00000   90  374          -  140.00000      -   307  380s
  1696  1052  140.00000   39  342          -  140.00000      -   308  385s
  1731  1075  140.00000   53  405          -  140.00000      -   309  390s
  1773  1099  140.00000   70  322          -  140.00000      -   308  395s
  1800  1105 infeasible   80               -  140.00000      -   312  400s
  1827  1113  140.00000   37  440          -  140.00000      -   316  405s
  1861  1136  140.00000   48  401          -  140.00000      -   316  410s
  1924  1178  140.00000   79  353          -  140.00000      -   313  415s
  1971  1207  140.00000  102  244          -  140.00000      -   314  420s
  1997  1213  140.00000  109  280          -  140.00000      -   320  425s
  2033  1213  140.00000   43  321          -  140.00000      -   322  430s
  2105  1273  140.00000   70  375          -  140.00000      -   320  435s
  2160  1310  140.00000   92  296          -  140.00000      -   322  440s
  2211  1339 infeasible   84               -  140.00000      -   325  445s
  2243  1347  140.00000   63  395          -  140.00000      -   330  450s
  2262  1364  140.00000   70  294          -  140.00000      -   332  468s
  2278  1372  140.00000   80  246          -  140.00000      -   332  470s
  2321  1387  140.00000   86  220          -  140.00000      -   333  475s
  2384  1400  140.00000   81  225          -  140.00000      -   335  480s
  2445  1415  140.00000   94  306          -  140.00000      -   338  485s
  2506  1434  140.00000   88  264          -  140.00000      -   342  490s
  2585  1441  140.00000   96  229          -  140.00000      -   342  495s
  2647  1439  140.00000   89  233          -  140.00000      -   345  500s
  2706  1448 infeasible   90               -  140.00000      -   349  505s
  2776  1444 infeasible   90               -  140.00000      -   349  510s
  2841  1449  140.00000   67  388          -  140.00000      -   351  515s
  2878  1472  140.00000   37  381          -  140.00000      -   352  520s
  2941  1535  140.00000   69  439          -  140.00000      -   350  525s
  2984  1556 infeasible   94               -  140.00000      -   351  530s
  3042  1554 infeasible   91               -  140.00000      -   355  535s
  3100  1546  140.00000   93  332          -  140.00000      -   358  540s
  3179  1593  140.00000   49  341          -  140.00000      -   356  545s
  3271  1679  140.00000   87  317          -  140.00000      -   353  550s
  3333  1711  140.00000   31  365          -  140.00000      -   352  555s
  3415  1777  140.00000   72  481          -  140.00000      -   350  560s
  3520  1858  140.00000   49  384          -  140.00000      -   345  565s
  3610  1938  140.00000   41  330          -  140.00000      -   342  570s
  3667  1991 infeasible   62               -  140.00000      -   342  575s
  3725  2035  140.00000   40  355          -  140.00000      -   341  580s
  3817  2117  140.00000   85  470          -  140.00000      -   338  585s
  3869  2153 infeasible  105               -  140.00000      -   338  590s
  3939  2207  140.00000   56  354          -  140.00000      -   336  595s
  3990  2258  140.00000   72  391          -  140.00000      -   336  600s
  4026  2286  140.00000   90  415          -  140.00000      -   337  605s
  4051  2297  140.00000   36  321          -  140.00000      -   340  610s
  4147  2393  140.00000   76  438          -  140.00000      -   337  615s
  4190  2420 infeasible   95               -  140.00000      -   338  620s
  4273  2501  140.00000   62  336          -  140.00000      -   336  625s
  4319  2543  140.00000   80  385          -  140.00000      -   336  630s
  4356  2566  140.00000   40  463          -  140.00000      -   337  635s
  4385  2595  140.00000   48  432          -  140.00000      -   338  640s
  4417  2627  140.00000   58  419          -  140.00000      -   340  645s
  4460  2658 infeasible   80               -  140.00000      -   341  650s
  4528  2720  140.00000   60  340          -  140.00000      -   339  655s
  4583  2771  139.00000   78  380          -  140.00000      -   339  660s
  4615  2789  140.00000   92  291          -  140.00000      -   341  665s
  4672  2840  140.00000   67  557          -  140.00000      -   340  670s
  4707  2873 infeasible   85               -  140.00000      -   341  675s
  4766  2920  140.00000   66  347          -  140.00000      -   341  680s
  4832  2980  140.00000   89  356          -  140.00000      -   340  685s
  4889  3003  140.00000   86  373          -  140.00000      -   341  690s
  4938  3032  140.00000   88  265          -  140.00000      -   342  695s
  4993  3045  140.00000   81  318          -  140.00000      -   343  700s
  5045  3055 infeasible   80               -  140.00000      -   343  705s
  5095  3059 infeasible   79               -  140.00000      -   345  710s
  5144  3064  140.00000   80  287          -  140.00000      -   345  715s
  5169  3065  140.00000   27  363          -  140.00000      -   346  732s
  5195  3091  140.00000   41  518          -  140.00000      -   345  735s
  5258  3152  140.00000   67  381          -  140.00000      -   344  740s
  5303  3197  140.00000   88  416          -  140.00000      -   345  745s
  5330  3214  140.00000  100  350          -  140.00000      -   346  750s
  5365  3225  140.00000   32  469          -  140.00000      -   347  755s
  5429  3289  140.00000   51  437          -  140.00000      -   347  760s
  5473  3327  140.00000   66  385          -  140.00000      -   347  765s
  5500  3342  140.00000   72  378          -  140.00000      -   349  770s
  5534  3358  140.00000   90  406          -  140.00000      -   351  775s
  5632  3444  140.00000   63  374          -  140.00000      -   349  780s
  5699  3497  140.00000   94  362          -  140.00000      -   348  785s
  5752  3532  140.00000   40  489          -  140.00000      -   348  790s
  5838  3606  140.00000   72  329          -  140.00000      -   346  795s
  5897  3645  140.00000   21  546          -  140.00000      -   346  800s
  5947  3687  140.00000   41  447          -  140.00000      -   347  805s
  6015  3743  140.00000   38  363          -  140.00000      -   346  810s
  6086  3798 infeasible   68               -  140.00000      -   346  815s
  6152  3816  140.00000   89  343          -  140.00000      -   346  820s
  6178  3822  140.00000   89  332          -  140.00000      -   349  825s
  6218  3836  140.00000   95  365          -  140.00000      -   351  830s
  6274  3870  140.00000   81  293          -  140.00000      -   352  835s
  6359  3923  140.00000   55  358          -  140.00000      -   351  840s
  6418  3970 infeasible   75               -  140.00000      -   352  845s
  6470  4000 infeasible   71               -  140.00000      -   353  850s
  6520  4002 infeasible  105               -  140.00000      -   354  855s
  6562  4006  140.00000   68  412          -  140.00000      -   356  860s
  6604  4026  140.00000  102  277          -  140.00000      -   358  865s
  6682  4076  140.00000   47  417          -  140.00000      -   358  870s
  6777  4171  140.00000   83  413          -  140.00000      -   356  875s
  6824  4214  140.00000   98  332          -  140.00000      -   357  880s
  6865  4239  140.00000  109  397          -  140.00000      -   358  885s
  6905  4261  139.00000   96  441          -  140.00000      -   360  890s
  6937  4273  140.00000  110  279          -  140.00000      -   362  895s
  6977  4279 infeasible  115               -  140.00000      -   364  900s
  7026  4294  139.00000  111  314          -  140.00000      -   366  905s
  7099  4333  140.00000   68  317          -  140.00000      -   366  910s
  7184  4380  140.00000   84  278          -  140.00000      -   365  915s
  7252  4394  140.00000   88  255          -  140.00000      -   365  920s
  7302  4412  140.00000   39  401          -  140.00000      -   367  925s
  7379  4475 infeasible   70               -  140.00000      -   366  930s
  7444  4530  140.00000   55  442          -  140.00000      -   365  935s
  7508  4582  140.00000   83  487          -  140.00000      -   365  940s
  7565  4629  140.00000   42  456          -  140.00000      -   365  945s
  7647  4701  140.00000   77  306          -  140.00000      -   364  950s
  7685  4709  140.00000   66  308          -  140.00000      -   364  955s
  7823  4821  140.00000   76  239          -  140.00000      -   361  960s
  7876  4850 infeasible   96               -  140.00000      -   362  965s
  7980  4948  140.00000   77  383          -  140.00000      -   360  970s
  8035  4993  140.00000  104  370          -  140.00000      -   360  975s
  8052  4996  140.00000   42  473          -  140.00000      -   360  991s
  8143  5081  140.00000   82  345          -  140.00000      -   358  995s
  8173  5107  140.00000   96  407          -  140.00000      -   359 1000s
  8231  5137  140.00000   52  457          -  140.00000      -   359 1005s
  8317  5223  140.00000   82  486          -  140.00000      -   358 1010s
  8404  5282 infeasible   68               -  140.00000      -   357 1015s
  8498  5348  140.00000   69  340          -  140.00000      -   355 1020s
  8581  5421  140.00000   69  323          -  140.00000      -   354 1025s
  8644  5468  140.00000   93  337          -  140.00000      -   354 1030s
  8712  5514  140.00000   71  391          -  140.00000      -   353 1035s
  8782  5568  140.00000   98  253          -  140.00000      -   353 1040s
  8865  5633  140.00000   74  352          -  140.00000      -   352 1045s
  8916  5674  140.00000   98  279          -  140.00000      -   352 1050s
  8955  5695 infeasible  114               -  140.00000      -   353 1055s
  9021  5753  140.00000   83  329          -  140.00000      -   353 1060s
  9041  5761  140.00000   86  401          -  140.00000      -   354 1065s
  9102  5804  140.00000   66  305          -  140.00000      -   354 1070s
  9169  5857 infeasible   85               -  140.00000      -   354 1075s
  9248  5922 infeasible   73               -  140.00000      -   353 1081s
  9291  5955  140.00000   59  360          -  140.00000      -   353 1085s
  9382  6026  140.00000   62  300          -  140.00000      -   352 1090s
  9445  6079  140.00000   90  321          -  140.00000      -   352 1095s
  9496  6114  140.00000   72  333          -  140.00000      -   352 1100s
  9532  6132 infeasible   85               -  140.00000      -   353 1105s
  9594  6186 infeasible   77               -  140.00000      -   353 1110s
  9649  6219  140.00000   88  300          -  140.00000      -   353 1115s
  9712  6252 infeasible   71               -  140.00000      -   353 1120s
  9773  6291  140.00000   76  273          -  140.00000      -   353 1125s
  9836  6336  140.00000   70  328          -  140.00000      -   353 1130s
  9899  6397  140.00000   95  313          -  140.00000      -   353 1135s
  9956  6436  140.00000   72  353          -  140.00000      -   353 1140s
 10030  6486  140.00000   52  299          -  140.00000      -   352 1145s
 10105  6555 infeasible   90               -  140.00000      -   352 1150s
 10138  6568 infeasible  105               -  140.00000      -   353 1155s
 10171  6577  140.00000   85  402          -  140.00000      -   353 1160s
 10202  6582  140.00000   70  246          -  140.00000      -   354 1380s
 10259  6611 infeasible   91               -  140.00000      -   355 1385s
 10315  6647  140.00000   89  449          -  140.00000      -   355 1390s
 10402  6708  140.00000  104  305          -  140.00000      -   354 1395s
 10455  6741  140.00000  118  317          -  140.00000      -   354 1400s
 10510  6774  140.00000   93  345          -  140.00000      -   354 1405s
 10583  6803  140.00000   89  248          -  140.00000      -   354 1410s
 10661  6857 infeasible  122               -  140.00000      -   354 1415s
 10715  6887 infeasible  114               -  140.00000      -   355 1420s
 10747  6891 infeasible  111               -  140.00000      -   356 1425s
 10808  6928  140.00000  128  337          -  140.00000      -   356 1430s
 10857  6949  140.00000  107  380          -  140.00000      -   356 1435s
 10902  6972 infeasible   95               -  140.00000      -   357 1440s
 10965  7007 infeasible  120               -  140.00000      -   357 1445s
 11016  7016  140.00000  101  338          -  140.00000      -   358 1450s
 11070  7032 infeasible  111               -  140.00000      -   358 1455s
 11111  7049  140.00000  124  368          -  140.00000      -   358 1480s
 11176  7072 infeasible  115               -  140.00000      -   359 1485s
 11235  7107  140.00000  107  302          -  140.00000      -   359 1490s
 11295  7127 infeasible  123               -  140.00000      -   359 1495s
 11344  7142  140.00000  110  395          -  140.00000      -   360 1500s
 11403  7171  140.00000  120  303          -  140.00000      -   360 1505s
 11477  7211 infeasible  124               -  140.00000      -   360 1510s
 11550  7234  140.00000  114  290          -  140.00000      -   360 1515s
 11622  7262 infeasible  111               -  140.00000      -   360 1520s
 11682  7292 infeasible  114               -  140.00000      -   361 1525s
 11736  7308 infeasible  107               -  140.00000      -   361 1530s
 11778  7324  140.00000  110  318          -  140.00000      -   362 1535s
 11829  7319 infeasible  115               -  140.00000      -   363 1540s
 11899  7333  140.00000  112  357          -  140.00000      -   364 1545s
 11945  7343  140.00000  112  270          -  140.00000      -   365 1550s
 11985  7347 infeasible  109               -  140.00000      -   366 1555s
 12025  7351 infeasible  119               -  140.00000      -   367 1560s
 12077  7371  140.00000  112  339          -  140.00000      -   368 1565s
 12138  7390 infeasible  111               -  140.00000      -   369 1570s
 12184  7402  140.00000  106  376          -  140.00000      -   369 1575s
 12216  7408  140.00000  119  320          -  140.00000      -   371 1580s
 12261  7419  140.00000  103  398          -  140.00000      -   371 1585s
 12343  7485  140.00000   79  246          -  140.00000      -   371 1590s
 12404  7532  140.00000   96  252          -  140.00000      -   370 1595s
 12452  7552  140.00000   49  335          -  140.00000      -   371 1600s
 12550  7634  140.00000   83  315          -  140.00000      -   370 1605s
 12605  7671 infeasible   96               -  140.00000      -   370 1610s
 12633  7675 infeasible  101               -  140.00000      -   371 1615s
 12714  7746 infeasible   83               -  140.00000      -   371 1620s
 12759  7763 infeasible  100               -  140.00000      -   371 1625s
 12824  7796  140.00000  102  366          -  140.00000      -   371 1630s
 12855  7801  140.00000  112  293          -  140.00000      -   372 1635s
 12898  7824  140.00000   97  276          -  140.00000      -   373 1640s
 12957  7853  140.00000  113  293          -  140.00000      -   373 1645s
 12998  7866  140.00000   85  335          -  140.00000      -   374 1650s
 13055  7901 infeasible  110               -  140.00000      -   374 1655s
 13105  7935  140.00000  100  309          -  140.00000      -   374 1660s
 13145  7943  140.00000  110  229          -  140.00000      -   375 1665s
 13226  7994  140.00000   65  318          -  140.00000      -   374 1670s
 13274  8030  140.00000   92  272          -  140.00000      -   375 1675s
 13307  8037  140.00000  102  247          -  140.00000      -   375 1680s
 13338  8044  140.00000   89  300          -  140.00000      -   376 1685s
 13386  8050  140.00000   83  334          -  140.00000      -   377 1690s
 13440  8090  140.00000   65  277          -  140.00000      -   377 1695s
 13473  8109  140.00000   77  379          -  140.00000      -   377 1700s
 13501  8125  140.00000   68  354          -  140.00000      -   378 1705s
 13532  8144  140.00000   83  326          -  140.00000      -   378 1710s
 13587  8183  140.00000   79  357          -  140.00000      -   379 1715s
 13621  8197  140.00000   92  281          -  140.00000      -   379 1720s
 13681  8219 infeasible  104               -  140.00000      -   379 1725s
 13730  8236  140.00000   97  261          -  140.00000      -   380 1730s
 13763  8247  140.00000  104  358          -  140.00000      -   380 1735s
 13793  8261  140.00000  110  325          -  140.00000      -   381 1740s
 13818  8260  140.00000   63  292          -  140.00000      -   382 1745s
 13867  8289  140.00000   63  383          -  140.00000      -   382 1750s
 13890  8306  140.00000   71  361          -  140.00000      -   383 1755s
 13915  8315 infeasible   81               -  140.00000      -   384 1760s
 13955  8331 infeasible   74               -  140.00000      -   385 1766s
 13991  8343 infeasible   90               -  140.00000      -   385 1770s
 14057  8371 infeasible  103               -  140.00000      -   385 1775s
 14118  8400 infeasible   89               -  140.00000      -   385 1780s
 14160  8406  140.00000   59  345          -  140.00000      -   385 1785s
 14220  8458  140.00000   86  340          -  140.00000      -   385 1790s
 14284  8496  140.00000   77  247          -  140.00000      -   385 1795s
 14343  8527  140.00000   73  265          -  140.00000      -   385 1800s
 14406  8578 infeasible  101               -  140.00000      -   385 1805s
 14456  8600  140.00000   76  402          -  140.00000      -   385 1810s
 14465  8601 infeasible   79               -  140.00000      -   386 1815s
 14482  8604  140.00000   84  399          -  140.00000      -   387 1820s
 14537  8637 infeasible  100               -  140.00000      -   387 1825s
 14583  8655  140.00000   90  295          -  140.00000      -   387 1830s
 14651  8693 infeasible  112               -  140.00000      -   387 1835s
 14711  8727 infeasible   95               -  140.00000      -   387 1840s
 14785  8763  140.00000   57  454          -  140.00000      -   387 1845s
 14854  8822  140.00000   86  310          -  140.00000      -   386 1850s
 14936  8872  140.00000   66  360          -  140.00000      -   385 1855s
 14983  8911  140.00000   85  316          -  140.00000      -   386 1860s
 15013  8919 infeasible   94               -  140.00000      -   386 1865s
 15038  8934  140.00000  103  316          -  140.00000      -   387 1887s
 15077  8949  140.00000   58  316          -  140.00000      -   386 1890s
 15155  9009 infeasible   92               -  140.00000      -   386 1895s
 15258  9094  140.00000   86  353          -  140.00000      -   384 1900s
 15305  9131 infeasible  103               -  140.00000      -   384 1905s
 15364  9160  140.00000   87  410          -  140.00000      -   384 1910s
 15404  9180  140.00000   50  332          -  140.00000      -   385 1915s
 15476  9244 infeasible   82               -  140.00000      -   384 1920s
 15535  9295  140.00000   90  340          -  140.00000      -   384 1925s
 15599  9339  140.00000   81  359          -  140.00000      -   384 1930s
 15676  9404  140.00000   56  397          -  140.00000      -   384 1935s
 15753  9473 infeasible   86               -  140.00000      -   383 1940s
 15813  9497  140.00000   82  333          -  140.00000      -   383 1945s
 15874  9528  140.00000   86  384          -  140.00000      -   383 1950s
 15904  9532 infeasible   97               -  140.00000      -   384 1955s
 16006  9596  140.00000   43  368          -  140.00000      -   383 1960s
 16079  9667  140.00000   77  310          -  140.00000      -   382 1965s
 16119  9677 infeasible   87               -  140.00000      -   383 1970s
 16188  9730  140.00000   71  365          -  140.00000      -   383 1975s
 16252  9782  140.00000   62  325          -  140.00000      -   382 1980s
 16333  9849  140.00000   77  419          -  140.00000      -   382 1985s
 16374  9886 infeasible   88               -  140.00000      -   382 1990s
 16422  9902  140.00000   96  334          -  140.00000      -   383 1995s
 16461  9919 infeasible  102               -  140.00000      -   383 2000s
 16530  9966 infeasible   75               -  140.00000      -   383 2005s
 16589 10003  140.00000   57  360          -  140.00000      -   383 2010s
 16690 10094 infeasible  100               -  140.00000      -   382 2015s
 16752 10126  140.00000   57  345          -  140.00000      -   382 2020s
 16811 10179  140.00000   85  369          -  140.00000      -   382 2025s
 16868 10206  140.00000   90  385          -  140.00000      -   382 2030s
 16921 10221  140.00000   66  418          -  140.00000      -   382 2035s
 16991 10275  140.00000   65  375          -  140.00000      -   382 2040s
 17037 10307  140.00000   83  380          -  140.00000      -   382 2045s
 17090 10346  140.00000   71  376          -  140.00000      -   382 2050s
 17174 10408  140.00000   55  398          -  140.00000      -   382 2055s
 17259 10487 infeasible   97               -  140.00000      -   381 2060s
 17317 10517  140.00000   90  410          -  140.00000      -   381 2065s
 17354 10534  140.00000   82  515          -  140.00000      -   382 2070s
 17425 10567 infeasible   94               -  140.00000      -   381 2075s
 17485 10585 infeasible   96               -  140.00000      -   381 2080s
 17560 10608 infeasible   79               -  140.00000      -   381 2085s
 17679 10701  140.00000   73  379          -  140.00000      -   380 2090s
 17726 10736  140.00000   90  382          -  140.00000      -   380 2095s
 17771 10743  140.00000   66  255          -  140.00000      -   381 2100s
 17855 10811  140.00000   98  364          -  140.00000      -   380 2105s
 17877 10823 infeasible  104               -  140.00000      -   381 2110s
 17912 10848  140.00000   77  265          -  140.00000      -   382 2115s
 17945 10865 infeasible   93               -  140.00000      -   382 2120s
 18012 10910  140.00000   90  421          -  140.00000      -   382 2125s
 18077 10951  140.00000   89  239          -  140.00000      -   382 2130s
 18108 10966 infeasible   99               -  140.00000      -   383 2135s
 18124 10966  140.00000  101  350          -  140.00000      -   384 2140s
 18153 10973 infeasible  103               -  140.00000      -   385 2145s
 18164 10978  140.00000  105  341          -  140.00000      -   386 2150s
 18211 11005  140.00000   79  352          -  140.00000      -   386 2155s
 18277 11047 infeasible   75               -  140.00000      -   386 2160s
 18329 11093  140.00000   91  454          -  140.00000      -   386 2165s
 18384 11124 infeasible   82               -  140.00000      -   386 2170s
 18439 11147  140.00000   84  478          -  140.00000      -   387 2175s
 18487 11159 infeasible   70               -  140.00000      -   387 2180s
 18555 11197  140.00000   53  296          -  140.00000      -   387 2185s
 18649 11269  140.00000   75  325          -  140.00000      -   386 2190s
 18701 11291 infeasible   92               -  140.00000      -   386 2195s
 18799 11381  140.00000   84  330          -  140.00000      -   385 2200s
 18911 11485  140.00000   80  333          -  140.00000      -   384 2205s
 18974 11526  140.00000   91  320          -  140.00000      -   384 2210s
 19008 11544  140.00000   97  330          -  140.00000      -   384 2215s
 19032 11550 infeasible  104               -  140.00000      -   385 2220s
 19061 11549 infeasible  109               -  140.00000      -   385 2225s
 19133 11595 infeasible   80               -  140.00000      -   385 2230s
 19183 11629 infeasible   71               -  140.00000      -   385 2235s
 19285 11713  140.00000   85  313          -  140.00000      -   384 2240s
 19327 11747  140.00000   99  368          -  140.00000      -   384 2263s
 19337 11755  140.00000  105  385          -  140.00000      -   384 2265s
 19432 11830  140.00000   81  428          -  140.00000      -   384 2270s
 19475 11857 infeasible   96               -  140.00000      -   384 2275s
 19534 11888  140.00000   64  364          -  140.00000      -   384 2280s
 19641 11993  140.00000  106  324          -  140.00000      -   383 2285s
 19694 12032  140.00000   64  570          -  140.00000      -   383 2290s
 19784 12118  140.00000   91  394          -  140.00000      -   383 2295s
 19819 12135  140.00000   58  417          -  140.00000      -   383 2300s
 19881 12195  140.00000   84  330          -  140.00000      -   383 2305s
 19965 12269  140.00000   89  346          -  140.00000      -   382 2310s
 20005 12293  140.00000   98  396          -  140.00000      -   382 2315s
 20044 12294 infeasible  103               -  140.00000      -   383 2320s
 20102 12304  140.00000  101  286          -  140.00000      -   383 2325s
 20167 12343  140.00000   84  311          -  140.00000      -   383 2330s
 20256 12408  140.00000  106  322          -  140.00000      -   382 2335s
 20317 12447  140.00000   78  438          -  140.00000      -   382 2340s
 20367 12479  140.00000   99  304          -  140.00000      -   382 2345s
 20420 12516  140.00000   83  284          -  140.00000      -   382 2350s
 20517 12592  140.00000   84  359          -  140.00000      -   382 2355s
 20592 12661  140.00000  103  354          -  140.00000      -   381 2360s
 20681 12734  140.00000   84  289          -  140.00000      -   381 2365s
 20733 12762  140.00000   80  330          -  140.00000      -   381 2370s
 20798 12791  140.00000   84  279          -  140.00000      -   381 2375s
 20852 12813  140.00000   83  322          -  140.00000      -   381 2380s
 20910 12839 infeasible   92               -  140.00000      -   381 2385s
 20979 12898  140.00000   83  357          -  140.00000      -   381 2390s
 21013 12922 infeasible   96               -  140.00000      -   381 2395s
 21044 12935 infeasible  106               -  140.00000      -   381 2400s
 21074 12947 infeasible  116               -  140.00000      -   382 2405s
 21177 13020  140.00000   95  378          -  140.00000      -   381 2410s
 21228 13053  140.00000   72  268          -  140.00000      -   381 2415s
 21327 13110 infeasible   79               -  140.00000      -   380 2420s
 21363 13130 infeasible   94               -  140.00000      -   381 2425s
 21399 13142  140.00000   85  410          -  140.00000      -   381 2430s
 21447 13178 infeasible  101               -  140.00000      -   381 2435s
 21513 13222  140.00000   78  278          -  140.00000      -   381 2440s
 21590 13289 infeasible  101               -  140.00000      -   381 2445s
 21660 13345  140.00000   82  405          -  140.00000      -   380 2450s
 21707 13362  140.00000   72  294          -  140.00000      -   381 2455s
 21753 13384 infeasible   82               -  140.00000      -   381 2460s
 21823 13432  140.00000   84  439          -  140.00000      -   381 2465s
 21873 13454  140.00000   80  377          -  140.00000      -   381 2470s
 21931 13492 infeasible  103               -  140.00000      -   381 2475s
 21988 13535  140.00000   99  423          -  140.00000      -   381 2480s
 22032 13553  140.00000   82  349          -  140.00000      -   381 2485s
 22106 13613 infeasible   91               -  140.00000      -   381 2490s
 22165 13644 infeasible   84               -  140.00000      -   381 2495s
 22245 13710  140.00000   88  382          -  140.00000      -   380 2500s
 22306 13741  140.00000   68  485          -  140.00000      -   380 2505s
 22357 13790 infeasible   91               -  140.00000      -   380 2510s
 22391 13810 infeasible  107               -  140.00000      -   381 2515s
 22426 13835  140.00000   90  436          -  140.00000      -   381 2520s
 22472 13867  140.00000   87  464          -  140.00000      -   381 2526s
 22512 13893 infeasible  102               -  140.00000      -   381 2530s
 22542 13907 infeasible  112               -  140.00000      -   382 2536s
 22566 13921  140.00000   92  253          -  140.00000      -   382 2540s
 22600 13953  140.00000  104  424          -  140.00000      -   383 2545s
 22628 13967 infeasible  115               -  140.00000      -   383 2550s
 22676 13995  140.00000  102  380          -  140.00000      -   383 2555s
 22706 14013  140.00000  112  390          -  140.00000      -   384 2560s
 22751 14040  140.00000   95  353          -  140.00000      -   384 2565s
 22799 14072  140.00000  109  356          -  140.00000      -   384 2570s
 22817 14074  139.00000  113  284          -  140.00000      -   385 2575s
 22849 14070  140.00000   91  268          -  140.00000      -   386 2580s
 22874 14075 infeasible  100               -  140.00000      -   386 2585s
 22915 14084  140.00000  111  306          -  140.00000      -   386 2590s
 22938 14095  140.00000  111  397          -  140.00000      -   387 2595s
 22969 14106  140.00000   98  410          -  140.00000      -   387 2600s
 23007 14124 infeasible   80               -  140.00000      -   388 2605s
 23033 14134  140.00000   90  275          -  140.00000      -   388 2625s
 23070 14143  140.00000   93  272          -  140.00000      -   388 2630s
 23083 14142  140.00000   96  375          -  140.00000      -   389 2635s
 23127 14158  140.00000   86  377          -  140.00000      -   389 2640s
 23165 14184 infeasible   98               -  140.00000      -   389 2645s
 23225 14202 infeasible   86               -  140.00000      -   389 2650s
 23292 14243  140.00000   73  342          -  140.00000      -   389 2655s
 23372 14293 infeasible   99               -  140.00000      -   389 2660s
 23456 14367  140.00000   88  387          -  140.00000      -   389 2665s
 23522 14413  140.00000   88  262          -  140.00000      -   388 2670s
 23584 14451  140.00000   91  315          -  140.00000      -   388 2675s
 23635 14468  140.00000   82  356          -  140.00000      -   389 2680s
 23679 14492  140.00000   70  318          -  140.00000      -   389 2685s
 23741 14546  140.00000   91  342          -  140.00000      -   389 2690s
 23776 14557 infeasible  102               -  140.00000      -   389 2695s
 23851 14602 infeasible   88               -  140.00000      -   389 2700s
 23898 14625 infeasible   90               -  140.00000      -   389 2705s
 23935 14644  140.00000   77  312          -  140.00000      -   390 2710s
 23977 14664 infeasible   96               -  140.00000      -   390 2715s
 24017 14692  140.00000   91  244          -  140.00000      -   390 2720s
 24058 14693  140.00000   72  348          -  140.00000      -   391 2725s
 24107 14730  140.00000   98  275          -  140.00000      -   391 2730s
 24145 14740 infeasible   98               -  140.00000      -   391 2735s
 24186 14747 infeasible   89               -  140.00000      -   392 2740s
 24225 14766  140.00000   90  351          -  140.00000      -   392 2745s
 24252 14771 infeasible   96               -  140.00000      -   393 2750s
 24297 14810 infeasible   95               -  140.00000      -   393 2755s
 24324 14815  140.00000   92  348          -  140.00000      -   394 2760s
 24379 14832  140.00000   81  229          -  140.00000      -   394 2765s
 24411 14844 infeasible   82               -  140.00000      -   395 2770s
 24455 14874  140.00000   96  365          -  140.00000      -   395 2775s
 24480 14881 infeasible  105               -  140.00000      -   396 2780s
 24508 14883 infeasible   93               -  140.00000      -   396 2785s
 24543 14882 infeasible   82               -  140.00000      -   397 2790s
 24590 14899  140.00000   84  295          -  140.00000      -   397 2795s
 24622 14909  140.00000   88  361          -  140.00000      -   397 2800s
 24665 14908 infeasible   86               -  140.00000      -   398 2805s
 24700 14911  140.00000   79  315          -  140.00000      -   398 2810s
 24741 14936 infeasible   98               -  140.00000      -   399 2815s
 24779 14948  140.00000   87  343          -  140.00000      -   399 2820s
 24802 14959  140.00000   84  292          -  140.00000      -   399 2825s
 24848 14983 infeasible   86               -  140.00000      -   400 2830s
 24897 15008 infeasible   84               -  140.00000      -   400 2835s
 24923 15016 infeasible   87               -  140.00000      -   401 2840s
 24942 15007 infeasible   83               -  140.00000      -   401 2845s
 25009 15052  140.00000   95  386          -  140.00000      -   401 2850s
 25036 15056  140.00000   83  370          -  140.00000      -   401 2855s
 25063 15061 infeasible   93               -  140.00000      -   402 2860s
 25106 15082 infeasible   99               -  140.00000      -   402 2865s
 25158 15088 infeasible   94               -  140.00000      -   402 2870s
 25231 15125  140.00000   78  389          -  140.00000      -   402 2875s
 25268 15150  140.00000   85  290          -  140.00000      -   402 2880s
 25330 15172 infeasible   86               -  140.00000      -   403 2885s
 25409 15225  140.00000   89  404          -  140.00000      -   402 2890s
 25457 15245  140.00000  103  354          -  140.00000      -   402 2895s
 25501 15271  140.00000   88  322          -  140.00000      -   403 2900s
 25526 15278  140.00000   85  410          -  140.00000      -   403 2905s
 25571 15307  140.00000  100  407          -  140.00000      -   403 2910s
 25595 15311 infeasible   91               -  140.00000      -   404 2915s
 25639 15333  140.00000   93  348          -  140.00000      -   404 2920s
 25672 15344  140.00000   87  243          -  140.00000      -   404 2925s
 25708 15372  140.00000   99  316          -  140.00000      -   405 2930s
 25745 15377 infeasible  104               -  140.00000      -   405 2935s
 25787 15389 infeasible  104               -  140.00000      -   405 2940s
 25837 15409  140.00000   91  352          -  140.00000      -   405 2945s
 25892 15436 infeasible  103               -  140.00000      -   405 2950s
 25949 15465 infeasible  105               -  140.00000      -   405 2955s
 25997 15495  140.00000  100  280          -  140.00000      -   406 2960s
 26040 15502  140.00000   94  306          -  140.00000      -   406 2989s
 26045 15499 infeasible   95               -  140.00000      -   406 2990s
 26073 15507  140.00000   94  390          -  140.00000      -   407 2995s
 26116 15518  139.99982   96  463          -  140.00000      -   407 3000s
 26166 15534 infeasible  101               -  140.00000      -   407 3005s
 26220 15546  140.00000   98  264          -  140.00000      -   408 3010s
 26268 15558 infeasible  104               -  140.00000      -   408 3015s
 26316 15564 infeasible   95               -  140.00000      -   408 3020s
 26362 15582  138.75000  104  368          -  140.00000      -   409 3025s
 26415 15614  140.00000  105  334          -  140.00000      -   409 3030s
 26445 15620  140.00000   96  197          -  140.00000      -   409 3035s
 26493 15638 infeasible  107               -  140.00000      -   410 3040s
 26544 15659 infeasible   99               -  140.00000      -   410 3045s
 26588 15681 infeasible  113               -  140.00000      -   410 3050s
 26626 15701  140.00000  100  269          -  140.00000      -   411 3055s
 26669 15712  140.00000  108  314          -  140.00000      -   411 3060s
 26700 15711  140.00000   95  296          -  140.00000      -   412 3065s
 26735 15715  140.00000  106  260          -  140.00000      -   412 3070s
 26766 15728  140.00000   96  414          -  140.00000      -   413 3075s
 26788 15728  140.00000  104  326          -  140.00000      -   413 3080s
 26826 15734 infeasible  100               -  140.00000      -   414 3085s
 26863 15737 infeasible   91               -  140.00000      -   414 3090s
 26902 15740  140.00000   99  316          -  140.00000      -   414 3095s
 26940 15742  140.00000   91  239          -  140.00000      -   415 3100s
 26973 15767  140.00000  106  309          -  140.00000      -   415 3105s
 27011 15785  140.00000  103  388          -  140.00000      -   415 3110s
 27039 15797  139.98846  111  461          -  140.00000      -   416 3115s
 27088 15804 infeasible   94               -  140.00000      -   416 3120s
 27120 15800  139.93333  101  306          -  140.00000      -   417 3125s
 27178 15814  140.00000   97  271          -  140.00000      -   417 3130s
 27223 15817 infeasible  102               -  140.00000      -   417 3135s
 27268 15824  137.58665   95  382          -  140.00000      -   418 3140s
 27343 15843 infeasible   88               -  140.00000      -   417 3145s
 27396 15882  140.00000   96  369          -  140.00000      -   417 3150s
 27430 15898  140.00000  103  349          -  140.00000      -   418 3155s
 27470 15912  140.00000   83  327          -  140.00000      -   418 3160s
 27509 15929 infeasible   84               -  140.00000      -   418 3165s
 27562 15958  140.00000   71  312          -  140.00000      -   418 3170s
 27618 15978 infeasible   66               -  140.00000      -   418 3175s
 27662 15996 infeasible   83               -  140.00000      -   418 3180s
 27703 16019  140.00000  100  349          -  140.00000      -   418 3185s
 27763 16049  140.00000   86  308          -  140.00000      -   418 3190s
 27792 16066  140.00000   97  350          -  140.00000      -   419 3195s
 27813 16071 infeasible  102               -  140.00000      -   419 3200s
 27867 16095  140.00000   75  276          -  140.00000      -   419 3205s
 27908 16120  140.00000   88  300          -  140.00000      -   419 3210s
 27942 16128 infeasible  100               -  140.00000      -   420 3215s
 27995 16157 infeasible   86               -  140.00000      -   420 3220s
 28026 16170 infeasible   97               -  140.00000      -   420 3225s
 28078 16208  140.00000   94  344          -  140.00000      -   420 3230s
 28104 16224  140.00000  100  321          -  140.00000      -   421 3235s
 28129 16231  140.00000   87  268          -  140.00000      -   421 3240s
 28179 16257  140.00000  100  376          -  140.00000      -   421 3245s
 28227 16279  140.00000   95  369          -  140.00000      -   421 3250s
 28271 16289  140.00000   83  287          -  140.00000      -   422 3255s
 28330 16322  140.00000  102  228          -  140.00000      -   422 3260s
 28389 16349  140.00000   98  291          -  140.00000      -   422 3265s
 28420 16358 infeasible   91               -  140.00000      -   422 3270s
 28459 16383  140.00000   99  409          -  140.00000      -   422 3275s
 28491 16404  140.00000   73  440          -  140.00000      -   423 3280s
 28528 16425  140.00000   75  356          -  140.00000      -   423 3285s
 28593 16454 infeasible  118               -  140.00000      -   423 3290s
 28643 16458 infeasible  107               -  140.00000      -   423 3295s
 28692 16451 infeasible  105               -  140.00000      -   423 3300s
 28729 16460  140.00000   93  386          -  140.00000      -   424 3305s
 28768 16479  140.00000  107  353          -  140.00000      -   424 3310s
 28806 16489  139.00000  108  307          -  140.00000      -   424 3315s
 28834 16493  140.00000   93  294          -  140.00000      -   425 3320s
 28896 16531  140.00000  105  272          -  140.00000      -   425 3325s
 28940 16557  140.00000  102  332          -  140.00000      -   425 3330s
 28976 16577 infeasible  113               -  140.00000      -   425 3335s
 29015 16588 infeasible  106               -  140.00000      -   425 3340s
 29067 16608  140.00000   72  386          -  140.00000      -   425 3345s
 29142 16623 infeasible   88               -  140.00000      -   425 3350s
 29177 16628 infeasible   86               -  140.00000      -   426 3355s
 29219 16648  140.00000   88  309          -  140.00000      -   426 3360s
 29272 16659  140.00000   95  347          -  140.00000      -   426 3365s
 29325 16692  140.00000   98  320          -  140.00000      -   426 3370s
 29359 16704 infeasible   90               -  140.00000      -   426 3375s
 29390 16705 infeasible   94               -  140.00000      -   427 3380s
 29416 16707 infeasible   90               -  140.00000      -   427 3385s
 29455 16716  140.00000   82  321          -  140.00000      -   427 3390s
 29508 16747  140.00000   83  342          -  140.00000      -   427 3395s
 29554 16773  140.00000  110  331          -  140.00000      -   427 3400s
 29594 16789  140.00000   98  281          -  140.00000      -   428 3405s
 29638 16795  140.00000   80  351          -  140.00000      -   428 3410s
 29643 16796  140.00000   81  352          -  140.00000      -   428 3429s
 29648 16795 infeasible   84               -  140.00000      -   428 3430s
 29691 16804 infeasible  108               -  140.00000      -   428 3435s
 29739 16814  140.00000   87  450          -  140.00000      -   428 3440s
 29779 16828  140.00000   74  333          -  140.00000      -   428 3445s
 29822 16843  140.00000   66  323          -  140.00000      -   429 3450s
 29858 16861 infeasible   83               -  140.00000      -   429 3455s
 29915 16888 infeasible  105               -  140.00000      -   429 3460s
 29970 16913  140.00000  101  278          -  140.00000      -   429 3465s
 30030 16935 infeasible   93               -  140.00000      -   429 3470s
 30110 16971  140.00000   99  314          -  140.00000      -   429 3475s
 30155 16996 infeasible   86               -  140.00000      -   429 3480s
 30218 17015  140.00000   92  293          -  140.00000      -   429 3485s
 30295 17036  140.00000   78  368          -  140.00000      -   428 3490s
 30354 17077 infeasible  109               -  140.00000      -   428 3495s
 30409 17086  140.00000   89  317          -  140.00000      -   428 3500s
 30447 17086  140.00000   81  321          -  140.00000      -   429 3505s
 30494 17109  140.00000   88  268          -  140.00000      -   429 3510s
 30544 17123 infeasible   91               -  140.00000      -   429 3515s
 30585 17122 infeasible   89               -  140.00000      -   429 3520s
 30621 17128  140.00000   92  307          -  140.00000      -   429 3525s
 30659 17132 infeasible   86               -  140.00000      -   430 3530s
 30705 17148  140.00000   89  431          -  140.00000      -   430 3535s
 30750 17157 infeasible   95               -  140.00000      -   430 3540s
 30788 17159  140.00000  101  334          -  140.00000      -   430 3545s
 30840 17173 infeasible  103               -  140.00000      -   431 3550s
 30903 17194 infeasible  102               -  140.00000      -   431 3555s
 30932 17199  139.00000  112  308          -  140.00000      -   431 3560s
 30974 17227  140.00000  109  348          -  140.00000      -   431 3565s
 31012 17233 infeasible   73               -  140.00000      -   432 3570s
 31054 17245 infeasible  103               -  140.00000      -   432 3575s
 31095 17276  140.00000  103  397          -  140.00000      -   432 3580s
 31117 17288  140.00000  111  402          -  140.00000      -   432 3585s
 31158 17311  140.00000  103  332          -  140.00000      -   433 3590s
 31198 17331  140.00000   97  312          -  140.00000      -   433 3595s

Cutting planes:
  Lift-and-project: 2
  Cover: 3
  Clique: 11
  MIR: 4
  StrongCG: 2
  Flow cover: 49
  Zero half: 7
  RLT: 105
  BQP: 133

Explored 31241 nodes (13771256 simplex iterations) in 3600.01 seconds (4710.33 work units)
Thread count was 1 (of 8 available processors)

Solution count 0

Time limit reached
Best objective -, best bound 1.400000000000e+02, gap -
