
Gurobi 11.0.1 (win64) logging started Thu Mar 14 08:04:49 2024

Set parameter LogFile to value "C:\Projetos\Job_Rotation_Algorithms\Outputs\GurobiLogs\gurobi_log-output-32_wee-c55-BorbaRittModel-NoExtraConstraint-2.log"
Gurobi Optimizer version 11.0.1 build v11.0.1rc0 (win64 - Windows 10.0 (19045.2))

CPU model: 11th Gen Intel(R) Core(TM) i7-1165G7 @ 2.80GHz, instruction set [SSE2|AVX|AVX2|AVX512]
Thread count: 4 physical cores, 8 logical processors, using up to 1 threads


Gurobi 11.0.1 (win64) logging started Fri Mar 15 00:42:15 2024

Set parameter LogFile to value "C:\Projetos\Job_Rotation_Algorithms\Outputs\GurobiLogs\gurobi_log-output-32_wee-c55-BorbaRittModel-NoExtraConstraint-2.log"
Gurobi Optimizer version 11.0.1 build v11.0.1rc0 (win64 - Windows 10.0 (19045.2))

CPU model: 11th Gen Intel(R) Core(TM) i7-1165G7 @ 2.80GHz, instruction set [SSE2|AVX|AVX2|AVX512]
Thread count: 4 physical cores, 8 logical processors, using up to 1 threads


Gurobi 11.0.1 (win64) logging started Tue Mar 19 09:18:34 2024

Set parameter LogFile to value "C:\Projetos\Job_Rotation_Algorithms\Outputs\GurobiLogs\gurobi_log-output-32_wee-c55-BorbaRittModel-NoExtraConstraint-2.log"
Gurobi Optimizer version 11.0.1 build v11.0.1rc0 (win64 - Windows 10.0 (19045.2))

CPU model: 11th Gen Intel(R) Core(TM) i7-1165G7 @ 2.80GHz, instruction set [SSE2|AVX|AVX2|AVX512]
Thread count: 4 physical cores, 8 logical processors, using up to 1 threads


Gurobi 11.0.1 (win64) logging started Mon Apr  1 12:44:42 2024

Set parameter LogFile to value "C:\Projetos\Job_Rotation_Algorithms\Outputs\GurobiLogs\gurobi_log-output-32_wee-c55-BorbaRittModel-NoExtraConstraint-2.log"
Gurobi Optimizer version 11.0.1 build v11.0.1rc0 (win64 - Windows 10.0 (19045.2))

CPU model: 11th Gen Intel(R) Core(TM) i7-1165G7 @ 2.80GHz, instruction set [SSE2|AVX|AVX2|AVX512]
Thread count: 4 physical cores, 8 logical processors, using up to 1 threads


Gurobi 11.0.1 (win64) logging started Mon Apr  1 21:32:38 2024

Set parameter LogFile to value "C:\Projetos\Job_Rotation_Algorithms\Outputs\GurobiLogs\gurobi_log-output-32_wee-c55-BorbaRittModel-NoExtraConstraint-2.log"
Gurobi Optimizer version 11.0.1 build v11.0.1rc0 (win64 - Windows 10.0 (19045.2))

CPU model: 11th Gen Intel(R) Core(TM) i7-1165G7 @ 2.80GHz, instruction set [SSE2|AVX|AVX2|AVX512]
Thread count: 4 physical cores, 8 logical processors, using up to 1 threads


Gurobi 11.0.1 (win64) logging started Thu Apr  4 23:30:25 2024

Set parameter LogFile to value "C:\Projetos\Job_Rotation_Algorithms\Outputs\GurobiLogs\gurobi_log-output-32_wee-c55-BorbaRittModel-NoExtraConstraint-2.log"
Gurobi Optimizer version 11.0.1 build v11.0.1rc0 (win64 - Windows 10.0 (19045.2))

CPU model: 11th Gen Intel(R) Core(TM) i7-1165G7 @ 2.80GHz, instruction set [SSE2|AVX|AVX2|AVX512]
Thread count: 4 physical cores, 8 logical processors, using up to 1 threads


Gurobi 11.0.1 (win64) logging started Sat Apr  6 12:59:25 2024

Set parameter LogFile to value "C:\Projetos\Job_Rotation_Algorithms\Outputs\GurobiLogs\gurobi_log-output-32_wee-c55-BorbaRittModel-NoExtraConstraint-2.log"
Gurobi Optimizer version 11.0.1 build v11.0.1rc0 (win64 - Windows 10.0 (19045.2))

CPU model: 11th Gen Intel(R) Core(TM) i7-1165G7 @ 2.80GHz, instruction set [SSE2|AVX|AVX2|AVX512]
Thread count: 4 physical cores, 8 logical processors, using up to 1 threads


Gurobi 11.0.1 (win64) logging started Sun Apr  7 02:32:56 2024

Set parameter LogFile to value "C:\Projetos\Job_Rotation_Algorithms\Outputs\GurobiLogs\gurobi_log-output-32_wee-c55-BorbaRittModel-NoExtraConstraint-2.log"
Gurobi Optimizer version 11.0.1 build v11.0.1rc0 (win64 - Windows 10.0 (19045.2))

CPU model: 11th Gen Intel(R) Core(TM) i7-1165G7 @ 2.80GHz, instruction set [SSE2|AVX|AVX2|AVX512]
Thread count: 4 physical cores, 8 logical processors, using up to 1 threads


Gurobi 11.0.1 (win64) logging started Sun Apr  7 09:45:48 2024

Set parameter LogFile to value "C:\Projetos\Job_Rotation_Algorithms\Outputs\GurobiLogs\gurobi_log-output-32_wee-c55-BorbaRittModel-NoExtraConstraint-2.log"
Gurobi Optimizer version 11.0.1 build v11.0.1rc0 (win64 - Windows 10.0 (19045.2))

CPU model: 11th Gen Intel(R) Core(TM) i7-1165G7 @ 2.80GHz, instruction set [SSE2|AVX|AVX2|AVX512]
Thread count: 4 physical cores, 8 logical processors, using up to 1 threads


Gurobi 11.0.1 (win64) logging started Tue Apr  9 08:04:14 2024

Set parameter LogFile to value "C:\Projetos\Job_Rotation_Algorithms\Outputs\GurobiLogs\gurobi_log-output-32_wee-c55-BorbaRittModel-NoExtraConstraint-2.log"
Gurobi Optimizer version 11.0.1 build v11.0.1rc0 (win64 - Windows 10.0 (19045.2))

CPU model: 11th Gen Intel(R) Core(TM) i7-1165G7 @ 2.80GHz, instruction set [SSE2|AVX|AVX2|AVX512]
Thread count: 4 physical cores, 8 logical processors, using up to 1 threads


Gurobi 11.0.1 (win64) logging started Wed Apr 10 17:33:20 2024

Set parameter LogFile to value "C:\Projetos\Job_Rotation_Algorithms\Outputs\GurobiLogs\gurobi_log-output-32_wee-c55-BorbaRittModel-NoExtraConstraint-2.log"
Gurobi Optimizer version 11.0.1 build v11.0.1rc0 (win64 - Windows 10.0 (19045.2))

CPU model: 11th Gen Intel(R) Core(TM) i7-1165G7 @ 2.80GHz, instruction set [SSE2|AVX|AVX2|AVX512]
Thread count: 4 physical cores, 8 logical processors, using up to 1 threads


Gurobi 11.0.1 (win64) logging started Thu Apr 11 01:39:15 2024

Set parameter LogFile to value "C:\Projetos\Job_Rotation_Algorithms\Outputs\GurobiLogs\gurobi_log-output-32_wee-c55-BorbaRittModel-NoExtraConstraint-2.log"
Gurobi Optimizer version 11.0.1 build v11.0.1rc0 (win64 - Windows 10.0 (19045.2))

CPU model: 11th Gen Intel(R) Core(TM) i7-1165G7 @ 2.80GHz, instruction set [SSE2|AVX|AVX2|AVX512]
Thread count: 4 physical cores, 8 logical processors, using up to 1 threads


Gurobi 11.0.1 (win64) logging started Fri Apr 19 03:40:40 2024

Set parameter LogFile to value "C:\Projetos\Job_Rotation_Algorithms\Outputs\GurobiLogs\gurobi_log-output-32_wee-c55-BorbaRittModel-NoExtraConstraint-2.log"
Gurobi Optimizer version 11.0.1 build v11.0.1rc0 (win64 - Windows 10.0 (19045.2))

CPU model: 11th Gen Intel(R) Core(TM) i7-1165G7 @ 2.80GHz, instruction set [SSE2|AVX|AVX2|AVX512]
Thread count: 4 physical cores, 8 logical processors, using up to 1 threads

WLS license 901038 - registered to Bitka Analytics
Optimize a model with 17367 rows, 2388 columns and 54384 nonzeros
Model fingerprint: 0x21900f4b
Variable types: 2 continuous, 2386 integer (2386 binary)
Coefficient statistics:
  Matrix range     [1e+00, 5e+01]
  Objective range  [1e+00, 1e+00]
  Bounds range     [1e+00, 1e+02]
  RHS range        [1e+00, 1e+02]
Presolve removed 1 rows and 1 columns
Presolve time: 0.08s
Presolved: 17366 rows, 2387 columns, 54382 nonzeros
Variable types: 0 continuous, 2387 integer (2386 binary)
Root relaxation presolved: 17366 rows, 2387 columns, 54382 nonzeros


Root relaxation: objective 1.500000e+02, 3093 iterations, 0.29 seconds (0.40 work units)

    Nodes    |    Current Node    |     Objective Bounds      |     Work
 Expl Unexpl |  Obj  Depth IntInf | Incumbent    BestBd   Gap | It/Node Time

     0     0  150.00000    0  348          -  150.00000      -     -    4s
     0     0  150.00000    0  496          -  150.00000      -     -    5s
     0     0  150.00000    0  461          -  150.00000      -     -    5s
     0     0  150.00000    0  495          -  150.00000      -     -    7s
     0     0  150.00000    0  471          -  150.00000      -     -    7s
     0     0  150.00000    0  441          -  150.00000      -     -    9s
     0     0  150.00000    0  565          -  150.00000      -     -   10s
     0     0  150.00000    0  504          -  150.00000      -     -   12s
     0     0  150.00000    0  477          -  150.00000      -     -   12s
     0     0  150.00000    0  389          -  150.00000      -     -   14s
     0     0  150.00000    0  388          -  150.00000      -     -   15s
     0     2  150.00000    0  388          -  150.00000      -     -   19s
    14    16  150.00000    7  304          -  150.00000      -   417   20s
   150   131  150.00000   30  366          -  150.00000      -   177   25s
   307   229  150.00000   74  261          -  150.00000      -   176   30s
   556   302  150.00000   70  264          -  150.00000      -   166   35s
   665   353  150.00000   43  387          -  150.00000      -   178   40s
   742   398  150.00000   36  340          -  150.00000      -   180   45s
   745   400  150.00000   76  377          -  150.00000      -   179   52s
   747   402  150.00000   47  427          -  150.00000      -   179   55s
   753   406  150.00000   64  386          -  150.00000      -   177   61s
   757   408  150.00000   72  411          -  150.00000      -   177   65s
   761   411  150.00000   29  357          -  150.00000      -   176   70s
   786   430  150.00000   22  309          -  150.00000      -   103   80s
   844   464  150.00000   51  269          -  150.00000      -   107   85s
   898   498  150.00000   78  331          -  150.00000      -   114   90s
   954   514  150.00000   31  277          -  150.00000      -   121   95s
  1022   547 infeasible   64               -  150.00000      -   129  100s
  1082   583  150.00000   48  321          -  150.00000      -   132  105s
  1139   621  150.00000   77  349          -  150.00000      -   135  110s
  1190   643  150.00000   32  313          -  150.00000      -   143  115s
  1265   687  150.00000   69  267          -  150.00000      -   146  120s
  1320   712  150.00000   33  507          -  150.00000      -   150  125s
  1397   759  150.00000   71  276          -  150.00000      -   153  130s
  1450   774 infeasible   96               -  150.00000      -   161  135s
  1498   792  150.00000   65  396          -  150.00000      -   169  140s
  1554   802  150.00000   89  406          -  150.00000      -   180  145s
  1620   826  150.00000   69  309          -  150.00000      -   187  150s
  1656   838  150.00000   85  440          -  150.00000      -   194  155s
  1705   842  150.00000   65  230          -  150.00000      -   203  163s
  1729   852  150.00000   76  320          -  150.00000      -   208  165s
  1783   866  150.00000   63  333          -  150.00000      -   218  170s
  1848   885  150.00000   55  217          -  150.00000      -   229  175s
  1937   894  150.00000   72  224          -  150.00000      -   242  180s
  2021   917 infeasible   70               -  150.00000      -   255  185s
  2087   955 infeasible   85               -  150.00000      -   269  190s
  2144   976  150.00000   79  271          -  150.00000      -   278  195s
  2207  1003  150.00000   83  336          -  150.00000      -   287  200s
  2279  1015  150.00000   92  367          -  150.00000      -   294  205s
  2341  1035 infeasible   88               -  150.00000      -   303  210s
  2413  1073 infeasible   79               -  150.00000      -   310  215s
  2465  1103  150.00000   96  298          -  150.00000      -   315  220s
  2517  1127  150.00000   91  337          -  150.00000      -   315  230s
  2567  1141  150.00000   92  382          -  150.00000      -   316  235s
  2636  1174 infeasible   65               -  150.00000      -   321  240s
  2695  1205  150.00000   69  297          -  150.00000      -   325  245s
  2769  1241  150.00000   62  336          -  150.00000      -   330  250s
  2842  1266 infeasible   78               -  150.00000      -   337  255s
  2902  1300 infeasible   82               -  150.00000      -   345  260s
  2955  1313 infeasible   76               -  150.00000      -   354  265s
  3023  1329  150.00000   73  326          -  150.00000      -   362  270s
  3094  1354  150.00000   78  180          -  150.00000      -   367  275s
  3142  1350  150.00000   76  218          -  150.00000      -   374  280s
  3215  1365  150.00000   68  256          -  150.00000      -   381  285s
  3295  1393 infeasible   78               -  150.00000      -   385  290s
  3361  1403 infeasible   89               -  150.00000      -   392  295s
  3436  1428  150.00000   76  192          -  150.00000      -   398  300s
  3504  1452 infeasible   81               -  150.00000      -   401  305s
  3543  1465  150.00000   95  311          -  150.00000      -   405  310s
  3603  1487 infeasible   93               -  150.00000      -   409  315s
  3664  1512 infeasible   90               -  150.00000      -   409  320s
  3715  1537 infeasible   85               -  150.00000      -   410  325s
  3756  1552 infeasible   83               -  150.00000      -   416  330s
  3824  1580  150.00000   93  260          -  150.00000      -   418  335s
  3893  1611  150.00000   81  238          -  150.00000      -   420  340s
  3952  1636  150.00000   91  308          -  150.00000      -   424  345s
  4003  1645  150.00000   79  295          -  150.00000      -   428  353s
  4023  1659  150.00000   86  314          -  150.00000      -   429  355s
  4089  1683 infeasible   80               -  150.00000      -   432  360s
  4165  1705  150.00000   83  230          -  150.00000      -   435  365s
  4247  1727 infeasible   69               -  150.00000      -   437  370s
  4318  1750  150.00000   79  345          -  150.00000      -   439  375s
  4389  1757  150.00000   61  207          -  150.00000      -   443  380s
  4471  1811  150.00000   74  221          -  150.00000      -   446  385s
  4541  1849  150.00000   61  359          -  150.00000      -   449  390s
  4618  1876  150.00000   70  292          -  150.00000      -   453  395s
  4712  1907  150.00000   68  266          -  150.00000      -   455  400s
  4796  1943  150.00000   68  291          -  150.00000      -   459  405s
  4880  1997  150.00000   76  267          -  150.00000      -   461  410s
  4948  2025  150.00000   67  218          -  150.00000      -   464  415s
  5021  2028  150.00000   72  431          -  150.00000      -   468  420s
  5104  2069  150.00000   91  244          -  150.00000      -   469  425s
  5114  2069  150.00000   94  252          -  150.00000      -   470  432s
  5145  2078 infeasible   82               -  150.00000      -   472  435s
  5210  2093  150.00000   71  300          -  150.00000      -   476  440s
  5288  2141  150.00000   64  280          -  150.00000      -   477  445s
  5346  2165  150.00000   66  180          -  150.00000      -   479  450s
  5408  2199  150.00000   68  342          -  150.00000      -   481  455s
  5476  2238 infeasible   74               -  150.00000      -   483  460s
  5550  2268  150.00000   66  228          -  150.00000      -   483  465s
  5624  2296  150.00000   65  249          -  150.00000      -   485  470s
  5710  2334  150.00000   73  241          -  150.00000      -   485  475s
  5771  2344 infeasible   73               -  150.00000      -   487  480s
  5814  2345  150.00000   83  292          -  150.00000      -   491  485s
  5878  2367 infeasible   78               -  150.00000      -   493  490s
  5951  2406  150.00000   82  254          -  150.00000      -   494  495s
  6015  2440  150.00000   65  241          -  150.00000      -   495  500s
  6098  2481 infeasible   89               -  150.00000      -   496  505s
  6163  2492  150.00000   82  434          -  150.00000      -   499  510s
  6225  2514 infeasible   87               -  150.00000      -   502  515s
  6289  2522  150.00000   93  416          -  150.00000      -   504  520s
  6351  2532  150.00000   75  323          -  150.00000      -   506  525s
  6431  2572  150.00000   63  247          -  150.00000      -   508  530s
  6503  2614  150.00000   67  298          -  150.00000      -   510  535s
  6568  2641  150.00000   76  278          -  150.00000      -   512  540s
  6655  2676  150.00000   69  240          -  150.00000      -   513  545s
  6728  2707 infeasible   59               -  150.00000      -   515  550s
  6808  2723  150.00000   65  191          -  150.00000      -   517  562s
  6863  2732  150.00000   65  376          -  150.00000      -   518  565s
  6944  2765  150.00000   64  332          -  150.00000      -   520  570s
  7026  2801 infeasible   83               -  150.00000      -   521  575s
  7098  2833  150.00000   76  417          -  150.00000      -   523  580s
  7177  2858 infeasible   74               -  150.00000      -   524  585s
  7239  2880  150.00000   82  358          -  150.00000      -   526  590s
  7294  2885  150.00000   74  376          -  150.00000      -   528  595s
  7356  2911 infeasible   76               -  150.00000      -   529  600s
  7419  2920 infeasible   75               -  150.00000      -   531  605s
  7466  2931  150.00000   72  326          -  150.00000      -   533  610s
  7528  2939 infeasible   72               -  150.00000      -   534  615s
  7575  2940 infeasible   73               -  150.00000      -   536  620s
  7624  2935  150.00000   72  192          -  150.00000      -   538  625s
  7662  2937 infeasible   75               -  150.00000      -   540  630s
  7717  2936  150.00000   72  268          -  150.00000      -   542  635s
  7783  2956  150.00000   77  240          -  150.00000      -   543  640s
  7842  2961 infeasible   69               -  150.00000      -   544  645s
  7901  2968  150.00000   72  178          -  150.00000      -   545  650s
  7967  3000  150.00000   74  265          -  150.00000      -   546  655s
  8032  3025 infeasible   89               -  150.00000      -   547  660s
  8099  3052  150.00000   78  301          -  150.00000      -   547  665s
  8161  3084  150.00000   79  203          -  150.00000      -   549  670s
  8223  3102 infeasible   80               -  150.00000      -   551  675s
  8280  3103 infeasible   76               -  150.00000      -   552  680s
  8293  3114  150.00000   80  274          -  150.00000      -   552  686s
  8332  3119 infeasible   83               -  150.00000      -   553  690s
  8414  3147  150.00000   82  358          -  150.00000      -   554  695s
  8491  3172  150.00000   82  397          -  150.00000      -   555  700s
  8546  3173 infeasible   78               -  150.00000      -   556  705s
  8611  3196 infeasible   77               -  150.00000      -   558  710s
  8662  3217 infeasible   81               -  150.00000      -   560  715s
  8734  3243 infeasible   82               -  150.00000      -   560  720s
  8783  3252  150.00000   75  377          -  150.00000      -   562  725s
  8856  3271  150.00000   74  276          -  150.00000      -   563  730s
  8932  3306  149.58829   83  434          -  150.00000      -   563  735s
  9010  3335 infeasible   85               -  150.00000      -   564  740s
  9087  3364 infeasible   84               -  150.00000      -   565  745s
  9157  3380 infeasible   73               -  150.00000      -   566  750s
  9231  3390  150.00000   73  337          -  150.00000      -   568  755s
  9306  3407 infeasible   63               -  150.00000      -   568  760s
  9376  3417 infeasible   83               -  150.00000      -   570  765s
  9439  3420  150.00000   81  237          -  150.00000      -   571  770s
  9499  3422 infeasible   66               -  150.00000      -   573  775s
  9560  3443  150.00000   71  334          -  150.00000      -   574  780s
  9628  3465  150.00000   72  333          -  150.00000      -   574  785s
  9674  3463  150.00000   71  271          -  150.00000      -   576  790s
  9747  3474  150.00000   73  170          -  150.00000      -   576  798s
  9761  3474  150.00000   74  242          -  150.00000      -   576  800s
  9847  3498 infeasible   83               -  150.00000      -   576  805s
  9899  3508 infeasible   77               -  150.00000      -   577  810s
  9952  3507 infeasible   73               -  150.00000      -   579  815s
 10025  3534  150.00000   79  248          -  150.00000      -   579  820s
 10091  3550 infeasible   70               -  150.00000      -   580  825s
 10159  3558 infeasible   89               -  150.00000      -   581  830s
 10202  3551 infeasible   68               -  150.00000      -   583  948s
 10216  3559 infeasible   55               -  150.00000      -   583  950s
 10284  3593 infeasible   71               -  150.00000      -   584  955s
 10346  3606 infeasible   62               -  150.00000      -   585  960s
 10409  3623 infeasible   58               -  150.00000      -   586  965s
 10467  3629  150.00000   51  310          -  150.00000      -   587  970s
 10533  3649 infeasible   70               -  150.00000      -   588  975s
 10611  3691  150.00000   67  364          -  150.00000      -   587  980s
 10617  3695  150.00000   68  340          -  150.00000      -   587  987s
 10654  3710  150.00000   69  245          -  150.00000      -   587  990s
 10731  3757  150.00000   75  278          -  150.00000      -   587  995s
 10809  3795 infeasible   70               -  150.00000      -   587 1000s
 10895  3833  150.00000   70  295          -  150.00000      -   587 1005s
 10972  3854  150.00000   82  361          -  150.00000      -   587 1010s
 11038  3860  150.00000   79  300          -  150.00000      -   588 1015s
 11107  3875 infeasible   73               -  150.00000      -   588 1020s
 11173  3888 infeasible   64               -  150.00000      -   590 1025s
 11249  3912  150.00000   67  320          -  150.00000      -   591 1030s
 11330  3953  150.00000   67  263          -  150.00000      -   591 1035s
 11413  3990 infeasible   56               -  150.00000      -   591 1040s
 11493  4016 infeasible   68               -  150.00000      -   591 1045s
 11575  4052  149.83582   76  340          -  150.00000      -   592 1050s
 11647  4058 infeasible   72               -  150.00000      -   593 1055s
 11752  4123 infeasible   86               -  150.00000      -   593 1060s
 11841  4142 infeasible   67               -  150.00000      -   593 1065s
 11916  4132 infeasible   59               -  150.00000      -   594 1070s
 11994  4166  150.00000   69  294          -  150.00000      -   594 1075s
 12093  4193 infeasible   68               -  150.00000      -   594 1080s
 12174  4230  150.00000   77  384          -  150.00000      -   595 1085s
 12235  4243 infeasible   67               -  150.00000      -   596 1090s
 12307  4269  150.00000   79  353          -  150.00000      -   597 1095s
 12367  4293  150.00000   71  288          -  150.00000      -   599 1100s
 12422  4314  150.00000   75  322          -  150.00000      -   600 1105s
 12455  4325  150.00000   65  200          -  150.00000      -   600 1113s
 12472  4330 infeasible   69               -  150.00000      -   600 1115s
 12528  4347 infeasible   91               -  150.00000      -   601 1120s
 12573  4358  150.00000   85  363          -  150.00000      -   602 1125s
 12626  4359  150.00000   72  264          -  150.00000      -   603 1130s
 12690  4377  150.00000   72  234          -  150.00000      -   604 1135s
 12766  4401 infeasible   73               -  150.00000      -   604 1140s
 12832  4421  150.00000   59  240          -  150.00000      -   605 1145s
 12903  4462  150.00000   76  334          -  150.00000      -   606 1150s
 12965  4475  149.37016   73  301          -  150.00000      -   606 1155s
 13060  4519  150.00000   75  212          -  150.00000      -   606 1160s
 13128  4525  149.41145   80  402          -  150.00000      -   606 1165s
 13208  4550  150.00000   86  364          -  150.00000      -   606 1170s
 13274  4552 infeasible   84               -  150.00000      -   607 1175s
 13348  4577  150.00000   65  236          -  150.00000      -   607 1180s
 13422  4617  149.80546   85  366          -  150.00000      -   607 1185s
 13466  4618 infeasible   70               -  150.00000      -   608 1190s
 13530  4631 infeasible   67               -  150.00000      -   609 1195s
 13578  4628  150.00000   65  350          -  150.00000      -   610 1200s
 13648  4636 infeasible   85               -  150.00000      -   611 1205s
 13721  4661 infeasible   81               -  150.00000      -   612 1210s
 13796  4672  150.00000   73  270          -  150.00000      -   613 1215s
 13858  4682  150.00000   71  271          -  150.00000      -   614 1220s
 13871  4683  150.00000   76  262          -  150.00000      -   614 1229s
 13878  4682 infeasible   78               -  150.00000      -   615 1230s
 13939  4679 infeasible   74               -  150.00000      -   616 1235s
 13997  4689  150.00000   71  271          -  150.00000      -   617 1240s
 14078  4708 infeasible   73               -  150.00000      -   617 1245s
 14170  4758  150.00000   82  241          -  150.00000      -   617 1250s
 14254  4792 infeasible   97               -  150.00000      -   618 1255s
 14335  4831  150.00000   81  316          -  150.00000      -   618 1260s
 14400  4840 infeasible   79               -  150.00000      -   619 1265s
 14476  4864  150.00000   86  340          -  150.00000      -   620 1270s
 14549  4863 infeasible   86               -  150.00000      -   620 1275s
 14614  4862 infeasible   90               -  150.00000      -   621 1280s
 14687  4887 infeasible   90               -  150.00000      -   622 1285s
 14740  4867 infeasible   78               -  150.00000      -   623 1290s
 14793  4880  150.00000   86  222          -  150.00000      -   623 1295s
 14833  4884 infeasible   96               -  150.00000      -   624 1300s
 14870  4901  150.00000   94  404          -  150.00000      -   624 1305s
 14900  4887 infeasible   84               -  150.00000      -   625 1310s
 14959  4914  150.00000   74  249          -  150.00000      -   625 1315s
 15001  4914 infeasible   70               -  150.00000      -   625 1320s
 15046  4913  150.00000   72  187          -  150.00000      -   625 1325s
 15100  4922  150.00000   69  323          -  150.00000      -   626 1330s
 15171  4963  149.56734   90  431          -  150.00000      -   626 1335s
 15233  4985  150.00000   83  290          -  150.00000      -   627 1340s
 15300  4992  150.00000   78  422          -  150.00000      -   627 1345s
 15358  5014 infeasible   78               -  150.00000      -   628 1350s
 15398  5026 infeasible   80               -  150.00000      -   629 1355s
 15451  5037 infeasible   76               -  150.00000      -   629 1360s
 15490  5034 infeasible   79               -  150.00000      -   630 1365s
 15530  5032 infeasible   76               -  150.00000      -   631 1370s
 15586  5037 infeasible   78               -  150.00000      -   632 1375s
 15657  5057  150.00000   83  197          -  150.00000      -   631 1380s
 15714  5082  150.00000   71  198          -  150.00000      -   632 1385s
 15766  5093 infeasible   83               -  150.00000      -   632 1390s
 15828  5123 infeasible   84               -  150.00000      -   633 1395s
 15882  5129  150.00000   57  249          -  150.00000      -   633 1400s
 15950  5173  150.00000   80  347          -  150.00000      -   633 1415s
 16009  5181 infeasible   71               -  150.00000      -   633 1420s
 16071  5205 infeasible   93               -  150.00000      -   633 1425s
 16115  5191 infeasible   77               -  150.00000      -   634 1430s
 16166  5204 infeasible   83               -  150.00000      -   634 1435s
 16220  5218  150.00000   77  359          -  150.00000      -   635 1440s
 16313  5275  150.00000   75  275          -  150.00000      -   634 1445s
 16386  5296  150.00000   76  174          -  150.00000      -   634 1450s
 16454  5326  150.00000   78  293          -  150.00000      -   634 1455s
 16501  5337 infeasible   67               -  150.00000      -   635 1460s
 16565  5365  150.00000   63  218          -  150.00000      -   635 1465s
 16608  5364 infeasible   82               -  150.00000      -   635 1470s
 16650  5358  150.00000   78  249          -  150.00000      -   636 1475s
 16719  5377 infeasible   85               -  150.00000      -   636 1480s
 16757  5391 infeasible   91               -  150.00000      -   636 1485s
 16790  5390  150.00000   82  304          -  150.00000      -   636 1490s
 16829  5373 infeasible   78               -  150.00000      -   637 1495s
 16878  5386  150.00000   77  202          -  150.00000      -   636 1500s
 16921  5385  150.00000   76  372          -  150.00000      -   637 1505s
 16955  5385 infeasible   74               -  150.00000      -   637 1510s
 16997  5391  150.00000   68  385          -  150.00000      -   637 1515s
 17028  5396 infeasible   71               -  150.00000      -   637 1520s
 17050  5392 infeasible   65               -  150.00000      -   638 1525s
 17084  5396 infeasible   69               -  150.00000      -   638 1530s
 17145  5417  150.00000   68  392          -  150.00000      -   638 1535s
 17200  5426 infeasible   79               -  150.00000      -   639 1540s
 17267  5439 infeasible   83               -  150.00000      -   639 1545s
 17334  5436 infeasible   79               -  150.00000      -   639 1550s
 17420  5466  150.00000   81  194          -  150.00000      -   639 1555s
 17477  5463 infeasible   73               -  150.00000      -   640 1560s
 17532  5454 infeasible   76               -  150.00000      -   641 1565s
 17613  5499 infeasible  100               -  150.00000      -   641 1570s
 17683  5509  150.00000   78  282          -  150.00000      -   642 1575s
 17753  5531 infeasible   76               -  150.00000      -   642 1580s
 17808  5536  150.00000   79  194          -  150.00000      -   643 1585s
 17870  5546 infeasible   82               -  150.00000      -   643 1590s
 17952  5580 infeasible   88               -  150.00000      -   644 1595s
 18028  5602 infeasible   92               -  150.00000      -   644 1600s
 18099  5611  150.00000   84  323          -  150.00000      -   645 1605s
 18100  5612  150.00000   84  288          -  150.00000      -   645 1613s
 18121  5609 infeasible   85               -  150.00000      -   645 1615s
 18183  5625  150.00000   83  274          -  150.00000      -   646 1620s
 18256  5656  150.00000   88  229          -  150.00000      -   646 1625s
 18326  5668 infeasible   89               -  150.00000      -   647 1630s
 18389  5673 infeasible   97               -  150.00000      -   647 1635s
 18448  5676 infeasible   79               -  150.00000      -   648 1640s
 18511  5701  150.00000   86  385          -  150.00000      -   649 1645s
 18580  5718 infeasible   86               -  150.00000      -   649 1650s
 18642  5742  150.00000   86  332          -  150.00000      -   650 1655s
 18716  5772 infeasible   86               -  150.00000      -   650 1660s
 18765  5787 infeasible   88               -  150.00000      -   650 1665s
 18815  5807  150.00000   90  367          -  150.00000      -   651 1670s
 18865  5809 infeasible   85               -  150.00000      -   652 1675s
 18916  5822  150.00000   89  345          -  150.00000      -   652 1680s
 18966  5820  150.00000   87  231          -  150.00000      -   653 1685s
 19054  5862 infeasible   96               -  150.00000      -   653 1690s
 19103  5856  150.00000   86  253          -  150.00000      -   653 1695s
 19160  5865  150.00000   89  237          -  150.00000      -   653 1700s
 19215  5880  150.00000   87  243          -  150.00000      -   654 1705s
 19274  5901  150.00000   94  290          -  150.00000      -   654 1710s
 19333  5912 infeasible   81               -  150.00000      -   654 1715s
 19391  5950 infeasible   87               -  150.00000      -   655 1720s
 19432  5957 infeasible   77               -  150.00000      -   655 1725s
 19501  5964  150.00000   90  205          -  150.00000      -   655 1730s
 19552  5975  150.00000   81  321          -  150.00000      -   656 1735s
 19603  5984  150.00000   85  191          -  150.00000      -   657 1740s
 19670  5991  150.00000   89  207          -  150.00000      -   657 1745s
 19736  6005  150.00000   93  280          -  150.00000      -   657 1750s
 19783  6014 infeasible   89               -  150.00000      -   657 1755s
 19789  6010  150.00000   74  398          -  150.00000      -   658 1764s
 19792  6007 infeasible   84               -  150.00000      -   658 1765s
 19843  6010 infeasible   85               -  150.00000      -   658 1770s
 19897  6013  150.00000   74  255          -  150.00000      -   658 1775s
 19961  6015 infeasible   78               -  150.00000      -   659 1780s
 20021  6029 infeasible   82               -  150.00000      -   659 1785s
 20072  6036  150.00000   67  305          -  150.00000      -   660 1790s
 20119  6031  150.00000   78  347          -  150.00000      -   660 1795s
 20183  6024 infeasible   71               -  150.00000      -   661 1800s
 20247  6030 infeasible   59               -  150.00000      -   662 1805s
 20310  6031  150.00000   68  253          -  150.00000      -   662 1810s
 20387  6074 infeasible   64               -  150.00000      -   662 1815s
 20448  6098  150.00000   58  272          -  150.00000      -   663 1820s
 20525  6123 infeasible   64               -  150.00000      -   663 1825s
 20595  6120 infeasible   63               -  150.00000      -   663 1830s
 20659  6116  150.00000   64  275          -  150.00000      -   664 1835s
 20746  6146  150.00000   76  210          -  150.00000      -   664 1840s
 20856  6228  150.00000   97  326          -  150.00000      -   663 1845s
 20918  6246  150.00000   78  306          -  150.00000      -   664 1850s
 20984  6278  150.00000   76  293          -  150.00000      -   664 1855s
 21049  6283 infeasible   74               -  150.00000      -   665 1860s
 21115  6293  150.00000   70  237          -  150.00000      -   665 1865s
 21179  6317  150.00000   67  255          -  150.00000      -   666 1870s
 21258  6350  150.00000   72  269          -  150.00000      -   666 1875s
 21332  6368 infeasible   72               -  150.00000      -   666 1880s
 21394  6390  150.00000   84  263          -  150.00000      -   667 1885s
 21455  6407  150.00000   89  349          -  150.00000      -   668 1890s
 21542  6434 infeasible   77               -  150.00000      -   668 1895s
 21623  6457 infeasible   83               -  150.00000      -   667 1900s
 21686  6472  150.00000   66  172          -  150.00000      -   668 1905s
 21737  6483 infeasible   83               -  150.00000      -   669 1910s
 21801  6479 infeasible   86               -  150.00000      -   669 1915s
 21868  6500  150.00000   94  322          -  150.00000      -   670 1929s
 21875  6499 infeasible   86               -  150.00000      -   670 1930s
 21939  6507  150.00000   95  183          -  150.00000      -   670 1935s
 22001  6505 infeasible   64               -  150.00000      -   671 1940s
 22094  6548 infeasible   76               -  150.00000      -   671 1945s
 22175  6575  150.00000   72  180          -  150.00000      -   671 1950s
 22246  6590  150.00000   79  284          -  150.00000      -   671 1955s
 22320  6622 infeasible   83               -  150.00000      -   671 1960s
 22429  6679  150.00000   62  187          -  150.00000      -   671 1965s
 22518  6720 infeasible   77               -  150.00000      -   670 1970s
 22612  6762  150.00000   73  292          -  150.00000      -   670 1975s
 22703  6809  150.00000   73  283          -  150.00000      -   670 1980s
 22790  6832  150.00000   80  390          -  150.00000      -   670 1985s
 22863  6851 infeasible   84               -  150.00000      -   670 1990s
 22933  6849  150.00000   76  280          -  150.00000      -   670 1995s
 23006  6860 infeasible   80               -  150.00000      -   671 2000s
 23117  6925  150.00000   87  233          -  150.00000      -   670 2005s
 23224  6992 infeasible   92               -  150.00000      -   669 2010s
 23331  7059 infeasible   92               -  150.00000      -   669 2015s
 23412  7076 infeasible   84               -  150.00000      -   669 2020s
 23483  7105 infeasible   87               -  150.00000      -   669 2025s
 23583  7153 infeasible   92               -  150.00000      -   669 2030s
 23675  7209 infeasible   95               -  150.00000      -   668 2035s
 23711  7209 infeasible   84               -  150.00000      -   669 2040s
 23802  7246 infeasible   97               -  150.00000      -   669 2045s
 23868  7262  150.00000   95  303          -  150.00000      -   669 2050s
 23910  7278  150.00000  103  351          -  150.00000      -   670 2055s
 23944  7270 infeasible   93               -  150.00000      -   671 2060s
 24012  7268 infeasible  104               -  150.00000      -   671 2065s
 24077  7281 infeasible   88               -  150.00000      -   671 2070s
 24166  7316 infeasible   95               -  150.00000      -   671 2075s
 24243  7327  150.00000   82  190          -  150.00000      -   672 2080s
 24306  7332 infeasible   90               -  150.00000      -   672 2085s
 24393  7351 infeasible   83               -  150.00000      -   672 2090s
 24465  7375 infeasible   95               -  150.00000      -   672 2095s
 24529  7399  150.00000   89  198          -  150.00000      -   672 2109s
 24542  7406  150.00000   98  207          -  150.00000      -   672 2110s
 24639  7429  150.00000   93  270          -  150.00000      -   672 2115s
 24702  7442  150.00000   96  231          -  150.00000      -   672 2120s
 24776  7462 infeasible   87               -  150.00000      -   672 2125s
 24847  7477  150.00000   80  185          -  150.00000      -   672 2130s
 24912  7518 infeasible  112               -  150.00000      -   672 2135s
 24988  7556  150.00000   80  218          -  150.00000      -   673 2140s
 25066  7574 infeasible   75               -  150.00000      -   673 2145s
 25144  7620  150.00000   91  379          -  150.00000      -   673 2150s
 25206  7636  150.00000   82  195          -  150.00000      -   673 2155s
 25263  7666  150.00000   85  224          -  150.00000      -   674 2160s
 25322  7675 infeasible   76               -  150.00000      -   674 2165s
 25392  7693 infeasible   88               -  150.00000      -   674 2170s
 25448  7707  150.00000   92  303          -  150.00000      -   675 2175s
 25516  7735  149.98845   92  344          -  150.00000      -   675 2180s
 25588  7733 infeasible   75               -  150.00000      -   676 2185s
 25685  7770 infeasible   83               -  150.00000      -   675 2190s
 25775  7794 infeasible   80               -  150.00000      -   675 2195s
 25835  7790  150.00000   79  333          -  150.00000      -   676 2200s
 25919  7806 infeasible   82               -  150.00000      -   675 2205s
 25977  7818  150.00000   86  211          -  150.00000      -   676 2210s
 26057  7850  150.00000   87  319          -  150.00000      -   676 2215s
 26156  7865 infeasible   87               -  150.00000      -   676 2220s
 26241  7886 infeasible   81               -  150.00000      -   676 2225s
 26314  7895  150.00000   74  277          -  150.00000      -   676 2230s
 26364  7885 infeasible   71               -  150.00000      -   677 2235s
 26449  7910  150.00000   74  253          -  150.00000      -   677 2240s
 26509  7908 infeasible   72               -  150.00000      -   677 2245s
 26593  7924 infeasible   82               -  150.00000      -   677 2250s
 26662  7923  150.00000   74  273          -  150.00000      -   678 2255s
 26764  7983  150.00000   98  250          -  150.00000      -   677 2260s
 26853  8016 infeasible   74               -  150.00000      -   677 2265s
 26938  8039  150.00000   78  216          -  150.00000      -   677 2270s
 27006  8037  150.00000   86  235          -  150.00000      -   678 2275s
 27077  8044  150.00000   77  158          -  150.00000      -   678 2280s
 27127  8062  150.00000   80  157          -  150.00000      -   678 2292s
 27167  8066  150.00000   80  193          -  150.00000      -   678 2295s
 27236  8081  150.00000   86  254          -  150.00000      -   678 2300s
 27329  8130 infeasible   84               -  150.00000      -   678 2305s
 27391  8132  150.00000   92  289          -  150.00000      -   679 2310s
 27462  8151 infeasible   84               -  150.00000      -   679 2315s
 27540  8167  150.00000   82  262          -  150.00000      -   679 2320s
 27611  8158 infeasible   79               -  150.00000      -   679 2325s
 27696  8201  150.00000   82  322          -  150.00000      -   679 2330s
 27799  8252 infeasible   87               -  150.00000      -   679 2335s
 27875  8286  150.00000   79  247          -  150.00000      -   679 2340s
 27970  8343 infeasible   94               -  150.00000      -   679 2345s
 28050  8367 infeasible   81               -  150.00000      -   679 2350s
 28130  8417  150.00000   76  349          -  150.00000      -   679 2355s
 28223  8438 infeasible   75               -  150.00000      -   679 2360s
 28283  8444 infeasible   73               -  150.00000      -   679 2365s
 28366  8463 infeasible   73               -  150.00000      -   679 2370s
 28459  8496  150.00000   75  313          -  150.00000      -   679 2375s
 28527  8504 infeasible   75               -  150.00000      -   679 2380s
 28588  8527 infeasible   89               -  150.00000      -   679 2385s
 28642  8525 infeasible   71               -  150.00000      -   680 2390s
 28742  8571  150.00000   81  266          -  150.00000      -   680 2395s
 28830  8601 infeasible   74               -  150.00000      -   680 2400s
 28911  8628 infeasible   75               -  150.00000      -   679 2405s
 28992  8649  150.00000   76  191          -  150.00000      -   680 2410s
 29055  8654 infeasible   69               -  150.00000      -   680 2415s
 29142  8689  150.00000   71  372          -  150.00000      -   680 2420s
 29220  8731  150.00000   86  340          -  150.00000      -   680 2425s
 29285  8748 infeasible   70               -  150.00000      -   680 2430s
 29367  8784 infeasible   78               -  150.00000      -   680 2435s
 29442  8793  150.00000   71  222          -  150.00000      -   680 2440s
 29513  8810 infeasible   84               -  150.00000      -   680 2445s
 29578  8821 infeasible   89               -  150.00000      -   680 2450s
 29653  8816 infeasible   77               -  150.00000      -   681 2455s
 29676  8817  150.00000   66  332          -  150.00000      -   681 2466s
 29712  8813  150.00000   76  206          -  150.00000      -   681 2470s
 29763  8812  150.00000   74  391          -  150.00000      -   682 2475s
 29839  8832  150.00000   78  423          -  150.00000      -   682 2480s
 29899  8842  150.00000   76  291          -  150.00000      -   682 2485s
 29987  8870  150.00000   74  248          -  150.00000      -   682 2490s
 30061  8878 infeasible   78               -  150.00000      -   682 2495s
 30132  8879 infeasible   76               -  150.00000      -   683 2500s
 30204  8889 infeasible   72               -  150.00000      -   683 2505s
 30278  8889 infeasible   77               -  150.00000      -   683 2510s
 30339  8912  150.00000   82  272          -  150.00000      -   683 2515s
 30425  8944  150.00000   72  264          -  150.00000      -   683 2520s
 30509  8978  150.00000   78  389          -  150.00000      -   683 2525s
 30583  9004  150.00000   74  171          -  150.00000      -   683 2530s
 30671  9028  150.00000   85  330          -  150.00000      -   683 2535s
 30749  9056  150.00000   83  423          -  150.00000      -   683 2540s
 30832  9087  150.00000   85  288          -  150.00000      -   683 2545s
 30913  9094  150.00000   72  240          -  150.00000      -   683 2550s
 31007  9132 infeasible   80               -  150.00000      -   683 2555s
 31067  9146 infeasible   80               -  150.00000      -   683 2560s
 31145  9182  150.00000   89  188          -  150.00000      -   683 2565s
 31229  9226 infeasible   83               -  150.00000      -   683 2570s
 31347  9304 infeasible   97               -  150.00000      -   682 2575s
 31393  9306 infeasible   79               -  150.00000      -   682 2580s
 31473  9338 infeasible   87               -  150.00000      -   682 2585s
 31548  9375  150.00000   97  309          -  150.00000      -   682 2590s
 31623  9396 infeasible   87               -  150.00000      -   682 2595s
 31682  9413 infeasible   90               -  150.00000      -   683 2600s
 31745  9432 infeasible   89               -  150.00000      -   683 2605s
 31837  9492 infeasible   89               -  150.00000      -   683 2610s
 31919  9512 infeasible   83               -  150.00000      -   683 2615s
 31970  9509 infeasible   84               -  150.00000      -   683 2620s
 32060  9543  150.00000   69  326          -  150.00000      -   683 2625s
 32139  9572 infeasible   78               -  150.00000      -   683 2630s
 32210  9569 infeasible   77               -  150.00000      -   683 2635s
 32287  9598  150.00000   80  290          -  150.00000      -   683 2640s
 32361  9616  150.00000   84  160          -  150.00000      -   684 2645s
 32439  9620  150.00000   74  148          -  150.00000      -   684 2650s
 32447  9626  150.00000   77  161          -  150.00000      -   684 2660s
 32520  9639 infeasible   84               -  150.00000      -   684 2665s
 32600  9639 infeasible   91               -  150.00000      -   684 2670s
 32658  9635  149.73269   77  379          -  150.00000      -   685 2675s
 32713  9632  150.00000   79  194          -  150.00000      -   685 2680s
 32783  9670  150.00000   95  191          -  150.00000      -   685 2685s
 32844  9685 infeasible  102               -  150.00000      -   685 2690s
 32912  9693  150.00000   84  263          -  150.00000      -   686 2695s
 32976  9719  150.00000   89  236          -  150.00000      -   686 2700s
 33023  9722 infeasible   79               -  150.00000      -   686 2705s
 33093  9732 infeasible   72               -  150.00000      -   686 2710s
 33158  9741 infeasible   80               -  150.00000      -   686 2715s
 33250  9797  150.00000   86  297          -  150.00000      -   686 2720s
 33313  9802 infeasible   86               -  150.00000      -   686 2725s
 33372  9799 infeasible   89               -  150.00000      -   687 2730s
 33460  9845 infeasible  100               -  150.00000      -   687 2735s
 33534  9841 infeasible   81               -  150.00000      -   687 2740s
 33591  9850 infeasible   82               -  150.00000      -   687 2745s
 33660  9857  150.00000   84  236          -  150.00000      -   687 2750s
 33750  9859 infeasible   78               -  150.00000      -   687 2755s
 33863  9888 infeasible   85               -  150.00000      -   687 2760s
 33948  9923 infeasible   92               -  150.00000      -   687 2765s
 34037  9962 infeasible   95               -  150.00000      -   687 2770s
 34123  9994 infeasible   87               -  150.00000      -   687 2775s
 34222 10025 infeasible   84               -  150.00000      -   687 2780s
 34325 10070 infeasible   96               -  150.00000      -   686 2785s
 34406 10093 infeasible   95               -  150.00000      -   686 2790s
 34456 10091 infeasible   88               -  150.00000      -   687 2795s
 34510 10111  150.00000   96  484          -  150.00000      -   687 2800s
 34582 10135 infeasible   97               -  150.00000      -   687 2805s
 34638 10121  150.00000   80  352          -  150.00000      -   687 2810s
 34708 10131 infeasible  101               -  150.00000      -   687 2815s
 34762 10129 infeasible   92               -  150.00000      -   688 2820s
 34835 10136  150.00000   83  261          -  150.00000      -   688 2825s
 34896 10139 infeasible   91               -  150.00000      -   688 2830s
 34958 10167 infeasible   98               -  150.00000      -   688 2835s
 35009 10176 infeasible   91               -  150.00000      -   689 2840s
 35076 10169  150.00000   95  336          -  150.00000      -   689 2845s
 35135 10178 infeasible   98               -  150.00000      -   689 2850s
 35179 10180 infeasible   99               -  150.00000      -   690 2855s
 35184 10177  150.00000   91  208          -  150.00000      -   690 2865s
 35227 10180 infeasible   94               -  150.00000      -   690 2870s
 35296 10193 infeasible   98               -  150.00000      -   690 2875s
 35347 10186  150.00000   95  236          -  150.00000      -   691 2880s
 35403 10198 infeasible  101               -  150.00000      -   691 2885s
 35436 10203  149.38602   96  400          -  150.00000      -   691 2890s
 35477 10196 infeasible   93               -  150.00000      -   692 2895s
 35539 10198 infeasible   90               -  150.00000      -   692 2900s
 35586 10191 infeasible   97               -  150.00000      -   692 2905s
 35689 10226 infeasible   86               -  150.00000      -   692 2910s
 35757 10264 infeasible   89               -  150.00000      -   692 2915s
 35838 10297 infeasible   98               -  150.00000      -   692 2920s
 35908 10303  150.00000   91  305          -  150.00000      -   692 2925s
 35988 10313  150.00000   85  307          -  150.00000      -   692 2930s
 36076 10353  150.00000   92  277          -  150.00000      -   692 2935s
 36157 10382 infeasible   93               -  150.00000      -   692 2940s
 36242 10421  150.00000   87  183          -  150.00000      -   692 2945s
 36308 10439  150.00000   77  218          -  150.00000      -   692 2950s
 36385 10476  149.03411   79  413          -  150.00000      -   692 2955s
 36455 10506 infeasible   78               -  150.00000      -   693 2960s
 36522 10525  150.00000   78  338          -  150.00000      -   693 2965s
 36595 10556 infeasible   92               -  150.00000      -   693 2970s
 36658 10593  150.00000   81  215          -  150.00000      -   693 2975s
 36745 10610  150.00000   85  310          -  150.00000      -   693 2980s
 36812 10627 infeasible   90               -  150.00000      -   693 2985s
 36887 10648 infeasible   87               -  150.00000      -   693 2990s
 36947 10654  150.00000   83  185          -  150.00000      -   693 2995s
 37040 10697  150.00000   86  241          -  150.00000      -   693 3000s
 37093 10716 infeasible   97               -  150.00000      -   693 3005s
 37148 10737  150.00000   91  376          -  150.00000      -   693 3010s
 37205 10754 infeasible   91               -  150.00000      -   694 3015s
 37284 10767 infeasible   84               -  150.00000      -   694 3020s
 37356 10797 infeasible   91               -  150.00000      -   694 3025s
 37450 10819  150.00000   88  389          -  150.00000      -   694 3030s
 37517 10848  150.00000   84  347          -  150.00000      -   694 3035s
 37580 10867  150.00000   78  248          -  150.00000      -   694 3040s
 37642 10893  150.00000   84  414          -  150.00000      -   694 3045s
 37711 10918 infeasible   94               -  150.00000      -   694 3050s
 37755 10928  150.00000   75  181          -  150.00000      -   695 3061s
 37813 10944 infeasible   78               -  150.00000      -   695 3065s
 37875 10976  150.00000   81  298          -  150.00000      -   695 3070s
 37958 11003 infeasible   76               -  150.00000      -   695 3075s
 38057 11036  150.00000   84  222          -  150.00000      -   695 3080s
 38120 11029  150.00000   70  251          -  150.00000      -   695 3085s
 38197 11048 infeasible   80               -  150.00000      -   695 3090s
 38273 11044 infeasible   76               -  150.00000      -   695 3095s
 38370 11079 infeasible   72               -  150.00000      -   695 3100s
 38447 11076  150.00000   74  343          -  150.00000      -   695 3105s
 38532 11107  150.00000   74  206          -  150.00000      -   694 3110s
 38582 11113 infeasible   73               -  150.00000      -   695 3115s
 38652 11127  149.95273   85  293          -  150.00000      -   695 3120s
 38724 11147  150.00000   85  172          -  150.00000      -   695 3125s
 38815 11150 infeasible   83               -  150.00000      -   695 3130s
 38902 11161  150.00000   82  272          -  150.00000      -   695 3135s
 38978 11195  150.00000   90  296          -  150.00000      -   695 3140s
 39038 11203  150.00000   86  400          -  150.00000      -   695 3145s
 39118 11223  150.00000   96  264          -  150.00000      -   695 3150s
 39191 11230 infeasible   87               -  150.00000      -   695 3155s
 39249 11244 infeasible   86               -  150.00000      -   695 3160s
 39320 11269  150.00000   78  393          -  150.00000      -   695 3165s
 39360 11265 infeasible   71               -  150.00000      -   696 3170s
 39410 11271  150.00000   79  365          -  150.00000      -   696 3175s
 39457 11272 infeasible   83               -  150.00000      -   697 3180s
 39507 11294 infeasible   79               -  150.00000      -   697 3185s
 39568 11319 infeasible   89               -  150.00000      -   697 3190s
 39612 11313  150.00000   65  205          -  150.00000      -   698 3195s
 39686 11351 infeasible   79               -  150.00000      -   698 3200s
 39715 11370  150.00000   91  298          -  150.00000      -   698 3211s
 39757 11394 infeasible   82               -  150.00000      -   698 3215s
 39828 11425  150.00000   82  249          -  150.00000      -   698 3220s
 39892 11453  150.00000   85  297          -  150.00000      -   698 3225s
 39948 11475  150.00000   83  307          -  150.00000      -   699 3230s
 40002 11485  149.91948   80  430          -  150.00000      -   699 3235s
 40063 11490  150.00000   73  262          -  150.00000      -   699 3240s
 40124 11513 infeasible   83               -  150.00000      -   700 3245s
 40203 11536  150.00000   84  360          -  150.00000      -   700 3250s
 40253 11538 infeasible   80               -  150.00000      -   700 3255s
 40326 11575 infeasible   90               -  150.00000      -   700 3260s
 40372 11599  150.00000   76  375          -  150.00000      -   701 3265s
 40414 11605  150.00000   79  260          -  150.00000      -   701 3270s
 40469 11608  150.00000   85  261          -  150.00000      -   701 3275s
 40519 11608 infeasible   86               -  150.00000      -   702 3280s
 40551 11626  150.00000   82  458          -  150.00000      -   702 3285s
 40603 11634 infeasible   87               -  150.00000      -   703 3290s
 40651 11632  150.00000   84  217          -  150.00000      -   703 3295s
 40708 11643  150.00000   71  304          -  150.00000      -   703 3300s
 40788 11675  150.00000   81  213          -  150.00000      -   703 3305s
 40860 11707  150.00000   81  233          -  150.00000      -   703 3310s
 40929 11736  150.00000   72  220          -  150.00000      -   704 3315s
 40990 11751 infeasible   78               -  150.00000      -   704 3320s
 41055 11765 infeasible   99               -  150.00000      -   704 3325s
 41130 11784 infeasible   97               -  150.00000      -   704 3330s
 41215 11791  150.00000   65  333          -  150.00000      -   705 3335s
 41268 11810 infeasible   84               -  150.00000      -   705 3340s
 41352 11848  150.00000   78  277          -  150.00000      -   705 3345s
 41432 11870  150.00000   87  251          -  150.00000      -   705 3350s
 41503 11893 infeasible   73               -  150.00000      -   705 3355s
 41583 11925  150.00000   69  356          -  150.00000      -   705 3360s
 41650 11942  150.00000   73  230          -  150.00000      -   705 3365s
 41705 11957 infeasible   76               -  150.00000      -   705 3370s
 41771 11975  150.00000   71  365          -  150.00000      -   706 3375s
 41860 12020  150.00000   76  278          -  150.00000      -   706 3380s
 41931 12061 infeasible   77               -  150.00000      -   705 3385s
 41986 12064 infeasible   73               -  150.00000      -   706 3390s
 42028 12080 infeasible   92               -  150.00000      -   706 3395s
 42102 12112  150.00000   97  284          -  150.00000      -   706 3400s
 42153 12105 infeasible   97               -  150.00000      -   706 3405s
 42205 12097 infeasible   70               -  150.00000      -   707 3410s
 42270 12134  150.00000   74  268          -  150.00000      -   707 3415s
 42320 12155  148.26539   72  396          -  150.00000      -   708 3420s
 42365 12158  149.68148   76  326          -  150.00000      -   708 3432s
 42389 12164 infeasible   81               -  150.00000      -   708 3435s
 42457 12188 infeasible   93               -  150.00000      -   708 3440s
 42546 12237  150.00000   74  312          -  150.00000      -   708 3445s
 42618 12265 infeasible   84               -  150.00000      -   708 3450s
 42694 12291 infeasible   77               -  150.00000      -   708 3455s
 42775 12328 infeasible   84               -  150.00000      -   708 3460s
 42840 12349 infeasible   81               -  150.00000      -   708 3465s
 42891 12348 infeasible   80               -  150.00000      -   709 3470s
 42953 12366  150.00000   81  246          -  150.00000      -   709 3475s
 43009 12380  150.00000   81  271          -  150.00000      -   709 3480s
 43076 12391 infeasible   83               -  150.00000      -   709 3485s
 43140 12407 infeasible   92               -  150.00000      -   709 3490s
 43182 12405 infeasible   82               -  150.00000      -   710 3495s
 43240 12407 infeasible   92               -  150.00000      -   710 3500s
 43333 12468  150.00000  108  231          -  150.00000      -   710 3505s
 43398 12487  150.00000   83  305          -  150.00000      -   710 3510s
 43464 12493 infeasible   77               -  150.00000      -   710 3515s
 43529 12526  150.00000   81  222          -  150.00000      -   710 3520s
 43581 12534 infeasible   80               -  150.00000      -   711 3525s
 43644 12549 infeasible   76               -  150.00000      -   711 3530s
 43715 12562 infeasible   72               -  150.00000      -   711 3535s
 43765 12566 infeasible   84               -  150.00000      -   712 3540s
 43813 12556  150.00000   79  222          -  150.00000      -   712 3545s
 43879 12562 infeasible   89               -  150.00000      -   712 3550s
 43920 12551 infeasible   78               -  150.00000      -   712 3555s
 43958 12549  150.00000   93  329          -  150.00000      -   713 3560s
 44006 12553 infeasible   82               -  150.00000      -   713 3565s
 44059 12562  150.00000   82  356          -  150.00000      -   713 3570s
 44123 12562 infeasible   82               -  150.00000      -   713 3575s
 44174 12569 infeasible   74               -  150.00000      -   714 3580s
 44232 12587 infeasible   88               -  150.00000      -   714 3585s
 44277 12584 infeasible   76               -  150.00000      -   714 3590s
 44318 12601  150.00000   85  359          -  150.00000      -   715 3595s

Cutting planes:
  MIR: 2
  Flow cover: 4
  Zero half: 3
  RLT: 19
  BQP: 12

Explored 44353 nodes (31882766 simplex iterations) in 3600.00 seconds (4626.99 work units)
Thread count was 1 (of 8 available processors)

Solution count 0

Time limit reached
Best objective -, best bound 1.500000000000e+02, gap -
