
Gurobi 11.0.1 (win64) logging started Wed Mar 13 20:01:04 2024

Set parameter LogFile to value "C:\Projetos\Job_Rotation_Algorithms\Outputs\GurobiLogs\gurobi_log-output-1_wee-c26-CostaMirallesModel-NoExtraConstraint-11.log"
Gurobi Optimizer version 11.0.1 build v11.0.1rc0 (win64 - Windows 10.0 (19045.2))

CPU model: 11th Gen Intel(R) Core(TM) i7-1165G7 @ 2.80GHz, instruction set [SSE2|AVX|AVX2|AVX512]
Thread count: 4 physical cores, 8 logical processors, using up to 1 threads


Gurobi 11.0.1 (win64) logging started Thu Mar 14 07:59:21 2024

Set parameter LogFile to value "C:\Projetos\Job_Rotation_Algorithms\Outputs\GurobiLogs\gurobi_log-output-1_wee-c26-CostaMirallesModel-NoExtraConstraint-11.log"
Gurobi Optimizer version 11.0.1 build v11.0.1rc0 (win64 - Windows 10.0 (19045.2))

CPU model: 11th Gen Intel(R) Core(TM) i7-1165G7 @ 2.80GHz, instruction set [SSE2|AVX|AVX2|AVX512]
Thread count: 4 physical cores, 8 logical processors, using up to 1 threads


Gurobi 11.0.1 (win64) logging started Fri Mar 15 00:36:47 2024

Set parameter LogFile to value "C:\Projetos\Job_Rotation_Algorithms\Outputs\GurobiLogs\gurobi_log-output-1_wee-c26-CostaMirallesModel-NoExtraConstraint-11.log"
Gurobi Optimizer version 11.0.1 build v11.0.1rc0 (win64 - Windows 10.0 (19045.2))

CPU model: 11th Gen Intel(R) Core(TM) i7-1165G7 @ 2.80GHz, instruction set [SSE2|AVX|AVX2|AVX512]
Thread count: 4 physical cores, 8 logical processors, using up to 1 threads


Gurobi 11.0.1 (win64) logging started Fri Apr  5 22:33:34 2024

Set parameter LogFile to value "C:\Projetos\Job_Rotation_Algorithms\Outputs\GurobiLogs\gurobi_log-output-1_wee-c26-CostaMirallesModel-NoExtraConstraint-11.log"
Gurobi Optimizer version 11.0.1 build v11.0.1rc0 (win64 - Windows 10.0 (19045.2))

CPU model: 11th Gen Intel(R) Core(TM) i7-1165G7 @ 2.80GHz, instruction set [SSE2|AVX|AVX2|AVX512]
Thread count: 4 physical cores, 8 logical processors, using up to 1 threads

WLS license 2390832 - registered to Bitka Analytics
Optimize a model with 14161 rows, 91622 columns and 1489535 nonzeros
Model fingerprint: 0xd7e8e7f3
Variable types: 11 continuous, 91611 integer (91611 binary)
Coefficient statistics:
  Matrix range     [1e+00, 8e+01]
  Objective range  [1e+00, 1e+00]
  Bounds range     [1e+00, 3e+02]
  RHS range        [1e+00, 3e+02]
Presolve removed 421 rows and 2513 columns (presolve time = 5s) ...
Presolve added 4346 rows and 2254 columns
Presolve time: 5.29s
Presolved: 18507 rows, 93876 columns, 703811 nonzeros
Variable types: 11 continuous, 93865 integer (90367 binary)

Root simplex log...

Iteration    Objective       Primal Inf.    Dual Inf.      Time
       0    7.4000000e+02   3.094000e+03   0.000000e+00      7s
    7878    7.3999982e+02   3.393523e+04   0.000000e+00     10s
   15158    7.3999971e+02   1.019543e+04   0.000000e+00     15s
   20070    7.3999965e+02   5.597514e+03   0.000000e+00     20s
   23524    7.3999962e+02   7.582834e+03   0.000000e+00     25s
   27154    7.3999955e+02   1.814133e+03   0.000000e+00     30s
   30424    7.3999953e+02   1.115459e+03   0.000000e+00     35s
   33054    7.3999952e+02   1.649905e+01   0.000000e+00     40s
   33252    7.4000000e+02   0.000000e+00   0.000000e+00     41s

Root relaxation: objective 7.400000e+02, 33252 iterations, 33.84 seconds (46.42 work units)
Total elapsed time = 46.03s (DegenMoves)
Total elapsed time = 51.21s (DegenMoves)
Total elapsed time = 56.82s (DegenMoves)

    Nodes    |    Current Node    |     Objective Bounds      |     Work
 Expl Unexpl |  Obj  Depth IntInf | Incumbent    BestBd   Gap | It/Node Time

     0     0  740.00000    0 1109          -  740.00000      -     -   61s
     0     0  740.00000    0 1696          -  740.00000      -     -   64s
     0     0  740.00000    0 1696          -  740.00000      -     -   66s
     0     0  740.00000    0 1156          -  740.00000      -     -  138s
     0     0  740.00000    0 4161          -  740.00000      -     -  179s
     0     0  740.00000    0 4287          -  740.00000      -     -  207s
     0     0  740.00000    0 1211          -  740.00000      -     -  284s
     0     0  740.00000    0 2748          -  740.00000      -     -  293s
     0     0  740.00000    0 1074          -  740.00000      -     -  356s
     0     0  740.00000    0 2459          -  740.00000      -     -  364s
     0     0  740.00000    0 1187          -  740.00000      -     -  430s
     0     0  740.00000    0  976          -  740.00000      -     -  434s
     0     2  740.00000    0  918          -  740.00000      -     -  601s
     7     9  740.00000    4 2442          -  740.00000      -  2441  606s
    10    12  740.00000    6 1785          -  740.00000      -  2483  610s
    34    36  740.00000   22 1944          -  740.00000      -  1141  615s
    48    50  740.00000   31 1797          -  740.00000      -  1069  620s
    59    61  740.00000   38 1593          -  740.00000      -  1037  625s
    73    75  740.00000   46 1679          -  740.00000      -   987  630s
    79    81  740.00000   50  954          -  740.00000      -  1538  636s
    99   101  740.00000   64 1106          -  740.00000      -  1334  640s
   118   120  740.00000   74 1174          -  740.00000      -  1266  645s
   128   130  740.00000   79 1359          -  740.00000      -  1291  650s
   140   142  740.00000   86 1232          -  740.00000      -  1253  655s
   146   148  740.00000   89 1557          -  740.00000      -  1286  660s
   155   157  740.00000   94 1665          -  740.00000      -  1305  665s
   161   163  740.00000   97 2044          -  740.00000      -  1320  670s
   169   171  740.00000  102 2157          -  740.00000      -  1327  675s
   184   186  740.00000  111 1737          -  740.00000      -  1291  681s
   190   192  740.00000  114 2115          -  740.00000      -  1310  687s
   199   201  740.00000  120 1936          -  740.00000      -  1285  690s
   204   206  740.00000  124 1854          -  740.00000      -  1304  695s
   212   214  740.00000  129 2021          -  740.00000      -  1308  701s
   214   216  740.00000  130 1200          -  740.00000      -  1545  712s
   225   227  740.00000  137 1399          -  740.00000      -  1509  715s
   241   243  740.00000  146 1496          -  740.00000      -  1479  720s
   251   253  740.00000  152 1672          -  740.00000      -  1484  725s
   256   258  740.00000  154 1785          -  740.00000      -  1498  730s
   261   263  740.00000  157 2014          -  740.00000      -  1526  735s
   262   264  740.00000  157 2409          -  740.00000      -  1543  744s
   263   265  740.00000  158 2148          -  740.00000      -  1544  746s
   265   267  740.00000  159 1952          -  740.00000      -  1553  750s
   267   269  740.00000  160 1219          -  740.00000      -  1747  763s
   272   274  740.00000  164 1708          -  740.00000      -  1742  765s
   274   276  740.00000  165 4412          -  740.00000      -  1810  791s
   276   278  740.00000  166 2029          -  740.00000      -  1814  795s
   291   293  740.00000  175 1764          -  740.00000      -  1763  800s
   300   302  740.00000  180 1764          -  740.00000      -  1763  805s
   307   309  740.00000  183 1809          -  740.00000      -  1768  810s
   317   319  740.00000  189 1950          -  740.00000      -  1762  815s
   319   321  740.00000  190 1295          -  740.00000      -  1954  832s
   325   327  740.00000  195 4249          -  740.00000      -  2007  863s
   327   329  740.00000  196 2524          -  740.00000      -  2014  870s
   332   334  740.00000  198 1772          -  740.00000      -  2021  875s
   341   343  740.00000  203 1976          -  740.00000      -  2015  880s
   346   348  740.00000  207 4239          -  740.00000      -  2077  907s
   350   352  740.00000  209 1926          -  740.00000      -  2073  910s
   353   355  740.00000  210 1281          -  740.00000      -  2226  926s
   358   360  740.00000  213 4599          -  740.00000      -  2303  963s
   359   361  740.00000  213 1880          -  740.00000      -  2310  966s
   361   363  740.00000  214 1877          -  740.00000      -  2305  970s
   368   370  740.00000  218 1860          -  740.00000      -  2307  975s
   372   374  740.00000  220 1433          -  740.00000      -  2472  997s
   382   383  740.00000  226 1879          -  740.00000      -  2435 1001s
   389   390  740.00000  229 1649          -  740.00000      -  2434 1005s
   392   393  740.00000  231 1676          -  740.00000      -  2434 1010s
   395   396  740.00000  232 2751          -  740.00000      -  2448 1023s
   398   399  740.00000  234 1705          -  740.00000      -  2444 1025s
   399   400  740.00000  234 2894          -  740.00000      -  2457 1036s
   400   401  740.00000  235 2607          -  740.00000      -  2468 1044s
   401   402  740.00000  235 1718          -  740.00000      -  2466 1045s
   406   407  740.00000  238 1888          -  740.00000      -  2479 1050s
   412   413  740.00000  242 1825          -  740.00000      -  2478 1057s
   416   417  740.00000  245 2009          -  740.00000      -  2487 1060s
   422   423  740.00000  248 1854          -  740.00000      -  2486 1065s
   428   429  740.00000  251 1912          -  740.00000      -  2501 1071s
   430   431  740.00000  252 2134          -  740.00000      -  2519 1075s
   432   433  740.00000  253 4713          -  740.00000      -  2577 1111s
   434   435  740.00000  254 2276          -  740.00000      -  2581 1115s
   438   439  740.00000  257 4554          -  740.00000      -  2652 1151s
   439   440  740.00000  257 2672          -  740.00000      -  2656 1157s
   440   441  740.00000  258 2966          -  740.00000      -  2663 1165s
   443   444  740.00000  260 1783          -  740.00000      -  2815 1192s
   444   445  740.00000  261 4465          -  740.00000      -  2873 1225s
   446   447  740.00000  262 2455          -  740.00000      -  2874 1233s
   448   449  740.00000  263 4607          -  740.00000      -  2941 1277s
   449   450  740.00000  263 2598          -  740.00000      -  2943 1282s
   459   460  740.00000  269 2388          -  740.00000      -  2892 1285s
   460   461  740.00000  270 2114          -  740.00000      -  3232 1373s
   462   463  740.00000  271 3707          -  740.00000      -  3259 1397s
   463   464  740.00000  272 2357          -  740.00000      -  3258 1401s
   468   469  740.00000  275 2250          -  740.00000      -  3245 1405s
   471   472  740.00000  277 4940          -  740.00000      -  3302 1447s
   474   475  740.00000  279 4972          -  740.00000      -  3374 1500s
   475   476  740.00000  279 2461          -  740.00000      -  3378 1506s
   476   477  740.00000  280 2070          -  740.00000      -  3713 1603s
   477   478  740.00000  281 3518          -  740.00000      -  3735 1622s
   479   480  740.00000  282 4731          -  740.00000      -  3800 1665s
   481   482  740.00000  283 4861          -  740.00000      -  3852 1702s
   482   483  740.00000  283 2676          -  740.00000      -  3855 1708s
   483   484  740.00000  284 2590          -  740.00000      -  3856 1710s
   485   486  740.00000  285 4875          -  740.00000      -  3913 1750s
   487   488  740.00000  286 4989          -  740.00000      -  3972 1795s
   488   489  740.00000  286 2614          -  740.00000      -  3973 1801s
   490   491  740.00000  287 3204          -  740.00000      -  3974 1815s
   491   492  740.00000  288 3074          -  740.00000      -  3991 1833s
   492   493  740.00000  288 2654          -  740.00000      -  3993 1835s
   493   494  740.00000  289 2768          -  740.00000      -  3994 1840s
   494   495  740.00000  290 1751          -  740.00000      -  4154 1870s
   497   498  740.00000  292 4821          -  740.00000      -  4214 1913s
   499   500  740.00000  293 4989          -  740.00000      -  4292 1974s
   501   502  740.00000  294 4976          -  740.00000      -  4359 2027s
   503   504  740.00000  295 2683          -  740.00000      -  4358 2037s
   505   506  740.00000  296 2385          -  740.00000      -  4366 2041s
   507   508  740.00000  297 4932          -  740.00000      -  4429 2092s
   513   514  740.00000  300 1745          -  740.00000      -  4525 2118s
   517   518  740.00000  303 5072          -  740.00000      -  4577 2171s
   519   520  740.00000  304 5114          -  740.00000      -  4647 2219s
   520   521  740.00000  304 2339          -  740.00000      -  4642 2222s
   521   522  740.00000  305 2540          -  740.00000      -  4655 2226s
   524   525  740.00000  306 2700          -  740.00000      -  4648 2238s
   525   526  740.00000  307 2774          -  740.00000      -  4656 2249s
   527   528  740.00000  308 4753          -  740.00000      -  4716 2296s
   529   530  740.00000  309 4962          -  740.00000      -  4766 2342s
   531   532  740.00000  310 2146          -  740.00000      -  5168 2488s
   533   534  739.79808  311 4833          -  740.00000      -  5337 2592s
   534   535  740.00000  312 2485          -  740.00000      -  5333 2597s
   535   536  740.00000  312 2374          -  740.00000      -  5346 2601s
   540   541  740.00000  315 2648          -  740.00000      -  5331 2607s
   541   542  740.00000  315 3134          -  740.00000      -  5334 2616s
   542   543  740.00000  316 2846          -  740.00000      -  5355 2633s
   544   545  740.00000  318 5008          -  740.00000      -  5416 2682s
   546   547  739.48719  319 5347          -  740.00000      -  5791 2923s
   547   548  740.00000  319 2745          -  740.00000      -  5800 2927s
   548   549  740.00000  320 2095          -  740.00000      -  6025 2988s
   549   550  740.00000  321 4998          -  740.00000      -  6096 3046s
   550   551  740.00000  321 3085          -  740.00000      -  6099 3056s
   551   552  740.00000  322 5062          -  740.00000      -  6200 3148s
   553   554  740.00000  323 5078          -  740.00000      -  6288 3235s
   557   558  740.00000  325 3910          -  740.00000      -  6328 3298s
   558   559  740.00000  326 3232          -  740.00000      -  6329 3307s
   559   560  739.85957  326 5026          -  740.00000      -  6434 3387s
   561   562  740.00000  327 3357          -  740.00000      -  6438 3394s
   563   564  740.00000  329 3102          -  740.00000      -  6419 3395s
   564   565  740.00000  330 2161          -  740.00000      -  6648 3457s
   565   566  737.65638  331 5079          -  740.00000      -  6913 3594s

Cutting planes:
  Cover: 296
  Implied bound: 68
  Clique: 647
  MIR: 72
  StrongCG: 27
  GUB cover: 10
  Zero half: 6
  Network: 6
  RLT: 2
  Relax-and-lift: 46

Explored 566 nodes (4487330 simplex iterations) in 3600.02 seconds (4219.02 work units)
Thread count was 1 (of 8 available processors)

Solution count 0

Time limit reached
Best objective -, best bound 7.400000000000e+02, gap -
