
Gurobi 11.0.1 (win64) logging started Mon Apr  1 12:44:04 2024

Set parameter LogFile to value "C:\Projetos\Job_Rotation_Algorithms\Outputs\GurobiLogs\gurobi_log-output-79_ton-c67-BorbaRittModel-NoExtraConstraint-2.log"
Gurobi Optimizer version 11.0.1 build v11.0.1rc0 (win64 - Windows 10.0 (19045.2))

CPU model: 11th Gen Intel(R) Core(TM) i7-1165G7 @ 2.80GHz, instruction set [SSE2|AVX|AVX2|AVX512]
Thread count: 4 physical cores, 8 logical processors, using up to 1 threads


Gurobi 11.0.1 (win64) logging started Mon Apr  1 21:31:59 2024

Set parameter LogFile to value "C:\Projetos\Job_Rotation_Algorithms\Outputs\GurobiLogs\gurobi_log-output-79_ton-c67-BorbaRittModel-NoExtraConstraint-2.log"
Gurobi Optimizer version 11.0.1 build v11.0.1rc0 (win64 - Windows 10.0 (19045.2))

CPU model: 11th Gen Intel(R) Core(TM) i7-1165G7 @ 2.80GHz, instruction set [SSE2|AVX|AVX2|AVX512]
Thread count: 4 physical cores, 8 logical processors, using up to 1 threads


Gurobi 11.0.1 (win64) logging started Thu Apr  4 23:29:52 2024

Set parameter LogFile to value "C:\Projetos\Job_Rotation_Algorithms\Outputs\GurobiLogs\gurobi_log-output-79_ton-c67-BorbaRittModel-NoExtraConstraint-2.log"
Gurobi Optimizer version 11.0.1 build v11.0.1rc0 (win64 - Windows 10.0 (19045.2))

CPU model: 11th Gen Intel(R) Core(TM) i7-1165G7 @ 2.80GHz, instruction set [SSE2|AVX|AVX2|AVX512]
Thread count: 4 physical cores, 8 logical processors, using up to 1 threads


Gurobi 11.0.1 (win64) logging started Sat Apr  6 12:58:43 2024

Set parameter LogFile to value "C:\Projetos\Job_Rotation_Algorithms\Outputs\GurobiLogs\gurobi_log-output-79_ton-c67-BorbaRittModel-NoExtraConstraint-2.log"
Gurobi Optimizer version 11.0.1 build v11.0.1rc0 (win64 - Windows 10.0 (19045.2))

CPU model: 11th Gen Intel(R) Core(TM) i7-1165G7 @ 2.80GHz, instruction set [SSE2|AVX|AVX2|AVX512]
Thread count: 4 physical cores, 8 logical processors, using up to 1 threads


Gurobi 11.0.1 (win64) logging started Sun Apr  7 02:32:20 2024

Set parameter LogFile to value "C:\Projetos\Job_Rotation_Algorithms\Outputs\GurobiLogs\gurobi_log-output-79_ton-c67-BorbaRittModel-NoExtraConstraint-2.log"
Gurobi Optimizer version 11.0.1 build v11.0.1rc0 (win64 - Windows 10.0 (19045.2))

CPU model: 11th Gen Intel(R) Core(TM) i7-1165G7 @ 2.80GHz, instruction set [SSE2|AVX|AVX2|AVX512]
Thread count: 4 physical cores, 8 logical processors, using up to 1 threads


Gurobi 11.0.1 (win64) logging started Sun Apr  7 09:45:13 2024

Set parameter LogFile to value "C:\Projetos\Job_Rotation_Algorithms\Outputs\GurobiLogs\gurobi_log-output-79_ton-c67-BorbaRittModel-NoExtraConstraint-2.log"
Gurobi Optimizer version 11.0.1 build v11.0.1rc0 (win64 - Windows 10.0 (19045.2))

CPU model: 11th Gen Intel(R) Core(TM) i7-1165G7 @ 2.80GHz, instruction set [SSE2|AVX|AVX2|AVX512]
Thread count: 4 physical cores, 8 logical processors, using up to 1 threads


Gurobi 11.0.1 (win64) logging started Tue Apr  9 08:03:34 2024

Set parameter LogFile to value "C:\Projetos\Job_Rotation_Algorithms\Outputs\GurobiLogs\gurobi_log-output-79_ton-c67-BorbaRittModel-NoExtraConstraint-2.log"
Gurobi Optimizer version 11.0.1 build v11.0.1rc0 (win64 - Windows 10.0 (19045.2))

CPU model: 11th Gen Intel(R) Core(TM) i7-1165G7 @ 2.80GHz, instruction set [SSE2|AVX|AVX2|AVX512]
Thread count: 4 physical cores, 8 logical processors, using up to 1 threads


Gurobi 11.0.1 (win64) logging started Wed Apr 10 17:32:40 2024

Set parameter LogFile to value "C:\Projetos\Job_Rotation_Algorithms\Outputs\GurobiLogs\gurobi_log-output-79_ton-c67-BorbaRittModel-NoExtraConstraint-2.log"
Gurobi Optimizer version 11.0.1 build v11.0.1rc0 (win64 - Windows 10.0 (19045.2))

CPU model: 11th Gen Intel(R) Core(TM) i7-1165G7 @ 2.80GHz, instruction set [SSE2|AVX|AVX2|AVX512]
Thread count: 4 physical cores, 8 logical processors, using up to 1 threads


Gurobi 11.0.1 (win64) logging started Thu Apr 11 01:38:35 2024

Set parameter LogFile to value "C:\Projetos\Job_Rotation_Algorithms\Outputs\GurobiLogs\gurobi_log-output-79_ton-c67-BorbaRittModel-NoExtraConstraint-2.log"
Gurobi Optimizer version 11.0.1 build v11.0.1rc0 (win64 - Windows 10.0 (19045.2))

CPU model: 11th Gen Intel(R) Core(TM) i7-1165G7 @ 2.80GHz, instruction set [SSE2|AVX|AVX2|AVX512]
Thread count: 4 physical cores, 8 logical processors, using up to 1 threads


Gurobi 11.0.1 (win64) logging started Sun Apr 14 11:03:25 2024

Set parameter LogFile to value "C:\Projetos\Job_Rotation_Algorithms\Outputs\GurobiLogs\gurobi_log-output-79_ton-c67-BorbaRittModel-NoExtraConstraint-2.log"
Gurobi Optimizer version 11.0.1 build v11.0.1rc0 (win64 - Windows 10.0 (19045.2))

CPU model: 11th Gen Intel(R) Core(TM) i7-1165G7 @ 2.80GHz, instruction set [SSE2|AVX|AVX2|AVX512]
Thread count: 4 physical cores, 8 logical processors, using up to 1 threads

WLS license 901038 - registered to Bitka Analytics
Optimize a model with 47547 rows, 3744 columns and 146144 nonzeros
Model fingerprint: 0x40263ad6
Variable types: 2 continuous, 3742 integer (3742 binary)
Coefficient statistics:
  Matrix range     [1e+00, 3e+02]
  Objective range  [1e+00, 1e+00]
  Bounds range     [1e+00, 1e+02]
  RHS range        [1e+00, 1e+02]
Presolve removed 9839 rows and 415 columns
Presolve time: 0.53s
Presolved: 37708 rows, 3329 columns, 116076 nonzeros
Variable types: 0 continuous, 3329 integer (3328 binary)
Root relaxation presolved: 3329 rows, 41037 columns, 119405 nonzeros


Root relaxation: objective 1.400000e+02, 2166 iterations, 0.16 seconds (0.16 work units)
Total elapsed time = 5.19s (DegenMoves)

    Nodes    |    Current Node    |     Objective Bounds      |     Work
 Expl Unexpl |  Obj  Depth IntInf | Incumbent    BestBd   Gap | It/Node Time

     0     0  140.00000    0  566          -  140.00000      -     -    5s
     0     0  140.00000    0  793          -  140.00000      -     -    8s
     0     0  140.00000    0  691          -  140.00000      -     -    9s
     0     0  140.00000    0  759          -  140.00000      -     -   20s
     0     0  140.00000    0  697          -  140.00000      -     -   21s
     0     0  140.00000    0  829          -  140.00000      -     -   30s
     0     0  140.00000    0  750          -  140.00000      -     -   30s
     0     0  140.00000    0  717          -  140.00000      -     -   40s
     0     0  140.00000    0  804          -  140.00000      -     -   42s
     0     0  140.00000    0  883          -  140.00000      -     -   52s
     0     0  140.00000    0  670          -  140.00000      -     -   60s
     0     2  140.00000    0  670          -  140.00000      -     -   72s
    27    29  140.00000   15  431          -  140.00000      -   488   75s
    62    64  140.00000   37  679          -  140.00000      -   562   81s
   104   106  140.00000   64  506          -  140.00000      -   449   85s
   173   162  140.00000   17  625          -  140.00000      -   360   90s
   236   225  140.00000   61  498          -  140.00000      -   340   95s
   317   263  140.00000   18  533          -  140.00000      -   304  100s
   363   309  140.00000   49  503          -  140.00000      -   315  105s
   404   348  140.00000   77  574          -  140.00000      -   322  110s
   465   387  140.00000   76  496          -  140.00000      -   321  115s
   537   432  140.00000   91  520          -  140.00000      -   317  120s
   596   462  140.00000   85  670          -  140.00000      -   314  125s
   599   464  140.00000   40  445          -  140.00000      -   312  138s
   601   465  140.00000   25  585          -  140.00000      -   311  148s
   603   467  140.00000   79  635          -  140.00000      -   310  157s
   605   468  140.00000   47  620          -  140.00000      -   309  166s
   607   469  140.00000   64  507          -  140.00000      -   308  180s
   609   471  140.00000   44  713          -  140.00000      -   307  198s
   610   471  140.00000   52  692          -  140.00000      -   307  202s
   611   472  140.00000   18  710          -  140.00000      -   306  211s
   613   473  140.00000   24  561          -  140.00000      -   305  222s
   614   474  140.00000   41  717          -  140.00000      -   305  226s
   615   475  140.00000   20  676          -  140.00000      -   304  239s
   616   475  139.75000  100  657          -  140.00000      -   304  244s
   617   476  140.00000   47  549          -  140.00000      -   303  255s
   618   477  140.00000   70  512          -  140.00000      -   303  260s
   619   477  140.00000   63  512          -  140.00000      -   302  266s
   620   480  140.00000   12  447          -  140.00000      -   344  273s
   626   484  140.00000   15  398          -  140.00000      -   344  275s
   628   485  140.00000   16  387          -  140.00000      -   344  292s
   643   495  140.00000   23  426          -  140.00000      -   346  295s
   679   519  140.00000   41  455          -  140.00000      -   345  300s
   717   537  140.00000   57  557          -  140.00000      -   344  305s
   730   543  140.00000   64  482          -  140.00000      -   355  310s
   745   541  140.00000   24  456          -  140.00000      -   363  315s
   774   561  140.00000   38  500          -  140.00000      -   362  320s
   801   573  140.00000   52  457          -  140.00000      -   363  325s
   813   581  140.00000   58  443          -  140.00000      -   375  330s
   844   581 infeasible   71               -  140.00000      -   377  335s
   878   604  140.00000   39  394          -  140.00000      -   377  340s
   924   621  140.00000   28  431          -  140.00000      -   375  345s
   957   643  140.00000   45  374          -  140.00000      -   375  350s
   997   661  140.00000   65  442          -  140.00000      -   375  355s
  1026   669  140.00000   78  426          -  140.00000      -   383  360s
  1052   670  140.00000   28  365          -  140.00000      -   388  365s
  1111   707 infeasible   57               -  140.00000      -   382  370s
  1137   721  139.00000   70  423          -  140.00000      -   388  375s
  1161   731  138.00000   82  439          -  140.00000      -   392  380s
  1190   730  139.00000   75  406          -  140.00000      -   399  385s
  1217   732  140.00000   38  473          -  140.00000      -   406  390s
  1255   757  140.00000   57  368          -  140.00000      -   405  395s
  1292   770 infeasible   76               -  140.00000      -   407  400s
  1300   767  140.00000   24  323          -  140.00000      -   408  405s
  1360   807  140.00000   58  405          -  140.00000      -   405  410s
  1396   819 infeasible   74               -  140.00000      -   408  415s
  1429   827  140.00000   43  412          -  140.00000      -   413  420s
  1452   841  140.00000   53  453          -  140.00000      -   417  425s
  1472   852  140.00000   64  585          -  140.00000      -   422  430s
  1489   851  140.00000   50  384          -  140.00000      -   428  435s
  1533   875  140.00000   69  360          -  140.00000      -   425  440s
  1559   882  140.00000   55  334          -  140.00000      -   428  445s
  1598   906  140.00000   75  413          -  140.00000      -   426  450s
  1627   913  139.94444   84  513          -  140.00000      -   431  455s
  1642   913  140.00000   90  401          -  140.00000      -   436  460s
  1675   917  139.00000   69  452          -  140.00000      -   438  465s
  1698   917  139.00000   74  464          -  140.00000      -   443  470s
  1714   913  139.80000   71  454          -  140.00000      -   444  492s
  1730   912  138.00000   64  385          -  140.00000      -   445  495s
  1760   918 infeasible   72               -  140.00000      -   446  500s
  1791   915  140.00000   62  467          -  140.00000      -   448  505s
  1825   927 infeasible   80               -  140.00000      -   449  510s
  1846   933  139.00000   65  420          -  140.00000      -   453  515s
  1877   940  140.00000   63  438          -  140.00000      -   456  520s
  1923   965 infeasible   84               -  140.00000      -   457  525s
  1944   969  139.00000   71  474          -  140.00000      -   463  530s
  1969   971  139.00000   66  490          -  140.00000      -   467  535s
  1990   975 infeasible   80               -  140.00000      -   470  540s
  2009   980  138.66667   62  603          -  140.00000      -   477  546s
  2022   979 infeasible   68               -  140.00000      -   480  550s
  2044   979  139.00000   65  476          -  140.00000      -   484  555s
  2081  1004 infeasible   82               -  140.00000      -   484  560s
  2100  1009 infeasible   66               -  140.00000      -   490  565s
  2123  1028  140.00000   68  442          -  140.00000      -   493  570s
  2145  1042  140.00000   74  351          -  140.00000      -   496  575s
  2186  1057  140.00000   44  383          -  140.00000      -   495  580s
  2228  1085  140.00000   44  413          -  140.00000      -   494  585s
  2275  1122  140.00000   68  351          -  140.00000      -   491  590s
  2317  1138  140.00000   50  458          -  140.00000      -   491  595s
  2353  1168  140.00000   67  454          -  140.00000      -   491  600s
  2386  1181  140.00000   85  408          -  140.00000      -   491  605s
  2407  1182 infeasible   94               -  140.00000      -   495  610s
  2434  1203 infeasible   64               -  140.00000      -   497  615s
  2463  1218 infeasible   77               -  140.00000      -   499  620s
  2488  1233  140.00000   59  397          -  140.00000      -   500  625s
  2533  1274  140.00000   85  376          -  140.00000      -   498  630s
  2553  1290 infeasible   91               -  140.00000      -   503  635s
  2569  1290 infeasible   74               -  140.00000      -   506  640s
  2606  1317  140.00000   60  428          -  140.00000      -   509  645s
  2629  1328  140.00000   44  479          -  140.00000      -   511  650s
  2667  1356  140.00000   67  497          -  140.00000      -   511  655s
  2706  1381  140.00000   50  388          -  140.00000      -   511  660s
  2754  1419  140.00000   78  440          -  140.00000      -   510  665s
  2771  1428  140.00000   53  359          -  140.00000      -   512  670s
  2823  1476 infeasible   76               -  140.00000      -   508  675s
  2853  1492 infeasible   88               -  140.00000      -   509  680s
  2873  1504 infeasible   95               -  140.00000      -   511  685s
  2919  1542  140.00000   69  419          -  140.00000      -   508  690s
  2949  1556  140.00000   50  401          -  140.00000      -   510  695s
  2991  1598  140.00000   74  421          -  140.00000      -   507  700s
  3017  1616 infeasible   88               -  140.00000      -   510  706s
  3020  1617 infeasible   88               -  140.00000      -   515  712s
  3035  1620  139.00000   71  468          -  140.00000      -   514  715s
  3074  1645  140.00000   58  413          -  140.00000      -   513  720s
  3113  1674  140.00000   69  383          -  140.00000      -   512  725s
  3139  1694 infeasible   79               -  140.00000      -   514  730s
  3163  1700  140.00000   86  467          -  140.00000      -   516  735s
  3197  1710  140.00000   77  396          -  140.00000      -   516  740s
  3233  1736 infeasible   91               -  140.00000      -   516  745s
  3273  1762  140.00000   90  420          -  140.00000      -   515  750s
  3326  1771  140.00000   89  397          -  140.00000      -   512  755s
  3371  1788  140.00000   93  421          -  140.00000      -   512  760s
  3408  1801 infeasible  103               -  140.00000      -   512  765s
  3433  1808  140.00000   88  414          -  140.00000      -   513  770s
  3483  1822  140.00000   85  442          -  140.00000      -   512  775s
  3529  1842 infeasible   91               -  140.00000      -   511  780s
  3573  1850  140.00000   88  326          -  140.00000      -   511  785s
  3620  1865  140.00000  100  418          -  140.00000      -   510  790s
  3646  1861 infeasible   93               -  140.00000      -   513  795s
  3670  1861 infeasible   92               -  140.00000      -   514  800s
  3695  1866  140.00000   95  466          -  140.00000      -   517  805s
  3725  1868 infeasible   79               -  140.00000      -   520  810s
  3776  1905  140.00000   76  372          -  140.00000      -   517  839s
  3778  1907  140.00000   77  373          -  140.00000      -   518  840s
  3804  1917  139.00000   85  401          -  140.00000      -   518  845s
  3823  1916 infeasible   89               -  140.00000      -   520  850s
  3856  1933 infeasible   81               -  140.00000      -   521  855s
  3914  1981  140.00000   81  320          -  140.00000      -   518  860s
  3944  1993  140.00000   69  403          -  140.00000      -   519  865s
  3977  2016  140.00000   88  392          -  140.00000      -   519  870s
  4009  2016 infeasible   71               -  140.00000      -   520  875s
  4045  2048  140.00000   83  350          -  140.00000      -   520  880s
  4083  2066  140.00000   71  317          -  140.00000      -   520  885s
  4128  2081 infeasible   88               -  140.00000      -   519  890s
  4162  2103  139.00000   89  437          -  140.00000      -   520  895s
  4186  2107 infeasible   81               -  140.00000      -   522  900s
  4225  2132  140.00000   98  380          -  140.00000      -   522  905s
  4256  2139  140.00000   64  416          -  140.00000      -   522  910s
  4293  2160 infeasible   83               -  140.00000      -   522  915s
  4326  2181  140.00000   85  360          -  140.00000      -   522  920s
  4355  2188 infeasible   97               -  140.00000      -   524  925s
  4366  2185 infeasible   96               -  140.00000      -   529  930s
  4401  2202  140.00000   89  361          -  140.00000      -   529  935s
  4440  2215 infeasible   93               -  140.00000      -   528  940s
  4476  2223  140.00000   60  381          -  140.00000      -   528  945s
  4520  2261  140.00000   89  404          -  140.00000      -   527  950s
  4568  2287  140.00000   84  360          -  140.00000      -   525  955s
  4607  2310  140.00000   73  340          -  140.00000      -   525  960s
  4654  2335  140.00000   79  467          -  140.00000      -   523  965s
  4695  2364  140.00000   98  384          -  140.00000      -   523  970s
  4723  2378 infeasible  110               -  140.00000      -   524  975s
  4765  2392 infeasible   94               -  140.00000      -   524  980s
  4806  2421  140.00000  108  379          -  140.00000      -   523  985s
  4833  2432 infeasible  116               -  140.00000      -   525  990s
  4869  2446  140.00000   98  358          -  140.00000      -   524  995s
  4917  2474  140.00000   89  390          -  140.00000      -   523 1000s
  4957  2490 infeasible  104               -  140.00000      -   524 1005s
  4991  2500 infeasible   92               -  140.00000      -   524 1010s
  5019  2510 infeasible  101               -  140.00000      -   525 1015s
  5052  2515 infeasible   93               -  140.00000      -   526 1020s
  5101  2542  140.00000  107  319          -  140.00000      -   524 1025s
  5133  2554 infeasible  100               -  140.00000      -   525 1030s
  5170  2573  140.00000  106  362          -  140.00000      -   524 1035s
  5197  2576  140.00000   97  381          -  140.00000      -   525 1040s
  5236  2587 infeasible   88               -  140.00000      -   525 1045s
  5278  2603 infeasible  104               -  140.00000      -   524 1050s
  5315  2612  140.00000   89  349          -  140.00000      -   524 1055s
  5340  2613  140.00000   71  315          -  140.00000      -   525 1060s
  5385  2636  140.00000   90  339          -  140.00000      -   524 1065s
  5433  2668  140.00000   83  406          -  140.00000      -   523 1070s
  5476  2695  140.00000   83  428          -  140.00000      -   522 1075s
  5500  2699  140.00000   66  378          -  140.00000      -   522 1080s
  5537  2730  140.00000   85  385          -  140.00000      -   521 1085s
  5583  2758  140.00000   55  300          -  140.00000      -   520 1090s
  5636  2797  140.00000   80  403          -  140.00000      -   518 1095s
  5669  2822  140.00000   87  338          -  140.00000      -   518 1100s
  5686  2823 infeasible   90               -  140.00000      -   520 1105s
  5737  2872  140.00000   63  410          -  140.00000      -   518 1110s
  5783  2910  140.00000   86  416          -  140.00000      -   516 1115s
  5825  2924 infeasible   79               -  140.00000      -   516 1120s
  5858  2939  140.00000   62  406          -  140.00000      -   517 1125s
  5901  2960  140.00000   88  416          -  140.00000      -   516 1130s
  5937  2960 infeasible   81               -  140.00000      -   516 1135s
  5974  2977 infeasible   67               -  140.00000      -   516 1140s
  6002  2983 infeasible   81               -  140.00000      -   516 1145s
  6024  2985  139.00000   57  363          -  140.00000      -   518 1150s
  6070  3009 infeasible   64               -  140.00000      -   517 1155s
  6104  3029  139.00000   89  383          -  140.00000      -   517 1160s
  6128  3031 infeasible   89               -  140.00000      -   518 1165s
  6159  3044  140.00000   77  404          -  140.00000      -   519 1170s
  6193  3052 infeasible   78               -  140.00000      -   519 1175s
  6214  3053  140.00000   92  442          -  140.00000      -   520 1180s
  6244  3057  140.00000   71  357          -  140.00000      -   521 1185s
  6291  3082  140.00000   69  357          -  140.00000      -   520 1190s
  6330  3103  140.00000   87  423          -  140.00000      -   520 1195s
  6359  3118  140.00000   75  362          -  140.00000      -   520 1200s
  6392  3135 infeasible   89               -  140.00000      -   520 1205s
  6428  3149 infeasible   72               -  140.00000      -   520 1210s
  6457  3166 infeasible   87               -  140.00000      -   521 1215s
  6483  3176 infeasible   73               -  140.00000      -   521 1220s
  6516  3183 infeasible   84               -  140.00000      -   521 1225s
  6548  3205  140.00000   79  419          -  140.00000      -   521 1230s
  6576  3213  140.00000   66  372          -  140.00000      -   522 1235s
  6601  3218  140.00000   67  376          -  140.00000      -   522 1240s
  6635  3230  140.00000   70  377          -  140.00000      -   522 1245s
  6658  3237  140.00000   76  492          -  140.00000      -   523 1250s
  6689  3250  140.00000   68  304          -  140.00000      -   523 1255s
  6721  3266  140.00000   61  382          -  140.00000      -   524 1260s
  6793  3326  140.00000   66  388          -  140.00000      -   520 1265s
  6838  3359  140.00000   85  455          -  140.00000      -   519 1270s
  6863  3366 infeasible   95               -  140.00000      -   519 1275s
  6881  3370 infeasible   73               -  140.00000      -   521 1280s
  6900  3371  140.00000   68  491          -  140.00000      -   522 1285s
  6918  3367 infeasible   78               -  140.00000      -   523 1290s
  6934  3365 infeasible   70               -  140.00000      -   524 1295s
  6937  3368  140.00000   70  365          -  140.00000      -   524 1317s
  6954  3369  140.00000   87  334          -  140.00000      -   524 1320s
  6992  3381  140.00000   93  381          -  140.00000      -   524 1325s
  7035  3404  140.00000   75  353          -  140.00000      -   523 1330s
  7072  3425 infeasible   93               -  140.00000      -   523 1335s
  7105  3428 infeasible   84               -  140.00000      -   523 1340s
  7156  3451 infeasible  100               -  140.00000      -   522 1345s
  7198  3483  140.00000   89  381          -  140.00000      -   520 1350s
  7225  3490 infeasible   98               -  140.00000      -   521 1355s
  7262  3497  140.00000  100  423          -  140.00000      -   521 1360s
  7303  3522  140.00000   78  395          -  140.00000      -   520 1365s
  7324  3529 infeasible   89               -  140.00000      -   521 1370s
  7358  3549  140.00000   84  355          -  140.00000      -   521 1375s
  7390  3553  140.00000   96  402          -  140.00000      -   521 1380s
  7440  3587 infeasible   98               -  140.00000      -   520 1385s
  7474  3605  140.00000   96  381          -  140.00000      -   520 1390s
  7516  3621 infeasible   88               -  140.00000      -   520 1395s
  7566  3625  140.00000   90  376          -  140.00000      -   519 1400s
  7597  3632  139.00000   95  461          -  140.00000      -   519 1405s
  7642  3635 infeasible   97               -  140.00000      -   519 1410s
  7671  3650  140.00000   98  358          -  140.00000      -   519 1415s
  7699  3656 infeasible  108               -  140.00000      -   520 1420s
  7720  3659 infeasible  112               -  140.00000      -   521 1425s
  7762  3669 infeasible  111               -  140.00000      -   521 1430s
  7790  3675 infeasible  119               -  140.00000      -   521 1435s
  7827  3682  140.00000   87  356          -  140.00000      -   521 1440s
  7856  3685 infeasible   91               -  140.00000      -   521 1445s
  7887  3696  139.00000   97  488          -  140.00000      -   521 1450s
  7927  3702 infeasible   94               -  140.00000      -   521 1455s
  7963  3714  140.00000  108  493          -  140.00000      -   521 1460s
  7989  3720  140.00000  114  403          -  140.00000      -   521 1465s
  8040  3743 infeasible  107               -  140.00000      -   521 1470s
  8075  3750  140.00000   94  422          -  140.00000      -   521 1475s
  8098  3749  139.00000   98  484          -  140.00000      -   521 1480s
  8120  3759  140.00000  105  423          -  140.00000      -   521 1485s
  8142  3761  140.00000  107  406          -  140.00000      -   522 1490s
  8159  3760 infeasible  110               -  140.00000      -   523 1495s
  8186  3767 infeasible  114               -  140.00000      -   524 1500s
  8214  3775 infeasible   99               -  140.00000      -   524 1505s
  8250  3789  140.00000  111  408          -  140.00000      -   524 1510s
  8276  3797  140.00000  104  385          -  140.00000      -   525 1515s
  8316  3797 infeasible  106               -  140.00000      -   525 1520s
  8342  3805  140.00000  106  315          -  140.00000      -   525 1525s
  8368  3801  140.00000  104  365          -  140.00000      -   526 1530s
  8377  3806  140.00000  108  315          -  140.00000      -   527 1535s
  8423  3814  140.00000   99  346          -  140.00000      -   527 1540s
  8452  3825  140.00000   90  348          -  140.00000      -   527 1545s
  8487  3834  140.00000   92  429          -  140.00000      -   527 1550s
  8507  3836 infeasible   97               -  140.00000      -   527 1555s
  8534  3847  140.00000   99  370          -  140.00000      -   528 1560s
  8585  3862 infeasible  103               -  140.00000      -   527 1565s
  8629  3862  139.00000  103  386          -  140.00000      -   527 1570s
  8666  3857 infeasible  104               -  140.00000      -   527 1575s
  8707  3862  140.00000   95  380          -  140.00000      -   527 1580s
  8741  3884  140.00000  104  388          -  140.00000      -   527 1585s
  8765  3882 infeasible   97               -  140.00000      -   527 1590s
  8798  3903  140.00000  103  328          -  140.00000      -   528 1595s
  8824  3907 infeasible   91               -  140.00000      -   528 1600s
  8850  3913  140.00000  109  379          -  140.00000      -   528 1605s
  8874  3907 infeasible  106               -  140.00000      -   529 1610s
  8904  3923  140.00000  111  446          -  140.00000      -   530 1615s
  8938  3939 infeasible   96               -  140.00000      -   530 1620s
  8966  3939 infeasible  101               -  140.00000      -   530 1626s
  8991  3940  140.00000  101  361          -  140.00000      -   531 1630s
  9014  3951  139.98256  109  790          -  140.00000      -   531 1635s
  9035  3958 infeasible  110               -  140.00000      -   532 1640s
  9047  3960 infeasible  114               -  140.00000      -   533 1645s
  9071  3964  140.00000  111  414          -  140.00000      -   534 1650s
  9112  3977  140.00000  106  487          -  140.00000      -   534 1655s
  9137  3976 infeasible  121               -  140.00000      -   534 1660s
  9170  3987 infeasible  103               -  140.00000      -   534 1665s
  9205  3996 infeasible  104               -  140.00000      -   534 1670s
  9236  4003 infeasible  104               -  140.00000      -   534 1675s
  9280  4015  140.00000  109  423          -  140.00000      -   534 1680s
  9310  4017 infeasible  105               -  140.00000      -   534 1685s
  9330  4021  140.00000   99  332          -  140.00000      -   534 1720s
  9359  4022  140.00000  102  347          -  140.00000      -   534 1725s
  9380  4021  139.99851  103  729          -  140.00000      -   535 1730s
  9390  4021  139.00000  105  545          -  140.00000      -   536 1735s
  9415  4026  140.00000   96  359          -  140.00000      -   536 1740s
  9458  4043 infeasible  115               -  140.00000      -   536 1745s
  9504  4063 infeasible  105               -  140.00000      -   535 1750s
  9531  4066  140.00000   96  415          -  140.00000      -   535 1755s
  9560  4075 infeasible  105               -  140.00000      -   535 1760s
  9596  4087 infeasible  101               -  140.00000      -   535 1765s
  9630  4097  140.00000  101  457          -  140.00000      -   535 1770s
  9664  4109 infeasible  100               -  140.00000      -   535 1775s
  9709  4128  140.00000  100  400          -  140.00000      -   535 1780s
  9738  4133  140.00000  100  366          -  140.00000      -   535 1785s
  9767  4146  140.00000   99  423          -  140.00000      -   535 1790s
  9792  4155  140.00000  104  419          -  140.00000      -   536 1795s
  9811  4160 infeasible  112               -  140.00000      -   537 1800s
  9828  4165 infeasible  115               -  140.00000      -   537 1805s
  9846  4163 infeasible  106               -  140.00000      -   538 1810s
  9895  4194 infeasible  100               -  140.00000      -   537 1815s
  9926  4205  140.00000   35  463          -  140.00000      -   537 1820s
  9973  4246 infeasible   73               -  140.00000      -   535 1825s
 10002  4261 infeasible   88               -  140.00000      -   535 1830s
 10033  4286  140.00000   72  444          -  140.00000      -   535 1835s
 10060  4303  140.00000   82  380          -  140.00000      -   536 1840s
 10105  4322 infeasible   96               -  140.00000      -   535 1845s
 10135  4326 infeasible   82               -  140.00000      -   535 1850s
 10181  4348  140.00000   89  342          -  140.00000      -   535 1855s
 10202  4363  140.00000   92  415          -  140.00000      -   534 2124s
 10206  4367  139.98649   91  567          -  140.00000      -   534 2125s
 10218  4369 infeasible   96               -  140.00000      -   536 2130s
 10233  4372 infeasible   90               -  140.00000      -   537 2135s
 10242  4371 infeasible   85               -  140.00000      -   538 2140s
 10269  4378 infeasible   88               -  140.00000      -   538 2145s
 10299  4400  140.00000   93  441          -  140.00000      -   538 2150s
 10322  4411  140.00000   98  377          -  140.00000      -   538 2155s
 10359  4438  140.00000   98  327          -  140.00000      -   538 2160s
 10387  4450  140.00000  110  422          -  140.00000      -   538 2165s
 10422  4471  140.00000   81  384          -  140.00000      -   537 2170s
 10450  4489  140.00000   88  513          -  140.00000      -   537 2175s
 10475  4506  140.00000  103  459          -  140.00000      -   538 2180s
 10507  4524  140.00000   80  378          -  140.00000      -   537 2185s
 10541  4552 infeasible   93               -  140.00000      -   537 2190s
 10565  4554  140.00000   84  348          -  140.00000      -   537 2195s
 10588  4561 infeasible   93               -  140.00000      -   537 2200s
 10609  4560 infeasible   84               -  140.00000      -   538 2205s
 10644  4573 infeasible  107               -  140.00000      -   538 2210s
 10658  4577  140.00000   85  457          -  140.00000      -   538 2215s
 10695  4600 infeasible  109               -  140.00000      -   538 2220s
 10728  4609  140.00000   95  368          -  140.00000      -   538 2225s
 10763  4628  140.00000   93  421          -  140.00000      -   538 2230s
 10799  4646  140.00000  101  389          -  140.00000      -   538 2235s
 10812  4651 infeasible  103               -  140.00000      -   539 2240s
 10832  4651 infeasible  108               -  140.00000      -   540 2245s
 10841  4658  140.00000  106  412          -  140.00000      -   540 2250s
 10870  4669 infeasible  116               -  140.00000      -   541 2255s
 10902  4689  139.00000   92  376          -  140.00000      -   540 2260s
 10927  4700 infeasible  103               -  140.00000      -   541 2265s
 10965  4714 infeasible   96               -  140.00000      -   540 2270s
 11004  4727  140.00000   90  353          -  140.00000      -   540 2275s
 11022  4737  139.00000   94  499          -  140.00000      -   541 2280s
 11035  4732  140.00000   82  410          -  140.00000      -   542 2285s
 11056  4745  139.00000   87  396          -  140.00000      -   543 2290s
 11091  4762  140.00000   94  479          -  140.00000      -   542 2295s
 11135  4784  140.00000   95  425          -  140.00000      -   542 2300s
 11155  4784 infeasible   99               -  140.00000      -   543 2305s
 11183  4790 infeasible  100               -  140.00000      -   543 2311s
 11207  4786  140.00000   91  400          -  140.00000      -   543 2315s
 11240  4813  140.00000   94  353          -  140.00000      -   543 2320s
 11288  4831 infeasible  106               -  140.00000      -   542 2325s
 11316  4843  140.00000   94  449          -  140.00000      -   543 2330s
 11351  4858  140.00000   92  384          -  140.00000      -   542 2335s
 11390  4881  140.00000  108  380          -  140.00000      -   542 2340s
 11405  4882 infeasible  113               -  140.00000      -   543 2345s
 11423  4888 infeasible   98               -  140.00000      -   543 2350s
 11461  4908 infeasible  100               -  140.00000      -   543 2355s
 11496  4917  140.00000   85  422          -  140.00000      -   543 2360s
 11534  4931  139.00000   99  351          -  140.00000      -   543 2365s
 11552  4935  139.00000  103  350          -  140.00000      -   543 2370s
 11586  4939 infeasible  108               -  140.00000      -   543 2375s
 11613  4936  139.00000   80  440          -  140.00000      -   544 2380s
 11654  4949 infeasible   93               -  140.00000      -   543 2385s
 11689  4964  140.00000  102  401          -  140.00000      -   543 2390s
 11723  4976  140.00000  113  465          -  140.00000      -   543 2395s
 11746  4967  140.00000   90  377          -  140.00000      -   543 2400s
 11785  4984  140.00000   95  375          -  140.00000      -   543 2405s
 11821  4988  140.00000   95  460          -  140.00000      -   543 2410s
 11858  5007  140.00000   90  382          -  140.00000      -   543 2415s
 11881  5014  140.00000   83  436          -  140.00000      -   543 2420s
 11909  5026  140.00000   86  392          -  140.00000      -   543 2425s
 11955  5040 infeasible   92               -  140.00000      -   543 2430s
 11991  5050 infeasible   88               -  140.00000      -   543 2435s
 12019  5058  140.00000   91  371          -  140.00000      -   543 2440s
 12052  5065  140.00000   93  442          -  140.00000      -   543 2445s
 12069  5064 infeasible   99               -  140.00000      -   544 2450s
 12106  5089 infeasible  104               -  140.00000      -   544 2455s
 12121  5088  140.00000   91  401          -  140.00000      -   544 2460s
 12162  5111  140.00000   87  359          -  140.00000      -   544 2465s
 12189  5124 infeasible   93               -  140.00000      -   544 2470s
 12235  5148  140.00000  100  421          -  140.00000      -   544 2475s
 12262  5149  140.00000   84  327          -  140.00000      -   544 2480s
 12308  5157 infeasible   83               -  140.00000      -   544 2485s
 12344  5165 infeasible   91               -  140.00000      -   544 2490s
 12383  5180  140.00000   99  416          -  140.00000      -   543 2495s
 12410  5183 infeasible   90               -  140.00000      -   544 2500s
 12437  5184  140.00000   91  372          -  140.00000      -   544 2505s
 12465  5184 infeasible   91               -  140.00000      -   544 2510s
 12513  5188 infeasible   89               -  140.00000      -   543 2515s
 12552  5191 infeasible   85               -  140.00000      -   543 2520s
 12593  5200  140.00000   88  301          -  140.00000      -   543 2525s
 12637  5202  140.00000   90  317          -  140.00000      -   542 2530s
 12667  5202 infeasible   89               -  140.00000      -   542 2535s
 12698  5219  140.00000   96  390          -  140.00000      -   542 2540s
 12726  5215  140.00000   88  304          -  140.00000      -   543 2545s
 12769  5226 infeasible   99               -  140.00000      -   542 2550s
 12792  5223  140.00000   89  395          -  140.00000      -   543 2555s
 12826  5235  140.00000   89  294          -  140.00000      -   543 2560s
 12857  5238  140.00000   88  395          -  140.00000      -   543 2565s
 12890  5243  140.00000   89  355          -  140.00000      -   543 2570s
 12918  5245  139.00000   92  380          -  140.00000      -   543 2575s
 12950  5243 infeasible   89               -  140.00000      -   543 2580s
 12978  5249  140.00000   87  353          -  140.00000      -   543 2585s
 13019  5262 infeasible   91               -  140.00000      -   543 2590s
 13048  5281  140.00000   95  441          -  140.00000      -   543 2631s
 13056  5279 infeasible   97               -  140.00000      -   543 2635s
 13070  5283 infeasible  102               -  140.00000      -   544 2640s
 13102  5301  140.00000   95  515          -  140.00000      -   544 2645s
 13129  5322  140.00000  105  360          -  140.00000      -   544 2650s
 13154  5333 infeasible  115               -  140.00000      -   544 2655s
 13180  5347  140.00000   91  293          -  140.00000      -   544 2660s
 13214  5357  140.00000   82  339          -  140.00000      -   544 2665s
 13259  5398  140.00000   99  368          -  140.00000      -   544 2670s
 13281  5400  140.00000   84  358          -  140.00000      -   544 2675s
 13316  5415  139.00000   97  430          -  140.00000      -   544 2680s
 13349  5432  140.00000  100  348          -  140.00000      -   544 2685s
 13373  5430 infeasible   98               -  140.00000      -   544 2690s
 13401  5446  140.00000  101  420          -  140.00000      -   545 2695s
 13429  5454 infeasible  109               -  140.00000      -   545 2700s
 13459  5472  140.00000  113  458          -  140.00000      -   545 2705s
 13479  5472  140.00000  101  383          -  140.00000      -   545 2710s
 13509  5472 infeasible   85               -  140.00000      -   545 2715s
 13536  5481  140.00000   99  529          -  140.00000      -   546 2720s
 13558  5483  139.50000   98  403          -  140.00000      -   546 2725s
 13576  5479  140.00000  104  446          -  140.00000      -   547 2730s
 13618  5501  140.00000   92  438          -  140.00000      -   547 2735s
 13642  5511  140.00000   92  418          -  140.00000      -   547 2740s
 13671  5518  140.00000   99  410          -  140.00000      -   547 2745s
 13707  5526 infeasible   94               -  140.00000      -   547 2750s
 13746  5535 infeasible   89               -  140.00000      -   547 2755s
 13763  5540 infeasible   93               -  140.00000      -   548 2760s
 13785  5542 infeasible   91               -  140.00000      -   548 2765s
 13830  5561  140.00000   95  375          -  140.00000      -   548 2770s
 13863  5576  140.00000  105  381          -  140.00000      -   548 2775s
 13885  5582  139.00000   94  448          -  140.00000      -   548 2780s
 13916  5585  140.00000   82  343          -  140.00000      -   548 2785s
 13965  5602 infeasible  102               -  140.00000      -   548 2790s
 14012  5627 infeasible  100               -  140.00000      -   547 2795s
 14042  5639 infeasible   88               -  140.00000      -   548 2800s
 14076  5653  139.00000   96  344          -  140.00000      -   548 2805s
 14110  5675  140.00000   93  344          -  140.00000      -   548 2810s
 14124  5669 infeasible   97               -  140.00000      -   549 2815s
 14168  5687 infeasible   84               -  140.00000      -   549 2820s
 14218  5719 infeasible  105               -  140.00000      -   548 2825s
 14251  5734 infeasible  107               -  140.00000      -   548 2830s
 14284  5731 infeasible   94               -  140.00000      -   548 2835s
 14330  5753  140.00000   98  361          -  140.00000      -   548 2840s
 14369  5762  140.00000   99  372          -  140.00000      -   548 2845s
 14404  5763  140.00000   95  391          -  140.00000      -   548 2850s
 14447  5770  140.00000   88  377          -  140.00000      -   547 2855s
 14484  5791  140.00000  101  373          -  140.00000      -   547 2860s
 14517  5812  140.00000  109  322          -  140.00000      -   547 2865s
 14543  5808  140.00000   87  414          -  140.00000      -   548 2870s
 14586  5827  140.00000   93  343          -  140.00000      -   548 2875s
 14610  5833 infeasible   91               -  140.00000      -   548 2880s
 14635  5842 infeasible   96               -  140.00000      -   549 2885s
 14667  5848  140.00000   92  422          -  140.00000      -   549 2890s
 14711  5866 infeasible   87               -  140.00000      -   549 2895s
 14731  5866  140.00000   90  371          -  140.00000      -   549 2900s
 14760  5873 infeasible  102               -  140.00000      -   549 2905s
 14777  5876 infeasible  105               -  140.00000      -   550 2910s
 14814  5887 infeasible   97               -  140.00000      -   550 2915s
 14838  5895 infeasible  104               -  140.00000      -   550 2920s
 14885  5904 infeasible   96               -  140.00000      -   550 2925s
 14927  5930  140.00000   84  363          -  140.00000      -   550 2930s
 14966  5955 infeasible  106               -  140.00000      -   549 2935s
 14998  5965  140.00000   94  362          -  140.00000      -   550 2940s
 15044  5979  140.00000   97  385          -  140.00000      -   549 2945s
 15073  5984  140.00000   84  316          -  140.00000      -   549 2950s
 15112  5997  140.00000   84  347          -  140.00000      -   549 2955s
 15161  6026 infeasible  102               -  140.00000      -   549 2960s
 15202  6031 infeasible   99               -  140.00000      -   549 2965s
 15238  6045  140.00000  103  384          -  140.00000      -   549 2970s
 15252  6045 infeasible  108               -  140.00000      -   550 2975s
 15270  6049 infeasible   97               -  140.00000      -   550 2980s
 15298  6061 infeasible   99               -  140.00000      -   550 2985s
 15313  6068 infeasible  107               -  140.00000      -   551 2990s
 15333  6070  139.99849   78  711          -  140.00000      -   551 2996s
 15337  6072  139.99849   78  820          -  140.00000      -   552 3000s
 15375  6102  140.00000   61  427          -  140.00000      -   551 3005s
 15410  6133  140.00000   83  458          -  140.00000      -   551 3010s
 15434  6135 infeasible   92               -  140.00000      -   551 3015s
 15468  6149 infeasible  109               -  140.00000      -   551 3020s
 15494  6155 infeasible   92               -  140.00000      -   552 3025s
 15530  6183 infeasible  101               -  140.00000      -   552 3030s
 15552  6173 infeasible   98               -  140.00000      -   552 3035s
 15579  6176 infeasible  100               -  140.00000      -   553 3040s
 15608  6175 infeasible   90               -  140.00000      -   553 3045s
 15646  6195  140.00000  110  389          -  140.00000      -   553 3050s
 15667  6190  140.00000  101  433          -  140.00000      -   553 3055s
 15684  6189 infeasible  108               -  140.00000      -   554 3060s
 15720  6199  140.00000   84  444          -  140.00000      -   554 3065s
 15757  6222  140.00000  107  515          -  140.00000      -   553 3070s
 15770  6219 infeasible  110               -  140.00000      -   554 3075s
 15789  6222  139.00000   89  558          -  140.00000      -   554 3080s
 15809  6222  140.00000   88  387          -  140.00000      -   555 3085s
 15838  6229 infeasible   97               -  140.00000      -   555 3090s
 15849  6224  139.00000   83  385          -  140.00000      -   555 3095s
 15873  6234  140.00000   31  348          -  140.00000      -   555 3100s
 15921  6280  140.00000   71  498          -  140.00000      -   554 3105s
 15940  6293  140.00000   83  432          -  140.00000      -   554 3110s
 15957  6298 infeasible   90               -  140.00000      -   555 3115s
 15978  6299  139.00000   85  417          -  140.00000      -   555 3120s
 16001  6302  140.00000   86  454          -  140.00000      -   555 3125s
 16022  6301  140.00000   86  484          -  140.00000      -   556 3130s
 16050  6309 infeasible   97               -  140.00000      -   556 3135s
 16078  6321  140.00000   97  384          -  140.00000      -   556 3140s
 16104  6323  140.00000   84  436          -  140.00000      -   556 3145s
 16134  6331 infeasible   90               -  140.00000      -   556 3150s
 16159  6336 infeasible   98               -  140.00000      -   556 3155s
 16187  6340 infeasible   81               -  140.00000      -   556 3160s
 16217  6354  140.00000   76  517          -  140.00000      -   556 3165s
 16247  6366  140.00000   98  392          -  140.00000      -   556 3170s
 16282  6373  140.00000  111  400          -  140.00000      -   556 3175s
 16308  6373  140.00000  102  338          -  140.00000      -   557 3180s
 16335  6380  139.00000  104  405          -  140.00000      -   557 3185s
 16362  6375  140.00000   95  361          -  140.00000      -   557 3190s
 16392  6383  140.00000  102  435          -  140.00000      -   557 3195s
 16416  6381  140.00000   99  444          -  140.00000      -   557 3200s
 16436  6383  140.00000   98  354          -  140.00000      -   558 3205s
 16464  6395  140.00000  106  433          -  140.00000      -   558 3210s
 16489  6394  140.00000   99  417          -  140.00000      -   558 3215s
 16525  6396  140.00000   77  418          -  140.00000      -   558 3220s
 16562  6409  140.00000   93  350          -  140.00000      -   558 3225s
 16582  6405 infeasible  101               -  140.00000      -   558 3230s
 16619  6430 infeasible  112               -  140.00000      -   558 3235s
 16652  6433 infeasible  101               -  140.00000      -   558 3240s
 16682  6441  140.00000  112  417          -  140.00000      -   558 3245s
 16710  6455  140.00000  113  414          -  140.00000      -   559 3250s
 16736  6461 infeasible  106               -  140.00000      -   559 3255s
 16767  6460 infeasible  105               -  140.00000      -   559 3260s
 16794  6465  140.00000  103  397          -  140.00000      -   559 3265s
 16824  6473 infeasible  114               -  140.00000      -   559 3270s
 16856  6475  140.00000  101  423          -  140.00000      -   559 3275s
 16889  6478  140.00000  100  414          -  140.00000      -   559 3280s
 16919  6486  140.00000   97  336          -  140.00000      -   559 3285s
 16962  6497 infeasible  110               -  140.00000      -   559 3290s
 16992  6501  140.00000  110  456          -  140.00000      -   559 3295s
 17024  6515 infeasible  117               -  140.00000      -   559 3300s
 17037  6508 infeasible  113               -  140.00000      -   560 3305s
 17065  6524 infeasible  118               -  140.00000      -   560 3310s
 17082  6519  140.00000  111  395          -  140.00000      -   561 3315s
 17105  6524  140.00000  111  416          -  140.00000      -   561 3320s
 17119  6526  139.00000  116  395          -  140.00000      -   561 3360s
 17132  6525 infeasible  109               -  140.00000      -   561 3365s
 17152  6533 infeasible  115               -  140.00000      -   561 3370s
 17172  6529 infeasible  108               -  140.00000      -   562 3375s
 17200  6535 infeasible  103               -  140.00000      -   562 3380s
 17233  6554  140.00000  103  418          -  140.00000      -   562 3385s
 17254  6555 infeasible  110               -  140.00000      -   562 3390s
 17288  6581  140.00000  111  452          -  140.00000      -   562 3395s
 17308  6581 infeasible   89               -  140.00000      -   562 3400s
 17339  6584  140.00000   92  501          -  140.00000      -   562 3405s
 17364  6589 infeasible  108               -  140.00000      -   562 3410s
 17378  6589 infeasible  108               -  140.00000      -   563 3415s
 17403  6608  140.00000   87  486          -  140.00000      -   563 3420s
 17423  6610  140.00000   74  435          -  140.00000      -   564 3425s
 17448  6629 infeasible   91               -  140.00000      -   564 3430s
 17491  6664  140.00000   90  331          -  140.00000      -   563 3435s
 17522  6669 infeasible   97               -  140.00000      -   564 3440s
 17541  6678  139.00000  108  459          -  140.00000      -   564 3445s
 17570  6699  139.50000   82  536          -  140.00000      -   564 3450s
 17587  6704  140.00000   69  502          -  140.00000      -   564 3455s
 17621  6738  139.95652   86  536          -  140.00000      -   564 3460s
 17648  6739  139.00000   97  451          -  140.00000      -   564 3465s
 17673  6744  140.00000   73  415          -  140.00000      -   564 3470s
 17703  6764  139.00000   85  544          -  140.00000      -   564 3475s
 17737  6786  140.00000   86  395          -  140.00000      -   564 3480s
 17756  6793 infeasible   96               -  140.00000      -   564 3485s
 17786  6817  140.00000   73  390          -  140.00000      -   564 3490s
 17811  6840  140.00000   84  403          -  140.00000      -   564 3495s
 17829  6844 infeasible   87               -  140.00000      -   564 3500s
 17867  6870 infeasible   84               -  140.00000      -   564 3505s
 17895  6882 infeasible   91               -  140.00000      -   564 3510s
 17930  6905  140.00000   88  448          -  140.00000      -   564 3515s
 17950  6919 infeasible   94               -  140.00000      -   564 3520s
 17973  6930 infeasible  104               -  140.00000      -   564 3525s
 18008  6945  140.00000   88  376          -  140.00000      -   564 3530s
 18046  6971 infeasible   89               -  140.00000      -   564 3535s
 18082  6985  140.00000   80  336          -  140.00000      -   564 3540s
 18115  7016  139.00000   92  425          -  140.00000      -   564 3545s
 18141  7024 infeasible  101               -  140.00000      -   564 3550s
 18179  7048 infeasible   90               -  140.00000      -   563 3555s
 18221  7070  140.00000   88  378          -  140.00000      -   563 3560s
 18264  7081  140.00000   81  357          -  140.00000      -   563 3565s
 18300  7083  140.00000   79  443          -  140.00000      -   563 3570s
 18343  7096  139.00000   93  336          -  140.00000      -   562 3575s
 18364  7095  139.90909   87  378          -  140.00000      -   563 3580s
 18379  7100  139.00000   91  364          -  140.00000      -   563 3585s
 18404  7099  140.00000   88  417          -  140.00000      -   563 3590s
 18423  7096  139.00000   92  418          -  140.00000      -   563 3595s

Cutting planes:
  Gomory: 3
  Lift-and-project: 1
  Cover: 5
  Clique: 5
  MIR: 7
  Flow cover: 80
  Zero half: 30
  RLT: 97
  BQP: 144

Explored 18452 nodes (10683959 simplex iterations) in 3600.02 seconds (4348.81 work units)
Thread count was 1 (of 8 available processors)

Solution count 0

Time limit reached
Best objective -, best bound 1.400000000000e+02, gap -
