
Gurobi 11.0.1 (win64) logging started Thu Mar 14 08:07:35 2024

Set parameter LogFile to value "C:\Projetos\Job_Rotation_Algorithms\Outputs\GurobiLogs\gurobi_log-output-27_wee-c72-CostaMirallesModel-NoExtraConstraint-2.log"
Gurobi Optimizer version 11.0.1 build v11.0.1rc0 (win64 - Windows 10.0 (19045.2))

CPU model: 11th Gen Intel(R) Core(TM) i7-1165G7 @ 2.80GHz, instruction set [SSE2|AVX|AVX2|AVX512]
Thread count: 4 physical cores, 8 logical processors, using up to 1 threads


Gurobi 11.0.1 (win64) logging started Fri Mar 15 00:45:01 2024

Set parameter LogFile to value "C:\Projetos\Job_Rotation_Algorithms\Outputs\GurobiLogs\gurobi_log-output-27_wee-c72-CostaMirallesModel-NoExtraConstraint-2.log"
Gurobi Optimizer version 11.0.1 build v11.0.1rc0 (win64 - Windows 10.0 (19045.2))

CPU model: 11th Gen Intel(R) Core(TM) i7-1165G7 @ 2.80GHz, instruction set [SSE2|AVX|AVX2|AVX512]
Thread count: 4 physical cores, 8 logical processors, using up to 1 threads


Gurobi 11.0.1 (win64) logging started Tue Mar 19 09:19:04 2024

Set parameter LogFile to value "C:\Projetos\Job_Rotation_Algorithms\Outputs\GurobiLogs\gurobi_log-output-27_wee-c72-CostaMirallesModel-NoExtraConstraint-2.log"
Gurobi Optimizer version 11.0.1 build v11.0.1rc0 (win64 - Windows 10.0 (19045.2))

CPU model: 11th Gen Intel(R) Core(TM) i7-1165G7 @ 2.80GHz, instruction set [SSE2|AVX|AVX2|AVX512]
Thread count: 4 physical cores, 8 logical processors, using up to 1 threads


Gurobi 11.0.1 (win64) logging started Mon Apr  1 12:48:08 2024

Set parameter LogFile to value "C:\Projetos\Job_Rotation_Algorithms\Outputs\GurobiLogs\gurobi_log-output-27_wee-c72-CostaMirallesModel-NoExtraConstraint-2.log"
Gurobi Optimizer version 11.0.1 build v11.0.1rc0 (win64 - Windows 10.0 (19045.2))

CPU model: 11th Gen Intel(R) Core(TM) i7-1165G7 @ 2.80GHz, instruction set [SSE2|AVX|AVX2|AVX512]
Thread count: 4 physical cores, 8 logical processors, using up to 1 threads


Gurobi 11.0.1 (win64) logging started Mon Apr  1 21:35:58 2024

Set parameter LogFile to value "C:\Projetos\Job_Rotation_Algorithms\Outputs\GurobiLogs\gurobi_log-output-27_wee-c72-CostaMirallesModel-NoExtraConstraint-2.log"
Gurobi Optimizer version 11.0.1 build v11.0.1rc0 (win64 - Windows 10.0 (19045.2))

CPU model: 11th Gen Intel(R) Core(TM) i7-1165G7 @ 2.80GHz, instruction set [SSE2|AVX|AVX2|AVX512]
Thread count: 4 physical cores, 8 logical processors, using up to 1 threads


Gurobi 11.0.1 (win64) logging started Thu Apr  4 23:33:30 2024

Set parameter LogFile to value "C:\Projetos\Job_Rotation_Algorithms\Outputs\GurobiLogs\gurobi_log-output-27_wee-c72-CostaMirallesModel-NoExtraConstraint-2.log"
Gurobi Optimizer version 11.0.1 build v11.0.1rc0 (win64 - Windows 10.0 (19045.2))

CPU model: 11th Gen Intel(R) Core(TM) i7-1165G7 @ 2.80GHz, instruction set [SSE2|AVX|AVX2|AVX512]
Thread count: 4 physical cores, 8 logical processors, using up to 1 threads


Gurobi 11.0.1 (win64) logging started Sat Apr  6 13:03:06 2024

Set parameter LogFile to value "C:\Projetos\Job_Rotation_Algorithms\Outputs\GurobiLogs\gurobi_log-output-27_wee-c72-CostaMirallesModel-NoExtraConstraint-2.log"
Gurobi Optimizer version 11.0.1 build v11.0.1rc0 (win64 - Windows 10.0 (19045.2))

CPU model: 11th Gen Intel(R) Core(TM) i7-1165G7 @ 2.80GHz, instruction set [SSE2|AVX|AVX2|AVX512]
Thread count: 4 physical cores, 8 logical processors, using up to 1 threads


Gurobi 11.0.1 (win64) logging started Sun Apr  7 02:35:58 2024

Set parameter LogFile to value "C:\Projetos\Job_Rotation_Algorithms\Outputs\GurobiLogs\gurobi_log-output-27_wee-c72-CostaMirallesModel-NoExtraConstraint-2.log"
Gurobi Optimizer version 11.0.1 build v11.0.1rc0 (win64 - Windows 10.0 (19045.2))

CPU model: 11th Gen Intel(R) Core(TM) i7-1165G7 @ 2.80GHz, instruction set [SSE2|AVX|AVX2|AVX512]
Thread count: 4 physical cores, 8 logical processors, using up to 1 threads


Gurobi 11.0.1 (win64) logging started Sun Apr  7 09:48:54 2024

Set parameter LogFile to value "C:\Projetos\Job_Rotation_Algorithms\Outputs\GurobiLogs\gurobi_log-output-27_wee-c72-CostaMirallesModel-NoExtraConstraint-2.log"
Gurobi Optimizer version 11.0.1 build v11.0.1rc0 (win64 - Windows 10.0 (19045.2))

CPU model: 11th Gen Intel(R) Core(TM) i7-1165G7 @ 2.80GHz, instruction set [SSE2|AVX|AVX2|AVX512]
Thread count: 4 physical cores, 8 logical processors, using up to 1 threads


Gurobi 11.0.1 (win64) logging started Tue Apr  9 08:07:30 2024

Set parameter LogFile to value "C:\Projetos\Job_Rotation_Algorithms\Outputs\GurobiLogs\gurobi_log-output-27_wee-c72-CostaMirallesModel-NoExtraConstraint-2.log"
Gurobi Optimizer version 11.0.1 build v11.0.1rc0 (win64 - Windows 10.0 (19045.2))

CPU model: 11th Gen Intel(R) Core(TM) i7-1165G7 @ 2.80GHz, instruction set [SSE2|AVX|AVX2|AVX512]
Thread count: 4 physical cores, 8 logical processors, using up to 1 threads


Gurobi 11.0.1 (win64) logging started Wed Apr 10 17:37:10 2024

Set parameter LogFile to value "C:\Projetos\Job_Rotation_Algorithms\Outputs\GurobiLogs\gurobi_log-output-27_wee-c72-CostaMirallesModel-NoExtraConstraint-2.log"
Gurobi Optimizer version 11.0.1 build v11.0.1rc0 (win64 - Windows 10.0 (19045.2))

CPU model: 11th Gen Intel(R) Core(TM) i7-1165G7 @ 2.80GHz, instruction set [SSE2|AVX|AVX2|AVX512]
Thread count: 4 physical cores, 8 logical processors, using up to 1 threads


Gurobi 11.0.1 (win64) logging started Thu Apr 11 01:42:28 2024

Set parameter LogFile to value "C:\Projetos\Job_Rotation_Algorithms\Outputs\GurobiLogs\gurobi_log-output-27_wee-c72-CostaMirallesModel-NoExtraConstraint-2.log"
Gurobi Optimizer version 11.0.1 build v11.0.1rc0 (win64 - Windows 10.0 (19045.2))

CPU model: 11th Gen Intel(R) Core(TM) i7-1165G7 @ 2.80GHz, instruction set [SSE2|AVX|AVX2|AVX512]
Thread count: 4 physical cores, 8 logical processors, using up to 1 threads


Gurobi 11.0.1 (win64) logging started Sun Apr 21 02:59:02 2024

Set parameter LogFile to value "C:\Projetos\Job_Rotation_Algorithms\Outputs\GurobiLogs\gurobi_log-output-27_wee-c72-CostaMirallesModel-NoExtraConstraint-2.log"
Gurobi Optimizer version 11.0.1 build v11.0.1rc0 (win64 - Windows 10.0 (19045.2))

CPU model: 11th Gen Intel(R) Core(TM) i7-1165G7 @ 2.80GHz, instruction set [SSE2|AVX|AVX2|AVX512]
Thread count: 4 physical cores, 8 logical processors, using up to 1 threads


Gurobi 11.0.1 (win64) logging started Fri Apr 26 07:41:02 2024

Set parameter LogFile to value "C:\Projetos\Job_Rotation_Algorithms\Outputs\GurobiLogs\gurobi_log-output-27_wee-c72-CostaMirallesModel-NoExtraConstraint-2.log"
Gurobi Optimizer version 11.0.1 build v11.0.1rc0 (win64 - Windows 10.0 (19045.2))

CPU model: 11th Gen Intel(R) Core(TM) i7-1165G7 @ 2.80GHz, instruction set [SSE2|AVX|AVX2|AVX512]
Thread count: 4 physical cores, 8 logical processors, using up to 1 threads


Gurobi 11.0.1 (win64) logging started Sat Apr 27 04:32:34 2024

Set parameter LogFile to value "C:\Projetos\Job_Rotation_Algorithms\Outputs\GurobiLogs\gurobi_log-output-27_wee-c72-CostaMirallesModel-NoExtraConstraint-2.log"
Gurobi Optimizer version 11.0.1 build v11.0.1rc0 (win64 - Windows 10.0 (19045.2))

CPU model: 11th Gen Intel(R) Core(TM) i7-1165G7 @ 2.80GHz, instruction set [SSE2|AVX|AVX2|AVX512]
Thread count: 4 physical cores, 8 logical processors, using up to 1 threads


Gurobi 11.0.1 (win64) logging started Sat Apr 27 14:50:32 2024

Set parameter LogFile to value "C:\Projetos\Job_Rotation_Algorithms\Outputs\GurobiLogs\gurobi_log-output-27_wee-c72-CostaMirallesModel-NoExtraConstraint-2.log"
Gurobi Optimizer version 11.0.1 build v11.0.1rc0 (win64 - Windows 10.0 (19045.2))

CPU model: 11th Gen Intel(R) Core(TM) i7-1165G7 @ 2.80GHz, instruction set [SSE2|AVX|AVX2|AVX512]
Thread count: 4 physical cores, 8 logical processors, using up to 1 threads


Gurobi 11.0.1 (win64) logging started Mon Apr 29 09:27:19 2024

Set parameter LogFile to value "C:\Projetos\Job_Rotation_Algorithms\Outputs\GurobiLogs\gurobi_log-output-27_wee-c72-CostaMirallesModel-NoExtraConstraint-2.log"
Gurobi Optimizer version 11.0.1 build v11.0.1rc0 (win64 - Windows 10.0 (19045.2))

CPU model: 11th Gen Intel(R) Core(TM) i7-1165G7 @ 2.80GHz, instruction set [SSE2|AVX|AVX2|AVX512]
Thread count: 4 physical cores, 8 logical processors, using up to 1 threads

WLS license 901038 - registered to Bitka Analytics
Optimize a model with 3173 rows, 17080 columns and 270432 nonzeros
Model fingerprint: 0x5ba44f5d
Variable types: 2 continuous, 17078 integer (17078 binary)
Coefficient statistics:
  Matrix range     [1e+00, 8e+01]
  Objective range  [1e+00, 1e+00]
  Bounds range     [1e+00, 1e+02]
  RHS range        [1e+00, 1e+02]
Presolve added 999 rows and 463 columns
Presolve time: 0.87s
Presolved: 4172 rows, 17543 columns, 122229 nonzeros
Variable types: 0 continuous, 17543 integer (16872 binary)

Root relaxation: objective 1.500000e+02, 3650 iterations, 0.19 seconds (0.24 work units)

    Nodes    |    Current Node    |     Objective Bounds      |     Work
 Expl Unexpl |  Obj  Depth IntInf | Incumbent    BestBd   Gap | It/Node Time

     0     0  150.00000    0  105          -  150.00000      -     -    1s
     0     0  150.00000    0  785          -  150.00000      -     -    2s
     0     0  150.00000    0  617          -  150.00000      -     -    2s
     0     0  150.00000    0  602          -  150.00000      -     -    2s
     0     0  150.00000    0  608          -  150.00000      -     -    2s
     0     0  150.00000    0  581          -  150.00000      -     -    2s
     0     0  150.00000    0  388          -  150.00000      -     -    2s
     0     0  150.00000    0   90          -  150.00000      -     -    3s
     0     0  150.00000    0  109          -  150.00000      -     -    4s
     0     0  150.00000    0  169          -  150.00000      -     -    4s
     0     0  150.00000    0  109          -  150.00000      -     -    4s
     0     0  150.00000    0  106          -  150.00000      -     -    4s
     0     0  150.00000    0  246          -  150.00000      -     -    5s
     0     0  150.00000    0  294          -  150.00000      -     -    5s
     0     0  150.00000    0  369          -  150.00000      -     -    5s
     0     0  150.00000    0  369          -  150.00000      -     -    5s
     0     0  150.00000    0  369          -  150.00000      -     -    5s
     0     0  150.00000    0  370          -  150.00000      -     -    5s
     0     0  150.00000    0  369          -  150.00000      -     -    5s
     0     0  150.00000    0  157          -  150.00000      -     -    7s
     0     0  150.00000    0  146          -  150.00000      -     -    7s
     0     2  150.00000    0  146          -  150.00000      -     -   10s
   175   177  150.00000  100  170          -  150.00000      -   133   15s
   321   292  150.00000  103  364          -  150.00000      -   148   20s
   536   408  150.00000   89  490          -  150.00000      -   140   25s
   603   457  150.00000  102  146          -  150.00000      -   140   37s
   606   459  150.00000   58  109          -  150.00000      -   139   40s
   612   463  150.00000  109   98          -  150.00000      -   138   45s
   617   466  150.00000   98  355          -  150.00000      -   136   50s
   626   474  150.00000   14  103          -  150.00000      -   158   61s
   743   542  150.00000   76  195          -  150.00000      -   163   65s
   800   564  150.00000   55  228          -  150.00000      -   167   70s
   892   618  150.00000  101  237          -  150.00000      -   168   75s
  1064   679  150.00000   37  469          -  150.00000      -   158   80s
  1270   767  150.00000   72  221          -  150.00000      -   151   85s
  1451   843  150.00000   88  125          -  150.00000      -   154   90s
  1693   920  150.00000  118  128          -  150.00000      -   145   95s
  1994  1024  150.00000  133  210          -  150.00000      -   135  100s
  2421  1224  150.00000  135   71          -  150.00000      -   121  105s
  2967  1489 infeasible  152               -  150.00000      -   108  110s
  3498  1699  150.00000  161   64          -  150.00000      -   101  115s
  4056  1794 infeasible  162               -  150.00000      -  95.3  120s
  4661  1888 infeasible  161               -  150.00000      -  89.9  125s
  5101  2012  150.00000  159  105          -  150.00000      -  88.1  131s
  5429  2034 infeasible  159               -  150.00000      -  86.7  135s
  5770  2135  150.00000  105  337          -  150.00000      -  87.5  140s
  5988  2279 infeasible  101               -  150.00000      -  89.6  145s
  6164  2384 infeasible  112               -  150.00000      -  91.8  150s
  6488  2531 infeasible  150               -  150.00000      -  91.6  155s
  6762  2609  150.00000   84  116          -  150.00000      -  92.3  160s
  6962  2689 infeasible  166               -  150.00000      -  92.8  165s
  7318  2819  149.00000  131  212          -  150.00000      -  92.5  170s
  7570  3010  150.00000  127  306          -  150.00000      -  93.1  175s
  7946  3275  150.00000   64  130          -  150.00000      -  92.4  180s
  8128  3418  149.00000  139  245          -  150.00000      -  94.1  185s
  8362  3562 infeasible  128               -  150.00000      -  94.8  190s
  8567  3712  150.00000   76  150          -  150.00000      -  95.7  195s
  8875  3947  150.00000  114  261          -  150.00000      -  96.0  200s
  8941  3991  150.00000   98  276          -  150.00000      -  95.8  207s
  8986  4030 infeasible  123               -  150.00000      -  95.8  210s
  9196  4169  150.00000  102  433          -  150.00000      -  96.9  215s
  9469  4372 infeasible  102               -  150.00000      -  98.3  220s
  9648  4497  150.00000   81  156          -  150.00000      -   100  225s
  9937  4718  150.00000  108  207          -  150.00000      -   100  230s
 10195  4874  150.00000   82  475          -  150.00000      -   100  235s
 10202  4881  150.00000   84  313          -  150.00000      -   100  283s
 10252  4920 infeasible  113               -  150.00000      -   101  285s
 10483  5092  149.83531   92  407          -  150.00000      -   102  290s
 10837  5372  150.00000  120  143          -  150.00000      -   101  295s
 11155  5546  150.00000   89  258          -  150.00000      -   102  300s
 11550  5867 infeasible  128               -  150.00000      -   101  305s
 11924  6124  150.00000  121  234          -  150.00000      -   101  310s
 12222  6341  150.00000   92  207          -  150.00000      -   102  315s
 12499  6542  149.00000  152  170          -  150.00000      -   102  320s
 12823  6779  148.88750  151  125          -  150.00000      -   102  325s
 13186  7010  150.00000   79  188          -  150.00000      -   102  330s
 13576  7257  149.00000  106  144          -  150.00000      -   101  335s
 13912  7455  149.79902  109  291          -  150.00000      -   101  340s
 14436  7816  150.00000  111  108          -  150.00000      -   100  345s
 14717  7983  150.00000  116  263          -  150.00000      -   100  350s
 15006  8185  150.00000  117  301          -  150.00000      -   100  355s
 15182  8287 infeasible  117               -  150.00000      -   101  360s
 15303  8346 infeasible   94               -  150.00000      -   101  365s
 15480  8449  150.00000   74  108          -  150.00000      -   102  370s
 15697  8604  150.00000   87  383          -  150.00000      -   102  375s
 15939  8784  150.00000  101  180          -  150.00000      -   103  380s
 16110  8913  149.00000  121  310          -  150.00000      -   103  385s
 16352  9092  150.00000  128  270          -  150.00000      -   103  390s
 16569  9259  150.00000  104  201          -  150.00000      -   103  395s
 16698  9328  150.00000  116  274          -  150.00000      -   104  401s
 16924  9488  150.00000   98  242          -  150.00000      -   103  405s
 17107  9607  149.05308  118  515          -  150.00000      -   104  410s
 17388  9815  150.00000  104  261          -  150.00000      -   104  415s
 17694 10002 infeasible  167               -  150.00000      -   104  420s
 17920 10173  146.37314  121  238          -  150.00000      -   104  425s
 18300 10348  150.00000  123  232          -  150.00000      -   104  430s
 18626 10495  150.00000  119  154          -  150.00000      -   104  435s
 18806 10572  148.97880  102  342          -  150.00000      -   105  440s
 19027 10699  150.00000   92  148          -  150.00000      -   105  445s
 19312 10820  150.00000  111   93          -  150.00000      -   105  450s
 19391 10871  150.00000  151  230          -  150.00000      -   106  455s
 19541 10987  142.58660  133  211          -  150.00000      -   106  460s
 19830 11188 infeasible  121               -  150.00000      -   105  465s
 19883 11220  150.00000   66  107          -  150.00000      -   105  470s
 20050 11345  150.00000   65  250          -  150.00000      -   105  475s
 20286 11536  150.00000   78  180          -  150.00000      -   105  480s
 20404 11640  149.85698  128  183          -  150.00000      -   105  485s
 20678 11796 infeasible  129               -  150.00000      -   105  490s
 20988 12003 infeasible  119               -  150.00000      -   105  495s
 21275 12201  149.99163  164  185          -  150.00000      -   104  500s
 21558 12378  150.00000   78  216          -  150.00000      -   104  505s
 21840 12520  150.00000  114  131          -  150.00000      -   104  510s
 22328 12718 infeasible  123               -  150.00000      -   103  515s
 22831 12962  150.00000  160  149          -  150.00000      -   102  520s
 23308 13159 infeasible  176               -  150.00000      -   100  525s
 23769 13265 infeasible  170               -  150.00000      -  99.3  530s
 24322 13442  148.59919  168  159          -  150.00000      -  97.9  535s
 24443 13461  150.00000  168   75          -  150.00000      -  97.7  540s
 24530 13476  149.00000  146  144          -  150.00000      -  97.9  545s
 24949 13596  150.00000  145  180          -  150.00000      -  97.3  550s
 25297 13688 infeasible  127               -  150.00000      -  97.0  555s
 25505 13725  149.24138  170  170          -  150.00000      -  96.8  560s
 25938 13833 infeasible  142               -  150.00000      -  96.0  565s
 26207 13928 infeasible  112               -  150.00000      -  96.2  570s
 26545 14023  150.00000  169  176          -  150.00000      -  95.9  575s
 26826 14086 infeasible  167               -  150.00000      -  95.7  580s
 27036 14103  150.00000  113  169          -  150.00000      -  95.9  585s
 27440 14170 infeasible  145               -  150.00000      -  95.1  590s
 27693 14243  150.00000  112  202          -  150.00000      -  95.0  595s
 27997 14424 infeasible  130               -  150.00000      -  94.7  600s
 28422 14647 infeasible  132               -  150.00000      -  94.1  605s
 28848 14805  150.00000  129  141          -  150.00000      -  93.7  610s
 29321 14988 infeasible  158               -  150.00000      -  93.1  615s
 29698 15088  150.00000  136   68          -  150.00000      -  92.6  620s
 30107 15208 infeasible  152               -  150.00000      -  92.2  625s
 30541 15324 infeasible  196               -  150.00000      -  91.6  630s
 30794 15413 infeasible  154               -  150.00000      -  91.4  635s
 31265 15563  147.37521  126  215          -  150.00000      -  90.8  640s
 31632 15739  150.00000  119   72          -  150.00000      -  90.3  649s
 31633 15738 infeasible  120               -  150.00000      -  90.4  650s
 31720 15751 infeasible  121               -  150.00000      -  90.6  655s
 32053 15892  150.00000  112  197          -  150.00000      -  90.3  660s
 32492 16148  150.00000  130  235          -  150.00000      -  90.0  665s
 32977 16391 infeasible  136               -  150.00000      -  89.5  670s
 33436 16564  150.00000  149   70          -  150.00000      -  89.1  675s
 34042 16695 infeasible  153               -  150.00000      -  88.1  680s
 34582 16860 infeasible  131               -  150.00000      -  87.4  685s
 35162 17063 infeasible  157               -  150.00000      -  86.7  690s
 35588 17207  143.97701  142  121          -  150.00000      -  86.4  695s
 35841 17259 infeasible  152               -  150.00000      -  86.2  700s
 36190 17313 infeasible  130               -  150.00000      -  86.1  705s
 36553 17474 infeasible  135               -  150.00000      -  86.1  710s
 36917 17697  150.00000  126  127          -  150.00000      -  86.1  715s
 37207 17865  149.85680  117  389          -  150.00000      -  86.3  720s
 37428 18010  150.00000   96  187          -  150.00000      -  86.5  725s
 37655 18167  150.00000  101  156          -  150.00000      -  86.7  730s
 37928 18335  150.00000  122  220          -  150.00000      -  86.8  735s
 38289 18530 infeasible  149               -  150.00000      -  86.7  740s
 38558 18642  150.00000   81  168          -  150.00000      -  87.1  745s
 38750 18776  147.97335   95  228          -  150.00000      -  87.4  750s
 39021 18903  149.00000  118  196          -  150.00000      -  87.6  755s
 39442 19106  150.00000   99  220          -  150.00000      -  87.5  760s
 39823 19249  149.99971  183  169          -  150.00000      -  87.4  765s
 40021 19331  150.00000  106  351          -  150.00000      -  87.6  770s
 40351 19531  150.00000  140  209          -  150.00000      -  87.7  775s
 40581 19647  148.38162  113  270          -  150.00000      -  88.2  780s
 40808 19714 infeasible  129               -  150.00000      -  88.2  785s
 41125 19871  150.00000   82  261          -  150.00000      -  88.1  790s
 41315 20009  150.00000   93  260          -  150.00000      -  88.4  795s
 41515 20151  150.00000  104  282          -  150.00000      -  88.5  800s
 41585 20200  149.97622  112  184          -  150.00000      -  88.9  805s
 41688 20247  150.00000   82  297          -  150.00000      -  89.3  810s
 41847 20352 infeasible  115               -  150.00000      -  89.6  815s
 42078 20532  150.00000   97  237          -  150.00000      -  89.8  820s
 42260 20674  150.00000  125  230          -  150.00000      -  90.0  825s
 42337 20733  150.00000  112  201          -  150.00000      -  90.3  831s
 42433 20790  150.00000  109  390          -  150.00000      -  90.5  835s
 42617 20886 infeasible  147               -  150.00000      -  90.6  840s
 42926 21057 infeasible  120               -  150.00000      -  90.6  845s
 43163 21187  150.00000  131  134          -  150.00000      -  90.8  850s
 43433 21315  150.00000  114  332          -  150.00000      -  90.8  855s
 43689 21474  149.00000  121  219          -  150.00000      -  90.9  860s
 44015 21583 infeasible  130               -  150.00000      -  90.7  865s
 44253 21679  149.31502  132  162          -  150.00000      -  91.0  870s
 44514 21788  150.00000  158  173          -  150.00000      -  91.1  875s
 44803 21849  147.29462  132  179          -  150.00000      -  91.2  880s
 45020 21937  150.00000   79  330          -  150.00000      -  91.5  885s
 45179 22067 infeasible  163               -  150.00000      -  91.8  890s
 45264 22118  150.00000   98  272          -  150.00000      -  91.9  895s
 45559 22320  150.00000   91  171          -  150.00000      -  92.0  900s
 45641 22380  150.00000   94  341          -  150.00000      -  92.4  905s
 45909 22550  150.00000  121  134          -  150.00000      -  92.4  912s
 46065 22632 infeasible  115               -  150.00000      -  92.5  915s
 46339 22872  150.00000   89  207          -  150.00000      -  92.6  920s
 46549 23003  146.90229  117  237          -  150.00000      -  92.8  925s
 46802 23097 infeasible  148               -  150.00000      -  93.0  930s
 47023 23133  150.00000  102  196          -  150.00000      -  93.1  935s
 47321 23348  149.99076  138  221          -  150.00000      -  93.1  940s
 47441 23409  150.00000  108  205          -  150.00000      -  93.3  945s
 47611 23527  150.00000   99  320          -  150.00000      -  93.6  950s
 47950 23754 infeasible  116               -  150.00000      -  93.5  955s
 48303 23993  150.00000  111  132          -  150.00000      -  93.4  960s
 48686 24213 infeasible  121               -  150.00000      -  93.1  965s
 48896 24304  150.00000   56  188          -  150.00000      -  93.4  970s
 49255 24563  149.96464  152  279          -  150.00000      -  93.3  975s
 49557 24695  149.95393  149  184          -  150.00000      -  93.4  980s
 49607 24717  150.00000  166   70          -  150.00000      -  93.4  986s
 49657 24733 infeasible  156               -  150.00000      -  93.6  990s
 49833 24767  149.96672  160  245          -  150.00000      -  93.8  995s
 50169 24867 infeasible  165               -  150.00000      -  93.9 1000s
 50591 24993 infeasible  180               -  150.00000      -  93.9 1005s
 50981 25038  150.00000   72  141          -  150.00000      -  93.8 1010s
 51063 25086  150.00000   71  195          -  150.00000      -  94.1 1015s
 51224 25198  150.00000   73  156          -  150.00000      -  94.4 1020s
 51484 25386  150.00000   70  446          -  150.00000      -  94.4 1025s
 51630 25498  150.00000  124  183          -  150.00000      -  94.8 1030s
 51861 25558  149.98731  133  232          -  150.00000      -  95.1 1035s
 52139 25623  150.00000  168   57          -  150.00000      -  95.2 1040s
 52433 25760 infeasible  152               -  150.00000      -  95.2 1045s
 52708 25806  148.00000  126  193          -  150.00000      -  95.4 1050s
 53033 25877 infeasible  130               -  150.00000      -  95.4 1055s
 53108 25943 infeasible   93               -  150.00000      -  95.7 1060s
 53248 26019  149.97199   85  415          -  150.00000      -  95.9 1065s
 53416 26071  150.00000  155  222          -  150.00000      -  96.2 1070s
 53770 26165 infeasible  167               -  150.00000      -  96.3 1075s
 54089 26256  147.00000  185  226          -  150.00000      -  96.4 1080s
 54267 26286  149.94213  151  392          -  150.00000      -  96.7 1085s
 54524 26377  150.00000   81  157          -  150.00000      -  96.8 1090s
 54721 26447  150.00000  155   91          -  150.00000      -  97.0 1095s
 54989 26534 infeasible  159               -  150.00000      -  97.3 1100s
 55111 26568  150.00000  100   72          -  150.00000      -  97.4 1112s
 55136 26583  148.00000  115  160          -  150.00000      -  97.4 1115s
 55191 26592  150.00000  103  103          -  150.00000      -  97.6 1120s
 55301 26632  150.00000   96  208          -  150.00000      -  97.8 1125s
 55444 26715  148.52439   92  307          -  150.00000      -  98.1 1130s
 55567 26758  150.00000  143  306          -  150.00000      -  98.4 1135s
 55922 26851 infeasible  163               -  150.00000      -  98.5 1140s
 56153 26914  148.00000  162  175          -  150.00000      -  98.5 1145s
 56498 27018 infeasible  157               -  150.00000      -  98.6 1150s
 56813 27170  150.00000  107  136          -  150.00000      -  98.6 1155s
 57041 27298  150.00000   76  228          -  150.00000      -  98.8 1160s
 57422 27566  149.00000  125  173          -  150.00000      -  98.7 1165s
 57709 27749 infeasible  139               -  150.00000      -  98.8 1170s
 57966 27889  150.00000  134  128          -  150.00000      -  98.9 1175s
 58226 27995 infeasible  128               -  150.00000      -  99.1 1180s
 58595 28127 infeasible  145               -  150.00000      -  99.0 1185s
 58954 28270 infeasible  146               -  150.00000      -  98.9 1190s
 59432 28505 infeasible  158               -  150.00000      -  98.7 1195s
 59901 28712  150.00000  147   77          -  150.00000      -  98.5 1200s
 60352 28835 infeasible  155               -  150.00000      -  98.3 1205s
 60735 28930 infeasible  143               -  150.00000      -  98.2 1210s
 61212 29130 infeasible  156               -  150.00000      -  97.8 1216s
 61473 29202  150.00000  162   85          -  150.00000      -  97.7 1220s
 61929 29347 infeasible  137               -  150.00000      -  97.4 1225s
 62208 29397  150.00000  137  134          -  150.00000      -  97.2 1230s
 62577 29510 infeasible  170               -  150.00000      -  96.9 1235s
 62965 29548 infeasible  165               -  150.00000      -  96.7 1240s
 63421 29570 infeasible  158               -  150.00000      -  96.3 1245s
 63747 29655  150.00000  167  147          -  150.00000      -  96.2 1250s
 64143 29719 infeasible  167               -  150.00000      -  96.0 1255s
 64636 29789  150.00000  187   62          -  150.00000      -  95.6 1260s
 64973 29782 infeasible  175               -  150.00000      -  95.4 1265s
 65424 29809 infeasible  178               -  150.00000      -  95.1 1270s
 66032 29886 infeasible  181               -  150.00000      -  94.5 1275s
 66313 29888 infeasible  165               -  150.00000      -  94.3 1283s
 66419 29898 infeasible  176               -  150.00000      -  94.3 1285s
 66849 29980 infeasible  191               -  150.00000      -  93.8 1290s
 67289 30046 infeasible  185               -  150.00000      -  93.4 1295s
 67685 30088 infeasible  185               -  150.00000      -  93.2 1300s
 68153 30156 infeasible  182               -  150.00000      -  92.8 1305s
 68510 30200 infeasible  172               -  150.00000      -  92.6 1310s
 68813 30271 infeasible  173               -  150.00000      -  92.6 1315s
 69186 30337 infeasible  167               -  150.00000      -  92.4 1320s
 69706 30450  150.00000  169   90          -  150.00000      -  92.1 1325s
 70151 30552  150.00000  187   79          -  150.00000      -  91.8 1330s
 70593 30641  150.00000  177  147          -  150.00000      -  91.6 1335s
 71072 30679 infeasible  201               -  150.00000      -  91.3 1340s
 71414 30710 infeasible  186               -  150.00000      -  91.1 1346s
 71689 30711 infeasible  183               -  150.00000      -  91.0 1350s
 72282 30823  150.00000  170  108          -  150.00000      -  90.6 1355s
 72673 30856  149.00000  170  204          -  150.00000      -  90.4 1360s
 73073 30880 infeasible  189               -  150.00000      -  90.2 1365s
 73571 30973 infeasible  173               -  150.00000      -  89.9 1370s
 73995 31057 infeasible  186               -  150.00000      -  89.8 1375s
 74410 31173  150.00000  179  158          -  150.00000      -  89.6 1380s
 74757 31239  150.00000  166  121          -  150.00000      -  89.5 1385s
 75071 31251  150.00000  165  216          -  150.00000      -  89.4 1390s
 75430 31267 infeasible  188               -  150.00000      -  89.3 1395s
 75801 31329 infeasible  155               -  150.00000      -  89.2 1400s
 76238 31492  150.00000  157  147          -  150.00000      -  89.0 1405s
 76515 31577  148.68067  188  130          -  150.00000      -  88.9 1410s
 76908 31686  150.00000  148  118          -  150.00000      -  88.8 1415s
 77244 31793 infeasible  148               -  150.00000      -  88.8 1420s
 77536 31894  150.00000  152  161          -  150.00000      -  88.7 1426s
 77629 31922 infeasible  141               -  150.00000      -  88.7 1430s
 77938 32052  150.00000  144   95          -  150.00000      -  88.6 1435s
 78316 32192  150.00000  166  219          -  150.00000      -  88.5 1440s
 78650 32254  150.00000  171  146          -  150.00000      -  88.5 1445s
 79090 32367  150.00000  169  207          -  150.00000      -  88.3 1450s
 79448 32417 infeasible  171               -  150.00000      -  88.2 1455s
 79780 32437 infeasible  166               -  150.00000      -  88.1 1460s
 80227 32535  150.00000  163  134          -  150.00000      -  87.9 1465s
 80670 32643  150.00000  165   83          -  150.00000      -  87.7 1470s
 81123 32708 infeasible  192               -  150.00000      -  87.5 1475s
 81487 32766  150.00000  164  178          -  150.00000      -  87.4 1480s
 81671 32786 infeasible  166               -  150.00000      -  87.3 1485s
 82091 32883 infeasible  177               -  150.00000      -  87.2 1490s
 82366 32896 infeasible  158               -  150.00000      -  87.1 1495s
 82519 32938  150.00000  164  191          -  150.00000      -  87.1 1500s
 82584 32929  150.00000  144  115          -  150.00000      -  87.1 1505s
 83041 33111 infeasible  133               -  150.00000      -  87.0 1510s
 83237 33247  149.96834  118  229          -  150.00000      -  87.0 1515s
 83359 33339  150.00000  102  199          -  150.00000      -  87.2 1520s
 83495 33417  150.00000  118  223          -  150.00000      -  87.3 1525s
 83610 33454  150.00000   69  253          -  150.00000      -  87.3 1530s
 83756 33562  150.00000   74  264          -  150.00000      -  87.5 1535s
 83913 33685  150.00000   65  331          -  150.00000      -  87.5 1540s
 83983 33711  150.00000  161  113          -  150.00000      -  87.7 1545s
 84114 33705  150.00000   43  187          -  150.00000      -  87.9 1550s
 84270 33850  150.00000  129  157          -  150.00000      -  88.0 1555s
 84400 33934  150.00000   90  232          -  150.00000      -  88.1 1560s
 84551 34057  150.00000  124  247          -  150.00000      -  88.3 1565s
 84755 34220  150.00000  132  192          -  150.00000      -  88.3 1570s
 84943 34303 infeasible  115               -  150.00000      -  88.3 1575s
 85176 34419 infeasible  155               -  150.00000      -  88.3 1580s
 85348 34517  150.00000   91  137          -  150.00000      -  88.3 1585s
 85478 34596  150.00000   81   82          -  150.00000      -  88.4 1590s
 85593 34683  150.00000  102  185          -  150.00000      -  88.4 1595s
 85594 34684  150.00000  103  181          -  150.00000      -  88.4 1606s
 85601 34689  150.00000  108  262          -  150.00000      -  88.4 1610s
 85623 34699 infeasible  117               -  150.00000      -  88.5 1615s
 85647 34711 infeasible  126               -  150.00000      -  88.5 1620s
 85717 34743  148.00000  116  161          -  150.00000      -  88.5 1625s
 85802 34792  150.00000  123  209          -  150.00000      -  88.6 1630s
 85984 34860  149.72033  139  233          -  150.00000      -  88.6 1635s
 86140 34954  146.89835  129  442          -  150.00000      -  88.6 1640s
 86276 35043 infeasible  135               -  150.00000      -  88.6 1645s
 86384 35094  150.00000   97  422          -  150.00000      -  88.6 1650s
 86423 35117  149.86684  108  292          -  150.00000      -  88.7 1655s
 86597 35191  150.00000  117  171          -  150.00000      -  88.7 1660s
 86711 35231  141.27765  113  302          -  150.00000      -  88.8 1665s
 86728 35232  150.00000  112  139          -  150.00000      -  88.8 1670s
 86860 35286  149.00000  151  233          -  150.00000      -  88.8 1675s
 86996 35351  150.00000   99  402          -  150.00000      -  88.8 1680s
 87144 35464  150.00000  142  148          -  150.00000      -  88.8 1685s
 87264 35476  150.00000  124  233          -  150.00000      -  88.8 1690s
 87363 35494  150.00000  131  117          -  150.00000      -  88.9 1695s
 87434 35505 infeasible  122               -  150.00000      -  89.0 1700s
 87557 35520  150.00000  168  106          -  150.00000      -  89.1 1705s
 87727 35526 infeasible  164               -  150.00000      -  89.1 1710s
 87841 35556  150.00000   71   40          -  150.00000      -  89.1 1715s
 87874 35587  150.00000   86  365          -  150.00000      -  89.2 1720s
 87905 35608  150.00000   85  433          -  150.00000      -  89.3 1725s
 87962 35651  150.00000   77  262          -  150.00000      -  89.4 1730s
 88002 35691  150.00000   98  273          -  150.00000      -  89.5 1735s
 88064 35747  148.57940  127  373          -  150.00000      -  89.6 1740s
 88170 35783 infeasible  163               -  150.00000      -  89.6 1745s
 88292 35806 infeasible  170               -  150.00000      -  89.6 1750s
 88383 35779 infeasible  172               -  150.00000      -  89.6 1755s
 88516 35772 infeasible  157               -  150.00000      -  89.5 1760s
 88673 35837 infeasible  131               -  150.00000      -  89.5 1765s
 88913 35892 infeasible  166               -  150.00000      -  89.5 1770s
 89112 35954 infeasible  166               -  150.00000      -  89.4 1775s
 89275 35986 infeasible  178               -  150.00000      -  89.3 1780s
 89582 36016 infeasible  172               -  150.00000      -  89.2 1785s
 89837 36026 infeasible  125               -  150.00000      -  89.1 1790s
 90003 36079 infeasible  161               -  150.00000      -  89.1 1795s
 90266 36109 infeasible  151               -  150.00000      -  89.1 1800s
 90420 36181  149.00000  114  187          -  150.00000      -  89.2 1805s
 90606 36222  149.00000  119  253          -  150.00000      -  89.3 1810s
 90882 36280 infeasible  165               -  150.00000      -  89.3 1815s
 91146 36265 infeasible  164               -  150.00000      -  89.3 1820s
 91404 36261 infeasible  163               -  150.00000      -  89.2 1825s
 91720 36341  150.00000  167   91          -  150.00000      -  89.2 1830s
 91828 36331 infeasible  163               -  150.00000      -  89.2 1835s
 92071 36317  150.00000  131  158          -  150.00000      -  89.2 1840s
 92301 36333  150.00000  143  131          -  150.00000      -  89.3 1845s
 92670 36439 infeasible  165               -  150.00000      -  89.2 1850s
 93023 36536 infeasible  161               -  150.00000      -  89.1 1855s
 93364 36641  148.46906  144  183          -  150.00000      -  89.1 1860s
 93428 36656 infeasible  131               -  150.00000      -  89.1 1865s
 93520 36688  150.00000  119  217          -  150.00000      -  89.2 1870s
 93703 36778 infeasible  131               -  150.00000      -  89.3 1875s
 93898 36923  143.79907  127  210          -  150.00000      -  89.4 1880s
 94106 37051  150.00000  116  151          -  150.00000      -  89.4 1885s
 94492 37342 infeasible  207               -  150.00000      -  89.4 1890s
 95022 37679 infeasible  212               -  150.00000      -  89.2 1895s
 95540 38025 infeasible  197               -  150.00000      -  89.0 1900s
 96182 38327  141.88749  192  129          -  150.00000      -  88.7 1905s
H96343 38160                     139.0000000  150.00000  7.91%  88.6 1905s
H96343 37613                     142.0000000  150.00000  5.63%  88.6 1905s
H96369 36669                     144.0000000  150.00000  4.17%  88.6 1906s
H96370 35470                     146.0000000  150.00000  2.74%  88.6 1906s
H96396 34456                     147.0000000  150.00000  2.04%  88.6 1907s
H96406     0                     150.0000000  150.00000  0.00%  88.6 1907s

Cutting planes:
  Gomory: 5
  Cover: 118
  Implied bound: 16
  Clique: 115
  MIR: 9
  StrongCG: 4
  Flow cover: 99
  GUB cover: 6
  Zero half: 12
  Network: 1
  Relax-and-lift: 20

Explored 96407 nodes (8677792 simplex iterations) in 1907.79 seconds (1461.73 work units)
Thread count was 1 (of 8 available processors)

Solution count 6: 150 147 146 ... 139

Optimal solution found (tolerance 1.00e-03)
Best objective 1.500000000000e+02, best bound 1.500000000000e+02, gap 0.0000%
