
Gurobi 11.0.1 (win64) logging started Thu Mar 14 08:02:03 2024

Set parameter LogFile to value "C:\Projetos\Job_Rotation_Algorithms\Outputs\GurobiLogs\gurobi_log-output-39_wee-c49-CostaMirallesModel-NoExtraConstraint-2.log"
Gurobi Optimizer version 11.0.1 build v11.0.1rc0 (win64 - Windows 10.0 (19045.2))

CPU model: 11th Gen Intel(R) Core(TM) i7-1165G7 @ 2.80GHz, instruction set [SSE2|AVX|AVX2|AVX512]
Thread count: 4 physical cores, 8 logical processors, using up to 1 threads


Gurobi 11.0.1 (win64) logging started Fri Mar 15 00:39:30 2024

Set parameter LogFile to value "C:\Projetos\Job_Rotation_Algorithms\Outputs\GurobiLogs\gurobi_log-output-39_wee-c49-CostaMirallesModel-NoExtraConstraint-2.log"
Gurobi Optimizer version 11.0.1 build v11.0.1rc0 (win64 - Windows 10.0 (19045.2))

CPU model: 11th Gen Intel(R) Core(TM) i7-1165G7 @ 2.80GHz, instruction set [SSE2|AVX|AVX2|AVX512]
Thread count: 4 physical cores, 8 logical processors, using up to 1 threads


Gurobi 11.0.1 (win64) logging started Tue Mar 19 09:18:13 2024

Set parameter LogFile to value "C:\Projetos\Job_Rotation_Algorithms\Outputs\GurobiLogs\gurobi_log-output-39_wee-c49-CostaMirallesModel-NoExtraConstraint-2.log"
Gurobi Optimizer version 11.0.1 build v11.0.1rc0 (win64 - Windows 10.0 (19045.2))

CPU model: 11th Gen Intel(R) Core(TM) i7-1165G7 @ 2.80GHz, instruction set [SSE2|AVX|AVX2|AVX512]
Thread count: 4 physical cores, 8 logical processors, using up to 1 threads


Gurobi 11.0.1 (win64) logging started Mon Apr  1 12:41:36 2024

Set parameter LogFile to value "C:\Projetos\Job_Rotation_Algorithms\Outputs\GurobiLogs\gurobi_log-output-39_wee-c49-CostaMirallesModel-NoExtraConstraint-2.log"
Gurobi Optimizer version 11.0.1 build v11.0.1rc0 (win64 - Windows 10.0 (19045.2))

CPU model: 11th Gen Intel(R) Core(TM) i7-1165G7 @ 2.80GHz, instruction set [SSE2|AVX|AVX2|AVX512]
Thread count: 4 physical cores, 8 logical processors, using up to 1 threads


Gurobi 11.0.1 (win64) logging started Mon Apr  1 21:29:32 2024

Set parameter LogFile to value "C:\Projetos\Job_Rotation_Algorithms\Outputs\GurobiLogs\gurobi_log-output-39_wee-c49-CostaMirallesModel-NoExtraConstraint-2.log"
Gurobi Optimizer version 11.0.1 build v11.0.1rc0 (win64 - Windows 10.0 (19045.2))

CPU model: 11th Gen Intel(R) Core(TM) i7-1165G7 @ 2.80GHz, instruction set [SSE2|AVX|AVX2|AVX512]
Thread count: 4 physical cores, 8 logical processors, using up to 1 threads


Gurobi 11.0.1 (win64) logging started Thu Apr  4 23:27:34 2024

Set parameter LogFile to value "C:\Projetos\Job_Rotation_Algorithms\Outputs\GurobiLogs\gurobi_log-output-39_wee-c49-CostaMirallesModel-NoExtraConstraint-2.log"
Gurobi Optimizer version 11.0.1 build v11.0.1rc0 (win64 - Windows 10.0 (19045.2))

CPU model: 11th Gen Intel(R) Core(TM) i7-1165G7 @ 2.80GHz, instruction set [SSE2|AVX|AVX2|AVX512]
Thread count: 4 physical cores, 8 logical processors, using up to 1 threads


Gurobi 11.0.1 (win64) logging started Sat Apr  6 12:42:09 2024

Set parameter LogFile to value "C:\Projetos\Job_Rotation_Algorithms\Outputs\GurobiLogs\gurobi_log-output-39_wee-c49-CostaMirallesModel-NoExtraConstraint-2.log"
Gurobi Optimizer version 11.0.1 build v11.0.1rc0 (win64 - Windows 10.0 (19045.2))

CPU model: 11th Gen Intel(R) Core(TM) i7-1165G7 @ 2.80GHz, instruction set [SSE2|AVX|AVX2|AVX512]
Thread count: 4 physical cores, 8 logical processors, using up to 1 threads


Gurobi 11.0.1 (win64) logging started Sat Apr  6 16:15:53 2024

Set parameter LogFile to value "C:\Projetos\Job_Rotation_Algorithms\Outputs\GurobiLogs\gurobi_log-output-39_wee-c49-CostaMirallesModel-NoExtraConstraint-2.log"
Gurobi Optimizer version 11.0.1 build v11.0.1rc0 (win64 - Windows 10.0 (19045.2))

CPU model: 11th Gen Intel(R) Core(TM) i7-1165G7 @ 2.80GHz, instruction set [SSE2|AVX|AVX2|AVX512]
Thread count: 4 physical cores, 8 logical processors, using up to 1 threads

WLS license 2390832 - registered to Bitka Analytics
Optimize a model with 3184 rows, 17333 columns and 274623 nonzeros
Model fingerprint: 0x2f253523
Variable types: 2 continuous, 17331 integer (17331 binary)
Coefficient statistics:
  Matrix range     [1e+00, 8e+01]
  Objective range  [1e+00, 1e+00]
  Bounds range     [1e+00, 1e+02]
  RHS range        [1e+00, 1e+02]
Presolve added 1034 rows and 540 columns
Presolve time: 1.46s
Presolved: 4218 rows, 17873 columns, 123409 nonzeros
Variable types: 0 continuous, 17873 integer (17198 binary)

Root relaxation: objective 1.500000e+02, 4439 iterations, 0.34 seconds (0.36 work units)

    Nodes    |    Current Node    |     Objective Bounds      |     Work
 Expl Unexpl |  Obj  Depth IntInf | Incumbent    BestBd   Gap | It/Node Time

     0     0  150.00000    0  135          -  150.00000      -     -    2s
     0     0  150.00000    0  124          -  150.00000      -     -    2s
     0     0  150.00000    0  121          -  150.00000      -     -    2s
     0     0  150.00000    0  870          -  150.00000      -     -    3s
     0     0  150.00000    0  772          -  150.00000      -     -    4s
     0     0  150.00000    0  618          -  150.00000      -     -    4s
     0     0  150.00000    0  598          -  150.00000      -     -    4s
     0     0  150.00000    0  574          -  150.00000      -     -    4s
     0     0  150.00000    0  580          -  150.00000      -     -    4s
     0     0  150.00000    0  243          -  150.00000      -     -    6s
     0     0  150.00000    0  193          -  150.00000      -     -    6s
     0     0  150.00000    0  193          -  150.00000      -     -    6s
     0     0  150.00000    0  194          -  150.00000      -     -    6s
     0     0  150.00000    0  193          -  150.00000      -     -    6s
     0     0  150.00000    0  189          -  150.00000      -     -    6s
     0     0  150.00000    0  151          -  150.00000      -     -    7s
     0     0  150.00000    0  151          -  150.00000      -     -    7s
     0     0  150.00000    0  224          -  150.00000      -     -    7s
     0     0  150.00000    0  207          -  150.00000      -     -    7s
     0     0  150.00000    0  205          -  150.00000      -     -    7s
     0     0  150.00000    0  195          -  150.00000      -     -    7s
     0     0  150.00000    0  204          -  150.00000      -     -    7s
     0     0  150.00000    0  205          -  150.00000      -     -    7s
     0     0  150.00000    0  204          -  150.00000      -     -    7s
     0     0  150.00000    0  204          -  150.00000      -     -    7s
     0     0  150.00000    0  106          -  150.00000      -     -    8s
     0     0  150.00000    0  105          -  150.00000      -     -    8s
     0     0  150.00000    0  204          -  150.00000      -     -    8s
     0     0  150.00000    0  196          -  150.00000      -     -    8s
     0     0  150.00000    0  190          -  150.00000      -     -    8s
     0     0  150.00000    0  191          -  150.00000      -     -    8s
     0     0  150.00000    0  164          -  150.00000      -     -    8s
     0     0  150.00000    0  166          -  150.00000      -     -    8s
     0     0  150.00000    0  204          -  150.00000      -     -    8s
     0     0  150.00000    0  204          -  150.00000      -     -    8s
     0     0  150.00000    0  164          -  150.00000      -     -    9s
     0     0  150.00000    0  134          -  150.00000      -     -   13s
     0     0  150.00000    0  164          -  150.00000      -     -   13s
     0     0  150.00000    0  164          -  150.00000      -     -   13s
     0     0  150.00000    0  659          -  150.00000      -     -   13s
     0     0  150.00000    0  503          -  150.00000      -     -   13s
     0     0  150.00000    0  496          -  150.00000      -     -   13s
     0     0  150.00000    0  130          -  150.00000      -     -   15s
     0     0  150.00000    0  125          -  150.00000      -     -   15s
     0     0  150.00000    0  124          -  150.00000      -     -   15s
     0     0  150.00000    0  134          -  150.00000      -     -   15s
     0     0  150.00000    0  914          -  150.00000      -     -   16s
     0     0  150.00000    0  773          -  150.00000      -     -   16s
     0     0  150.00000    0  615          -  150.00000      -     -   16s
     0     0  150.00000    0  745          -  150.00000      -     -   16s
     0     0  150.00000    0  745          -  150.00000      -     -   16s
     0     0  150.00000    0  134          -  150.00000      -     -   18s
     0     0  150.00000    0  134          -  150.00000      -     -   18s
     0     0  150.00000    0  127          -  150.00000      -     -   18s
     0     0  150.00000    0  164          -  150.00000      -     -   18s
     0     0  150.00000    0  154          -  150.00000      -     -   18s
     0     0  150.00000    0  105          -  150.00000      -     -   19s
     0     0  150.00000    0  171          -  150.00000      -     -   19s
     0     0  150.00000    0  177          -  150.00000      -     -   19s
     0     0  150.00000    0  177          -  150.00000      -     -   19s
     0     0  150.00000    0  176          -  150.00000      -     -   19s
     0     0  150.00000    0  175          -  150.00000      -     -   19s
     0     0  150.00000    0  176          -  150.00000      -     -   19s
     0     0  150.00000    0  155          -  150.00000      -     -   20s
     0     0  150.00000    0  152          -  150.00000      -     -   20s
     0     0  150.00000    0  240          -  150.00000      -     -   21s
     0     0  150.00000    0  268          -  150.00000      -     -   21s
     0     0  150.00000    0  266          -  150.00000      -     -   21s
     0     0  150.00000    0  267          -  150.00000      -     -   21s
     0     0  150.00000    0  130          -  150.00000      -     -   22s
     0     0  150.00000    0  157          -  150.00000      -     -   22s
     0     0  150.00000    0  131          -  150.00000      -     -   23s
     0     0  150.00000    0  131          -  150.00000      -     -   23s
     0     0  150.00000    0  131          -  150.00000      -     -   23s
     0     2  150.00000    0  125          -  150.00000      -     -   28s
    27    29  150.00000   15  371          -  150.00000      -   165   30s
   111   113  150.00000   64  592          -  150.00000      -   241   35s
   160   160  150.00000   98  272          -  150.00000      -   285   40s
   292   257  150.00000   76  395          -  150.00000      -   247   45s
   434   347  150.00000   65  742          -  150.00000      -   225   50s
   492   398  150.00000  101  447          -  150.00000      -   249   55s
   563   436  150.00000   88  550          -  150.00000      -   260   60s
   607   457  150.00000   22  496          -  150.00000      -   255   75s
   612   460  150.00000   14  125          -  150.00000      -   253   81s
   616   463  150.00000   44  161          -  150.00000      -   251   86s
   619   465  150.00000   67  630          -  150.00000      -   250   90s
   622   467  150.00000    3  141          -  150.00000      -   249   95s
   669   500  150.00000   35  183          -  150.00000      -   517  100s
   742   549  150.00000   71  230          -  150.00000      -   511  105s
   787   567  150.00000   34  182          -  150.00000      -   505  110s
   853   611  150.00000   67  330          -  150.00000      -   492  115s
   867   618 infeasible   74               -  150.00000      -   493  120s
   875   624  150.00000   78  464          -  150.00000      -   494  137s
   881   626 infeasible   81               -  150.00000      -   501  140s
   908   636  148.24933   95  440          -  150.00000      -   492  145s
   944   630  150.00000   35  345          -  150.00000      -   478  150s
   967   643  150.00000   47  236          -  150.00000      -   472  155s
  1006   667  150.00000   66  280          -  150.00000      -   462  160s
  1099   698  150.00000   51   87          -  150.00000      -   438  165s
  1187   734  150.00000   61  104          -  150.00000      -   415  170s
  1302   772  150.00000   60  463          -  150.00000      -   388  175s
  1339   797  150.00000   78  206          -  150.00000      -   391  180s
  1381   811  150.00000   67  362          -  150.00000      -   388  185s
  1432   836 infeasible   91               -  150.00000      -   391  190s
  1490   853  150.00000   72  481          -  150.00000      -   382  195s
  1539   862  150.00000   58  178          -  150.00000      -   375  200s
  1585   875 infeasible   51               -  150.00000      -   375  205s
  1683   922  150.00000   57  220          -  150.00000      -   362  210s
  1721   933 infeasible   78               -  150.00000      -   362  215s
  1792   966  150.00000   51  202          -  150.00000      -   356  220s
  1881  1002 infeasible   81               -  150.00000      -   348  225s
  1947  1012  150.00000   91  123          -  150.00000      -   342  230s
  2035  1023 infeasible   83               -  150.00000      -   331  235s
  2169  1111  150.00000   56  298          -  150.00000      -   317  240s
  2275  1189  150.00000   72  219          -  150.00000      -   308  245s
  2301  1199  150.00000   43  154          -  150.00000      -   309  250s
  2427  1284  150.00000   58  327          -  150.00000      -   300  255s
  2522  1351  150.00000   53  299          -  150.00000      -   294  260s
  2567  1387 infeasible   83               -  150.00000      -   296  265s
  2713  1465  150.00000   61  154          -  150.00000      -   288  270s
  2813  1550  150.00000   84  298          -  150.00000      -   282  275s
  2913  1601  150.00000   66  243          -  150.00000      -   280  280s
  3045  1677  150.00000   67  281          -  150.00000      -   273  285s
  3192  1767  150.00000   60  192          -  150.00000      -   265  290s
  3287  1836  150.00000   55  313          -  150.00000      -   261  295s
  3436  1925 infeasible   84               -  150.00000      -   257  300s
  3556  2016  150.00000   59  246          -  150.00000      -   254  305s
  3668  2083  150.00000   68  306          -  150.00000      -   253  310s
  3703  2106  150.00000   58  438          -  150.00000      -   255  315s
  3758  2148  150.00000   68  376          -  150.00000      -   258  320s
  3857  2202 infeasible   61               -  150.00000      -   258  325s
  3931  2237  150.00000   68  351          -  150.00000      -   258  330s
  4012  2274  150.00000   73  214          -  150.00000      -   256  335s
  4129  2337  150.00000   65  401          -  150.00000      -   253  340s
  4249  2414  150.00000   24  533          -  150.00000      -   251  345s
  4410  2537  150.00000   81  196          -  150.00000      -   246  350s
  4664  2697 infeasible   71               -  150.00000      -   237  355s
  4903  2880  150.00000   69  155          -  150.00000      -   230  360s
  5101  3006  150.00000   71  192          -  150.00000      -   223  367s
  5188  3064  150.00000   61  121          -  150.00000      -   224  370s
  5376  3195  150.00000   47  254          -  150.00000      -   219  375s
  5663  3356  150.00000   61  136          -  150.00000      -   213  380s
  5940  3542  150.00000   63  294          -  150.00000      -   206  385s
  6212  3688 infeasible   75               -  150.00000      -   201  390s
  6396  3779 infeasible   95               -  150.00000      -   199  395s
  6576  3864 infeasible   61               -  150.00000      -   197  400s
  6788  3953  150.00000   39  129          -  150.00000      -   194  405s
  6902  4042 infeasible   71               -  150.00000      -   195  410s
  7056  4112 infeasible   84               -  150.00000      -   193  415s
  7249  4189 infeasible   64               -  150.00000      -   192  420s
  7479  4291 infeasible   81               -  150.00000      -   189  425s
  7713  4412 infeasible   67               -  150.00000      -   186  430s
  7898  4458  150.00000   86  294          -  150.00000      -   184  435s
  8179  4593  150.00000   79  154          -  150.00000      -   181  440s
  8463  4767  150.00000   69  243          -  150.00000      -   178  445s
  8667  4869 infeasible   81               -  150.00000      -   176  450s
  8848  4987  150.00000   61  105          -  150.00000      -   175  455s
  8897  5013 infeasible   91               -  150.00000      -   176  460s
  8972  5060  150.00000   61  109          -  150.00000      -   177  465s
  9068  5130  150.00000   71  161          -  150.00000      -   178  470s
  9145  5196  150.00000   81  193          -  150.00000      -   180  475s
  9271  5281  150.00000   52  505          -  150.00000      -   179  480s
  9406  5366  150.00000   71   70          -  150.00000      -   179  485s
  9517  5437 infeasible   94               -  150.00000      -   179  490s
  9702  5547  150.00000   46  350          -  150.00000      -   178  495s
  9818  5637  150.00000   74  394          -  150.00000      -   179  500s
  9898  5696  150.00000   71  257          -  150.00000      -   180  505s
  9991  5753  150.00000   83  104          -  150.00000      -   181  510s
 10057  5790  150.00000   67  379          -  150.00000      -   182  515s
 10134  5846 infeasible   74               -  150.00000      -   182  520s
 10202  5901  150.00000   81  274          -  150.00000      -   182  613s
 10247  5924  150.00000   44  266          -  150.00000      -   182  615s
 10255  5931  150.00000   48  232          -  150.00000      -   182  626s
 10269  5945  150.00000   57  403          -  150.00000      -   182  630s
 10287  5961  150.00000   70  396          -  150.00000      -   181  635s
 10313  5985  150.00000   91  183          -  150.00000      -   182  640s
 10407  6041  150.00000   91  151          -  150.00000      -   182  645s
 10522  6113  150.00000   76  339          -  150.00000      -   182  650s
 10648  6190  150.00000  109  194          -  150.00000      -   182  655s
 10767  6245 infeasible   83               -  150.00000      -   182  660s
 10854  6306  150.00000   61  193          -  150.00000      -   183  665s
 11039  6446  150.00000   88  332          -  150.00000      -   182  670s
 11182  6528  150.00000   91  189          -  150.00000      -   182  675s
 11266  6581 infeasible   77               -  150.00000      -   182  680s
 11425  6652  150.00000   61  187          -  150.00000      -   182  685s
 11517  6712 infeasible   87               -  150.00000      -   183  690s
 11642  6769  150.00000   77  276          -  150.00000      -   183  695s
 11784  6836 infeasible   91               -  150.00000      -   183  700s
 11877  6886  150.00000   93  457          -  150.00000      -   184  705s
 11920  6902 infeasible   91               -  150.00000      -   185  710s
 11974  6936  150.00000   94  363          -  150.00000      -   185  715s
 12074  6973  150.00000   91  244          -  150.00000      -   186  720s
 12193  7021  150.00000   77  225          -  150.00000      -   186  725s
 12303  7084 infeasible  101               -  150.00000      -   186  730s
 12439  7145  150.00000   82  173          -  150.00000      -   186  735s
 12546  7197  150.00000   56  283          -  150.00000      -   186  740s
 12715  7326  150.00000   91  210          -  150.00000      -   186  745s
 12775  7343 infeasible  111               -  150.00000      -   186  750s
 12926  7418 infeasible  103               -  150.00000      -   186  755s
 13030  7469 infeasible  121               -  150.00000      -   186  760s
 13099  7528  150.00000   91  293          -  150.00000      -   188  765s
 13195  7578  150.00000   67  318          -  150.00000      -   188  770s
 13305  7663  150.00000  101  228          -  150.00000      -   189  775s
 13401  7734  150.00000  101  233          -  150.00000      -   189  780s
 13538  7815 infeasible  108               -  150.00000      -   189  785s
 13594  7855 infeasible   99               -  150.00000      -   190  790s
 13653  7891  150.00000   88  377          -  150.00000      -   191  795s
 13742  7953 infeasible  101               -  150.00000      -   192  800s
 13824  8002  150.00000   63  237          -  150.00000      -   192  805s
 13944  8091  150.00000   83  222          -  150.00000      -   192  810s
 13994  8122 infeasible   91               -  150.00000      -   194  815s
 14138  8216  150.00000   93  265          -  150.00000      -   193  820s
 14202  8252  150.00000   61  271          -  150.00000      -   194  825s
 14414  8409  150.00000   81  165          -  150.00000      -   193  830s
 14634  8533 infeasible   92               -  150.00000      -   192  835s
 14841  8643 infeasible  101               -  150.00000      -   191  840s
 14988  8693 infeasible   89               -  150.00000      -   191  845s
 15070  8753  150.00000   73  451          -  150.00000      -   191  850s
 15251  8884  150.00000  120  231          -  150.00000      -   191  855s
 15303  8909  150.00000   75  615          -  150.00000      -   190  860s
 15394  8978  150.00000   71  109          -  150.00000      -   191  865s
 15552  9076 infeasible  110               -  150.00000      -   190  870s
 15672  9129 infeasible   92               -  150.00000      -   190  875s
 15725  9171  150.00000   58  516          -  150.00000      -   192  880s
 15830  9250  150.00000   86  389          -  150.00000      -   192  885s
 16012  9362 infeasible  111               -  150.00000      -   191  890s
 16202  9455  150.00000   91  213          -  150.00000      -   190  895s
 16372  9577  150.00000   67  271          -  150.00000      -   190  900s
 16516  9675  150.00000   62  189          -  150.00000      -   190  905s
 16677  9770  150.00000   62  427          -  150.00000      -   189  910s
 16839  9865  150.00000   71  204          -  150.00000      -   189  915s
 16950  9924  150.00000   76  269          -  150.00000      -   188  920s
 17079 10016  150.00000   83  248          -  150.00000      -   188  925s
 17172 10077  150.00000   91  281          -  150.00000      -   189  930s
 17289 10136  150.00000   78  305          -  150.00000      -   188  935s
 17384 10174  150.00000   81  194          -  150.00000      -   188  940s
 17549 10243 infeasible   90               -  150.00000      -   188  945s
 17706 10362 infeasible   91               -  150.00000      -   187  950s
 17711 10359  150.00000   53  125          -  150.00000      -   188  957s
 17723 10371  150.00000   64  257          -  150.00000      -   188  960s
 17741 10387  150.00000   76  326          -  150.00000      -   188  965s
 17854 10476  150.00000   91  277          -  150.00000      -   188  970s
 17914 10521  150.00000  120  350          -  150.00000      -   189  975s
 18005 10541 infeasible  101               -  150.00000      -   189  980s
 18099 10617  150.00000   84  307          -  150.00000      -   189  985s
 18160 10650  150.00000   90  321          -  150.00000      -   190  990s
 18258 10707  150.00000   53  333          -  150.00000      -   190  995s
 18350 10772  150.00000   68  251          -  150.00000      -   190 1000s
 18436 10823  150.00000   65  434          -  150.00000      -   191 1005s
 18591 10915  150.00000   68  319          -  150.00000      -   191 1010s
 18702 10963  150.00000   78  307          -  150.00000      -   191 1015s
 18831 11012  150.00000   80  255          -  150.00000      -   190 1020s
 18914 11067  150.00000   52  266          -  150.00000      -   191 1025s
 18985 11093 infeasible   71               -  150.00000      -   191 1030s
 19063 11142  150.00000   74  241          -  150.00000      -   192 1035s
 19143 11196  150.00000   71  224          -  150.00000      -   193 1040s
 19274 11268  150.00000   86  277          -  150.00000      -   193 1045s
 19332 11296  150.00000   88  417          -  150.00000      -   193 1050s
 19424 11339  150.00000   77  403          -  150.00000      -   194 1055s
 19590 11443  150.00000   97  193          -  150.00000      -   194 1060s
 19737 11521 infeasible  104               -  150.00000      -   193 1065s
 19982 11630  150.00000   97  381          -  150.00000      -   192 1070s
 20076 11680 infeasible   88               -  150.00000      -   192 1075s
 20191 11750 infeasible   99               -  150.00000      -   193 1080s
 20300 11805 infeasible   89               -  150.00000      -   193 1085s
 20404 11858  150.00000   80  325          -  150.00000      -   193 1093s
 20487 11901 infeasible   92               -  150.00000      -   193 1095s
 20585 11944  150.00000   85  382          -  150.00000      -   194 1100s
 20706 12014 infeasible   98               -  150.00000      -   194 1105s
 20879 12097 infeasible   85               -  150.00000      -   193 1110s
 20937 12125  150.00000   83  243          -  150.00000      -   194 1125s
 20953 12133 infeasible   93               -  150.00000      -   194 1130s
 20990 12140  150.00000   86  231          -  150.00000      -   194 1135s
 21045 12165 infeasible   81               -  150.00000      -   194 1140s
 21149 12218 infeasible  108               -  150.00000      -   195 1145s
 21257 12279  150.00000   81  184          -  150.00000      -   195 1150s
 21434 12342 infeasible   92               -  150.00000      -   194 1155s
 21510 12396 infeasible   91               -  150.00000      -   195 1160s
 21574 12431 infeasible   99               -  150.00000      -   195 1165s
 21635 12447 infeasible  101               -  150.00000      -   196 1170s
 21724 12485  150.00000   77  328          -  150.00000      -   196 1175s
 21875 12581  150.00000   91  185          -  150.00000      -   196 1180s
 21995 12634  150.00000   86  273          -  150.00000      -   196 1185s
 22115 12667 infeasible   86               -  150.00000      -   197 1190s
 22258 12750 infeasible   94               -  150.00000      -   197 1195s
 22378 12797 infeasible   81               -  150.00000      -   197 1200s
 22486 12851  150.00000   75  110          -  150.00000      -   197 1205s
 22597 12910 infeasible   99               -  150.00000      -   197 1210s
 22677 12960  150.00000   91  259          -  150.00000      -   198 1215s
 22747 13008 infeasible  103               -  150.00000      -   198 1220s
 22862 13038  150.00000   81  229          -  150.00000      -   199 1225s
 22957 13075  150.00000   87  305          -  150.00000      -   199 1230s
 23071 13130 infeasible  108               -  150.00000      -   199 1235s
 23141 13159 infeasible   91               -  150.00000      -   200 1240s
 23235 13207  150.00000  100  355          -  150.00000      -   200 1245s
 23416 13267 infeasible  109               -  150.00000      -   199 1250s
 23554 13331  150.00000   87  267          -  150.00000      -   199 1255s
 23615 13360  150.00000   92  448          -  150.00000      -   200 1260s
 23677 13403  150.00000   94  471          -  150.00000      -   201 1265s
 23775 13444 infeasible   81               -  150.00000      -   201 1270s
 23849 13489  150.00000   92  319          -  150.00000      -   202 1275s
 23971 13541 infeasible   83               -  150.00000      -   202 1280s
 24144 13623  150.00000   91   90          -  150.00000      -   202 1285s
 24294 13711 infeasible   91               -  150.00000      -   202 1290s
 24351 13735 infeasible   81               -  150.00000      -   202 1295s
 24448 13783 infeasible   81               -  150.00000      -   203 1300s
 24526 13815 infeasible   88               -  150.00000      -   203 1305s
 24573 13834  150.00000   81  236          -  150.00000      -   204 1310s
 24660 13865 infeasible   91               -  150.00000      -   204 1315s
 24777 13932  150.00000   79  355          -  150.00000      -   204 1320s
 24892 13977  150.00000   81  256          -  150.00000      -   204 1325s
 24963 14003 infeasible   87               -  150.00000      -   205 1330s
 25034 14018 infeasible   74               -  150.00000      -   205 1335s
 25170 14087  150.00000   81  289          -  150.00000      -   206 1340s
 25242 14118  150.00000   81  307          -  150.00000      -   207 1347s
 25263 14133 infeasible   91               -  150.00000      -   207 1350s
 25373 14177  150.00000   75  138          -  150.00000      -   207 1355s
 25505 14248  150.00000   87  334          -  150.00000      -   206 1362s
 25562 14275  150.00000   92  418          -  150.00000      -   207 1365s
 25694 14349 infeasible   70               -  150.00000      -   206 1370s
 25825 14455  150.00000   69  302          -  150.00000      -   206 1385s
 25846 14476  150.00000   83  222          -  150.00000      -   206 1390s
 25891 14499  150.00000   55  513          -  150.00000      -   206 1395s
 26041 14605 infeasible  100               -  150.00000      -   206 1400s
 26180 14668  150.00000   81   82          -  150.00000      -   206 1405s
 26287 14726  150.00000   95  328          -  150.00000      -   206 1410s
 26370 14772 infeasible   91               -  150.00000      -   206 1415s
 26455 14825  150.00000   79  506          -  150.00000      -   206 1420s
 26610 14908  150.00000   74  185          -  150.00000      -   206 1425s
 26791 15021  150.00000   82  295          -  150.00000      -   206 1430s
 26986 15163  150.00000   81  242          -  150.00000      -   206 1435s
 27078 15243 infeasible  131               -  150.00000      -   206 1440s
 27223 15349 infeasible  101               -  150.00000      -   206 1445s
 27411 15467  150.00000   52  550          -  150.00000      -   206 1450s
 27494 15539  150.00000  108  280          -  150.00000      -   206 1455s
 27599 15608  150.00000   86  379          -  150.00000      -   206 1460s
 27713 15659 infeasible   71               -  150.00000      -   206 1465s
 27857 15743  150.00000   71  187          -  150.00000      -   206 1470s
 28025 15815  150.00000   81  196          -  150.00000      -   206 1475s
 28112 15843 infeasible   81               -  150.00000      -   206 1480s
 28159 15852 infeasible   91               -  150.00000      -   206 1485s
 28241 15903  149.43580  111  322          -  150.00000      -   207 1490s
 28579 16066  150.00000   65  245          -  150.00000      -   205 1495s
 28764 16181  150.00000  110  221          -  150.00000      -   205 1500s
 29020 16306  150.00000   87  197          -  150.00000      -   204 1505s
 29410 16478  150.00000   81  124          -  150.00000      -   202 1510s
 29571 16549  150.00000   91  266          -  150.00000      -   202 1515s
 29750 16650  150.00000   81  248          -  150.00000      -   202 1520s
 29929 16748  150.00000   71  103          -  150.00000      -   201 1525s
 30049 16815 infeasible   83               -  150.00000      -   202 1530s
 30209 16897  150.00000   71  168          -  150.00000      -   201 1535s
 30341 16948 infeasible   77               -  150.00000      -   202 1540s
 30566 17043 infeasible   66               -  150.00000      -   201 1545s
 30623 17066  150.00000   63  354          -  150.00000      -   201 1550s
 30790 17139  150.00000   64  305          -  150.00000      -   201 1555s
 30976 17227  150.00000   51  111          -  150.00000      -   201 1560s
 31153 17353  150.00000   52  163          -  150.00000      -   200 1565s
 31291 17447  150.00000   71  173          -  150.00000      -   200 1570s
 31487 17586  150.00000   71  104          -  150.00000      -   200 1575s
 31660 17720  150.00000  101  129          -  150.00000      -   200 1580s
 31796 17789  150.00000   81  160          -  150.00000      -   200 1585s
 31941 17887 infeasible  113               -  150.00000      -   200 1590s
 32140 17998 infeasible   82               -  150.00000      -   200 1595s
 32325 18084  150.00000   59  307          -  150.00000      -   199 1600s
 32520 18164 infeasible   63               -  150.00000      -   199 1605s
 32813 18313  150.00000   70  275          -  150.00000      -   198 1610s
 33056 18425  150.00000   81  118          -  150.00000      -   197 1615s
 33188 18495  150.00000   88  254          -  150.00000      -   198 1620s
 33422 18578 infeasible   77               -  150.00000      -   197 1625s
 33688 18705  150.00000   61  173          -  150.00000      -   196 1630s
 33769 18757  150.00000   91  179          -  150.00000      -   197 1635s
 33943 18879 infeasible  111               -  150.00000      -   197 1640s
 34074 18947  150.00000   82  305          -  150.00000      -   197 1645s
 34171 18988  150.00000   71  249          -  150.00000      -   197 1650s
 34313 19077 infeasible   91               -  150.00000      -   197 1655s
 34496 19169 infeasible   61               -  150.00000      -   196 1660s
 34616 19262  150.00000   67  367          -  150.00000      -   196 1665s
 34763 19365  150.00000   82  457          -  150.00000      -   196 1670s
 34907 19457 infeasible  101               -  150.00000      -   196 1675s
 35003 19525 infeasible   91               -  150.00000      -   196 1680s
 35065 19558  150.00000   85  410          -  150.00000      -   197 1690s
 35098 19565  150.00000   69  395          -  150.00000      -   197 1695s
 35164 19614  150.00000   85  521          -  150.00000      -   197 1700s
 35223 19654  150.00000   73  245          -  150.00000      -   197 1705s
 35376 19754  150.00000   82  349          -  150.00000      -   197 1710s
 35434 19791 infeasible  111               -  150.00000      -   198 1715s
 35513 19844  150.00000  105  282          -  150.00000      -   198 1720s
 35565 19884  150.00000   92  431          -  150.00000      -   198 1725s
 35707 19956  150.00000  109  190          -  150.00000      -   198 1732s
 35746 19973  150.00000   80  482          -  150.00000      -   198 1735s
 35862 20048 infeasible  101               -  150.00000      -   199 1740s
 35957 20086  150.00000   48  510          -  150.00000      -   199 1745s
 36088 20178  150.00000   61  178          -  150.00000      -   199 1750s
 36212 20273  150.00000   69  346          -  150.00000      -   199 1755s
 36294 20339  150.00000   86  502          -  150.00000      -   199 1760s
 36354 20382  150.00000   87  450          -  150.00000      -   200 1765s
 36448 20457 infeasible  101               -  150.00000      -   200 1770s
 36519 20489 infeasible   81               -  150.00000      -   200 1775s
 36621 20540  150.00000   55  382          -  150.00000      -   200 1780s
 36757 20619  150.00000   91   98          -  150.00000      -   200 1785s
 36853 20691  150.00000  101  270          -  150.00000      -   200 1790s
 37030 20795  150.00000   93  321          -  150.00000      -   200 1795s
 37147 20860 infeasible   92               -  150.00000      -   200 1800s
 37227 20903  150.00000  100  385          -  150.00000      -   200 1805s
 37357 20973  150.00000  104  389          -  150.00000      -   200 1810s
 37443 21031  149.83846  106  520          -  150.00000      -   200 1815s
 37465 21047 infeasible  117               -  150.00000      -   200 1820s
 37670 21171 infeasible  113               -  150.00000      -   200 1825s
 37859 21276  150.00000  113  359          -  150.00000      -   200 1830s
 37965 21336 infeasible  128               -  150.00000      -   200 1835s
 38072 21415  150.00000  100  167          -  150.00000      -   200 1840s
 38156 21486  150.00000   96  454          -  150.00000      -   200 1845s
 38159 21489  150.00000   98  185          -  150.00000      -   200 1850s
 38225 21528  150.00000   52  279          -  150.00000      -   200 1855s
 38339 21621 infeasible   95               -  150.00000      -   200 1860s
 38454 21693  150.00000   87  440          -  150.00000      -   200 1865s
 38525 21734  150.00000   71  161          -  150.00000      -   200 1870s
 38597 21774  150.00000   57  301          -  150.00000      -   200 1875s
 38695 21847 infeasible   84               -  150.00000      -   201 1880s
 38850 21921  150.00000   68  530          -  150.00000      -   200 1885s
 38933 21977  150.00000   81  261          -  150.00000      -   200 1890s
 39044 22058  150.00000   90  261          -  150.00000      -   200 1895s
 39147 22120  150.00000   87  489          -  150.00000      -   201 1900s
 39212 22163 infeasible   79               -  150.00000      -   201 1905s
 39262 22188  150.00000   62  205          -  150.00000      -   201 1910s
 39323 22220  150.00000   80  380          -  150.00000      -   201 1915s
 39427 22277  150.00000   84  389          -  150.00000      -   201 1920s
 39527 22316 infeasible   98               -  150.00000      -   201 1925s
 39587 22346  150.00000   91  285          -  150.00000      -   202 1930s
 39635 22373  150.00000   73  274          -  150.00000      -   202 1935s
 39695 22418  150.00000   86  264          -  150.00000      -   202 1940s
 39789 22483 infeasible  125               -  150.00000      -   203 1945s
 39893 22527  150.00000   84  127          -  150.00000      -   203 1950s
 39908 22535  150.00000   91  287          -  150.00000      -   203 1957s
 39925 22534 infeasible   82               -  150.00000      -   203 1960s
 39947 22540  150.00000   76  458          -  150.00000      -   203 1965s
 40003 22578 infeasible  111               -  150.00000      -   203 1970s
 40158 22647  150.00000  102  169          -  150.00000      -   203 1975s
 40333 22739  150.00000   83  493          -  150.00000      -   203 1980s
 40513 22834 infeasible  128               -  150.00000      -   203 1985s
 40650 22917  150.00000  112  281          -  150.00000      -   202 1990s
 40795 22998  150.00000   89  373          -  150.00000      -   202 1995s
 40808 23011  150.00000   95  514          -  150.00000      -   203 2000s
 40856 23049 infeasible  123               -  150.00000      -   203 2005s
 41025 23121  150.00000  100  262          -  150.00000      -   203 2010s
 41127 23153  150.00000  101  268          -  150.00000      -   203 2015s
 41163 23165  133.22912   98  492          -  150.00000      -   203 2020s
 41225 23180 infeasible  101               -  150.00000      -   204 2025s
 41305 23228 infeasible  102               -  150.00000      -   204 2030s
 41416 23287  150.00000   82  438          -  150.00000      -   204 2035s
 41474 23332  146.00000  109  297          -  150.00000      -   204 2040s
 41585 23372  148.50764   91  385          -  150.00000      -   204 2045s
 41709 23463 infeasible   92               -  150.00000      -   204 2050s
 41869 23572 infeasible  107               -  150.00000      -   204 2055s
 42047 23675  150.00000   91  149          -  150.00000      -   204 2060s
 42188 23753 infeasible   91               -  150.00000      -   204 2065s
 42263 23801  150.00000   64  326          -  150.00000      -   204 2070s
 42367 23871  150.00000   76  333          -  150.00000      -   204 2075s
 42506 23959  150.00000   88  373          -  150.00000      -   204 2080s
 42597 24024 infeasible   92               -  150.00000      -   204 2085s
 42706 24083  150.00000   92  322          -  150.00000      -   204 2090s
 42779 24126  150.00000   91  285          -  150.00000      -   205 2095s
 42880 24187 infeasible   91               -  150.00000      -   205 2100s
 42977 24258  150.00000   81  170          -  150.00000      -   205 2105s
 43080 24328  150.00000   89  379          -  150.00000      -   205 2110s
 43153 24363  150.00000   85  203          -  150.00000      -   205 2115s
 43322 24471 infeasible   88               -  150.00000      -   205 2120s
 43478 24585 infeasible   87               -  150.00000      -   205 2125s
 43541 24630  150.00000   93  309          -  150.00000      -   205 2135s
 43562 24637  150.00000   80  384          -  150.00000      -   205 2140s
 43589 24663  150.00000   91  281          -  150.00000      -   205 2145s
 43642 24691 infeasible  101               -  150.00000      -   205 2150s
 43786 24739 infeasible  102               -  150.00000      -   205 2155s
 43892 24783  150.00000   71  266          -  150.00000      -   205 2160s
 44042 24881 infeasible  121               -  150.00000      -   205 2165s
 44133 24940 infeasible  112               -  150.00000      -   205 2170s
 44248 25017  150.00000  107  370          -  150.00000      -   205 2175s
 44370 25071 infeasible   87               -  150.00000      -   205 2180s
 44479 25137  150.00000   94  313          -  150.00000      -   206 2185s
 44542 25157 infeasible   90               -  150.00000      -   206 2190s
 44672 25227 infeasible  110               -  150.00000      -   206 2195s
 44759 25256 infeasible   85               -  150.00000      -   206 2200s
 44938 25372 infeasible  101               -  150.00000      -   206 2205s
 45001 25388 infeasible  110               -  150.00000      -   206 2210s
 45053 25432  150.00000  101  289          -  150.00000      -   207 2215s
 45105 25474  150.00000  126  391          -  150.00000      -   207 2220s
 45241 25563 infeasible  111               -  150.00000      -   207 2225s
 45337 25634  150.00000  105  274          -  150.00000      -   207 2230s
 45461 25677  150.00000   78  244          -  150.00000      -   207 2235s
 45577 25760  150.00000  116  243          -  150.00000      -   207 2240s
 45735 25842  150.00000   88  388          -  150.00000      -   207 2245s
 45835 25896 infeasible   94               -  150.00000      -   207 2250s
 45917 25919 infeasible  101               -  150.00000      -   207 2255s
 46084 26004 infeasible  121               -  150.00000      -   207 2260s
 46190 26049 infeasible  111               -  150.00000      -   207 2265s
 46330 26103  150.00000   99  284          -  150.00000      -   207 2270s
 46469 26159  150.00000   98  281          -  150.00000      -   206 2275s
 46614 26202 infeasible   89               -  150.00000      -   206 2280s
 46715 26246 infeasible  117               -  150.00000      -   206 2285s
 46761 26276  150.00000   77  294          -  150.00000      -   207 2290s
 46855 26348  150.00000   91  273          -  150.00000      -   207 2295s
 46923 26387  150.00000   75  256          -  150.00000      -   207 2300s
 47052 26485  150.00000   82  555          -  150.00000      -   207 2305s
 47090 26517  150.00000  102  207          -  150.00000      -   207 2313s
 47098 26515  149.98326  102  414          -  150.00000      -   207 2315s
 47209 26595  150.00000  101  182          -  150.00000      -   207 2320s
 47323 26665  150.00000   97  273          -  150.00000      -   207 2325s
 47402 26706  150.00000   96  187          -  150.00000      -   207 2330s
 47537 26789  150.00000   92  353          -  150.00000      -   207 2335s
 47618 26836  150.00000   95  517          -  150.00000      -   207 2340s
 47717 26883 infeasible  110               -  150.00000      -   207 2345s
 47765 26916  149.79341   96  511          -  150.00000      -   207 2350s
 47855 26976 infeasible  137               -  150.00000      -   207 2355s
 48026 27050  150.00000  100  425          -  150.00000      -   207 2360s
 48165 27144 infeasible  101               -  150.00000      -   207 2365s
 48260 27205 infeasible   91               -  150.00000      -   207 2370s
 48336 27258  150.00000  116  372          -  150.00000      -   207 2375s
 48419 27313  150.00000   99  257          -  150.00000      -   207 2380s
 48476 27345  150.00000  101  256          -  150.00000      -   207 2385s
 48572 27396 infeasible  101               -  150.00000      -   207 2390s
 48705 27482 infeasible  132               -  150.00000      -   207 2395s
 48760 27507  150.00000  106  230          -  150.00000      -   208 2400s
 48863 27553 infeasible   98               -  150.00000      -   208 2405s
 48963 27586 infeasible  104               -  150.00000      -   208 2410s
 49046 27638 infeasible  124               -  150.00000      -   208 2415s
 49120 27668 infeasible  105               -  150.00000      -   208 2420s
 49198 27705  143.72225  106  318          -  150.00000      -   208 2425s
 49325 27785  150.00000   82  323          -  150.00000      -   208 2430s
 49356 27812  150.00000   99  298          -  150.00000      -   208 2435s
 49366 27806  150.00000   76  279          -  150.00000      -   209 2446s
 49379 27815 infeasible   85               -  150.00000      -   209 2450s
 49404 27830  150.00000   97  209          -  150.00000      -   209 2455s
 49470 27868  149.00000   78  416          -  150.00000      -   209 2460s
 49549 27919  150.00000   81  246          -  150.00000      -   209 2465s
 49599 27963 infeasible  100               -  150.00000      -   209 2470s
 49651 28005  149.97875   91  512          -  150.00000      -   209 2475s
 49714 28040  150.00000   90  536          -  150.00000      -   210 2480s
 49741 28063  149.12519  101  357          -  150.00000      -   210 2485s
 49848 28124  150.00000   82  246          -  150.00000      -   210 2490s
 49994 28213  150.00000  101  214          -  150.00000      -   210 2495s
 50059 28258 infeasible  132               -  150.00000      -   210 2500s
 50172 28311  149.93674   86  389          -  150.00000      -   210 2505s
 50239 28332  150.00000   62  304          -  150.00000      -   210 2510s
 50340 28385  150.00000   85  340          -  150.00000      -   210 2515s
 50425 28452  150.00000  111  175          -  150.00000      -   210 2520s
 50501 28509 infeasible   91               -  150.00000      -   211 2525s
 50558 28535 infeasible   81               -  150.00000      -   211 2530s
 50653 28610 infeasible  116               -  150.00000      -   211 2535s
 50749 28678 infeasible  121               -  150.00000      -   211 2540s
 50902 28766  150.00000  113  325          -  150.00000      -   211 2545s
 51010 28830  150.00000  117  277          -  150.00000      -   211 2552s
 51136 28906  150.00000  109  307          -  150.00000      -   211 2555s
 51258 28974 infeasible   81               -  150.00000      -   211 2560s
 51511 29076 infeasible   81               -  150.00000      -   210 2565s
 51603 29131  150.00000  103  313          -  150.00000      -   210 2570s
 51696 29173  150.00000   61  192          -  150.00000      -   210 2575s
 51767 29238  150.00000  113  256          -  150.00000      -   211 2580s
 51914 29323  150.00000  104  259          -  150.00000      -   210 2585s
 52018 29360 infeasible  101               -  150.00000      -   210 2590s
 52102 29418 infeasible   91               -  150.00000      -   211 2595s
 52191 29471  150.00000   81  176          -  150.00000      -   211 2600s
 52346 29547  150.00000   84  231          -  150.00000      -   210 2605s
 52535 29649  150.00000   67  298          -  150.00000      -   210 2610s
 52642 29695  150.00000   73  198          -  150.00000      -   210 2615s
 52822 29788 infeasible   95               -  150.00000      -   210 2620s
 53028 29858  149.00000   79  294          -  150.00000      -   210 2625s
 53259 29959 infeasible   85               -  150.00000      -   209 2630s
 53336 29999  150.00000   94  347          -  150.00000      -   209 2635s
 53418 30051 infeasible   93               -  150.00000      -   209 2640s
 53540 30139  150.00000   79  307          -  150.00000      -   209 2645s
 53721 30256  150.00000  111  214          -  150.00000      -   209 2650s
 53874 30358  150.00000   98  431          -  150.00000      -   209 2655s
 54007 30423 infeasible   62               -  150.00000      -   209 2660s
 54022 30437  150.00000   76  389          -  150.00000      -   209 2669s
 54023 30438  150.00000   75  258          -  150.00000      -   209 2670s
 54057 30460  150.00000   76  234          -  150.00000      -   209 2675s
 54212 30536  150.00000  101  230          -  150.00000      -   208 2680s
 54260 30551 infeasible  100               -  150.00000      -   209 2685s
 54366 30590  150.00000   86  456          -  150.00000      -   209 2690s
 54630 30695 infeasible   98               -  150.00000      -   208 2695s
 54759 30744  150.00000   91  259          -  150.00000      -   208 2700s
 54983 30845  150.00000   77  268          -  150.00000      -   208 2705s
 55163 30966  150.00000  104  193          -  150.00000      -   208 2710s
 55356 31102  150.00000   96  196          -  150.00000      -   207 2715s
 55598 31270 infeasible  101               -  150.00000      -   207 2720s
 55785 31376  150.00000   45  172          -  150.00000      -   207 2725s
 56076 31567  150.00000   61  142          -  150.00000      -   206 2730s
 56174 31614  150.00000   61  217          -  150.00000      -   206 2735s
 56401 31742 infeasible   90               -  150.00000      -   206 2740s
 56538 31840  150.00000   82  276          -  150.00000      -   206 2745s
 56614 31886  150.00000   67  521          -  150.00000      -   206 2750s
 56701 31939  150.00000   78  436          -  150.00000      -   206 2755s
 56802 32014  150.00000   84  364          -  150.00000      -   206 2760s
 57035 32186  150.00000   52  317          -  150.00000      -   206 2765s
 57143 32263 infeasible   91               -  150.00000      -   206 2770s
 57244 32316  150.00000   71  131          -  150.00000      -   206 2775s
 57475 32482  150.00000   58  391          -  150.00000      -   206 2780s
 57664 32616 infeasible   97               -  150.00000      -   206 2785s
 57757 32659  150.00000   65  345          -  150.00000      -   206 2790s
 57906 32768  150.00000   65  290          -  150.00000      -   206 2795s
 58102 32898 infeasible  106               -  150.00000      -   206 2800s
 58275 33022  150.00000   87  320          -  150.00000      -   205 2805s
 58368 33083 infeasible  129               -  150.00000      -   206 2810s
 58437 33116 infeasible   99               -  150.00000      -   206 2815s
 58600 33232 infeasible   79               -  150.00000      -   206 2820s
 58731 33298  150.00000  101  162          -  150.00000      -   206 2825s
 58978 33450  150.00000   99  294          -  150.00000      -   205 2830s
 59154 33568  150.00000   96  362          -  150.00000      -   205 2835s
 59344 33686  150.00000   61  258          -  150.00000      -   205 2840s
 59491 33795  150.00000   61  225          -  150.00000      -   205 2845s
 59605 33881  150.00000   88  429          -  150.00000      -   205 2850s
 59726 33948  150.00000   63  432          -  150.00000      -   205 2855s
 59895 34071 infeasible   93               -  150.00000      -   205 2860s
 60038 34144  150.00000   91  188          -  150.00000      -   205 2865s
 60310 34307  150.00000   55  457          -  150.00000      -   204 2870s
 60422 34377  150.00000   71  105          -  150.00000      -   205 2875s
 60801 34599  150.00000   82  259          -  150.00000      -   204 2880s
 61148 34778  150.00000   93  314          -  150.00000      -   203 2885s
 61264 34863  150.00000  106  285          -  150.00000      -   203 2890s
 61488 35019  150.00000   64  267          -  150.00000      -   202 2895s
 61800 35236 infeasible  116               -  150.00000      -   202 2900s
 62228 35486  150.00000   65  294          -  150.00000      -   201 2905s
 62500 35656 infeasible   71               -  150.00000      -   200 2910s
 62573 35712 infeasible  101               -  150.00000      -   201 2915s
 62696 35770 infeasible   91               -  150.00000      -   201 2920s
 62829 35839 infeasible   91               -  150.00000      -   201 2925s
 62979 35945  150.00000  109  296          -  150.00000      -   200 2930s
 63216 36075  150.00000   74  386          -  150.00000      -   200 2941s
 63240 36087 infeasible   89               -  150.00000      -   200 2945s
 63312 36118 infeasible   90               -  150.00000      -   200 2950s
 63424 36173 infeasible   83               -  150.00000      -   200 2955s
 63545 36246 infeasible   91               -  150.00000      -   200 2961s
 63611 36267 infeasible  101               -  150.00000      -   200 2965s
 63754 36346  150.00000   81  183          -  150.00000      -   200 2970s
 63853 36372  150.00000   81  156          -  150.00000      -   201 2975s
 64016 36447  150.00000   74  249          -  150.00000      -   200 2980s
 64311 36590 infeasible   91               -  150.00000      -   200 2985s
 64524 36693  150.00000  101  153          -  150.00000      -   200 2990s
 64852 36916 infeasible   86               -  150.00000      -   199 2995s
 65210 37164  150.00000   87  244          -  150.00000      -   199 3000s
 65402 37299 infeasible  108               -  150.00000      -   198 3005s
 65694 37398 infeasible   93               -  150.00000      -   198 3010s
 65893 37527  150.00000   70  386          -  150.00000      -   198 3015s
 65995 37603  150.00000   61  215          -  150.00000      -   198 3020s
 66208 37774  150.00000   68  333          -  150.00000      -   198 3025s
 66313 37846  150.00000   79  193          -  150.00000      -   198 3030s
 66413 37933  150.00000  101  207          -  150.00000      -   198 3035s
 66517 38006  150.00000   93  247          -  150.00000      -   198 3040s
 66779 38181  150.00000   70  280          -  150.00000      -   198 3045s
 66930 38280 infeasible   87               -  150.00000      -   198 3050s
 67201 38468  150.00000   94  368          -  150.00000      -   197 3055s
 67391 38597 infeasible  120               -  150.00000      -   197 3060s
 67667 38774 infeasible   88               -  150.00000      -   197 3065s
 67750 38822  150.00000   81  174          -  150.00000      -   197 3070s
 67941 38938  150.00000  119  312          -  150.00000      -   197 3075s
 68157 39088  150.00000  120  225          -  150.00000      -   197 3080s
 68400 39248  150.00000   82  295          -  150.00000      -   196 3085s
 68714 39462  150.00000  110  210          -  150.00000      -   196 3090s
 68971 39573  150.00000  111   79          -  150.00000      -   196 3095s
 69154 39688  150.00000  105  305          -  150.00000      -   195 3100s
 69415 39856 infeasible   70               -  150.00000      -   195 3105s
 69574 39961 infeasible   91               -  150.00000      -   195 3110s
 69723 40036  150.00000   61  108          -  150.00000      -   195 3115s
 69928 40178  150.00000   95  243          -  150.00000      -   195 3120s
 70109 40280  149.99869   85  362          -  150.00000      -   195 3125s
 70341 40452  150.00000   93  351          -  150.00000      -   195 3130s
 70441 40527  150.00000   83  333          -  150.00000      -   195 3135s
 70523 40581 infeasible   65               -  150.00000      -   195 3140s
 70703 40721 infeasible  121               -  150.00000      -   195 3145s
 70909 40830  150.00000   62  318          -  150.00000      -   194 3150s
 71094 40960 infeasible  119               -  150.00000      -   194 3155s
 71128 40976  150.00000   72  268          -  150.00000      -   194 3165s
 71167 41001 infeasible   95               -  150.00000      -   194 3170s
 71286 41060  150.00000   79  231          -  150.00000      -   194 3175s
 71414 41120  150.00000  104  252          -  150.00000      -   194 3182s
 71532 41204  150.00000  123  218          -  150.00000      -   194 3185s
 71689 41295 infeasible  106               -  150.00000      -   194 3190s
 71884 41395 infeasible  102               -  150.00000      -   194 3195s
 72140 41516  150.00000   92  481          -  150.00000      -   194 3200s
 72335 41597 infeasible   74               -  150.00000      -   193 3205s
 72540 41716 infeasible  106               -  150.00000      -   193 3210s
 72842 41938  150.00000  105  264          -  150.00000      -   193 3215s
 73030 42049 infeasible  115               -  150.00000      -   193 3220s
 73331 42211 infeasible  111               -  150.00000      -   192 3225s
 73532 42313 infeasible  111               -  150.00000      -   192 3230s
 73666 42367 infeasible  114               -  150.00000      -   192 3235s
 73897 42475  150.00000  121  172          -  150.00000      -   192 3240s
 74067 42542 infeasible  111               -  150.00000      -   192 3245s
 74242 42631  149.00000  126  226          -  150.00000      -   192 3250s
 74418 42685 infeasible  104               -  150.00000      -   191 3255s
 74541 42768 infeasible  101               -  150.00000      -   192 3260s
 74593 42807  150.00000  102  253          -  150.00000      -   192 3265s
 74791 42958  150.00000  123  261          -  150.00000      -   192 3270s
 74962 43085  150.00000  118  422          -  150.00000      -   192 3275s
 75050 43129  150.00000  101  223          -  150.00000      -   192 3280s
 75117 43159 infeasible  100               -  150.00000      -   192 3285s
 75295 43258  150.00000  120  310          -  150.00000      -   192 3290s
 75573 43401  149.00000  109  326          -  150.00000      -   191 3295s
 75767 43498 infeasible  109               -  150.00000      -   191 3300s
 75949 43593 infeasible  111               -  150.00000      -   191 3305s
 76069 43652  150.00000   92  338          -  150.00000      -   191 3310s
 76239 43738 infeasible   91               -  150.00000      -   191 3315s
 76443 43862 infeasible   82               -  150.00000      -   191 3320s
 76533 43904 infeasible   90               -  150.00000      -   191 3325s
 76723 43993 infeasible   81               -  150.00000      -   191 3330s
 76905 44102  150.00000   94  418          -  150.00000      -   191 3335s
 77083 44242  150.00000  131  175          -  150.00000      -   191 3340s
 77400 44471 infeasible  116               -  150.00000      -   190 3345s
 77733 44667 infeasible  106               -  150.00000      -   190 3350s
 78129 44960  150.00000   75  285          -  150.00000      -   189 3355s
 78359 45134 infeasible  114               -  150.00000      -   189 3360s
 78572 45267 infeasible  124               -  150.00000      -   189 3365s
 78766 45385  150.00000  139  147          -  150.00000      -   189 3370s
 79176 45615  150.00000   91  160          -  150.00000      -   189 3375s
 79542 45889 infeasible   93               -  150.00000      -   188 3380s
 79955 46114 infeasible  108               -  150.00000      -   188 3385s
 80361 46310 infeasible  119               -  150.00000      -   187 3390s
 80574 46417  150.00000   99  115          -  150.00000      -   187 3395s
 80776 46469  150.00000  109  132          -  150.00000      -   186 3400s
 81250 46653 infeasible   98               -  150.00000      -   186 3405s
 81553 46836  150.00000   89  393          -  150.00000      -   185 3410s
 81650 46898 infeasible  120               -  150.00000      -   185 3415s
 81868 47047  150.00000  124  272          -  150.00000      -   185 3420s
 82168 47176  150.00000  101   76          -  150.00000      -   185 3425s
 82400 47318  150.00000   91  267          -  150.00000      -   185 3430s
 82664 47478  150.00000   99  202          -  150.00000      -   185 3435s
 82932 47599  150.00000  104  266          -  150.00000      -   184 3440s
 83239 47723  150.00000   87  164          -  150.00000      -   184 3445s
 83830 47898 infeasible  117               -  150.00000      -   183 3450s
 83949 47970  150.00000  131  213          -  150.00000      -   183 3455s
 84074 48017 infeasible  112               -  150.00000      -   183 3460s
 84512 48122  150.00000  107  309          -  150.00000      -   183 3465s
 84841 48218 infeasible  119               -  150.00000      -   182 3470s
 85108 48354 infeasible  122               -  150.00000      -   182 3475s
 85175 48383  150.00000  124  207          -  150.00000      -   182 3483s
 85192 48382 infeasible  119               -  150.00000      -   182 3485s
 85357 48455  150.00000  131  198          -  150.00000      -   182 3490s
 85742 48584  150.00000  142  212          -  150.00000      -   181 3495s
 86162 48738  150.00000  130  158          -  150.00000      -   181 3500s
 86486 48835 infeasible  147               -  150.00000      -   180 3505s
 86717 48901  150.00000  137  145          -  150.00000      -   180 3510s
 87025 48934 infeasible  136               -  150.00000      -   180 3515s
 87360 49015  150.00000  146  106          -  150.00000      -   179 3520s
 87624 49032 infeasible  143               -  150.00000      -   179 3525s
 87988 49137 infeasible  143               -  150.00000      -   179 3530s
 88371 49257 infeasible   92               -  150.00000      -   178 3535s
 88815 49464  150.00000  128  179          -  150.00000      -   177 3540s
 89296 49612 infeasible  151               -  150.00000      -   177 3545s
 89720 49692 infeasible  136               -  150.00000      -   176 3550s
 90163 49767 infeasible  153               -  150.00000      -   176 3555s
 90566 49831 infeasible  134               -  150.00000      -   175 3560s
 90963 49902 infeasible  159               -  150.00000      -   175 3565s
 91367 49976 infeasible  132               -  150.00000      -   174 3570s
 91533 50004  150.00000  113  236          -  150.00000      -   174 3575s
 91743 50073 infeasible  116               -  150.00000      -   174 3580s
 91835 50149  150.00000  113  286          -  150.00000      -   174 3585s
 92005 50247  150.00000  120  292          -  150.00000      -   174 3590s
 92135 50275  150.00000  102  194          -  150.00000      -   174 3595s

Cutting planes:
  Gomory: 1
  Cover: 103
  Implied bound: 8
  Clique: 115
  MIR: 20
  StrongCG: 14
  Flow cover: 88
  GUB cover: 12
  Zero half: 21
  RLT: 1
  Relax-and-lift: 23

Explored 92255 nodes (16090900 simplex iterations) in 3600.01 seconds (3043.90 work units)
Thread count was 1 (of 8 available processors)

Solution count 0

Time limit reached
Best objective -, best bound 1.500000000000e+02, gap -
