
Gurobi 11.0.1 (win64) logging started Mon Apr  1 12:45:53 2024

Set parameter LogFile to value "C:\Projetos\Job_Rotation_Algorithms\Outputs\GurobiLogs\gurobi_log-output-55_ton-c48-CostaMirallesModel-NoExtraConstraint-2.log"
Gurobi Optimizer version 11.0.1 build v11.0.1rc0 (win64 - Windows 10.0 (19045.2))

CPU model: 11th Gen Intel(R) Core(TM) i7-1165G7 @ 2.80GHz, instruction set [SSE2|AVX|AVX2|AVX512]
Thread count: 4 physical cores, 8 logical processors, using up to 1 threads


Gurobi 11.0.1 (win64) logging started Mon Apr  1 21:33:47 2024

Set parameter LogFile to value "C:\Projetos\Job_Rotation_Algorithms\Outputs\GurobiLogs\gurobi_log-output-55_ton-c48-CostaMirallesModel-NoExtraConstraint-2.log"
Gurobi Optimizer version 11.0.1 build v11.0.1rc0 (win64 - Windows 10.0 (19045.2))

CPU model: 11th Gen Intel(R) Core(TM) i7-1165G7 @ 2.80GHz, instruction set [SSE2|AVX|AVX2|AVX512]
Thread count: 4 physical cores, 8 logical processors, using up to 1 threads


Gurobi 11.0.1 (win64) logging started Thu Apr  4 23:31:29 2024

Set parameter LogFile to value "C:\Projetos\Job_Rotation_Algorithms\Outputs\GurobiLogs\gurobi_log-output-55_ton-c48-CostaMirallesModel-NoExtraConstraint-2.log"
Gurobi Optimizer version 11.0.1 build v11.0.1rc0 (win64 - Windows 10.0 (19045.2))

CPU model: 11th Gen Intel(R) Core(TM) i7-1165G7 @ 2.80GHz, instruction set [SSE2|AVX|AVX2|AVX512]
Thread count: 4 physical cores, 8 logical processors, using up to 1 threads


Gurobi 11.0.1 (win64) logging started Sat Apr  6 13:00:37 2024

Set parameter LogFile to value "C:\Projetos\Job_Rotation_Algorithms\Outputs\GurobiLogs\gurobi_log-output-55_ton-c48-CostaMirallesModel-NoExtraConstraint-2.log"
Gurobi Optimizer version 11.0.1 build v11.0.1rc0 (win64 - Windows 10.0 (19045.2))

CPU model: 11th Gen Intel(R) Core(TM) i7-1165G7 @ 2.80GHz, instruction set [SSE2|AVX|AVX2|AVX512]
Thread count: 4 physical cores, 8 logical processors, using up to 1 threads


Gurobi 11.0.1 (win64) logging started Sun Apr  7 02:33:59 2024

Set parameter LogFile to value "C:\Projetos\Job_Rotation_Algorithms\Outputs\GurobiLogs\gurobi_log-output-55_ton-c48-CostaMirallesModel-NoExtraConstraint-2.log"
Gurobi Optimizer version 11.0.1 build v11.0.1rc0 (win64 - Windows 10.0 (19045.2))

CPU model: 11th Gen Intel(R) Core(TM) i7-1165G7 @ 2.80GHz, instruction set [SSE2|AVX|AVX2|AVX512]
Thread count: 4 physical cores, 8 logical processors, using up to 1 threads


Gurobi 11.0.1 (win64) logging started Sun Apr  7 09:46:52 2024

Set parameter LogFile to value "C:\Projetos\Job_Rotation_Algorithms\Outputs\GurobiLogs\gurobi_log-output-55_ton-c48-CostaMirallesModel-NoExtraConstraint-2.log"
Gurobi Optimizer version 11.0.1 build v11.0.1rc0 (win64 - Windows 10.0 (19045.2))

CPU model: 11th Gen Intel(R) Core(TM) i7-1165G7 @ 2.80GHz, instruction set [SSE2|AVX|AVX2|AVX512]
Thread count: 4 physical cores, 8 logical processors, using up to 1 threads


Gurobi 11.0.1 (win64) logging started Tue Apr  9 08:05:21 2024

Set parameter LogFile to value "C:\Projetos\Job_Rotation_Algorithms\Outputs\GurobiLogs\gurobi_log-output-55_ton-c48-CostaMirallesModel-NoExtraConstraint-2.log"
Gurobi Optimizer version 11.0.1 build v11.0.1rc0 (win64 - Windows 10.0 (19045.2))

CPU model: 11th Gen Intel(R) Core(TM) i7-1165G7 @ 2.80GHz, instruction set [SSE2|AVX|AVX2|AVX512]
Thread count: 4 physical cores, 8 logical processors, using up to 1 threads


Gurobi 11.0.1 (win64) logging started Wed Apr 10 17:34:41 2024

Set parameter LogFile to value "C:\Projetos\Job_Rotation_Algorithms\Outputs\GurobiLogs\gurobi_log-output-55_ton-c48-CostaMirallesModel-NoExtraConstraint-2.log"
Gurobi Optimizer version 11.0.1 build v11.0.1rc0 (win64 - Windows 10.0 (19045.2))

CPU model: 11th Gen Intel(R) Core(TM) i7-1165G7 @ 2.80GHz, instruction set [SSE2|AVX|AVX2|AVX512]
Thread count: 4 physical cores, 8 logical processors, using up to 1 threads


Gurobi 11.0.1 (win64) logging started Thu Apr 11 01:40:21 2024

Set parameter LogFile to value "C:\Projetos\Job_Rotation_Algorithms\Outputs\GurobiLogs\gurobi_log-output-55_ton-c48-CostaMirallesModel-NoExtraConstraint-2.log"
Gurobi Optimizer version 11.0.1 build v11.0.1rc0 (win64 - Windows 10.0 (19045.2))

CPU model: 11th Gen Intel(R) Core(TM) i7-1165G7 @ 2.80GHz, instruction set [SSE2|AVX|AVX2|AVX512]
Thread count: 4 physical cores, 8 logical processors, using up to 1 threads


Gurobi 11.0.1 (win64) logging started Sun Apr 21 02:56:33 2024

Set parameter LogFile to value "C:\Projetos\Job_Rotation_Algorithms\Outputs\GurobiLogs\gurobi_log-output-55_ton-c48-CostaMirallesModel-NoExtraConstraint-2.log"
Gurobi Optimizer version 11.0.1 build v11.0.1rc0 (win64 - Windows 10.0 (19045.2))

CPU model: 11th Gen Intel(R) Core(TM) i7-1165G7 @ 2.80GHz, instruction set [SSE2|AVX|AVX2|AVX512]
Thread count: 4 physical cores, 8 logical processors, using up to 1 threads


Gurobi 11.0.1 (win64) logging started Tue Apr 23 05:32:37 2024

Set parameter LogFile to value "C:\Projetos\Job_Rotation_Algorithms\Outputs\GurobiLogs\gurobi_log-output-55_ton-c48-CostaMirallesModel-NoExtraConstraint-2.log"
Gurobi Optimizer version 11.0.1 build v11.0.1rc0 (win64 - Windows 10.0 (19045.2))

CPU model: 11th Gen Intel(R) Core(TM) i7-1165G7 @ 2.80GHz, instruction set [SSE2|AVX|AVX2|AVX512]
Thread count: 4 physical cores, 8 logical processors, using up to 1 threads

WLS license 901038 - registered to Bitka Analytics
Optimize a model with 5087 rows, 33340 columns and 788514 nonzeros
Model fingerprint: 0x5232adba
Variable types: 2 continuous, 33338 integer (33338 binary)
Coefficient statistics:
  Matrix range     [1e+00, 2e+02]
  Objective range  [1e+00, 1e+00]
  Bounds range     [1e+00, 1e+02]
  RHS range        [1e+00, 1e+02]
Presolve added 1673 rows and 0 columns
Presolve removed 0 rows and 1344 columns
Presolve time: 4.70s
Presolved: 6760 rows, 31996 columns, 206240 nonzeros
Variable types: 0 continuous, 31996 integer (30515 binary)

Root simplex log...

Iteration    Objective       Primal Inf.    Dual Inf.      Time
       0    9.0000000e+02   1.320625e+03   0.000000e+00      5s
    7175    1.4000000e+02   0.000000e+00   0.000000e+00      6s

Root relaxation: objective 1.400000e+02, 7175 iterations, 1.20 seconds (1.68 work units)

    Nodes    |    Current Node    |     Objective Bounds      |     Work
 Expl Unexpl |  Obj  Depth IntInf | Incumbent    BestBd   Gap | It/Node Time

     0     0  140.00000    0  162          -  140.00000      -     -    7s
     0     0  140.00000    0  159          -  140.00000      -     -    7s
     0     0  140.00000    0  159          -  140.00000      -     -    7s
     0     0  140.00000    0  242          -  140.00000      -     -   19s
     0     0  140.00000    0 1166          -  140.00000      -     -   22s
     0     0  140.00000    0 1142          -  140.00000      -     -   23s
     0     0  140.00000    0  222          -  140.00000      -     -   28s
     0     0  140.00000    0  335          -  140.00000      -     -   28s
     0     0  140.00000    0  317          -  140.00000      -     -   31s
     0     0  140.00000    0  471          -  140.00000      -     -   31s
     0     0  140.00000    0  293          -  140.00000      -     -   34s
     0     0  140.00000    0  403          -  140.00000      -     -   34s
     0     0  140.00000    0  295          -  140.00000      -     -   37s
     0     0  140.00000    0  288          -  140.00000      -     -   38s
     0     2  140.00000    0  233          -  140.00000      -     -   44s
    12    14  140.00000    7  659          -  140.00000      -   510   45s
   135   135  140.00000   82  422          -  140.00000      -   145   50s
   255   209  140.00000   70  584          -  140.00000      -   144   55s
   329   271  140.00000   74  578          -  140.00000      -   161   60s
   419   336  140.00000   89  881          -  140.00000      -   186   65s
   500   363  140.00000   40  356          -  140.00000      -   217   70s
   605   454  140.00000   48  159          -  140.00000      -   205   84s
   607   455  140.00000   82  216          -  140.00000      -   204   88s
   608   456  140.00000  107 1156          -  140.00000      -   204   90s
   610   457  140.00000   74  254          -  140.00000      -   203   99s
   611   458  140.00000   84  650          -  140.00000      -   203  101s
   612   459  140.00000   64  254          -  140.00000      -   202  107s
   614   460  140.00000   78  265          -  140.00000      -   202  115s
   619   464  140.00000   89  201          -  140.00000      -   371  121s
   624   469  140.00000  123  182          -  140.00000      -   409  127s
   626   471  140.00000   31 1183          -  140.00000      -   408  131s
   627   471  140.00000   56  231          -  140.00000      -   407  139s
   628   472  140.00000   89 1264          -  140.00000      -   407  140s
   632   476  140.00000   79  214          -  140.00000      -   505  146s
   637   481  140.00000  115  227          -  140.00000      -   548  154s
   638   482  140.00000   29 1239          -  140.00000      -   547  156s
   643   486  140.00000   70  180          -  140.00000      -   592  163s
   644   487  140.00000   77 1089          -  140.00000      -   591  165s
   646   488  140.00000   82  262          -  140.00000      -   589  173s
   648   490  140.00000  109  276          -  140.00000      -   587  180s
   653   494  140.00000   88  205          -  140.00000      -   712  188s
   654   495  140.00000   82 1094          -  140.00000      -   711  191s
   656   496  140.00000   72  284          -  140.00000      -   709  199s
   657   497  140.00000   95  728          -  140.00000      -   708  201s
   658   498  140.00000  120  288          -  140.00000      -   707  206s
   660   499  140.00000   69  320          -  140.00000      -   705  213s
   662   500  140.00000   55  284          -  140.00000      -   703  221s
   664   502  140.00000   68  274          -  140.00000      -   701  230s
   666   503  140.00000   65  327          -  140.00000      -   698  238s
   668   504  140.00000   79  286          -  140.00000      -   696  243s
   675   511  140.00000   89  317          -  140.00000      -  1104  245s
   696   525  140.00000   99  326          -  140.00000      -  1077  258s
   716   538  140.00000  109  317          -  140.00000      -  1051  260s
   757   558 infeasible  128               -  140.00000      -  1009  265s
   765   561  140.00000  115  427          -  140.00000      -  1002  270s
   769   564  140.00000  117 1043          -  140.00000      -   999  275s
   776   568  140.00000  121  546          -  140.00000      -   992  280s
   781   572  140.00000  123  529          -  140.00000      -   987  285s
   788   576  140.00000  127  466          -  140.00000      -   990  290s
   797   578  140.00000  131  586          -  140.00000      -   982  296s
   805   574  140.00000  113  279          -  140.00000      -   976  300s
   853   606  140.00000  137  453          -  140.00000      -   930  305s
   926   652  140.00000  174  626          -  140.00000      -   874  310s
  1013   665 infeasible  174               -  140.00000      -   809  315s
  1064   692  139.00000  174  473          -  140.00000      -   782  320s
  1106   705  140.00000  173  352          -  140.00000      -   766  325s
  1164   722  140.00000  172  481          -  140.00000      -   736  330s
  1214   730  140.00000  169  188          -  140.00000      -   719  335s
  1309   759 infeasible  180               -  140.00000      -   675  340s
  1409   775  140.00000  179  292          -  140.00000      -   635  345s
  1510   781  140.00000  179  802          -  140.00000      -   598  350s
  1544   785  140.00000  181  331          -  140.00000      -   595  355s
  1612   787 infeasible  179               -  140.00000      -   576  360s
  1704   802  140.00000  178  538          -  140.00000      -   550  365s
  1777   796  138.65217  188  389          -  140.00000      -   532  370s
  1871   838  140.00000  170  598          -  140.00000      -   510  375s
  1899   834  140.00000  150  432          -  140.00000      -   511  380s
  1992   849  139.00000  160  394          -  140.00000      -   492  385s
  2082   853  140.00000  167  954          -  140.00000      -   476  390s
  2163   854  140.00000  171  393          -  140.00000      -   463  395s
  2207   864 infeasible  167               -  140.00000      -   462  400s
  2245   886 infeasible  175               -  140.00000      -   463  405s
  2321   891 infeasible  163               -  140.00000      -   451  410s
  2361   902  140.00000  177  376          -  140.00000      -   446  418s
  2364   903  140.00000  163  440          -  140.00000      -   446  420s
  2418   934 infeasible  155               -  140.00000      -   439  425s
  2536   969  140.00000  167  423          -  140.00000      -   423  430s
  2658  1011 infeasible  199               -  140.00000      -   407  435s
  2733  1044  140.00000  149  745          -  140.00000      -   401  440s
  2765  1057  140.00000  155  201          -  140.00000      -   403  445s
  2865  1089  140.00000  154  265          -  140.00000      -   393  450s
  2991  1116  140.00000  172  415          -  140.00000      -   379  455s
  3117  1169 infeasible  170               -  140.00000      -   368  460s
  3221  1203 infeasible  187               -  140.00000      -   360  465s
  3357  1224  140.00000  173  767          -  140.00000      -   348  470s
  3420  1250 infeasible  185               -  140.00000      -   348  475s
  3502  1262  140.00000  108  274          -  140.00000      -   343  480s
  3616  1334 infeasible  143               -  140.00000      -   334  485s
  3718  1356  139.00000  178  523          -  140.00000      -   330  490s
  3789  1373 infeasible  189               -  140.00000      -   329  495s
  3897  1418  140.00000  127  407          -  140.00000      -   323  500s
  4004  1487  140.00000  157  565          -  140.00000      -   317  505s
  4138  1557  140.00000  124  431          -  140.00000      -   311  510s
  4254  1616  140.00000  135  191          -  140.00000      -   306  515s
  4278  1631  140.00000  132  467          -  140.00000      -   304  536s
  4297  1636  140.00000  137  335          -  140.00000      -   303  540s
  4318  1631 infeasible  131               -  140.00000      -   303  545s
  4369  1657  140.00000  144  329          -  140.00000      -   301  550s
  4544  1771  140.00000  156  245          -  140.00000      -   292  555s
  4672  1839  140.00000  151  493          -  140.00000      -   288  560s
  4857  1931  140.00000  132  319          -  140.00000      -   280  565s
  5020  2002 infeasible  162               -  140.00000      -   274  570s
  5101  2046  140.00000  156  346          -  140.00000      -   271  576s
  5218  2113  140.00000  147  348          -  140.00000      -   267  580s
  5387  2220  140.00000  140  638          -  140.00000      -   262  585s
  5523  2298  140.00000  158  431          -  140.00000      -   259  590s
  5687  2406 infeasible  161               -  140.00000      -   254  595s
  5883  2493 infeasible  149               -  140.00000      -   249  600s
  6028  2550  140.00000  135  415          -  140.00000      -   245  605s
  6160  2639  140.00000  148  417          -  140.00000      -   244  610s
  6344  2679  140.00000  147  330          -  140.00000      -   239  615s
  6571  2820  140.00000  134  440          -  140.00000      -   234  620s
  6699  2916  140.00000  123  561          -  140.00000      -   232  625s
  6892  3001 infeasible  153               -  140.00000      -   228  630s
  7025  3046  140.00000  151  278          -  140.00000      -   226  635s
  7188  3110 infeasible  165               -  140.00000      -   224  640s
  7347  3201  140.00000  131  324          -  140.00000      -   221  645s
  7485  3273 infeasible  150               -  140.00000      -   220  650s
  7633  3367 infeasible  155               -  140.00000      -   218  655s
  7747  3441  140.00000  148  372          -  140.00000      -   217  660s
  7917  3538  140.00000  147  280          -  140.00000      -   215  665s
  8102  3640  140.00000  139  400          -  140.00000      -   212  670s
  8296  3731  140.00000  143  480          -  140.00000      -   209  675s
  8508  3843  140.00000  165  457          -  140.00000      -   206  680s
  8684  3894  140.00000  151  403          -  140.00000      -   204  685s
  8903  3971  140.00000  140  519          -  140.00000      -   202  690s
  9076  3996  140.00000  145  331          -  140.00000      -   200  695s
  9250  4070  140.00000  131  247          -  140.00000      -   198  700s
  9448  4183  140.00000  123  374          -  140.00000      -   195  705s
  9588  4274  140.00000  125  270          -  140.00000      -   195  710s
  9773  4385  140.00000  136  272          -  140.00000      -   193  715s
  9943  4492  140.00000  158  854          -  140.00000      -   192  720s
 10140  4593  140.00000  144  511          -  140.00000      -   189  725s
 10202  4636  140.00000  149  483          -  140.00000      -   189  883s
 10253  4666  140.00000  156  767          -  140.00000      -   188  885s
 10455  4777  140.00000  136  452          -  140.00000      -   186  890s
 10533  4830  140.00000  156  154          -  140.00000      -   187  895s
 10676  4932  140.00000  172  402          -  140.00000      -   186  900s
 10810  5001  140.00000  178  650          -  140.00000      -   185  905s
 10914  5026 infeasible  182               -  140.00000      -   184  910s
 10994  5045  140.00000  158  642          -  140.00000      -   185  915s
 11156  5109  140.00000  158  409          -  140.00000      -   184  920s
 11391  5191 infeasible  164               -  140.00000      -   182  925s
 11555  5246 infeasible  145               -  140.00000      -   181  930s
 11704  5315  140.00000  145  480          -  140.00000      -   180  935s
 11885  5420  140.00000  167  544          -  140.00000      -   180  940s
 12170  5503 infeasible  161               -  140.00000      -   177  945s
 12404  5543  140.00000  149  809          -  140.00000      -   175  950s
 12587  5633  140.00000  135  298          -  140.00000      -   173  955s
 12823  5776 infeasible  154               -  140.00000      -   172  960s
 13021  5856  140.00000  137  250          -  140.00000      -   171  965s
 13212  5943  140.00000  181  225          -  140.00000      -   170  970s
 13361  5987  140.00000  176  175          -  140.00000      -   169  975s
 13487  6040  140.00000  162  204          -  140.00000      -   169  980s
 13613  6131  140.00000  213  485          -  140.00000      -   169  985s
 13710  6160  140.00000  182  286          -  140.00000      -   169  990s
 13795  6178 infeasible  165               -  140.00000      -   169  995s
 13837  6204  140.00000  163  576          -  140.00000      -   170 1000s
 14003  6290  140.00000  192  415          -  140.00000      -   169 1005s
 14174  6370  140.00000  159  705          -  140.00000      -   168 1010s
 14283  6375  140.00000  161  436          -  140.00000      -   168 1015s
 14499  6447  140.00000  155  243          -  140.00000      -   167 1020s
 14642  6497  140.00000  174  344          -  140.00000      -   166 1025s
 14839  6559  140.00000  102  814          -  140.00000      -   165 1030s
 14898  6601 infeasible  145               -  140.00000      -   166 1035s
 15002  6690  140.00000  168  810          -  140.00000      -   166 1040s
 15131  6759  140.00000  178  434          -  140.00000      -   165 1045s
 15232  6829  140.00000  163  713          -  140.00000      -   165 1050s
 15303  6888  140.00000  164  238          -  140.00000      -   165 1057s
 15385  6936  140.00000  129  441          -  140.00000      -   165 1060s
 15556  7075  140.00000  184  536          -  140.00000      -   164 1065s
 15651  7147  140.00000  189  526          -  140.00000      -   164 1070s
 15724  7187  140.00000  187  612          -  140.00000      -   164 1075s
 15825  7217  140.00000  175  351          -  140.00000      -   164 1080s
 15989  7317  140.00000  159  665          -  140.00000      -   163 1085s
 16198  7423  140.00000  183  428          -  140.00000      -   162 1090s
 16343  7498  140.00000  155  271          -  140.00000      -   162 1095s
 16546  7564 infeasible  175               -  140.00000      -   161 1100s
 16740  7638  140.00000  178  468          -  140.00000      -   160 1105s
 16922  7706 infeasible  182               -  140.00000      -   160 1110s
 17020  7772 infeasible  178               -  140.00000      -   160 1115s
 17143  7836  140.00000  169  477          -  140.00000      -   160 1145s
 17166  7845  140.00000  168  283          -  140.00000      -   160 1150s
 17185  7852  140.00000  172  332          -  140.00000      -   160 1155s
 17211  7858  140.00000  164  396          -  140.00000      -   160 1160s
 17334  7923  140.00000  179  567          -  140.00000      -   159 1165s
 17568  8039  140.00000  182  517          -  140.00000      -   158 1170s
 17776  8153 infeasible  186               -  140.00000      -   157 1175s
 17963  8248 infeasible  176               -  140.00000      -   157 1180s
 18231  8361  140.00000  169  395          -  140.00000      -   156 1185s
 18459  8462 infeasible  155               -  140.00000      -   155 1190s
 18631  8557  139.00000  185  366          -  140.00000      -   154 1195s
 18835  8649 infeasible  190               -  140.00000      -   154 1200s
 19019  8697  140.00000  170  501          -  140.00000      -   153 1205s
 19227  8756 infeasible  172               -  140.00000      -   152 1210s
 19418  8845  140.00000  178  449          -  140.00000      -   152 1215s
 19651  8950  140.00000  184  493          -  140.00000      -   151 1220s
 19928  9107  140.00000  200  323          -  140.00000      -   149 1225s
 20148  9204  140.00000  161  351          -  140.00000      -   149 1230s
 20323  9287  140.00000  165  526          -  140.00000      -   148 1235s
 20404  9323 infeasible  178               -  140.00000      -   148 1242s
 20542  9387 infeasible  194               -  140.00000      -   148 1245s
 20712  9478  140.00000  145  211          -  140.00000      -   147 1250s
 20847  9565  140.00000  161  369          -  140.00000      -   147 1255s
 21034  9684  140.00000  152  424          -  140.00000      -   147 1260s
 21207  9762 infeasible  190               -  140.00000      -   147 1265s
 21415  9915  140.00000  166  366          -  140.00000      -   146 1270s
 21570 10019 infeasible  184               -  140.00000      -   146 1275s
 21699 10082  140.00000  183  303          -  140.00000      -   146 1280s
 21907 10175 infeasible  200               -  140.00000      -   145 1285s
 22088 10236 infeasible  178               -  140.00000      -   145 1290s
 22335 10370 infeasible  190               -  140.00000      -   144 1295s
 22574 10451  140.00000  193  157          -  140.00000      -   143 1300s
 22781 10526  140.00000  180  330          -  140.00000      -   142 1305s
 23057 10652  140.00000  166  323          -  140.00000      -   141 1310s
 23319 10787  140.00000  156  265          -  140.00000      -   141 1315s
 23589 10884 infeasible  150               -  140.00000      -   140 1320s
 23910 10972 infeasible  171               -  140.00000      -   138 1325s
 24154 11027  140.00000  155  122          -  140.00000      -   138 1330s
 24344 11150  140.00000  157  564          -  140.00000      -   137 1335s
 24575 11289  140.00000  159  377          -  140.00000      -   137 1340s
 24765 11401 infeasible  181               -  140.00000      -   136 1345s
 24935 11482  140.00000  179  550          -  140.00000      -   136 1350s
 25174 11619  140.00000  194  706          -  140.00000      -   136 1355s
 25434 11734 infeasible  181               -  140.00000      -   135 1360s
 25514 11792  140.00000  199  342          -  140.00000      -   135 1365s
 25763 11919  140.00000  187  299          -  140.00000      -   134 1370s
 26013 12040  140.00000  187  323          -  140.00000      -   134 1375s
 26266 12168  138.00000  192  396          -  140.00000      -   133 1380s
 26453 12245 infeasible  198               -  140.00000      -   133 1385s
 26694 12362  140.00000  184  550          -  140.00000      -   132 1390s
 26930 12460  140.00000  173  529          -  140.00000      -   132 1395s
 27192 12586  140.00000  185  228          -  140.00000      -   131 1400s
 27486 12730  140.00000  181  409          -  140.00000      -   131 1405s
 27778 12845 infeasible  191               -  140.00000      -   130 1410s
 28044 12974  140.00000  200  179          -  140.00000      -   130 1415s
 28341 13069 infeasible  183               -  140.00000      -   129 1420s
 28611 13187  140.00000  182  471          -  140.00000      -   129 1425s
 28953 13284  140.00000  187  186          -  140.00000      -   128 1430s
 29423 13431  140.00000  190  376          -  140.00000      -   126 1435s
 29716 13560 infeasible  179               -  140.00000      -   126 1440s
 29990 13636  140.00000  188  460          -  140.00000      -   125 1445s
 30206 13713  140.00000  187  402          -  140.00000      -   125 1450s
 30463 13815  140.00000  155  376          -  140.00000      -   125 1455s
 30606 13884  140.00000  161  492          -  140.00000      -   125 1463s
 30681 13919 infeasible  175               -  140.00000      -   125 1465s
 30915 14037  140.00000  172  509          -  140.00000      -   124 1470s
 31041 14109  140.00000  159  465          -  140.00000      -   125 1475s
 31218 14184  140.00000  159  726          -  140.00000      -   124 1480s
 31355 14259 infeasible  175               -  140.00000      -   125 1485s
 31453 14311  140.00000  186  547          -  140.00000      -   125 1490s
 31636 14401 infeasible  176               -  140.00000      -   125 1495s
 31773 14469  140.00000  146  576          -  140.00000      -   125 1500s
 31874 14531  140.00000  193  338          -  140.00000      -   125 1505s
 31995 14614  140.00000  155  446          -  140.00000      -   125 1510s
 32067 14670  140.00000  154  459          -  140.00000      -   126 1515s
 32187 14742  140.00000  153  548          -  140.00000      -   126 1520s
 32237 14776 infeasible  165               -  140.00000      -   126 1525s
 32319 14812 infeasible  175               -  140.00000      -   127 1530s
 32518 14922  140.00000  185  504          -  140.00000      -   126 1535s
 32785 15044 infeasible  175               -  140.00000      -   126 1540s
 33029 15145  140.00000  190  449          -  140.00000      -   126 1545s
 33311 15226  139.00000  189  314          -  140.00000      -   125 1550s
 33593 15336 infeasible  199               -  140.00000      -   125 1555s
 33880 15402  140.00000  161  490          -  140.00000      -   124 1560s
 34129 15514 infeasible  189               -  140.00000      -   124 1565s
 34421 15625  140.00000  176  476          -  140.00000      -   124 1570s
 34674 15743 infeasible  183               -  140.00000      -   123 1575s
 34976 15857 infeasible  181               -  140.00000      -   123 1580s
 35225 15972  140.00000  167  512          -  140.00000      -   122 1585s
 35451 16104  140.00000  176  358          -  140.00000      -   122 1590s
 35681 16247  140.00000  192  404          -  140.00000      -   122 1595s
 35721 16265  140.00000  177  329          -  140.00000      -   122 1600s
 35973 16429  140.00000  198  500          -  140.00000      -   122 1605s
 36295 16613 infeasible  218               -  140.00000      -   121 1610s
 36587 16759  138.89333  217  546          -  140.00000      -   121 1615s
 36896 16923 infeasible  204               -  140.00000      -   121 1620s
 37178 17039  140.00000  189  226          -  140.00000      -   120 1625s
 37459 17198 infeasible  190               -  140.00000      -   120 1630s
 37756 17312 infeasible  189               -  140.00000      -   120 1635s
 37955 17369 infeasible  186               -  140.00000      -   120 1640s
 38117 17438  139.00000  179  477          -  140.00000      -   120 1645s
 38358 17567 infeasible  180               -  140.00000      -   119 1650s
 38589 17683  140.00000  192  481          -  140.00000      -   119 1655s
 38676 17712  140.00000  175  443          -  140.00000      -   120 1660s
 38880 17790  139.00000  182  591          -  140.00000      -   120 1665s
 39070 17835  140.00000  181  668          -  140.00000      -   120 1670s
 39385 17973  140.00000  182  315          -  140.00000      -   119 1675s
 39482 18028  140.00000  207  290          -  140.00000      -   119 1691s
 39501 18031 infeasible  173               -  140.00000      -   119 1695s
 39521 18033  140.00000  170  287          -  140.00000      -   119 1700s
 39717 18106  140.00000  166  478          -  140.00000      -   119 1705s
 39964 18208  140.00000  180  476          -  140.00000      -   119 1710s
 40186 18282 infeasible  184               -  140.00000      -   119 1715s
 40443 18419  140.00000  187  928          -  140.00000      -   119 1720s
 40701 18521  140.00000  175  390          -  140.00000      -   118 1725s
 40808 18556  140.00000  173  537          -  140.00000      -   118 1730s
 41016 18636 infeasible  195               -  140.00000      -   118 1735s
 41228 18731  140.00000  191  409          -  140.00000      -   118 1740s
 41452 18805  140.00000  170  305          -  140.00000      -   118 1745s
 41722 18945 infeasible  233               -  140.00000      -   118 1750s
 42026 19113 infeasible  192               -  140.00000      -   117 1755s
 42273 19268 infeasible  191               -  140.00000      -   117 1760s
 42525 19354  140.00000  174  396          -  140.00000      -   117 1765s
 42786 19497  140.00000  155  380          -  140.00000      -   116 1770s
 42952 19589  140.00000  154  301          -  140.00000      -   116 1775s
 43167 19705  140.00000  178  508          -  140.00000      -   116 1780s
 43322 19771  140.00000  153  477          -  140.00000      -   116 1785s
 43552 19874  140.00000  153  181          -  140.00000      -   116 1790s
 43736 19977 infeasible  171               -  140.00000      -   116 1795s
 43947 20098  140.00000  194  362          -  140.00000      -   116 1800s
 44245 20167 infeasible  192               -  140.00000      -   116 1805s
 44517 20248  140.00000  166  553          -  140.00000      -   115 1810s
 44700 20343 infeasible  196               -  140.00000      -   115 1815s
 44950 20469  140.00000  185  286          -  140.00000      -   115 1820s
 45228 20606  140.00000  167  428          -  140.00000      -   115 1825s
 45407 20677 infeasible  155               -  140.00000      -   115 1830s
 45615 20757 infeasible  154               -  140.00000      -   115 1835s
 45863 20857  140.00000  180  516          -  140.00000      -   115 1840s
 45909 20884  140.00000  179  450          -  140.00000      -   115 1845s
 46097 20946 infeasible  183               -  140.00000      -   115 1850s
 46285 21028  140.00000  170  504          -  140.00000      -   115 1855s
 46545 21171  140.00000  195  314          -  140.00000      -   114 1860s
 46807 21312 infeasible  200               -  140.00000      -   114 1865s
 47207 21467 infeasible  191               -  140.00000      -   114 1870s
 47541 21525  139.00000  181  226          -  140.00000      -   113 1875s
 47866 21680  140.00000  185  262          -  140.00000      -   113 1880s
 48073 21773 infeasible  185               -  140.00000      -   113 1885s
 48291 21863 infeasible  188               -  140.00000      -   113 1890s
 48492 21956 infeasible  184               -  140.00000      -   113 1895s
 48718 22036 infeasible  195               -  140.00000      -   113 1900s
 48981 22099 infeasible  166               -  140.00000      -   113 1905s
 49159 22172  140.00000  162  491          -  140.00000      -   113 1910s
 49386 22292  140.00000  171  504          -  140.00000      -   112 1915s
 49584 22389 infeasible  188               -  140.00000      -   112 1920s
 49810 22455  140.00000  155  261          -  140.00000      -   112 1925s
 49971 22545 infeasible  157               -  140.00000      -   112 1930s
 50103 22590 infeasible  157               -  140.00000      -   112 1935s
 50292 22642 infeasible  165               -  140.00000      -   112 1940s
 50324 22655 infeasible  163               -  140.00000      -   113 1945s
 50549 22749  140.00000  172  483          -  140.00000      -   113 1950s
 50684 22785 infeasible  173               -  140.00000      -   113 1955s
 50923 22907  140.00000  202  330          -  140.00000      -   112 1960s
 51010 22953  140.00000  200  358          -  140.00000      -   112 1967s
 51183 23005  139.77833  215  274          -  140.00000      -   112 1970s
 51325 23039  140.00000  155  466          -  140.00000      -   112 1975s
 51346 23048 infeasible  166               -  140.00000      -   113 1980s
 51421 23080  140.00000  197  471          -  140.00000      -   113 2002s
 51434 23087 infeasible  176               -  140.00000      -   113 2005s
 51453 23096  140.00000  188  485          -  140.00000      -   113 2010s
 51465 23096  140.00000  190  550          -  140.00000      -   113 2015s
 51684 23218  140.00000  184  310          -  140.00000      -   113 2020s
 51941 23350 infeasible  213               -  140.00000      -   113 2025s
 52171 23499 infeasible  240               -  140.00000      -   112 2030s
 52447 23620 infeasible  215               -  140.00000      -   112 2035s
 52694 23735 infeasible  192               -  140.00000      -   112 2040s
 52928 23838  140.00000  197  479          -  140.00000      -   112 2045s
 53150 23922  140.00000  188  409          -  140.00000      -   112 2050s
 53381 24016 infeasible  209               -  140.00000      -   112 2055s
 53617 24105  140.00000  197  553          -  140.00000      -   111 2060s
 53829 24238 infeasible  229               -  140.00000      -   111 2065s
 53998 24274 infeasible  222               -  140.00000      -   111 2070s
 54231 24332  140.00000  216  379          -  140.00000      -   111 2075s
 54496 24365 infeasible  186               -  140.00000      -   111 2080s
 54703 24448  140.00000  187  407          -  140.00000      -   111 2085s
 54956 24544 infeasible  195               -  140.00000      -   111 2090s
 55124 24627  139.00000  183  643          -  140.00000      -   111 2095s
 55295 24695  140.00000  198  309          -  140.00000      -   111 2100s
 55484 24729  140.00000  195  432          -  140.00000      -   111 2105s
 55621 24772 infeasible  208               -  140.00000      -   111 2110s
 55815 24846  140.00000  165  300          -  140.00000      -   111 2115s
 56064 25003  140.00000  184  460          -  140.00000      -   110 2120s
 56111 25034  140.00000  188  496          -  140.00000      -   110 2126s
 56307 25051  139.00000  166  543          -  140.00000      -   110 2130s
 56524 25135  140.00000  172  178          -  140.00000      -   110 2135s
 56726 25170 infeasible  178               -  140.00000      -   110 2140s
 56879 25251  140.00000  201  461          -  140.00000      -   110 2145s
 57044 25333  140.00000  173  389          -  140.00000      -   110 2150s
 57276 25424  140.00000  164  409          -  140.00000      -   110 2155s
 57541 25523 infeasible  172               -  140.00000      -   110 2160s
 57759 25608  140.00000  199  247          -  140.00000      -   110 2165s
 57968 25703 infeasible  206               -  140.00000      -   109 2170s
 58126 25752 infeasible  172               -  140.00000      -   109 2175s
 58333 25841  140.00000  175  168          -  140.00000      -   109 2180s
 58573 25912  139.00000  187  561          -  140.00000      -   109 2185s
 58731 25954 infeasible  202               -  140.00000      -   109 2190s
 58864 26000  140.00000  170  270          -  140.00000      -   109 2195s
 59095 26095 infeasible  172               -  140.00000      -   109 2200s
 59300 26174 infeasible  185               -  140.00000      -   109 2205s
 59414 26201  140.00000  201  276          -  140.00000      -   109 2210s
 59607 26231 infeasible  198               -  140.00000      -   109 2215s
 59808 26233  140.00000  208  534          -  140.00000      -   109 2220s
 59991 26343  140.00000  208  569          -  140.00000      -   109 2225s
 60152 26393  140.00000  190  336          -  140.00000      -   109 2230s
 60441 26451 infeasible  197               -  140.00000      -   109 2235s
 60616 26539  140.00000  190  552          -  140.00000      -   109 2240s
 60741 26591  140.00000  173  587          -  140.00000      -   109 2245s
 60989 26669 infeasible  186               -  140.00000      -   109 2250s
 61147 26736  140.00000  174  669          -  140.00000      -   109 2255s
 61212 26755  140.00000  182  265          -  140.00000      -   109 2263s
 61291 26796  140.00000  198  275          -  140.00000      -   109 2265s
 61468 26881  140.00000  177  686          -  140.00000      -   109 2270s
 61743 26994 infeasible  186               -  140.00000      -   109 2275s
 62016 27087  140.00000  187  538          -  140.00000      -   109 2280s
 62341 27226 infeasible  182               -  140.00000      -   108 2285s
 62560 27291 infeasible  179               -  140.00000      -   108 2290s
 62704 27397  140.00000  189  534          -  140.00000      -   108 2295s
 62808 27408  140.00000  168  607          -  140.00000      -   108 2300s
 63026 27456 infeasible  174               -  140.00000      -   108 2305s
 63273 27517 infeasible  165               -  140.00000      -   108 2310s
 63456 27589  140.00000  165  185          -  140.00000      -   108 2315s
 63602 27636  140.00000  170  526          -  140.00000      -   108 2320s
 63756 27693  140.00000  154  574          -  140.00000      -   108 2325s
 64048 27864 infeasible  187               -  140.00000      -   108 2330s
 64446 27962 infeasible  208               -  140.00000      -   108 2335s
 64855 28113  140.00000  179  235          -  140.00000      -   107 2340s
 65204 28186 infeasible  186               -  140.00000      -   107 2345s
 65510 28225 infeasible  186               -  140.00000      -   107 2350s
 65785 28298 infeasible  188               -  140.00000      -   106 2355s
 66043 28428  140.00000  164  477          -  140.00000      -   106 2360s
 66295 28504 infeasible  173               -  140.00000      -   106 2365s
 66313 28503 infeasible  172               -  140.00000      -   106 2370s
 66550 28571 infeasible  175               -  140.00000      -   106 2375s
 66735 28641  140.00000  173  605          -  140.00000      -   106 2380s
 66865 28689  140.00000  189  613          -  140.00000      -   106 2385s
 67034 28757 infeasible  185               -  140.00000      -   106 2390s
 67248 28810  140.00000  194  494          -  140.00000      -   106 2395s
 67505 28857 infeasible  204               -  140.00000      -   106 2400s
 67558 28847  140.00000  228  349          -  140.00000      -   106 2427s
 67572 28847  140.00000  188  196          -  140.00000      -   106 2430s
 67596 28861 infeasible  204               -  140.00000      -   106 2435s
 67617 28858  140.00000  188  279          -  140.00000      -   106 2440s
 67674 28883 infeasible  216               -  140.00000      -   106 2445s
 67948 28961 infeasible  214               -  140.00000      -   106 2450s
 68253 29033 infeasible  217               -  140.00000      -   106 2455s
 68512 29078 infeasible  216               -  140.00000      -   105 2460s
 68771 29177  140.00000  197  416          -  140.00000      -   105 2465s
 69014 29261 infeasible  197               -  140.00000      -   105 2470s
 69256 29356  140.00000  195  349          -  140.00000      -   105 2475s
 69422 29413  140.00000  179  404          -  140.00000      -   105 2480s
 69617 29467  140.00000  192  294          -  140.00000      -   105 2485s
 69831 29524  140.00000  191  634          -  140.00000      -   105 2490s
 70038 29586  140.00000  198  466          -  140.00000      -   105 2495s
 70248 29708  140.00000  204  302          -  140.00000      -   105 2500s
 70552 29862  140.00000  195  428          -  140.00000      -   105 2505s
 70819 29990  140.00000  167  637          -  140.00000      -   105 2510s
 71082 30118  140.00000  190  686          -  140.00000      -   105 2515s
 71360 30263 infeasible  182               -  140.00000      -   105 2520s
 71414 30298  140.00000  206  371          -  140.00000      -   105 2525s
 71594 30347  139.93617  191  459          -  140.00000      -   105 2530s
 71949 30483 infeasible  196               -  140.00000      -   104 2535s
 72172 30545 infeasible  185               -  140.00000      -   104 2540s
 72341 30607 infeasible  193               -  140.00000      -   104 2545s
 72509 30683 infeasible  196               -  140.00000      -   104 2550s
 72749 30757  140.00000  181  298          -  140.00000      -   104 2555s
 73029 30845  140.00000  180  349          -  140.00000      -   104 2560s
 73352 30986 infeasible  190               -  140.00000      -   104 2565s
 73525 31052  140.00000  172  493          -  140.00000      -   104 2570s
 73794 31163 infeasible  185               -  140.00000      -   104 2575s
 73927 31217  140.00000  185  391          -  140.00000      -   104 2580s
 74127 31315 infeasible  198               -  140.00000      -   104 2585s
 74344 31381  139.00000  200  295          -  140.00000      -   104 2590s
 74635 31479 infeasible  183               -  140.00000      -   104 2595s
 74929 31571  140.00000  174  527          -  140.00000      -   104 2600s
 75151 31656 infeasible  194               -  140.00000      -   104 2605s
 75460 31727  138.00000  175  333          -  140.00000      -   104 2610s
 75551 31757  140.00000  155  339          -  140.00000      -   104 2615s
 75650 31803  140.00000  191  402          -  140.00000      -   104 2620s
 75917 31945  140.00000  155  326          -  140.00000      -   104 2625s
 76210 32081  140.00000  188  431          -  140.00000      -   104 2630s
 76506 32179  140.00000  170  279          -  140.00000      -   104 2635s
 76517 32190  140.00000  180  452          -  140.00000      -   104 2640s
 76736 32264 infeasible  165               -  140.00000      -   104 2645s
 76865 32300 infeasible  198               -  140.00000      -   104 2650s
 77107 32413  140.00000  208  283          -  140.00000      -   104 2655s
 77455 32539 infeasible  195               -  140.00000      -   103 2660s
 77725 32611 infeasible  177               -  140.00000      -   103 2665s
 77822 32644 infeasible  191               -  140.00000      -   103 2670s
 77990 32715 infeasible  180               -  140.00000      -   103 2675s
 78188 32768  140.00000  155  431          -  140.00000      -   103 2680s
 78285 32812 infeasible  185               -  140.00000      -   104 2685s
 78395 32862 infeasible  175               -  140.00000      -   104 2690s
 78566 32922  139.00000  171  357          -  140.00000      -   104 2695s
 78773 32981  140.00000  172  196          -  140.00000      -   104 2700s
 79073 33128  138.00000  191  350          -  140.00000      -   104 2705s
 79327 33210  140.00000  182  404          -  140.00000      -   103 2710s
 79604 33295 infeasible  182               -  140.00000      -   103 2715s
 79790 33371 infeasible  171               -  140.00000      -   103 2720s
 79914 33404 infeasible  169               -  140.00000      -   103 2725s
 80143 33461  140.00000  199  719          -  140.00000      -   103 2730s
 80292 33511 infeasible  205               -  140.00000      -   104 2735s
 80435 33548  139.00000  165  439          -  140.00000      -   104 2740s
 80586 33603 infeasible  195               -  140.00000      -   104 2745s
 80727 33639 infeasible  202               -  140.00000      -   104 2750s
 80970 33691  140.00000  189  377          -  140.00000      -   104 2755s
 81152 33731  140.00000  203  523          -  140.00000      -   104 2760s
 81406 33829  140.00000  209  217          -  140.00000      -   104 2765s
 81616 33947  140.00000  208  368          -  140.00000      -   104 2774s
 81627 33950 infeasible  214               -  140.00000      -   104 2775s
 81822 33992 infeasible  194               -  140.00000      -   104 2780s
 82035 34050 infeasible  177               -  140.00000      -   104 2785s
 82210 34090  140.00000  207  275          -  140.00000      -   104 2790s
 82322 34100  140.00000  162  461          -  140.00000      -   104 2795s
 82566 34188 infeasible  199               -  140.00000      -   104 2800s
 82839 34257 infeasible  191               -  140.00000      -   104 2805s
 83023 34365  140.00000  183  653          -  140.00000      -   104 2810s
 83066 34367  140.00000  176  266          -  140.00000      -   104 2815s
 83361 34480 infeasible  189               -  140.00000      -   104 2820s
 83594 34578 infeasible  185               -  140.00000      -   104 2825s
 83791 34667 infeasible  209               -  140.00000      -   104 2830s
 83971 34745  140.00000  174  493          -  140.00000      -   104 2835s
 84135 34822  139.00000  185  356          -  140.00000      -   104 2840s
 84257 34885  140.00000  181  550          -  140.00000      -   104 2845s
 84466 34984 infeasible  183               -  140.00000      -   104 2850s
 84627 35008  140.00000  173  281          -  140.00000      -   104 2855s
 84818 35085 infeasible  197               -  140.00000      -   104 2860s
 85085 35220  140.00000  189  477          -  140.00000      -   104 2865s
 85337 35312  140.00000  186  344          -  140.00000      -   104 2870s
 85614 35385 infeasible  165               -  140.00000      -   104 2875s
 85670 35397  140.00000  184  433          -  140.00000      -   104 2880s
 85844 35461  140.00000  187  387          -  140.00000      -   104 2885s
 86128 35562 infeasible  198               -  140.00000      -   104 2890s
 86306 35649  139.00000  175  442          -  140.00000      -   104 2895s
 86620 35806 infeasible  191               -  140.00000      -   104 2900s
 86717 35832  140.00000  206  290          -  140.00000      -   104 2907s
 86877 35907 infeasible  199               -  140.00000      -   104 2910s
 87091 35963 infeasible  187               -  140.00000      -   104 2915s
 87333 35994 infeasible  155               -  140.00000      -   104 2921s
 87345 35994 infeasible  155               -  140.00000      -   104 2925s
 87500 36094  140.00000  175  454          -  140.00000      -   104 2930s
 87641 36163  140.00000  163  350          -  140.00000      -   104 2935s
 87782 36219  140.00000  162  464          -  140.00000      -   104 2940s
 87945 36295  137.00000  165  327          -  140.00000      -   104 2945s
 88099 36349 infeasible  180               -  140.00000      -   104 2950s
 88356 36473  140.00000  161  314          -  140.00000      -   104 2955s
 88549 36584  140.00000  187  555          -  140.00000      -   104 2960s
 88785 36690  140.00000  161  585          -  140.00000      -   104 2965s
 89003 36788  140.00000  166  511          -  140.00000      -   104 2970s
 89198 36883  140.00000  164  608          -  140.00000      -   104 2975s
 89236 36881  140.00000  164  683          -  140.00000      -   104 2993s
 89245 36878 infeasible  177               -  140.00000      -   104 2996s
 89256 36881  140.00000  183  385          -  140.00000      -   104 3000s
 89275 36872  140.00000  179  352          -  140.00000      -   104 3005s
 89287 36878 infeasible  155               -  140.00000      -   104 3010s
 89295 36883  140.00000  155  580          -  140.00000      -   104 3015s
 89471 36934  140.00000  165  389          -  140.00000      -   104 3020s
 89712 37086  140.00000  212  294          -  140.00000      -   104 3025s
 89970 37221 infeasible  188               -  140.00000      -   104 3030s
 90073 37256  140.00000  172  514          -  140.00000      -   104 3035s
 90355 37449  140.00000  164  356          -  140.00000      -   104 3040s
 90582 37581 infeasible  192               -  140.00000      -   104 3045s
 90791 37697 infeasible  202               -  140.00000      -   104 3050s
 90932 37746  140.00000  175  314          -  140.00000      -   104 3055s
 91237 37903  140.00000  217  210          -  140.00000      -   104 3060s
 91684 38074  140.00000  224  257          -  140.00000      -   104 3065s
 91818 38123  140.00000  231  332          -  140.00000      -   104 3071s
 92086 38201 infeasible  239               -  140.00000      -   103 3075s
 92449 38306  140.00000  179  294          -  140.00000      -   103 3080s
 92731 38373  140.00000  172  295          -  140.00000      -   103 3085s
 92931 38440 infeasible  176               -  140.00000      -   103 3090s
 93151 38485 infeasible  186               -  140.00000      -   103 3095s
 93327 38533  140.00000  178  568          -  140.00000      -   103 3100s
 93549 38609 infeasible  209               -  140.00000      -   103 3105s
 93822 38713 infeasible  193               -  140.00000      -   103 3110s
 93960 38746  140.00000  176  461          -  140.00000      -   103 3115s
 94167 38823  140.00000  177  478          -  140.00000      -   103 3120s
 94390 38967  140.00000  166  542          -  140.00000      -   103 3125s
 94445 38990 infeasible  174               -  140.00000      -   103 3130s
 94566 39046  139.00000  171  618          -  140.00000      -   103 3135s
 94690 39108  139.00000  175  496          -  140.00000      -   103 3140s
 94765 39134  140.00000  171  802          -  140.00000      -   103 3145s
 94800 39149 infeasible  175               -  140.00000      -   104 3150s
 94889 39197  140.00000  160  601          -  140.00000      -   104 3155s
 95049 39288 infeasible  185               -  140.00000      -   104 3160s
 95099 39307  139.00000  186  367          -  140.00000      -   104 3165s
 95218 39367  140.00000  182  334          -  140.00000      -   104 3170s
 95374 39443 infeasible  158               -  140.00000      -   104 3175s
 95438 39464 infeasible  185               -  140.00000      -   104 3180s
 95549 39526  140.00000  165  348          -  140.00000      -   104 3185s
 95628 39558 infeasible  196               -  140.00000      -   104 3190s
 95809 39626  140.00000  176  836          -  140.00000      -   104 3195s
 96014 39712  140.00000  165  361          -  140.00000      -   104 3200s
 96112 39768  140.00000  175  459          -  140.00000      -   104 3205s
 96239 39832  140.00000  175  365          -  140.00000      -   105 3210s
 96343 39869 infeasible  180               -  140.00000      -   105 3215s
 96692 40086  140.00000  181  325          -  140.00000      -   104 3220s
 96908 40201 infeasible  189               -  140.00000      -   104 3225s
 96919 40200  140.00000  176  363          -  140.00000      -   104 3230s
 97016 40246 infeasible  185               -  140.00000      -   105 3235s
 97227 40299 infeasible  183               -  140.00000      -   104 3240s
 97530 40384  139.00000  161  385          -  140.00000      -   104 3245s
 97786 40459 infeasible  184               -  140.00000      -   104 3250s
 98055 40594  140.00000  190  445          -  140.00000      -   104 3255s
 98242 40664 infeasible  192               -  140.00000      -   104 3260s
 98488 40738 infeasible  175               -  140.00000      -   104 3265s
 98735 40833  140.00000  172  443          -  140.00000      -   104 3270s
 98993 40917 infeasible  184               -  140.00000      -   104 3275s
 99178 40997  140.00000  173  345          -  140.00000      -   104 3280s
 99409 41095  140.00000  195  238          -  140.00000      -   104 3285s
 99686 41152  140.00000  169  380          -  140.00000      -   104 3290s
 99936 41238  140.00000  172  573          -  140.00000      -   104 3295s
 100125 41314  140.00000  160  510          -  140.00000      -   104 3300s
 100382 41394 infeasible  196               -  140.00000      -   104 3305s
 100650 41451  140.00000  189  357          -  140.00000      -   104 3310s
 100765 41487  140.00000  179  392          -  140.00000      -   104 3335s
 100780 41502  140.00000  190  376          -  140.00000      -   104 3340s
 100802 41508 infeasible  201               -  140.00000      -   104 3345s
 100833 41511  140.00000  186  266          -  140.00000      -   104 3350s
 101076 41581 infeasible  188               -  140.00000      -   104 3355s
 101341 41653 infeasible  195               -  140.00000      -   103 3360s
 101649 41727 infeasible  223               -  140.00000      -   103 3365s
 101968 41765 infeasible  212               -  140.00000      -   103 3370s
 102020 41778  140.00000  209  332          -  140.00000      -   103 3375s
 102301 41839  140.00000  179  296          -  140.00000      -   103 3380s
 102472 41889  140.00000  171  604          -  140.00000      -   103 3385s
 102711 41989  140.00000  208  539          -  140.00000      -   103 3390s
 102960 42037  140.00000  174  603          -  140.00000      -   103 3395s
 103145 42105  140.00000  155  404          -  140.00000      -   103 3400s
 103331 42223  140.00000  173  585          -  140.00000      -   103 3405s
 103517 42320  140.00000  165  517          -  140.00000      -   103 3410s
 103825 42415  140.00000  196  610          -  140.00000      -   103 3415s
 103982 42487 infeasible  184               -  140.00000      -   103 3420s
 104144 42551  140.00000  166  723          -  140.00000      -   103 3425s
 104334 42631  140.00000  159  752          -  140.00000      -   103 3430s
 104483 42687  140.00000  154  806          -  140.00000      -   103 3435s
 104711 42790  140.00000  170  488          -  140.00000      -   103 3440s
 104966 42897 infeasible  188               -  140.00000      -   103 3445s
 105153 42961  140.00000  185  348          -  140.00000      -   103 3450s
 105394 43088 infeasible  194               -  140.00000      -   103 3455s
 105627 43199  139.37778  217  563          -  140.00000      -   103 3460s
 105875 43290  140.00000  202  352          -  140.00000      -   103 3465s
 106115 43361 infeasible  207               -  140.00000      -   102 3470s
 106387 43449  140.00000  187  332          -  140.00000      -   102 3475s
 106637 43523  140.00000  180  304          -  140.00000      -   102 3480s
 106736 43532  140.00000  194  421          -  140.00000      -   102 3485s
 106996 43614 infeasible  191               -  140.00000      -   102 3490s
 107121 43664  139.95908  184  559          -  140.00000      -   102 3498s
 107172 43666 infeasible  186               -  140.00000      -   102 3500s
 107311 43703  140.00000  155  475          -  140.00000      -   102 3505s
 107406 43752 infeasible  175               -  140.00000      -   102 3510s
 107641 43824 infeasible  186               -  140.00000      -   102 3515s
 107932 43903 infeasible  215               -  140.00000      -   102 3520s
 108185 44037  140.00000  186  277          -  140.00000      -   102 3525s
 108514 44141 infeasible  182               -  140.00000      -   102 3530s
 108777 44217 infeasible  177               -  140.00000      -   102 3535s
 109039 44274 infeasible  172               -  140.00000      -   102 3540s
 109305 44329 infeasible  185               -  140.00000      -   102 3545s
 109515 44377  139.88158  179  633          -  140.00000      -   102 3550s
 109785 44494  140.00000  182  690          -  140.00000      -   102 3555s
 110073 44582  140.00000  195  565          -  140.00000      -   102 3560s
 110320 44668  140.00000  171  455          -  140.00000      -   102 3565s
 110609 44810 infeasible  183               -  140.00000      -   102 3570s
 110814 44886  140.00000  179  549          -  140.00000      -   102 3575s
 111046 44998  140.00000  171  832          -  140.00000      -   102 3580s
 111194 45057  140.00000  183  634          -  140.00000      -   102 3585s
 111309 45118  140.00000  177  977          -  140.00000      -   102 3590s
 111528 45196 infeasible  180               -  140.00000      -   102 3595s

Cutting planes:
  Gomory: 9
  Cover: 212
  Implied bound: 22
  Projected implied bound: 1
  Clique: 25
  MIR: 39
  StrongCG: 24
  Flow cover: 147
  GUB cover: 1
  Zero half: 43
  Network: 1
  Relax-and-lift: 25

Explored 111822 nodes (11367317 simplex iterations) in 3600.00 seconds (3308.56 work units)
Thread count was 1 (of 8 available processors)

Solution count 0

Time limit reached
Best objective -, best bound 1.399999999999e+02, gap -
