
Gurobi 11.0.1 (win64) logging started Mon Mar 25 06:45:40 2024

Set parameter LogFile to value "C:\Projetos\Job_Rotation_Algorithms\Outputs\GurobiLogs\gurobi_log-output-54_wee-c12-CostaMirallesModel-NoExtraConstraint-2.log"
Gurobi Optimizer version 11.0.1 build v11.0.1rc0 (win64 - Windows 10.0 (19045.2))

CPU model: 11th Gen Intel(R) Core(TM) i7-1165G7 @ 2.80GHz, instruction set [SSE2|AVX|AVX2|AVX512]
Thread count: 4 physical cores, 8 logical processors, using up to 1 threads

WLS license 901039 - registered to Bitka Analytics
Optimize a model with 5949 rows, 43936 columns and 1110216 nonzeros
Model fingerprint: 0x9da93fdf
Variable types: 2 continuous, 43934 integer (43934 binary)
Coefficient statistics:
  Matrix range     [1e+00, 8e+01]
  Objective range  [1e+00, 1e+00]
  Bounds range     [1e+00, 2e+01]
  RHS range        [1e+00, 2e+01]
Presolve added 1799 rows and 0 columns
Presolve removed 0 rows and 394 columns
Presolve time: 3.94s
Presolved: 7748 rows, 43542 columns, 337669 nonzeros
Variable types: 0 continuous, 43542 integer (42149 binary)

Root simplex log...

Iteration    Objective       Primal Inf.    Dual Inf.      Time
       0    1.0730000e+03   1.381000e+03   0.000000e+00      5s
    7887    1.5000000e+02   0.000000e+00   0.000000e+00      6s

Root relaxation: objective 1.500000e+02, 7887 iterations, 1.02 seconds (1.48 work units)

    Nodes    |    Current Node    |     Objective Bounds      |     Work
 Expl Unexpl |  Obj  Depth IntInf | Incumbent    BestBd   Gap | It/Node Time

     0     0  150.00000    0  195          -  150.00000      -     -    7s
     0     0  150.00000    0  450          -  150.00000      -     -    7s
     0     0  150.00000    0  450          -  150.00000      -     -    9s
     0     0  150.00000    0  197          -  150.00000      -     -   22s
     0     0  150.00000    0  850          -  150.00000      -     -   23s
     0     0  150.00000    0  426          -  150.00000      -     -   23s
     0     0  150.00000    0  420          -  150.00000      -     -   23s
     0     0  150.00000    0  418          -  150.00000      -     -   23s
     0     0  150.00000    0  417          -  150.00000      -     -   23s
     0     0  150.00000    0  419          -  150.00000      -     -   23s
     0     0  150.00000    0  418          -  150.00000      -     -   23s
     0     0  150.00000    0  401          -  150.00000      -     -   23s
     0     0  150.00000    0  401          -  150.00000      -     -   23s
     0     0  150.00000    0  401          -  150.00000      -     -   23s
     0     0  150.00000    0 1326          -  150.00000      -     -   25s
     0     0  150.00000    0  951          -  150.00000      -     -   26s
     0     0  150.00000    0  908          -  150.00000      -     -   26s
     0     0  150.00000    0  908          -  150.00000      -     -   26s
     0     0  150.00000    0  908          -  150.00000      -     -   26s
     0     0  150.00000    0  909          -  150.00000      -     -   26s
     0     0  150.00000    0  889          -  150.00000      -     -   27s
     0     0  150.00000    0  753          -  150.00000      -     -   27s
     0     0  150.00000    0  730          -  150.00000      -     -   27s
     0     0  150.00000    0  731          -  150.00000      -     -   27s
     0     0  150.00000    0  244          -  150.00000      -     -   30s
     0     0  150.00000    0  293          -  150.00000      -     -   30s
     0     0  150.00000    0  286          -  150.00000      -     -   30s
     0     0  150.00000    0  327          -  150.00000      -     -   30s
     0     0  150.00000    0  756          -  150.00000      -     -   31s
     0     0  150.00000    0  423          -  150.00000      -     -   31s
     0     0  150.00000    0  422          -  150.00000      -     -   31s
     0     0  150.00000    0  422          -  150.00000      -     -   31s
     0     0  150.00000    0  211          -  150.00000      -     -   33s
     0     0  150.00000    0 1154          -  150.00000      -     -   35s
     0     0  150.00000    0  695          -  150.00000      -     -   35s
     0     0  150.00000    0  437          -  150.00000      -     -   35s
     0     0  150.00000    0  461          -  150.00000      -     -   35s
     0     0  150.00000    0  415          -  150.00000      -     -   35s
     0     0  150.00000    0  424          -  150.00000      -     -   35s
     0     0  150.00000    0  418          -  150.00000      -     -   35s
     0     0  150.00000    0  414          -  150.00000      -     -   35s
     0     0  150.00000    0  414          -  150.00000      -     -   35s
     0     0  150.00000    0  418          -  150.00000      -     -   35s
     0     0  150.00000    0  519          -  150.00000      -     -   35s
     0     0  150.00000    0  517          -  150.00000      -     -   35s
     0     0  150.00000    0  512          -  150.00000      -     -   36s
     0     0  150.00000    0  510          -  150.00000      -     -   36s
     0     0  150.00000    0  510          -  150.00000      -     -   36s
     0     0  150.00000    0  511          -  150.00000      -     -   36s
     0     0  150.00000    0  247          -  150.00000      -     -   38s
     0     0  150.00000    0 1037          -  150.00000      -     -   39s
     0     0  150.00000    0  555          -  150.00000      -     -   39s
     0     0  150.00000    0  617          -  150.00000      -     -   40s
     0     0  150.00000    0  496          -  150.00000      -     -   40s
     0     0  150.00000    0  496          -  150.00000      -     -   40s
     0     0  150.00000    0  495          -  150.00000      -     -   40s
     0     0  150.00000    0  497          -  150.00000      -     -   40s
     0     0  150.00000    0  248          -  150.00000      -     -   42s
     0     0  150.00000    0  378          -  150.00000      -     -   42s
     0     0  150.00000    0  355          -  150.00000      -     -   42s
     0     0  150.00000    0  355          -  150.00000      -     -   42s
     0     0  150.00000    0 1118          -  150.00000      -     -   44s
     0     0  150.00000    0  946          -  150.00000      -     -   44s
     0     0  150.00000    0  828          -  150.00000      -     -   44s
     0     0  150.00000    0  829          -  150.00000      -     -   44s
     0     0  150.00000    0  821          -  150.00000      -     -   45s
     0     0  150.00000    0  783          -  150.00000      -     -   45s
     0     0  150.00000    0  782          -  150.00000      -     -   45s
     0     0  150.00000    0  245          -  150.00000      -     -   49s
     0     0  150.00000    0  591          -  150.00000      -     -   49s
     0     0  150.00000    0  595          -  150.00000      -     -   49s
     0     0  150.00000    0  593          -  150.00000      -     -   49s
     0     0  150.00000    0  226          -  150.00000      -     -   52s
     0     0  150.00000    0  225          -  150.00000      -     -   52s
     0     0  150.00000    0  630          -  150.00000      -     -   52s
     0     0  150.00000    0  616          -  150.00000      -     -   52s
     0     0  150.00000    0  210          -  150.00000      -     -   53s
     0     0  150.00000    0  962          -  150.00000      -     -   54s
     0     0  150.00000    0  880          -  150.00000      -     -   54s
     0     0  150.00000    0  259          -  150.00000      -     -   58s
     0     0  150.00000    0  585          -  150.00000      -     -   58s
     0     0  150.00000    0  538          -  150.00000      -     -   58s
     0     0  150.00000    0  277          -  150.00000      -     -   61s
     0     0  150.00000    0  700          -  150.00000      -     -   61s
     0     0  150.00000    0  635          -  150.00000      -     -   61s
     0     0  150.00000    0  228          -  150.00000      -     -   61s
     0     2  150.00000    0  214          -  150.00000      -     -   66s
   169   169  150.00000  114  642          -  150.00000      -  76.4   70s
   261   244  150.00000   32  383          -  150.00000      -   138   75s
   404   368  150.00000  130  178          -  150.00000      -   144   80s
   470   405  150.00000   31  402          -  150.00000      -   192   85s
   552   485  150.00000   30  450          -  150.00000      -   188  113s
   554   486  150.00000   72  245          -  150.00000      -   187  118s
   555   487  150.00000   69 1034          -  150.00000      -   187  120s
   557   488  150.00000   82  282          -  150.00000      -   186  126s
   559   490  150.00000   50  260          -  150.00000      -   185  132s
   561   491  150.00000  123  251          -  150.00000      -   185  138s
   563   492  150.00000   29  321          -  150.00000      -   184  144s
   564   493  150.00000  128  321          -  150.00000      -   184  148s
   565   494  150.00000   44  321          -  150.00000      -   183  151s
   571   500  150.00000   16  573          -  150.00000      -   918  162s
   613   528  150.00000   37  482          -  150.00000      -   868  165s
   697   583  150.00000   79  655          -  150.00000      -   783  170s
   750   607  150.00000  109  889          -  150.00000      -   765  175s
   787   576  150.00000   54  377          -  150.00000      -   743  180s
   794   580  150.00000   57  579          -  150.00000      -   738  185s
   804   587  150.00000   64  340          -  150.00000      -   731  190s
   817   596  150.00000   70  377          -  150.00000      -   721  195s
   825   601  150.00000   72  559          -  150.00000      -   715  200s
   834   607  150.00000   76  494          -  150.00000      -   710  205s
   869   618 infeasible   89               -  150.00000      -   690  210s
   901   619  150.00000   36  528          -  150.00000      -   675  215s
   975   665  150.00000   75  376          -  150.00000      -   633  220s
  1050   705  150.00000  106  420          -  150.00000      -   595  225s
  1100   736  150.00000  128  388          -  150.00000      -   578  230s
  1116   747  150.00000  134  680          -  150.00000      -   582  235s
  1145   741 infeasible  141               -  150.00000      -   572  240s
  1179   731 infeasible  138               -  150.00000      -   561  245s
  1228   762  150.00000   43  267          -  150.00000      -   552  251s
  1260   782  150.00000   58  681          -  150.00000      -   544  255s
  1292   801  150.00000   73  291          -  150.00000      -   545  260s
  1350   818 infeasible  106               -  150.00000      -   526  265s
  1406   836  150.00000   66  477          -  150.00000      -   509  270s
  1495   881  150.00000  107  438          -  150.00000      -   485  275s
  1551   896  150.00000  128  734          -  150.00000      -   473  280s
  1573   893 infeasible  136               -  150.00000      -   471  285s
  1600   885  150.00000  132  909          -  150.00000      -   468  290s
  1627   880 infeasible  143               -  150.00000      -   469  295s
  1644   869  150.00000  133  270          -  150.00000      -   473  300s
  1675   872  150.00000  136  475          -  150.00000      -   471  305s
  1710   852 infeasible  134               -  150.00000      -   467  310s
  1739   833 infeasible  138               -  150.00000      -   466  315s
  1779   820 infeasible  134               -  150.00000      -   461  320s
  1807   829  150.00000  115  398          -  150.00000      -   466  325s
  1852   815  150.00000  125  458          -  150.00000      -   460  330s
  1898   807  150.00000  121  682          -  150.00000      -   457  335s
  1944   796 infeasible  131               -  150.00000      -   453  340s
  1972   781 infeasible  121               -  150.00000      -   453  345s
  2017   780  150.00000  130  605          -  150.00000      -   447  350s
  2058   767  150.00000  126  683          -  150.00000      -   442  355s
  2110   772  150.00000  125  457          -  150.00000      -   438  360s
  2158   790  150.00000  129  828          -  150.00000      -   434  365s
  2205   818  150.00000   40  547          -  150.00000      -   427  370s
  2309   828 infeasible   58               -  150.00000      -   412  375s
  2384   866  150.00000   69  347          -  150.00000      -   401  380s
  2388   870  150.00000   70  351          -  150.00000      -   401  385s
  2466   912 infeasible  110               -  150.00000      -   392  390s
  2528   937  150.00000   36  563          -  150.00000      -   386  395s
  2612  1000  150.00000   85  386          -  150.00000      -   377  400s
  2692  1066  150.00000  120  460          -  150.00000      -   369  405s
  2790  1123  150.00000  106  437          -  150.00000      -   359  410s
  2864  1182 infeasible  133               -  150.00000      -   353  415s
  2910  1202 infeasible  159               -  150.00000      -   352  420s
  2977  1248  150.00000  104  455          -  150.00000      -   349  425s
  3060  1297  150.00000  102  279          -  150.00000      -   342  430s
  3133  1346  150.00000  141  398          -  150.00000      -   337  435s
  3217  1386  150.00000  112  676          -  150.00000      -   332  440s
  3284  1417  150.00000   94  338          -  150.00000      -   329  445s
  3373  1453  150.00000   81  392          -  150.00000      -   324  450s
  3490  1508  149.87500  103  428          -  150.00000      -   316  455s
  3530  1531  149.87500  124  432          -  150.00000      -   313  467s
  3534  1527 infeasible   76               -  150.00000      -   314  470s
  3545  1538  150.00000   73  314          -  150.00000      -   313  475s
  3604  1559  150.00000   76  302          -  150.00000      -   310  480s
  3696  1634  150.00000  120  484          -  150.00000      -   306  485s
  3769  1688  150.00000  116  297          -  150.00000      -   303  490s
  3867  1744 infeasible  105               -  150.00000      -   299  495s
  3957  1782 infeasible  110               -  150.00000      -   295  500s
  4042  1825 infeasible  140               -  150.00000      -   292  505s
  4159  1864  150.00000   97  350          -  150.00000      -   288  510s
  4234  1890  150.00000  121  403          -  150.00000      -   286  515s
  4341  1930 infeasible  129               -  150.00000      -   282  520s
  4456  1960  150.00000  139  339          -  150.00000      -   278  525s
  4596  1985 infeasible  101               -  150.00000      -   273  530s
  4703  2008 infeasible  108               -  150.00000      -   270  535s
  4860  2028 infeasible  141               -  150.00000      -   264  540s
  4986  2065 infeasible   97               -  150.00000      -   261  545s
  5094  2082 infeasible  108               -  150.00000      -   257  550s
  5101  2084  150.00000   92  306          -  150.00000      -   257  566s
  5169  2121  150.00000  113  488          -  150.00000      -   256  570s
  5304  2194 infeasible  120               -  150.00000      -   252  575s
  5432  2241 infeasible  119               -  150.00000      -   249  580s
  5571  2284 infeasible  126               -  150.00000      -   246  585s
  5816  2328  149.00000  111  374          -  150.00000      -   238  590s
  5977  2356 infeasible  115               -  150.00000      -   234  595s
  6086  2380  150.00000  115  230          -  150.00000      -   233  600s
  6235  2413 infeasible  120               -  150.00000      -   230  605s
  6437  2440  150.00000  108  372          -  150.00000      -   225  610s
  6664  2491  150.00000  117  276          -  150.00000      -   220  615s
  6873  2519 infeasible  118               -  150.00000      -   216  620s
  7081  2530  150.00000  117  231          -  150.00000      -   212  625s
  7253  2581  150.00000  128  458          -  150.00000      -   209  630s
  7381  2575  150.00000  124  447          -  150.00000      -   208  635s
  7472  2577  150.00000  100  510          -  150.00000      -   207  640s
  7582  2611  150.00000  115  598          -  150.00000      -   206  645s
  7667  2633 infeasible  112               -  150.00000      -   206  650s
  7786  2653  149.00000  130  467          -  150.00000      -   205  655s
  7909  2684 infeasible  150               -  150.00000      -   203  660s
  8027  2716 infeasible  150               -  150.00000      -   202  665s
  8183  2779 infeasible  175               -  150.00000      -   200  670s
  8314  2830 infeasible  111               -  150.00000      -   198  675s
  8449  2894 infeasible   99               -  150.00000      -   197  680s
  8573  2954  150.00000  145  531          -  150.00000      -   196  685s
  8759  3038 infeasible  138               -  150.00000      -   193  690s
  8884  3088  149.74220  120  635          -  150.00000      -   192  695s
  9078  3149 infeasible  126               -  150.00000      -   189  700s
  9242  3205 infeasible  163               -  150.00000      -   187  705s
  9401  3244 infeasible  129               -  150.00000      -   186  710s
  9610  3292  150.00000  145  508          -  150.00000      -   183  715s
  9799  3353 infeasible  134               -  150.00000      -   181  720s
  9959  3387  150.00000  110  408          -  150.00000      -   180  725s
 10097  3434  150.00000  127  503          -  150.00000      -   179  730s
 10202  3467  150.00000  125  332          -  150.00000      -   178  871s
 10325  3487 infeasible  118               -  150.00000      -   176  875s
 10509  3535  150.00000  140  384          -  150.00000      -   175  880s
 10747  3590 infeasible  136               -  150.00000      -   172  885s
 10973  3652 infeasible  139               -  150.00000      -   170  890s
 11176  3704  150.00000  144  371          -  150.00000      -   168  895s
 11385  3750  149.88889  140  489          -  150.00000      -   166  900s
 11568  3790 infeasible  139               -  150.00000      -   165  905s
 11750  3840 infeasible  144               -  150.00000      -   164  910s
 11933  3870 infeasible  148               -  150.00000      -   163  915s
 12083  3904  149.93056  133  445          -  150.00000      -   162  920s
 12252  3965 infeasible  147               -  150.00000      -   161  925s
 12431  4020  150.00000  127  491          -  150.00000      -   160  930s
 12563  4062 infeasible  146               -  150.00000      -   159  935s
 12662  4096  150.00000  132  364          -  150.00000      -   158  965s
 12672  4088  150.00000  110  332          -  150.00000      -   159  970s
 12688  4096  150.00000  122  317          -  150.00000      -   159  975s
 12703  4095  150.00000  112  292          -  150.00000      -   159  980s
 12718  4094  150.00000  112  411          -  150.00000      -   159  986s
 12726  4090  150.00000  115  333          -  150.00000      -   159  990s
 12740  4084 infeasible  112               -  150.00000      -   159  995s
 12754  4070 infeasible  118               -  150.00000      -   160 1000s
 12840  4112  150.00000  133  495          -  150.00000      -   159 1005s
 12989  4147 infeasible  121               -  150.00000      -   159 1010s
 13149  4185  150.00000  111  378          -  150.00000      -   158 1015s
 13325  4294  150.00000  149  395          -  150.00000      -   157 1020s
 13480  4385  150.00000  129  363          -  150.00000      -   157 1025s
 13694  4475  150.00000  136  333          -  150.00000      -   155 1030s
 13863  4555 infeasible  157               -  150.00000      -   154 1035s
 14008  4605  149.93056  123  621          -  150.00000      -   154 1040s
 14169  4661 infeasible  132               -  150.00000      -   153 1045s
 14284  4714  150.00000  116  455          -  150.00000      -   153 1050s
 14386  4764 infeasible  138               -  150.00000      -   153 1055s
 14535  4838 infeasible  134               -  150.00000      -   152 1060s
 14636  4874  150.00000  120  476          -  150.00000      -   152 1065s
 14785  4922 infeasible  121               -  150.00000      -   151 1070s
 14878  4951 infeasible  124               -  150.00000      -   151 1075s
 15007  5001  150.00000  113  398          -  150.00000      -   151 1080s
 15093  5030 infeasible  123               -  150.00000      -   151 1085s
 15222  5082 infeasible  139               -  150.00000      -   151 1090s
 15303  5106  150.00000  135  324          -  150.00000      -   150 1109s
 15323  5110 infeasible  122               -  150.00000      -   150 1110s
 15454  5165 infeasible  151               -  150.00000      -   150 1115s
 15558  5195 infeasible  128               -  150.00000      -   150 1120s
 15685  5254  150.00000  114  318          -  150.00000      -   150 1125s
 15783  5285 infeasible  137               -  150.00000      -   150 1130s
 15917  5327  149.00000  123  655          -  150.00000      -   149 1135s
 16025  5367 infeasible  139               -  150.00000      -   149 1140s
 16109  5396  150.00000  147  402          -  150.00000      -   149 1145s
 16225  5408 infeasible  125               -  150.00000      -   149 1150s
 16310  5427  150.00000  137  562          -  150.00000      -   149 1155s
 16390  5457  150.00000  144  406          -  150.00000      -   150 1160s
 16429  5466  149.91350  138  641          -  150.00000      -   150 1165s
 16480  5477 infeasible  144               -  150.00000      -   151 1170s
 16560  5502 infeasible  122               -  150.00000      -   151 1175s
 16651  5520  150.00000  124  584          -  150.00000      -   151 1180s
 16743  5546 infeasible  123               -  150.00000      -   151 1185s
 16826  5560 infeasible  133               -  150.00000      -   151 1190s
 16931  5576 infeasible  125               -  150.00000      -   151 1195s
 17046  5606  150.00000  161  576          -  150.00000      -   151 1200s
 17116  5609  150.00000  124  556          -  150.00000      -   151 1205s
 17193  5627  150.00000  138  533          -  150.00000      -   151 1210s
 17312  5667 infeasible  151               -  150.00000      -   151 1215s
 17438  5693 infeasible  108               -  150.00000      -   151 1220s
 17586  5738 infeasible  134               -  150.00000      -   150 1225s
 17719  5767 infeasible  153               -  150.00000      -   150 1230s
 17821  5790  150.00000  119  598          -  150.00000      -   150 1235s
 17942  5827 infeasible  151               -  150.00000      -   150 1240s
 18132  5895 infeasible  134               -  150.00000      -   149 1245s
 18275  5945 infeasible  120               -  150.00000      -   148 1250s
 18446  6028  150.00000  150  478          -  150.00000      -   148 1255s
 18653  6074  150.00000  170  295          -  150.00000      -   147 1260s
 18844  6069 infeasible  159               -  150.00000      -   146 1265s
 19033  6100 infeasible  156               -  150.00000      -   145 1270s
 19184  6143 infeasible  166               -  150.00000      -   145 1275s
 19356  6195 infeasible  142               -  150.00000      -   144 1280s
 19514  6224  150.00000  145  529          -  150.00000      -   144 1285s
 19661  6260  150.00000  144  406          -  150.00000      -   144 1290s
 19778  6267 infeasible  159               -  150.00000      -   144 1295s
 19887  6287 infeasible  127               -  150.00000      -   144 1300s
 20037  6357  150.00000  152  448          -  150.00000      -   143 1305s
 20159  6384 infeasible  166               -  150.00000      -   143 1310s
 20267  6398  150.00000  131  552          -  150.00000      -   143 1315s
 20325  6422  150.00000  138  389          -  150.00000      -   144 1320s
 20404  6456 infeasible  168               -  150.00000      -   144 1340s
 20491  6474 infeasible  129               -  150.00000      -   144 1345s
 20602  6507 infeasible  144               -  150.00000      -   144 1350s
 20691  6541 infeasible  147               -  150.00000      -   144 1355s
 20771  6580 infeasible  155               -  150.00000      -   144 1360s
 20857  6615  150.00000  157  494          -  150.00000      -   145 1365s
 21059  6710  150.00000  112  635          -  150.00000      -   144 1370s
 21164  6747  150.00000  118  524          -  150.00000      -   144 1375s
 21335  6815  150.00000  106  453          -  150.00000      -   144 1380s
 21494  6887 infeasible  140               -  150.00000      -   143 1385s
 21659  6951  149.52599  115  566          -  150.00000      -   143 1390s
 21720  6976  149.00000  102  430          -  150.00000      -   143 1395s
 21846  7014 infeasible  110               -  150.00000      -   143 1400s
 21949  7065  150.00000  112  363          -  150.00000      -   143 1405s
 22118  7122 infeasible  109               -  150.00000      -   143 1410s
 22318  7170  150.00000   95  402          -  150.00000      -   142 1415s
 22457  7184  148.40393  121  572          -  150.00000      -   142 1420s
 22576  7205 infeasible  110               -  150.00000      -   142 1425s
 22787  7217 infeasible  111               -  150.00000      -   141 1430s
 22937  7255 infeasible  121               -  150.00000      -   141 1435s
 23109  7300  149.00000  111  475          -  150.00000      -   141 1440s
 23184  7310 infeasible  113               -  150.00000      -   141 1445s
 23334  7373 infeasible  145               -  150.00000      -   141 1450s
 23488  7422  150.00000  123  484          -  150.00000      -   141 1455s
 23632  7475 infeasible  124               -  150.00000      -   140 1460s
 23788  7518  150.00000  129  366          -  150.00000      -   140 1465s
 23892  7539  150.00000  129  407          -  150.00000      -   140 1470s
 24020  7576 infeasible  119               -  150.00000      -   140 1475s
 24170  7597 infeasible  126               -  150.00000      -   140 1480s
 24284  7598 infeasible  129               -  150.00000      -   140 1485s
 24371  7624  150.00000  121  387          -  150.00000      -   140 1490s
 24483  7660 infeasible  132               -  150.00000      -   140 1495s
 24588  7700  149.00000  136  451          -  150.00000      -   140 1500s
 24674  7703  150.00000  129  499          -  150.00000      -   141 1505s
 24771  7720 infeasible  147               -  150.00000      -   141 1510s
 24835  7729 infeasible  138               -  150.00000      -   141 1515s
 24918  7751  150.00000  116  465          -  150.00000      -   141 1520s
 25043  7801 infeasible  120               -  150.00000      -   141 1525s
 25236  7884 infeasible  159               -  150.00000      -   141 1530s
 25368  7929  150.00000  111  267          -  150.00000      -   141 1535s
 25505  7968  150.00000  112  366          -  150.00000      -   140 1555s
 25624  8030 infeasible  138               -  150.00000      -   140 1560s
 25831  8087  150.00000  106  324          -  150.00000      -   140 1565s
 25928  8120 infeasible  127               -  150.00000      -   140 1570s
 26052  8181  150.00000  121  686          -  150.00000      -   140 1575s
 26154  8222  150.00000  123  259          -  150.00000      -   140 1580s
 26257  8252 infeasible  119               -  150.00000      -   140 1585s
 26375  8296 infeasible  117               -  150.00000      -   140 1590s
 26529  8354  150.00000  122  473          -  150.00000      -   140 1595s
 26632  8405 infeasible  137               -  150.00000      -   140 1600s
 26802  8466  150.00000  134  455          -  150.00000      -   140 1605s
 26958  8515 infeasible  156               -  150.00000      -   140 1610s
 27082  8525 infeasible  129               -  150.00000      -   140 1615s
 27207  8551 infeasible  118               -  150.00000      -   140 1620s
 27362  8594 infeasible  123               -  150.00000      -   140 1625s
 27545  8654 infeasible  128               -  150.00000      -   139 1630s
 27646  8697  150.00000  149  488          -  150.00000      -   139 1635s
 27767  8740  150.00000  124  474          -  150.00000      -   139 1640s
 27852  8771  150.00000  133  443          -  150.00000      -   140 1645s
 27974  8813 infeasible  112               -  150.00000      -   140 1650s
 28145  8859  148.87971  136  435          -  150.00000      -   139 1655s
 28297  8930  150.00000  131  353          -  150.00000      -   139 1660s
 28444  8961 infeasible  125               -  150.00000      -   139 1665s
 28574  8981 infeasible  118               -  150.00000      -   139 1670s
 28726  9011 infeasible  133               -  150.00000      -   139 1675s
 28916  9052 infeasible  131               -  150.00000      -   138 1680s
 29049  9077  149.00000  142  628          -  150.00000      -   138 1685s
 29173  9122 infeasible  121               -  150.00000      -   138 1690s
 29321  9158 infeasible  140               -  150.00000      -   138 1695s
 29460  9176  150.00000  127  381          -  150.00000      -   138 1700s
 29658  9214 infeasible  147               -  150.00000      -   138 1705s
 29798  9212 infeasible  113               -  150.00000      -   138 1710s
 29938  9272 infeasible  136               -  150.00000      -   138 1715s
 30078  9311 infeasible  119               -  150.00000      -   138 1720s
 30268  9366 infeasible  123               -  150.00000      -   137 1725s
 30400  9396 infeasible  117               -  150.00000      -   137 1730s
 30538  9462 infeasible  155               -  150.00000      -   137 1735s
 30606  9485  150.00000  142  352          -  150.00000      -   137 1754s
 30631  9498  149.99657  156  628          -  150.00000      -   137 1755s
 30750  9521  149.85000  140  716          -  150.00000      -   137 1760s
 30867  9529 infeasible  129               -  150.00000      -   137 1765s
 31013  9589 infeasible  168               -  150.00000      -   137 1770s
 31180  9634 infeasible  115               -  150.00000      -   137 1775s
 31269  9668  150.00000  120  503          -  150.00000      -   137 1780s
 31321  9686  149.52076  143  510          -  150.00000      -   137 1785s
 31420  9730 infeasible  145               -  150.00000      -   137 1790s
 31587  9813  150.00000  158  369          -  150.00000      -   137 1795s
 31676  9837  150.00000  116  547          -  150.00000      -   137 1800s
 31854  9932 infeasible  139               -  150.00000      -   137 1805s
 31930  9957 infeasible  138               -  150.00000      -   137 1810s
 31936  9956  147.00000  142  470          -  150.00000      -   137 1837s
 31940  9952 infeasible  123               -  150.00000      -   137 1841s
 31949  9943 infeasible  152               -  150.00000      -   137 1845s
 31958  9934 infeasible  117               -  150.00000      -   138 1850s
 31962  9932  150.00000  114  298          -  150.00000      -   138 1856s
 31971  9941  150.00000  122  466          -  150.00000      -   138 1860s
 31977  9941  149.00000  122  367          -  150.00000      -   138 1865s
 31987  9947  150.00000  130  293          -  150.00000      -   138 1870s
 31996  9956  150.00000  135  444          -  150.00000      -   138 1875s
 32006  9956  150.00000  121  457          -  150.00000      -   138 1880s
 32129 10002  149.00000  119  322          -  150.00000      -   138 1885s
 32287 10055  150.00000  120  266          -  150.00000      -   138 1890s
 32456 10100  150.00000  144  405          -  150.00000      -   137 1895s
 32635 10162 infeasible  142               -  150.00000      -   137 1900s
 32792 10199  149.00000  120  245          -  150.00000      -   137 1905s
 32974 10296 infeasible  160               -  150.00000      -   137 1910s
 33118 10380  150.00000  149  450          -  150.00000      -   137 1915s
 33274 10455  150.00000  122  534          -  150.00000      -   137 1920s
 33478 10550  149.00000  191  301          -  150.00000      -   136 1925s
 33640 10582 infeasible  185               -  150.00000      -   136 1930s
 33801 10631  150.00000  172  296          -  150.00000      -   136 1935s
 33931 10662  150.00000  131  405          -  150.00000      -   136 1940s
 34084 10715 infeasible  145               -  150.00000      -   136 1945s
 34239 10764 infeasible  166               -  150.00000      -   135 1950s
 34440 10822 infeasible  162               -  150.00000      -   135 1955s
 34645 10882 infeasible  149               -  150.00000      -   135 1960s
 34841 10941 infeasible  169               -  150.00000      -   134 1965s
 35047 11023 infeasible  179               -  150.00000      -   134 1970s
 35188 11064  150.00000  158  526          -  150.00000      -   134 1975s
 35315 11097  150.00000  141  332          -  150.00000      -   134 1980s
 35436 11143  150.00000  155  329          -  150.00000      -   134 1985s
 35550 11172 infeasible  148               -  150.00000      -   134 1990s
 35655 11211  150.00000  151  461          -  150.00000      -   134 1995s
 35707 11232  150.00000  163  366          -  150.00000      -   134 2013s
 35731 11229 infeasible  167               -  150.00000      -   134 2015s
 35996 11298 infeasible  160               -  150.00000      -   133 2020s
 36181 11307 infeasible  160               -  150.00000      -   133 2025s
 36360 11360 infeasible  132               -  150.00000      -   133 2030s
 36527 11417  150.00000  145  497          -  150.00000      -   133 2035s
 36660 11471  149.00000  174  302          -  150.00000      -   133 2040s
 36822 11516  150.00000  131  405          -  150.00000      -   133 2045s
 36992 11561  150.00000  140  354          -  150.00000      -   132 2050s
 37138 11616  150.00000  165  439          -  150.00000      -   132 2055s
 37295 11645 infeasible  132               -  150.00000      -   132 2060s
 37457 11682 infeasible  163               -  150.00000      -   132 2065s
 37680 11698 infeasible  180               -  150.00000      -   132 2070s
 37906 11764  149.55903  172  344          -  150.00000      -   131 2075s
 38173 11775  148.74716  159  460          -  150.00000      -   131 2080s
 38410 11801 infeasible  151               -  150.00000      -   130 2085s
 38639 11865 infeasible  166               -  150.00000      -   130 2090s
 38908 11942  149.00000  164  178          -  150.00000      -   129 2095s
 39235 12013 infeasible  195               -  150.00000      -   128 2100s
 39440 12025  149.00000  183  330          -  150.00000      -   128 2105s
 39633 12073  149.00000  136  334          -  150.00000      -   128 2110s
 39858 12132 infeasible  148               -  150.00000      -   127 2115s
 40034 12175  149.00000  192  326          -  150.00000      -   127 2120s
 40166 12205 infeasible  149               -  150.00000      -   127 2125s
 40319 12266 infeasible  142               -  150.00000      -   127 2130s
 40463 12305 infeasible  156               -  150.00000      -   127 2135s
 40569 12328 infeasible  144               -  150.00000      -   127 2140s
 40703 12389  150.00000  153  431          -  150.00000      -   127 2145s
 40797 12430 infeasible  157               -  150.00000      -   127 2150s
 40808 12431  149.00000  163  382          -  150.00000      -   127 2167s
 40912 12452 infeasible  127               -  150.00000      -   127 2170s
 41070 12474 infeasible  148               -  150.00000      -   127 2175s
 41300 12530  150.00000  146  395          -  150.00000      -   127 2180s
 41431 12544  149.00000  118  411          -  150.00000      -   127 2185s
 41527 12568 infeasible  118               -  150.00000      -   127 2190s
 41657 12597  149.88889  125  384          -  150.00000      -   127 2195s
 41807 12613 infeasible  117               -  150.00000      -   127 2200s
 41955 12644  148.00000  130  367          -  150.00000      -   127 2205s
 42155 12684 infeasible  149               -  150.00000      -   126 2210s
 42281 12691 infeasible  144               -  150.00000      -   126 2215s
 42413 12697 infeasible  129               -  150.00000      -   126 2220s
 42561 12720  149.00000  144  224          -  150.00000      -   126 2225s
 42702 12765 infeasible  134               -  150.00000      -   126 2230s
 42828 12794  150.00000  118  310          -  150.00000      -   126 2235s
 42989 12848 infeasible  127               -  150.00000      -   126 2240s
 43193 12907  150.00000  127  299          -  150.00000      -   126 2245s
 43364 12931  149.00000  127  292          -  150.00000      -   126 2250s
 43567 12950 infeasible  139               -  150.00000      -   126 2255s
 43662 12956  149.47179  129  385          -  150.00000      -   126 2260s
 43815 12968 infeasible  133               -  150.00000      -   126 2265s
 43969 12972 infeasible  136               -  150.00000      -   126 2270s
 44058 12962 infeasible  148               -  150.00000      -   126 2275s
 44178 12965 infeasible  116               -  150.00000      -   126 2280s
 44316 12996 infeasible  124               -  150.00000      -   126 2285s
 44526 13054 infeasible  148               -  150.00000      -   125 2290s
 44728 13101 infeasible  130               -  150.00000      -   125 2295s
 44920 13129 infeasible  145               -  150.00000      -   125 2300s
 45045 13118  150.00000  109  368          -  150.00000      -   125 2305s
 45185 13137 infeasible  151               -  150.00000      -   125 2310s
 45415 13209  149.00000  126  257          -  150.00000      -   125 2315s
 45573 13245 infeasible  157               -  150.00000      -   125 2320s
 45730 13269 infeasible  152               -  150.00000      -   125 2325s
 45900 13281 infeasible  150               -  150.00000      -   124 2330s
 45909 13283 infeasible  139               -  150.00000      -   124 2347s
 45995 13277 infeasible  137               -  150.00000      -   124 2350s
 46158 13295 infeasible  147               -  150.00000      -   124 2355s
 46346 13306  149.95228  124  320          -  150.00000      -   124 2360s
 46476 13353 infeasible  132               -  150.00000      -   124 2365s
 46669 13349  150.00000  125  343          -  150.00000      -   124 2370s
 46823 13379 infeasible  125               -  150.00000      -   124 2375s
 46969 13445  150.00000  146  316          -  150.00000      -   124 2380s
 47156 13494 infeasible  171               -  150.00000      -   124 2385s
 47298 13512 infeasible  162               -  150.00000      -   124 2390s
 47514 13526 infeasible  138               -  150.00000      -   124 2395s
 47757 13577  150.00000  131  291          -  150.00000      -   123 2400s
 47968 13602 infeasible  134               -  150.00000      -   123 2405s
 48240 13661  150.00000  137  319          -  150.00000      -   123 2410s
 48467 13661 infeasible  147               -  150.00000      -   122 2415s
 48682 13711 infeasible  161               -  150.00000      -   122 2420s
 48858 13715 infeasible  158               -  150.00000      -   122 2425s
 49055 13744  150.00000  134  324          -  150.00000      -   122 2430s
 49210 13745  149.00000  132  391          -  150.00000      -   122 2435s
 49415 13830 infeasible  188               -  150.00000      -   122 2440s
 49646 13854 infeasible  187               -  150.00000      -   121 2445s
 49805 13827 infeasible  164               -  150.00000      -   121 2450s
 50053 13848  150.00000  165  276          -  150.00000      -   121 2455s
 50243 13855 infeasible  141               -  150.00000      -   121 2460s
 50494 13871 infeasible  159               -  150.00000      -   120 2465s
 50656 13894 infeasible  150               -  150.00000      -   120 2470s
 50876 13882  149.34660  156  335          -  150.00000      -   120 2475s
 51010 13931 infeasible  174               -  150.00000      -   120 2494s
 51028 13929 infeasible  145               -  150.00000      -   120 2495s
 51226 13965  150.00000  116  376          -  150.00000      -   120 2500s
 51400 13998  149.00000   84  538          -  150.00000      -   120 2505s
 51532 14034 infeasible  138               -  150.00000      -   120 2510s
 51733 14087  150.00000  137  388          -  150.00000      -   120 2515s
 51894 14114  150.00000  120  497          -  150.00000      -   119 2520s
 52047 14122 infeasible  113               -  150.00000      -   119 2525s
 52113 14148 infeasible  123               -  150.00000      -   119 2530s
 52188 14170  150.00000  107  488          -  150.00000      -   119 2535s
 52261 14193 infeasible  113               -  150.00000      -   120 2540s
 52397 14251  150.00000  124  319          -  150.00000      -   120 2545s
 52574 14346  149.50809  125  378          -  150.00000      -   120 2550s
 52826 14445 infeasible  138               -  150.00000      -   119 2555s
 52980 14461 infeasible  131               -  150.00000      -   119 2560s
 53154 14502  150.00000  130  301          -  150.00000      -   119 2565s
 53253 14501 infeasible  139               -  150.00000      -   119 2570s
 53407 14505 infeasible  145               -  150.00000      -   119 2575s
 53569 14550  150.00000  129  297          -  150.00000      -   119 2580s
 53749 14598  150.00000  131  250          -  150.00000      -   119 2585s
 53943 14624 infeasible  130               -  150.00000      -   119 2590s
 54119 14661  150.00000  130  271          -  150.00000      -   119 2595s
 54295 14714 infeasible  144               -  150.00000      -   119 2600s
 54480 14732 infeasible  147               -  150.00000      -   119 2605s
 54675 14766 infeasible  138               -  150.00000      -   119 2610s
 54852 14776  150.00000  137  580          -  150.00000      -   119 2615s
 55048 14825 infeasible  129               -  150.00000      -   119 2620s
 55248 14872 infeasible  125               -  150.00000      -   119 2625s
 55409 14926 infeasible  127               -  150.00000      -   119 2630s
 55570 14933  150.00000  120  425          -  150.00000      -   119 2635s
 55724 14971  149.00000  120  363          -  150.00000      -   119 2640s
 55895 15031  150.00000  124  336          -  150.00000      -   119 2645s
 56065 15104  149.64470  128  309          -  150.00000      -   119 2650s
 56111 15118 infeasible  140               -  150.00000      -   119 2668s
 56167 15127 infeasible  141               -  150.00000      -   119 2670s
 56315 15143  150.00000  137  301          -  150.00000      -   119 2675s
 56496 15183 infeasible  130               -  150.00000      -   119 2680s
 56678 15214 infeasible  128               -  150.00000      -   119 2685s
 56832 15260 infeasible  145               -  150.00000      -   119 2690s
 56979 15277 infeasible  124               -  150.00000      -   119 2695s
 57146 15284  150.00000  122  262          -  150.00000      -   118 2700s
 57358 15271 infeasible  131               -  150.00000      -   118 2705s
 57546 15271  150.00000  130  383          -  150.00000      -   118 2710s
 57795 15332  150.00000  118  464          -  150.00000      -   118 2715s
 57911 15350  150.00000  136  292          -  150.00000      -   118 2720s
 58055 15367  150.00000   97  394          -  150.00000      -   118 2725s
 58176 15437  150.00000  104  531          -  150.00000      -   118 2730s
 58291 15491  150.00000   89  693          -  150.00000      -   118 2735s
 58409 15558  150.00000  102  613          -  150.00000      -   118 2740s
 58571 15606  149.85993  120  336          -  150.00000      -   118 2771s
 58587 15598  150.00000  114  359          -  150.00000      -   118 2775s
 58606 15595  150.00000   75  388          -  150.00000      -   118 2780s
 58616 15605  150.00000   84  437          -  150.00000      -   118 2787s
 58626 15603 infeasible  115               -  150.00000      -   118 2790s
 58641 15604 infeasible   78               -  150.00000      -   118 2795s
 58660 15605  149.83004  117  312          -  150.00000      -   118 2800s
 58748 15623 infeasible  132               -  150.00000      -   118 2805s
 58856 15642  150.00000  122  798          -  150.00000      -   118 2810s
 58966 15700  150.00000  126  657          -  150.00000      -   118 2815s
 59128 15753  150.00000   99  530          -  150.00000      -   118 2820s
 59359 15763 infeasible  121               -  150.00000      -   118 2825s
 59555 15798  150.00000  114  418          -  150.00000      -   118 2830s
 59710 15831 infeasible  104               -  150.00000      -   118 2835s
 59899 15871  150.00000  143  508          -  150.00000      -   118 2840s
 60050 15942  150.00000  119  369          -  150.00000      -   118 2845s
 60177 15982 infeasible  131               -  150.00000      -   118 2850s
 60336 16027 infeasible  119               -  150.00000      -   118 2855s
 60506 16060  149.00000  114  545          -  150.00000      -   118 2860s
 60687 16104  150.00000  110  282          -  150.00000      -   117 2865s
 60917 16202  148.77778  124  395          -  150.00000      -   117 2870s
 61093 16242  149.00000  134  317          -  150.00000      -   117 2875s
 61212 16254  150.00000  121  367          -  150.00000      -   117 2894s
 61229 16256  150.00000  112  363          -  150.00000      -   117 2895s
 61359 16298  150.00000  118  440          -  150.00000      -   117 2900s
 61524 16335  148.93056  123  544          -  150.00000      -   117 2905s
 61679 16341 infeasible  135               -  150.00000      -   117 2910s
 61783 16340 infeasible  144               -  150.00000      -   117 2915s
 61889 16317 infeasible  110               -  150.00000      -   117 2920s
 61996 16308  150.00000  120  293          -  150.00000      -   117 2925s
 62123 16316 infeasible  137               -  150.00000      -   117 2930s
 62242 16322  147.00000  134  274          -  150.00000      -   117 2935s
 62402 16330 infeasible  126               -  150.00000      -   117 2940s
 62553 16342  149.93056  128  556          -  150.00000      -   117 2945s
 62722 16356 infeasible  125               -  150.00000      -   117 2950s
 62863 16389 infeasible  121               -  150.00000      -   117 2955s
 63031 16458  150.00000  126  481          -  150.00000      -   117 2960s
 63144 16493  150.00000   94  346          -  150.00000      -   117 2965s
 63302 16586  150.00000  114  551          -  150.00000      -   117 2970s
 63460 16677 infeasible  161               -  150.00000      -   117 2975s
 63624 16763  150.00000  133  494          -  150.00000      -   117 2980s
 63806 16863  148.87500  127  459          -  150.00000      -   117 2985s
 64013 16974 infeasible  143               -  150.00000      -   117 2990s
 64268 17063  150.00000  150  260          -  150.00000      -   117 2995s
 64586 17187 infeasible  177               -  150.00000      -   116 3000s
 64837 17177 infeasible  156               -  150.00000      -   116 3005s
 65139 17216 infeasible  164               -  150.00000      -   116 3010s
 65360 17247  150.00000  135  652          -  150.00000      -   116 3015s
 65553 17318 infeasible  153               -  150.00000      -   116 3020s
 65732 17380 infeasible  154               -  150.00000      -   115 3025s
 65930 17435  150.00000  142  230          -  150.00000      -   115 3030s
 66140 17457 infeasible  142               -  150.00000      -   115 3035s
 66313 17470  150.00000  150  414          -  150.00000      -   115 3056s
 66409 17475  150.00000  154  511          -  150.00000      -   115 3060s
 66610 17539  150.00000  153  481          -  150.00000      -   115 3065s
 66770 17569 infeasible  168               -  150.00000      -   115 3070s
 66929 17534 infeasible  161               -  150.00000      -   115 3075s
 67144 17540  147.00000  159  303          -  150.00000      -   115 3080s
 67357 17591  149.18182  129  556          -  150.00000      -   115 3085s
 67458 17624 infeasible  126               -  150.00000      -   115 3090s
 67576 17640  150.00000  106  422          -  150.00000      -   115 3095s
 67797 17721  150.00000   93  536          -  150.00000      -   115 3100s
 67974 17810 infeasible  127               -  150.00000      -   114 3105s
 68148 17869  150.00000  144  388          -  150.00000      -   114 3110s
 68287 17892  150.00000  118  308          -  150.00000      -   114 3115s
 68440 17959 infeasible  142               -  150.00000      -   114 3120s
 68572 17964  150.00000  137  287          -  150.00000      -   114 3125s
 68726 18012 infeasible  141               -  150.00000      -   114 3130s
 68925 18051 infeasible  164               -  150.00000      -   114 3135s
 69113 18052 infeasible  155               -  150.00000      -   114 3140s
 69231 18047  150.00000  146  355          -  150.00000      -   114 3145s
 69398 18095 infeasible  151               -  150.00000      -   114 3150s
 69504 18052 infeasible  125               -  150.00000      -   114 3155s
 69652 18062 infeasible  133               -  150.00000      -   114 3160s
 69760 18050  150.00000  132  513          -  150.00000      -   114 3165s
 69896 18076 infeasible  160               -  150.00000      -   114 3170s
 70029 18074 infeasible  119               -  150.00000      -   114 3175s
 70178 18077 infeasible  115               -  150.00000      -   114 3180s
 70257 18095 infeasible  131               -  150.00000      -   114 3185s
 70415 18114 infeasible  112               -  150.00000      -   114 3190s
 70516 18113 infeasible  110               -  150.00000      -   114 3195s
 70629 18109 infeasible  147               -  150.00000      -   114 3200s
 70711 18091  150.00000  130  300          -  150.00000      -   114 3205s
 70879 18119 infeasible  113               -  150.00000      -   114 3210s
 71057 18120 infeasible  123               -  150.00000      -   114 3215s
 71190 18137  150.00000  104  373          -  150.00000      -   114 3220s
 71305 18174  149.00000  138  647          -  150.00000      -   114 3225s
 71414 18215  150.00000  148  317          -  150.00000      -   114 3244s
 71415 18214 infeasible  149               -  150.00000      -   114 3245s
 71510 18217 infeasible  114               -  150.00000      -   114 3250s
 71646 18230 infeasible  126               -  150.00000      -   114 3255s
 71754 18259 infeasible  129               -  150.00000      -   114 3260s
 71914 18264  150.00000   93  475          -  150.00000      -   114 3265s
 72015 18278 infeasible  108               -  150.00000      -   114 3270s
 72092 18269  150.00000  103  399          -  150.00000      -   114 3275s
 72163 18267 infeasible  107               -  150.00000      -   114 3280s
 72242 18262 infeasible  138               -  150.00000      -   114 3285s
 72366 18258 infeasible  134               -  150.00000      -   114 3290s
 72485 18251 infeasible  128               -  150.00000      -   114 3295s
 72613 18257 infeasible  131               -  150.00000      -   114 3300s
 72715 18260 infeasible  142               -  150.00000      -   115 3305s
 72801 18267 infeasible  129               -  150.00000      -   115 3310s
 72898 18298  150.00000  128  573          -  150.00000      -   115 3315s
 73028 18333  150.00000  131  331          -  150.00000      -   115 3320s
 73137 18354  150.00000  120  335          -  150.00000      -   115 3325s
 73244 18355 infeasible  129               -  150.00000      -   115 3330s
 73358 18397  150.00000  116  633          -  150.00000      -   115 3335s
 73492 18444 infeasible  121               -  150.00000      -   115 3340s
 73620 18468 infeasible  128               -  150.00000      -   115 3345s
 73745 18509  150.00000  134  505          -  150.00000      -   115 3350s
 73869 18529 infeasible  113               -  150.00000      -   115 3355s
 73963 18546 infeasible  117               -  150.00000      -   115 3360s
 74057 18546 infeasible  120               -  150.00000      -   115 3365s
 74162 18546  148.93056  124  539          -  150.00000      -   115 3370s
 74252 18536 infeasible  144               -  150.00000      -   115 3375s
 74347 18552 infeasible  126               -  150.00000      -   115 3380s
 74453 18592  150.00000  139  669          -  150.00000      -   115 3385s
 74592 18592  150.00000  131  364          -  150.00000      -   115 3390s
 74701 18598  150.00000  122  517          -  150.00000      -   115 3395s
 74822 18621  150.00000  112  619          -  150.00000      -   115 3400s
 74951 18651 infeasible  141               -  150.00000      -   115 3405s
 75106 18671 infeasible  133               -  150.00000      -   115 3410s
 75245 18695 infeasible  113               -  150.00000      -   115 3415s
 75350 18732 infeasible  146               -  150.00000      -   115 3420s
 75497 18754 infeasible  120               -  150.00000      -   115 3425s
 75560 18763 infeasible  132               -  150.00000      -   115 3430s
 75653 18772  150.00000  112  448          -  150.00000      -   115 3435s
 75775 18796  150.00000  109  361          -  150.00000      -   115 3440s
 75879 18827 infeasible  134               -  150.00000      -   115 3445s
 76001 18851  150.00000   96  404          -  150.00000      -   115 3450s
 76133 18876 infeasible  118               -  150.00000      -   115 3455s
 76217 18925  150.00000  139  531          -  150.00000      -   115 3460s
 76354 19006 infeasible  147               -  150.00000      -   115 3465s
 76484 19052 infeasible  141               -  150.00000      -   115 3470s
 76515 19067  150.00000  136  532          -  150.00000      -   115 3487s
 76575 19094 infeasible  127               -  150.00000      -   115 3490s
 76699 19143  149.67644  141  527          -  150.00000      -   115 3495s
 76787 19196 infeasible  133               -  150.00000      -   116 3500s
 76957 19293  150.00000  161  447          -  150.00000      -   115 3505s
 77096 19347 infeasible  157               -  150.00000      -   115 3510s
 77222 19361 infeasible  118               -  150.00000      -   115 3515s
 77364 19354 infeasible  173               -  150.00000      -   115 3520s
 77481 19345 infeasible  133               -  150.00000      -   115 3525s
 77608 19327 infeasible  158               -  150.00000      -   115 3530s
 77693 19324 infeasible  126               -  150.00000      -   115 3535s
 77794 19328 infeasible  144               -  150.00000      -   115 3540s
 77909 19319 infeasible  157               -  150.00000      -   115 3545s
 78072 19349  150.00000  130  616          -  150.00000      -   115 3550s
 78198 19397  150.00000  137  617          -  150.00000      -   115 3555s
 78326 19451 infeasible  134               -  150.00000      -   115 3560s
 78467 19467 infeasible  103               -  150.00000      -   115 3565s
 78594 19494 infeasible  150               -  150.00000      -   115 3570s
 78736 19502 infeasible  139               -  150.00000      -   115 3575s
 78936 19526  150.00000  116  539          -  150.00000      -   115 3580s
 79022 19567  150.00000   59  497          -  150.00000      -   115 3585s
 79122 19643  150.00000  129  330          -  150.00000      -   115 3590s
 79224 19680  150.00000   93  296          -  150.00000      -   115 3595s
 79323 19740  150.00000  172  355          -  150.00000      -   115 3600s

Cutting planes:
  Gomory: 42
  Cover: 367
  Implied bound: 38
  Clique: 59
  MIR: 46
  StrongCG: 38
  Flow cover: 169
  GUB cover: 2
  Zero half: 52
  RLT: 1
  Relax-and-lift: 40

Explored 79324 nodes (9154222 simplex iterations) in 3600.00 seconds (2927.80 work units)
Thread count was 1 (of 8 available processors)

Solution count 0

Time limit reached
Best objective -, best bound 1.500000000000e+02, gap -
