
Gurobi 11.0.1 (win64) logging started Mon Apr  1 12:42:57 2024

Set parameter LogFile to value "C:\Projetos\Job_Rotation_Algorithms\Outputs\GurobiLogs\gurobi_log-output-63_ton-c67-CostaMirallesModel-NoExtraConstraint-2.log"
Gurobi Optimizer version 11.0.1 build v11.0.1rc0 (win64 - Windows 10.0 (19045.2))

CPU model: 11th Gen Intel(R) Core(TM) i7-1165G7 @ 2.80GHz, instruction set [SSE2|AVX|AVX2|AVX512]
Thread count: 4 physical cores, 8 logical processors, using up to 1 threads


Gurobi 11.0.1 (win64) logging started Mon Apr  1 21:30:52 2024

Set parameter LogFile to value "C:\Projetos\Job_Rotation_Algorithms\Outputs\GurobiLogs\gurobi_log-output-63_ton-c67-CostaMirallesModel-NoExtraConstraint-2.log"
Gurobi Optimizer version 11.0.1 build v11.0.1rc0 (win64 - Windows 10.0 (19045.2))

CPU model: 11th Gen Intel(R) Core(TM) i7-1165G7 @ 2.80GHz, instruction set [SSE2|AVX|AVX2|AVX512]
Thread count: 4 physical cores, 8 logical processors, using up to 1 threads


Gurobi 11.0.1 (win64) logging started Thu Apr  4 23:28:48 2024

Set parameter LogFile to value "C:\Projetos\Job_Rotation_Algorithms\Outputs\GurobiLogs\gurobi_log-output-63_ton-c67-CostaMirallesModel-NoExtraConstraint-2.log"
Gurobi Optimizer version 11.0.1 build v11.0.1rc0 (win64 - Windows 10.0 (19045.2))

CPU model: 11th Gen Intel(R) Core(TM) i7-1165G7 @ 2.80GHz, instruction set [SSE2|AVX|AVX2|AVX512]
Thread count: 4 physical cores, 8 logical processors, using up to 1 threads


Gurobi 11.0.1 (win64) logging started Sat Apr  6 12:57:24 2024

Set parameter LogFile to value "C:\Projetos\Job_Rotation_Algorithms\Outputs\GurobiLogs\gurobi_log-output-63_ton-c67-CostaMirallesModel-NoExtraConstraint-2.log"
Gurobi Optimizer version 11.0.1 build v11.0.1rc0 (win64 - Windows 10.0 (19045.2))

CPU model: 11th Gen Intel(R) Core(TM) i7-1165G7 @ 2.80GHz, instruction set [SSE2|AVX|AVX2|AVX512]
Thread count: 4 physical cores, 8 logical processors, using up to 1 threads


Gurobi 11.0.1 (win64) logging started Sun Apr  7 02:31:18 2024

Set parameter LogFile to value "C:\Projetos\Job_Rotation_Algorithms\Outputs\GurobiLogs\gurobi_log-output-63_ton-c67-CostaMirallesModel-NoExtraConstraint-2.log"
Gurobi Optimizer version 11.0.1 build v11.0.1rc0 (win64 - Windows 10.0 (19045.2))

CPU model: 11th Gen Intel(R) Core(TM) i7-1165G7 @ 2.80GHz, instruction set [SSE2|AVX|AVX2|AVX512]
Thread count: 4 physical cores, 8 logical processors, using up to 1 threads


Gurobi 11.0.1 (win64) logging started Sun Apr  7 09:44:10 2024

Set parameter LogFile to value "C:\Projetos\Job_Rotation_Algorithms\Outputs\GurobiLogs\gurobi_log-output-63_ton-c67-CostaMirallesModel-NoExtraConstraint-2.log"
Gurobi Optimizer version 11.0.1 build v11.0.1rc0 (win64 - Windows 10.0 (19045.2))

CPU model: 11th Gen Intel(R) Core(TM) i7-1165G7 @ 2.80GHz, instruction set [SSE2|AVX|AVX2|AVX512]
Thread count: 4 physical cores, 8 logical processors, using up to 1 threads


Gurobi 11.0.1 (win64) logging started Tue Apr  9 08:02:28 2024

Set parameter LogFile to value "C:\Projetos\Job_Rotation_Algorithms\Outputs\GurobiLogs\gurobi_log-output-63_ton-c67-CostaMirallesModel-NoExtraConstraint-2.log"
Gurobi Optimizer version 11.0.1 build v11.0.1rc0 (win64 - Windows 10.0 (19045.2))

CPU model: 11th Gen Intel(R) Core(TM) i7-1165G7 @ 2.80GHz, instruction set [SSE2|AVX|AVX2|AVX512]
Thread count: 4 physical cores, 8 logical processors, using up to 1 threads


Gurobi 11.0.1 (win64) logging started Wed Apr 10 17:31:26 2024

Set parameter LogFile to value "C:\Projetos\Job_Rotation_Algorithms\Outputs\GurobiLogs\gurobi_log-output-63_ton-c67-CostaMirallesModel-NoExtraConstraint-2.log"
Gurobi Optimizer version 11.0.1 build v11.0.1rc0 (win64 - Windows 10.0 (19045.2))

CPU model: 11th Gen Intel(R) Core(TM) i7-1165G7 @ 2.80GHz, instruction set [SSE2|AVX|AVX2|AVX512]
Thread count: 4 physical cores, 8 logical processors, using up to 1 threads


Gurobi 11.0.1 (win64) logging started Thu Apr 11 00:24:34 2024

Set parameter LogFile to value "C:\Projetos\Job_Rotation_Algorithms\Outputs\GurobiLogs\gurobi_log-output-63_ton-c67-CostaMirallesModel-NoExtraConstraint-2.log"
Gurobi Optimizer version 11.0.1 build v11.0.1rc0 (win64 - Windows 10.0 (19045.2))

CPU model: 11th Gen Intel(R) Core(TM) i7-1165G7 @ 2.80GHz, instruction set [SSE2|AVX|AVX2|AVX512]
Thread count: 4 physical cores, 8 logical processors, using up to 1 threads

WLS license 2390832 - registered to Bitka Analytics
Optimize a model with 5199 rows, 37260 columns and 876210 nonzeros
Model fingerprint: 0x74f32b9e
Variable types: 2 continuous, 37258 integer (37258 binary)
Coefficient statistics:
  Matrix range     [1e+00, 3e+02]
  Objective range  [1e+00, 1e+00]
  Bounds range     [1e+00, 1e+02]
  RHS range        [1e+00, 1e+02]
Presolve added 1616 rows and 0 columns
Presolve removed 0 rows and 3204 columns
Presolve time: 4.81s
Presolved: 6815 rows, 34056 columns, 219400 nonzeros
Variable types: 0 continuous, 34056 integer (32570 binary)

Root simplex log...

Iteration    Objective       Primal Inf.    Dual Inf.      Time
       0    9.5800000e+02   1.440625e+03   0.000000e+00      5s
    7128    1.4000000e+02   0.000000e+00   0.000000e+00      6s

Root relaxation: objective 1.400000e+02, 7128 iterations, 0.89 seconds (1.34 work units)

    Nodes    |    Current Node    |     Objective Bounds      |     Work
 Expl Unexpl |  Obj  Depth IntInf | Incumbent    BestBd   Gap | It/Node Time

     0     0  140.00000    0  151          -  140.00000      -     -    7s
     0     0  140.00000    0  500          -  140.00000      -     -    7s
     0     0  140.00000    0  500          -  140.00000      -     -    7s
     0     0  140.00000    0  207          -  140.00000      -     -   19s
     0     0  140.00000    0 1015          -  140.00000      -     -   22s
     0     0  140.00000    0  991          -  140.00000      -     -   22s
     0     0  140.00000    0  990          -  140.00000      -     -   22s
     0     0  140.00000    0  960          -  140.00000      -     -   23s
     0     0  140.00000    0  943          -  140.00000      -     -   23s
     0     0  140.00000    0  288          -  140.00000      -     -   27s
     0     0  140.00000    0  289          -  140.00000      -     -   27s
     0     0  140.00000    0  289          -  140.00000      -     -   27s
     0     0  140.00000    0  399          -  140.00000      -     -   28s
     0     0  140.00000    0  402          -  140.00000      -     -   28s
     0     0  140.00000    0  292          -  140.00000      -     -   31s
     0     0  140.00000    0  273          -  140.00000      -     -   31s
     0     0  140.00000    0  417          -  140.00000      -     -   31s
     0     0  140.00000    0  412          -  140.00000      -     -   31s
     0     0  140.00000    0  274          -  140.00000      -     -   34s
     0     0  140.00000    0  268          -  140.00000      -     -   34s
     0     0  140.00000    0  444          -  140.00000      -     -   35s
     0     0  140.00000    0  372          -  140.00000      -     -   35s
     0     0  140.00000    0  322          -  140.00000      -     -   38s
     0     0  140.00000    0  309          -  140.00000      -     -   38s
     0     2  140.00000    0  301          -  140.00000      -     -   43s
    29    31  140.00000   19  601          -  140.00000      -   174   45s
   224   154  140.00000   88  703          -  140.00000      -  91.6   50s
   343   186  140.00000   89 1112          -  140.00000      -   130   55s
   484   244  139.00000  105 1022          -  140.00000      -   137   60s
   598   292  139.00000   95  757          -  140.00000      -   154   65s
   743   369  140.00000  119  493          -  140.00000      -   158   70s
   793   382  139.00000   72  500          -  140.00000      -   163  101s
   796   384  138.45455  122 1139          -  140.00000      -   162  106s
   798   385  140.00000   11  231          -  140.00000      -   162  114s
   799   386  139.00000  102 1244          -  140.00000      -   162  115s
   804   391  140.00000   18 1019          -  140.00000      -   225  121s
   805   392  139.00000  107 1249          -  140.00000      -   225  125s
   806   392  140.00000  107  391          -  140.00000      -   225  133s
   808   394  140.00000   54  403          -  140.00000      -   224  140s
   810   395  140.00000   56  274          -  140.00000      -   223  148s
   811   396  139.00000  111  952          -  140.00000      -   223  150s
   812   396  139.00000  104  279          -  140.00000      -   223  155s
   814   398  140.00000  113  420          -  140.00000      -   222  166s
   819   402  140.00000    9  209          -  140.00000      -   454  171s
   821   404  139.00000  103 1211          -  140.00000      -   453  177s
   822   404  139.00000  103  334          -  140.00000      -   452  182s
   824   406  140.00000   60  302          -  140.00000      -   451  190s
   826   407  140.00000  107  338          -  140.00000      -   450  201s
   828   408  139.00000  116  376          -  140.00000      -   449  208s
   829   409  140.00000   67  954          -  140.00000      -   448  210s
   830   410  139.00000  122  443          -  140.00000      -   448  216s
   831   410  140.00000  107  416          -  140.00000      -   447  227s
   832   411  139.00000  111  416          -  140.00000      -   447  234s
   833   414  140.00000   36  380          -  140.00000      -   749  235s
   852   426  140.00000   45  471          -  140.00000      -   738  240s
   860   432  140.00000   49  360          -  140.00000      -   734  252s
   894   454  140.00000   66  482          -  140.00000      -   718  255s
   954   492  140.00000   96  570          -  140.00000      -   694  260s
   977   498  140.00000   68  557          -  140.00000      -   683  265s
   985   503  140.00000   72  496          -  140.00000      -   681  270s
  1005   512  140.00000   82  331          -  140.00000      -   671  275s
  1020   508  140.00000   63  736          -  140.00000      -   664  280s
  1035   518  140.00000   71  620          -  140.00000      -   659  285s
  1078   542  140.00000   92  486          -  140.00000      -   643  290s
  1136   568  140.00000   91  836          -  140.00000      -   624  295s
  1163   576  140.00000   80  717          -  140.00000      -   622  300s
  1183   581  140.00000   64  466          -  140.00000      -   618  305s
  1268   631 infeasible  107               -  140.00000      -   592  310s
  1282   634  140.00000   62  652          -  140.00000      -   592  315s
  1331   656  140.00000   84  438          -  140.00000      -   581  321s
  1394   667  140.00000   93  209          -  140.00000      -   562  325s
  1474   643  140.00000  104  325          -  140.00000      -   537  330s
  1547   679  140.00000   94  482          -  140.00000      -   522  335s
  1621   668  140.00000   70  543          -  140.00000      -   506  340s
  1703   712  140.00000   92  741          -  140.00000      -   490  345s
  1775   717  140.00000   59  564          -  140.00000      -   478  350s
  1864   743 infeasible   97               -  140.00000      -   464  355s
  1941   766  140.00000   85  341          -  140.00000      -   453  360s
  2011   760 infeasible  101               -  140.00000      -   445  365s
  2079   771  140.00000   93  532          -  140.00000      -   436  370s
  2150   789  140.00000   80  506          -  140.00000      -   428  375s
  2228   853  140.00000   77  755          -  140.00000      -   418  380s
  2303   904  140.00000  101  221          -  140.00000      -   410  385s
  2371   940  140.00000  103  256          -  140.00000      -   404  390s
  2436   970  139.00000  117  334          -  140.00000      -   400  395s
  2511   999 infeasible  115               -  140.00000      -   394  400s
  2601  1042  140.00000  108  284          -  140.00000      -   386  405s
  2676  1063  140.00000  101  531          -  140.00000      -   382  410s
  2760  1087  140.00000  114  264          -  140.00000      -   376  415s
  2881  1104  140.00000  109  536          -  140.00000      -   365  420s
  2962  1131  140.00000  103  475          -  140.00000      -   360  425s
  3071  1133 infeasible  115               -  140.00000      -   353  430s
  3167  1157  140.00000   90  340          -  140.00000      -   347  435s
  3267  1198  140.00000   86  412          -  140.00000      -   342  440s
  3379  1253  140.00000   99  521          -  140.00000      -   335  445s
  3475  1294 infeasible   94               -  140.00000      -   330  450s
  3585  1318  140.00000  118  422          -  140.00000      -   325  455s
  3640  1318  139.00000   94  364          -  140.00000      -   322  482s
  3650  1316 infeasible   97               -  140.00000      -   322  485s
  3669  1323 infeasible  102               -  140.00000      -   322  490s
  3691  1337  140.00000  113  429          -  140.00000      -   321  495s
  3716  1348  140.00000  106  487          -  140.00000      -   321  500s
  3831  1415  139.95181  117  490          -  140.00000      -   316  505s
  3944  1448  140.00000  118  457          -  140.00000      -   312  510s
  4053  1483  140.00000  111  300          -  140.00000      -   309  515s
  4170  1535  140.00000  118  339          -  140.00000      -   305  520s
  4277  1552 infeasible  126               -  140.00000      -   302  525s
  4399  1565 infeasible  120               -  140.00000      -   298  530s
  4517  1596  140.00000   94  521          -  140.00000      -   294  535s
  4635  1623  140.00000  105  698          -  140.00000      -   291  540s
  4775  1635  140.00000  110  337          -  140.00000      -   287  545s
  4938  1670  140.00000   90  625          -  140.00000      -   282  550s
  5090  1702  140.00000  128  340          -  140.00000      -   277  555s
  5108  1699  140.00000  122  446          -  140.00000      -   277  560s
  5251  1701 infeasible  125               -  140.00000      -   273  565s
  5340  1732 infeasible   82               -  140.00000      -   273  570s
  5408  1773  140.00000   63  661          -  140.00000      -   271  575s
  5480  1828  140.00000   84  578          -  140.00000      -   270  580s
  5565  1880  140.00000   92  499          -  140.00000      -   268  585s
  5669  1891  140.00000   95  520          -  140.00000      -   266  590s
  5806  1916 infeasible  117               -  140.00000      -   264  595s
  5934  1925 infeasible  102               -  140.00000      -   261  600s
  6098  1927  140.00000  110  326          -  140.00000      -   257  605s
  6245  1960 infeasible  111               -  140.00000      -   254  610s
  6425  1990  140.00000  100  479          -  140.00000      -   249  615s
  6547  2018  140.00000   93  717          -  140.00000      -   247  620s
  6713  2047 infeasible  107               -  140.00000      -   244  625s
  6901  2085  139.40000  113  601          -  140.00000      -   240  630s
  7060  2095 infeasible  110               -  140.00000      -   238  635s
  7269  2104 infeasible  116               -  140.00000      -   233  640s
  7462  2111 infeasible   97               -  140.00000      -   230  645s
  7597  2157 infeasible   99               -  140.00000      -   229  650s
  7749  2216  140.00000  101  513          -  140.00000      -   227  655s
  7909  2285  140.00000  104  653          -  140.00000      -   225  660s
  8031  2348  140.00000   95  293          -  140.00000      -   224  665s
  8254  2460  140.00000  117  345          -  140.00000      -   221  670s
  8451  2528  139.00000  107  408          -  140.00000      -   219  675s
  8582  2581  139.00000  102  465          -  140.00000      -   219  680s
  8713  2594 infeasible   97               -  140.00000      -   218  685s
  8882  2653  139.00000  122  482          -  140.00000      -   217  690s
  9031  2680 infeasible  106               -  140.00000      -   216  695s
  9151  2722  140.00000  105  485          -  140.00000      -   216  700s
  9254  2765 infeasible  105               -  140.00000      -   216  705s
  9423  2807  138.93617  117  685          -  140.00000      -   215  710s
  9549  2814 infeasible  124               -  140.00000      -   215  715s
  9721  2825  139.00000  101  603          -  140.00000      -   214  720s
  9870  2838 infeasible   87               -  140.00000      -   214  725s
  9961  2871  140.00000   93  245          -  140.00000      -   214  730s
 10115  2886 infeasible  116               -  140.00000      -   213  735s
 10202  2898 infeasible  104               -  140.00000      -   213  902s
 10266  2931  140.00000   94  609          -  140.00000      -   213  905s
 10371  2972 infeasible   93               -  140.00000      -   213  910s
 10493  3006  140.00000   86  375          -  140.00000      -   213  915s
 10621  3040 infeasible   94               -  140.00000      -   213  920s
 10790  3077  140.00000  116  427          -  140.00000      -   212  925s
 10977  3104  140.00000  112  358          -  140.00000      -   211  930s
 11117  3125  140.00000  128  446          -  140.00000      -   210  935s
 11293  3139 infeasible  120               -  140.00000      -   209  940s
 11455  3148  140.00000  123  485          -  140.00000      -   208  945s
 11588  3158  140.00000  110  520          -  140.00000      -   208  950s
 11717  3203  140.00000  105  614          -  140.00000      -   207  955s
 11822  3230  138.91176   98  471          -  140.00000      -   207  960s
 11944  3269 infeasible   98               -  140.00000      -   207  965s
 12049  3286 infeasible  137               -  140.00000      -   207  970s
 12200  3295 infeasible   88               -  140.00000      -   207  975s
 12308  3336 infeasible  109               -  140.00000      -   206  980s
 12406  3355  140.00000   96  559          -  140.00000      -   207  985s
 12546  3396  140.00000  115  366          -  140.00000      -   206  990s
 12674  3404  140.00000   98  599          -  140.00000      -   206  995s
 12811  3426 infeasible  113               -  140.00000      -   205 1000s
 12939  3422  140.00000  106  585          -  140.00000      -   205 1005s
 13099  3450 infeasible  120               -  140.00000      -   204 1010s
 13229  3457  140.00000  100  774          -  140.00000      -   204 1015s
 13344  3465 infeasible  101               -  140.00000      -   204 1020s
 13500  3505 infeasible  125               -  140.00000      -   203 1025s
 13673  3530  139.84735  117  636          -  140.00000      -   203 1030s
 13852  3547  140.00000  133  305          -  140.00000      -   202 1035s
 13972  3541  140.00000  112  603          -  140.00000      -   202 1040s
 14070  3551  139.25000  105  655          -  140.00000      -   202 1045s
 14132  3578  140.00000  104  469          -  140.00000      -   202 1050s
 14246  3611 infeasible  122               -  140.00000      -   202 1055s
 14404  3616 infeasible  130               -  140.00000      -   201 1060s
 14552  3629 infeasible  124               -  140.00000      -   201 1065s
 14612  3625  140.00000   49  685          -  140.00000      -   202 1070s
 14658  3644  140.00000   59  626          -  140.00000      -   202 1075s
 14710  3666  140.00000   54  793          -  140.00000      -   202 1080s
 14758  3693 infeasible   66               -  140.00000      -   202 1085s
 14971  3714 infeasible  126               -  140.00000      -   201 1090s
 15190  3699 infeasible  105               -  140.00000      -   200 1095s
 15303  3709 infeasible  111               -  140.00000      -   200 1104s
 15310  3702 infeasible  119               -  140.00000      -   200 1105s
 15440  3726 infeasible  120               -  140.00000      -   199 1110s
 15687  3788 infeasible  128               -  140.00000      -   198 1115s
 15881  3806 infeasible  131               -  140.00000      -   197 1120s
 16118  3807 infeasible  132               -  140.00000      -   196 1125s
 16345  3857 infeasible  138               -  140.00000      -   194 1130s
 16527  3869  140.00000  104  498          -  140.00000      -   194 1135s
 16692  3907  140.00000  101  741          -  140.00000      -   193 1140s
 16827  3953  140.00000  109  460          -  140.00000      -   193 1145s
 16991  3995 infeasible  113               -  140.00000      -   192 1150s
 17134  4031  140.00000  104  791          -  140.00000      -   192 1155s
 17289  4051 infeasible  115               -  140.00000      -   192 1160s
 17410  4062  140.00000  111  419          -  140.00000      -   192 1165s
 17615  4090  140.00000  117  365          -  140.00000      -   191 1170s
 17780  4122  139.97241  114  585          -  140.00000      -   191 1175s
 17988  4161  139.68713  104  581          -  140.00000      -   190 1180s
 18204  4176 infeasible  115               -  140.00000      -   189 1185s
 18456  4198  140.00000  124  471          -  140.00000      -   188 1190s
 18612  4225  140.00000   95  452          -  140.00000      -   188 1195s
 18873  4222  140.00000  106  349          -  140.00000      -   186 1200s
 19070  4224  140.00000  114  301          -  140.00000      -   186 1213s
 19075  4221  140.00000   89  477          -  140.00000      -   186 1215s
 19090  4232  140.00000  102  460          -  140.00000      -   186 1220s
 19130  4241  140.00000  100  630          -  140.00000      -   186 1225s
 19202  4265 infeasible   95               -  140.00000      -   187 1230s
 19407  4347  139.00000  109  612          -  140.00000      -   186 1235s
 19552  4368  139.88649  104  457          -  140.00000      -   186 1240s
 19669  4384 infeasible  110               -  140.00000      -   186 1245s
 19873  4435  140.00000   93  360          -  140.00000      -   185 1250s
 20053  4437 infeasible   94               -  140.00000      -   185 1255s
 20148  4444 infeasible  114               -  140.00000      -   185 1260s
 20303  4466 infeasible  120               -  140.00000      -   185 1265s
 20404  4481 infeasible  124               -  140.00000      -   185 1273s
 20471  4492 infeasible  135               -  140.00000      -   185 1275s
 20623  4482 infeasible  107               -  140.00000      -   185 1280s
 20771  4477  140.00000   94  602          -  140.00000      -   184 1285s
 20873  4480  140.00000   55  277          -  140.00000      -   185 1290s
 20912  4501  140.00000   61  772          -  140.00000      -   185 1295s
 20956  4529  140.00000   77  693          -  140.00000      -   185 1300s
 21013  4553  140.00000   63  582          -  140.00000      -   186 1305s
 21040  4576  140.00000   76  547          -  140.00000      -   186 1310s
 21107  4620  140.00000   60  372          -  140.00000      -   186 1315s
 21194  4670  140.00000   68  516          -  140.00000      -   186 1320s
 21310  4721  140.00000   79  623          -  140.00000      -   186 1325s
 21387  4730  140.00000   60  998          -  140.00000      -   186 1330s
 21503  4736  140.00000  106  490          -  140.00000      -   186 1335s
 21725  4755 infeasible  120               -  140.00000      -   185 1340s
 21926  4759 infeasible  129               -  140.00000      -   185 1345s
 22146  4772 infeasible  117               -  140.00000      -   184 1350s
 22352  4780  140.00000  123  351          -  140.00000      -   184 1355s
 22452  4801 infeasible   78               -  140.00000      -   184 1360s
 22522  4830  140.00000  109  491          -  140.00000      -   184 1365s
 22683  4850  140.00000  116  234          -  140.00000      -   184 1370s
 22823  4849 infeasible  112               -  140.00000      -   184 1375s
 22961  4856 infeasible  114               -  140.00000      -   184 1380s
 23145  4881  140.00000  109  526          -  140.00000      -   184 1385s
 23352  4902  140.00000  111  607          -  140.00000      -   183 1390s
 23537  4931 infeasible  119               -  140.00000      -   183 1395s
 23550  4937  140.00000  125  353          -  140.00000      -   183 1411s
 23574  4937 infeasible  120               -  140.00000      -   183 1415s
 23592  4933  140.00000   69  610          -  140.00000      -   183 1420s
 23601  4938  140.00000   74  622          -  140.00000      -   183 1425s
 23768  4970 infeasible  117               -  140.00000      -   183 1430s
 24009  5013 infeasible  121               -  140.00000      -   182 1435s
 24167  5043 infeasible  105               -  140.00000      -   182 1440s
 24328  5076  140.00000   82  511          -  140.00000      -   182 1445s
 24492  5127  140.00000   90  250          -  140.00000      -   182 1450s
 24575  5158 infeasible  114               -  140.00000      -   182 1455s
 24696  5210  140.00000   92  353          -  140.00000      -   182 1460s
 24840  5242  140.00000   91  511          -  140.00000      -   182 1465s
 24933  5245  140.00000   88  241          -  140.00000      -   182 1470s
 25063  5286 infeasible   93               -  140.00000      -   182 1475s
 25264  5351  140.00000  100  356          -  140.00000      -   182 1480s
 25431  5397 infeasible   93               -  140.00000      -   181 1485s
 25505  5433  140.00000   92  472          -  140.00000      -   181 1492s
 25586  5466  140.00000  100  319          -  140.00000      -   181 1495s
 25777  5547 infeasible  114               -  140.00000      -   181 1500s
 25980  5605  140.00000   98  522          -  140.00000      -   181 1505s
 26171  5643 infeasible  107               -  140.00000      -   180 1510s
 26331  5661 infeasible  107               -  140.00000      -   180 1515s
 26527  5721  140.00000  104  292          -  140.00000      -   180 1520s
 26724  5770 infeasible  102               -  140.00000      -   180 1525s
 26893  5779  140.00000   95  420          -  140.00000      -   180 1530s
 27137  5834 infeasible  113               -  140.00000      -   179 1535s
 27383  5863 infeasible  118               -  140.00000      -   178 1540s
 27574  5891  140.00000  109  350          -  140.00000      -   178 1545s
 27836  5901  140.00000  105  587          -  140.00000      -   178 1550s
 28026  5957 infeasible  116               -  140.00000      -   178 1555s
 28212  6015  139.74074  112  742          -  140.00000      -   177 1560s
 28428  6074  140.00000  107  263          -  140.00000      -   177 1565s
 28567  6112  140.00000  105  450          -  140.00000      -   177 1570s
 28762  6138  140.00000  104  369          -  140.00000      -   177 1575s
 28983  6193 infeasible  115               -  140.00000      -   176 1580s
 29147  6205 infeasible  119               -  140.00000      -   176 1585s
 29373  6250 infeasible  120               -  140.00000      -   176 1590s
 29583  6253 infeasible  113               -  140.00000      -   176 1595s
 29783  6282 infeasible  119               -  140.00000      -   175 1600s
 29942  6291  140.00000  130  599          -  140.00000      -   175 1605s
 30129  6335 infeasible  110               -  140.00000      -   175 1610s
 30316  6349  139.00000  119  686          -  140.00000      -   175 1615s
 30522  6328  139.94667  116  780          -  140.00000      -   175 1620s
 30606  6340  140.00000  113  282          -  140.00000      -   175 1626s
 30702  6338  140.00000  103  473          -  140.00000      -   175 1630s
 30879  6350 infeasible  104               -  140.00000      -   175 1635s
 31039  6384 infeasible  107               -  140.00000      -   175 1640s
 31171  6364  139.00000  100  463          -  140.00000      -   175 1645s
 31362  6420  140.00000  103  437          -  140.00000      -   175 1650s
 31516  6461 infeasible  102               -  140.00000      -   175 1655s
 31726  6545  140.00000  100  296          -  140.00000      -   175 1660s
 31877  6580  140.00000  102  323          -  140.00000      -   175 1665s
 32075  6612  140.00000  110  375          -  140.00000      -   175 1670s
 32290  6650 infeasible  105               -  140.00000      -   175 1675s
 32451  6652 infeasible  111               -  140.00000      -   175 1680s
 32656  6678  139.89756  124  581          -  140.00000      -   174 1685s
 32834  6683 infeasible  109               -  140.00000      -   174 1690s
 33017  6691 infeasible  106               -  140.00000      -   174 1695s
 33236  6680 infeasible  106               -  140.00000      -   174 1700s
 33398  6721  140.00000  108  402          -  140.00000      -   174 1705s
 33519  6742  137.90402  107  567          -  140.00000      -   174 1710s
 33659  6761 infeasible  106               -  140.00000      -   174 1715s
 33811  6801 infeasible  105               -  140.00000      -   174 1720s
 33936  6808 infeasible  103               -  140.00000      -   174 1725s
 34123  6817  139.94030  121  359          -  140.00000      -   174 1730s
 34269  6851  140.00000   96  480          -  140.00000      -   174 1735s
 34484  6848 infeasible  121               -  140.00000      -   174 1740s
 34641  6859 infeasible  118               -  140.00000      -   174 1745s
 34653  6849 infeasible  113               -  140.00000      -   174 1750s
 34728  6850  140.00000   94  551          -  140.00000      -   174 1755s
 34900  6890 infeasible  100               -  140.00000      -   174 1760s
 35085  6908 infeasible  113               -  140.00000      -   173 1765s
 35285  6898 infeasible  105               -  140.00000      -   173 1770s
 35393  6894  140.00000   55  257          -  140.00000      -   173 1775s
 35402  6903  140.00000   61  766          -  140.00000      -   174 1780s
 35432  6914 infeasible   69               -  140.00000      -   174 1785s
 35448  6928  140.00000   65  592          -  140.00000      -   175 1790s
 35524  6947 infeasible  106               -  140.00000      -   175 1795s
 35669  6956  139.00000  106  568          -  140.00000      -   175 1800s
 35707  6958  140.00000  109  288          -  140.00000      -   174 1805s
 35843  6949  140.00000  105  524          -  140.00000      -   175 1810s
 36017  6952 infeasible  120               -  140.00000      -   174 1815s
 36174  6977  140.00000   81  543          -  140.00000      -   174 1820s
 36289  7018 infeasible  116               -  140.00000      -   174 1825s
 36300  7020  140.00000  102  601          -  140.00000      -   174 1859s
 36302  7018 infeasible  103               -  140.00000      -   174 1860s
 36314  7024  140.00000   63  681          -  140.00000      -   174 1865s
 36323  7031  140.00000   68  838          -  140.00000      -   175 1871s
 36331  7037  140.00000   72  443          -  140.00000      -   175 1875s
 36336  7038 infeasible   76               -  140.00000      -   175 1880s
 36344  7044  140.00000   81  806          -  140.00000      -   175 1885s
 36353  7049  140.00000   88  869          -  140.00000      -   175 1890s
 36368  7055  140.00000   94  526          -  140.00000      -   175 1895s
 36392  7071  140.00000   77  685          -  140.00000      -   175 1900s
 36445  7087  140.00000   78  564          -  140.00000      -   176 1905s
 36583  7128 infeasible  105               -  140.00000      -   176 1910s
 36738  7145 infeasible   88               -  140.00000      -   176 1915s
 36884  7193  140.00000   89  280          -  140.00000      -   175 1920s
 37048  7221 infeasible   91               -  140.00000      -   175 1925s
 37224  7233 infeasible  107               -  140.00000      -   175 1930s
 37353  7259  139.10000  101  387          -  140.00000      -   175 1935s
 37470  7291  138.00000  111  596          -  140.00000      -   175 1940s
 37620  7340 infeasible  113               -  140.00000      -   175 1945s
 37726  7339  139.00000   94  475          -  140.00000      -   175 1950s
 37861  7357  140.00000   77  404          -  140.00000      -   175 1955s
 37981  7393  140.00000   96  512          -  140.00000      -   176 1960s
 38123  7416 infeasible  110               -  140.00000      -   175 1965s
 38230  7414  140.00000   81  544          -  140.00000      -   176 1970s
 38361  7424  140.00000   49  678          -  140.00000      -   176 1975s
 38462  7463  140.00000  106  388          -  140.00000      -   176 1980s
 38658  7505  136.25000   96  543          -  140.00000      -   175 1985s
 38745  7576  140.00000  116  595          -  140.00000      -   175 1990s
 38963  7592 infeasible  122               -  140.00000      -   175 1995s
 39031  7604  140.00000   66  762          -  140.00000      -   175 2000s
 39082  7655  140.00000  115  631          -  140.00000      -   176 2005s
 39204  7711 infeasible   97               -  140.00000      -   175 2010s
 39369  7746 infeasible   94               -  140.00000      -   176 2015s
 39522  7748 infeasible  122               -  140.00000      -   175 2020s
 39725  7782 infeasible   87               -  140.00000      -   175 2025s
 39882  7808 infeasible  119               -  140.00000      -   175 2030s
 40028  7786  140.00000   56  769          -  140.00000      -   175 2035s
 40052  7810  140.00000   78  425          -  140.00000      -   175 2040s
 40203  7853 infeasible  108               -  140.00000      -   175 2045s
 40382  7897  140.00000  118  348          -  140.00000      -   175 2050s
 40566  7907  140.00000  113  395          -  140.00000      -   175 2055s
 40745  7923  138.00000  121  328          -  140.00000      -   175 2060s
 40808  7927 infeasible  119               -  140.00000      -   175 2066s
 40923  7951 infeasible  119               -  140.00000      -   175 2070s
 41090  7967  139.90000  121  316          -  140.00000      -   175 2075s
 41278  7970 infeasible  120               -  140.00000      -   174 2080s
 41478  7975 infeasible  110               -  140.00000      -   174 2085s
 41697  8002  140.00000  110  457          -  140.00000      -   174 2090s
 41844  8018  140.00000  121  330          -  140.00000      -   174 2095s
 41912  8038 infeasible   85               -  140.00000      -   174 2100s
 41994  8040  140.00000   72  658          -  140.00000      -   174 2105s
 42080  8068 infeasible   95               -  140.00000      -   174 2110s
 42216  8090 infeasible  120               -  140.00000      -   174 2115s
 42299  8122  140.00000  119  282          -  140.00000      -   175 2120s
 42460  8167 infeasible  111               -  140.00000      -   174 2125s
 42672  8201  140.00000  104  344          -  140.00000      -   174 2130s
 42867  8230  140.00000  105  551          -  140.00000      -   174 2135s
 43027  8244  140.00000  119  355          -  140.00000      -   174 2140s
 43237  8280 infeasible  135               -  140.00000      -   174 2145s
 43406  8309  140.00000  103  897          -  140.00000      -   174 2150s
 43525  8364  140.00000  104  444          -  140.00000      -   174 2155s
 43699  8423 infeasible  100               -  140.00000      -   174 2160s
 43814  8455 infeasible  102               -  140.00000      -   174 2165s
 43990  8475 infeasible   98               -  140.00000      -   174 2170s
 44127  8495  140.00000  101  325          -  140.00000      -   174 2175s
 44320  8567 infeasible  111               -  140.00000      -   173 2180s
 44500  8608 infeasible  106               -  140.00000      -   173 2185s
 44701  8659  140.00000  105  551          -  140.00000      -   173 2190s
 44888  8689 infeasible  116               -  140.00000      -   173 2195s
 45087  8733  140.00000  116  234          -  140.00000      -   173 2200s
 45278  8740  140.00000  109  310          -  140.00000      -   173 2205s
 45464  8765  140.00000  100  755          -  140.00000      -   173 2210s
 45628  8772 infeasible  109               -  140.00000      -   173 2215s
 45856  8811 infeasible  108               -  140.00000      -   173 2220s
 45909  8831  139.00000  118  273          -  140.00000      -   173 2226s
 46038  8863 infeasible  107               -  140.00000      -   173 2230s
 46229  8934  140.00000  109  528          -  140.00000      -   172 2235s
 46424  8975 infeasible  100               -  140.00000      -   172 2240s
 46633  9011 infeasible  107               -  140.00000      -   172 2245s
 46787  9011 infeasible  104               -  140.00000      -   172 2250s
 46976  9033 infeasible  101               -  140.00000      -   172 2255s
 47154  9078 infeasible  125               -  140.00000      -   172 2260s
 47324  9099  140.00000   73  459          -  140.00000      -   172 2265s
 47520  9192 infeasible  114               -  140.00000      -   171 2270s
 47661  9218  140.00000   88  705          -  140.00000      -   171 2275s
 47894  9296 infeasible   91               -  140.00000      -   171 2280s
 48154  9358 infeasible  118               -  140.00000      -   170 2285s
 48501  9373 infeasible  110               -  140.00000      -   169 2290s
 48695  9419  139.00000   95  742          -  140.00000      -   169 2295s
 48807  9461 infeasible   98               -  140.00000      -   169 2300s
 48916  9471 infeasible  103               -  140.00000      -   169 2305s
 49023  9460  140.00000  113  445          -  140.00000      -   170 2310s
 49108  9472  139.00000   92  582          -  140.00000      -   170 2315s
 49262  9517  140.00000  108  559          -  140.00000      -   170 2320s
 49430  9548 infeasible  117               -  140.00000      -   170 2325s
 49662  9619  140.00000  112  300          -  140.00000      -   170 2330s
 49822  9669 infeasible  127               -  140.00000      -   170 2335s
 50049  9713  140.00000  122  530          -  140.00000      -   169 2340s
 50226  9737  140.00000  113  289          -  140.00000      -   169 2345s
 50505  9740 infeasible  113               -  140.00000      -   169 2350s
 50698  9742  140.00000  122  552          -  140.00000      -   169 2355s
 50948  9758 infeasible  115               -  140.00000      -   168 2360s
 51010  9763 infeasible  123               -  140.00000      -   168 2366s
 51161  9759  140.00000  120  369          -  140.00000      -   168 2370s
 51263  9758 infeasible   97               -  140.00000      -   168 2375s
 51416  9797  140.00000  129  313          -  140.00000      -   168 2380s
 51515  9856  140.00000  136  698          -  140.00000      -   168 2385s
 51645  9898  140.00000  110  496          -  140.00000      -   168 2390s
 51785  9944  140.00000  118  859          -  140.00000      -   168 2395s
 51928  9936 infeasible  122               -  140.00000      -   168 2400s
 52067  9922 infeasible  130               -  140.00000      -   168 2405s
 52194  9954 infeasible  111               -  140.00000      -   168 2410s
 52290  9948  139.94811  106  566          -  140.00000      -   168 2415s
 52380  9947  140.00000  109  385          -  140.00000      -   168 2420s
 52537  9980  139.60746  123  405          -  140.00000      -   168 2425s
 52661 10023 infeasible  101               -  140.00000      -   168 2430s
 52798 10059 infeasible  108               -  140.00000      -   169 2435s
 52933 10078  140.00000  106  457          -  140.00000      -   169 2440s
 53082 10091  140.00000   71  775          -  140.00000      -   169 2445s
 53234 10144 infeasible  113               -  140.00000      -   169 2450s
 53309 10122  140.00000  108  329          -  140.00000      -   169 2455s
 53442 10107  140.00000   86  502          -  140.00000      -   169 2460s
 53526 10128  140.00000   40  801          -  140.00000      -   169 2465s
 53551 10137  140.00000   48  781          -  140.00000      -   169 2470s
 53579 10157 infeasible   70               -  140.00000      -   169 2475s
 53591 10157  140.00000   44  916          -  140.00000      -   170 2480s
 53593 10159  140.00000   45  550          -  140.00000      -   171 2491s
 53595 10161  140.00000   46  666          -  140.00000      -   171 2495s
 53609 10173  140.00000   55  766          -  140.00000      -   171 2504s
 53614 10178  140.00000   60  902          -  140.00000      -   171 2505s
 53624 10178 infeasible   65               -  140.00000      -   172 2510s
 53674 10188  140.00000  108  555          -  140.00000      -   172 2515s
 53816 10196  140.00000   64 1016          -  140.00000      -   172 2520s
 53818 10198  140.00000   65  511          -  140.00000      -   173 2547s
 53826 10206  140.00000   73  649          -  140.00000      -   173 2551s
 53830 10206 infeasible   74               -  140.00000      -   173 2555s
 53834 10204 infeasible   75               -  140.00000      -   173 2560s
 53845 10209  140.00000   82  629          -  140.00000      -   173 2565s
 53857 10219  140.00000   93  721          -  140.00000      -   173 2570s
 53951 10250  139.00000   85  853          -  140.00000      -   173 2575s
 54105 10296 infeasible  116               -  140.00000      -   173 2580s
 54339 10308 infeasible  119               -  140.00000      -   173 2585s
 54531 10336 infeasible  122               -  140.00000      -   173 2590s
 54674 10332 infeasible  126               -  140.00000      -   173 2595s
 54931 10389  140.00000  109  546          -  140.00000      -   173 2600s
 55145 10371 infeasible  105               -  140.00000      -   173 2605s
 55316 10381 infeasible  125               -  140.00000      -   173 2610s
 55389 10387  140.00000   97  559          -  140.00000      -   173 2615s
 55545 10403  140.00000  121  586          -  140.00000      -   173 2620s
 55676 10395 infeasible  115               -  140.00000      -   173 2625s
 55828 10392  140.00000  105  337          -  140.00000      -   173 2630s
 55939 10401  140.00000  112  420          -  140.00000      -   173 2635s
 56111 10452 infeasible  120               -  140.00000      -   173 2644s
 56125 10450  140.00000  117  583          -  140.00000      -   173 2645s
 56244 10445 infeasible  134               -  140.00000      -   173 2650s
 56403 10451 infeasible  123               -  140.00000      -   173 2655s
 56536 10465  140.00000  112  440          -  140.00000      -   173 2660s
 56693 10529  140.00000  123  457          -  140.00000      -   173 2665s
 56781 10546  140.00000   81  720          -  140.00000      -   173 2670s
 56991 10569  140.00000  103  787          -  140.00000      -   173 2675s
 57134 10571 infeasible  122               -  140.00000      -   173 2680s
 57251 10566  140.00000   88  596          -  140.00000      -   173 2685s
 57424 10594  140.00000   86  682          -  140.00000      -   173 2690s
 57534 10610 infeasible  102               -  140.00000      -   173 2695s
 57660 10614 infeasible   91               -  140.00000      -   173 2700s
 57746 10614  140.00000   93  487          -  140.00000      -   173 2705s
 57843 10616 infeasible   89               -  140.00000      -   174 2710s
 57922 10668  140.00000  101  760          -  140.00000      -   174 2715s
 57959 10683 infeasible   85               -  140.00000      -   174 2720s
 58099 10744 infeasible  109               -  140.00000      -   174 2725s
 58243 10772  139.00000  111  750          -  140.00000      -   174 2730s
 58392 10775  139.91304  118  923          -  140.00000      -   174 2735s
 58477 10776  140.00000   77  762          -  140.00000      -   174 2740s
 58531 10797 infeasible   97               -  140.00000      -   174 2745s
 58644 10872  140.00000  134  693          -  140.00000      -   174 2750s
 58707 10893  140.00000   97  674          -  140.00000      -   174 2755s
 58869 10977  140.00000  117  703          -  140.00000      -   174 2760s
 58961 10988  140.00000  105  497          -  140.00000      -   174 2765s
 59114 11019  140.00000   95  379          -  140.00000      -   174 2770s
 59223 11098 infeasible  126               -  140.00000      -   174 2775s
 59342 11137 infeasible  134               -  140.00000      -   174 2780s
 59460 11155 infeasible   93               -  140.00000      -   174 2785s
 59604 11233 infeasible   87               -  140.00000      -   174 2790s
 59766 11299 infeasible   84               -  140.00000      -   174 2795s
 59906 11312 infeasible   87               -  140.00000      -   174 2800s
 60023 11333  140.00000  101  579          -  140.00000      -   174 2805s
 60146 11365  140.00000   78  561          -  140.00000      -   175 2810s
 60334 11433 infeasible  118               -  140.00000      -   174 2815s
 60478 11465 infeasible   71               -  140.00000      -   174 2820s
 60638 11458  140.00000   84  510          -  140.00000      -   174 2825s
 60777 11492 infeasible   81               -  140.00000      -   175 2830s
 60935 11526 infeasible   89               -  140.00000      -   174 2835s
 61126 11586  140.00000   95  761          -  140.00000      -   174 2840s
 61212 11599  140.00000   93  559          -  140.00000      -   174 2848s
 61286 11657  140.00000  126  298          -  140.00000      -   174 2850s
 61498 11661 infeasible  117               -  140.00000      -   174 2855s
 61677 11735  140.00000   85  558          -  140.00000      -   174 2860s
 61773 11771 infeasible  105               -  140.00000      -   174 2865s
 61966 11839  140.00000   88  547          -  140.00000      -   174 2870s
 62107 11851 infeasible   93               -  140.00000      -   174 2875s
 62242 11852 infeasible  112               -  140.00000      -   174 2880s
 62469 11899 infeasible  111               -  140.00000      -   174 2885s
 62648 11939  140.00000   99  497          -  140.00000      -   174 2890s
 62834 11982  140.00000  105  721          -  140.00000      -   174 2895s
 62977 12010  139.25000  101  534          -  140.00000      -   174 2900s
 63167 12003  140.00000  105  295          -  140.00000      -   174 2905s
 63348 12027 infeasible  120               -  140.00000      -   174 2910s
 63474 12040  140.00000   83  836          -  140.00000      -   174 2915s
 63517 12037 infeasible   83               -  140.00000      -   174 2920s
 63594 12035 infeasible   83               -  140.00000      -   174 2925s
 63651 12040 infeasible   93               -  140.00000      -   174 2930s
 63719 12041 infeasible   96               -  140.00000      -   174 2935s
 63736 12033 infeasible   85               -  140.00000      -   175 2940s
 63748 12033  140.00000   79  734          -  140.00000      -   175 2979s
 63752 12029 infeasible  121               -  140.00000      -   175 2980s
 63761 12022  140.00000   69  897          -  140.00000      -   175 2985s
 63769 12024 infeasible   73               -  140.00000      -   175 2991s
 63777 12026 infeasible   75               -  140.00000      -   175 2995s
 63783 12028  140.00000   71  807          -  140.00000      -   175 3001s
 63787 12030 infeasible   74               -  140.00000      -   175 3007s
 63792 12033 infeasible   78               -  140.00000      -   175 3011s
 63793 12034  140.00000   76  464          -  140.00000      -   175 3015s
 63850 12075  140.00000  119  486          -  140.00000      -   175 3020s
 64021 12089 infeasible  115               -  140.00000      -   175 3025s
 64124 12096  140.00000   93  482          -  140.00000      -   175 3030s
 64362 12111 infeasible  102               -  140.00000      -   175 3035s
 64463 12120 infeasible  103               -  140.00000      -   175 3040s
 64557 12116  139.66687  108  587          -  140.00000      -   176 3045s
 64695 12114 infeasible  108               -  140.00000      -   176 3050s
 64911 12134 infeasible  110               -  140.00000      -   175 3055s
 65148 12164  139.00000  122  666          -  140.00000      -   175 3060s
 65326 12185 infeasible  103               -  140.00000      -   175 3065s
 65448 12205  140.00000   56  737          -  140.00000      -   175 3070s
 65558 12279  140.00000  124  522          -  140.00000      -   175 3075s
 65717 12287 infeasible  108               -  140.00000      -   175 3080s
 65837 12275 infeasible  103               -  140.00000      -   175 3085s
 66021 12300  140.00000   82  591          -  140.00000      -   175 3090s
 66175 12313  140.00000   65  471          -  140.00000      -   175 3096s
 66214 12335 infeasible   95               -  140.00000      -   175 3100s
 66313 12343  139.00000  123  452          -  140.00000      -   175 3109s
 66362 12354 infeasible  121               -  140.00000      -   175 3110s
 66577 12350 infeasible  123               -  140.00000      -   175 3115s
 66758 12381  140.00000  102  597          -  140.00000      -   175 3120s
 66910 12384 infeasible  114               -  140.00000      -   175 3125s
 67064 12376  140.00000  100  452          -  140.00000      -   175 3130s
 67218 12378 infeasible  108               -  140.00000      -   175 3135s
 67433 12396 infeasible  116               -  140.00000      -   175 3140s
 67645 12420  140.00000  117  395          -  140.00000      -   175 3145s
 67832 12412 infeasible  128               -  140.00000      -   175 3150s
 67950 12428  140.00000  111  728          -  140.00000      -   175 3155s
 68133 12501 infeasible  120               -  140.00000      -   175 3160s
 68256 12502 infeasible   76               -  140.00000      -   175 3165s
 68416 12511 infeasible  123               -  140.00000      -   175 3170s
 68578 12541  140.00000  103  646          -  140.00000      -   175 3175s
 68724 12566 infeasible  116               -  140.00000      -   175 3180s
 68896 12609 infeasible  120               -  140.00000      -   175 3185s
 69051 12612 infeasible  116               -  140.00000      -   175 3190s
 69180 12616 infeasible  116               -  140.00000      -   175 3195s
 69338 12621 infeasible  101               -  140.00000      -   175 3200s
 69466 12625 infeasible  101               -  140.00000      -   175 3205s
 69593 12632  140.00000  103  477          -  140.00000      -   176 3210s
 69762 12674  140.00000   89  659          -  140.00000      -   175 3215s
 69975 12703 infeasible  105               -  140.00000      -   175 3220s
 70157 12730  140.00000   85  796          -  140.00000      -   175 3225s
 70236 12768 infeasible  104               -  140.00000      -   175 3230s
 70417 12799 infeasible   88               -  140.00000      -   175 3235s
 70537 12826  140.00000   84  557          -  140.00000      -   175 3240s
 70695 12834 infeasible   92               -  140.00000      -   175 3245s
 70841 12867 infeasible  106               -  140.00000      -   175 3250s
 70982 12875 infeasible  102               -  140.00000      -   175 3255s
 71116 12879 infeasible  101               -  140.00000      -   175 3260s
 71224 12921  140.00000  101  597          -  140.00000      -   175 3265s
 71378 12988  140.00000   92  645          -  140.00000      -   175 3270s
 71414 13000  139.99900   95  665          -  140.00000      -   175 3277s
 71540 13053 infeasible  131               -  140.00000      -   175 3280s
 71635 13061  140.00000   76  543          -  140.00000      -   175 3285s
 71708 13081 infeasible   91               -  140.00000      -   175 3290s
 71797 13062  140.00000   81  600          -  140.00000      -   175 3295s
 71885 13095  139.30762   80  650          -  140.00000      -   176 3300s
 71984 13110  140.00000   91  635          -  140.00000      -   176 3305s
 72106 13184 infeasible  133               -  140.00000      -   176 3310s
 72209 13173  140.00000   82  677          -  140.00000      -   176 3315s
 72318 13180  140.00000   87  755          -  140.00000      -   176 3320s
 72407 13180  140.00000   76  568          -  140.00000      -   176 3325s
 72548 13210 infeasible   90               -  140.00000      -   176 3330s
 72585 13221  140.00000   56  603          -  140.00000      -   176 3335s
 72613 13248  140.00000   78  891          -  140.00000      -   176 3340s
 72732 13272  140.00000   70  720          -  140.00000      -   176 3345s
 72867 13329 infeasible   88               -  140.00000      -   176 3350s
 72970 13373 infeasible   86               -  140.00000      -   176 3355s
 73106 13425  140.00000   84  809          -  140.00000      -   176 3360s
 73216 13496 infeasible  103               -  140.00000      -   176 3365s
 73312 13535 infeasible  111               -  140.00000      -   176 3370s
 73439 13556  140.00000   83  737          -  140.00000      -   176 3375s
 73555 13610 infeasible   92               -  140.00000      -   176 3380s
 73686 13653 infeasible   99               -  140.00000      -   176 3385s
 73788 13666 infeasible   95               -  140.00000      -   176 3390s
 73889 13678  139.00000  106  269          -  140.00000      -   176 3395s
 73975 13692  140.00000   85  665          -  140.00000      -   177 3400s
 74059 13706 infeasible  104               -  140.00000      -   177 3405s
 74161 13745 infeasible   83               -  140.00000      -   177 3410s
 74236 13784 infeasible  112               -  140.00000      -   177 3415s
 74307 13792 infeasible  123               -  140.00000      -   177 3420s
 74330 13797  140.00000   70  844          -  140.00000      -   177 3425s
 74368 13829  140.00000   97  547          -  140.00000      -   177 3430s
 74453 13879  140.00000   76  360          -  140.00000      -   177 3435s
 74471 13895  140.00000   88  812          -  140.00000      -   177 3440s
 74512 13922  140.00000   72  794          -  140.00000      -   178 3445s
 74537 13940  140.00000   88  770          -  140.00000      -   178 3450s
 74576 13968  140.00000   75  632          -  140.00000      -   178 3457s
 74587 13979  140.00000   85  527          -  140.00000      -   178 3460s
 74590 13982  140.00000   85  490          -  140.00000      -   179 3465s
 74595 13983  140.00000   86  667          -  140.00000      -   179 3470s
 74646 14014  140.00000   72 1063          -  140.00000      -   179 3475s
 74651 14019  140.00000   75  344          -  140.00000      -   179 3480s
 74653 14021  140.00000   75  654          -  140.00000      -   180 3485s
 74670 14038  140.00000   91  475          -  140.00000      -   180 3490s
 74701 14052  140.00000   75  496          -  140.00000      -   180 3496s
 74719 14070  140.00000   86  756          -  140.00000      -   180 3500s
 74754 14086  140.00000   82  876          -  140.00000      -   180 3505s
 74778 14095  140.00000   75  395          -  140.00000      -   181 3510s
 74793 14107  140.00000   85  353          -  140.00000      -   181 3515s
 74873 14160  140.00000   87 1163          -  140.00000      -   181 3520s
 74906 14188 infeasible  117               -  140.00000      -   181 3525s
 74943 14205  140.00000   95  600          -  140.00000      -   181 3530s
 75036 14267  140.00000  108  646          -  140.00000      -   181 3535s
 75105 14297  140.00000  126  708          -  140.00000      -   182 3540s
 75165 14297 infeasible  115               -  140.00000      -   182 3545s
 75201 14298 infeasible  112               -  140.00000      -   182 3550s
 75324 14336 infeasible  114               -  140.00000      -   182 3555s
 75339 14333  140.00000   65  648          -  140.00000      -   182 3561s
 75420 14390  140.00000   62 1273          -  140.00000      -   182 3565s
 75434 14404  140.00000   75  720          -  140.00000      -   182 3570s
 75471 14408  140.00000   80  645          -  140.00000      -   182 3575s
 75605 14500 infeasible  173               -  140.00000      -   182 3580s
 75801 14517 infeasible  157               -  140.00000      -   182 3585s
 75886 14537  138.89362   82  837          -  140.00000      -   182 3590s
 75922 14535  140.00000   76  649          -  140.00000      -   183 3595s

Cutting planes:
  Gomory: 13
  Cover: 216
  Implied bound: 55
  Projected implied bound: 4
  Clique: 110
  MIR: 45
  StrongCG: 51
  Flow cover: 165
  GUB cover: 7
  Zero half: 44
  Network: 3
  Relax-and-lift: 72
  BQP: 2

Explored 75996 nodes (13916764 simplex iterations) in 3600.01 seconds (3690.87 work units)
Thread count was 1 (of 8 available processors)

Solution count 0

Time limit reached
Best objective -, best bound 1.400000000000e+02, gap -
