
Gurobi 11.0.1 (win64) logging started Mon Mar 25 12:53:27 2024

Set parameter LogFile to value "C:\Projetos\Job_Rotation_Algorithms\Outputs\GurobiLogs\gurobi_log-output-56_ton-c37-CostaMirallesModel-NoExtraConstraint-2.log"
Gurobi Optimizer version 11.0.1 build v11.0.1rc0 (win64 - Windows 10.0 (19045.2))

CPU model: 11th Gen Intel(R) Core(TM) i7-1165G7 @ 2.80GHz, instruction set [SSE2|AVX|AVX2|AVX512]
Thread count: 4 physical cores, 8 logical processors, using up to 1 threads

WLS license 901039 - registered to Bitka Analytics
Optimize a model with 5061 rows, 32430 columns and 766116 nonzeros
Model fingerprint: 0xd9a316e5
Variable types: 2 continuous, 32428 integer (32428 binary)
Coefficient statistics:
  Matrix range     [1e+00, 2e+02]
  Objective range  [1e+00, 1e+00]
  Bounds range     [1e+00, 7e+01]
  RHS range        [1e+00, 7e+01]
Presolve added 1700 rows and 0 columns
Presolve removed 0 rows and 1978 columns
Presolve time: 3.58s
Presolved: 6761 rows, 30452 columns, 198729 nonzeros
Variable types: 0 continuous, 30452 integer (28986 binary)

Root simplex log...

Iteration    Objective       Primal Inf.    Dual Inf.      Time
    8187    1.3999965e+02   2.896634e+00   0.000000e+00      5s
    8352    1.4000000e+02   0.000000e+00   0.000000e+00      5s

Root relaxation: objective 1.400000e+02, 8352 iterations, 1.31 seconds (1.91 work units)

    Nodes    |    Current Node    |     Objective Bounds      |     Work
 Expl Unexpl |  Obj  Depth IntInf | Incumbent    BestBd   Gap | It/Node Time

     0     0  140.00000    0  165          -  140.00000      -     -    6s
     0     0  140.00000    0  383          -  140.00000      -     -    6s
     0     0  140.00000    0  383          -  140.00000      -     -    6s
     0     0  140.00000    0  188          -  140.00000      -     -   17s
     0     0  140.00000    0  201          -  140.00000      -     -   17s
     0     0  140.00000    0  193          -  140.00000      -     -   18s
     0     0  140.00000    0 1006          -  140.00000      -     -   20s
     0     0  140.00000    0  768          -  140.00000      -     -   20s
     0     0  140.00000    0  806          -  140.00000      -     -   20s
     0     0  140.00000    0  768          -  140.00000      -     -   21s
     0     0  140.00000    0  279          -  140.00000      -     -   24s
     0     0  140.00000    0  269          -  140.00000      -     -   24s
     0     0  140.00000    0  381          -  140.00000      -     -   24s
     0     0  140.00000    0  382          -  140.00000      -     -   24s
     0     0  140.00000    0  231          -  140.00000      -     -   26s
     0     0  140.00000    0  254          -  140.00000      -     -   26s
     0     0  140.00000    0  390          -  140.00000      -     -   27s
     0     0  140.00000    0  290          -  140.00000      -     -   29s
     0     0  140.00000    0  294          -  140.00000      -     -   29s
     0     0  140.00000    0  796          -  140.00000      -     -   30s
     0     0  140.00000    0  768          -  140.00000      -     -   30s
     0     0  140.00000    0  269          -  140.00000      -     -   33s
     0     0  140.00000    0  269          -  140.00000      -     -   34s
     0     2  140.00000    0  251          -  140.00000      -     -   38s
    32    34  140.00000   24  375          -  140.00000      -   211   40s
   109    95  140.00000    6 1306          -  140.00000      -   229   45s
   218   188  140.00000   18  904          -  140.00000      -   205   50s
   359   287  140.00000   34 1201          -  140.00000      -   185   55s
   533   359  140.00000  116  582          -  140.00000      -   166   60s
   698   423  140.00000   19  383          -  140.00000      -   162   93s
   700   424  140.00000   13  220          -  140.00000      -   161   97s
   702   426  140.00000    8 1105          -  140.00000      -   161  101s
   703   426  140.00000    6  346          -  140.00000      -   161  110s
   705   428  140.00000   41  402          -  140.00000      -   160  117s
   707   429  140.00000   64  418          -  140.00000      -   160  125s
   709   430  140.00000   28  419          -  140.00000      -   159  135s
   711   432  140.00000   13  366          -  140.00000      -   159  145s
   713   433  140.00000   37  345          -  140.00000      -   158  150s
   719   439  140.00000   13  614          -  140.00000      -   563  155s
   727   444  140.00000   17  601          -  140.00000      -   559  160s
   730   446  140.00000   19  591          -  140.00000      -   560  177s
   735   450  140.00000   21  583          -  140.00000      -   557  180s
   741   454  140.00000   24  499          -  140.00000      -   557  185s
   751   460  140.00000   29  383          -  140.00000      -   555  190s
   759   458  140.00000   13  722          -  140.00000      -   553  195s
   763   460  140.00000   15  735          -  140.00000      -   553  202s
   764   461  140.00000   15  723          -  140.00000      -   553  205s
   770   465  140.00000   18  803          -  140.00000      -   552  210s
   774   468  140.00000   20  523          -  140.00000      -   573  217s
   787   476  140.00000   27  664          -  140.00000      -   568  220s
   856   514 infeasible   62               -  140.00000      -   535  225s
   886   531  140.00000   43  308          -  140.00000      -   532  230s
   925   548 infeasible   64               -  140.00000      -   527  235s
   945   551  139.00000   35  785          -  140.00000      -   526  240s
   978   573  140.00000   52  715          -  140.00000      -   517  245s
  1014   574  140.00000   49  364          -  140.00000      -   508  250s
  1058   592  140.00000   38  759          -  140.00000      -   500  255s
  1116   626  140.00000   68  349          -  140.00000      -   486  260s
  1140   631  140.00000   77  607          -  140.00000      -   494  265s
  1185   622  140.00000   51  324          -  140.00000      -   486  270s
  1231   642  140.00000   75  415          -  140.00000      -   479  275s
  1268   656  140.00000   50  494          -  140.00000      -   475  280s
  1327   688  140.00000   76  323          -  140.00000      -   463  285s
  1379   710  140.00000   67  331          -  140.00000      -   458  290s
  1408   708  140.00000   50  361          -  140.00000      -   462  295s
  1460   716  140.00000   54  286          -  140.00000      -   456  300s
  1519   724  140.00000   55  637          -  140.00000      -   447  305s
  1586   728 infeasible   61               -  140.00000      -   437  310s
  1632   733  140.00000   68  404          -  140.00000      -   436  315s
  1719   735  140.00000   69  454          -  140.00000      -   421  320s
  1785   729  140.00000   54  373          -  140.00000      -   415  325s
  1867   747  140.00000   89  506          -  140.00000      -   403  330s
  1914   743 infeasible   67               -  140.00000      -   399  335s
  1998   734  140.00000   78  697          -  140.00000      -   389  340s
  2094   797  140.00000   72  376          -  140.00000      -   376  345s
  2182   854  140.00000   93  688          -  140.00000      -   368  350s
  2284   907 infeasible  102               -  140.00000      -   357  355s
  2370   927 infeasible   78               -  140.00000      -   349  360s
  2446   941 infeasible  102               -  140.00000      -   345  365s
  2539   970  140.00000   82  796          -  140.00000      -   338  370s
  2696  1072  140.00000  124  294          -  140.00000      -   324  375s
  2794  1126  139.76471   89  524          -  140.00000      -   317  380s
  2856  1154  140.00000   74  535          -  140.00000      -   315  385s
  2958  1201  140.00000   90  521          -  140.00000      -   308  390s
  3012  1216  140.00000   90  611          -  140.00000      -   309  395s
  3126  1278  140.00000   94  365          -  140.00000      -   302  400s
  3216  1315  140.00000   87  651          -  140.00000      -   299  405s
  3300  1355 infeasible   97               -  140.00000      -   296  410s
  3420  1405  140.00000   83  887          -  140.00000      -   290  415s
  3536  1458  140.00000   89  301          -  140.00000      -   285  420s
  3666  1532 infeasible  111               -  140.00000      -   280  425s
  3805  1591  140.00000  107  457          -  140.00000      -   274  430s
  3926  1627 infeasible   71               -  140.00000      -   270  435s
  4031  1674  140.00000   98  562          -  140.00000      -   268  440s
  4174  1765  140.00000   93  419          -  140.00000      -   264  445s
  4332  1856  140.00000  111  552          -  140.00000      -   258  450s
  4467  1916  140.00000   75  392          -  140.00000      -   255  455s
  4539  1955  140.00000   79  463          -  140.00000      -   253  462s
  4632  2001 infeasible  100               -  140.00000      -   250  465s
  4766  2047 infeasible   96               -  140.00000      -   247  470s
  4901  2087  140.00000  103  615          -  140.00000      -   243  475s
  5058  2165  140.00000   81  386          -  140.00000      -   238  480s
  5101  2188  140.00000  104  380          -  140.00000      -   237  498s
  5144  2204  140.00000   81  327          -  140.00000      -   236  500s
  5304  2284 infeasible   99               -  140.00000      -   233  505s
  5416  2337 infeasible  118               -  140.00000      -   232  510s
  5567  2404  140.00000   69  625          -  140.00000      -   229  515s
  5762  2517 infeasible  101               -  140.00000      -   225  520s
  5964  2603  140.00000   71  594          -  140.00000      -   220  525s
  6138  2693  140.00000   97  515          -  140.00000      -   217  530s
  6328  2780  140.00000   90  666          -  140.00000      -   214  535s
  6362  2797  140.00000   92  914          -  140.00000      -   213  546s
  6376  2793  140.00000   84  335          -  140.00000      -   214  550s
  6387  2800  140.00000   90  327          -  140.00000      -   215  556s
  6466  2828  140.00000   76  354          -  140.00000      -   214  560s
  6608  2886  140.00000  102  469          -  140.00000      -   213  565s
  6787  2966 infeasible   91               -  140.00000      -   210  570s
  6951  3032  140.00000   84  386          -  140.00000      -   208  575s
  7103  3107 infeasible   70               -  140.00000      -   206  580s
  7321  3234 infeasible  110               -  140.00000      -   203  585s
  7505  3298 infeasible   93               -  140.00000      -   201  590s
  7633  3365 infeasible  100               -  140.00000      -   201  595s
  7789  3441 infeasible  100               -  140.00000      -   200  600s
  7943  3504 infeasible  111               -  140.00000      -   198  605s
  8150  3615  140.00000  110  446          -  140.00000      -   196  610s
  8312  3692  140.00000  119  457          -  140.00000      -   195  615s
  8469  3762  140.00000  105  668          -  140.00000      -   194  620s
  8659  3836 infeasible  106               -  140.00000      -   192  625s
  8865  3948  140.00000  103  584          -  140.00000      -   190  630s
  9026  4011  140.00000   90  693          -  140.00000      -   189  635s
  9201  4074 infeasible  105               -  140.00000      -   187  640s
  9299  4120  140.00000   70  352          -  140.00000      -   188  645s
  9477  4210  140.00000   92  565          -  140.00000      -   187  650s
  9618  4294 infeasible   89               -  140.00000      -   186  655s
  9825  4367  140.00000   71  526          -  140.00000      -   184  660s
 10006  4465 infeasible  113               -  140.00000      -   183  665s
 10202  4580  140.00000  106  541          -  140.00000      -   181  816s
 10318  4642 infeasible   93               -  140.00000      -   181  820s
 10517  4738 infeasible  106               -  140.00000      -   180  825s
 10797  4898 infeasible  124               -  140.00000      -   177  830s
 11005  5002  140.00000   71  638          -  140.00000      -   176  835s
 11225  5105  140.00000   98  279          -  140.00000      -   174  840s
 11424  5177 infeasible  108               -  140.00000      -   173  845s
 11553  5235  140.00000   84  683          -  140.00000      -   173  850s
 11768  5348  140.00000  101  642          -  140.00000      -   172  855s
 11943  5428 infeasible  106               -  140.00000      -   171  860s
 12052  5466  140.00000   90  482          -  140.00000      -   170  865s
 12110  5495  140.00000   87  438          -  140.00000      -   171  870s
 12254  5550  140.00000   95  650          -  140.00000      -   171  875s
 12384  5591 infeasible  104               -  140.00000      -   170  880s
 12527  5640  140.00000   92  357          -  140.00000      -   170  885s
 12717  5733 infeasible   97               -  140.00000      -   169  890s
 12889  5811  140.00000   78  728          -  140.00000      -   168  895s
 13045  5893 infeasible   90               -  140.00000      -   168  900s
 13102  5919  140.00000   98  385          -  140.00000      -   169  905s
 13287  6015  140.00000  126  556          -  140.00000      -   168  910s
 13479  6094  140.00000  127  513          -  140.00000      -   167  925s
 13499  6088 infeasible  123               -  140.00000      -   167  930s
 13512  6085  140.00000  119  429          -  140.00000      -   167  935s
 13565  6092  140.00000  118  527          -  140.00000      -   167  940s
 13717  6150  140.00000  138  453          -  140.00000      -   167  945s
 13952  6200  140.00000   64  327          -  140.00000      -   165  950s
 14107  6265  140.00000   86  493          -  140.00000      -   165  955s
 14316  6384  140.00000  129  466          -  140.00000      -   164  960s
 14473  6429  140.00000   75  525          -  140.00000      -   164  965s
 14616  6497  140.00000   98  473          -  140.00000      -   163  970s
 14743  6542  140.00000   80  488          -  140.00000      -   164  975s
 14854  6617  140.00000   88  719          -  140.00000      -   164  980s
 14985  6656 infeasible   82               -  140.00000      -   163  985s
 15066  6678  140.00000   82  374          -  140.00000      -   164  990s
 15191  6736  140.00000  102  483          -  140.00000      -   164  995s
 15303  6782  140.00000  119  327          -  140.00000      -   163 1014s
 15336  6783 infeasible  108               -  140.00000      -   163 1015s
 15470  6834 infeasible  104               -  140.00000      -   163 1020s
 15684  6916 infeasible   91               -  140.00000      -   162 1025s
 15843  7011 infeasible  125               -  140.00000      -   162 1030s
 16075  7108 infeasible  114               -  140.00000      -   160 1035s
 16238  7191  140.00000   95  519          -  140.00000      -   160 1040s
 16433  7263  140.00000   96  662          -  140.00000      -   159 1045s
 16664  7351  140.00000   84  641          -  140.00000      -   158 1050s
 16748  7383 infeasible   80               -  140.00000      -   159 1055s
 16834  7434 infeasible  129               -  140.00000      -   159 1060s
 17032  7510 infeasible  114               -  140.00000      -   158 1065s
 17103  7532  140.00000  103  708          -  140.00000      -   159 1070s
 17273  7605  140.00000   98  616          -  140.00000      -   159 1075s
 17500  7718  140.00000   94  892          -  140.00000      -   158 1080s
 17670  7793 infeasible   96               -  140.00000      -   157 1085s
 17805  7823  140.00000   84  406          -  140.00000      -   157 1090s
 18009  7935  140.00000  126  574          -  140.00000      -   156 1095s
 18264  8058 infeasible   93               -  140.00000      -   155 1100s
 18504  8160 infeasible  144               -  140.00000      -   154 1105s
 18814  8261 infeasible  126               -  140.00000      -   153 1110s
 19054  8355  140.00000  116  436          -  140.00000      -   152 1115s
 19307  8464 infeasible   92               -  140.00000      -   151 1120s
 19548  8576 infeasible  117               -  140.00000      -   150 1125s
 19746  8659 infeasible  116               -  140.00000      -   150 1130s
 19911  8701 infeasible  104               -  140.00000      -   150 1135s
 20038  8767  140.00000   88  444          -  140.00000      -   150 1140s
 20280  8927  140.00000  106  605          -  140.00000      -   149 1145s
 20404  8997  140.00000   96  327          -  140.00000      -   149 1163s
 20442  9026  140.00000  120  421          -  140.00000      -   149 1165s
 20598  9075  140.00000   92  392          -  140.00000      -   149 1170s
 20780  9156 infeasible  113               -  140.00000      -   148 1175s
 20998  9238 infeasible   92               -  140.00000      -   148 1180s
 21206  9304  140.00000  117  392          -  140.00000      -   148 1185s
 21462  9409  140.00000  112  616          -  140.00000      -   147 1190s
 21705  9494 infeasible  104               -  140.00000      -   146 1195s
 21936  9591 infeasible  111               -  140.00000      -   146 1200s
 22132  9672 infeasible  114               -  140.00000      -   145 1205s
 22393  9791 infeasible  117               -  140.00000      -   144 1210s
 22430  9799  140.00000  103  610          -  140.00000      -   144 1225s
 22439  9792 infeasible   96               -  140.00000      -   145 1230s
 22461  9794  140.00000   79  510          -  140.00000      -   145 1235s
 22479  9790  140.00000   79  281          -  140.00000      -   145 1240s
 22679  9870  140.00000   86  592          -  140.00000      -   145 1245s
 22883  9943 infeasible   88               -  140.00000      -   144 1250s
 23032  9982  140.00000   84  296          -  140.00000      -   144 1255s
 23238 10086  140.00000  128  378          -  140.00000      -   144 1260s
 23504 10219 infeasible  153               -  140.00000      -   143 1265s
 23717 10331  140.00000  103  423          -  140.00000      -   143 1270s
 23952 10448 infeasible  131               -  140.00000      -   142 1275s
 24253 10516 infeasible  115               -  140.00000      -   141 1280s
 24461 10611 infeasible  110               -  140.00000      -   141 1285s
 24626 10695  140.00000   93  371          -  140.00000      -   141 1290s
 24891 10820 infeasible  137               -  140.00000      -   140 1295s
 25085 10897 infeasible   94               -  140.00000      -   140 1300s
 25171 10933  140.00000  121  480          -  140.00000      -   141 1305s
 25375 11003 infeasible  102               -  140.00000      -   140 1310s
 25505 11069  140.00000  130  330          -  140.00000      -   140 1330s
 25702 11181  140.00000   95  693          -  140.00000      -   140 1335s
 25911 11240 infeasible  151               -  140.00000      -   140 1340s
 26202 11360 infeasible  108               -  140.00000      -   139 1345s
 26335 11429  140.00000   82  334          -  140.00000      -   139 1350s
 26633 11582  140.00000   80  626          -  140.00000      -   138 1355s
 26685 11619  140.00000   80  609          -  140.00000      -   139 1362s
 26769 11661  140.00000   79  442          -  140.00000      -   139 1365s
 27018 11764 infeasible  102               -  140.00000      -   139 1370s
 27337 11888 infeasible  118               -  140.00000      -   138 1375s
 27612 11997  140.00000  128  450          -  140.00000      -   137 1380s
 27752 12013  139.00000   80  496          -  140.00000      -   137 1385s
 27949 12101  140.00000   95  682          -  140.00000      -   137 1390s
 28189 12197  140.00000   77  323          -  140.00000      -   136 1395s
 28397 12319  140.00000   85  571          -  140.00000      -   136 1400s
 28628 12461  140.00000  105  647          -  140.00000      -   136 1405s
 28895 12585  140.00000  104  424          -  140.00000      -   135 1410s
 29109 12675  139.00000  110  368          -  140.00000      -   135 1415s
 29162 12693  140.00000   88  534          -  140.00000      -   136 1420s
 29347 12768 infeasible  102               -  140.00000      -   136 1425s
 29537 12847 infeasible  105               -  140.00000      -   136 1430s
 29649 12892  140.00000   85  561          -  140.00000      -   136 1435s
 29858 12998  140.00000   90  455          -  140.00000      -   136 1440s
 30115 13085 infeasible   90               -  140.00000      -   136 1445s
 30280 13159 infeasible   95               -  140.00000      -   136 1450s
 30544 13228  140.00000   95  319          -  140.00000      -   135 1455s
 30606 13240  140.00000   87  307          -  140.00000      -   135 1473s
 30660 13260  140.00000   88  618          -  140.00000      -   135 1475s
 30899 13385  140.00000   93  603          -  140.00000      -   135 1480s
 31152 13508 infeasible   88               -  140.00000      -   134 1485s
 31296 13564  140.00000  115  795          -  140.00000      -   135 1490s
 31460 13644  140.00000   94  479          -  140.00000      -   134 1495s
 31710 13757  140.00000   87  364          -  140.00000      -   134 1500s
 31923 13857  140.00000   80  342          -  140.00000      -   134 1505s
 32047 13903  140.00000   90  419          -  140.00000      -   134 1510s
 32178 13963 infeasible   91               -  140.00000      -   134 1515s
 32348 14052  140.00000  113  502          -  140.00000      -   134 1520s
 32500 14120 infeasible  110               -  140.00000      -   134 1525s
 32655 14166 infeasible   92               -  140.00000      -   134 1530s
 32857 14250 infeasible  113               -  140.00000      -   134 1535s
 33013 14289  140.00000  123  436          -  140.00000      -   134 1540s
 33212 14339  140.00000  103  330          -  140.00000      -   134 1545s
 33438 14426 infeasible  108               -  140.00000      -   134 1550s
 33636 14490  140.00000   62  760          -  140.00000      -   134 1555s
 33788 14556  140.00000   64  496          -  140.00000      -   133 1560s
 33977 14642 infeasible  127               -  140.00000      -   133 1565s
 34212 14693 infeasible   90               -  140.00000      -   133 1570s
 34394 14728 infeasible  144               -  140.00000      -   133 1575s
 34550 14762 infeasible  110               -  140.00000      -   133 1580s
 34613 14794  140.00000  127  517          -  140.00000      -   133 1629s
 34618 14791  140.00000  104  279          -  140.00000      -   133 1630s
 34638 14787 infeasible  144               -  140.00000      -   133 1635s
 34650 14781 infeasible   55               -  140.00000      -   134 1640s
 34668 14791 infeasible   61               -  140.00000      -   134 1645s
 34691 14778 infeasible  103               -  140.00000      -   134 1650s
 34709 14786  140.00000   99  319          -  140.00000      -   134 1655s
 34724 14801  140.00000  110  446          -  140.00000      -   134 1660s
 34744 14807 infeasible  111               -  140.00000      -   134 1665s
 34754 14811  140.00000  112  461          -  140.00000      -   134 1670s
 34769 14810  140.00000  109  438          -  140.00000      -   134 1675s
 34870 14845  140.00000   73  428          -  140.00000      -   134 1680s
 35012 14903  140.00000   71  359          -  140.00000      -   134 1685s
 35199 14990 infeasible   98               -  140.00000      -   134 1690s
 35321 15024 infeasible   92               -  140.00000      -   134 1695s
 35535 15112  138.00000   93  822          -  140.00000      -   134 1700s
 35664 15144 infeasible  112               -  140.00000      -   134 1705s
 35707 15156  138.68182  119  604          -  140.00000      -   134 1722s
 35827 15196  140.00000  106  430          -  140.00000      -   134 1725s
 36041 15292  140.00000  113  407          -  140.00000      -   134 1730s
 36259 15380  140.00000   80  587          -  140.00000      -   133 1735s
 36391 15434 infeasible   87               -  140.00000      -   133 1740s
 36513 15484  140.00000   80  420          -  140.00000      -   133 1745s
 36596 15507 infeasible   83               -  140.00000      -   134 1750s
 36751 15576 infeasible  106               -  140.00000      -   134 1755s
 36929 15647 infeasible  107               -  140.00000      -   134 1760s
 37065 15718  140.00000   99  373          -  140.00000      -   134 1765s
 37234 15785 infeasible  104               -  140.00000      -   134 1770s
 37453 15878 infeasible  133               -  140.00000      -   133 1775s
 37673 15959  140.00000   82  553          -  140.00000      -   133 1780s
 37794 16022  140.00000   88  389          -  140.00000      -   133 1785s
 37960 16085 infeasible   90               -  140.00000      -   133 1790s
 38188 16166 infeasible  104               -  140.00000      -   133 1795s
 38413 16169  140.00000   94  310          -  140.00000      -   133 1800s
 38607 16230  140.00000  118  524          -  140.00000      -   133 1805s
 38828 16346  140.00000  118  396          -  140.00000      -   132 1810s
 39023 16400  140.00000   71  293          -  140.00000      -   132 1815s
 39198 16467 infeasible  132               -  140.00000      -   132 1820s
 39346 16535  140.00000   87  724          -  140.00000      -   132 1825s
 39463 16598  140.00000  105  448          -  140.00000      -   132 1830s
 39687 16706  140.00000  134  463          -  140.00000      -   132 1835s
 39826 16737 infeasible   61               -  140.00000      -   132 1840s
 39889 16759  140.00000   71  660          -  140.00000      -   132 1845s
 40056 16846  140.00000   88  407          -  140.00000      -   132 1850s
 40103 16867  140.00000   46  577          -  140.00000      -   132 1855s
 40249 16925  139.85373  125  673          -  140.00000      -   132 1860s
 40441 16963  140.00000   72  295          -  140.00000      -   132 1865s
 40672 17087 infeasible  109               -  140.00000      -   132 1870s
 40807 17112 infeasible   92               -  140.00000      -   132 1875s
 40808 17111 infeasible   92               -  140.00000      -   132 1891s
 40877 17136  140.00000   55  650          -  140.00000      -   132 1895s
 40974 17170  140.00000  121  555          -  140.00000      -   132 1900s
 41203 17256  140.00000   94  480          -  140.00000      -   132 1905s
 41388 17322  140.00000  108  362          -  140.00000      -   132 1910s
 41531 17379 infeasible   83               -  140.00000      -   132 1915s
 41742 17464 infeasible   87               -  140.00000      -   132 1920s
 41845 17536 infeasible   96               -  140.00000      -   132 1925s
 41973 17566  140.00000   56  433          -  140.00000      -   132 1930s
 42123 17634  140.00000  125  404          -  140.00000      -   132 1935s
 42255 17685 infeasible   69               -  140.00000      -   132 1940s
 42305 17714  140.00000   48  710          -  140.00000      -   133 1945s
 42343 17729  140.00000  111  429          -  140.00000      -   133 1950s
 42528 17803 infeasible  125               -  140.00000      -   133 1955s
 42729 17880  140.00000   65  593          -  140.00000      -   133 1960s
 42867 17939  140.00000   73  820          -  140.00000      -   133 1965s
 43045 18028 infeasible  120               -  140.00000      -   133 1970s
 43215 18087  140.00000   88  414          -  140.00000      -   133 1975s
 43401 18142  140.00000  126  568          -  140.00000      -   133 1980s
 43626 18223 infeasible  108               -  140.00000      -   132 1985s
 43712 18232 infeasible   88               -  140.00000      -   133 1990s
 43924 18302  140.00000   89  570          -  140.00000      -   132 1995s
 44051 18369 infeasible   66               -  140.00000      -   132 2000s
 44326 18492 infeasible  112               -  140.00000      -   132 2005s
 44504 18555  140.00000   88  540          -  140.00000      -   132 2010s
 44614 18583  140.00000   71  601          -  140.00000      -   132 2015s
 44724 18627  140.00000   59  874          -  140.00000      -   132 2020s
 44766 18639  140.00000   80  567          -  140.00000      -   132 2025s
 44890 18696  140.00000   97  803          -  140.00000      -   133 2030s
 45156 18798 infeasible  117               -  140.00000      -   132 2035s
 45432 18888  140.00000  135  369          -  140.00000      -   132 2040s
 45665 18984  140.00000   98  494          -  140.00000      -   132 2045s
 45875 19053  140.00000  115  542          -  140.00000      -   131 2050s
 45909 19064 infeasible  140               -  140.00000      -   131 2067s
 46069 19122 infeasible  121               -  140.00000      -   131 2070s
 46310 19229  140.00000  119  531          -  140.00000      -   131 2075s
 46522 19331 infeasible  160               -  140.00000      -   131 2080s
 46709 19385  140.00000  111  415          -  140.00000      -   131 2085s
 46962 19442 infeasible  122               -  140.00000      -   131 2090s
 47115 19459 infeasible  130               -  140.00000      -   131 2095s
 47310 19529  140.00000  107  738          -  140.00000      -   131 2100s
 47542 19632  140.00000  117  465          -  140.00000      -   130 2105s
 47822 19783 infeasible  118               -  140.00000      -   130 2110s
 48159 19904 infeasible   94               -  140.00000      -   130 2115s
 48333 19949  139.00000   94  385          -  140.00000      -   130 2120s
 48527 20025 infeasible   70               -  140.00000      -   130 2127s
 48575 20041  140.00000  130  539          -  140.00000      -   130 2130s
 48700 20083  140.00000   30  513          -  140.00000      -   130 2135s
 48723 20098 infeasible   50               -  140.00000      -   131 2140s
 48794 20132 infeasible  109               -  140.00000      -   131 2145s
 48923 20191  140.00000   76  578          -  140.00000      -   131 2150s
 49032 20229 infeasible  101               -  140.00000      -   131 2155s
 49217 20295  140.00000  109  428          -  140.00000      -   131 2160s
 49440 20372  140.00000  128  664          -  140.00000      -   131 2165s
 49710 20434 infeasible  115               -  140.00000      -   130 2170s
 49900 20457  140.00000  114  497          -  140.00000      -   130 2175s
 50093 20524 infeasible  107               -  140.00000      -   130 2180s
 50230 20576 infeasible   95               -  140.00000      -   130 2185s
 50454 20666 infeasible  114               -  140.00000      -   130 2190s
 50646 20751  140.00000  116  410          -  140.00000      -   130 2195s
 50838 20814  140.00000   62  544          -  140.00000      -   130 2200s
 50872 20836  140.00000   41  559          -  140.00000      -   130 2205s
 51010 20916  140.00000   99  403          -  140.00000      -   130 2225s
 51312 21108 infeasible   83               -  140.00000      -   130 2230s
 51478 21162 infeasible  121               -  140.00000      -   130 2235s
 51692 21243  140.00000   80  419          -  140.00000      -   130 2240s
 51920 21351 infeasible   81               -  140.00000      -   129 2245s
 52119 21444  140.00000   90  398          -  140.00000      -   129 2250s
 52374 21534  140.00000  112  372          -  140.00000      -   129 2255s
 52529 21571  140.00000   85  817          -  140.00000      -   129 2260s
 52823 21727  140.00000  118  329          -  140.00000      -   129 2265s
 52914 21741 infeasible  110               -  140.00000      -   129 2270s
 53058 21770  140.00000  101  588          -  140.00000      -   129 2275s
 53246 21845 infeasible  138               -  140.00000      -   129 2280s
 53424 21901  140.00000   52  605          -  140.00000      -   129 2285s
 53491 21948  140.00000   70  435          -  140.00000      -   129 2290s
 53553 21962 infeasible   57               -  140.00000      -   129 2295s
 53745 22027  140.00000   92  434          -  140.00000      -   129 2300s
 53934 22126 infeasible   97               -  140.00000      -   129 2305s
 54138 22227 infeasible   89               -  140.00000      -   129 2310s
 54353 22287 infeasible   98               -  140.00000      -   129 2315s
 54503 22359 infeasible  120               -  140.00000      -   129 2320s
 54708 22466 infeasible   86               -  140.00000      -   129 2325s
 54862 22494  140.00000   96  506          -  140.00000      -   129 2330s
 55045 22536  140.00000   91  515          -  140.00000      -   129 2335s
 55220 22601  138.00000   93  671          -  140.00000      -   129 2340s
 55450 22723  140.00000   65  707          -  140.00000      -   129 2345s
 55726 22876  140.00000  102  465          -  140.00000      -   128 2350s
 55896 22963 infeasible  120               -  140.00000      -   128 2355s
 56016 22972 infeasible   90               -  140.00000      -   128 2360s
 56078 22986 infeasible   90               -  140.00000      -   129 2365s
 56111 22983 infeasible  100               -  140.00000      -   129 2385s
 56244 23025 infeasible   95               -  140.00000      -   129 2390s
 56464 23086 infeasible  118               -  140.00000      -   129 2395s
 56601 23120  140.00000   84  318          -  140.00000      -   129 2400s
 56733 23170  139.94505   86  758          -  140.00000      -   129 2405s
 56906 23195  140.00000   94  550          -  140.00000      -   129 2410s
 57128 23303  140.00000  107  655          -  140.00000      -   129 2415s
 57322 23372 infeasible  106               -  140.00000      -   129 2420s
 57569 23474  140.00000  106  353          -  140.00000      -   129 2425s
 57832 23591 infeasible  141               -  140.00000      -   129 2430s
 58046 23592 infeasible   88               -  140.00000      -   129 2435s
 58211 23640 infeasible  106               -  140.00000      -   129 2440s
 58401 23702 infeasible  108               -  140.00000      -   129 2445s
 58625 23774  140.00000   93  580          -  140.00000      -   128 2450s
 58812 23861  140.00000  124  503          -  140.00000      -   128 2455s
 59009 23935 infeasible   99               -  140.00000      -   128 2460s
 59296 24055  140.00000  106  302          -  140.00000      -   128 2465s
 59594 24154  140.00000  133  489          -  140.00000      -   128 2470s
 59947 24249 infeasible  130               -  140.00000      -   127 2475s
 60224 24337 infeasible   98               -  140.00000      -   127 2480s
 60338 24392  140.00000   84  420          -  140.00000      -   127 2485s
 60478 24443  140.00000  100  574          -  140.00000      -   127 2490s
 60632 24484 infeasible  114               -  140.00000      -   127 2495s
 60694 24486 infeasible   96               -  140.00000      -   128 2500s
 60884 24550 infeasible  119               -  140.00000      -   128 2505s
 61100 24649  140.00000   66  619          -  140.00000      -   128 2510s
 61212 24695  140.00000   85  448          -  140.00000      -   128 2528s
 61288 24730 infeasible   96               -  140.00000      -   128 2530s
 61588 24850 infeasible  130               -  140.00000      -   127 2535s
 61613 24866  140.00000   40  633          -  140.00000      -   128 2540s
 61724 24915  140.00000   71  546          -  140.00000      -   128 2545s
 61861 24980  140.00000   76  775          -  140.00000      -   128 2550s
 62146 25104  140.00000   83  434          -  140.00000      -   127 2555s
 62301 25185  140.00000  112  660          -  140.00000      -   127 2560s
 62598 25341  140.00000  106  335          -  140.00000      -   127 2565s
 62873 25435 infeasible  115               -  140.00000      -   127 2570s
 63184 25522 infeasible  112               -  140.00000      -   127 2575s
 63470 25597 infeasible  110               -  140.00000      -   127 2580s
 63649 25635  140.00000   94  466          -  140.00000      -   127 2585s
 63862 25686 infeasible   95               -  140.00000      -   126 2590s
 64078 25735 infeasible  112               -  140.00000      -   126 2595s
 64325 25794 infeasible  112               -  140.00000      -   126 2600s
 64555 25856 infeasible  106               -  140.00000      -   126 2605s
 64753 25876 infeasible  114               -  140.00000      -   126 2610s
 64933 25890  140.00000   95  744          -  140.00000      -   126 2615s
 65082 25944  140.00000   46  537          -  140.00000      -   126 2620s
 65225 26032 infeasible   94               -  140.00000      -   126 2625s
 65412 26090 infeasible   89               -  140.00000      -   126 2630s
 65791 26176 infeasible  134               -  140.00000      -   126 2635s
 65998 26249 infeasible   90               -  140.00000      -   126 2640s
 66106 26266 infeasible  107               -  140.00000      -   126 2645s
 66293 26357  140.00000   99  347          -  140.00000      -   126 2650s
 66313 26366  139.00000  103  495          -  140.00000      -   126 2666s
 66541 26466  140.00000   92  692          -  140.00000      -   126 2670s
 66743 26538 infeasible   97               -  140.00000      -   126 2675s
 66816 26575  140.00000  140  485          -  140.00000      -   126 2680s
 67078 26703 infeasible  105               -  140.00000      -   126 2685s
 67252 26777  140.00000  105  585          -  140.00000      -   126 2690s
 67553 26963 infeasible  102               -  140.00000      -   125 2695s
 67769 27066 infeasible   91               -  140.00000      -   125 2700s
 67910 27137  140.00000  106  384          -  140.00000      -   125 2705s
 68080 27173  140.00000   90  563          -  140.00000      -   125 2710s
 68264 27251  140.00000   69  619          -  140.00000      -   125 2715s
 68464 27300 infeasible  101               -  140.00000      -   125 2720s
 68574 27358 infeasible   99               -  140.00000      -   126 2725s
 68744 27410 infeasible  110               -  140.00000      -   126 2730s
 68935 27483 infeasible  120               -  140.00000      -   125 2735s
 69159 27541  140.00000  118  378          -  140.00000      -   125 2740s
 69377 27603 infeasible   91               -  140.00000      -   125 2745s
 69600 27712 infeasible  119               -  140.00000      -   125 2750s
 69705 27755  140.00000   78  522          -  140.00000      -   125 2755s
 70029 27839  140.00000  129  203          -  140.00000      -   125 2760s
 70488 27903 infeasible  136               -  140.00000      -   124 2765s
 70654 27888  140.00000   69  755          -  140.00000      -   124 2770s
 70725 27929  140.00000   98  511          -  140.00000      -   125 2775s
 70894 27983  140.00000  123  664          -  140.00000      -   125 2780s
 71028 28037 infeasible  135               -  140.00000      -   125 2785s
 71406 28212  140.00000  112  460          -  140.00000      -   124 2790s
 71414 28214  140.00000  117  366          -  140.00000      -   124 2806s
 71726 28307  140.00000  120  432          -  140.00000      -   124 2810s
 72172 28463 infeasible  116               -  140.00000      -   124 2815s
 72544 28613 infeasible  160               -  140.00000      -   123 2820s
 72916 28706 infeasible  143               -  140.00000      -   123 2825s
 73296 28754 infeasible  129               -  140.00000      -   123 2830s
 73694 28870 infeasible  115               -  140.00000      -   122 2835s
 73787 28880  140.00000  128  439          -  140.00000      -   122 2881s
 73807 28876  140.00000   59  511          -  140.00000      -   122 2885s
 73813 28882  140.00000   61  414          -  140.00000      -   122 2890s
 73835 28882 infeasible   61               -  140.00000      -   122 2895s
 73842 28885 infeasible   60               -  140.00000      -   122 2900s
 73857 28874 infeasible  107               -  140.00000      -   122 2905s
 73878 28869  140.00000   96  526          -  140.00000      -   123 2910s
 73899 28862 infeasible   78               -  140.00000      -   123 2915s
 73913 28866  140.00000   94  496          -  140.00000      -   123 2920s
 73924 28865 infeasible   73               -  140.00000      -   123 2925s
 73936 28861  140.00000  105  228          -  140.00000      -   123 2930s
 73954 28849 infeasible  102               -  140.00000      -   123 2936s
 74065 28895 infeasible  114               -  140.00000      -   123 2940s
 74204 28943 infeasible  110               -  140.00000      -   123 2945s
 74348 28996  140.00000  155  325          -  140.00000      -   123 2950s
 74798 29118  140.00000  123  493          -  140.00000      -   122 2955s
 75164 29252  140.00000   80  354          -  140.00000      -   122 2961s
 75335 29350  140.00000  118  737          -  140.00000      -   122 2965s
 75526 29384 infeasible   98               -  140.00000      -   122 2970s
 75724 29439 infeasible   80               -  140.00000      -   122 2976s
 75961 29563 infeasible  128               -  140.00000      -   122 2980s
 76165 29633 infeasible   97               -  140.00000      -   122 2985s
 76456 29770 infeasible  105               -  140.00000      -   122 2990s
 76515 29791 infeasible  105               -  140.00000      -   122 3008s
 76542 29789  140.00000  103  457          -  140.00000      -   122 3010s
 76718 29826  140.00000  105  466          -  140.00000      -   122 3015s
 76871 29873  140.00000  114  706          -  140.00000      -   122 3020s
 77088 29882  140.00000  129  367          -  140.00000      -   122 3025s
 77301 29884 infeasible  123               -  140.00000      -   122 3030s
 77443 29915  139.88517   88  644          -  140.00000      -   122 3035s
 77649 30028 infeasible  123               -  140.00000      -   122 3040s
 77840 30112  140.00000  104  488          -  140.00000      -   122 3045s
 77926 30137 infeasible   68               -  140.00000      -   122 3050s
 78124 30202 infeasible  117               -  140.00000      -   122 3055s
 78256 30203 infeasible  112               -  140.00000      -   122 3060s
 78399 30211 infeasible   98               -  140.00000      -   122 3065s
 78579 30257 infeasible  121               -  140.00000      -   122 3070s
 78706 30303  140.00000  108  609          -  140.00000      -   122 3075s
 78947 30372 infeasible  115               -  140.00000      -   122 3080s
 79091 30412 infeasible  118               -  140.00000      -   122 3085s
 79195 30452 infeasible   90               -  140.00000      -   122 3090s
 79308 30459 infeasible  132               -  140.00000      -   122 3095s
 79537 30525  140.00000  122  467          -  140.00000      -   122 3100s
 79741 30590 infeasible   99               -  140.00000      -   122 3105s
 79870 30635 infeasible  134               -  140.00000      -   122 3110s
 80055 30723 infeasible   80               -  140.00000      -   122 3115s
 80125 30765  140.00000   44  462          -  140.00000      -   122 3120s
 80369 30841 infeasible  137               -  140.00000      -   122 3125s
 80547 30902  140.00000  120  697          -  140.00000      -   122 3130s
 80708 30923  140.00000   86  614          -  140.00000      -   122 3135s
 80917 30969  140.00000  109  332          -  140.00000      -   122 3140s
 81053 31011 infeasible  100               -  140.00000      -   122 3145s
 81224 31048 infeasible  158               -  140.00000      -   122 3150s
 81469 31145 infeasible  161               -  140.00000      -   122 3155s
 81616 31178 infeasible  109               -  140.00000      -   122 3175s
 81731 31209  140.00000   96  766          -  140.00000      -   122 3180s
 81971 31234  140.00000   86  474          -  140.00000      -   122 3185s
 82124 31261 infeasible  110               -  140.00000      -   122 3190s
 82339 31356 infeasible   90               -  140.00000      -   122 3195s
 82515 31396  140.00000  140  404          -  140.00000      -   122 3200s
 82689 31438 infeasible  110               -  140.00000      -   122 3205s
 82850 31518 infeasible  100               -  140.00000      -   122 3210s
 83074 31619  140.00000   77  547          -  140.00000      -   122 3215s
 83275 31721 infeasible   90               -  140.00000      -   122 3220s
 83475 31784  140.00000  107  618          -  140.00000      -   122 3225s
 83684 31815  140.00000   75  381          -  140.00000      -   122 3230s
 83921 31888  140.00000  120  295          -  140.00000      -   122 3235s
 84117 31957 infeasible  125               -  140.00000      -   121 3240s
 84315 31996 infeasible  108               -  140.00000      -   121 3245s
 84468 32040  140.00000  104  417          -  140.00000      -   121 3250s
 84731 32133  140.00000  113  432          -  140.00000      -   121 3255s
 84931 32202  137.96314   83  813          -  140.00000      -   121 3260s
 85067 32245  140.00000   88  476          -  140.00000      -   121 3265s
 85247 32317  140.00000   80  357          -  140.00000      -   121 3270s
 85398 32370 infeasible  118               -  140.00000      -   121 3275s
 85586 32437 infeasible  127               -  140.00000      -   121 3280s
 85673 32467  140.00000   60  431          -  140.00000      -   122 3285s
 85749 32498 infeasible  118               -  140.00000      -   122 3290s
 86011 32580 infeasible  112               -  140.00000      -   122 3295s
 86190 32674  140.00000  103  480          -  140.00000      -   122 3300s
 86254 32716 infeasible   76               -  140.00000      -   122 3305s
 86506 32810  140.00000   84  658          -  140.00000      -   121 3310s
 86717 32930  140.00000  113  603          -  140.00000      -   121 3330s
 86913 33036 infeasible  102               -  140.00000      -   121 3335s
 87115 33163 infeasible  108               -  140.00000      -   121 3340s
 87277 33244 infeasible   99               -  140.00000      -   121 3345s
 87410 33297 infeasible   70               -  140.00000      -   121 3350s
 87502 33334 infeasible  100               -  140.00000      -   122 3355s
 87705 33409 infeasible  109               -  140.00000      -   121 3360s
 88006 33509 infeasible  118               -  140.00000      -   121 3365s
 88394 33563 infeasible  114               -  140.00000      -   121 3370s
 88667 33619  140.00000  108  586          -  140.00000      -   121 3375s
 88842 33647  140.00000   77  410          -  140.00000      -   121 3380s
 89129 33722  140.00000  107  601          -  140.00000      -   121 3385s
 89292 33781  140.00000  108  459          -  140.00000      -   121 3390s
 89471 33847  139.00000  109  637          -  140.00000      -   121 3395s
 89593 33883 infeasible  115               -  140.00000      -   121 3400s
 89770 33956  140.00000   98  514          -  140.00000      -   121 3405s
 89880 33993 infeasible   74               -  140.00000      -   121 3410s
 90008 34033 infeasible  104               -  140.00000      -   121 3415s
 90122 34085  140.00000  133  781          -  140.00000      -   121 3420s
 90289 34124  140.00000  132  742          -  140.00000      -   121 3425s
 90448 34191  140.00000   96  613          -  140.00000      -   121 3430s
 90651 34270  140.00000  150  338          -  140.00000      -   121 3435s
 90771 34295  140.00000   97  631          -  140.00000      -   121 3440s
 90985 34396  140.00000   97  436          -  140.00000      -   121 3445s
 91104 34450 infeasible  128               -  140.00000      -   121 3450s
 91296 34534 infeasible  120               -  140.00000      -   121 3455s
 91540 34589  140.00000  131  566          -  140.00000      -   121 3460s
 91683 34615  140.00000   96  496          -  140.00000      -   121 3465s
 91818 34679  140.00000  112  531          -  140.00000      -   121 3482s
 91869 34703  140.00000   73  540          -  140.00000      -   121 3485s
 91967 34752  140.00000   72  462          -  140.00000      -   121 3490s
 92120 34822  139.00000  142  380          -  140.00000      -   121 3495s
 92256 34848 infeasible  112               -  140.00000      -   121 3500s
 92355 34830 infeasible  102               -  140.00000      -   121 3505s
 92499 34824 infeasible   88               -  140.00000      -   121 3510s
 92576 34839 infeasible  108               -  140.00000      -   121 3515s
 92656 34835 infeasible   99               -  140.00000      -   121 3520s
 92796 34878 infeasible   89               -  140.00000      -   121 3525s
 92910 34848  140.00000   96  828          -  140.00000      -   121 3530s
 92989 34846  140.00000   59  439          -  140.00000      -   121 3535s
 93162 34876 infeasible  100               -  140.00000      -   121 3540s
 93349 34887 infeasible   95               -  140.00000      -   121 3545s
 93501 34866 infeasible   87               -  140.00000      -   121 3550s
 93630 34872 infeasible   83               -  140.00000      -   121 3555s
 93742 34868 infeasible  109               -  140.00000      -   122 3560s
 93799 34888  140.00000   98  790          -  140.00000      -   122 3565s
 93854 34869 infeasible   93               -  140.00000      -   122 3570s
 94020 34910 infeasible  106               -  140.00000      -   122 3575s
 94154 34894 infeasible  101               -  140.00000      -   122 3580s
 94350 34899 infeasible   90               -  140.00000      -   122 3585s
 94586 34932 infeasible  106               -  140.00000      -   122 3590s
 94796 34958  139.90000  103  828          -  140.00000      -   122 3595s

Cutting planes:
  Gomory: 7
  Cover: 274
  Implied bound: 88
  Projected implied bound: 5
  Clique: 86
  MIR: 35
  StrongCG: 23
  Flow cover: 158
  GUB cover: 7
  Zero half: 38
  Network: 5
  RLT: 1
  Relax-and-lift: 65
  BQP: 1

Explored 94998 nodes (11580051 simplex iterations) in 3600.01 seconds (3463.38 work units)
Thread count was 1 (of 8 available processors)

Solution count 0

Time limit reached
Best objective -, best bound 1.400000000000e+02, gap -
