
Gurobi 11.0.1 (win64) logging started Sun Mar 31 15:13:59 2024

Set parameter LogFile to value "C:\Projetos\Job_Rotation_Algorithms\Outputs\GurobiLogs\gurobi_log-output-16_hes-c128-CostaMirallesModel-NoExtraConstraint-2.log"
Gurobi Optimizer version 11.0.1 build v11.0.1rc0 (win64 - Windows 10.0 (19045.2))

CPU model: 11th Gen Intel(R) Core(TM) i7-1165G7 @ 2.80GHz, instruction set [SSE2|AVX|AVX2|AVX512]
Thread count: 4 physical cores, 8 logical processors, using up to 1 threads

WLS license 901039 - registered to Bitka Analytics
Optimize a model with 477 rows, 916 columns and 7400 nonzeros
Model fingerprint: 0x13c39a4c
Variable types: 2 continuous, 914 integer (914 binary)
Coefficient statistics:
  Matrix range     [1e+00, 1e+02]
  Objective range  [1e+00, 1e+00]
  Bounds range     [1e+00, 3e+02]
  RHS range        [1e+00, 3e+02]
Presolve removed 135 rows and 133 columns
Presolve time: 0.05s
Presolved: 342 rows, 783 columns, 4762 nonzeros
Variable types: 0 continuous, 783 integer (782 binary)

Root relaxation: objective 5.600000e+01, 345 iterations, 0.00 seconds (0.00 work units)

    Nodes    |    Current Node    |     Objective Bounds      |     Work
 Expl Unexpl |  Obj  Depth IntInf | Incumbent    BestBd   Gap | It/Node Time

     0     0   56.00000    0   18          -   56.00000      -     -    0s
     0     0   56.00000    0  100          -   56.00000      -     -    0s
     0     0   56.00000    0   72          -   56.00000      -     -    0s
     0     0   56.00000    0   29          -   56.00000      -     -    0s
     0     0   56.00000    0   48          -   56.00000      -     -    0s
     0     0   56.00000    0   23          -   56.00000      -     -    0s
     0     0   56.00000    0   43          -   56.00000      -     -    0s
     0     0   56.00000    0   33          -   56.00000      -     -    0s
     0     0   56.00000    0   23          -   56.00000      -     -    0s
     0     2   56.00000    0   15          -   56.00000      -     -    0s
H  274   115                      52.0000000   56.00000  7.69%  40.8    0s
*  278   103              40      53.0000000   56.00000  5.66%  40.4    0s
*  425   147              36      54.0000000   56.00000  3.70%  39.3    1s
H  459   105                      55.0000000   56.00000  1.82%  40.3    1s

Cutting planes:
  Cover: 19
  Clique: 12
  MIR: 3
  StrongCG: 2
  Flow cover: 4
  GUB cover: 7

Explored 491 nodes (40401 simplex iterations) in 2.65 seconds (1.79 work units)
Thread count was 1 (of 8 available processors)

Solution count 4: 55 54 53 52 

Optimal solution found (tolerance 1.00e-03)
Best objective 5.500000000000e+01, best bound 5.500000000000e+01, gap 0.0000%
