
Gurobi 11.0.1 (win64) logging started Tue Mar 26 00:57:08 2024

Set parameter LogFile to value "C:\Projetos\Job_Rotation_Algorithms\Outputs\GurobiLogs\gurobi_log-output-59_ton-c36-CostaMirallesModel-NoExtraConstraint-2.log"
Gurobi Optimizer version 11.0.1 build v11.0.1rc0 (win64 - Windows 10.0 (19045.2))

CPU model: 11th Gen Intel(R) Core(TM) i7-1165G7 @ 2.80GHz, instruction set [SSE2|AVX|AVX2|AVX512]
Thread count: 4 physical cores, 8 logical processors, using up to 1 threads

WLS license 901039 - registered to Bitka Analytics
Optimize a model with 5082 rows, 33165 columns and 780043 nonzeros
Model fingerprint: 0x7a230e0e
Variable types: 2 continuous, 33163 integer (33163 binary)
Coefficient statistics:
  Matrix range     [1e+00, 2e+02]
  Objective range  [1e+00, 1e+00]
  Bounds range     [1e+00, 7e+01]
  RHS range        [1e+00, 7e+01]
Presolve added 1624 rows and 0 columns
Presolve removed 0 rows and 2097 columns
Presolve time: 3.61s
Presolved: 6706 rows, 31068 columns, 202545 nonzeros
Variable types: 0 continuous, 31068 integer (29603 binary)

Root relaxation: objective 1.400000e+02, 7275 iterations, 1.14 seconds (1.73 work units)
Total elapsed time = 5.50s (DegenMoves)

    Nodes    |    Current Node    |     Objective Bounds      |     Work
 Expl Unexpl |  Obj  Depth IntInf | Incumbent    BestBd   Gap | It/Node Time

     0     0  140.00000    0  180          -  140.00000      -     -    5s
     0     0  140.00000    0  416          -  140.00000      -     -    5s
     0     0  140.00000    0  416          -  140.00000      -     -    6s
     0     0  140.00000    0  216          -  140.00000      -     -   17s
     0     0  140.00000    0 1118          -  140.00000      -     -   19s
     0     0  140.00000    0  942          -  140.00000      -     -   19s
     0     0  140.00000    0  938          -  140.00000      -     -   19s
     0     0  140.00000    0  898          -  140.00000      -     -   20s
     0     0  140.00000    0  235          -  140.00000      -     -   23s
     0     0  140.00000    0  288          -  140.00000      -     -   23s
     0     0  140.00000    0  254          -  140.00000      -     -   25s
     0     0  140.00000    0  583          -  140.00000      -     -   26s
     0     0  140.00000    0  574          -  140.00000      -     -   26s
     0     0  140.00000    0  571          -  140.00000      -     -   26s
     0     0  140.00000    0  232          -  140.00000      -     -   29s
     0     0  140.00000    0  461          -  140.00000      -     -   29s
     0     0  140.00000    0  273          -  140.00000      -     -   32s
     0     0  140.00000    0  273          -  140.00000      -     -   32s
     0     0  140.00000    0  273          -  140.00000      -     -   33s
     0     2  140.00000    0  256          -  140.00000      -     -   36s
    44    46  140.00000   31  327          -  140.00000      -   288   40s
   193   168  140.00000   60  143          -  140.00000      -   182   45s
   324   224  140.00000   59 1432          -  140.00000      -   189   50s
   423   281  140.00000   67  812          -  140.00000      -   212   55s
   529   357  140.00000   79  552          -  140.00000      -   224   60s
   656   400  140.00000   80  201          -  140.00000      -   231   65s
   684   423  140.00000   75  416          -  140.00000      -   231   93s
   686   424  140.00000   89  188          -  140.00000      -   231   96s
   688   426  140.00000   84 1107          -  140.00000      -   230  100s
   689   426  140.00000   63  251          -  140.00000      -   230  105s
   691   428  140.00000   81  270          -  140.00000      -   229  110s
   693   429  140.00000   47  340          -  140.00000      -   228  116s
   695   430  140.00000  100  372          -  140.00000      -   228  123s
   697   432  140.00000   63  304          -  140.00000      -   227  128s
   699   433  140.00000   67  304          -  140.00000      -   226  133s
   710   442  140.00000   15  655          -  140.00000      -   533  135s
   715   446  140.00000   17  583          -  140.00000      -   531  166s
   753   471  140.00000   36  316          -  140.00000      -   520  170s
   817   511  140.00000   69  198          -  140.00000      -   511  175s
   879   534  140.00000   54  439          -  140.00000      -   486  180s
   896   543  140.00000   62  568          -  140.00000      -   480  185s
   910   553  140.00000   69  373          -  140.00000      -   475  190s
   933   554  140.00000   56  600          -  140.00000      -   467  195s
   946   563  140.00000   63  581          -  140.00000      -   463  200s
   956   569  140.00000   68  417          -  140.00000      -   459  205s
   966   572  140.00000   72  305          -  140.00000      -   457  210s
   980   565  140.00000   56  664          -  140.00000      -   456  215s
  1001   577  140.00000   67  438          -  140.00000      -   449  220s
  1088   619  140.00000   89  304          -  140.00000      -   428  225s
  1152   644  140.00000   82  212          -  140.00000      -   415  230s
  1198   651 infeasible   78               -  140.00000      -   411  235s
  1274   672  140.00000   61  777          -  140.00000      -   400  240s
  1326   693  140.00000   71  488          -  140.00000      -   396  245s
  1353   707  140.00000   84  502          -  140.00000      -   402  250s
  1417   726  140.00000   88  369          -  140.00000      -   397  255s
  1450   740 infeasible  103               -  140.00000      -   397  260s
  1505   744  140.00000   59  208          -  140.00000      -   392  265s
  1611   799  140.00000   72  267          -  140.00000      -   376  270s
  1735   853  140.00000   89  603          -  140.00000      -   355  275s
  1847   887  140.00000   87  425          -  140.00000      -   340  280s
  1924   913  140.00000   81  464          -  140.00000      -   335  285s
  2006   943  140.00000   82  591          -  140.00000      -   329  290s
  2069   975  140.00000   89  604          -  140.00000      -   325  295s
  2158  1021  140.00000   43  796          -  140.00000      -   317  300s
  2228  1070 infeasible   73               -  140.00000      -   315  305s
  2303  1109 infeasible  118               -  140.00000      -   310  310s
  2377  1147  140.00000   97  717          -  140.00000      -   306  315s
  2422  1155 infeasible   98               -  140.00000      -   309  320s
  2482  1182 infeasible   88               -  140.00000      -   307  325s
  2551  1204 infeasible   69               -  140.00000      -   304  330s
  2632  1266  140.00000   52  372          -  140.00000      -   300  335s
  2710  1332 infeasible   92               -  140.00000      -   296  340s
  2783  1366  140.00000   74  565          -  140.00000      -   293  345s
  2851  1416  140.00000  103  575          -  140.00000      -   291  350s
  2957  1455  140.00000   86  485          -  140.00000      -   285  355s
  3032  1497  140.00000   69  463          -  140.00000      -   283  360s
  3112  1548  140.00000   66  489          -  140.00000      -   280  365s
  3242  1640 infeasible   95               -  140.00000      -   273  370s
  3362  1677  140.00000   56  224          -  140.00000      -   267  375s
  3456  1742  140.00000   57  685          -  140.00000      -   266  380s
  3502  1782  139.00000   81  556          -  140.00000      -   267  385s
  3563  1803  140.00000   71  450          -  140.00000      -   268  390s
  3660  1860  140.00000   55  997          -  140.00000      -   265  395s
  3741  1901  140.00000   58  410          -  140.00000      -   264  400s
  3823  1932  140.00000   61  816          -  140.00000      -   264  405s
  3910  1991  140.00000   72  597          -  140.00000      -   263  410s
  4022  2040 infeasible   84               -  140.00000      -   258  415s
  4144  2104  140.00000   79  135          -  140.00000      -   256  420s
  4212  2170  140.00000  107  608          -  140.00000      -   257  425s
  4309  2206  140.00000   81  506          -  140.00000      -   254  430s
  4439  2296  140.00000   79  168          -  140.00000      -   251  435s
  4513  2360 infeasible  109               -  140.00000      -   253  440s
  4630  2412  140.00000   83  335          -  140.00000      -   250  445s
  4719  2465  140.00000   86  498          -  140.00000      -   250  450s
  4866  2532  140.00000  113  360          -  140.00000      -   246  455s
  4919  2562  140.00000   95  544          -  140.00000      -   247  460s
  5038  2622  140.00000   80  625          -  140.00000      -   244  465s
  5101  2679  140.00000  103  572          -  140.00000      -   245  482s
  5158  2701 infeasible   96               -  140.00000      -   243  485s
  5253  2745  140.00000  100  551          -  140.00000      -   243  490s
  5366  2773  140.00000   76  685          -  140.00000      -   241  495s
  5461  2828  140.00000   86  444          -  140.00000      -   240  500s
  5533  2864 infeasible   79               -  140.00000      -   242  505s
  5645  2948  140.00000   94  497          -  140.00000      -   240  510s
  5743  3007  140.00000   78  597          -  140.00000      -   239  515s
  5835  3075  140.00000   91  598          -  140.00000      -   239  520s
  6000  3167  140.00000   74  479          -  140.00000      -   235  525s
  6219  3269  140.00000   64  220          -  140.00000      -   230  530s
  6296  3314 infeasible   79               -  140.00000      -   232  535s
  6382  3353  140.00000   79  393          -  140.00000      -   233  540s
  6514  3422  140.00000   72  713          -  140.00000      -   231  545s
  6583  3460  140.00000   78  446          -  140.00000      -   231  550s
  6709  3532  140.00000   70  584          -  140.00000      -   230  555s
  6829  3627  140.00000   64  589          -  140.00000      -   229  560s
  6893  3667  140.00000   59  463          -  140.00000      -   231  565s
  7022  3753  140.00000   65  475          -  140.00000      -   229  570s
  7122  3792 infeasible   92               -  140.00000      -   229  575s
  7182  3821  140.00000   69  265          -  140.00000      -   231  580s
  7271  3846  140.00000   81  604          -  140.00000      -   231  585s
  7365  3891 infeasible   79               -  140.00000      -   231  590s
  7484  3958  140.00000   73  599          -  140.00000      -   230  595s
  7572  3995  140.00000   49  502          -  140.00000      -   231  600s
  7662  4053  140.00000   71  642          -  140.00000      -   231  605s
  7750  4094  140.00000   95  383          -  140.00000      -   230  610s
  7952  4187  140.00000   63  755          -  140.00000      -   227  615s
  8036  4249 infeasible   89               -  140.00000      -   229  620s
  8168  4317  140.00000   43  740          -  140.00000      -   227  625s
  8291  4416  140.00000   76  694          -  140.00000      -   226  630s
  8388  4476  140.00000   90  623          -  140.00000      -   227  635s
  8492  4555  140.00000  102  522          -  140.00000      -   226  640s
  8642  4632  140.00000   92  404          -  140.00000      -   225  645s
  8724  4673 infeasible  107               -  140.00000      -   225  650s
  8887  4796 infeasible  132               -  140.00000      -   224  655s
  9051  4899  140.00000   88  584          -  140.00000      -   222  660s
  9202  5001  140.00000   98  681          -  140.00000      -   221  665s
  9311  5056 infeasible   90               -  140.00000      -   221  670s
  9536  5141 infeasible  112               -  140.00000      -   218  675s
  9652  5204 infeasible  104               -  140.00000      -   217  680s
  9749  5273  140.00000   99  558          -  140.00000      -   218  685s
  9829  5306  140.00000   95  611          -  140.00000      -   218  690s
  9975  5395  140.00000   78  541          -  140.00000      -   217  695s
 10106  5457 infeasible   95               -  140.00000      -   217  700s
 10202  5498  140.00000   60  235          -  140.00000      -   216  860s
 10330  5569  140.00000   66  631          -  140.00000      -   216  865s
 10419  5617  140.00000   64  476          -  140.00000      -   217  870s
 10535  5682 infeasible   78               -  140.00000      -   217  875s
 10664  5762  140.00000   79  564          -  140.00000      -   217  880s
 10810  5857  140.00000   70  739          -  140.00000      -   216  885s
 10926  5921 infeasible   89               -  140.00000      -   215  890s
 11044  5967  140.00000   42  202          -  140.00000      -   214  895s
 11178  6023 infeasible   53               -  140.00000      -   213  900s
 11387  6098  140.00000   82  243          -  140.00000      -   210  905s
 11553  6121 infeasible   82               -  140.00000      -   209  910s
 11733  6182  140.00000   81  296          -  140.00000      -   207  915s
 11939  6290  140.00000   68  447          -  140.00000      -   205  920s
 12147  6380 infeasible   74               -  140.00000      -   203  925s
 12375  6419 infeasible   62               -  140.00000      -   201  930s
 12522  6410 infeasible   55               -  140.00000      -   200  935s
 12715  6527 infeasible   59               -  140.00000      -   199  940s
 12912  6632  140.00000   42  581          -  140.00000      -   197  945s
 13063  6703 infeasible   55               -  140.00000      -   196  950s
 13252  6792  140.00000   59  200          -  140.00000      -   195  955s
 13457  6847 infeasible   75               -  140.00000      -   193  960s
 13677  6892 infeasible   67               -  140.00000      -   192  965s
 13921  6973 infeasible   47               -  140.00000      -   190  970s
 14133  6972 infeasible   62               -  140.00000      -   188  975s
 14382  7083 infeasible   79               -  140.00000      -   186  980s
 14635  7143  140.00000   86  564          -  140.00000      -   185  985s
 14848  7188 infeasible   73               -  140.00000      -   183  990s
 15090  7236  140.00000   78  773          -  140.00000      -   182  995s
 15292  7313  140.00000   70  553          -  140.00000      -   181 1000s
 15303  7314  140.00000   58  326          -  140.00000      -   181 1014s
 15361  7333 infeasible   56               -  140.00000      -   180 1015s
 15617  7393  140.00000   50  507          -  140.00000      -   179 1020s
 15813  7486  140.00000   51  230          -  140.00000      -   178 1025s
 15847  7515  140.00000   71  348          -  140.00000      -   178 1034s
 15849  7517  140.00000   71  349          -  140.00000      -   178 1035s
 15859  7515  139.00000   73  408          -  140.00000      -   178 1040s
 16005  7577  140.00000   62  308          -  140.00000      -   177 1045s
 16218  7657 infeasible   71               -  140.00000      -   176 1050s
 16404  7756 infeasible   61               -  140.00000      -   176 1055s
 16558  7805  140.00000   60  256          -  140.00000      -   175 1060s
 16708  7878  140.00000   68  314          -  140.00000      -   175 1065s
 16824  7918 infeasible   80               -  140.00000      -   175 1070s
 16996  7980  140.00000   75  457          -  140.00000      -   175 1075s
 17156  8038 infeasible   92               -  140.00000      -   174 1080s
 17257  8050  140.00000   62  260          -  140.00000      -   175 1085s
 17432  8126  140.00000   73  695          -  140.00000      -   174 1090s
 17568  8167  140.00000   51  262          -  140.00000      -   174 1095s
 17723  8223 infeasible   61               -  140.00000      -   173 1100s
 17863  8294 infeasible   68               -  140.00000      -   173 1105s
 17961  8351 infeasible   92               -  140.00000      -   174 1110s
 18154  8481 infeasible   93               -  140.00000      -   173 1115s
 18325  8574  140.00000   74  360          -  140.00000      -   173 1120s
 18445  8646  140.00000   88  288          -  140.00000      -   173 1125s
 18622  8733  140.00000   78  208          -  140.00000      -   172 1130s
 18769  8791 infeasible  102               -  140.00000      -   172 1135s
 18917  8870  140.00000   89  188          -  140.00000      -   172 1140s
 18989  8900  140.00000   91  482          -  140.00000      -   172 1145s
 19188  9002  140.00000   93  684          -  140.00000      -   172 1150s
 19374  9088  140.00000  108  619          -  140.00000      -   171 1155s
 19523  9138 infeasible   89               -  140.00000      -   171 1160s
 19663  9192  140.00000   88  433          -  140.00000      -   171 1165s
 19827  9254 infeasible   92               -  140.00000      -   170 1170s
 19978  9293  140.00000   86  433          -  140.00000      -   170 1175s
 20126  9356  140.00000   93  377          -  140.00000      -   170 1180s
 20298  9421  140.00000   94  594          -  140.00000      -   169 1185s
 20404  9458 infeasible  104               -  140.00000      -   169 1201s
 20510  9507 infeasible  100               -  140.00000      -   169 1205s
 20690  9555 infeasible   90               -  140.00000      -   168 1210s
 20904  9666  140.00000  106  500          -  140.00000      -   168 1230s
 20926  9664 infeasible   92               -  140.00000      -   168 1235s
 20949  9667  140.00000   97  443          -  140.00000      -   168 1240s
 21022  9688 infeasible   96               -  140.00000      -   168 1245s
 21121  9718  140.00000   81  280          -  140.00000      -   168 1250s
 21259  9766  140.00000   88  470          -  140.00000      -   168 1255s
 21431  9832  140.00000   82  317          -  140.00000      -   168 1260s
 21558  9872  140.00000   79  458          -  140.00000      -   168 1265s
 21713  9935 infeasible   70               -  140.00000      -   168 1270s
 21904 10014 infeasible  105               -  140.00000      -   167 1275s
 22109 10088 infeasible   94               -  140.00000      -   166 1280s
 22283 10134 infeasible   77               -  140.00000      -   166 1285s
 22459 10192 infeasible  110               -  140.00000      -   166 1290s
 22645 10250  140.00000  102  572          -  140.00000      -   165 1295s
 22789 10297 infeasible   84               -  140.00000      -   165 1300s
 22946 10364  140.00000  108  658          -  140.00000      -   165 1305s
 23076 10413 infeasible   94               -  140.00000      -   165 1310s
 23211 10457 infeasible   99               -  140.00000      -   165 1315s
 23366 10485 infeasible   89               -  140.00000      -   165 1320s
 23532 10556 infeasible  115               -  140.00000      -   165 1325s
 23711 10628  140.00000   85  480          -  140.00000      -   164 1330s
 23883 10671 infeasible   91               -  140.00000      -   164 1335s
 24032 10690  140.00000   81  387          -  140.00000      -   164 1340s
 24228 10751 infeasible   96               -  140.00000      -   164 1345s
 24450 10837 infeasible   80               -  140.00000      -   163 1350s
 24683 10925 infeasible   91               -  140.00000      -   163 1355s
 24893 11015 infeasible   87               -  140.00000      -   162 1360s
 25041 11090 infeasible   94               -  140.00000      -   162 1365s
 25156 11122 infeasible   72               -  140.00000      -   163 1370s
 25341 11197 infeasible  106               -  140.00000      -   162 1375s
 25505 11242  140.00000  102  645          -  140.00000      -   162 1393s
 25551 11244  140.00000   97  628          -  140.00000      -   162 1395s
 25757 11283 infeasible   86               -  140.00000      -   162 1400s
 25975 11312  140.00000  101  457          -  140.00000      -   161 1405s
 26135 11354  140.00000   76  794          -  140.00000      -   161 1410s
 26290 11388 infeasible   96               -  140.00000      -   161 1415s
 26456 11435 infeasible  106               -  140.00000      -   161 1420s
 26671 11467  139.00000   87  626          -  140.00000      -   160 1425s
 26857 11491 infeasible   98               -  140.00000      -   160 1430s
 27063 11574  140.00000   95  510          -  140.00000      -   159 1435s
 27212 11601 infeasible   92               -  140.00000      -   159 1440s
 27346 11628  140.00000   98  477          -  140.00000      -   159 1445s
 27503 11658  140.00000   97  381          -  140.00000      -   159 1450s
 27636 11682 infeasible  110               -  140.00000      -   159 1455s
 27831 11739  140.00000  102  445          -  140.00000      -   159 1460s
 28026 11826  140.00000  104  233          -  140.00000      -   159 1465s
 28226 11876  140.00000   93  429          -  140.00000      -   159 1470s
 28370 11912 infeasible   85               -  140.00000      -   159 1475s
 28616 11947  140.00000   96  540          -  140.00000      -   158 1480s
 28769 11983 infeasible   94               -  140.00000      -   158 1485s
 28889 12032  140.00000   97  619          -  140.00000      -   159 1490s
 29035 12090 infeasible   80               -  140.00000      -   158 1495s
 29155 12158 infeasible   90               -  140.00000      -   159 1500s
 29336 12216 infeasible   81               -  140.00000      -   158 1505s
 29562 12282  139.00000   69  726          -  140.00000      -   158 1510s
 29708 12348 infeasible   78               -  140.00000      -   158 1515s
 29852 12405  140.00000   40  461          -  140.00000      -   158 1520s
 30002 12446 infeasible   71               -  140.00000      -   158 1525s
 30181 12489  140.00000   49  419          -  140.00000      -   158 1530s
 30366 12552  140.00000   49  419          -  140.00000      -   157 1535s
 30576 12602  140.00000   89  536          -  140.00000      -   157 1540s
 30606 12617  140.00000  100  418          -  140.00000      -   157 1554s
 30609 12616 infeasible  102               -  140.00000      -   157 1555s
 30830 12692  140.00000   94  343          -  140.00000      -   156 1560s
 31026 12735  140.00000   77  271          -  140.00000      -   156 1565s
 31195 12775 infeasible   97               -  140.00000      -   156 1570s
 31394 12820 infeasible   86               -  140.00000      -   156 1575s
 31565 12856  140.00000   33  622          -  140.00000      -   155 1580s
 31731 12886  140.00000   86  208          -  140.00000      -   155 1585s
 31908 12930  140.00000   25  424          -  140.00000      -   155 1590s
 32079 12972  140.00000   88  527          -  140.00000      -   155 1595s
 32204 12980  140.00000   71  381          -  140.00000      -   155 1614s
 32209 12979  140.00000   87  204          -  140.00000      -   155 1615s
 32226 12980 infeasible   92               -  140.00000      -   155 1620s
 32241 12973  140.00000   84  382          -  140.00000      -   155 1625s
 32266 12983  140.00000   77  822          -  140.00000      -   156 1630s
 32362 13041  140.00000   81  503          -  140.00000      -   156 1635s
 32412 13074  140.00000   68  737          -  140.00000      -   156 1640s
 32487 13129  140.00000   98  638          -  140.00000      -   156 1645s
 32671 13244  140.00000   99  102          -  140.00000      -   156 1650s
 32779 13288 infeasible  119               -  140.00000      -   156 1655s
 32867 13358  140.00000  102  623          -  140.00000      -   156 1660s
 32934 13402  140.00000   74  433          -  140.00000      -   156 1665s
 32964 13422  140.00000   69  264          -  140.00000      -   157 1670s
 33070 13501  140.00000   78  669          -  140.00000      -   157 1675s
 33203 13589  140.00000  107  575          -  140.00000      -   157 1680s
 33282 13618  140.00000   61  591          -  140.00000      -   157 1685s
 33393 13683 infeasible  116               -  140.00000      -   157 1690s
 33548 13747  140.00000   89  225          -  140.00000      -   157 1695s
 33738 13865  140.00000  106  510          -  140.00000      -   157 1700s
 33854 13926 infeasible  109               -  140.00000      -   157 1705s
 33981 14013  140.00000   99  226          -  140.00000      -   157 1710s
 34043 14036  140.00000  101  458          -  140.00000      -   157 1715s
 34163 14097  140.00000   79  338          -  140.00000      -   157 1720s
 34297 14188  140.00000  109  360          -  140.00000      -   157 1725s
 34397 14237  140.00000   98  379          -  140.00000      -   158 1730s
 34520 14304  140.00000  120  740          -  140.00000      -   158 1735s
 34621 14360  140.00000  101  284          -  140.00000      -   158 1740s
 34691 14414 infeasible  114               -  140.00000      -   158 1745s
 34815 14492  140.00000  109  597          -  140.00000      -   159 1750s
 34918 14548  140.00000   92  500          -  140.00000      -   159 1755s
 35053 14637  140.00000  109  291          -  140.00000      -   159 1760s
 35244 14701  140.00000  105  653          -  140.00000      -   158 1765s
 35348 14749  140.00000  115  415          -  140.00000      -   159 1770s
 35508 14829 infeasible  109               -  140.00000      -   159 1775s
 35705 14928  140.00000  128  785          -  140.00000      -   158 1780s
 35707 14926 infeasible  127               -  140.00000      -   158 1794s
 35736 14938  140.00000  110  645          -  140.00000      -   158 1795s
 35919 15020  140.00000  109  154          -  140.00000      -   158 1800s
 36059 15097  140.00000  116  492          -  140.00000      -   158 1805s
 36212 15188  140.00000  124  515          -  140.00000      -   158 1810s
 36359 15275  140.00000  123  491          -  140.00000      -   158 1815s
 36627 15438  140.00000  108  768          -  140.00000      -   157 1820s
 36797 15533  140.00000  106  386          -  140.00000      -   157 1825s
 36988 15655 infeasible  122               -  140.00000      -   157 1830s
 37155 15750 infeasible  128               -  140.00000      -   157 1835s
 37329 15850  140.00000  115  535          -  140.00000      -   157 1840s
 37440 15905  140.00000  110  442          -  140.00000      -   157 1845s
 37669 16010  140.00000   96  672          -  140.00000      -   157 1850s
 37794 16067  140.00000  128  306          -  140.00000      -   157 1855s
 37922 16128 infeasible  126               -  140.00000      -   157 1860s
 38110 16207 infeasible  133               -  140.00000      -   157 1865s
 38326 16297  140.00000  114  514          -  140.00000      -   156 1870s
 38450 16358  140.00000  101  464          -  140.00000      -   157 1875s
 38602 16429  140.00000   84  554          -  140.00000      -   156 1880s
 38824 16539 infeasible  100               -  140.00000      -   156 1885s
 38992 16634  140.00000  112  534          -  140.00000      -   156 1890s
 39197 16749  140.00000  113  776          -  140.00000      -   156 1895s
 39350 16835  140.00000  122  665          -  140.00000      -   156 1900s
 39491 16895  140.00000  108  584          -  140.00000      -   156 1905s
 39608 16935 infeasible  119               -  140.00000      -   156 1910s
 39708 16984  140.00000  138  715          -  140.00000      -   156 1915s
 39843 17035  140.00000  135  599          -  140.00000      -   156 1920s
 39984 17090  140.00000  129  401          -  140.00000      -   156 1925s
 40105 17135  140.00000  110  465          -  140.00000      -   156 1930s
 40222 17198  140.00000  105  467          -  140.00000      -   157 1935s
 40433 17275 infeasible  113               -  140.00000      -   156 1940s
 40597 17312 infeasible  103               -  140.00000      -   156 1945s
 40735 17368  140.00000   79  403          -  140.00000      -   157 1951s
 40769 17398  140.00000  102  553          -  140.00000      -   157 1982s
 40784 17385  140.00000   72  678          -  140.00000      -   157 1985s
 40798 17397 infeasible   85               -  140.00000      -   157 1990s
 40807 17402 infeasible   92               -  140.00000      -   157 1995s
 40808 17403  140.00000   92  473          -  140.00000      -   157 2009s
 40809 17402 infeasible   93               -  140.00000      -   157 2010s
 40819 17406  140.00000   79  608          -  140.00000      -   157 2015s
 40833 17420  140.00000   91  593          -  140.00000      -   157 2020s
 40849 17431 infeasible   99               -  140.00000      -   157 2025s
 40939 17465  140.00000  113  513          -  140.00000      -   157 2030s
 41162 17548  140.00000   86  415          -  140.00000      -   157 2035s
 41221 17594  140.00000   89  541          -  140.00000      -   158 2040s
 41342 17658  140.00000   83  743          -  140.00000      -   158 2045s
 41441 17736  140.00000   94  676          -  140.00000      -   158 2050s
 41588 17838  140.00000   93  732          -  140.00000      -   158 2055s
 41758 17952 infeasible  114               -  140.00000      -   158 2060s
 41952 18059  140.00000   82  512          -  140.00000      -   158 2065s
 42186 18200  140.00000  112  716          -  140.00000      -   157 2070s
 42324 18270 infeasible  106               -  140.00000      -   157 2075s
 42490 18367 infeasible  101               -  140.00000      -   157 2080s
 42610 18459  140.00000  110  405          -  140.00000      -   157 2085s
 42799 18571  140.00000   87  621          -  140.00000      -   157 2090s
 42991 18674 infeasible   97               -  140.00000      -   157 2095s
 43106 18730  140.00000   87  412          -  140.00000      -   157 2100s
 43227 18800 infeasible  109               -  140.00000      -   157 2105s
 43356 18876  140.00000   95  558          -  140.00000      -   158 2110s
 43500 18919  140.00000   73  862          -  140.00000      -   158 2115s
 43587 18979  140.00000   81  636          -  140.00000      -   158 2120s
 43689 19052 infeasible   99               -  140.00000      -   158 2125s
 43759 19094  140.00000   76  476          -  140.00000      -   158 2130s
 43798 19116 infeasible   79               -  140.00000      -   159 2135s
 43885 19178  140.00000   89  320          -  140.00000      -   159 2140s
 43941 19207  140.00000  112  475          -  140.00000      -   160 2145s
 44053 19247  140.00000  116  375          -  140.00000      -   160 2150s
 44151 19288 infeasible  119               -  140.00000      -   160 2155s
 44200 19324  140.00000  118  571          -  140.00000      -   160 2160s
 44297 19388  140.00000  129  182          -  140.00000      -   160 2165s
 44459 19441  140.00000   74  230          -  140.00000      -   160 2170s
 44552 19507 infeasible  109               -  140.00000      -   160 2175s
 44625 19545  140.00000   99  543          -  140.00000      -   161 2180s
 44668 19560 infeasible  120               -  140.00000      -   161 2185s
 44794 19621  140.00000  108  537          -  140.00000      -   161 2190s
 44901 19666 infeasible   99               -  140.00000      -   161 2195s
 45092 19755  140.00000  109  177          -  140.00000      -   161 2200s
 45279 19858 infeasible  137               -  140.00000      -   161 2205s
 45432 19954  140.00000  117  710          -  140.00000      -   160 2210s
 45498 19980 infeasible  117               -  140.00000      -   161 2215s
 45563 20021  140.00000   99  469          -  140.00000      -   161 2220s
 45662 20066  140.00000   80  699          -  140.00000      -   161 2225s
 45729 20115  140.00000   99  183          -  140.00000      -   162 2230s
 45828 20164 infeasible  109               -  140.00000      -   162 2235s
 45909 20192  140.00000  107  417          -  140.00000      -   162 2251s
 45966 20222  140.00000  118  325          -  140.00000      -   162 2255s
 46077 20291  140.00000  128  673          -  140.00000      -   162 2260s
 46214 20357  140.00000  129  558          -  140.00000      -   162 2265s
 46346 20416  140.00000  118  619          -  140.00000      -   162 2270s
 46438 20469  140.00000  109  532          -  140.00000      -   162 2275s
 46541 20489  140.00000  102  352          -  140.00000      -   162 2280s
 46632 20535  140.00000  104  545          -  140.00000      -   162 2285s
 46743 20593 infeasible  118               -  140.00000      -   162 2290s
 46850 20668  140.00000  111  584          -  140.00000      -   162 2295s
 46941 20723  140.00000   93  526          -  140.00000      -   162 2300s
 47135 20825  140.00000   93  585          -  140.00000      -   162 2305s
 47282 20897  140.00000   98  571          -  140.00000      -   162 2310s
 47435 20978 infeasible  111               -  140.00000      -   162 2315s
 47486 21002  140.00000   88  741          -  140.00000      -   162 2320s
 47543 21031  140.00000   90  418          -  140.00000      -   162 2325s
 47741 21150  140.00000   98  498          -  140.00000      -   162 2330s
 47878 21253  140.00000  109  194          -  140.00000      -   162 2335s
 47982 21300 infeasible  102               -  140.00000      -   162 2340s
 48171 21400  140.00000  114  380          -  140.00000      -   162 2345s
 48344 21427  140.00000   97  686          -  140.00000      -   162 2350s
 48411 21469 infeasible   79               -  140.00000      -   162 2355s
 48498 21512  140.00000   79  402          -  140.00000      -   162 2360s
 48685 21624  140.00000   69  173          -  140.00000      -   162 2365s
 48788 21700  140.00000  101  592          -  140.00000      -   162 2370s
 48908 21779  140.00000  104  770          -  140.00000      -   162 2375s
 49029 21838 infeasible  119               -  140.00000      -   162 2380s
 49106 21895  140.00000  109  452          -  140.00000      -   162 2385s
 49277 22008  140.00000   92  782          -  140.00000      -   162 2390s
 49364 22064 infeasible  116               -  140.00000      -   162 2395s
 49485 22134 infeasible  112               -  140.00000      -   162 2400s
 49627 22179  140.00000   90  569          -  140.00000      -   162 2405s
 49723 22236 infeasible  117               -  140.00000      -   162 2410s
 49775 22254  138.37013   94  643          -  140.00000      -   163 2415s
 49839 22291  140.00000   70  623          -  140.00000      -   163 2420s
 49930 22354 infeasible  112               -  140.00000      -   163 2425s
 50061 22414 infeasible  108               -  140.00000      -   163 2430s
 50149 22464  140.00000  110  422          -  140.00000      -   163 2435s
 50249 22523 infeasible  139               -  140.00000      -   163 2440s
 50350 22582  140.00000  125  562          -  140.00000      -   163 2445s
 50449 22634  140.00000  119  396          -  140.00000      -   164 2450s
 50529 22659  140.00000  122  436          -  140.00000      -   164 2455s
 50676 22697  140.00000  127  490          -  140.00000      -   164 2460s
 50839 22706  140.00000   54  701          -  140.00000      -   164 2465s
 50948 22776  140.00000   76  606          -  140.00000      -   164 2470s
 51010 22815 infeasible   88               -  140.00000      -   164 2487s
 51097 22828  140.00000   91  639          -  140.00000      -   164 2490s
 51196 22883  140.00000  103  428          -  140.00000      -   164 2495s
 51246 22904  140.00000   93  810          -  140.00000      -   164 2500s
 51366 22973 infeasible  125               -  140.00000      -   164 2505s
 51557 23059 infeasible  121               -  140.00000      -   164 2510s
 51665 23090  140.00000   99  509          -  140.00000      -   164 2515s
 51798 23174 infeasible  111               -  140.00000      -   164 2520s
 51882 23243  140.00000  126  473          -  140.00000      -   164 2525s
 52025 23337 infeasible  122               -  140.00000      -   164 2530s
 52117 23378  140.00000   99  377          -  140.00000      -   164 2535s
 52223 23437 infeasible  125               -  140.00000      -   164 2540s
 52371 23468 infeasible  100               -  140.00000      -   164 2545s
 52532 23530  140.00000   85  518          -  140.00000      -   164 2550s
 52655 23579  140.00000  119  326          -  140.00000      -   164 2555s
 52782 23626  140.00000  105  438          -  140.00000      -   164 2560s
 52930 23674  140.00000  102  499          -  140.00000      -   164 2565s
 53065 23711 infeasible  109               -  140.00000      -   164 2570s
 53176 23736 infeasible  108               -  140.00000      -   164 2575s
 53265 23747  140.00000   91  617          -  140.00000      -   164 2580s
 53387 23768  140.00000   80  486          -  140.00000      -   164 2585s
 53534 23802 infeasible  107               -  140.00000      -   164 2590s
 53601 23831 infeasible  107               -  140.00000      -   164 2595s
 53677 23872  140.00000   72  449          -  140.00000      -   165 2600s
 53767 23920  140.00000   71  771          -  140.00000      -   165 2605s
 53896 23994 infeasible   85               -  140.00000      -   165 2610s
 53977 24019  140.00000   59  491          -  140.00000      -   165 2615s
 54102 24097  140.00000   93  553          -  140.00000      -   165 2620s
 54254 24186 infeasible  118               -  140.00000      -   165 2625s
 54412 24221 infeasible   83               -  140.00000      -   165 2630s
 54569 24278  140.00000   90  482          -  140.00000      -   165 2635s
 54745 24359 infeasible   86               -  140.00000      -   165 2640s
 54872 24400 infeasible  118               -  140.00000      -   165 2645s
 55034 24456  140.00000   79  203          -  140.00000      -   165 2650s
 55179 24556  140.00000   79  500          -  140.00000      -   165 2655s
 55309 24636 infeasible  119               -  140.00000      -   165 2660s
 55362 24656 infeasible  100               -  140.00000      -   165 2665s
 55451 24692 infeasible   99               -  140.00000      -   165 2670s
 55583 24779  140.00000   99  106          -  140.00000      -   165 2675s
 55732 24831 infeasible  127               -  140.00000      -   165 2680s
 55926 24933  140.00000   80  511          -  140.00000      -   165 2685s
 56054 24985  140.00000  137  648          -  140.00000      -   165 2690s
 56111 25000  140.00000  127  458          -  140.00000      -   165 2708s
 56164 25015 infeasible   86               -  140.00000      -   165 2710s
 56349 25112 infeasible  137               -  140.00000      -   165 2715s
 56387 25133  140.00000  142  415          -  140.00000      -   165 2740s
 56402 25136 infeasible  131               -  140.00000      -   165 2745s
 56420 25142  140.00000  126  401          -  140.00000      -   165 2750s
 56437 25157  140.00000  135  402          -  140.00000      -   165 2755s
 56503 25196  140.00000   89  148          -  140.00000      -   165 2760s
 56694 25270 infeasible  153               -  140.00000      -   165 2765s
 56845 25339  140.00000  129  459          -  140.00000      -   165 2770s
 57012 25419 infeasible  139               -  140.00000      -   165 2775s
 57082 25452  140.00000  129  272          -  140.00000      -   165 2780s
 57240 25510  140.00000  130  483          -  140.00000      -   165 2785s
 57382 25583 infeasible  139               -  140.00000      -   165 2790s
 57493 25639 infeasible  138               -  140.00000      -   165 2795s
 57635 25691 infeasible  136               -  140.00000      -   165 2800s
 57777 25747  140.00000  127  569          -  140.00000      -   165 2805s
 57948 25804  140.00000  140  620          -  140.00000      -   165 2810s
 58056 25836  140.00000   59  338          -  140.00000      -   165 2815s
 58142 25885  140.00000   60  663          -  140.00000      -   165 2820s
 58241 25932 infeasible  107               -  140.00000      -   165 2825s
 58328 25967  140.00000  109  230          -  140.00000      -   166 2830s
 58436 26041 infeasible  129               -  140.00000      -   166 2835s
 58537 26104  140.00000  129  291          -  140.00000      -   166 2840s
 58652 26183  140.00000  124  491          -  140.00000      -   166 2845s
 58735 26232  140.00000  100  507          -  140.00000      -   166 2850s
 58842 26282 infeasible  118               -  140.00000      -   166 2855s
 58957 26334  140.00000  117  653          -  140.00000      -   166 2860s
 59049 26371 infeasible  132               -  140.00000      -   167 2865s
 59095 26386 infeasible  119               -  140.00000      -   167 2870s
 59131 26401  140.00000  110  535          -  140.00000      -   167 2875s
 59230 26466  140.00000   96  470          -  140.00000      -   168 2880s
 59315 26503  140.00000  113  572          -  140.00000      -   168 2885s
 59447 26588  140.00000  115  699          -  140.00000      -   168 2890s
 59460 26595 infeasible  119               -  140.00000      -   168 2895s
 59567 26648  140.00000   93  506          -  140.00000      -   168 2900s
 59740 26755 infeasible  119               -  140.00000      -   168 2905s
 59964 26884 infeasible  119               -  140.00000      -   168 2910s
 60112 26955 infeasible  129               -  140.00000      -   168 2915s
 60268 27037  140.00000  116  369          -  140.00000      -   168 2920s
 60491 27178 infeasible  136               -  140.00000      -   168 2925s
 60687 27274  140.00000  119  405          -  140.00000      -   168 2930s
 60873 27377  140.00000  104  326          -  140.00000      -   168 2935s
 61053 27479  140.00000  116  402          -  140.00000      -   167 2940s
 61212 27564  140.00000  125  742          -  140.00000      -   167 2957s
 61334 27618  140.00000  124  502          -  140.00000      -   167 2960s
 61526 27728 infeasible  133               -  140.00000      -   167 2965s
 61689 27790  140.00000  119  569          -  140.00000      -   167 2970s
 61762 27815 infeasible  142               -  140.00000      -   167 2975s
 61884 27877 infeasible  135               -  140.00000      -   167 2980s
 62081 27970  140.00000  140  360          -  140.00000      -   167 2985s
 62215 28025  140.00000  123  847          -  140.00000      -   167 2990s
 62389 28106 infeasible  129               -  140.00000      -   167 2995s
 62648 28263  140.00000  105  544          -  140.00000      -   167 3000s
 62858 28393  140.00000  122  483          -  140.00000      -   167 3005s
 63020 28464  140.00000  107  706          -  140.00000      -   167 3010s
 63124 28526  140.00000  101  648          -  140.00000      -   167 3015s
 63353 28644 infeasible  107               -  140.00000      -   167 3020s
 63508 28724  140.00000  111  392          -  140.00000      -   166 3025s
 63626 28765 infeasible  102               -  140.00000      -   167 3030s
 63741 28803 infeasible  145               -  140.00000      -   167 3035s
 63935 28882  140.00000  123  554          -  140.00000      -   167 3040s
 64116 28968 infeasible  135               -  140.00000      -   166 3045s
 64291 29035 infeasible  125               -  140.00000      -   166 3050s
 64569 29159 infeasible  140               -  140.00000      -   166 3055s
 64721 29220 infeasible  123               -  140.00000      -   166 3060s
 64812 29263  140.00000  115  580          -  140.00000      -   166 3065s
 64938 29312 infeasible  129               -  140.00000      -   166 3070s
 65033 29361 infeasible  128               -  140.00000      -   166 3075s
 65185 29415 infeasible  116               -  140.00000      -   166 3080s
 65321 29467 infeasible  129               -  140.00000      -   166 3085s
 65416 29500 infeasible  131               -  140.00000      -   167 3090s
 65522 29556 infeasible  145               -  140.00000      -   167 3095s
 65641 29610  140.00000  128  550          -  140.00000      -   167 3100s
 65798 29684  140.00000  126  831          -  140.00000      -   167 3105s
 65953 29758  140.00000   97  477          -  140.00000      -   167 3110s
 66018 29808  139.00000  117  368          -  140.00000      -   167 3115s
 66053 29816  140.00000   92  519          -  140.00000      -   167 3120s
 66147 29862  140.00000   90  693          -  140.00000      -   167 3125s
 66283 29933  140.00000  109  276          -  140.00000      -   167 3131s
 66313 29942  140.00000   94  656          -  140.00000      -   168 3147s
 66426 30005  140.00000   96  472          -  140.00000      -   167 3150s
 66498 30045 infeasible  118               -  140.00000      -   168 3155s
 66551 30083 infeasible  133               -  140.00000      -   168 3160s
 66686 30139  140.00000  103  502          -  140.00000      -   168 3165s
 66774 30184  140.00000  135  493          -  140.00000      -   168 3170s
 66806 30187 infeasible  112               -  140.00000      -   169 3175s
 66983 30263  140.00000  111  442          -  140.00000      -   169 3180s
 67096 30328  140.00000   99  157          -  140.00000      -   169 3185s
 67220 30399 infeasible  117               -  140.00000      -   169 3190s
 67395 30475  140.00000  125  682          -  140.00000      -   168 3195s
 67466 30505 infeasible  128               -  140.00000      -   169 3200s
 67594 30558 infeasible   82               -  140.00000      -   169 3205s
 67755 30621 infeasible  101               -  140.00000      -   169 3210s
 67882 30647 infeasible   86               -  140.00000      -   169 3215s
 68014 30680  140.00000   89  149          -  140.00000      -   169 3220s
 68168 30759  140.00000   99  213          -  140.00000      -   169 3225s
 68374 30842 infeasible  109               -  140.00000      -   169 3230s
 68510 30903  140.00000  103  746          -  140.00000      -   169 3235s
 68667 30961  140.00000  109  610          -  140.00000      -   168 3240s
 68803 30995 infeasible  111               -  140.00000      -   168 3245s
 68998 31096 infeasible   86               -  140.00000      -   168 3250s
 69192 31183 infeasible   78               -  140.00000      -   168 3255s
 69317 31271  140.00000   64  320          -  140.00000      -   168 3260s
 69423 31347  140.00000   63  634          -  140.00000      -   168 3265s
 69480 31392 infeasible  109               -  140.00000      -   169 3270s
 69570 31469  140.00000   79  345          -  140.00000      -   169 3275s
 69740 31566 infeasible   98               -  140.00000      -   169 3280s
 69853 31622 infeasible  105               -  140.00000      -   169 3285s
 69899 31654 infeasible   88               -  140.00000      -   169 3290s
 70017 31707  140.00000   97  703          -  140.00000      -   169 3295s
 70097 31727 infeasible   99               -  140.00000      -   169 3300s
 70131 31748  140.00000  105  520          -  140.00000      -   169 3321s
 70143 31750  140.00000   67  654          -  140.00000      -   169 3325s
 70159 31762  140.00000   81  376          -  140.00000      -   169 3330s
 70169 31768  140.00000   87  667          -  140.00000      -   169 3335s
 70269 31820  140.00000   89  251          -  140.00000      -   169 3340s
 70460 31927 infeasible   89               -  140.00000      -   169 3345s
 70526 31949 infeasible   88               -  140.00000      -   169 3350s
 70630 32008 infeasible  100               -  140.00000      -   169 3355s
 70801 32108  140.00000   79  248          -  140.00000      -   169 3360s
 70855 32136  140.00000   69  533          -  140.00000      -   170 3365s
 71026 32252  140.00000   94  696          -  140.00000      -   170 3370s
 71082 32283 infeasible   91               -  140.00000      -   170 3375s
 71159 32330  140.00000   98  640          -  140.00000      -   170 3380s
 71221 32354 infeasible   98               -  140.00000      -   170 3385s
 71300 32375 infeasible   92               -  140.00000      -   170 3390s
 71414 32432  140.00000  107  749          -  140.00000      -   170 3406s
 71473 32456  140.00000   78  695          -  140.00000      -   170 3410s
 71578 32508  140.00000   89  248          -  140.00000      -   171 3416s
 71717 32575 infeasible   99               -  140.00000      -   171 3420s
 71907 32653  140.00000   91  419          -  140.00000      -   170 3425s
 72051 32710 infeasible  109               -  140.00000      -   170 3430s
 72148 32748  140.00000   99  351          -  140.00000      -   171 3435s
 72259 32820 infeasible  139               -  140.00000      -   171 3440s
 72404 32897 infeasible  118               -  140.00000      -   170 3445s
 72488 32946 infeasible  119               -  140.00000      -   171 3450s
 72595 33010  140.00000  104  447          -  140.00000      -   171 3455s
 72702 33070  140.00000  110  613          -  140.00000      -   171 3460s
 72796 33118  140.00000  107  567          -  140.00000      -   171 3465s
 72890 33165 infeasible  124               -  140.00000      -   171 3470s
 72989 33210  140.00000   99  564          -  140.00000      -   171 3475s
 73160 33322  140.00000  121  693          -  140.00000      -   171 3480s
 73280 33383 infeasible  124               -  140.00000      -   171 3485s
 73417 33417  140.00000  117  644          -  140.00000      -   171 3490s
 73607 33506 infeasible   86               -  140.00000      -   171 3495s
 73762 33546  139.00000   67  488          -  140.00000      -   171 3500s
 73876 33597  139.00000   76  566          -  140.00000      -   171 3505s
 74008 33653  140.00000   74  263          -  140.00000      -   171 3510s
 74203 33743  140.00000   85  670          -  140.00000      -   171 3515s
 74281 33766 infeasible   89               -  140.00000      -   171 3520s
 74401 33829 infeasible  100               -  140.00000      -   171 3525s
 74519 33880  140.00000  109  590          -  140.00000      -   171 3530s
 74686 33927 infeasible  119               -  140.00000      -   171 3535s
 74817 33968 infeasible  104               -  140.00000      -   171 3540s
 74956 33991 infeasible   97               -  140.00000      -   171 3545s
 75018 33994 infeasible   81               -  140.00000      -   171 3550s
 75152 34032 infeasible   90               -  140.00000      -   171 3555s
 75309 34083 infeasible  101               -  140.00000      -   171 3560s
 75417 34129  139.00000  117  535          -  140.00000      -   171 3565s
 75586 34210 infeasible  109               -  140.00000      -   171 3570s
 75732 34273  140.00000   67  314          -  140.00000      -   171 3575s
 75941 34360 infeasible  139               -  140.00000      -   171 3580s
 76044 34412  140.00000   99  418          -  140.00000      -   171 3585s
 76140 34477  140.00000  100  255          -  140.00000      -   171 3590s
 76254 34527  140.00000  106  764          -  140.00000      -   171 3595s

Cutting planes:
  Gomory: 6
  Cover: 258
  Implied bound: 89
  Projected implied bound: 3
  Clique: 71
  MIR: 37
  StrongCG: 28
  Flow cover: 151
  GUB cover: 4
  Zero half: 50
  Network: 1
  Relax-and-lift: 60

Explored 76377 nodes (13103703 simplex iterations) in 3600.01 seconds (3615.22 work units)
Thread count was 1 (of 8 available processors)

Solution count 0

Time limit reached
Best objective -, best bound 1.400000000000e+02, gap -
