
Gurobi 11.0.1 (win64) logging started Thu Mar 14 08:02:08 2024

Set parameter LogFile to value "C:\Projetos\Job_Rotation_Algorithms\Outputs\GurobiLogs\gurobi_log-output-54_ros-c11-BorbaRittModel-NoExtraConstraint-2.log"
Gurobi Optimizer version 11.0.1 build v11.0.1rc0 (win64 - Windows 10.0 (19045.2))

CPU model: 11th Gen Intel(R) Core(TM) i7-1165G7 @ 2.80GHz, instruction set [SSE2|AVX|AVX2|AVX512]
Thread count: 4 physical cores, 8 logical processors, using up to 1 threads


Gurobi 11.0.1 (win64) logging started Fri Mar 15 00:39:35 2024

Set parameter LogFile to value "C:\Projetos\Job_Rotation_Algorithms\Outputs\GurobiLogs\gurobi_log-output-54_ros-c11-BorbaRittModel-NoExtraConstraint-2.log"
Gurobi Optimizer version 11.0.1 build v11.0.1rc0 (win64 - Windows 10.0 (19045.2))

CPU model: 11th Gen Intel(R) Core(TM) i7-1165G7 @ 2.80GHz, instruction set [SSE2|AVX|AVX2|AVX512]
Thread count: 4 physical cores, 8 logical processors, using up to 1 threads


Gurobi 11.0.1 (win64) logging started Sat Mar 16 12:25:50 2024

Set parameter LogFile to value "C:\Projetos\Job_Rotation_Algorithms\Outputs\GurobiLogs\gurobi_log-output-54_ros-c11-BorbaRittModel-NoExtraConstraint-2.log"
Gurobi Optimizer version 11.0.1 build v11.0.1rc0 (win64 - Windows 10.0 (19045.2))

CPU model: 11th Gen Intel(R) Core(TM) i7-1165G7 @ 2.80GHz, instruction set [SSE2|AVX|AVX2|AVX512]
Thread count: 4 physical cores, 8 logical processors, using up to 1 threads


Gurobi 11.0.1 (win64) logging started Sat Mar 16 22:34:54 2024

Set parameter LogFile to value "C:\Projetos\Job_Rotation_Algorithms\Outputs\GurobiLogs\gurobi_log-output-54_ros-c11-BorbaRittModel-NoExtraConstraint-2.log"
Gurobi Optimizer version 11.0.1 build v11.0.1rc0 (win64 - Windows 10.0 (19045.2))

CPU model: 11th Gen Intel(R) Core(TM) i7-1165G7 @ 2.80GHz, instruction set [SSE2|AVX|AVX2|AVX512]
Thread count: 4 physical cores, 8 logical processors, using up to 1 threads


Gurobi 11.0.1 (win64) logging started Sun Mar 17 01:39:18 2024

Set parameter LogFile to value "C:\Projetos\Job_Rotation_Algorithms\Outputs\GurobiLogs\gurobi_log-output-54_ros-c11-BorbaRittModel-NoExtraConstraint-2.log"
Gurobi Optimizer version 11.0.1 build v11.0.1rc0 (win64 - Windows 10.0 (19045.2))

CPU model: 11th Gen Intel(R) Core(TM) i7-1165G7 @ 2.80GHz, instruction set [SSE2|AVX|AVX2|AVX512]
Thread count: 4 physical cores, 8 logical processors, using up to 1 threads

WLS license 901039 - registered to Bitka Analytics
Optimize a model with 1703 rows, 428 columns and 5392 nonzeros
Model fingerprint: 0xfc7f2d41
Variable types: 2 continuous, 426 integer (426 binary)
Coefficient statistics:
  Matrix range     [1e+00, 1e+01]
  Objective range  [1e+00, 1e+00]
  Bounds range     [1e+00, 2e+01]
  RHS range        [1e+00, 2e+01]
Presolve removed 3 rows and 3 columns
Presolve time: 0.02s
Presolved: 1700 rows, 425 columns, 5386 nonzeros
Variable types: 0 continuous, 425 integer (424 binary)

Root relaxation: objective 5.000000e+01, 585 iterations, 0.01 seconds (0.02 work units)

    Nodes    |    Current Node    |     Objective Bounds      |     Work
 Expl Unexpl |  Obj  Depth IntInf | Incumbent    BestBd   Gap | It/Node Time

     0     0   50.00000    0  167          -   50.00000      -     -    0s
     0     0   50.00000    0  155          -   50.00000      -     -    0s
     0     0   50.00000    0  150          -   50.00000      -     -    0s
     0     0   50.00000    0  163          -   50.00000      -     -    0s
     0     0   50.00000    0  168          -   50.00000      -     -    0s
     0     0   50.00000    0  156          -   50.00000      -     -    1s
     0     0   50.00000    0  170          -   50.00000      -     -    1s
     0     0   50.00000    0  146          -   50.00000      -     -    1s
     0     0   50.00000    0  128          -   50.00000      -     -    1s
     0     0   50.00000    0  126          -   50.00000      -     -    1s
     0     0   50.00000    0  124          -   50.00000      -     -    1s
     0     0   50.00000    0  132          -   50.00000      -     -    1s
     0     0   50.00000    0  123          -   50.00000      -     -    1s
     0     0   50.00000    0  138          -   50.00000      -     -    1s
     0     0   50.00000    0  138          -   50.00000      -     -    1s
     0     2   50.00000    0  138          -   50.00000      -     -    1s
   831   416   50.00000   29  162          -   50.00000      -  13.9    5s
  1755   368   50.00000   39  143          -   50.00000      -  77.0   10s
  2554   407   49.83333   36  177          -   50.00000      -   108   15s
* 2831   486              34      37.0000000   50.00000  35.1%   115   16s
H 2967   520                      38.0000000   50.00000  31.6%   116   17s
H 3128   549                      39.0000000   50.00000  28.2%   118   17s
H 3156   545                      40.0000000   50.00000  25.0%   118   18s
  3507   556 infeasible   31        40.00000   50.00000  25.0%   125   20s
H 4090   663                      41.0000000   50.00000  22.0%   131   23s
  4328   690   49.00000   37  129   41.00000   50.00000  22.0%   135   25s
H 4523   723                      44.0000000   50.00000  13.6%   135   27s
H 4601   741                      45.0000000   50.00000  11.1%   135   28s
  4673   741   49.00000   44  166   45.00000   50.00000  11.1%   136   30s
  4982   772   50.00000   37  147   45.00000   50.00000  11.1%   138   35s
  5601   830   50.00000   27  156   45.00000   50.00000  11.1%   140   40s
  6109   896 infeasible   31        45.00000   50.00000  11.1%   141   45s
  7210  1004 infeasible   34        45.00000   50.00000  11.1%   139   50s
  8206  1086   50.00000   36  132   45.00000   50.00000  11.1%   142   55s
  8853  1200   49.00000   37  144   45.00000   50.00000  11.1%   144   60s
  9696  1359   50.00000   24  109   45.00000   50.00000  11.1%   146   65s
 10202  1520 infeasible   41        45.00000   50.00000  11.1%   146   71s
 10825  1600 infeasible   34        45.00000   50.00000  11.1%   149   75s
 11507  1614   50.00000   35  151   45.00000   50.00000  11.1%   152   80s
 12334  1656   50.00000   37  156   45.00000   50.00000  11.1%   153   85s
 13014  1716   50.00000   32  139   45.00000   50.00000  11.1%   154   90s
 13688  1683   50.00000   29  158   45.00000   50.00000  11.1%   155   95s
 14442  1697   50.00000   35  145   45.00000   50.00000  11.1%   156  100s
 15473  1809   49.00000   39  130   45.00000   50.00000  11.1%   155  105s
 16565  1929   48.88231   30  127   45.00000   50.00000  11.1%   153  110s
 17287  2021   49.74341   39  102   45.00000   50.00000  11.1%   152  115s
 18103  2124 infeasible   29        45.00000   50.00000  11.1%   152  120s
 18987  2250 infeasible   29        45.00000   50.00000  11.1%   152  125s
 19788  2308 infeasible   35        45.00000   50.00000  11.1%   152  130s
 20588  2398 infeasible   32        45.00000   50.00000  11.1%   153  135s
 21332  2487 infeasible   34        45.00000   50.00000  11.1%   153  140s
 22036  2523   50.00000   29  108   45.00000   50.00000  11.1%   154  145s
 22775  2562   50.00000   31  135   45.00000   50.00000  11.1%   155  150s
 23586  2677   50.00000   34  131   45.00000   50.00000  11.1%   155  155s
 24359  2649 infeasible   48        45.00000   50.00000  11.1%   156  160s
 25060  2627   50.00000   33  150   45.00000   50.00000  11.1%   157  165s
 25852  2653   50.00000   33  127   45.00000   50.00000  11.1%   157  170s
 26771  2733   46.45200   33  103   45.00000   50.00000  11.1%   157  175s
 27583  2753   50.00000   25  131   45.00000   50.00000  11.1%   156  180s
 28526  2759 infeasible   34        45.00000   50.00000  11.1%   156  185s
 29348  2761 infeasible   36        45.00000   50.00000  11.1%   156  190s
 30539  2867   46.85176   38  148   45.00000   50.00000  11.1%   156  195s
 31240  2882 infeasible   27        45.00000   50.00000  11.1%   156  200s
 31988  2889   46.78061   38  116   45.00000   50.00000  11.1%   156  205s
 32669  2886 infeasible   39        45.00000   50.00000  11.1%   157  210s
 33502  2924 infeasible   34        45.00000   50.00000  11.1%   157  215s
 34120  2970 infeasible   37        45.00000   50.00000  11.1%   157  220s
 35167  3093   47.00000   39   84   45.00000   50.00000  11.1%   156  225s
 35949  3163   50.00000   31  161   45.00000   50.00000  11.1%   157  230s
 36850  3208   50.00000   29  145   45.00000   50.00000  11.1%   157  235s
 37673  3291 infeasible   37        45.00000   50.00000  11.1%   157  240s
 38597  3395   46.29217   33  129   45.00000   50.00000  11.1%   156  245s
 39331  3460 infeasible   37        45.00000   50.00000  11.1%   156  250s
 40296  3501   46.41919   31  131   45.00000   50.00000  11.1%   157  255s
 40960  3548 infeasible   39        45.00000   50.00000  11.1%   157  260s
 41624  3542 infeasible   33        45.00000   50.00000  11.1%   157  265s
 42362  3592   50.00000   28  116   45.00000   50.00000  11.1%   158  270s
 42979  3582   50.00000   31  115   45.00000   50.00000  11.1%   158  275s
 43801  3611 infeasible   32        45.00000   50.00000  11.1%   158  280s
 44638  3636   49.00000   32  123   45.00000   50.00000  11.1%   158  285s
 45439  3674 infeasible   35        45.00000   50.00000  11.1%   159  290s
 46076  3648 infeasible   30        45.00000   50.00000  11.1%   159  295s
 46875  3657 infeasible   34        45.00000   50.00000  11.1%   159  300s
 47727  3655   49.93750   33  129   45.00000   50.00000  11.1%   160  305s
 48539  3689 infeasible   34        45.00000   50.00000  11.1%   160  310s
 49297  3694   50.00000   37  154   45.00000   50.00000  11.1%   160  315s
 50152  3737   50.00000   35  131   45.00000   50.00000  11.1%   160  320s
 50867  3752   50.00000   25   97   45.00000   50.00000  11.1%   160  325s
 51604  3811   49.00000   33  154   45.00000   50.00000  11.1%   160  330s
 52472  3840 infeasible   33        45.00000   50.00000  11.1%   160  335s
 53098  3843 infeasible   33        45.00000   50.00000  11.1%   161  340s
 53908  3893   50.00000   37  159   45.00000   50.00000  11.1%   161  345s
 54593  3884   46.50000   27  129   45.00000   50.00000  11.1%   161  350s
 55352  3904 infeasible   33        45.00000   50.00000  11.1%   161  355s
 56072  3919 infeasible   37        45.00000   50.00000  11.1%   161  360s
 56865  3909 infeasible   32        45.00000   50.00000  11.1%   162  365s
*57315  3736              42      46.0000000   50.00000  8.70%   161  367s
 57862  3789   47.13042   39  143   46.00000   50.00000  8.70%   161  370s
 58434  3814 infeasible   33        46.00000   50.00000  8.70%   161  375s
 59094  3804 infeasible   32        46.00000   50.00000  8.70%   162  380s
 60326  3930   48.78064   45  132   46.00000   50.00000  8.70%   161  385s
 61032  3998   47.19233   38  106   46.00000   50.00000  8.70%   161  390s
 61747  4023   49.71429   34  104   46.00000   50.00000  8.70%   161  395s
 62489  4061 infeasible   32        46.00000   50.00000  8.70%   161  400s
 63469  4069 infeasible   36        46.00000   50.00000  8.70%   161  405s
 64326  4151   48.23844   36  126   46.00000   50.00000  8.70%   160  410s
 65190  4204   50.00000   26  132   46.00000   50.00000  8.70%   160  415s
 66166  4327   49.43045   44  136   46.00000   50.00000  8.70%   160  420s
 66974  4455   47.50000   37  132   46.00000   50.00000  8.70%   160  425s
 68330  4613   48.21491   32  126   46.00000   50.00000  8.70%   159  430s
 69126  4620 infeasible   28        46.00000   50.00000  8.70%   159  435s
 69791  4696   50.00000   28  121   46.00000   50.00000  8.70%   159  440s
 70562  4720   50.00000   26  132   46.00000   50.00000  8.70%   159  445s
 71626  4759   50.00000   27  141   46.00000   50.00000  8.70%   159  450s
 72398  4763 infeasible   39        46.00000   50.00000  8.70%   159  455s
 73180  4802   50.00000   22  115   46.00000   50.00000  8.70%   159  460s
 73803  4841 infeasible   27        46.00000   50.00000  8.70%   159  465s
 74666  4906 infeasible   48        46.00000   50.00000  8.70%   159  470s
 75937  5030 infeasible   27        46.00000   50.00000  8.70%   158  475s
 76933  5150   47.05209   31  105   46.00000   50.00000  8.70%   158  480s
 78517  5379 infeasible   34        46.00000   50.00000  8.70%   156  485s
 79571  5431   50.00000   28  147   46.00000   50.00000  8.70%   156  490s
 80122  5392 infeasible   29        46.00000   50.00000  8.70%   156  495s
 81077  5396   50.00000   30   80   46.00000   50.00000  8.70%   157  500s
 81695  5409 infeasible   33        46.00000   50.00000  8.70%   157  505s
 82580  5453   50.00000   29  171   46.00000   50.00000  8.70%   157  510s
 83480  5492 infeasible   34        46.00000   50.00000  8.70%   157  515s
 84502  5614 infeasible   32        46.00000   50.00000  8.70%   156  520s
 85800  5730   50.00000   28  123   46.00000   50.00000  8.70%   156  525s
 87030  5820 infeasible   32        46.00000   50.00000  8.70%   155  530s
 88143  5949 infeasible   29        46.00000   50.00000  8.70%   155  535s
 88845  5993   49.64676   34  122   46.00000   50.00000  8.70%   155  540s
 89726  6034   50.00000   35  151   46.00000   50.00000  8.70%   155  545s
 90535  6145 infeasible   41        46.00000   50.00000  8.70%   154  550s
 91312  6158   50.00000   26  140   46.00000   50.00000  8.70%   155  555s
 92162  6261   50.00000   28  135   46.00000   50.00000  8.70%   154  560s
 93099  6234   50.00000   28  133   46.00000   50.00000  8.70%   154  565s
 93971  6241   50.00000   39  100   46.00000   50.00000  8.70%   154  570s
 94889  6238   50.00000   39  107   46.00000   50.00000  8.70%   154  575s
 95778  6256 infeasible   32        46.00000   50.00000  8.70%   154  580s
 96574  6264   47.26178   32  143   46.00000   50.00000  8.70%   154  585s
 97537  6201 infeasible   34        46.00000   50.00000  8.70%   154  590s
 98312  6204   50.00000   29  146   46.00000   50.00000  8.70%   154  595s
 99047  6189   49.19897   43  123   46.00000   50.00000  8.70%   154  600s
 99966  6185   48.24476   39  142   46.00000   50.00000  8.70%   154  605s
 100509  6190   50.00000   36  113   46.00000   50.00000  8.70%   154  610s
 101462  6177 infeasible   45        46.00000   50.00000  8.70%   154  615s
 102460  6192   49.82759   34  134   46.00000   50.00000  8.70%   154  620s
 103229  6182   47.76904   34  123   46.00000   50.00000  8.70%   154  625s
 103959  6199 infeasible   34        46.00000   50.00000  8.70%   154  630s
 104847  6191 infeasible   41        46.00000   50.00000  8.70%   154  635s
 105645  6221   50.00000   47  153   46.00000   50.00000  8.70%   155  640s
 106389  6214 infeasible   42        46.00000   50.00000  8.70%   155  645s
 107544  6258   47.82143   41  110   46.00000   50.00000  8.70%   154  650s
 109072  6314 infeasible   36        46.00000   50.00000  8.70%   154  655s
 109988  6389   49.84622   37  118   46.00000   50.00000  8.70%   153  660s
 111083  6384   50.00000   28  158   46.00000   50.00000  8.70%   153  665s
 112140  6403   50.00000   28  165   46.00000   50.00000  8.70%   153  670s
 112972  6448   50.00000   30  131   46.00000   50.00000  8.70%   153  675s
 113728  6424 infeasible   37        46.00000   50.00000  8.70%   153  680s
 114777  6441   49.00000   27  119   46.00000   50.00000  8.70%   153  685s
 115591  6541   49.68585   35  102   46.00000   50.00000  8.70%   153  690s
 117169  6724   49.00000   27  136   46.00000   50.00000  8.70%   152  695s
 118003  6778 infeasible   40        46.00000   50.00000  8.70%   152  700s
 118797  6765 infeasible   35        46.00000   50.00000  8.70%   152  705s
 119446  6776   47.21591   27  149   46.00000   50.00000  8.70%   152  710s
 120420  6786 infeasible   38        46.00000   50.00000  8.70%   152  715s
 121335  6799   50.00000   36  158   46.00000   50.00000  8.70%   152  720s
 122100  6814   50.00000   28  115   46.00000   50.00000  8.70%   152  725s
 123061  6807   50.00000   29  155   46.00000   50.00000  8.70%   152  730s
 124014  6866   47.28987   32  109   46.00000   50.00000  8.70%   152  735s
 124816  6918     cutoff   31        46.00000   50.00000  8.70%   152  740s
 125717  6946   50.00000   34  102   46.00000   50.00000  8.70%   152  745s
 126367  6956   50.00000   31  141   46.00000   50.00000  8.70%   152  750s
 127111  6917   50.00000   38  164   46.00000   50.00000  8.70%   152  755s
 127993  6892   49.34722   30  135   46.00000   50.00000  8.70%   152  760s
 129176  6953   50.00000   38  145   46.00000   50.00000  8.70%   152  765s
 130190  7066     cutoff   34        46.00000   50.00000  8.70%   152  770s
 131101  7073   50.00000   43  147   46.00000   50.00000  8.70%   152  775s
 131998  7076   50.00000   42  141   46.00000   50.00000  8.70%   152  780s
 133194  7133 infeasible   42        46.00000   50.00000  8.70%   151  785s
 134054  7099   50.00000   35  154   46.00000   50.00000  8.70%   151  790s
 135222  7072   49.85946   29  177   46.00000   50.00000  8.70%   151  795s
 136228  7115   50.00000   30  129   46.00000   50.00000  8.70%   151  800s
 137107  7062   50.00000   27  161   46.00000   50.00000  8.70%   151  805s
 137998  7058   47.40525   33  109   46.00000   50.00000  8.70%   151  810s
 139176  7141   49.00000   36  158   46.00000   50.00000  8.70%   150  815s
 140445  7198   49.83775   39  172   46.00000   49.97820  8.65%   150  820s
 142328  7223   49.85728   24  186   46.00000   49.91931  8.52%   149  825s
 144708  7240   49.72930   37  114   46.00000   49.82857  8.32%   148  830s
 147260  7185   47.66391   33  145   46.00000   49.71429  8.07%   146  835s
 149943  7141   49.18202   38  105   46.00000   49.57349  7.77%   144  840s
 153525  7031   48.29496   41  109   46.00000   49.35185  7.29%   142  845s
 157894  6825   49.00000   29  119   46.00000   49.00000  6.52%   139  850s
 160216  6851 infeasible   31        46.00000   49.00000  6.52%   138  855s
 161868  6858   47.78356   35  106   46.00000   49.00000  6.52%   138  860s
 163635  6887 infeasible   44        46.00000   49.00000  6.52%   138  865s
 165359  6953   48.37452   36   82   46.00000   49.00000  6.52%   137  870s
 166939  6960     cutoff   41        46.00000   49.00000  6.52%   137  875s
 168306  7092   47.88889   46  109   46.00000   49.00000  6.52%   137  880s
 170257  7220   49.00000   42  109   46.00000   49.00000  6.52%   136  885s
 172469  7311   49.00000   38  138   46.00000   49.00000  6.52%   135  890s
 174331  7334   48.25326   33  137   46.00000   49.00000  6.52%   135  895s
 176229  7358   48.53522   44  132   46.00000   49.00000  6.52%   134  900s
 178026  7394   48.79762   31   83   46.00000   49.00000  6.52%   134  905s
 179922  7379   47.55344   34  145   46.00000   49.00000  6.52%   134  910s
 182051  7439   49.00000   40  128   46.00000   49.00000  6.52%   133  915s
 184471  7647   47.74886   37  121   46.00000   49.00000  6.52%   132  920s
 186839  7732 infeasible   38        46.00000   49.00000  6.52%   132  925s
 189093  7843   48.80504   40  156   46.00000   49.00000  6.52%   131  930s
 192690  7777   47.69088   36  128   46.00000   48.91364  6.33%   129  935s
 197147  7576   48.77433   42  132   46.00000   48.79039  6.07%   127  940s
 202006  7359     cutoff   36        46.00000   48.65994  5.78%   125  945s
 207265  6961 infeasible   40        46.00000   48.50985  5.46%   122  950s
 212428  6350   47.07412   43   95   46.00000   48.34722  5.10%   120  955s
 218232  5402   47.86331   30  146   46.00000   48.13634  4.64%   118  960s
 223404  4578   47.88751   36   94   46.00000   48.00000  4.35%   116  965s
 227227  4238   47.88400   34  130   46.00000   47.97005  4.28%   114  970s
 233600  2790   47.39561   32  133   46.00000   47.75492  3.82%   112  975s

Cutting planes:
  Cover: 2
  MIR: 1
  Flow cover: 5
  Zero half: 1
  RLT: 1
  BQP: 3

Explored 239823 nodes (26331460 simplex iterations) in 979.77 seconds (1083.03 work units)
Thread count was 1 (of 8 available processors)

Solution count 8: 46 45 44 ... 37

Optimal solution found (tolerance 1.00e-03)
Best objective 4.600000000000e+01, best bound 4.600000000000e+01, gap 0.0000%
