
Gurobi 11.0.1 (win64) logging started Sat Mar 30 03:11:42 2024

Set parameter LogFile to value "C:\Projetos\Job_Rotation_Algorithms\Outputs\GurobiLogs\gurobi_log-output-80_ton-c63-CostaMirallesModel-NoExtraConstraint-2.log"
Gurobi Optimizer version 11.0.1 build v11.0.1rc0 (win64 - Windows 10.0 (19045.2))

CPU model: 11th Gen Intel(R) Core(TM) i7-1165G7 @ 2.80GHz, instruction set [SSE2|AVX|AVX2|AVX512]
Thread count: 4 physical cores, 8 logical processors, using up to 1 threads

WLS license 901039 - registered to Bitka Analytics
Optimize a model with 5207 rows, 37540 columns and 893626 nonzeros
Model fingerprint: 0x9e0ecc9b
Variable types: 2 continuous, 37538 integer (37538 binary)
Coefficient statistics:
  Matrix range     [1e+00, 3e+02]
  Objective range  [1e+00, 1e+00]
  Bounds range     [1e+00, 1e+02]
  RHS range        [1e+00, 1e+02]
Presolve removed 85 rows and 2941 columns (presolve time = 5s) ...
Presolve added 1609 rows and 0 columns
Presolve removed 0 rows and 3440 columns
Presolve time: 5.80s
Presolved: 6816 rows, 34100 columns, 220405 nonzeros
Variable types: 0 continuous, 34100 integer (32618 binary)

Root simplex log...

Iteration    Objective       Primal Inf.    Dual Inf.      Time
       0    9.5900000e+02   1.447250e+03   0.000000e+00      6s
    7799    1.4000000e+02   0.000000e+00   0.000000e+00      7s

Root relaxation: objective 1.400000e+02, 7799 iterations, 1.36 seconds (1.96 work units)

    Nodes    |    Current Node    |     Objective Bounds      |     Work
 Expl Unexpl |  Obj  Depth IntInf | Incumbent    BestBd   Gap | It/Node Time

     0     0  140.00000    0  158          -  140.00000      -     -    8s
     0     0  140.00000    0  454          -  140.00000      -     -    8s
     0     0  140.00000    0  454          -  140.00000      -     -    8s
     0     0  140.00000    0  198          -  140.00000      -     -   23s
     0     0  140.00000    0  198          -  140.00000      -     -   23s
     0     0  140.00000    0  981          -  140.00000      -     -   25s
     0     0  140.00000    0  776          -  140.00000      -     -   26s
     0     0  140.00000    0  673          -  140.00000      -     -   26s
     0     0  140.00000    0  674          -  140.00000      -     -   27s
     0     0  140.00000    0  655          -  140.00000      -     -   27s
     0     0  140.00000    0  655          -  140.00000      -     -   27s
     0     0  140.00000    0  655          -  140.00000      -     -   27s
     0     0  140.00000    0  653          -  140.00000      -     -   27s
     0     0  140.00000    0  653          -  140.00000      -     -   27s
     0     0  140.00000    0  353          -  140.00000      -     -   31s
     0     0  140.00000    0  345          -  140.00000      -     -   31s
     0     0  140.00000    0  485          -  140.00000      -     -   32s
     0     0  140.00000    0  459          -  140.00000      -     -   32s
     0     0  140.00000    0  313          -  140.00000      -     -   34s
     0     0  140.00000    0  307          -  140.00000      -     -   35s
     0     0  140.00000    0  330          -  140.00000      -     -   35s
     0     0  140.00000    0  348          -  140.00000      -     -   35s
     0     0  140.00000    0  331          -  140.00000      -     -   35s
     0     0  140.00000    0  946          -  140.00000      -     -   36s
     0     0  140.00000    0  658          -  140.00000      -     -   36s
     0     0  140.00000    0  645          -  140.00000      -     -   36s
     0     0  140.00000    0  643          -  140.00000      -     -   36s
     0     0  140.00000    0  270          -  140.00000      -     -   39s
     0     0  140.00000    0  275          -  140.00000      -     -   39s
     0     0  140.00000    0  370          -  140.00000      -     -   40s
     0     0  140.00000    0  370          -  140.00000      -     -   40s
     0     0  140.00000    0  581          -  140.00000      -     -   40s
     0     0  140.00000    0  535          -  140.00000      -     -   40s
     0     0  140.00000    0  492          -  140.00000      -     -   40s
     0     0  140.00000    0  316          -  140.00000      -     -   44s
     0     0  140.00000    0  290          -  140.00000      -     -   44s
     0     2  140.00000    0  290          -  140.00000      -     -   49s
     2     5  140.00000    1  277          -  140.00000      -   881   50s
   137   118  139.81069   67  593          -  140.00000      -   111   55s
   268   185  140.00000   52  365          -  140.00000      -   149   60s
   382   221  140.00000   60  412          -  140.00000      -   176   65s
   441   243  139.99319   88  972          -  140.00000      -   217   70s
   547   311  140.00000   60  465          -  140.00000      -   220   75s
   634   366  139.89487   95  630          -  140.00000      -   224   80s
   701   400  139.96146   53  701          -  140.00000      -   233   85s
   712   407  140.00000   15  454          -  140.00000      -   236  135s
   715   409  140.00000   77 1105          -  140.00000      -   235  141s
   717   410  139.81858   96  372          -  140.00000      -   234  153s
   719   412  139.44444  120  334          -  140.00000      -   234  159s
   720   412  140.00000   72 1004          -  140.00000      -   233  161s
   721   413  140.00000   80  659          -  140.00000      -   233  171s
   723   414  140.00000   70  273          -  140.00000      -   232  180s
   725   416  140.00000   56  406          -  140.00000      -   232  191s
   727   417  140.00000   62  406          -  140.00000      -   231  199s
   728   420  140.00000   14  423          -  140.00000      -   635  200s
   743   430  140.00000   21  748          -  140.00000      -   629  208s
   755   438  140.00000   27  652          -  140.00000      -   626  210s
   778   443  140.00000   35  660          -  140.00000      -   622  216s
   785   446  140.00000   39  354          -  140.00000      -   626  220s
   799   450  138.93544   46  681          -  140.00000      -   624  227s
   809   449  138.00000   51  443          -  140.00000      -   622  230s
   820   446 infeasible   45               -  140.00000      -   625  235s
   825   443  139.70087   44  510          -  140.00000      -   625  288s
   829   442 infeasible   46               -  140.00000      -   628  290s
   844   446  139.00000   52  434          -  140.00000      -   623  295s
   869   439  139.00000   64  270          -  140.00000      -   615  300s
   899   431  140.00000   45  362          -  140.00000      -   602  305s
   909   436  140.00000   50  367          -  140.00000      -   601  310s
   919   437 infeasible   55               -  140.00000      -   603  315s
   932   444 infeasible   62               -  140.00000      -   598  320s
   943   441 infeasible   67               -  140.00000      -   598  325s
   953   438  139.00000   46  313          -  140.00000      -   600  330s
   960   442  139.00000   49  624          -  140.00000      -   601  335s
   971   445  139.00000   55  323          -  140.00000      -   598  340s
   986   443 infeasible   62               -  140.00000      -   600  345s
  1000   439  139.99630   63  436          -  140.00000      -   599  350s
  1015   444  140.00000   45  493          -  140.00000      -   596  355s
  1032   453  140.00000   59  425          -  140.00000      -   588  360s
  1074   467  138.00000   86  682          -  140.00000      -   571  365s
  1133   484  140.00000   58  618          -  140.00000      -   551  370s
  1207   498 infeasible   71               -  140.00000      -   526  375s
  1282   491  140.00000   61  667          -  140.00000      -   504  380s
  1369   507  139.64248   70  548          -  140.00000      -   480  385s
  1442   519 infeasible   53               -  140.00000      -   465  390s
  1482   511  139.00000   61  483          -  140.00000      -   462  395s
  1558   511 infeasible   72               -  140.00000      -   448  400s
  1603   515  139.00000   65  490          -  140.00000      -   443  405s
  1649   510  139.00000   67  574          -  140.00000      -   441  410s
  1712   525 infeasible   98               -  140.00000      -   434  415s
  1781   524  140.00000   94  471          -  140.00000      -   424  420s
  1868   501  140.00000  101  312          -  140.00000      -   411  425s
  1939   498  139.00000   91  526          -  140.00000      -   403  430s
  2006   508  139.00000  109  328          -  140.00000      -   395  435s
  2067   525  140.00000   83  663          -  140.00000      -   390  440s
  2131   561  139.00000   91  388          -  140.00000      -   384  445s
  2197   580 infeasible  119               -  140.00000      -   379  450s
  2263   596  140.00000  119  203          -  140.00000      -   375  455s
  2336   593  136.00000  117  565          -  140.00000      -   374  460s
  2381   598  137.47436  116  638          -  140.00000      -   374  465s
  2476   628 infeasible  130               -  140.00000      -   366  470s
  2535   641 infeasible   93               -  140.00000      -   364  475s
  2613   654 infeasible  121               -  140.00000      -   359  480s
  2665   673 infeasible  133               -  140.00000      -   358  485s
  2707   673  140.00000  126  462          -  140.00000      -   359  490s
  2745   669 infeasible  132               -  140.00000      -   362  495s
  2822   688  140.00000  105  391          -  140.00000      -   358  500s
  2873   708  140.00000   23  670          -  140.00000      -   362  506s
  2898   730  140.00000   45  766          -  140.00000      -   360  510s
  2941   757  140.00000   52  499          -  140.00000      -   358  515s
  3025   813  140.00000   81  801          -  140.00000      -   351  520s
  3076   841 infeasible  102               -  140.00000      -   349  525s
  3168   898 infeasible  152               -  140.00000      -   343  530s
  3232   911  139.00000   73  511          -  140.00000      -   340  535s
  3275   938  140.00000   53  581          -  140.00000      -   341  540s
  3364   992  140.00000   44  752          -  140.00000      -   334  545s
  3398  1014  140.00000   51  626          -  140.00000      -   336  550s
  3456  1057  138.88889   94  659          -  140.00000      -   335  555s
  3495  1080  140.00000   73  560          -  140.00000      -   336  560s
  3554  1123  140.00000   87  478          -  140.00000      -   334  565s
  3624  1148  140.00000   48  729          -  140.00000      -   331  570s
  3659  1167  139.00000   66  597          -  140.00000      -   333  575s
  3713  1177 infeasible   74               -  140.00000      -   332  580s
  3747  1186 infeasible   83               -  140.00000      -   333  585s
  3864  1253  140.00000   76  541          -  140.00000      -   327  590s
  3930  1290  140.00000   84  492          -  140.00000      -   325  595s
  4034  1369  139.00000  111  537          -  140.00000      -   321  600s
  4168  1452  139.00000   43  583          -  140.00000      -   316  606s
  4210  1475  139.00000   76 1018          -  140.00000      -   315  610s
  4316  1541  140.00000   91  381          -  140.00000      -   311  615s
  4400  1569  139.00000   54  434          -  140.00000      -   309  620s
  4504  1596 infeasible   87               -  140.00000      -   306  625s
  4594  1632 infeasible   94               -  140.00000      -   305  630s
  4685  1669 infeasible  117               -  140.00000      -   303  635s
  4767  1667  140.00000   90  507          -  140.00000      -   302  640s
  4844  1676  140.00000  114  492          -  140.00000      -   301  645s
  4896  1672  140.00000   88  464          -  140.00000      -   302  650s
  5005  1678 infeasible   89               -  140.00000      -   300  655s
  5037  1689  139.90000   53  971          -  140.00000      -   300  660s
  5065  1702  140.00000   56  790          -  140.00000      -   302  665s
  5101  1736  140.00000   88  552          -  140.00000      -   301  670s
  5136  1743  138.00000   67  626          -  140.00000      -   302  675s
  5187  1777 infeasible   72               -  140.00000      -   302  680s
  5234  1777  139.00000   60  526          -  140.00000      -   303  685s
  5319  1803  140.00000   54  522          -  140.00000      -   301  690s
  5441  1861  140.00000   86  590          -  140.00000      -   297  695s
  5536  1880  140.00000   63  809          -  140.00000      -   296  700s
  5557  1878 infeasible   62               -  140.00000      -   299  705s
  5578  1899  140.00000   76  649          -  140.00000      -   301  710s
  5612  1909  140.00000   66 1072          -  140.00000      -   301  715s
  5655  1919 infeasible   76               -  140.00000      -   301  720s
  5696  1928  140.00000   70  905          -  140.00000      -   301  725s
  5708  1936  140.00000   79  796          -  140.00000      -   304  730s
  5737  1944  140.00000   95  901          -  140.00000      -   305  735s
  5762  1949  140.00000   70  723          -  140.00000      -   306  740s
  5784  1938 infeasible   65               -  140.00000      -   309  745s
  5801  1936  140.00000   85  815          -  140.00000      -   310  750s
  5843  1944 infeasible   63               -  140.00000      -   311  755s
  5885  1960  140.00000   67 1041          -  140.00000      -   311  760s
  5905  1955 infeasible   71               -  140.00000      -   314  765s
  5929  1958  140.00000   62 1019          -  140.00000      -   315  770s
  5937  1956 infeasible   71               -  140.00000      -   318  775s
  5974  1979  140.00000   91  679          -  140.00000      -   318  780s
  6014  1989  140.00000   68  734          -  140.00000      -   318  785s
  6040  1988  140.00000   67  787          -  140.00000      -   321  791s
  6058  2000 infeasible   83               -  140.00000      -   322  795s
  6066  1994  140.00000   68 1030          -  140.00000      -   325  800s
  6093  2005  140.00000   76  781          -  140.00000      -   325  805s
  6125  2002 infeasible   83               -  140.00000      -   326  810s
  6130  1997 infeasible   73               -  140.00000      -   331  815s
  6158  1992  140.00000   71  747          -  140.00000      -   331  820s
  6194  2000  140.00000   70  669          -  140.00000      -   331  825s
  6217  1998  140.00000   82  969          -  140.00000      -   332  830s
  6221  1994 infeasible   73               -  140.00000      -   336  835s
  6230  1987  140.00000   72  902          -  140.00000      -   337  841s
  6232  1985 infeasible   73               -  140.00000      -   342  845s
  6270  1995  140.00000   76  904          -  140.00000      -   341  850s
  6317  2009 infeasible   80               -  140.00000      -   340  855s
  6346  2009 infeasible   83               -  140.00000      -   342  860s
  6393  2024 infeasible  104               -  140.00000      -   341  865s
  6418  2029  139.97501   76  874          -  140.00000      -   344  871s
  6449  2016  140.00000  101  886          -  140.00000      -   344  875s
  6532  2027  140.00000   95  787          -  140.00000      -   342  880s
  6584  2031 infeasible  112               -  140.00000      -   342  885s
  6606  2023  140.00000   98  747          -  140.00000      -   344  890s
  6647  2010 infeasible   95               -  140.00000      -   344  895s
  6712  2008 infeasible   81               -  140.00000      -   344  900s
  6769  2026 infeasible  101               -  140.00000      -   343  905s
  6838  2036  140.00000  103  755          -  140.00000      -   342  910s
  6907  2038 infeasible   97               -  140.00000      -   341  915s
  6951  2036  140.00000   97  675          -  140.00000      -   341  920s
  7001  2054  140.00000   99  866          -  140.00000      -   342  925s
  7065  2054 infeasible   96               -  140.00000      -   341  930s
  7141  2055 infeasible  111               -  140.00000      -   339  935s
  7172  2031 infeasible  103               -  140.00000      -   342  940s
  7201  2023 infeasible  101               -  140.00000      -   342  945s
  7291  2019 infeasible  108               -  140.00000      -   341  950s
  7354  2015  140.00000  112  738          -  140.00000      -   340  955s
  7433  2035  140.00000  100  787          -  140.00000      -   339  960s
  7538  2035  140.00000  109  506          -  140.00000      -   336  965s
  7630  1996  140.00000   96  680          -  140.00000      -   334  970s
  7684  1985  140.00000   72  684          -  140.00000      -   334  975s
  7699  1987 infeasible   73               -  140.00000      -   337  981s
  7731  2004  140.00000  108  743          -  140.00000      -   337  985s
  7786  2016 infeasible   74               -  140.00000      -   337  990s
  7826  2011 infeasible  103               -  140.00000      -   336  995s
  7863  2012 infeasible  103               -  140.00000      -   337 1000s
  7913  2009 infeasible  120               -  140.00000      -   337 1005s
  7929  1993 infeasible   97               -  140.00000      -   339 1010s
  7981  1997 infeasible  106               -  140.00000      -   339 1015s
  8046  2004  140.00000  103  594          -  140.00000      -   339 1020s
  8095  1991 infeasible  104               -  140.00000      -   338 1025s
  8151  2005 infeasible  112               -  140.00000      -   338 1030s
  8172  2004  139.00000   92  858          -  140.00000      -   340 1035s
  8196  2005  140.00000   93  533          -  140.00000      -   342 1041s
  8251  2012  138.98621   93  943          -  140.00000      -   341 1045s
  8341  2028  140.00000   98  600          -  140.00000      -   339 1050s
  8407  2012  140.00000   97  715          -  140.00000      -   339 1055s
  8457  1995 infeasible  100               -  140.00000      -   339 1060s
  8523  2002  140.00000   64  996          -  140.00000      -   338 1065s
  8556  2005  140.00000   65  702          -  140.00000      -   338 1070s
  8592  2006 infeasible   67               -  140.00000      -   339 1075s
  8615  2008 infeasible   67               -  140.00000      -   340 1080s
  8646  2012 infeasible   72               -  140.00000      -   340 1085s
  8665  2006 infeasible   72               -  140.00000      -   342 1091s
  8691  1991  140.00000   77  756          -  140.00000      -   342 1095s
  8734  2000  140.00000   73  666          -  140.00000      -   343 1100s
  8768  2016  140.00000   65  798          -  140.00000      -   344 1105s
  8808  2024 infeasible   93               -  140.00000      -   345 1110s
  8851  2013  140.00000   66  857          -  140.00000      -   345 1115s
  8889  2020 infeasible   83               -  140.00000      -   346 1121s
  8935  2052 infeasible  113               -  140.00000      -   346 1125s
  8971  2048  140.00000  103  513          -  140.00000      -   346 1130s
  9034  2064 infeasible  107               -  140.00000      -   345 1135s
  9078  2038 infeasible   99               -  140.00000      -   346 1140s
  9120  2036  140.00000   92  823          -  140.00000      -   345 1145s
  9156  2031  140.00000   88  685          -  140.00000      -   346 1150s
  9188  2029  140.00000   91  832          -  140.00000      -   346 1155s
  9232  2023  140.00000   78  855          -  140.00000      -   346 1160s
  9260  2009  140.00000   70  709          -  140.00000      -   347 1165s
  9296  2021 infeasible   92               -  140.00000      -   346 1170s
  9355  2047  140.00000   67  749          -  140.00000      -   346 1175s
  9407  2054  140.00000   80  773          -  140.00000      -   346 1180s
  9480  2045 infeasible   89               -  140.00000      -   344 1185s
  9529  2062  140.00000   73  556          -  140.00000      -   345 1191s
  9534  2065  140.00000   76  580          -  140.00000      -   346 1195s
  9559  2063  140.00000   87  766          -  140.00000      -   347 1200s
  9572  2067 infeasible   91               -  140.00000      -   348 1205s
  9603  2061 infeasible   79               -  140.00000      -   349 1210s
  9638  2047 infeasible   93               -  140.00000      -   350 1215s
  9666  2052  140.00000   75  448          -  140.00000      -   350 1220s
  9702  2050 infeasible   97               -  140.00000      -   351 1225s
  9738  2045  140.00000   88  776          -  140.00000      -   351 1230s
  9781  2046 infeasible   91               -  140.00000      -   350 1235s
  9814  2050  140.00000   90  721          -  140.00000      -   351 1240s
  9853  2047  140.00000   91  750          -  140.00000      -   351 1245s
  9881  2036  140.00000   80  690          -  140.00000      -   351 1250s
  9921  2046  140.00000   82  896          -  140.00000      -   351 1255s
  9954  2043  138.00000   83  923          -  140.00000      -   352 1260s
  9984  2031 infeasible   73               -  140.00000      -   353 1265s
 10003  2032 infeasible   73               -  140.00000      -   355 1271s
 10005  2030 infeasible   72               -  140.00000      -   356 1275s
 10019  2030 infeasible   73               -  140.00000      -   358 1280s
 10040  2040  140.00000   88  812          -  140.00000      -   358 1285s
 10067  2039 infeasible   69               -  140.00000      -   359 1290s
 10087  2040  140.00000   93  662          -  140.00000      -   361 1295s
 10134  2044 infeasible   98               -  140.00000      -   360 1300s
 10177  2061  140.00000   89  762          -  140.00000      -   360 1305s
 10202  2061 infeasible   94               -  140.00000      -   361 1597s
 10213  2053 infeasible   90               -  140.00000      -   362 1600s
 10253  2049  140.00000   86  977          -  140.00000      -   362 1605s
 10297  2061 infeasible  103               -  140.00000      -   362 1610s
 10327  2047  140.00000   83  696          -  140.00000      -   362 1615s
 10362  2060  140.00000   94  662          -  140.00000      -   362 1620s
 10403  2059  139.91840   97  937          -  140.00000      -   362 1625s
 10436  2046 infeasible   85               -  140.00000      -   363 1630s
 10459  2040  140.00000  101  903          -  140.00000      -   364 1635s
 10500  2035 infeasible   92               -  140.00000      -   364 1640s
 10549  2036 infeasible   90               -  140.00000      -   363 1645s
 10579  2037 infeasible   73               -  140.00000      -   364 1650s
 10617  2040 infeasible   89               -  140.00000      -   364 1655s
 10654  2030 infeasible   86               -  140.00000      -   364 1660s
 10687  2035 infeasible   90               -  140.00000      -   364 1665s
 10721  2039  140.00000   86  574          -  140.00000      -   365 1670s
 10777  2045 infeasible   90               -  140.00000      -   365 1675s
 10817  2054 infeasible  101               -  140.00000      -   365 1680s
 10872  2042  139.79945   90  728          -  140.00000      -   364 1685s
 10925  2038 infeasible   83               -  140.00000      -   365 1690s
 10957  2038 infeasible   89               -  140.00000      -   365 1695s
 10994  2035  140.00000   94  625          -  140.00000      -   366 1700s
 11036  2019  139.00000   82  789          -  140.00000      -   366 1705s
 11079  2031  140.00000   84  695          -  140.00000      -   365 1710s
 11123  2042 infeasible   73               -  140.00000      -   366 1715s
 11153  2025 infeasible   83               -  140.00000      -   367 1721s
 11175  2036  140.00000   91  797          -  140.00000      -   367 1725s
 11211  2030  139.00000   80 1041          -  140.00000      -   367 1731s
 11242  2022 infeasible   88               -  140.00000      -   368 1735s
 11256  2025 infeasible   93               -  140.00000      -   369 1740s
 11309  2018 infeasible   86               -  140.00000      -   369 1745s
 11334  2012  140.00000   64  767          -  140.00000      -   370 1750s
 11382  2045  140.00000  102  732          -  140.00000      -   369 1755s
 11436  2048  140.00000  107  781          -  140.00000      -   369 1760s
 11478  2055  140.00000   70  868          -  140.00000      -   368 1765s
 11489  2062  140.00000   69 1045          -  140.00000      -   370 1770s
 11505  2069 infeasible   83               -  140.00000      -   372 1777s
 11509  2065 infeasible   79               -  140.00000      -   373 1780s
 11555  2081  140.00000   85  727          -  140.00000      -   373 1785s
 11583  2093  140.00000   65  688          -  140.00000      -   372 1830s
 11590  2096  140.00000   68  613          -  140.00000      -   373 1835s
 11597  2099 infeasible   73               -  140.00000      -   374 1840s
 11608  2106  140.00000   81  672          -  140.00000      -   374 1845s
 11627  2121  140.00000   93  642          -  140.00000      -   374 1850s
 11636  2120 infeasible   94               -  140.00000      -   374 1856s
 11646  2116  140.00000   71  922          -  140.00000      -   374 1860s
 11652  2120  140.00000   76  726          -  140.00000      -   375 1865s
 11660  2118 infeasible   79               -  140.00000      -   376 1870s
 11665  2113 infeasible   72               -  140.00000      -   377 1875s
 11675  2111  140.00000   89  682          -  140.00000      -   377 1880s
 11695  2119 infeasible   96               -  140.00000      -   377 1885s
 11792  2132  140.00000  103  650          -  140.00000      -   376 1890s
 11906  2136 infeasible  114               -  140.00000      -   373 1895s
 11997  2143 infeasible  127               -  140.00000      -   372 1900s
 12030  2114 infeasible   96               -  140.00000      -   373 1906s
 12040  2111 infeasible   93               -  140.00000      -   374 1910s
 12122  2120 infeasible   97               -  140.00000      -   373 1915s
 12174  2107 infeasible   90               -  140.00000      -   374 1920s
 12233  2100 infeasible   71               -  140.00000      -   373 1925s
 12277  2106 infeasible   75               -  140.00000      -   373 1930s
 12380  2105  139.89873   83  670          -  140.00000      -   373 1937s
 12384  2108  140.00000   80  836          -  140.00000      -   373 1940s
 12410  2100 infeasible  101               -  140.00000      -   374 1945s
 12421  2095  140.00000   69  770          -  140.00000      -   375 1950s
 12479  2125 infeasible   73               -  140.00000      -   375 1955s
 12518  2121 infeasible   73               -  140.00000      -   376 1960s
 12532  2107 infeasible   83               -  140.00000      -   377 1965s
 12548  2093  140.00000   70  637          -  140.00000      -   378 1970s
 12590  2114  140.00000   74  924          -  140.00000      -   378 1975s
 12638  2104  140.00000   79  710          -  140.00000      -   378 1980s
 12686  2115 infeasible  101               -  140.00000      -   378 1985s
 12742  2121  140.00000   92  763          -  140.00000      -   377 1990s
 12775  2125 infeasible   93               -  140.00000      -   378 1995s
 12809  2120 infeasible   96               -  140.00000      -   378 2000s
 12857  2120 infeasible  101               -  140.00000      -   379 2005s
 12887  2125 infeasible  101               -  140.00000      -   379 2010s
 12901  2127 infeasible   91               -  140.00000      -   381 2015s
 12960  2115  140.00000   92  569          -  140.00000      -   380 2020s
 13008  2118 infeasible   99               -  140.00000      -   380 2025s
 13058  2123 infeasible  105               -  140.00000      -   381 2030s
 13126  2122  139.00000   96  739          -  140.00000      -   380 2035s
 13229  2122  140.00000   96  795          -  140.00000      -   379 2040s
 13287  2113  138.00000   87  832          -  140.00000      -   379 2045s
 13338  2109  140.00000   86  963          -  140.00000      -   379 2050s
 13391  2103  140.00000   87  767          -  140.00000      -   378 2055s
 13429  2101  140.00000   82  921          -  140.00000      -   378 2060s
 13437  2095 infeasible   80               -  140.00000      -   380 2065s
 13526  2111 infeasible   98               -  140.00000      -   379 2070s
 13595  2137 infeasible  121               -  140.00000      -   379 2075s
 13647  2126 infeasible  105               -  140.00000      -   378 2080s
 13749  2122 infeasible  103               -  140.00000      -   377 2085s
 13835  2132 infeasible  125               -  140.00000      -   376 2090s
 13892  2124  140.00000  102  708          -  140.00000      -   375 2095s
 13920  2115  140.00000  110  625          -  140.00000      -   376 2100s
 13990  2116  140.00000  112  657          -  140.00000      -   375 2105s
 14023  2107  140.00000   94  574          -  140.00000      -   376 2110s
 14057  2109  140.00000   99  850          -  140.00000      -   377 2115s
 14112  2105  140.00000   95  705          -  140.00000      -   376 2120s
 14159  2116  140.00000   99  835          -  140.00000      -   376 2125s
 14191  2116 infeasible  100               -  140.00000      -   377 2130s
 14207  2109 infeasible   84               -  140.00000      -   378 2135s
 14241  2100  140.00000   84  986          -  140.00000      -   379 2140s
 14252  2106 infeasible   93               -  140.00000      -   381 2146s
 14272  2112  140.00000   93  706          -  140.00000      -   381 2150s
 14296  2109 infeasible   93               -  140.00000      -   382 2155s
 14372  2102 infeasible   83               -  140.00000      -   382 2160s
 14407  2094 infeasible   82               -  140.00000      -   382 2165s
 14445  2097 infeasible   82               -  140.00000      -   382 2170s
 14506  2118  140.00000  101  698          -  140.00000      -   382 2175s
 14558  2090 infeasible   77               -  140.00000      -   382 2180s
 14567  2083  140.00000   89  826          -  140.00000      -   383 2185s
 14577  2074 infeasible   83               -  140.00000      -   384 2191s
 14599  2086  140.00000   96  748          -  140.00000      -   384 2195s
 14635  2077  140.00000   80 1020          -  140.00000      -   385 2200s
 14638  2078 infeasible   83               -  140.00000      -   387 2205s
 14643  2075  140.00000   83  635          -  140.00000      -   388 2210s
 14666  2075  140.00000   83  788          -  140.00000      -   389 2215s
 14693  2070  140.00000   66  933          -  140.00000      -   390 2221s
 14710  2069  140.00000   82  914          -  140.00000      -   390 2225s
 14744  2064 infeasible   76               -  140.00000      -   391 2230s
 14817  2106  140.00000  125  782          -  140.00000      -   390 2235s
 14865  2088 infeasible  101               -  140.00000      -   391 2240s
 14894  2082 infeasible   92               -  140.00000      -   391 2245s
 15013  2095  140.00000  110  469          -  140.00000      -   389 2250s
 15162  2084  140.00000   99  633          -  140.00000      -   387 2255s
 15263  2076  140.00000   88  792          -  140.00000      -   385 2260s
 15303  2095 infeasible   93               -  140.00000      -   386 2266s
 15319  2081  140.00000   67  701          -  140.00000      -   386 2270s
 15407  2103  140.00000   93  635          -  140.00000      -   386 2276s
 15410  2104  140.00000   93  509          -  140.00000      -   387 2281s
 15494  2100 infeasible   94               -  140.00000      -   385 2285s
 15517  2094 infeasible   86               -  140.00000      -   386 2290s
 15602  2102 infeasible   98               -  140.00000      -   385 2295s
 15638  2089  140.00000   75  752          -  140.00000      -   386 2300s
 15717  2113 infeasible  108               -  140.00000      -   385 2305s
 15768  2092 infeasible   83               -  140.00000      -   386 2312s
 15771  2089 infeasible   80               -  140.00000      -   387 2315s
 15791  2095 infeasible   89               -  140.00000      -   387 2320s
 15806  2090  140.00000   81  937          -  140.00000      -   388 2325s
 15833  2098  140.00000   88  837          -  140.00000      -   388 2330s
 15865  2101  140.00000   74  649          -  140.00000      -   388 2335s
 15898  2100  140.00000   89  771          -  140.00000      -   389 2340s
 15979  2112  140.00000   70  854          -  140.00000      -   388 2345s
 16005  2119  140.00000   79  997          -  140.00000      -   388 2350s
 16029  2118 infeasible   83               -  140.00000      -   390 2356s
 16039  2122  140.00000   83  489          -  140.00000      -   390 2360s
 16076  2132  140.00000   83  553          -  140.00000      -   391 2367s
 16097  2146  140.00000   98  738          -  140.00000      -   391 2370s
 16130  2133  140.00000   87  857          -  140.00000      -   391 2375s
 16184  2145 infeasible  100               -  140.00000      -   391 2380s
 16255  2153 infeasible  102               -  140.00000      -   390 2385s
 16335  2164  140.00000   62  715          -  140.00000      -   390 2391s
 16357  2173 infeasible   74               -  140.00000      -   390 2395s
 16381  2169  140.00000   69  941          -  140.00000      -   391 2400s
 16407  2187 infeasible   85               -  140.00000      -   391 2405s
 16429  2178 infeasible   83               -  140.00000      -   391 2410s
 16460  2178  140.00000   63  576          -  140.00000      -   391 2415s
 16513  2195 infeasible   89               -  140.00000      -   391 2420s
 16528  2180 infeasible   69               -  140.00000      -   392 2425s
 16558  2174 infeasible   80               -  140.00000      -   392 2430s
 16598  2174  140.00000   77  889          -  140.00000      -   392 2435s
 16621  2171  140.00000   73  401          -  140.00000      -   393 2440s
 16625  2167 infeasible   74               -  140.00000      -   394 2445s
 16657  2173 infeasible   78               -  140.00000      -   394 2450s
 16674  2172 infeasible   73               -  140.00000      -   395 2455s
 16695  2170 infeasible   73               -  140.00000      -   395 2460s
 16713  2171  139.92857   73  768          -  140.00000      -   397 2466s
 16725  2165 infeasible   70               -  140.00000      -   397 2470s
 16746  2173 infeasible  110               -  140.00000      -   398 2475s
 16782  2171 infeasible  107               -  140.00000      -   398 2480s
 16807  2172 infeasible  109               -  140.00000      -   398 2485s
 16839  2171  140.00000  109  753          -  140.00000      -   399 2490s
 16890  2176 infeasible  107               -  140.00000      -   399 2495s
 16936  2173  140.00000  100  718          -  140.00000      -   398 2500s
 16974  2176  140.00000  103  590          -  140.00000      -   398 2505s
 17007  2161 infeasible  101               -  140.00000      -   399 2510s
 17058  2158 infeasible   99               -  140.00000      -   399 2515s
 17093  2143  138.50000  104  651          -  140.00000      -   399 2520s
 17136  2136 infeasible   98               -  140.00000      -   399 2525s
 17190  2160 infeasible  125               -  140.00000      -   399 2530s
 17257  2172  140.00000   73  513          -  140.00000      -   399 2535s
 17291  2173 infeasible   73               -  140.00000      -   399 2540s
 17316  2173  140.00000   71  736          -  140.00000      -   399 2545s
 17344  2167 infeasible   70               -  140.00000      -   400 2550s
 17376  2165  140.00000   72  672          -  140.00000      -   400 2555s
 17437  2167  140.00000   85  598          -  140.00000      -   399 2560s
 17543  2168  139.00000   88  786          -  140.00000      -   398 2565s
 17644  2187  140.00000  104  716          -  140.00000      -   396 2570s
 17692  2180  140.00000   92  901          -  140.00000      -   396 2575s
 17701  2171 infeasible   85               -  140.00000      -   397 2580s
 17730  2174  140.00000   88  866          -  140.00000      -   398 2585s
 17753  2179  140.00000   92  790          -  140.00000      -   398 2590s
 17805  2194  140.00000   76  727          -  140.00000      -   398 2595s
 17874  2215 infeasible   87               -  140.00000      -   397 2600s
 17923  2224  140.00000   94  505          -  140.00000      -   397 2605s
 18027  2252 infeasible   97               -  140.00000      -   395 2610s
 18091  2265 infeasible   63               -  140.00000      -   395 2616s
 18121  2282  140.00000   85  767          -  140.00000      -   395 2620s
 18154  2278 infeasible   82               -  140.00000      -   395 2625s
 18210  2292  140.00000   74  633          -  140.00000      -   395 2630s
 18262  2295 infeasible   84               -  140.00000      -   394 2635s
 18283  2292  140.00000   71 1011          -  140.00000      -   394 2640s
 18290  2287 infeasible   73               -  140.00000      -   396 2645s
 18300  2280  140.00000   71  859          -  140.00000      -   396 2651s
 18319  2282  140.00000   69  748          -  140.00000      -   396 2655s
 18347  2278 infeasible   70               -  140.00000      -   396 2660s
 18365  2284 infeasible   73               -  140.00000      -   397 2665s
 18370  2281  140.00000   64  698          -  140.00000      -   398 2671s
 18401  2281 infeasible   70               -  140.00000      -   398 2675s
 18427  2284 infeasible   73               -  140.00000      -   398 2680s
 18437  2277  140.00000   67  882          -  140.00000      -   399 2685s
 18460  2283  139.00000   72  889          -  140.00000      -   399 2690s
 18483  2280  140.00000   71  854          -  140.00000      -   399 2695s
 18506  2279 infeasible   71               -  140.00000      -   400 2700s
 18512  2277 infeasible   73               -  140.00000      -   401 2705s
 18526  2284 infeasible   71               -  140.00000      -   401 2710s
 18547  2279 infeasible   68               -  140.00000      -   401 2715s
 18581  2280  140.00000   64  771          -  140.00000      -   401 2720s
 18615  2283  140.00000   70  872          -  140.00000      -   401 2725s
 18628  2282  140.00000   68  637          -  140.00000      -   402 2730s
 18645  2286 infeasible   77               -  140.00000      -   402 2735s
 18672  2281 infeasible   73               -  140.00000      -   402 2740s
 18692  2281 infeasible   73               -  140.00000      -   402 2745s
 18714  2285 infeasible   85               -  140.00000      -   403 2750s
 18733  2278  140.00000   69  891          -  140.00000      -   403 2755s
 18745  2276 infeasible   72               -  140.00000      -   404 2760s
 18772  2286 infeasible   83               -  140.00000      -   404 2765s
 18789  2286  139.56344   81 1007          -  140.00000      -   404 2770s
 18819  2286  140.00000   68  641          -  140.00000      -   404 2775s
 18849  2278 infeasible   75               -  140.00000      -   404 2780s
 18872  2272 infeasible   63               -  140.00000      -   405 2785s
 18893  2269 infeasible   66               -  140.00000      -   405 2790s
 18896  2270  140.00000   71  849          -  140.00000      -   405 2850s
 18902  2268  140.00000   67  746          -  140.00000      -   406 2855s
 18908  2264  140.00000   68  886          -  140.00000      -   406 2862s
 18914  2258 infeasible   66               -  140.00000      -   406 2867s
 18917  2257  140.00000   61  847          -  140.00000      -   407 2871s
 18929  2245 infeasible   89               -  140.00000      -   408 2875s
 18937  2247  140.00000   68  682          -  140.00000      -   408 2880s
 18943  2245  140.00000   67  573          -  140.00000      -   408 2885s
 18949  2245  140.00000   70  750          -  140.00000      -   408 2890s
 18958  2248 infeasible   77               -  140.00000      -   408 2895s
 18965  2251  140.00000   69  591          -  140.00000      -   408 2900s
 18973  2247 infeasible   69               -  140.00000      -   408 2905s
 18980  2244 infeasible   73               -  140.00000      -   409 2910s
 18986  2240  140.00000   62  741          -  140.00000      -   409 2916s
 18990  2242  140.00000   65  544          -  140.00000      -   410 2921s
 18995  2245  140.00000   69  671          -  140.00000      -   410 2925s
 19001  2239 infeasible   66               -  140.00000      -   410 2930s
 19009  2241  140.00000   68  773          -  140.00000      -   411 2935s
 19014  2242 infeasible   69               -  140.00000      -   411 2940s
 19018  2242 infeasible   73               -  140.00000      -   412 2947s
 19019  2243  140.00000   73  464          -  140.00000      -   412 2950s
 19026  2244 infeasible   78               -  140.00000      -   412 2955s
 19035  2239  140.00000   67  709          -  140.00000      -   412 2960s
 19043  2235 infeasible   80               -  140.00000      -   413 2965s
 19047  2238  140.00000   44  530          -  140.00000      -   413 2970s
 19095  2248  140.00000   59  887          -  140.00000      -   413 2975s
 19130  2261  140.00000   73  722          -  140.00000      -   413 2980s
 19166  2252 infeasible   67               -  140.00000      -   413 2985s
 19196  2262  139.53333   79  646          -  140.00000      -   412 2990s
 19216  2267 infeasible   67               -  140.00000      -   412 2995s
 19229  2261  140.00000   53  470          -  140.00000      -   414 3006s
 19248  2275  140.00000   69  514          -  140.00000      -   414 3010s
 19286  2298 infeasible   90               -  140.00000      -   414 3015s
 19295  2293  140.00000   30  640          -  140.00000      -   415 3020s
 19329  2327  140.00000   60  725          -  140.00000      -   414 3025s
 19361  2340 infeasible   53               -  140.00000      -   414 3031s
 19378  2349  140.00000   66  646          -  140.00000      -   414 3035s
 19414  2342 infeasible   82               -  140.00000      -   415 3040s
 19426  2342  140.00000   63  473          -  140.00000      -   415 3045s
 19461  2351 infeasible   76               -  140.00000      -   415 3050s
 19473  2343  140.00000   69  608          -  140.00000      -   415 3055s
 19522  2347  140.00000   53  541          -  140.00000      -   415 3060s
 19553  2352 infeasible   61               -  140.00000      -   415 3065s
 19593  2349 infeasible   58               -  140.00000      -   415 3070s
 19635  2357  140.00000   66  765          -  140.00000      -   414 3075s
 19675  2362  140.00000   54  776          -  140.00000      -   414 3080s
 19702  2362 infeasible   60               -  140.00000      -   414 3085s
 19713  2357 infeasible   54               -  140.00000      -   415 3092s
 19716  2358  140.00000   54  563          -  140.00000      -   415 3096s
 19745  2358 infeasible   56               -  140.00000      -   416 3104s
 19747  2358  140.00000   40  403          -  140.00000      -   416 3105s
 19779  2382  140.00000   57  475          -  140.00000      -   416 3110s
 19815  2398  140.00000   46  911          -  140.00000      -   415 3115s
 19847  2408  140.00000   58  746          -  140.00000      -   415 3120s
 19900  2419 infeasible   74               -  140.00000      -   415 3125s
 19916  2423  140.00000   53  649          -  140.00000      -   415 3132s
 19929  2426 infeasible   59               -  140.00000      -   415 3135s
 19972  2424 infeasible   84               -  140.00000      -   415 3140s
 20009  2446 infeasible   80               -  140.00000      -   415 3145s
 20073  2465 infeasible   88               -  140.00000      -   414 3150s
 20122  2464 infeasible   87               -  140.00000      -   414 3155s
 20171  2477 infeasible   70               -  140.00000      -   414 3160s
 20225  2505  140.00000   67  407          -  140.00000      -   413 3165s
 20294  2537 infeasible   82               -  140.00000      -   412 3170s
 20334  2568  140.00000   43  425          -  140.00000      -   412 3175s
 20384  2593  140.00000   66  511          -  140.00000      -   412 3180s
 20423  2597 infeasible   77               -  140.00000      -   411 3185s
 20508  2599 infeasible   93               -  140.00000      -   410 3190s
 20547  2611  140.00000   60  912          -  140.00000      -   410 3195s
 20564  2614 infeasible   55               -  140.00000      -   410 3200s
 20590  2607 infeasible   52               -  140.00000      -   411 3205s
 20653  2648 infeasible   80               -  140.00000      -   410 3210s
 20677  2642  140.00000   37  521          -  140.00000      -   410 3215s
 20736  2685  140.00000   85  611          -  140.00000      -   410 3220s
 20755  2692  140.00000   96  823          -  140.00000      -   410 3225s
 20843  2740  140.00000   50  761          -  140.00000      -   409 3230s
 20891  2760  140.00000   69  654          -  140.00000      -   409 3235s
 20923  2752 infeasible   69               -  140.00000      -   409 3240s
 20971  2771 infeasible   56               -  140.00000      -   408 3245s
 21010  2767 infeasible   53               -  140.00000      -   409 3252s
 21021  2776  140.00000   46  886          -  140.00000      -   409 3255s
 21062  2793  139.00000   62  727          -  140.00000      -   409 3260s
 21102  2806  140.00000   42  915          -  140.00000      -   409 3265s
 21138  2828  140.00000   41  615          -  140.00000      -   408 3270s
 21164  2851  138.00000   63  720          -  140.00000      -   408 3275s
 21245  2868  140.00000   94  579          -  140.00000      -   408 3280s
 21280  2879 infeasible   48               -  140.00000      -   407 3285s
 21298  2882  140.00000   45  649          -  140.00000      -   408 3290s
 21355  2896 infeasible   65               -  140.00000      -   407 3295s
 21392  2887  140.00000   51  467          -  140.00000      -   407 3300s
 21438  2919  140.00000   71  411          -  140.00000      -   407 3305s
 21460  2915  140.00000   34  609          -  140.00000      -   407 3310s
 21496  2926  140.00000   73  509          -  140.00000      -   407 3315s
 21533  2937  140.00000   41  812          -  140.00000      -   407 3320s
 21565  2958  140.00000   61  855          -  140.00000      -   407 3325s
 21589  2961  140.00000   30  467          -  140.00000      -   407 3330s
 21687  3047  140.00000  107  457          -  140.00000      -   406 3335s
 21760  3087  140.00000  120  300          -  140.00000      -   405 3340s
 21858  3152 infeasible  141               -  140.00000      -   404 3345s
 21957  3215 infeasible  166               -  140.00000      -   403 3350s
 22009  3216  140.00000  121  327          -  140.00000      -   403 3355s
 22115  3230  140.00000  121  348          -  140.00000      -   402 3360s
 22257  3324  140.00000  143  207          -  140.00000      -   400 3365s
 22314  3332 infeasible  149               -  140.00000      -   400 3370s
 22377  3331 infeasible  146               -  140.00000      -   400 3375s
 22412  3321 infeasible  149               -  140.00000      -   400 3380s
 22551  3350  138.91815  142  769          -  140.00000      -   398 3385s
 22614  3350  140.00000  131  632          -  140.00000      -   398 3390s
 22701  3375  140.00000  129  329          -  140.00000      -   397 3395s
 22842  3448  140.00000  150  521          -  140.00000      -   395 3400s
 22949  3523  140.00000  149  234          -  140.00000      -   394 3405s
 22996  3534  140.00000  125  677          -  140.00000      -   394 3410s
 23029  3522 infeasible  146               -  140.00000      -   394 3415s
 23101  3548  140.00000  135  762          -  140.00000      -   394 3420s
 23196  3553  140.00000  137  427          -  140.00000      -   393 3425s
 23407  3621 infeasible  142               -  140.00000      -   390 3430s
 23586  3594 infeasible  144               -  140.00000      -   388 3435s
 23674  3609 infeasible  150               -  140.00000      -   387 3440s
 23798  3677  140.00000  154  588          -  140.00000      -   386 3445s
 23862  3674 infeasible  160               -  140.00000      -   386 3450s
 23948  3690  140.00000  157  280          -  140.00000      -   385 3455s
 24037  3706  140.00000  147  664          -  140.00000      -   385 3460s
 24203  3723 infeasible  160               -  140.00000      -   383 3465s
 24324  3758  140.00000  166  440          -  140.00000      -   382 3470s
 24437  3785 infeasible  177               -  140.00000      -   381 3475s
 24524  3784 infeasible  141               -  140.00000      -   380 3480s
 24675  3834 infeasible  187               -  140.00000      -   379 3485s
 24795  3832 infeasible  180               -  140.00000      -   378 3490s
 24908  3855  140.00000  150  499          -  140.00000      -   377 3495s
 25108  3926 infeasible  176               -  140.00000      -   375 3500s
 25290  3985  140.00000  218  410          -  140.00000      -   373 3505s
 25452  4000 infeasible  175               -  140.00000      -   371 3510s
 25573  4039 infeasible  182               -  140.00000      -   370 3515s
 25724  4053 infeasible  163               -  140.00000      -   368 3520s
 25929  4058  140.00000  162  306          -  140.00000      -   366 3525s
 26055  4049 infeasible  154               -  140.00000      -   365 3530s
 26135  3997  140.00000  129  518          -  140.00000      -   365 3535s
 26246  4024  140.00000  133  408          -  140.00000      -   364 3540s
 26347  4073 infeasible  127               -  140.00000      -   363 3545s
 26378  4070  140.00000  122  793          -  140.00000      -   364 3550s
 26398  4082 infeasible  135               -  140.00000      -   364 3555s
 26440  4073  140.00000  138  724          -  140.00000      -   364 3560s
 26516  4060 infeasible  133               -  140.00000      -   364 3565s
 26590  4082 infeasible  160               -  140.00000      -   363 3570s
 26635  4089 infeasible  127               -  140.00000      -   363 3575s
 26724  4100 infeasible  138               -  140.00000      -   363 3580s
 26812  4139  140.00000  109  324          -  140.00000      -   362 3585s
 26912  4155  140.00000  158  447          -  140.00000      -   362 3590s
 26992  4173 infeasible  157               -  140.00000      -   361 3595s

Cutting planes:
  Gomory: 4
  Cover: 263
  Implied bound: 50
  Projected implied bound: 6
  Clique: 135
  MIR: 46
  StrongCG: 34
  Flow cover: 147
  GUB cover: 5
  Zero half: 26
  Network: 1
  RLT: 2
  Relax-and-lift: 55

Explored 27116 nodes (9788327 simplex iterations) in 3600.01 seconds (3292.99 work units)
Thread count was 1 (of 8 available processors)

Solution count 0

Time limit reached
Best objective -, best bound 1.400000000000e+02, gap -
