
Gurobi 11.0.1 (win64) logging started Thu Mar 28 20:30:52 2024

Set parameter LogFile to value "C:\Projetos\Job_Rotation_Algorithms\Outputs\GurobiLogs\gurobi_log-output-73_wee-c17-CostaMirallesModel-NoExtraConstraint-2.log"
Gurobi Optimizer version 11.0.1 build v11.0.1rc0 (win64 - Windows 10.0 (19045.2))

CPU model: 11th Gen Intel(R) Core(TM) i7-1165G7 @ 2.80GHz, instruction set [SSE2|AVX|AVX2|AVX512]
Thread count: 4 physical cores, 8 logical processors, using up to 1 threads

WLS license 901039 - registered to Bitka Analytics
Optimize a model with 6067 rows, 48538 columns and 1209020 nonzeros
Model fingerprint: 0xb67d059f
Variable types: 2 continuous, 48536 integer (48536 binary)
Coefficient statistics:
  Matrix range     [1e+00, 8e+01]
  Objective range  [1e+00, 1e+00]
  Bounds range     [1e+00, 3e+01]
  RHS range        [1e+00, 3e+01]
Presolve removed 221 rows and 8581 columns (presolve time = 5s) ...
Presolve added 1609 rows and 0 columns
Presolve removed 0 rows and 7677 columns
Presolve time: 5.65s
Presolved: 7676 rows, 40861 columns, 312689 nonzeros
Variable types: 0 continuous, 40861 integer (39472 binary)

Root simplex log...

Iteration    Objective       Primal Inf.    Dual Inf.      Time
       0    1.0030000e+03   1.309000e+03   0.000000e+00      6s
    8749    1.5000000e+02   0.000000e+00   0.000000e+00      7s

Root relaxation: objective 1.500000e+02, 8749 iterations, 1.17 seconds (1.73 work units)

    Nodes    |    Current Node    |     Objective Bounds      |     Work
 Expl Unexpl |  Obj  Depth IntInf | Incumbent    BestBd   Gap | It/Node Time

     0     0  150.00000    0  200          -  150.00000      -     -    9s
     0     0  150.00000    0  497          -  150.00000      -     -    9s
     0     0  150.00000    0  497          -  150.00000      -     -    9s
     0     0  150.00000    0  204          -  150.00000      -     -   22s
     0     0  150.00000    0  201          -  150.00000      -     -   22s
     0     0  150.00000    0  219          -  150.00000      -     -   22s
     0     0  150.00000    0  306          -  150.00000      -     -   22s
     0     0  150.00000    0 1044          -  150.00000      -     -   23s
     0     0  150.00000    0  460          -  150.00000      -     -   23s
     0     0  150.00000    0  444          -  150.00000      -     -   23s
     0     0  150.00000    0  451          -  150.00000      -     -   23s
     0     0  150.00000    0  403          -  150.00000      -     -   23s
     0     0  150.00000    0  386          -  150.00000      -     -   23s
     0     0  150.00000    0  427          -  150.00000      -     -   23s
     0     0  149.88889    0 1244          -  149.88889      -     -   26s
     0     0  149.88889    0 1033          -  149.88889      -     -   27s
     0     0  149.88889    0  945          -  149.88889      -     -   27s
     0     0  149.88889    0 1003          -  149.88889      -     -   28s
     0     0  149.88889    0  874          -  149.88889      -     -   28s
     0     0  149.88889    0  960          -  149.88889      -     -   28s
     0     0  149.88889    0  964          -  149.88889      -     -   28s
     0     0  149.88889    0  791          -  149.88889      -     -   28s
     0     0  149.88889    0  706          -  149.88889      -     -   29s
     0     0  149.88889    0  747          -  149.88889      -     -   29s
     0     0  149.88889    0  597          -  149.88889      -     -   29s
     0     0  149.88889    0  605          -  149.88889      -     -   29s
     0     0  149.88889    0  591          -  149.88889      -     -   29s
     0     0  149.88889    0  647          -  149.88889      -     -   29s
     0     0  149.88889    0  692          -  149.88889      -     -   29s
     0     0  149.88889    0  592          -  149.88889      -     -   29s
     0     0  149.88889    0  718          -  149.88889      -     -   29s
     0     0  149.88889    0  629          -  149.88889      -     -   29s
     0     0  149.66667    0  495          -  149.66667      -     -   30s
     0     0  149.66667    0  455          -  149.66667      -     -   30s
     0     0  149.66667    0  454          -  149.66667      -     -   30s
     0     0  149.66667    0  460          -  149.66667      -     -   30s
     0     0  149.41667    0 1378          -  149.41667      -     -   31s
     0     0  149.41667    0 1195          -  149.41667      -     -   31s
     0     0  149.41667    0 1109          -  149.41667      -     -   32s
     0     0  149.41667    0 1033          -  149.41667      -     -   32s
     0     0  149.41667    0 1028          -  149.41667      -     -   32s
     0     0  149.41667    0 1024          -  149.41667      -     -   32s
     0     0  149.41667    0  998          -  149.41667      -     -   32s
     0     0  149.41667    0 1014          -  149.41667      -     -   32s
     0     0  149.38462    0 1000          -  149.38462      -     -   32s
     0     0  149.38462    0 1001          -  149.38462      -     -   32s
     0     0  149.38462    0  990          -  149.38462      -     -   32s
     0     0  149.38462    0  943          -  149.38462      -     -   32s
     0     0  149.38462    0  828          -  149.38462      -     -   32s
     0     0  149.38462    0  730          -  149.38462      -     -   32s
     0     0  149.38462    0  841          -  149.38462      -     -   32s
     0     0  149.38462    0  761          -  149.38462      -     -   32s
     0     0  149.38462    0  989          -  149.38462      -     -   32s
     0     0  149.38462    0  752          -  149.38462      -     -   32s
     0     0  149.38462    0  789          -  149.38462      -     -   32s
     0     0  149.35714    0  800          -  149.35714      -     -   33s
     0     0  149.35714    0  763          -  149.35714      -     -   33s
     0     0  149.35714    0  765          -  149.35714      -     -   33s
     0     0  149.35714    0  855          -  149.35714      -     -   33s
     0     0  149.35714    0  771          -  149.35714      -     -   33s
     0     0  149.35714    0  753          -  149.35714      -     -   33s
     0     0  149.35714    0  760          -  149.35714      -     -   33s
     0     0  149.33333    0  749          -  149.33333      -     -   33s
     0     0  149.33333    0  742          -  149.33333      -     -   33s
     0     0  149.33333    0  692          -  149.33333      -     -   33s
     0     0  149.33333    0  686          -  149.33333      -     -   33s
     0     0  149.33333    0  673          -  149.33333      -     -   33s
     0     0  149.33333    0  662          -  149.33333      -     -   33s
     0     0  149.33333    0  656          -  149.33333      -     -   33s
     0     0  149.33333    0  711          -  149.33333      -     -   33s
     0     0  149.00000    0  723          -  149.00000      -     -   33s
     0     0  149.00000    0  694          -  149.00000      -     -   33s
     0     0  149.00000    0  695          -  149.00000      -     -   33s
     0     0  149.00000    0  695          -  149.00000      -     -   33s
     0     0  149.00000    0  696          -  149.00000      -     -   33s
     0     0  149.00000    0  695          -  149.00000      -     -   33s
     0     0  149.00000    0  696          -  149.00000      -     -   33s
     0     0  149.00000    0  695          -  149.00000      -     -   33s
     0     0  149.00000    0  695          -  149.00000      -     -   33s
     0     0  149.00000    0  696          -  149.00000      -     -   33s
     0     0  149.00000    0  696          -  149.00000      -     -   33s
     0     0  149.00000    0  696          -  149.00000      -     -   33s
     0     0  149.00000    0 1503          -  149.00000      -     -   35s
     0     0  149.00000    0 1362          -  149.00000      -     -   36s
     0     0  149.00000    0 1384          -  149.00000      -     -   36s
     0     0  149.00000    0 1335          -  149.00000      -     -   36s
     0     0  149.00000    0 1289          -  149.00000      -     -   36s
     0     0  149.00000    0 1091          -  149.00000      -     -   37s
     0     0  149.00000    0 1315          -  149.00000      -     -   37s
     0     0  149.00000    0 1159          -  149.00000      -     -   38s
     0     0  149.00000    0  887          -  149.00000      -     -   38s
     0     0  149.00000    0  895          -  149.00000      -     -   38s
     0     0  149.00000    0 1573          -  149.00000      -     -   40s
     0     0  149.00000    0 1369          -  149.00000      -     -   41s
     0     0  149.00000    0 1226          -  149.00000      -     -   42s
     0     0  149.00000    0 1148          -  149.00000      -     -   42s
     0     0  149.00000    0 1053          -  149.00000      -     -   42s
     0     0  149.00000    0 1050          -  149.00000      -     -   42s
     0     0  149.00000    0 1049          -  149.00000      -     -   42s
     0     0  149.00000    0 1047          -  149.00000      -     -   42s
     0     0  149.00000    0 1059          -  149.00000      -     -   43s
     0     0  149.00000    0  874          -  149.00000      -     -   43s
     0     0  149.00000    0  831          -  149.00000      -     -   43s
     0     0  149.00000    0  878          -  149.00000      -     -   43s
     0     0  149.00000    0  867          -  149.00000      -     -   43s
     0     0  149.00000    0  869          -  149.00000      -     -   43s
     0     0  149.00000    0  869          -  149.00000      -     -   43s
     0     0  149.00000    0  879          -  149.00000      -     -   43s
     0     0  149.00000    0  865          -  149.00000      -     -   43s
     0     0  149.00000    0  878          -  149.00000      -     -   43s
     0     0  149.00000    0  866          -  149.00000      -     -   43s
     0     0  149.00000    0  233          -  149.00000      -     -   48s
     0     0  149.00000    0  242          -  149.00000      -     -   48s
     0     0  149.00000    0  236          -  149.00000      -     -   48s
     0     0  149.00000    0  234          -  149.00000      -     -   48s
     0     0  149.00000    0  629          -  149.00000      -     -   48s
     0     0  149.00000    0  631          -  149.00000      -     -   48s
     0     0  149.00000    0  629          -  149.00000      -     -   48s
     0     0  149.00000    0  244          -  149.00000      -     -   50s
     0     0  149.00000    0  235          -  149.00000      -     -   50s
     0     0  149.00000    0  384          -  149.00000      -     -   51s
     0     0  149.00000    0  561          -  149.00000      -     -   51s
     0     0  149.00000    0  584          -  149.00000      -     -   51s
     0     0  149.00000    0  592          -  149.00000      -     -   51s
     0     0  149.00000    0  585          -  149.00000      -     -   51s
     0     0  149.00000    0  566          -  149.00000      -     -   51s
     0     0  149.00000    0  556          -  149.00000      -     -   51s
     0     0  149.00000    0  555          -  149.00000      -     -   51s
     0     0  149.00000    0  554          -  149.00000      -     -   51s
     0     0  149.00000    0  234          -  149.00000      -     -   53s
     0     0  149.00000    0  226          -  149.00000      -     -   53s
     0     0  149.00000    0  233          -  149.00000      -     -   54s
     0     0  149.00000    0  226          -  149.00000      -     -   54s
     0     0  149.00000    0  276          -  149.00000      -     -   56s
     0     0  149.00000    0  314          -  149.00000      -     -   56s
     0     0  149.00000    0  306          -  149.00000      -     -   56s
     0     0  149.00000    0 1065          -  149.00000      -     -   58s
     0     0  149.00000    0  928          -  149.00000      -     -   58s
     0     0  149.00000    0  849          -  149.00000      -     -   58s
     0     0  149.00000    0  857          -  149.00000      -     -   59s
     0     0  149.00000    0  228          -  149.00000      -     -   62s
     0     0  149.00000    0  234          -  149.00000      -     -   62s
     0     0  149.00000    0  231          -  149.00000      -     -   62s
     0     0  149.00000    0  222          -  149.00000      -     -   62s
     0     0  149.00000    0  441          -  149.00000      -     -   62s
     0     0  149.00000    0  387          -  149.00000      -     -   62s
     0     0  149.00000    0  307          -  149.00000      -     -   65s
     0     0  149.00000    0  300          -  149.00000      -     -   65s
     0     0  149.00000    0  628          -  149.00000      -     -   65s
     0     0  149.00000    0  615          -  149.00000      -     -   65s
     0     0  149.00000    0  251          -  149.00000      -     -   69s
     0     0  149.00000    0  359          -  149.00000      -     -   69s
     0     0  149.00000    0  370          -  149.00000      -     -   69s
     0     0  149.00000    0  417          -  149.00000      -     -   69s
     0     0  149.00000    0  607          -  149.00000      -     -   69s
     0     0  149.00000    0  585          -  149.00000      -     -   69s
     0     0  149.00000    0  675          -  149.00000      -     -   69s
     0     0  149.00000    0  278          -  149.00000      -     -   72s
     0     0  149.00000    0  263          -  149.00000      -     -   72s
     0     2  149.00000    0  244          -  149.00000      -     -   78s
    81    46  149.00000   55  230          -  149.00000      -   110   80s
   336   164  149.00000   21  488          -  149.00000      -  66.0   85s
   500   230  149.00000  140  190          -  149.00000      -  88.4   90s
   748   292  149.00000    5 1309          -  149.00000      -  77.3   95s
   872   357  149.00000   90  497          -  149.00000      -  89.2  114s
   874   358  149.00000  145  324          -  149.00000      -  89.0  118s
   875   359  149.00000   13 1013          -  149.00000      -  88.9  120s
   877   360  149.00000   23  247          -  149.00000      -  88.7  126s
   879   362  149.00000   40  277          -  149.00000      -  88.5  133s
   881   363  149.00000   18  360          -  149.00000      -  88.3  140s
   883   364  149.00000  194  372          -  149.00000      -  88.1  148s
   884   365  149.00000   18  986          -  149.00000      -  88.0  150s
   885   366  149.00000   18  485          -  149.00000      -  87.9  159s
   886   366  149.00000   58  255          -  149.00000      -  87.8  161s
   887   367  149.00000  208  255          -  149.00000      -  87.7  169s
   888   370  149.00000   13  440          -  149.00000      -   619  170s
   896   375  149.00000   17  465          -  149.00000      -   618  175s
   903   380  149.00000   20  571          -  149.00000      -   615  180s
   910   382  149.00000   24  278          -  149.00000      -   628  193s
   915   386  149.00000   26  431          -  149.00000      -   626  195s
   927   394  149.00000   32  339          -  149.00000      -   636  202s
   935   399  149.00000   36  371          -  149.00000      -   633  205s
   946   406  149.00000   42  327          -  149.00000      -   638  210s
   962   413  149.00000   50  300          -  149.00000      -   632  215s
  1012   438 infeasible   75               -  149.00000      -   609  220s
  1031   444  149.00000   84  336          -  149.00000      -   612  225s
  1098   455  149.00000   72  278          -  149.00000      -   587  230s
  1242   484  149.00000  131  131          -  149.00000      -   529  235s
  1337   485 infeasible  116               -  149.00000      -   501  240s
  1444   506 infeasible  137               -  149.00000      -   474  245s
  1548   532  149.00000   99  285          -  149.00000      -   450  251s
  1596   539  149.00000  113  211          -  149.00000      -   445  255s
  1678   570  149.00000   94  164          -  149.00000      -   432  260s
  1786   609  149.00000  141  210          -  149.00000      -   416  265s
  1857   640 infeasible  176               -  149.00000      -   410  270s
  1935   659  149.00000  126  221          -  149.00000      -   403  275s
  2001   683  149.00000  104  315          -  149.00000      -   399  280s
  2085   725  149.00000   91  190          -  149.00000      -   389  285s
  2207   800 infeasible  113               -  149.00000      -   373  290s
  2293   839 infeasible  116               -  149.00000      -   365  295s
  2386   907  148.00000  137  164          -  149.00000      -   358  300s
  2445   934  149.00000  124  202          -  149.00000      -   356  305s
  2507   966  149.00000  121  349          -  149.00000      -   354  310s
  2605  1026 infeasible  151               -  149.00000      -   346  315s
  2675  1060  149.00000  146  272          -  149.00000      -   343  320s
  2738  1092  149.00000  137  329          -  149.00000      -   342  325s
  2826  1149  149.00000   97  551          -  149.00000      -   337  330s
  2967  1242  149.00000  135  321          -  149.00000      -   327  335s
  3026  1281 infeasible  164               -  149.00000      -   326  340s
  3115  1314  149.00000  132  198          -  149.00000      -   321  345s
  3185  1352  149.00000  168  184          -  149.00000      -   319  350s
  3262  1393  149.00000  102  308          -  149.00000      -   318  355s
  3397  1491 infeasible  137               -  149.00000      -   311  360s
  3525  1581  149.00000  162  236          -  149.00000      -   305  365s
  3632  1610 infeasible  160               -  149.00000      -   301  370s
  3727  1646  149.00000  155  272          -  149.00000      -   298  375s
  3818  1692  149.00000  110  286          -  149.00000      -   296  380s
  3929  1759  149.00000  152  384          -  149.00000      -   293  385s
  4034  1808  149.00000  144  270          -  149.00000      -   290  390s
  4105  1828  147.00000  156  196          -  149.00000      -   289  395s
  4155  1858  147.00000  175  341          -  149.00000      -   290  400s
  4210  1870  147.00000  148  302          -  149.00000      -   291  405s
  4316  1898  149.00000  144  366          -  149.00000      -   288  410s
  4389  1921  149.00000  169  368          -  149.00000      -   288  415s
  4482  1945 infeasible  154               -  149.00000      -   285  420s
  4491  1952  149.00000  156  361          -  149.00000      -   286  448s
  4497  1952  149.00000  159  278          -  149.00000      -   285  450s
  4523  1956  149.00000  125  220          -  149.00000      -   286  455s
  4555  1984  149.00000  144  206          -  149.00000      -   285  460s
  4590  2019  149.00000  165  168          -  149.00000      -   284  465s
  4670  2056  149.00000  174  252          -  149.00000      -   283  470s
  4793  2124  149.00000  178  415          -  149.00000      -   280  475s
  4918  2195  149.00000  195  457          -  149.00000      -   277  480s
  5031  2246  149.00000  179  345          -  149.00000      -   275  485s
  5095  2267 infeasible  182               -  149.00000      -   275  490s
  5101  2270  147.00000  183  437          -  149.00000      -   275  500s
  5151  2279 infeasible  169               -  149.00000      -   276  505s
  5232  2320  149.00000  189  427          -  149.00000      -   275  510s
  5371  2400  149.00000  198  191          -  149.00000      -   272  515s
  5526  2491 infeasible  185               -  149.00000      -   268  520s
  5614  2535  147.00000  201  405          -  149.00000      -   267  525s
  5714  2581  149.00000  199  408          -  149.00000      -   265  530s
  5824  2623  149.00000  202  340          -  149.00000      -   263  535s
  5907  2646  149.00000  212  231          -  149.00000      -   262  540s
  6050  2696 infeasible  212               -  149.00000      -   260  545s
  6198  2732  149.00000  217  362          -  149.00000      -   257  550s
  6328  2792 infeasible  209               -  149.00000      -   256  555s
  6434  2826 infeasible  170               -  149.00000      -   255  560s
  6543  2847 infeasible  172               -  149.00000      -   253  565s
  6609  2877  149.00000  100  386          -  149.00000      -   253  570s
  6715  2926  148.00000  210  291          -  149.00000      -   252  575s
  6825  2986 infeasible  221               -  149.00000      -   251  580s
  6943  3016  149.00000  138  377          -  149.00000      -   249  585s
  7037  3032 infeasible  233               -  149.00000      -   248  590s
  7112  3056 infeasible  157               -  149.00000      -   248  595s
  7217  3090 infeasible  220               -  149.00000      -   248  600s
  7316  3117  149.00000  173  303          -  149.00000      -   247  605s
  7373  3129 infeasible  199               -  149.00000      -   248  610s
  7445  3158 infeasible  212               -  149.00000      -   248  615s
  7593  3237  149.00000  207  300          -  149.00000      -   246  620s
  7727  3292  149.00000  175  190          -  149.00000      -   244  625s
  7889  3380  149.00000  184  224          -  149.00000      -   242  630s
  8037  3467  149.00000  221  175          -  149.00000      -   241  635s
  8144  3509 infeasible  241               -  149.00000      -   240  640s
  8228  3527 infeasible  216               -  149.00000      -   240  645s
  8302  3551  149.00000  249  305          -  149.00000      -   240  650s
  8416  3591 infeasible  185               -  149.00000      -   240  655s
  8472  3596 infeasible  175               -  149.00000      -   241  660s
  8547  3635  149.00000  205  296          -  149.00000      -   241  665s
  8637  3657 infeasible  208               -  149.00000      -   241  670s
  8705  3666 infeasible  188               -  149.00000      -   241  675s
  8800  3703  148.00000  195  232          -  149.00000      -   241  680s
  8903  3738  149.00000  276  280          -  149.00000      -   241  685s
  8963  3729 infeasible  201               -  149.00000      -   242  690s
  9076  3777  147.00000  219  338          -  149.00000      -   241  695s
  9159  3801 infeasible  209               -  149.00000      -   241  700s
  9240  3829  149.00000  197  313          -  149.00000      -   242  705s
  9340  3847  148.00000  177  317          -  149.00000      -   241  710s
  9502  3913  149.00000  198  256          -  149.00000      -   239  715s
  9616  3976  149.00000  219  247          -  149.00000      -   239  720s
  9728  4023  149.00000  191  414          -  149.00000      -   239  725s
  9822  4078  148.00000  172  366          -  149.00000      -   239  730s
  9908  4097  149.00000  183  415          -  149.00000      -   239  735s
 10014  4147  149.00000  160  444          -  149.00000      -   238  740s
 10081  4169 infeasible  172               -  149.00000      -   238  745s
 10149  4189 infeasible  171               -  149.00000      -   239  750s
 10202  4193  149.00000  180  277          -  149.00000      -   239  896s
 10298  4242  147.00000  175  290          -  149.00000      -   239  900s
 10366  4243 infeasible  143               -  149.00000      -   239  905s
 10488  4281  149.00000   90  270          -  149.00000      -   239  910s
 10572  4317 infeasible   99               -  149.00000      -   238  915s
 10698  4339  149.00000  220  255          -  149.00000      -   238  920s
 10824  4405  147.00000  198  234          -  149.00000      -   237  925s
 10932  4438 infeasible  204               -  149.00000      -   237  930s
 11054  4496  149.00000  122  439          -  149.00000      -   236  935s
 11142  4533 infeasible  207               -  149.00000      -   235  940s
 11218  4567  148.00000  184  244          -  149.00000      -   235  945s
 11361  4634 infeasible  173               -  149.00000      -   235  950s
 11461  4694  149.00000  142  452          -  149.00000      -   234  955s
 11541  4725  149.00000  161  149          -  149.00000      -   234  960s
 11653  4773  149.00000  165  249          -  149.00000      -   234  965s
 11738  4788  148.00000   92  462          -  149.00000      -   233  970s
 11823  4832  149.00000  120  541          -  149.00000      -   233  975s
 11936  4906  148.00000  102  395          -  149.00000      -   232  980s
 11990  4934 infeasible  131               -  149.00000      -   232  985s
 12075  4992 infeasible  176               -  149.00000      -   232  990s
 12201  5045 infeasible  217               -  149.00000      -   231  995s
 12272  5068  149.00000  136  326          -  149.00000      -   231 1000s
 12333  5107  149.00000  170  418          -  149.00000      -   231 1005s
 12433  5166  149.00000  173  364          -  149.00000      -   230 1010s
 12517  5205 infeasible  153               -  149.00000      -   230 1015s
 12611  5253  149.00000  141  220          -  149.00000      -   230 1020s
 12726  5309  149.00000  115  358          -  149.00000      -   229 1025s
 12835  5365 infeasible  111               -  149.00000      -   228 1030s
 12979  5470  149.00000  122  349          -  149.00000      -   227 1035s
 13011  5475 infeasible  102               -  149.00000      -   228 1040s
 13109  5528  148.00000   98  373          -  149.00000      -   228 1045s
 13197  5563  148.00000  204  382          -  149.00000      -   228 1050s
 13327  5620 infeasible  203               -  149.00000      -   227 1055s
 13412  5658  149.00000  186  448          -  149.00000      -   227 1060s
 13498  5677 infeasible  106               -  149.00000      -   227 1065s
 13607  5736  148.00000   84  348          -  149.00000      -   226 1070s
 13658  5775 infeasible  109               -  149.00000      -   227 1075s
 13753  5833  149.00000  141  379          -  149.00000      -   226 1080s
 13835  5857  149.00000  197  285          -  149.00000      -   226 1085s
 13925  5886 infeasible  212               -  149.00000      -   226 1090s
 14018  5919  147.00000  209  431          -  149.00000      -   226 1095s
 14146  5967  149.00000  161  214          -  149.00000      -   225 1100s
 14282  6047  149.00000  167  367          -  149.00000      -   224 1105s
 14411  6105  149.00000  139  277          -  149.00000      -   224 1110s
 14505  6153 infeasible  161               -  149.00000      -   224 1115s
 14594  6188 infeasible  165               -  149.00000      -   224 1120s
 14705  6243  149.00000  167  200          -  149.00000      -   223 1125s
 14809  6284  147.00000  173  388          -  149.00000      -   223 1130s
 14927  6331  149.00000  185  402          -  149.00000      -   223 1135s
 15062  6396 infeasible  205               -  149.00000      -   222 1140s
 15142  6416  149.00000  203  309          -  149.00000      -   222 1145s
 15268  6465 infeasible  207               -  149.00000      -   222 1150s
 15303  6476  148.00000  194  298          -  149.00000      -   222 1163s
 15342  6499  149.00000  204  317          -  149.00000      -   222 1165s
 15460  6537 infeasible  214               -  149.00000      -   222 1170s
 15563  6590  148.00000  196  443          -  149.00000      -   221 1175s
 15655  6627  148.00000  143  293          -  149.00000      -   221 1180s
 15796  6705 infeasible  209               -  149.00000      -   221 1185s
 15922  6754 infeasible  155               -  149.00000      -   220 1190s
 16067  6820  148.00000  204  323          -  149.00000      -   220 1195s
 16186  6872  149.00000  179  327          -  149.00000      -   220 1200s
 16294  6924  149.00000  163  240          -  149.00000      -   220 1205s
 16336  6930  149.00000  165  224          -  149.00000      -   220 1210s
 16423  6953 infeasible  162               -  149.00000      -   220 1215s
 16522  6961  148.00000  158  440          -  149.00000      -   220 1220s
 16608  6978 infeasible  161               -  149.00000      -   220 1225s
 16713  7007 infeasible  181               -  149.00000      -   220 1230s
 16814  7042  149.00000  166  265          -  149.00000      -   220 1235s
 16918  7081 infeasible  178               -  149.00000      -   220 1240s
 17021  7117  149.00000  150  349          -  149.00000      -   219 1245s
 17110  7150  149.00000  191  395          -  149.00000      -   219 1250s
 17227  7212 infeasible  250               -  149.00000      -   219 1255s
 17333  7248  149.00000  179  273          -  149.00000      -   218 1260s
 17375  7255  149.00000  180  277          -  149.00000      -   219 1265s
 17464  7300  149.00000  189  422          -  149.00000      -   219 1270s
 17501  7311  149.00000  193  561          -  149.00000      -   219 1275s
 17546  7311 infeasible  183               -  149.00000      -   219 1280s
 17597  7321 infeasible  183               -  149.00000      -   220 1285s
 17676  7365 infeasible  217               -  149.00000      -   220 1290s
 17741  7386  149.00000  180  305          -  149.00000      -   220 1295s
 17802  7422 infeasible  197               -  149.00000      -   220 1300s
 17895  7453 infeasible  190               -  149.00000      -   220 1305s
 17967  7463 infeasible  224               -  149.00000      -   220 1310s
 18019  7481  147.00000  196  426          -  149.00000      -   220 1315s
 18078  7504 infeasible  216               -  149.00000      -   221 1320s
 18146  7535 infeasible  201               -  149.00000      -   221 1325s
 18217  7548  149.00000  235  203          -  149.00000      -   221 1330s
 18278  7568  149.00000  188  419          -  149.00000      -   221 1335s
 18382  7617  149.00000  175  404          -  149.00000      -   220 1340s
 18468  7654  149.00000  189  306          -  149.00000      -   220 1345s
 18574  7670  149.00000  217  243          -  149.00000      -   220 1350s
 18662  7716 infeasible  164               -  149.00000      -   220 1355s
 18736  7737  148.00000  152  404          -  149.00000      -   220 1360s
 18805  7760 infeasible  167               -  149.00000      -   220 1365s
 18878  7774 infeasible  169               -  149.00000      -   220 1370s
 18919  7780  149.00000  210  276          -  149.00000      -   221 1375s
 18982  7796  148.00000  210  418          -  149.00000      -   221 1380s
 19046  7811 infeasible  231               -  149.00000      -   221 1385s
 19094  7806 infeasible  187               -  149.00000      -   221 1390s
 19160  7827 infeasible  185               -  149.00000      -   221 1395s
 19201  7823  147.00000  153  427          -  149.00000      -   222 1400s
 19238  7831 infeasible  156               -  149.00000      -   222 1405s
 19309  7875  149.00000  189  343          -  149.00000      -   222 1410s
 19358  7882 infeasible  180               -  149.00000      -   222 1415s
 19391  7884 infeasible  181               -  149.00000      -   223 1420s
 19419  7885  147.00000  178  420          -  149.00000      -   223 1425s
 19496  7888  147.00000  172  469          -  149.00000      -   223 1430s
 19553  7888  147.00000  181  222          -  149.00000      -   224 1435s
 19620  7912  149.00000  205  405          -  149.00000      -   224 1440s
 19653  7925  149.00000  117  306          -  149.00000      -   224 1491s
 19658  7928  149.00000  121  429          -  149.00000      -   224 1495s
 19676  7938  149.00000  135  315          -  149.00000      -   224 1500s
 19685  7939 infeasible  139               -  149.00000      -   224 1505s
 19700  7948 infeasible  154               -  149.00000      -   224 1510s
 19714  7958  147.00000  158  234          -  149.00000      -   224 1515s
 19730  7960 infeasible  167               -  149.00000      -   224 1520s
 19754  7964 infeasible  221               -  149.00000      -   225 1525s
 19766  7968  148.00000  150  298          -  149.00000      -   225 1530s
 19777  7971  146.00000  153  317          -  149.00000      -   225 1535s
 19795  7985  146.00000  164  274          -  149.00000      -   225 1540s
 19818  7988  148.00000  150  301          -  149.00000      -   225 1545s
 19825  7989  146.00000  151  374          -  149.00000      -   226 1550s
 19845  8009  147.00000  169  307          -  149.00000      -   225 1555s
 19928  8029  147.00000  153  386          -  149.00000      -   225 1560s
 19989  8036  149.00000  185  293          -  149.00000      -   226 1565s
 20068  8069 infeasible  193               -  149.00000      -   226 1570s
 20144  8081 infeasible  180               -  149.00000      -   226 1575s
 20223  8120  148.00000  182  450          -  149.00000      -   226 1580s
 20296  8131 infeasible  180               -  149.00000      -   226 1585s
 20348  8134  149.00000  160  272          -  149.00000      -   226 1590s
 20404  8173 infeasible  196               -  149.00000      -   226 1602s
 20462  8196 infeasible  262               -  149.00000      -   226 1605s
 20573  8205  149.00000   93  312          -  149.00000      -   225 1610s
 20619  8214 infeasible  206               -  149.00000      -   226 1615s
 20680  8240 infeasible  211               -  149.00000      -   226 1620s
 20733  8254 infeasible  174               -  149.00000      -   226 1625s
 20789  8261 infeasible  174               -  149.00000      -   226 1630s
 20876  8284  146.00000  195  332          -  149.00000      -   226 1635s
 20935  8295  149.00000  177  331          -  149.00000      -   226 1640s
 21006  8314  147.00000  177  387          -  149.00000      -   226 1645s
 21054  8323 infeasible  193               -  149.00000      -   227 1650s
 21107  8338  149.00000  190  293          -  149.00000      -   227 1655s
 21179  8357  148.00000  179  494          -  149.00000      -   227 1660s
 21262  8389 infeasible   97               -  149.00000      -   228 1665s
 21344  8424  148.00000  193  367          -  149.00000      -   228 1670s
 21487  8480  149.00000  230  294          -  149.00000      -   227 1675s
 21640  8530 infeasible  234               -  149.00000      -   227 1680s
 21783  8571 infeasible  176               -  149.00000      -   226 1685s
 21890  8586  149.00000  169  282          -  149.00000      -   226 1690s
 22022  8607  149.00000  224  258          -  149.00000      -   226 1695s
 22100  8632 infeasible  180               -  149.00000      -   226 1700s
 22165  8625  148.00000  157  331          -  149.00000      -   227 1705s
 22258  8642  148.90000  204  281          -  149.00000      -   227 1710s
 22380  8653 infeasible  170               -  149.00000      -   227 1715s
 22465  8671 infeasible  166               -  149.00000      -   227 1720s
 22561  8694  149.00000   93  372          -  149.00000      -   227 1725s
 22583  8704  149.00000  193  209          -  149.00000      -   228 1730s
 22670  8728 infeasible  189               -  149.00000      -   228 1735s
 22776  8770  149.00000  201  332          -  149.00000      -   228 1740s
 22885  8793  148.00000  186  311          -  149.00000      -   228 1745s
 23054  8880  148.00000  109  362          -  149.00000      -   227 1750s
 23153  8915 infeasible  179               -  149.00000      -   227 1755s
 23388  9028  149.00000  148  343          -  149.00000      -   226 1760s
 23521  9092 infeasible  122               -  149.00000      -   226 1765s
 23600  9154  147.00000  150  432          -  149.00000      -   226 1770s
 23713  9219 infeasible  149               -  149.00000      -   226 1775s
 23803  9250  149.00000  149  465          -  149.00000      -   226 1780s
 23880  9277  149.00000  159  302          -  149.00000      -   226 1785s
 24034  9348  149.00000  145  200          -  149.00000      -   226 1790s
 24167  9406  146.00000  184  322          -  149.00000      -   225 1795s
 24269  9410 infeasible  122               -  149.00000      -   225 1800s
 24375  9432  149.00000  217  338          -  149.00000      -   225 1805s
 24494  9466  149.00000  123  338          -  149.00000      -   225 1810s
 24538  9485 infeasible  149               -  149.00000      -   226 1815s
 24662  9527  149.00000   99  212          -  149.00000      -   226 1820s
 24774  9596 infeasible  124               -  149.00000      -   226 1825s
 24837  9604  149.00000  112  337          -  149.00000      -   226 1830s
 24874  9612  149.00000  106  273          -  149.00000      -   226 1835s
 24957  9653 infeasible  121               -  149.00000      -   226 1840s
 25089  9718  147.00000   91  271          -  149.00000      -   226 1845s
 25172  9737  149.00000  194  297          -  149.00000      -   226 1850s
 25298  9790  149.00000  125  347          -  149.00000      -   226 1855s
 25433  9846  149.00000  131  258          -  149.00000      -   226 1860s
 25505  9877  149.00000  104  274          -  149.00000      -   225 1872s
 25554  9906  148.66667  105  423          -  149.00000      -   225 1875s
 25649  9942 infeasible  209               -  149.00000      -   225 1880s
 25710  9962  148.00000   96  345          -  149.00000      -   226 1885s
 25806  9989  149.00000  191  314          -  149.00000      -   226 1890s
 25918 10021 infeasible  106               -  149.00000      -   225 1895s
 25997 10039 infeasible  137               -  149.00000      -   225 1900s
 26074 10057 infeasible  116               -  149.00000      -   226 1905s
 26233 10128 infeasible  158               -  149.00000      -   225 1910s
 26345 10165 infeasible  159               -  149.00000      -   225 1915s
 26487 10214  149.00000  227  357          -  149.00000      -   225 1920s
 26601 10249  149.00000  107  379          -  149.00000      -   225 1925s
 26693 10267  149.00000  119  487          -  149.00000      -   225 1930s
 26826 10331 infeasible  150               -  149.00000      -   224 1935s
 26943 10385 infeasible  109               -  149.00000      -   224 1940s
 27041 10440 infeasible  147               -  149.00000      -   224 1945s
 27157 10494  149.00000   96  223          -  149.00000      -   224 1950s
 27342 10559  145.00000  162  310          -  149.00000      -   224 1955s
 27429 10584 infeasible  111               -  149.00000      -   224 1960s
 27588 10663 infeasible  132               -  149.00000      -   223 1965s
 27730 10715  149.00000  216  410          -  149.00000      -   223 1970s
 27830 10726 infeasible  218               -  149.00000      -   223 1975s
 27970 10773 infeasible  147               -  149.00000      -   223 1980s
 28085 10807  149.00000  214  184          -  149.00000      -   223 1985s
 28265 10912 infeasible  260               -  149.00000      -   223 1990s
 28402 10972  149.00000  243  378          -  149.00000      -   223 1995s
 28532 11039 infeasible  259               -  149.00000      -   223 2000s
 28702 11110 infeasible  262               -  149.00000      -   222 2005s
 28869 11165 infeasible  235               -  149.00000      -   222 2010s
 28981 11185  147.00000  225  226          -  149.00000      -   222 2015s
 29097 11230 infeasible  234               -  149.00000      -   222 2020s
 29215 11261 infeasible  182               -  149.00000      -   221 2025s
 29297 11278 infeasible  161               -  149.00000      -   222 2030s
 29404 11315 infeasible  212               -  149.00000      -   222 2035s
 29502 11322  149.00000   75  325          -  149.00000      -   222 2040s
 29618 11375 infeasible  147               -  149.00000      -   222 2045s
 29711 11393 infeasible  184               -  149.00000      -   222 2050s
 29810 11411 infeasible  123               -  149.00000      -   222 2055s
 29876 11423  149.00000  134  465          -  149.00000      -   222 2060s
 29935 11447  147.00000  168  369          -  149.00000      -   222 2065s
 29986 11468 infeasible  133               -  149.00000      -   223 2070s
 30090 11510 infeasible  178               -  149.00000      -   222 2075s
 30151 11522  149.00000  156  393          -  149.00000      -   223 2080s
 30289 11580 infeasible  132               -  149.00000      -   222 2085s
 30386 11646  148.00000  153  281          -  149.00000      -   222 2090s
 30499 11696  148.00000  129  446          -  149.00000      -   222 2095s
 30589 11725 infeasible  114               -  149.00000      -   222 2100s
 30606 11730 infeasible  124               -  149.00000      -   222 2109s
 30609 11729  149.00000  109  243          -  149.00000      -   222 2110s
 30736 11780 infeasible  122               -  149.00000      -   222 2115s
 30853 11844  149.00000  124  390          -  149.00000      -   222 2120s
 30948 11864  149.00000  165  329          -  149.00000      -   222 2125s
 31079 11919 infeasible  208               -  149.00000      -   222 2130s
 31205 11947  149.00000  158  282          -  149.00000      -   222 2135s
 31383 12042 infeasible  207               -  149.00000      -   221 2140s
 31504 12074 infeasible  180               -  149.00000      -   221 2145s
 31661 12137 infeasible  201               -  149.00000      -   221 2150s
 31778 12158 infeasible  190               -  149.00000      -   221 2155s
 31891 12208 infeasible  185               -  149.00000      -   221 2160s
 31960 12219 infeasible  188               -  149.00000      -   221 2165s
 32085 12234 infeasible  179               -  149.00000      -   221 2170s
 32196 12291 infeasible  119               -  149.00000      -   220 2175s
 32287 12315 infeasible  181               -  149.00000      -   220 2180s
 32371 12328  147.00000  180  386          -  149.00000      -   221 2185s
 32483 12352 infeasible  191               -  149.00000      -   220 2190s
 32537 12360  148.00000  192  497          -  149.00000      -   221 2195s
 32627 12377 infeasible  195               -  149.00000      -   221 2200s
 32727 12401 infeasible  149               -  149.00000      -   221 2205s
 32805 12427 infeasible  145               -  149.00000      -   221 2210s
 32893 12458  149.00000  146  210          -  149.00000      -   221 2215s
 32961 12483 infeasible  170               -  149.00000      -   221 2220s
 33020 12486 infeasible  221               -  149.00000      -   222 2225s
 33084 12484 infeasible  179               -  149.00000      -   222 2230s
 33124 12483  149.00000  184  271          -  149.00000      -   222 2235s
 33172 12497 infeasible  202               -  149.00000      -   223 2240s
 33261 12510  149.00000  219  375          -  149.00000      -   223 2245s
 33350 12521  149.00000  170  230          -  149.00000      -   223 2250s
 33442 12571  149.00000  194  372          -  149.00000      -   223 2255s
 33506 12581 infeasible  186               -  149.00000      -   223 2260s
 33553 12591  148.00000  161  430          -  149.00000      -   223 2265s
 33604 12598  147.64881  164  402          -  149.00000      -   223 2270s
 33647 12604 infeasible  171               -  149.00000      -   224 2275s
 33707 12617  148.00000  189  309          -  149.00000      -   224 2280s
 33795 12649 infeasible  192               -  149.00000      -   224 2285s
 33869 12675  149.00000  185  370          -  149.00000      -   224 2290s
 33945 12695 infeasible  102               -  149.00000      -   224 2295s
 34035 12736 infeasible  201               -  149.00000      -   224 2300s
 34142 12779  149.00000  174  315          -  149.00000      -   224 2305s
 34269 12836 infeasible  206               -  149.00000      -   224 2310s
 34366 12876 infeasible  185               -  149.00000      -   224 2315s
 34494 12912 infeasible  205               -  149.00000      -   224 2320s
 34559 12931  147.00000  166  362          -  149.00000      -   225 2325s
 34649 12976 infeasible  198               -  149.00000      -   225 2330s
 34786 13016 infeasible  165               -  149.00000      -   224 2335s
 34872 13051  149.00000  181  266          -  149.00000      -   224 2340s
 35017 13081  149.00000  161  257          -  149.00000      -   224 2345s
 35129 13129 infeasible  172               -  149.00000      -   224 2350s
 35242 13154 infeasible  154               -  149.00000      -   224 2355s
 35335 13189 infeasible  204               -  149.00000      -   224 2360s
 35447 13232 infeasible  146               -  149.00000      -   224 2365s
 35531 13252 infeasible  148               -  149.00000      -   224 2370s
 35670 13315  149.00000  148  339          -  149.00000      -   224 2375s
 35707 13323  148.00000  144  310          -  149.00000      -   224 2386s
 35770 13339  149.00000  196  348          -  149.00000      -   224 2390s
 35891 13389  149.00000  189  433          -  149.00000      -   224 2395s
 35987 13399  149.00000  191  471          -  149.00000      -   224 2400s
 36057 13398 infeasible  149               -  149.00000      -   225 2405s
 36092 13404 infeasible  189               -  149.00000      -   225 2410s
 36189 13424  147.00000  189  368          -  149.00000      -   225 2415s
 36291 13449  149.00000  100  377          -  149.00000      -   225 2420s
 36332 13454 infeasible  208               -  149.00000      -   225 2425s
 36414 13482 infeasible  178               -  149.00000      -   225 2430s
 36496 13497 infeasible  182               -  149.00000      -   225 2435s
 36584 13522 infeasible  170               -  149.00000      -   226 2440s
 36674 13533  149.00000  146  241          -  149.00000      -   226 2445s
 36757 13548 infeasible  160               -  149.00000      -   226 2450s
 36862 13589 infeasible  166               -  149.00000      -   226 2455s
 36965 13608 infeasible  212               -  149.00000      -   226 2460s
 37082 13648  147.00000  213  362          -  149.00000      -   226 2465s
 37204 13716  149.00000  119  514          -  149.00000      -   226 2470s
 37236 13726 infeasible  139               -  149.00000      -   226 2475s
 37368 13807 infeasible  121               -  149.00000      -   226 2480s
 37506 13836 infeasible  199               -  149.00000      -   225 2485s
 37610 13852 infeasible  124               -  149.00000      -   225 2490s
 37689 13859 infeasible  178               -  149.00000      -   226 2495s
 37750 13850 infeasible  170               -  149.00000      -   226 2500s
 37834 13877  148.00000  121  372          -  149.00000      -   226 2505s
 37934 13904  149.00000  161  271          -  149.00000      -   226 2510s
 38039 13956  149.00000  169  416          -  149.00000      -   226 2515s
 38185 14005 infeasible  155               -  149.00000      -   226 2520s
 38293 14034 infeasible  153               -  149.00000      -   226 2525s
 38432 14103  147.00000  159  352          -  149.00000      -   226 2530s
 38547 14154 infeasible  164               -  149.00000      -   226 2535s
 38649 14171 infeasible  161               -  149.00000      -   226 2540s
 38764 14202 infeasible  168               -  149.00000      -   226 2545s
 38862 14222 infeasible  159               -  149.00000      -   226 2550s
 38915 14237  146.00000  152  438          -  149.00000      -   226 2555s
 39057 14280 infeasible  171               -  149.00000      -   226 2560s
 39154 14326  149.00000  155  360          -  149.00000      -   226 2565s
 39214 14349 infeasible  154               -  149.00000      -   226 2570s
 39295 14373  148.00000  167  388          -  149.00000      -   227 2575s
 39356 14372  149.00000  160  388          -  149.00000      -   227 2580s
 39440 14384 infeasible  164               -  149.00000      -   227 2585s
 39562 14425 infeasible  176               -  149.00000      -   227 2590s
 39637 14436 infeasible  152               -  149.00000      -   227 2595s
 39713 14436  147.00000  156  569          -  149.00000      -   227 2600s
 39832 14475 infeasible  176               -  149.00000      -   227 2605s
 39942 14503  147.00000  150  402          -  149.00000      -   227 2610s
 40015 14533  148.72727  161  439          -  149.00000      -   228 2615s
 40107 14562  147.00000  153  340          -  149.00000      -   228 2620s
 40177 14591  149.00000  155  203          -  149.00000      -   228 2625s
 40328 14630 infeasible  169               -  149.00000      -   228 2630s
 40413 14625  146.83333  160  490          -  149.00000      -   228 2635s
 40525 14643 infeasible  170               -  149.00000      -   228 2640s
 40711 14702  149.00000  155  400          -  149.00000      -   227 2645s
 40808 14738 infeasible  169               -  149.00000      -   227 2657s
 40868 14760 infeasible  168               -  149.00000      -   227 2660s
 40990 14804 infeasible  168               -  149.00000      -   227 2665s
 41137 14860  148.00000  164  340          -  149.00000      -   227 2670s
 41263 14893 infeasible  170               -  149.00000      -   227 2675s
 41368 14924 infeasible  174               -  149.00000      -   227 2680s
 41502 14952 infeasible  170               -  149.00000      -   227 2685s
 41634 15008  148.00000  166  329          -  149.00000      -   227 2690s
 41739 15020 infeasible  176               -  149.00000      -   227 2695s
 41848 15036  149.00000  161  272          -  149.00000      -   227 2700s
 42019 15097  149.00000  157  281          -  149.00000      -   227 2705s
 42100 15128  149.00000  132  368          -  149.00000      -   227 2710s
 42197 15149 infeasible  104               -  149.00000      -   227 2715s
 42319 15214  148.00000  179  396          -  149.00000      -   227 2720s
 42428 15259 infeasible  178               -  149.00000      -   227 2725s
 42550 15325 infeasible  207               -  149.00000      -   227 2730s
 42668 15362 infeasible  177               -  149.00000      -   227 2735s
 42756 15380  149.00000  195  289          -  149.00000      -   227 2740s
 42853 15382  148.00000  112  308          -  149.00000      -   227 2745s
 43015 15432  149.00000  182  362          -  149.00000      -   226 2750s
 43120 15483 infeasible  203               -  149.00000      -   226 2755s
 43223 15529 infeasible  175               -  149.00000      -   226 2760s
 43333 15554  148.00000  161  246          -  149.00000      -   226 2765s
 43416 15587 infeasible   89               -  149.00000      -   227 2770s
 43526 15637 infeasible  188               -  149.00000      -   227 2775s
 43611 15652  148.72866  178  491          -  149.00000      -   227 2780s
 43672 15669  149.00000  171  216          -  149.00000      -   227 2823s
 43674 15671  149.00000  173  293          -  149.00000      -   227 2825s
 43695 15674  149.00000  112  341          -  149.00000      -   227 2830s
 43712 15683 infeasible  124               -  149.00000      -   227 2835s
 43737 15688 infeasible  176               -  149.00000      -   227 2840s
 43752 15693 infeasible  182               -  149.00000      -   227 2845s
 43765 15696  149.00000  110  258          -  149.00000      -   227 2850s
 43777 15706  149.00000  116  315          -  149.00000      -   227 2855s
 43787 15716  149.00000  120  235          -  149.00000      -   228 2860s
 43809 15730  149.00000  134  310          -  149.00000      -   228 2865s
 43835 15746  149.00000  150  357          -  149.00000      -   228 2870s
 43994 15803 infeasible  169               -  149.00000      -   227 2875s
 44127 15831  149.00000  184  327          -  149.00000      -   227 2880s
 44204 15847  149.00000  187  380          -  149.00000      -   228 2885s
 44297 15866  146.00000  185  372          -  149.00000      -   228 2890s
 44409 15898 infeasible  182               -  149.00000      -   228 2895s
 44496 15924 infeasible  191               -  149.00000      -   228 2900s
 44557 15938 infeasible  201               -  149.00000      -   228 2905s
 44634 15940  149.00000  143  183          -  149.00000      -   228 2910s
 44780 15975  149.00000  110  498          -  149.00000      -   228 2915s
 44888 15976  149.00000  228  478          -  149.00000      -   228 2920s
 45005 16015 infeasible  194               -  149.00000      -   228 2925s
 45124 16042 infeasible  218               -  149.00000      -   228 2930s
 45216 16045  149.00000  200  248          -  149.00000      -   228 2935s
 45344 16070 infeasible  192               -  149.00000      -   228 2940s
 45462 16131 infeasible  206               -  149.00000      -   228 2945s
 45579 16153 infeasible  206               -  149.00000      -   228 2950s
 45662 16142  149.00000  200  208          -  149.00000      -   228 2955s
 45774 16146  149.00000  180  289          -  149.00000      -   228 2960s
 45858 16146 infeasible  188               -  149.00000      -   228 2965s
 45909 16143 infeasible  164               -  149.00000      -   228 2978s
 45948 16145  149.00000  165  292          -  149.00000      -   228 2980s
 46027 16148 infeasible  162               -  149.00000      -   228 2985s
 46148 16190  148.00000  141  385          -  149.00000      -   228 2990s
 46217 16201  148.83333  112  511          -  149.00000      -   228 2995s
 46294 16220  147.00000  117  403          -  149.00000      -   228 3000s
 46390 16265  149.00000  125  327          -  149.00000      -   228 3005s
 46443 16285  148.00000  121  326          -  149.00000      -   228 3010s
 46483 16296  149.00000  136  249          -  149.00000      -   229 3015s
 46598 16342 infeasible  163               -  149.00000      -   229 3020s
 46676 16357  148.00000  162  255          -  149.00000      -   229 3025s
 46802 16384  149.00000  115  280          -  149.00000      -   229 3030s
 46911 16411 infeasible  114               -  149.00000      -   229 3035s
 46990 16434  148.00000  149  354          -  149.00000      -   229 3040s
 47094 16460 infeasible  185               -  149.00000      -   229 3045s
 47160 16480 infeasible  101               -  149.00000      -   229 3050s
 47242 16496  147.00000  151  346          -  149.00000      -   229 3055s
 47313 16494  149.00000  189  256          -  149.00000      -   229 3060s
 47378 16516 infeasible  190               -  149.00000      -   229 3065s
 47463 16529 infeasible  200               -  149.00000      -   229 3070s
 47533 16548  149.00000  146  338          -  149.00000      -   230 3075s
 47608 16567  149.00000  176  443          -  149.00000      -   230 3080s
 47700 16594 infeasible   89               -  149.00000      -   230 3085s
 47782 16639  149.00000  139  352          -  149.00000      -   230 3090s
 47858 16656  148.00000  179  424          -  149.00000      -   230 3095s
 47942 16680  147.00000  190  298          -  149.00000      -   230 3100s
 48020 16700  147.00000  162  396          -  149.00000      -   230 3105s
 48110 16734  148.00000  109  318          -  149.00000      -   230 3110s
 48233 16790 infeasible  136               -  149.00000      -   230 3115s
 48351 16846  148.00000  127  304          -  149.00000      -   230 3120s
 48453 16871  149.00000  152  271          -  149.00000      -   230 3125s
 48574 16902  149.00000  145  243          -  149.00000      -   230 3130s
 48631 16905  149.00000  163  194          -  149.00000      -   230 3135s
 48727 16933 infeasible  175               -  149.00000      -   230 3140s
 48808 16955  149.00000  115  420          -  149.00000      -   230 3145s
 48864 16951  149.00000  134  366          -  149.00000      -   230 3150s
 48960 16978 infeasible  204               -  149.00000      -   230 3155s
 49023 16997 infeasible  204               -  149.00000      -   230 3160s
 49072 16996 infeasible  198               -  149.00000      -   231 3165s
 49137 16990  145.00000  124  329          -  149.00000      -   231 3170s
 49237 17022 infeasible  165               -  149.00000      -   231 3175s
 49387 17112  149.00000  182  377          -  149.00000      -   230 3180s
 49538 17188  146.00000  174  335          -  149.00000      -   230 3185s
 49630 17187 infeasible  115               -  149.00000      -   230 3190s
 49720 17197 infeasible  119               -  149.00000      -   230 3195s
 49873 17265 infeasible  139               -  149.00000      -   230 3200s
 50022 17337 infeasible  144               -  149.00000      -   230 3205s
 50183 17378  149.00000  138  284          -  149.00000      -   229 3210s
 50305 17394  149.00000  137  368          -  149.00000      -   229 3215s
 50430 17429  149.00000  142  349          -  149.00000      -   229 3220s
 50505 17446  149.00000  140  360          -  149.00000      -   229 3225s
 50584 17484 infeasible  124               -  149.00000      -   229 3230s
 50771 17545  149.00000  115  348          -  149.00000      -   229 3235s
 50887 17606 infeasible  101               -  149.00000      -   229 3240s
 50970 17639 infeasible  119               -  149.00000      -   229 3245s
 51010 17640 infeasible  105               -  149.00000      -   229 3256s
 51046 17648  148.00000  104  373          -  149.00000      -   229 3260s
 51148 17698  147.00000  103  357          -  149.00000      -   229 3265s
 51219 17721  149.00000   91  318          -  149.00000      -   229 3270s
 51369 17795  149.00000  103  314          -  149.00000      -   229 3275s
 51479 17821  149.00000  199  318          -  149.00000      -   229 3280s
 51582 17861  148.00000  215  384          -  149.00000      -   229 3285s
 51711 17898  148.00000  214  394          -  149.00000      -   229 3290s
 51836 17968  149.00000  202  261          -  149.00000      -   229 3295s
 51919 17998 infeasible  224               -  149.00000      -   229 3300s
 51989 18012 infeasible  223               -  149.00000      -   229 3305s
 52073 18053  147.00000  215  450          -  149.00000      -   229 3310s
 52157 18084 infeasible  215               -  149.00000      -   229 3315s
 52232 18094  149.00000  208  366          -  149.00000      -   229 3320s
 52310 18117 infeasible  116               -  149.00000      -   230 3325s
 52454 18194 infeasible  116               -  149.00000      -   229 3330s
 52542 18225 infeasible  119               -  149.00000      -   229 3335s
 52621 18252  149.00000  141  441          -  149.00000      -   229 3340s
 52710 18264  147.00000  230  446          -  149.00000      -   230 3345s
 52774 18282  149.00000  224  325          -  149.00000      -   230 3350s
 52850 18285  148.00000  178  380          -  149.00000      -   230 3355s
 52898 18290 infeasible  137               -  149.00000      -   230 3360s
 52979 18293 infeasible  140               -  149.00000      -   230 3365s
 53095 18352 infeasible  197               -  149.00000      -   230 3370s
 53168 18358 infeasible  121               -  149.00000      -   230 3375s
 53242 18396 infeasible  127               -  149.00000      -   230 3380s
 53347 18427 infeasible  223               -  149.00000      -   230 3385s
 53423 18457 infeasible  222               -  149.00000      -   231 3390s
 53499 18479  147.00000  219  420          -  149.00000      -   231 3395s
 53572 18502 infeasible  139               -  149.00000      -   231 3400s
 53685 18562  147.00000  128  339          -  149.00000      -   231 3405s
 53817 18631  145.00000  126  338          -  149.00000      -   231 3410s
 53893 18654  145.00000  145  421          -  149.00000      -   231 3415s
 53992 18707  149.00000  155  329          -  149.00000      -   231 3420s
 54093 18743  149.00000  140  294          -  149.00000      -   231 3425s
 54178 18787  147.00000  144  392          -  149.00000      -   231 3430s
 54278 18834 infeasible  179               -  149.00000      -   231 3435s
 54378 18857 infeasible  149               -  149.00000      -   231 3440s
 54487 18917  148.00000  201  330          -  149.00000      -   231 3445s
 54581 18951  148.00000  195  439          -  149.00000      -   231 3450s
 54682 18964  148.00000  203  330          -  149.00000      -   231 3455s
 54775 18985  148.00000  209  303          -  149.00000      -   231 3460s
 54894 19029 infeasible  232               -  149.00000      -   231 3465s
 54980 19038  147.00000  213  410          -  149.00000      -   231 3470s
 55044 19048  147.00000  138  336          -  149.00000      -   231 3475s
 55164 19088 infeasible  215               -  149.00000      -   231 3480s
 55258 19114 infeasible  141               -  149.00000      -   231 3485s
 55370 19156  148.00000  124  308          -  149.00000      -   231 3490s
 55436 19178 infeasible  132               -  149.00000      -   231 3495s
 55517 19203 infeasible  127               -  149.00000      -   232 3500s
 55669 19270  148.00000  218  352          -  149.00000      -   231 3505s
 55762 19310  147.00000  172  371          -  149.00000      -   231 3510s
 55844 19342 infeasible  119               -  149.00000      -   231 3515s
 55914 19354 infeasible  108               -  149.00000      -   232 3520s
 56045 19389 infeasible  133               -  149.00000      -   232 3525s
 56111 19395  147.00000   89  315          -  149.00000      -   232 3537s
 56171 19419 infeasible   98               -  149.00000      -   232 3540s
 56241 19450  149.00000  104  407          -  149.00000      -   232 3545s
 56407 19533 infeasible  102               -  149.00000      -   231 3550s
 56520 19591 infeasible  144               -  149.00000      -   232 3555s
 56640 19639  148.85507  136  353          -  149.00000      -   231 3560s
 56797 19697  149.00000   92  455          -  149.00000      -   231 3565s
 56897 19754  147.00000  121  293          -  149.00000      -   231 3570s
 57064 19841  147.00000  161  416          -  149.00000      -   231 3575s
 57158 19867 infeasible  181               -  149.00000      -   231 3580s
 57292 19922  147.00000  119  430          -  149.00000      -   231 3585s
 57414 19988 infeasible  215               -  149.00000      -   231 3590s
 57525 20023  148.00000  143  366          -  149.00000      -   231 3595s

Cutting planes:
  Gomory: 10
  Cover: 406
  Implied bound: 35
  Clique: 58
  MIR: 65
  StrongCG: 41
  Flow cover: 211
  GUB cover: 6
  Zero half: 61
  RLT: 1
  Relax-and-lift: 46

Explored 57627 nodes (13352353 simplex iterations) in 3600.01 seconds (2965.86 work units)
Thread count was 1 (of 8 available processors)

Solution count 0

Time limit reached
Best objective -, best bound 1.490000000000e+02, gap -
