
Gurobi 11.0.1 (win64) logging started Mon Mar 25 13:53:28 2024

Set parameter LogFile to value "C:\Projetos\Job_Rotation_Algorithms\Outputs\GurobiLogs\gurobi_log-output-56_ton-c37-BorbaRittModel-NoExtraConstraint-2.log"
Gurobi Optimizer version 11.0.1 build v11.0.1rc0 (win64 - Windows 10.0 (19045.2))

CPU model: 11th Gen Intel(R) Core(TM) i7-1165G7 @ 2.80GHz, instruction set [SSE2|AVX|AVX2|AVX512]
Thread count: 4 physical cores, 8 logical processors, using up to 1 threads

WLS license 901039 - registered to Bitka Analytics
Optimize a model with 36861 rows, 3276 columns and 113462 nonzeros
Model fingerprint: 0x6c3606df
Variable types: 2 continuous, 3274 integer (3274 binary)
Coefficient statistics:
  Matrix range     [1e+00, 2e+02]
  Objective range  [1e+00, 1e+00]
  Bounds range     [1e+00, 7e+01]
  RHS range        [1e+00, 7e+01]
Presolve removed 7317 rows and 403 columns
Presolve time: 0.30s
Presolved: 29544 rows, 2873 columns, 90976 nonzeros
Variable types: 0 continuous, 2873 integer (2872 binary)
Root relaxation presolved: 2873 rows, 32417 columns, 93849 nonzeros


Root relaxation: objective 1.400000e+02, 1937 iterations, 0.13 seconds (0.16 work units)

    Nodes    |    Current Node    |     Objective Bounds      |     Work
 Expl Unexpl |  Obj  Depth IntInf | Incumbent    BestBd   Gap | It/Node Time

     0     0  140.00000    0  646          -  140.00000      -     -    3s
     0     0  140.00000    0  780          -  140.00000      -     -    4s
     0     0  140.00000    0  757          -  140.00000      -     -    4s
     0     0  140.00000    0  457          -  140.00000      -     -    8s
     0     0  140.00000    0  404          -  140.00000      -     -    8s
     0     0  140.00000    0  759          -  140.00000      -     -   14s
     0     0  140.00000    0  697          -  140.00000      -     -   14s
     0     0  140.00000    0  731          -  140.00000      -     -   21s
     0     0  140.00000    0  683          -  140.00000      -     -   21s
     0     0  140.00000    0  713          -  140.00000      -     -   26s
     0     0  140.00000    0  612          -  140.00000      -     -   26s
     0     0  140.00000    0  634          -  140.00000      -     -   30s
     0     0  140.00000    0  633          -  140.00000      -     -   35s
     0     2  140.00000    0  533          -  140.00000      -     -   46s
    37    39  140.00000   22  515          -  140.00000      -   629   50s
    76    78  140.00000   44  485          -  140.00000      -   623   55s
   142   132  140.00000   22  777          -  140.00000      -   532   61s
   176   166  140.00000   44  616          -  140.00000      -   521   65s
   206   184  140.00000   15  500          -  140.00000      -   542   70s
   279   251  140.00000   68  435          -  140.00000      -   477   75s
   342   291  140.00000   12  449          -  140.00000      -   460   80s
   415   356  140.00000   33  503          -  140.00000      -   436   85s
   502   425  140.00000   28  509          -  140.00000      -   407   90s
   553   459  140.00000   36  499          -  140.00000      -   411   95s
   572   476  140.00000   31  484          -  140.00000      -   402  101s
   573   477  140.00000   39  549          -  140.00000      -   401  109s
   574   478  140.00000   35  595          -  140.00000      -   401  111s
   575   478  140.00000   42  582          -  140.00000      -   400  118s
   576   479  140.00000   67  666          -  140.00000      -   399  121s
   577   480  140.00000   32  653          -  140.00000      -   399  129s
   578   480  140.00000   31  625          -  140.00000      -   398  131s
   579   481  140.00000   45  496          -  140.00000      -   397  135s
   581   482  140.00000   40  712          -  140.00000      -   396  144s
   582   483  140.00000   33  658          -  140.00000      -   395  145s
   583   484  140.00000   64  662          -  140.00000      -   395  150s
   585   485  140.00000   59  497          -  140.00000      -   393  157s
   587   486  140.00000   23  719          -  140.00000      -   392  166s
   589   488  140.00000   16  463          -  140.00000      -   391  172s
   591   489  140.00000   33  563          -  140.00000      -   389  180s
   593   490  140.00000   25  563          -  140.00000      -   388  187s
   594   493  140.00000   10  325          -  140.00000      -   318  193s
   606   501  140.00000   16  358          -  140.00000      -   313  222s
   633   519  140.00000   29  469          -  140.00000      -   312  225s
   668   536  140.00000   47  529          -  140.00000      -   328  230s
   697   546  140.00000   22  448          -  140.00000      -   341  235s
   729   557  140.00000   15  416          -  140.00000      -   348  240s
   768   581  140.00000   35  383          -  140.00000      -   352  245s
   813   597  140.00000   57  396          -  140.00000      -   357  250s
   849   603  140.00000   22  398          -  140.00000      -   367  255s
   889   630  140.00000   42  469          -  140.00000      -   374  260s
   934   654 infeasible   64               -  140.00000      -   379  265s
   974   676  140.00000   40  556          -  140.00000      -   387  270s
  1006   692 infeasible   56               -  140.00000      -   395  275s
  1043   708  140.00000   38  381          -  140.00000      -   402  280s
  1083   733  140.00000   58  533          -  140.00000      -   406  285s
  1105   738  140.00000   66  407          -  140.00000      -   416  290s
  1135   746  140.00000   31  471          -  140.00000      -   424  295s
  1187   778  140.00000   57  449          -  140.00000      -   427  300s
  1211   780  140.00000   63  487          -  140.00000      -   438  305s
  1234   782 infeasible   73               -  140.00000      -   446  310s
  1257   783  140.00000   19  375          -  140.00000      -   453  315s
  1298   798 infeasible   40               -  140.00000      -   455  320s
  1353   823  140.00000   44  450          -  140.00000      -   450  325s
  1392   819 infeasible   61               -  140.00000      -   453  330s
  1444   840  140.00000   41  406          -  140.00000      -   450  335s
  1487   852  140.00000   33  461          -  140.00000      -   450  340s
  1537   884  140.00000   51  366          -  140.00000      -   449  345s
  1578   893  140.00000   32  495          -  140.00000      -   450  350s
  1621   912  140.00000   13  357          -  140.00000      -   450  355s
  1661   938  140.00000   28  502          -  140.00000      -   449  360s
  1698   961  140.00000   45  482          -  140.00000      -   450  365s
  1740   987  140.00000   69  643          -  140.00000      -   450  370s
  1762   998 infeasible   83               -  140.00000      -   453  375s
  1798  1010  140.00000   40  417          -  140.00000      -   453  380s
  1846  1040  140.00000   62  489          -  140.00000      -   452  385s
  1887  1057  140.00000   34  485          -  140.00000      -   455  390s
  1939  1090  140.00000   64  374          -  140.00000      -   455  395s
  1989  1101  140.00000   27  473          -  140.00000      -   456  400s
  2047  1140  140.00000   58  395          -  140.00000      -   455  405s
  2087  1154  140.00000   28  377          -  140.00000      -   459  410s
  2143  1210  140.00000   57  491          -  140.00000      -   458  415s
  2187  1232 infeasible   76               -  140.00000      -   461  420s
  2240  1279  140.00000   60  405          -  140.00000      -   460  425s
  2299  1326  140.00000   53  462          -  140.00000      -   457  430s
  2332  1333 infeasible   65               -  140.00000      -   461  435s
  2368  1349 infeasible   43               -  140.00000      -   465  440s
  2409  1374  140.00000   42  484          -  140.00000      -   466  445s
  2455  1420  140.00000   66  455          -  140.00000      -   466  450s
  2498  1459  140.00000   84  606          -  140.00000      -   470  455s
  2544  1481 infeasible   75               -  140.00000      -   471  460s
  2582  1505 infeasible   56               -  140.00000      -   473  465s
  2606  1515  140.00000   45  375          -  140.00000      -   477  470s
  2655  1550  140.00000   43  492          -  140.00000      -   478  475s
  2685  1564 infeasible   54               -  140.00000      -   482  480s
  2733  1606  140.00000   39  458          -  140.00000      -   480  485s
  2781  1652  140.00000   65  446          -  140.00000      -   481  490s
  2814  1663  139.00000   17  460          -  140.00000      -   486  495s
  2878  1727  140.00000   52  547          -  140.00000      -   482  500s
  2919  1756  140.00000   32  451          -  140.00000      -   482  505s
  2956  1781  140.00000   49  480          -  140.00000      -   484  510s
  3002  1817  140.00000   36  470          -  140.00000      -   485  515s
  3055  1870  140.00000   72  453          -  140.00000      -   483  520s
  3084  1895 infeasible   80               -  140.00000      -   485  525s
  3134  1909  140.00000   51  409          -  140.00000      -   484  530s
  3189  1964  140.00000   71  433          -  140.00000      -   482  535s
  3226  1993  139.87234   94  496          -  140.00000      -   482  540s
  3244  1997  139.00000   40  650          -  140.00000      -   486  545s
  3279  2020  139.00000   57  442          -  140.00000      -   487  550s
  3308  2031  139.00000   41  456          -  140.00000      -   490  555s
  3364  2085  139.00000   63  469          -  140.00000      -   489  560s
  3401  2098  139.00000   30  540          -  140.00000      -   491  565s
  3436  2127  139.00000   55  485          -  140.00000      -   492  570s
  3460  2135 infeasible   37               -  140.00000      -   494  575s
  3490  2157  139.00000   46  566          -  140.00000      -   496  580s
  3518  2175  139.00000   63  444          -  140.00000      -   497  616s
  3542  2191  139.00000   53  455          -  140.00000      -   498  620s
  3585  2214  139.00000   64  424          -  140.00000      -   498  625s
  3635  2244 infeasible   52               -  140.00000      -   499  630s
  3676  2279  139.00000   76  509          -  140.00000      -   500  635s
  3707  2290  139.00000   36  455          -  140.00000      -   502  640s
  3768  2345  139.00000   70  435          -  140.00000      -   499  645s
  3800  2353  139.00000   37  646          -  140.00000      -   501  650s
  3840  2389  139.00000   57  513          -  140.00000      -   501  655s
  3871  2410  139.00000   50  469          -  140.00000      -   503  660s
  3912  2439 infeasible   71               -  140.00000      -   504  665s
  3969  2494 infeasible   74               -  140.00000      -   502  670s
  4013  2516  139.00000   42  476          -  140.00000      -   503  675s
  4067  2570  139.00000   74  495          -  140.00000      -   501  680s
  4107  2588  139.00000   38  561          -  140.00000      -   503  685s
  4158  2623 infeasible   64               -  140.00000      -   502  690s
  4200  2657 infeasible   52               -  140.00000      -   502  695s
  4235  2670  139.00000   64  482          -  140.00000      -   504  700s
  4277  2684  139.00000   60  503          -  140.00000      -   504  705s
  4318  2705  139.00000   59  495          -  140.00000      -   504  710s
  4361  2724  139.00000   68  434          -  140.00000      -   504  715s
  4400  2755  139.00000   84  404          -  140.00000      -   504  720s
  4450  2795 infeasible   98               -  140.00000      -   504  725s
  4474  2789  139.87234   59  492          -  140.00000      -   507  730s
  4500  2801 infeasible   52               -  140.00000      -   509  735s
  4547  2832 infeasible   78               -  140.00000      -   509  740s
  4581  2846 infeasible   56               -  140.00000      -   510  745s
  4608  2871  139.00000   52  420          -  140.00000      -   510  750s
  4639  2888  139.00000   47  504          -  140.00000      -   510  755s
  4666  2905  139.00000   45  502          -  140.00000      -   511  760s
  4703  2926  139.00000   46  438          -  140.00000      -   511  765s
  4762  2965  140.00000   31  520          -  140.00000      -   510  770s
  4836  3035  140.00000   97  449          -  140.00000      -   505  775s
  4903  3086  140.00000   66  431          -  140.00000      -   503  780s
  4962  3123 infeasible   89               -  140.00000      -   501  785s
  5029  3182  140.00000   72  480          -  140.00000      -   498  790s
  5069  3210  140.00000   96  388          -  140.00000      -   500  795s
  5108  3239  140.00000   47  522          -  140.00000      -   500  800s
  5155  3284  140.00000   89  523          -  140.00000      -   498  805s
  5191  3306  140.00000   38  541          -  140.00000      -   498  810s
  5238  3349  140.00000   76  470          -  140.00000      -   498  815s
  5291  3392  140.00000   62  420          -  140.00000      -   496  820s
  5333  3434  139.00000   85  496          -  140.00000      -   496  825s
  5342  3439 infeasible   91               -  140.00000      -   499  831s
  5356  3439  140.00000   94  527          -  140.00000      -   501  835s
  5373  3446 infeasible   31               -  140.00000      -   503  840s
  5408  3467  140.00000   51  523          -  140.00000      -   504  845s
  5448  3489 infeasible   45               -  140.00000      -   505  850s
  5522  3557 infeasible   82               -  140.00000      -   502  855s
  5581  3596  140.00000   53  497          -  140.00000      -   501  860s
  5650  3643  140.00000   48  397          -  140.00000      -   500  865s
  5702  3681  140.00000   70  376          -  140.00000      -   499  870s
  5760  3723  140.00000   65  439          -  140.00000      -   498  875s
  5813  3764  140.00000   49  400          -  140.00000      -   496  880s
  5864  3793 infeasible   78               -  140.00000      -   496  885s
  5900  3805 infeasible   47               -  140.00000      -   497  890s
  5946  3839  140.00000   66  434          -  140.00000      -   497  895s
  6008  3879  140.00000   54  378          -  140.00000      -   496  900s
  6056  3921  140.00000   76  438          -  140.00000      -   496  905s
  6094  3955  140.00000   96  413          -  140.00000      -   496  910s
  6135  3980  140.00000   52  500          -  140.00000      -   496  915s
  6181  4016  140.00000   47  396          -  140.00000      -   496  920s
  6233  4042  140.00000   41  514          -  140.00000      -   496  925s
  6281  4088  139.00000   67  512          -  140.00000      -   496  930s
  6301  4098 infeasible   75               -  140.00000      -   497  935s
  6333  4124  139.00000   53  481          -  140.00000      -   498  940s
  6366  4137  139.00000   70  438          -  140.00000      -   498  945s
  6408  4165  140.00000   61  522          -  140.00000      -   498  950s
  6463  4210  140.00000   56  435          -  140.00000      -   497  955s
  6520  4251 infeasible   91               -  140.00000      -   496  960s
  6586  4305  140.00000   75  397          -  140.00000      -   494  965s
  6654  4335 infeasible   68               -  140.00000      -   493  970s
  6705  4362  140.00000   68  427          -  140.00000      -   494  975s
  6745  4382 infeasible   92               -  140.00000      -   494  980s
  6798  4415  138.00000   69  378          -  140.00000      -   494  985s
  6839  4440  140.00000   71  404          -  140.00000      -   494  990s
  6859  4444  139.99632   77  581          -  140.00000      -   496  995s
  6893  4464 infeasible   71               -  140.00000      -   497 1001s
  6911  4474  140.00000   59  399          -  140.00000      -   498 1005s
  6952  4507 infeasible   85               -  140.00000      -   498 1010s
  7006  4543  140.00000   75  413          -  140.00000      -   497 1015s
  7019  4544  139.00000   26  571          -  140.00000      -   499 1021s
  7081  4606  139.00000   63  420          -  140.00000      -   497 1025s
  7136  4649  139.00000   53  450          -  140.00000      -   497 1030s
  7175  4686  139.00000   76  481          -  140.00000      -   497 1035s
  7234  4727  140.00000   58  392          -  140.00000      -   496 1040s
  7296  4775 infeasible   93               -  140.00000      -   496 1045s
  7329  4794  140.00000  111  433          -  140.00000      -   497 1050s
  7361  4806  140.00000   54  496          -  140.00000      -   497 1055s
  7410  4843  140.00000   83  405          -  140.00000      -   497 1060s
  7471  4880  140.00000   76  366          -  140.00000      -   497 1065s
  7521  4910  140.00000   76  426          -  140.00000      -   497 1070s
  7583  4948  139.00000   58  516          -  140.00000      -   496 1075s
  7628  4981 infeasible   82               -  140.00000      -   496 1080s
  7684  5019  139.00000   72  435          -  140.00000      -   495 1085s
  7737  5042  140.00000   47  522          -  140.00000      -   495 1090s
  7793  5096  140.00000   82  452          -  140.00000      -   494 1095s
  7853  5134  139.00000   56  364          -  140.00000      -   494 1100s
  7899  5174  139.00000   83  447          -  140.00000      -   494 1105s
  7966  5223 infeasible   76               -  140.00000      -   493 1110s
  8015  5248  140.00000   60  515          -  140.00000      -   493 1115s
  8077  5292 infeasible   57               -  140.00000      -   492 1120s
  8139  5326  140.00000   50  468          -  140.00000      -   492 1125s
  8215  5378  140.00000   44  336          -  140.00000      -   490 1130s
  8258  5399 infeasible   64               -  140.00000      -   491 1135s
  8305  5446  140.00000   75  488          -  140.00000      -   490 1163s
  8318  5445 infeasible   78               -  140.00000      -   490 1165s
  8380  5481 infeasible   59               -  140.00000      -   489 1170s
  8447  5524  140.00000   56  454          -  140.00000      -   488 1175s
  8503  5570 infeasible   94               -  140.00000      -   488 1180s
  8561  5620  140.00000   66  422          -  140.00000      -   487 1185s
  8614  5657  140.00000   36  470          -  140.00000      -   487 1190s
  8655  5686 infeasible   63               -  140.00000      -   487 1195s
  8696  5709 infeasible   85               -  140.00000      -   488 1200s
  8763  5722  140.00000   43  419          -  140.00000      -   488 1205s
  8832  5777  140.00000   55  378          -  140.00000      -   487 1210s
  8901  5820  140.00000   91  433          -  140.00000      -   486 1215s
  8964  5871  140.00000   69  455          -  140.00000      -   486 1220s
  8998  5885  140.00000   45  504          -  140.00000      -   487 1225s
  9040  5901  140.00000   40  436          -  140.00000      -   488 1230s
  9080  5919 infeasible   49               -  140.00000      -   488 1235s
  9155  5984  140.00000   47  441          -  140.00000      -   487 1240s
  9226  6041  139.00000   67  472          -  140.00000      -   487 1245s
  9282  6081  139.00000   97  406          -  140.00000      -   487 1250s
  9305  6092  138.00000  103  530          -  140.00000      -   489 1255s
  9339  6112  140.00000   41  517          -  140.00000      -   489 1260s
  9405  6164  139.00000   54  551          -  140.00000      -   488 1265s
  9427  6174 infeasible   68               -  140.00000      -   490 1270s
  9489  6220 infeasible   91               -  140.00000      -   489 1275s
  9541  6262  140.00000   52  495          -  140.00000      -   489 1280s
  9579  6286 infeasible   69               -  140.00000      -   489 1285s
  9622  6307  140.00000   39  529          -  140.00000      -   490 1290s
  9643  6328  140.00000   50  395          -  140.00000      -   491 1295s
  9660  6335 infeasible   57               -  140.00000      -   493 1300s
  9709  6374  140.00000   52  480          -  140.00000      -   492 1305s
  9749  6408 infeasible   76               -  140.00000      -   492 1310s
  9766  6411 infeasible   81               -  140.00000      -   494 1315s
  9843  6474  140.00000   35  485          -  140.00000      -   492 1320s
  9890  6509 infeasible   66               -  140.00000      -   493 1325s
  9931  6548  139.00000   58  658          -  140.00000      -   493 1331s
  9967  6578 infeasible   85               -  140.00000      -   493 1335s
 10016  6611  140.00000   56  418          -  140.00000      -   492 1340s
 10053  6632 infeasible   81               -  140.00000      -   493 1345s
 10112  6687 infeasible   70               -  140.00000      -   492 1351s
 10137  6698  140.00000   26  488          -  140.00000      -   493 1355s
 10162  6723  139.00000   47  517          -  140.00000      -   494 1360s
 10202  6761  139.00000   77  454          -  140.00000      -   493 1528s
 10218  6769  139.00000   84  425          -  140.00000      -   494 1530s
 10262  6801  140.00000   78  439          -  140.00000      -   494 1535s
 10302  6821 infeasible   97               -  140.00000      -   495 1540s
 10336  6849  140.00000   50  481          -  140.00000      -   495 1545s
 10367  6878  140.00000   80  556          -  140.00000      -   494 1550s
 10385  6894  140.00000   93  521          -  140.00000      -   495 1555s
 10401  6904 infeasible  102               -  140.00000      -   497 1560s
 10417  6910 infeasible  112               -  140.00000      -   499 1569s
 10422  6909  138.00000  110  454          -  140.00000      -   499 1570s
 10477  6958  140.00000   63  497          -  140.00000      -   498 1575s
 10521  6988  140.00000   38  468          -  140.00000      -   499 1580s
 10548  6993 infeasible   53               -  140.00000      -   499 1585s
 10592  7031  140.00000   63  456          -  140.00000      -   499 1590s
 10607  7034  140.00000   28  487          -  140.00000      -   500 1595s
 10635  7054  140.00000   31  540          -  140.00000      -   501 1600s
 10658  7075 infeasible   51               -  140.00000      -   502 1606s
 10686  7093  140.00000   45  505          -  140.00000      -   502 1610s
 10708  7115  140.00000   66  649          -  140.00000      -   502 1615s
 10721  7126  138.00000   76  637          -  140.00000      -   503 1620s
 10744  7137  138.00000   87  462          -  140.00000      -   503 1625s
 10770  7145  138.00000   95  461          -  140.00000      -   504 1630s
 10807  7168  140.00000   55  551          -  140.00000      -   505 1635s
 10843  7204  140.00000   85  490          -  140.00000      -   505 1640s
 10870  7225 infeasible  103               -  140.00000      -   506 1645s
 10909  7256  140.00000   52  452          -  140.00000      -   506 1650s
 10946  7291 infeasible   83               -  140.00000      -   506 1655s
 10979  7312 infeasible   52               -  140.00000      -   507 1660s
 11004  7321  140.00000   23  510          -  140.00000      -   508 1665s
 11057  7374  140.00000   75  618          -  140.00000      -   507 1670s
 11087  7402 infeasible   97               -  140.00000      -   507 1675s
 11094  7401 infeasible   97               -  140.00000      -   509 1680s
 11105  7402  139.00000   99  594          -  140.00000      -   510 1685s
 11128  7417  140.00000   39  608          -  140.00000      -   511 1690s
 11153  7442  138.00000   55  471          -  140.00000      -   512 1695s
 11199  7472  140.00000   37  519          -  140.00000      -   512 1700s
 11249  7512 infeasible   78               -  140.00000      -   511 1705s
 11309  7568  140.00000   61  473          -  140.00000      -   511 1710s
 11344  7601  140.00000   85  448          -  140.00000      -   511 1715s
 11386  7631  140.00000   99  465          -  140.00000      -   512 1720s
 11402  7631  140.00000   24  522          -  140.00000      -   513 1725s
 11443  7672  140.00000   59  481          -  140.00000      -   513 1730s
 11475  7696 infeasible   75               -  140.00000      -   513 1735s
 11514  7713  140.00000   84  376          -  140.00000      -   514 1740s
 11540  7719  139.00000   83  418          -  140.00000      -   515 1745s
 11571  7722 infeasible   80               -  140.00000      -   516 1750s
 11572  7723  137.00000   80  487          -  140.00000      -   516 1799s
 11579  7720 infeasible   78               -  140.00000      -   516 1800s
 11615  7742  140.00000   48  458          -  140.00000      -   516 1805s
 11648  7755  140.00000   32  468          -  140.00000      -   517 1810s
 11706  7803  140.00000   32  463          -  140.00000      -   516 1815s
 11759  7852  139.94737   70  582          -  140.00000      -   516 1820s
 11780  7863 infeasible   74               -  140.00000      -   517 1825s
 11808  7881  140.00000   46  514          -  140.00000      -   517 1830s
 11825  7878  140.00000   34  531          -  140.00000      -   519 1835s
 11861  7900  140.00000   29  532          -  140.00000      -   519 1840s
 11914  7951 infeasible   73               -  140.00000      -   518 1845s
 11945  7982  140.00000   98  564          -  140.00000      -   518 1850s
 11963  7994  140.00000  112  483          -  140.00000      -   519 1855s
 12009  8032  140.00000   72  483          -  140.00000      -   518 1860s
 12053  8058  138.00000   74  516          -  140.00000      -   518 1865s
 12105  8086  140.00000   59  444          -  140.00000      -   518 1870s
 12138  8101 infeasible   58               -  140.00000      -   519 1875s
 12183  8134 infeasible   95               -  140.00000      -   519 1880s
 12209  8144  139.00000   50  639          -  140.00000      -   520 1885s
 12249  8170 infeasible   59               -  140.00000      -   520 1890s
 12278  8185  140.00000   42  555          -  140.00000      -   520 1895s
 12316  8201  140.00000   54  477          -  140.00000      -   521 1900s
 12345  8208  139.00000   81  337          -  140.00000      -   521 1905s
 12398  8231  140.00000   80  424          -  140.00000      -   521 1910s
 12436  8243  140.00000   57  405          -  140.00000      -   522 1915s
 12477  8262  140.00000   51  527          -  140.00000      -   522 1920s
 12507  8274  140.00000   58  405          -  140.00000      -   523 1925s
 12550  8293  140.00000   35  428          -  140.00000      -   523 1930s
 12605  8346  140.00000   84  459          -  140.00000      -   522 1935s
 12634  8369 infeasible  102               -  140.00000      -   522 1940s
 12664  8363 infeasible   63               -  140.00000      -   523 1945s
 12713  8404  140.00000   68  522          -  140.00000      -   523 1950s
 12768  8445  140.00000   69  512          -  140.00000      -   523 1955s
 12814  8491  140.00000   92  480          -  140.00000      -   523 1960s
 12846  8511  140.00000  101  504          -  140.00000      -   524 1965s
 12874  8525  140.00000   57  469          -  140.00000      -   524 1970s
 12919  8546  140.00000   55  478          -  140.00000      -   524 1975s
 12971  8582 infeasible   89               -  140.00000      -   524 1980s
 13017  8616  139.00000   72  498          -  140.00000      -   524 1985s
 13059  8648  140.00000   70  435          -  140.00000      -   524 1990s
 13114  8701  140.00000   94  387          -  140.00000      -   524 1995s
 13153  8726 infeasible  110               -  140.00000      -   525 2000s
 13205  8768  140.00000   69  379          -  140.00000      -   525 2005s
 13253  8800 infeasible   68               -  140.00000      -   525 2010s
 13296  8823 infeasible   70               -  140.00000      -   525 2015s
 13377  8894  140.00000   93  414          -  140.00000      -   524 2020s
 13416  8907  140.00000   48  445          -  140.00000      -   525 2025s
 13465  8930  140.00000   56  607          -  140.00000      -   525 2030s
 13515  8974  140.00000   84  539          -  140.00000      -   525 2035s
 13588  9025  140.00000   59  448          -  140.00000      -   524 2040s
 13636  9067 infeasible   80               -  140.00000      -   524 2045s
 13664  9071  139.00000   46  467          -  140.00000      -   525 2050s
 13704  9103 infeasible   75               -  140.00000      -   525 2055s
 13756  9147 infeasible   80               -  140.00000      -   525 2060s
 13799  9182 infeasible   97               -  140.00000      -   526 2065s
 13822  9189  140.00000   48  480          -  140.00000      -   526 2070s
 13871  9234 infeasible   79               -  140.00000      -   526 2075s
 13923  9272  140.00000   69  430          -  140.00000      -   526 2080s
 13952  9295 infeasible   84               -  140.00000      -   527 2085s
 13996  9323  140.00000   69  498          -  140.00000      -   527 2090s
 14045  9346  140.00000   70  403          -  140.00000      -   527 2095s
 14091  9364  140.00000   52  409          -  140.00000      -   528 2100s
 14145  9408 infeasible   65               -  140.00000      -   528 2105s
 14197  9434  140.00000   64  457          -  140.00000      -   528 2110s
 14264  9491  140.00000  105  364          -  140.00000      -   527 2115s
 14325  9528  140.00000   69  512          -  140.00000      -   527 2120s
 14359  9546  140.00000   41  455          -  140.00000      -   528 2125s
 14425  9598  140.00000   47  430          -  140.00000      -   527 2130s
 14484  9653 infeasible   87               -  140.00000      -   527 2135s
 14532  9679  140.00000   62  479          -  140.00000      -   527 2140s
 14579  9720  140.00000   88  410          -  140.00000      -   528 2145s
 14614  9743 infeasible  103               -  140.00000      -   528 2150s
 14661  9778  140.00000   77  447          -  140.00000      -   529 2155s
 14704  9799  140.00000   26  513          -  140.00000      -   529 2160s
 14734  9815  140.00000   44  480          -  140.00000      -   529 2165s
 14772  9829  139.00000   45  500          -  140.00000      -   530 2170s
 14820  9875 infeasible   84               -  140.00000      -   530 2175s
 14830  9875  138.00000   87  527          -  140.00000      -   530 2180s
 14858  9891  140.00000   39  503          -  140.00000      -   531 2185s
 14904  9929  140.00000   41  553          -  140.00000      -   531 2190s
 14939  9962  140.00000   64  521          -  140.00000      -   531 2195s
 14967  9972  140.00000   77  535          -  140.00000      -   532 2200s
 14996  9975 infeasible   69               -  140.00000      -   533 2205s
 15057 10012  140.00000   78  424          -  140.00000      -   532 2210s
 15115 10060 infeasible   82               -  140.00000      -   532 2215s
 15140 10071  140.00000   45  479          -  140.00000      -   533 2220s
 15176 10091  140.00000   67  497          -  140.00000      -   533 2225s
 15201 10096  140.00000   71  435          -  140.00000      -   534 2230s
 15244 10103  140.00000   72  506          -  140.00000      -   534 2235s
 15276 10117 infeasible   75               -  140.00000      -   535 2240s
 15312 10135  140.00000   78  439          -  140.00000      -   535 2245s
 15337 10136  140.00000   25  600          -  140.00000      -   536 2250s
 15383 10172  139.00000   47  456          -  140.00000      -   535 2255s
 15446 10225  140.00000   29  394          -  140.00000      -   535 2260s
 15509 10268  140.00000   53  476          -  140.00000      -   534 2265s
 15551 10292 infeasible   85               -  140.00000      -   534 2270s
 15596 10319 infeasible   83               -  140.00000      -   534 2275s
 15622 10333 infeasible   88               -  140.00000      -   535 2280s
 15629 10330 infeasible   88               -  140.00000      -   536 2285s
 15691 10376  140.00000   71  440          -  140.00000      -   535 2290s
 15726 10383  140.00000   85  422          -  140.00000      -   536 2295s
 15739 10376 infeasible   96               -  140.00000      -   536 2300s
 15782 10417 infeasible   71               -  140.00000      -   536 2305s
 15809 10426  140.00000   54  428          -  140.00000      -   537 2310s
 15861 10460  140.00000   64  428          -  140.00000      -   537 2315s
 15906 10481  140.00000   49  465          -  140.00000      -   537 2320s
 15958 10519  139.00000  104  389          -  140.00000      -   537 2325s
 15987 10530  140.00000   99  452          -  140.00000      -   538 2330s
 16028 10535 infeasible  100               -  140.00000      -   538 2335s
 16082 10545  140.00000   65  438          -  140.00000      -   538 2340s
 16133 10568 infeasible   83               -  140.00000      -   538 2345s
 16179 10592  140.00000   85  421          -  140.00000      -   538 2350s
 16226 10607 infeasible   62               -  140.00000      -   539 2355s
 16274 10647  140.00000   49  476          -  140.00000      -   538 2360s
 16332 10693  140.00000   75  346          -  140.00000      -   538 2365s
 16387 10734  140.00000  100  405          -  140.00000      -   538 2370s
 16413 10736 infeasible   88               -  140.00000      -   539 2375s
 16468 10781  140.00000   75  442          -  140.00000      -   539 2380s
 16493 10784 infeasible   81               -  140.00000      -   539 2386s
 16532 10809  140.00000   51  496          -  140.00000      -   539 2390s
 16557 10818  140.00000   75  529          -  140.00000      -   540 2395s
 16610 10833  140.00000   85  505          -  140.00000      -   540 2400s
 16652 10847 infeasible   91               -  140.00000      -   540 2405s
 16670 10853 infeasible   97               -  140.00000      -   541 2410s
 16734 10909 infeasible   89               -  140.00000      -   541 2415s
 16761 10926  140.00000   97  398          -  140.00000      -   542 2420s
 16783 10928  140.00000   82  417          -  140.00000      -   542 2425s
 16830 10963 infeasible  101               -  140.00000      -   543 2430s
 16851 10960 infeasible   97               -  140.00000      -   544 2435s
 16872 10953 infeasible   87               -  140.00000      -   545 2440s
 16895 10956  140.00000   40  612          -  140.00000      -   545 2445s
 16954 10999 infeasible   75               -  140.00000      -   545 2450s
 16991 11006  139.00000   77  484          -  140.00000      -   545 2455s
 17026 11033  139.00000   97  511          -  140.00000      -   546 2460s
 17052 11039  140.00000   62  601          -  140.00000      -   546 2465s
 17074 11045 infeasible   68               -  140.00000      -   547 2470s
 17098 11053 infeasible   72               -  140.00000      -   547 2475s
 17120 11061  138.00000   71  552          -  140.00000      -   548 2480s
 17136 11061  139.00000   64  522          -  140.00000      -   548 2485s
 17166 11077  140.00000   51  491          -  140.00000      -   549 2490s
 17194 11091  140.00000   45  517          -  140.00000      -   549 2495s
 17247 11128  139.00000   69  434          -  140.00000      -   549 2500s
 17287 11144  140.00000   69  533          -  140.00000      -   549 2505s
 17332 11171 infeasible   86               -  140.00000      -   549 2510s
 17368 11189  140.00000   71  444          -  140.00000      -   549 2515s
 17427 11234  140.00000   48  467          -  140.00000      -   549 2520s
 17479 11280  140.00000   84  554          -  140.00000      -   549 2525s
 17524 11319  140.00000   97  490          -  140.00000      -   549 2530s
 17550 11329 infeasible  110               -  140.00000      -   549 2535s
 17590 11353 infeasible   47               -  140.00000      -   549 2540s
 17628 11367 infeasible   97               -  140.00000      -   550 2545s
 17685 11398 infeasible   97               -  140.00000      -   549 2550s
 17729 11406 infeasible   91               -  140.00000      -   550 2555s
 17787 11430  140.00000   96  455          -  140.00000      -   550 2560s
 17837 11444  140.00000   86  439          -  140.00000      -   550 2565s
 17891 11482  140.00000   58  602          -  140.00000      -   550 2570s
 17947 11530  140.00000   65  434          -  140.00000      -   549 2575s
 18022 11583 infeasible  101               -  140.00000      -   549 2580s
 18089 11638 infeasible   76               -  140.00000      -   548 2585s
 18140 11687  140.00000  110  494          -  140.00000      -   548 2590s
 18154 11683 infeasible  112               -  140.00000      -   549 2595s
 18211 11726 infeasible   76               -  140.00000      -   549 2600s
 18271 11778  140.00000   98  394          -  140.00000      -   548 2605s
 18292 11795  140.00000  111  462          -  140.00000      -   548 2630s
 18300 11795 infeasible  110               -  140.00000      -   549 2635s
 18365 11840  140.00000  100  383          -  140.00000      -   549 2640s
 18399 11850  140.00000   76  385          -  140.00000      -   549 2645s
 18462 11897  139.00000   87  403          -  140.00000      -   549 2650s
 18488 11909  138.00000  102  533          -  140.00000      -   550 2655s
 18547 11952  140.00000  101  439          -  140.00000      -   549 2660s
 18608 11999  140.00000   78  480          -  140.00000      -   549 2665s
 18650 12029  140.00000   82  484          -  140.00000      -   549 2670s
 18684 12031 infeasible   96               -  140.00000      -   550 2675s
 18730 12061  140.00000  100  456          -  140.00000      -   550 2680s
 18797 12112  140.00000   88  367          -  140.00000      -   549 2685s
 18870 12157 infeasible   94               -  140.00000      -   549 2690s
 18916 12191  140.00000  112  495          -  140.00000      -   549 2695s
 18965 12222  139.88889   72  550          -  140.00000      -   549 2700s
 19006 12243 infeasible   67               -  140.00000      -   549 2705s
 19046 12277 infeasible   70               -  140.00000      -   549 2710s
 19091 12314  138.00000   80  542          -  140.00000      -   549 2715s
 19108 12315 infeasible   85               -  140.00000      -   550 2720s
 19126 12317 infeasible   87               -  140.00000      -   550 2725s
 19176 12353  139.00000   81  465          -  140.00000      -   550 2730s
 19226 12383 infeasible   78               -  140.00000      -   550 2735s
 19261 12412 infeasible   78               -  140.00000      -   550 2740s
 19291 12430 infeasible   72               -  140.00000      -   550 2745s
 19327 12456 infeasible   88               -  140.00000      -   551 2750s
 19378 12479  138.00000  104  443          -  140.00000      -   551 2755s
 19420 12499 infeasible   73               -  140.00000      -   551 2760s
 19468 12543  140.00000   81  461          -  140.00000      -   551 2765s
 19512 12565  140.00000   67  508          -  140.00000      -   551 2770s
 19542 12579 infeasible   83               -  140.00000      -   551 2775s
 19593 12618 infeasible   83               -  140.00000      -   551 2780s
 19628 12633 infeasible   73               -  140.00000      -   551 2785s
 19658 12647 infeasible   70               -  140.00000      -   552 2790s
 19688 12669 infeasible   80               -  140.00000      -   552 2795s
 19721 12696  140.00000   82  375          -  140.00000      -   552 2800s
 19771 12726  140.00000   72  511          -  140.00000      -   552 2805s
 19794 12749  139.00000   82  467          -  140.00000      -   553 2810s
 19822 12755  140.00000   56  533          -  140.00000      -   553 2815s
 19880 12787  140.00000   88  410          -  140.00000      -   553 2820s
 19904 12789  139.94118   78  463          -  140.00000      -   554 2825s
 19915 12794 infeasible   83               -  140.00000      -   554 2830s
 19944 12797 infeasible   81               -  140.00000      -   555 2835s
 19970 12789 infeasible   85               -  140.00000      -   555 2840s
 20014 12805  140.00000  106  520          -  140.00000      -   556 2845s
 20062 12831  139.00000   69  420          -  140.00000      -   556 2850s
 20096 12855 infeasible   85               -  140.00000      -   556 2855s
 20140 12887  140.00000   81  530          -  140.00000      -   556 2860s
 20176 12903 infeasible   98               -  140.00000      -   556 2865s
 20218 12927  140.00000   66  467          -  140.00000      -   556 2870s
 20250 12959  139.94118   86  566          -  140.00000      -   556 2875s
 20273 12976 infeasible   88               -  140.00000      -   557 2880s
 20351 13030  140.00000   79  436          -  140.00000      -   556 2885s
 20392 13063 infeasible  106               -  140.00000      -   556 2893s
 20396 13063 infeasible  107               -  140.00000      -   556 2895s
 20408 13069 infeasible  112               -  140.00000      -   557 2901s
 20417 13066  140.00000  110  507          -  140.00000      -   557 2905s
 20433 13076  139.97059   75  518          -  140.00000      -   558 2910s
 20486 13115  140.00000   79  547          -  140.00000      -   558 2915s
 20519 13142  140.00000   99  457          -  140.00000      -   558 2920s
 20567 13174  140.00000   74  422          -  140.00000      -   558 2925s
 20597 13188  140.00000   59  465          -  140.00000      -   558 2930s
 20643 13212 infeasible   86               -  140.00000      -   558 2935s
 20693 13234 infeasible   77               -  140.00000      -   558 2940s
 20748 13257  140.00000   92  357          -  140.00000      -   558 2945s
 20793 13272  140.00000   92  396          -  140.00000      -   559 2950s
 20825 13276  139.00000   93  454          -  140.00000      -   559 2955s
 20866 13291  140.00000  101  472          -  140.00000      -   560 2960s
 20906 13293 infeasible   94               -  140.00000      -   560 2965s
 20953 13304 infeasible   97               -  140.00000      -   560 2970s
 20991 13314 infeasible   92               -  140.00000      -   560 2975s
 21025 13326  140.00000   88  444          -  140.00000      -   561 2980s
 21060 13335  140.00000   87  470          -  140.00000      -   561 2985s
 21082 13333 infeasible   87               -  140.00000      -   562 2990s
 21128 13371 infeasible   83               -  140.00000      -   562 2995s
 21183 13416  140.00000   70  479          -  140.00000      -   561 3000s
 21216 13439  140.00000   90  462          -  140.00000      -   561 3005s
 21278 13487  140.00000   87  514          -  140.00000      -   561 3010s
 21322 13525 infeasible  111               -  140.00000      -   561 3015s
 21337 13522  140.00000   48  518          -  140.00000      -   562 3020s
 21402 13577  140.00000   82  451          -  140.00000      -   561 3025s
 21408 13581  140.00000   84  419          -  140.00000      -   561 3044s
 21413 13580  140.00000   85  474          -  140.00000      -   561 3045s
 21487 13642  140.00000   97  453          -  140.00000      -   560 3050s
 21526 13663  139.00000  106  461          -  140.00000      -   561 3055s
 21575 13690  140.00000   65  371          -  140.00000      -   561 3060s
 21629 13716  140.00000   63  506          -  140.00000      -   561 3065s
 21683 13754 infeasible  103               -  140.00000      -   560 3070s
 21748 13799  140.00000   85  404          -  140.00000      -   560 3075s
 21812 13849 infeasible   69               -  140.00000      -   560 3080s
 21857 13880  140.00000   56  507          -  140.00000      -   560 3085s
 21890 13887  140.00000   47  533          -  140.00000      -   560 3090s
 21938 13921  139.00000   82  578          -  140.00000      -   560 3095s
 21947 13924 infeasible   83               -  140.00000      -   560 3100s
 21983 13946  139.00000   61  459          -  140.00000      -   561 3105s
 22025 13976  140.00000   64  526          -  140.00000      -   561 3110s
 22072 14001  140.00000   38  497          -  140.00000      -   561 3115s
 22113 14032 infeasible   71               -  140.00000      -   561 3120s
 22184 14093  140.00000   55  495          -  140.00000      -   560 3125s
 22225 14126  140.00000   86  469          -  140.00000      -   560 3130s
 22263 14146  139.00000   47  450          -  140.00000      -   560 3135s
 22346 14217  140.00000   69  447          -  140.00000      -   559 3140s
 22368 14221  140.00000   59  441          -  140.00000      -   559 3145s
 22385 14218  140.00000   79  487          -  140.00000      -   560 3150s
 22415 14232  140.00000   89  456          -  140.00000      -   561 3155s
 22441 14252 infeasible  103               -  140.00000      -   561 3160s
 22473 14256  140.00000   78  478          -  140.00000      -   561 3165s
 22497 14260  140.00000   56  587          -  140.00000      -   562 3170s
 22516 14261 infeasible   63               -  140.00000      -   562 3175s
 22555 14274  140.00000   58  446          -  140.00000      -   563 3180s
 22608 14301  140.00000   56  432          -  140.00000      -   563 3185s
 22662 14351  140.00000   89  405          -  140.00000      -   562 3190s
 22690 14361  140.00000   59  469          -  140.00000      -   563 3195s
 22732 14375  140.00000   53  474          -  140.00000      -   563 3200s
 22791 14418  140.00000   79  472          -  140.00000      -   563 3205s
 22821 14440 infeasible   94               -  140.00000      -   563 3211s
 22850 14451 infeasible   49               -  140.00000      -   563 3215s
 22896 14483  140.00000   54  518          -  140.00000      -   563 3220s
 22953 14530  140.00000   47  464          -  140.00000      -   563 3225s
 23001 14566 infeasible   74               -  140.00000      -   563 3230s
 23047 14606  139.00000   76  479          -  140.00000      -   563 3235s
 23073 14620  140.00000   33  520          -  140.00000      -   563 3240s
 23108 14647 infeasible   61               -  140.00000      -   563 3245s
 23142 14675  140.00000   53  546          -  140.00000      -   564 3250s
 23171 14682  140.00000   31  452          -  140.00000      -   564 3255s
 23227 14716  140.00000   39  476          -  140.00000      -   564 3260s
 23291 14766  140.00000   74  438          -  140.00000      -   564 3265s
 23318 14781  140.00000   56  561          -  140.00000      -   564 3270s
 23325 14780 infeasible   58               -  140.00000      -   565 3275s
 23388 14841 infeasible   85               -  140.00000      -   564 3280s
 23414 14847 infeasible   93               -  140.00000      -   564 3285s
 23446 14873 infeasible   78               -  140.00000      -   565 3290s
 23468 14881  139.50000   56  570          -  140.00000      -   565 3295s
 23510 14919  139.00000   86  510          -  140.00000      -   565 3300s
 23539 14932 infeasible  104               -  140.00000      -   565 3305s
 23577 14962  140.00000   84  555          -  140.00000      -   565 3310s
 23607 14972  140.00000   68  551          -  140.00000      -   566 3315s
 23644 15007 infeasible   88               -  140.00000      -   566 3320s
 23662 15023  139.50000   94  524          -  140.00000      -   566 3325s
 23676 15019 infeasible   98               -  140.00000      -   567 3330s
 23738 15077  140.00000   88  467          -  140.00000      -   566 3335s
 23782 15101 infeasible  114               -  140.00000      -   566 3340s
 23826 15125  140.00000   49  486          -  140.00000      -   566 3345s
 23864 15149  140.00000   24  478          -  140.00000      -   566 3350s
 23949 15234  140.00000   99  441          -  140.00000      -   565 3355s
 23983 15264  140.00000  124  419          -  140.00000      -   566 3360s
 23989 15268  140.00000  125  451          -  140.00000      -   566 3373s
 24017 15282  140.00000   46  417          -  140.00000      -   565 3375s
 24088 15353  140.00000  107  471          -  140.00000      -   565 3380s
 24113 15360 infeasible  117               -  140.00000      -   565 3385s
 24183 15428  139.00000   85  465          -  140.00000      -   565 3390s
 24209 15452  139.00000   96  529          -  140.00000      -   565 3395s
 24227 15466  139.00000  100  508          -  140.00000      -   565 3400s
 24232 15467 infeasible  101               -  140.00000      -   566 3405s
 24260 15477  140.00000   46  497          -  140.00000      -   566 3410s
 24296 15487 infeasible   81               -  140.00000      -   566 3415s
 24369 15560  140.00000   88  424          -  140.00000      -   566 3420s
 24409 15596  140.00000  110  460          -  140.00000      -   566 3425s
 24456 15609  139.00000   69  542          -  140.00000      -   566 3430s
 24489 15628  140.00000   41  522          -  140.00000      -   566 3435s
 24535 15674  140.00000   81  466          -  140.00000      -   566 3440s
 24560 15691 infeasible   97               -  140.00000      -   566 3445s
 24588 15707 infeasible   79               -  140.00000      -   567 3450s
 24611 15712  140.00000   41  537          -  140.00000      -   567 3455s
 24642 15733 infeasible   56               -  140.00000      -   567 3460s
 24668 15741 infeasible   56               -  140.00000      -   567 3465s
 24695 15742  139.00000   76  505          -  140.00000      -   568 3470s
 24763 15792 infeasible   96               -  140.00000      -   567 3475s
 24801 15814  140.00000   58  573          -  140.00000      -   568 3480s
 24845 15848 infeasible   93               -  140.00000      -   568 3485s
 24883 15876 infeasible   90               -  140.00000      -   568 3490s
 24914 15897  140.00000   72  489          -  140.00000      -   568 3495s
 24947 15910 infeasible   68               -  140.00000      -   568 3500s
 24963 15916 infeasible   76               -  140.00000      -   569 3506s
 25027 15972  140.00000   98  410          -  140.00000      -   568 3510s
 25060 15987  140.00000   62  460          -  140.00000      -   569 3515s
 25125 16046  140.00000  104  439          -  140.00000      -   568 3520s
 25188 16087 infeasible  102               -  140.00000      -   568 3525s
 25211 16094  139.00000   73  506          -  140.00000      -   568 3530s
 25270 16145  140.00000  105  497          -  140.00000      -   568 3535s
 25303 16150 infeasible  104               -  140.00000      -   568 3540s
 25340 16169  140.00000   81  391          -  140.00000      -   568 3545s
 25354 16173  139.00000   86  501          -  140.00000      -   569 3580s
 25387 16192  140.00000   85  455          -  140.00000      -   569 3585s
 25415 16202 infeasible   95               -  140.00000      -   569 3590s
 25451 16220  140.00000   99  523          -  140.00000      -   570 3595s

Cutting planes:
  Lift-and-project: 1
  Cover: 1
  Clique: 2
  MIR: 1
  Flow cover: 89
  Zero half: 41
  RLT: 190
  BQP: 198

Explored 25491 nodes (14843483 simplex iterations) in 3600.01 seconds (5218.10 work units)
Thread count was 1 (of 8 available processors)

Solution count 0

Time limit reached
Best objective -, best bound 1.400000000000e+02, gap -
