
Gurobi 11.0.1 (win64) logging started Sun Mar 24 04:34:18 2024

Set parameter LogFile to value "C:\Projetos\Job_Rotation_Algorithms\Outputs\GurobiLogs\gurobi_log-output-48_wee-c10-CostaMirallesModel-NoExtraConstraint-2.log"
Gurobi Optimizer version 11.0.1 build v11.0.1rc0 (win64 - Windows 10.0 (19045.2))

CPU model: 11th Gen Intel(R) Core(TM) i7-1165G7 @ 2.80GHz, instruction set [SSE2|AVX|AVX2|AVX512]
Thread count: 4 physical cores, 8 logical processors, using up to 1 threads

WLS license 901039 - registered to Bitka Analytics
Optimize a model with 6109 rows, 50176 columns and 1246796 nonzeros
Model fingerprint: 0x744cb6df
Variable types: 2 continuous, 50174 integer (50174 binary)
Coefficient statistics:
  Matrix range     [1e+00, 8e+01]
  Objective range  [1e+00, 1e+00]
  Bounds range     [1e+00, 2e+01]
  RHS range        [1e+00, 2e+01]
Presolve added 1641 rows and 0 columns
Presolve removed 0 rows and 6319 columns
Presolve time: 4.54s
Presolved: 7750 rows, 43857 columns, 338549 nonzeros
Variable types: 0 continuous, 43857 integer (42467 binary)

Root simplex log...

Iteration    Objective       Primal Inf.    Dual Inf.      Time
       0    1.0800000e+03   1.384000e+03   0.000000e+00      5s
    9197    1.5000000e+02   0.000000e+00   0.000000e+00      6s

Root relaxation: objective 1.500000e+02, 9197 iterations, 1.38 seconds (2.01 work units)

    Nodes    |    Current Node    |     Objective Bounds      |     Work
 Expl Unexpl |  Obj  Depth IntInf | Incumbent    BestBd   Gap | It/Node Time

     0     0  150.00000    0  238          -  150.00000      -     -    8s
     0     0  150.00000    0  394          -  150.00000      -     -    8s
     0     0  150.00000    0  394          -  150.00000      -     -    9s
     0     0  150.00000    0  218          -  150.00000      -     -   21s
     0     0  150.00000    0  243          -  150.00000      -     -   21s
     0     0  150.00000    0  830          -  150.00000      -     -   22s
     0     0  150.00000    0  509          -  150.00000      -     -   22s
     0     0  150.00000    0 1395          -  150.00000      -     -   25s
     0     0  150.00000    0 1191          -  150.00000      -     -   25s
     0     0  150.00000    0 1100          -  150.00000      -     -   25s
     0     0  150.00000    0 1093          -  150.00000      -     -   25s
     0     0  150.00000    0 1007          -  150.00000      -     -   26s
     0     0  150.00000    0  272          -  150.00000      -     -   30s
     0     0  150.00000    0  270          -  150.00000      -     -   30s
     0     0  150.00000    0  309          -  150.00000      -     -   30s
     0     0  150.00000    0  283          -  150.00000      -     -   30s
     0     0  150.00000    0  886          -  150.00000      -     -   30s
     0     0  150.00000    0  632          -  150.00000      -     -   30s
     0     0  150.00000    0  623          -  150.00000      -     -   30s
     0     0  150.00000    0  252          -  150.00000      -     -   33s
     0     0  150.00000    0  326          -  150.00000      -     -   33s
     0     0  150.00000    0  284          -  150.00000      -     -   33s
     0     0  150.00000    0  284          -  150.00000      -     -   33s
     0     0  150.00000    0  309          -  150.00000      -     -   33s
     0     0  150.00000    0  230          -  150.00000      -     -   36s
     0     0  150.00000    0  233          -  150.00000      -     -   36s
     0     0  150.00000    0  230          -  150.00000      -     -   36s
     0     0  150.00000    0  222          -  150.00000      -     -   36s
     0     0  150.00000    0  231          -  150.00000      -     -   39s
     0     0  150.00000    0  381          -  150.00000      -     -   39s
     0     0  150.00000    0  384          -  150.00000      -     -   39s
     0     0  150.00000    0  266          -  150.00000      -     -   41s
     0     0  150.00000    0  770          -  150.00000      -     -   42s
     0     0  150.00000    0  549          -  150.00000      -     -   42s
     0     0  150.00000    0  190          -  150.00000      -     -   43s
     0     0  150.00000    0  263          -  150.00000      -     -   51s
     0     0  150.00000    0  262          -  150.00000      -     -   51s
     0     0  150.00000    0 1110          -  150.00000      -     -   53s
     0     0  150.00000    0  836          -  150.00000      -     -   53s
     0     0  150.00000    0  840          -  150.00000      -     -   53s
     0     0  150.00000    0  779          -  150.00000      -     -   53s
     0     0  150.00000    0  721          -  150.00000      -     -   54s
     0     0  150.00000    0  811          -  150.00000      -     -   54s
     0     0  150.00000    0  247          -  150.00000      -     -   57s
     0     0  150.00000    0  248          -  150.00000      -     -   57s
     0     0  150.00000    0  567          -  150.00000      -     -   58s
     0     0  150.00000    0  571          -  150.00000      -     -   58s
     0     0  150.00000    0  573          -  150.00000      -     -   58s
     0     0  150.00000    0  590          -  150.00000      -     -   58s
     0     0  150.00000    0  572          -  150.00000      -     -   58s
     0     0  150.00000    0  601          -  150.00000      -     -   58s
     0     0  150.00000    0  299          -  150.00000      -     -   61s
     0     0  150.00000    0  549          -  150.00000      -     -   61s
     0     0  150.00000    0  503          -  150.00000      -     -   61s
     0     0  150.00000    0  256          -  150.00000      -     -   64s
     0     0  150.00000    0  253          -  150.00000      -     -   64s
     0     0  150.00000    0  250          -  150.00000      -     -   64s
     0     2  150.00000    0  232          -  150.00000      -     -   68s
    32    34  150.00000   19  310          -  150.00000      -   176   70s
   119   119  150.00000   72  324          -  150.00000      -   183   75s
   201   177  150.00000    7  309          -  150.00000      -   238   80s
   269   240  150.00000   54  453          -  150.00000      -   255   85s
   370   305  150.00000  111  930          -  150.00000      -   233   90s
   398   319  150.00000  112 1368          -  150.00000      -   263   95s
   427   328  150.00000    5 1292          -  150.00000      -   291  100s
   526   407  150.00000   77  316          -  150.00000      -   283  105s
   591   463  150.00000   95  394          -  150.00000      -   260  142s
   593   464  150.00000   59  234          -  150.00000      -   259  147s
   595   466  150.00000   51 1132          -  150.00000      -   258  150s
   596   466  150.00000   22  197          -  150.00000      -   258  156s
   601   471  150.00000   90  230          -  150.00000      -   375  163s
   603   473  150.00000   26 1216          -  150.00000      -   374  166s
   604   473  150.00000   36  332          -  150.00000      -   374  171s
   606   475  150.00000   39  308          -  150.00000      -   372  177s
   608   476  150.00000  117  280          -  150.00000      -   371  182s
   610   477  150.00000   85  241          -  150.00000      -   370  188s
   611   478  150.00000   17  233          -  150.00000      -   369  190s
   613   481  150.00000   25  216          -  150.00000      -  1020  195s
   627   491  150.00000   32  215          -  150.00000      -  1001  200s
   636   497  150.00000   36  479          -  150.00000      -   988  205s
   679   525  150.00000   58  286          -  150.00000      -   942  210s
   693   535  150.00000   65  545          -  150.00000      -   935  215s
   731   559  150.00000   84  153          -  150.00000      -   905  220s
   775   586  150.00000  106  510          -  150.00000      -   865  225s
   812   592 infeasible  124               -  150.00000      -   850  230s
   851   609  150.00000  107  519          -  150.00000      -   826  235s
   938   636  150.00000  126  337          -  150.00000      -   766  240s
  1022   658  150.00000  121  366          -  150.00000      -   723  245s
  1079   676  150.00000  126  206          -  150.00000      -   703  250s
  1138   682  150.00000   99  496          -  150.00000      -   679  255s
  1200   697 infeasible  134               -  150.00000      -   667  260s
  1218   682  150.00000   99  320          -  150.00000      -   674  265s
  1322   715  150.00000  123  595          -  150.00000      -   630  270s
  1361   715 infeasible  133               -  150.00000      -   626  275s
  1427   743  150.00000  136  167          -  150.00000      -   606  280s
  1481   751  150.00000  117  556          -  150.00000      -   595  285s
  1491   754  150.00000  119  535          -  150.00000      -   592  314s
  1492   752 infeasible  119               -  150.00000      -   592  315s
  1505   747  150.00000  103  359          -  150.00000      -   590  320s
  1515   754  150.00000  110  457          -  150.00000      -   587  325s
  1524   760  150.00000  110  330          -  150.00000      -   585  330s
  1533   764 infeasible  113               -  150.00000      -   583  335s
  1540   762 infeasible  115               -  150.00000      -   587  340s
  1616   786  150.00000  119  482          -  150.00000      -   566  345s
  1692   801  150.00000   91  304          -  150.00000      -   549  350s
  1774   837  150.00000  133  585          -  150.00000      -   531  355s
  1846   846  150.00000  134  280          -  150.00000      -   518  360s
  1935   867  150.00000  148  541          -  150.00000      -   501  365s
  1997   861  150.00000   29  330          -  150.00000      -   491  370s
  2088   925  150.00000   82  290          -  150.00000      -   473  375s
  2160   978  150.00000  118  516          -  150.00000      -   461  380s
  2215  1014  150.00000  148  637          -  150.00000      -   457  385s
  2315  1093  150.00000   56  472          -  150.00000      -   444  390s
  2392  1157  150.00000   93  530          -  150.00000      -   435  395s
  2455  1208  150.00000  119  540          -  150.00000      -   430  400s
  2506  1245  150.00000   45  332          -  150.00000      -   431  405s
  2569  1308  150.00000   75  302          -  150.00000      -   429  410s
  2648  1374  150.00000  111  593          -  150.00000      -   424  415s
  2687  1386 infeasible  124               -  150.00000      -   427  420s
  2785  1466  150.00000   91  389          -  150.00000      -   415  425s
  2856  1524  150.00000  120  341          -  150.00000      -   409  430s
  2950  1593  150.00000   78  469          -  150.00000      -   402  435s
  3031  1653  150.00000  124  267          -  150.00000      -   397  440s
  3092  1692  150.00000   58  305          -  150.00000      -   396  445s
  3184  1764  150.00000   53  352          -  150.00000      -   389  450s
  3307  1880  150.00000  112  282          -  150.00000      -   380  455s
  3388  1955  150.00000  142  270          -  150.00000      -   375  460s
  3448  2002  150.00000  172  529          -  150.00000      -   374  465s
  3517  2047  150.00000   58  495          -  150.00000      -   372  470s
  3607  2112  150.00000  108  505          -  150.00000      -   367  475s
  3705  2185  150.00000   71  524          -  150.00000      -   361  480s
  3796  2256  150.00000  119  399          -  150.00000      -   357  485s
  3869  2301  150.00000   85  404          -  150.00000      -   354  490s
  3960  2373  150.00000  133  478          -  150.00000      -   351  495s
  3996  2397  150.00000  146  362          -  150.00000      -   353  500s
  4057  2427  150.00000   91  216          -  150.00000      -   352  505s
  4158  2504  150.00000  139  656          -  150.00000      -   347  510s
  4239  2557  150.00000  103  227          -  150.00000      -   345  515s
  4346  2632  150.00000  145  560          -  150.00000      -   341  520s
  4371  2641  150.00000  152  578          -  150.00000      -   344  525s
  4381  2641 infeasible  154               -  150.00000      -   350  530s
  4466  2688  150.00000  119  504          -  150.00000      -   347  535s
  4530  2731 infeasible  144               -  150.00000      -   348  540s
  4613  2783  150.00000  123  757          -  150.00000      -   345  545s
  4639  2796  150.00000  134  304          -  150.00000      -   350  550s
  4675  2809 infeasible  148               -  150.00000      -   351  555s
  4782  2873  150.00000  106  476          -  150.00000      -   346  560s
  4890  2943  150.00000  114  265          -  150.00000      -   342  565s
  4934  2967 infeasible  134               -  150.00000      -   345  570s
  4986  2993  150.00000  113  339          -  150.00000      -   345  575s
  5086  3074  150.00000   83  487          -  150.00000      -   342  580s
  5115  3100  150.00000   99  299          -  150.00000      -   340  585s
  5224  3187  150.00000  146  441          -  150.00000      -   336  590s
  5277  3201  150.00000   84  215          -  150.00000      -   336  595s
  5373  3253  150.00000   84  236          -  150.00000      -   332  600s
  5493  3345  150.00000  137  429          -  150.00000      -   329  605s
  5543  3368 infeasible  162               -  150.00000      -   330  610s
  5614  3419  150.00000  119  449          -  150.00000      -   329  615s
  5669  3441  150.00000   90  312          -  150.00000      -   329  620s
  5779  3507  150.00000  124  172          -  150.00000      -   327  625s
  5882  3567  150.00000   97  357          -  150.00000      -   323  630s
  5964  3624  150.00000  101  413          -  150.00000      -   322  635s
  6079  3719  150.00000  144  213          -  150.00000      -   320  640s
  6135  3740 infeasible  164               -  150.00000      -   320  645s
  6200  3781  150.00000  124  391          -  150.00000      -   322  650s
  6233  3805  150.00000  134  394          -  150.00000      -   323  655s
  6316  3847 infeasible  124               -  150.00000      -   322  660s
  6430  3930  150.00000   90  439          -  150.00000      -   318  665s
  6529  3992  150.00000  135  375          -  150.00000      -   317  670s
  6636  4048  150.00000  135  377          -  150.00000      -   315  675s
  6733  4091 infeasible  131               -  150.00000      -   313  680s
  6844  4167 infeasible  130               -  150.00000      -   312  685s
  6876  4171 infeasible  139               -  150.00000      -   316  690s
  6904  4174 infeasible  144               -  150.00000      -   318  695s
  6989  4217  150.00000  141  485          -  150.00000      -   317  700s
  7070  4260 infeasible  114               -  150.00000      -   316  705s
  7110  4278  150.00000  101  321          -  150.00000      -   318  710s
  7190  4337  150.00000  139  793          -  150.00000      -   318  715s
  7269  4386  150.00000  115  533          -  150.00000      -   317  720s
  7312  4415  150.00000  135  461          -  150.00000      -   319  725s
  7352  4433  150.00000  103  491          -  150.00000      -   319  730s
  7431  4478  150.00000  113  519          -  150.00000      -   319  735s
  7454  4495  150.00000  122  355          -  150.00000      -   322  740s
  7504  4526  150.00000  146  560          -  150.00000      -   323  745s
  7549  4548  150.00000  151  649          -  150.00000      -   324  750s
  7651  4616  150.00000  127  727          -  150.00000      -   322  755s
  7756  4681  150.00000  109  510          -  150.00000      -   320  760s
  7834  4732 infeasible  142               -  150.00000      -   320  765s
  7915  4776  150.00000  127  390          -  150.00000      -   320  770s
  8007  4821  150.00000  142  619          -  150.00000      -   319  775s
  8099  4852  150.00000  134  284          -  150.00000      -   319  780s
  8180  4902  150.00000  154  466          -  150.00000      -   318  785s
  8226  4914 infeasible  163               -  150.00000      -   319  790s
  8308  4960 infeasible  154               -  150.00000      -   320  795s
  8357  4989 infeasible  140               -  150.00000      -   321  800s
  8400  5012  150.00000  134  333          -  150.00000      -   323  805s
  8450  5030  150.00000  116  486          -  150.00000      -   324  810s
  8505  5056 infeasible  142               -  150.00000      -   325  815s
  8566  5098  150.00000  132  736          -  150.00000      -   326  820s
  8616  5130  150.00000   61  501          -  150.00000      -   327  825s
  8702  5202  150.00000  104  204          -  150.00000      -   327  830s
  8799  5268 infeasible  134               -  150.00000      -   325  835s
  8920  5349  150.00000  124  476          -  150.00000      -   324  840s
  8959  5357  150.00000  124  423          -  150.00000      -   325  845s
  9030  5404  150.00000  140  736          -  150.00000      -   326  850s
  9143  5481  150.00000  128  696          -  150.00000      -   324  855s
  9185  5505 infeasible  148               -  150.00000      -   325  860s
  9296  5568 infeasible  134               -  150.00000      -   325  865s
  9378  5615  150.00000   96  318          -  150.00000      -   323  870s
  9497  5716 infeasible  144               -  150.00000      -   322  875s
  9614  5794  150.00000  124  240          -  150.00000      -   320  880s
  9729  5868 infeasible  120               -  150.00000      -   318  885s
  9808  5910  150.00000  155  274          -  150.00000      -   319  890s
  9903  5967  150.00000   98  564          -  150.00000      -   318  895s
  9988  6030  150.00000  135  618          -  150.00000      -   317  900s
 10105  6107  150.00000  130  287          -  150.00000      -   316  905s
 10195  6171  150.00000  114  363          -  150.00000      -   315  910s
 10202  6174  150.00000  115  345          -  150.00000      -   315 1080s
 10313  6247  150.00000  134  353          -  150.00000      -   316 1086s
 10336  6255 infeasible  142               -  150.00000      -   317 1090s
 10420  6322  150.00000  123  679          -  150.00000      -   316 1095s
 10540  6378  150.00000   92  408          -  150.00000      -   315 1100s
 10604  6423  150.00000   95  574          -  150.00000      -   315 1105s
 10680  6478 infeasible  131               -  150.00000      -   315 1110s
 10757  6526  150.00000  124  206          -  150.00000      -   315 1115s
 10838  6581  150.00000  114  345          -  150.00000      -   315 1120s
 10879  6596  150.00000   34  208          -  150.00000      -   317 1125s
 11019  6727  150.00000   87  313          -  150.00000      -   314 1130s
 11102  6799  150.00000  119  480          -  150.00000      -   314 1135s
 11170  6855  150.00000  142  475          -  150.00000      -   314 1140s
 11218  6895  150.00000  164  374          -  150.00000      -   315 1146s
 11260  6918 infeasible  167               -  150.00000      -   315 1150s
 11304  6920  150.00000   35  438          -  150.00000      -   315 1155s
 11420  7035  150.00000   93  359          -  150.00000      -   313 1160s
 11514  7106  150.00000  143  345          -  150.00000      -   312 1165s
 11574  7151  150.00000  174  275          -  150.00000      -   313 1170s
 11617  7164 infeasible  194               -  150.00000      -   314 1175s
 11659  7192  150.00000   44  200          -  150.00000      -   315 1180s
 11783  7295  150.00000   98  724          -  150.00000      -   313 1185s
 11824  7313 infeasible  114               -  150.00000      -   314 1190s
 11943  7414  150.00000  102  484          -  150.00000      -   312 1195s
 12012  7452  150.00000  116  391          -  150.00000      -   312 1200s
 12070  7497 infeasible  144               -  150.00000      -   312 1205s
 12079  7504  150.00000  147  471          -  150.00000      -   312 1210s
 12098  7509  150.00000   54  227          -  150.00000      -   313 1215s
 12152  7555  150.00000   81  475          -  150.00000      -   313 1220s
 12194  7577  150.00000   56  472          -  150.00000      -   313 1225s
 12324  7689  150.00000  117  405          -  150.00000      -   311 1230s
 12365  7720  150.00000  134  218          -  150.00000      -   312 1235s
 12433  7762  150.00000   93  496          -  150.00000      -   311 1240s
 12511  7826  150.00000  126  496          -  150.00000      -   311 1245s
 12553  7836  150.00000   82  367          -  150.00000      -   311 1267s
 12556  7839  150.00000   85  375          -  150.00000      -   311 1270s
 12562  7845  150.00000   88  383          -  150.00000      -   310 1275s
 12569  7852  150.00000   92  364          -  150.00000      -   310 1280s
 12625  7891 infeasible  119               -  150.00000      -   310 1285s
 12703  7939  150.00000  121  374          -  150.00000      -   309 1290s
 12790  7993  150.00000   83  635          -  150.00000      -   308 1295s
 12883  8068  150.00000  124  237          -  150.00000      -   307 1300s
 12948  8113 infeasible  149               -  150.00000      -   307 1305s
 13037  8147 infeasible   96               -  150.00000      -   306 1310s
 13115  8203  150.00000  109  397          -  150.00000      -   306 1315s
 13200  8262  150.00000  108  508          -  150.00000      -   305 1320s
 13243  8284  150.00000   95  518          -  150.00000      -   306 1325s
 13362  8381 infeasible  145               -  150.00000      -   304 1330s
 13390  8390  150.00000   90  448          -  150.00000      -   305 1336s
 13483  8462 infeasible  134               -  150.00000      -   304 1340s
 13583  8503  150.00000  103  674          -  150.00000      -   303 1345s
 13684  8591  150.00000  144  364          -  150.00000      -   303 1350s
 13730  8609  150.00000  119  531          -  150.00000      -   303 1355s
 13810  8649  150.00000  132  635          -  150.00000      -   303 1360s
 13838  8646 infeasible  134               -  150.00000      -   304 1365s
 13907  8685  150.00000  110  618          -  150.00000      -   304 1370s
 13982  8729 infeasible  126               -  150.00000      -   303 1375s
 14015  8737 infeasible  114               -  150.00000      -   303 1380s
 14062  8759  150.00000   94  272          -  150.00000      -   303 1385s
 14122  8801 infeasible  124               -  150.00000      -   303 1391s
 14138  8808  150.00000   95  697          -  150.00000      -   303 1395s
 14194  8842 infeasible  122               -  150.00000      -   302 1400s
 14284  8910  150.00000   88  394          -  150.00000      -   302 1405s
 14381  8975 infeasible  141               -  150.00000      -   301 1410s
 14470  9044  150.00000   88  442          -  150.00000      -   301 1415s
 14573  9116  150.00000   71  265          -  150.00000      -   300 1420s
 14681  9194  150.00000   55  381          -  150.00000      -   299 1425s
 14806  9291 infeasible  123               -  150.00000      -   298 1430s
 14916  9371 infeasible  124               -  150.00000      -   298 1435s
 14999  9430 infeasible  118               -  150.00000      -   297 1440s
 15052  9451 infeasible  137               -  150.00000      -   297 1445s
 15153  9503 infeasible  130               -  150.00000      -   297 1450s
 15254  9569 infeasible  113               -  150.00000      -   296 1455s
 15302  9598 infeasible  132               -  150.00000      -   296 1460s
 15313  9601  150.00000   77  377          -  150.00000      -   296 1465s
 15425  9678  150.00000   89  365          -  150.00000      -   296 1470s
 15525  9754  150.00000  110  389          -  150.00000      -   295 1475s
 15673  9878  150.00000  126  445          -  150.00000      -   294 1480s
 15727  9905 infeasible  109               -  150.00000      -   294 1485s
 15811  9964  150.00000  112  359          -  150.00000      -   294 1490s
 15875 10005 infeasible  129               -  150.00000      -   294 1495s
 15924 10008  150.00000  122  683          -  150.00000      -   294 1500s
 15991 10045  150.00000  102  263          -  150.00000      -   294 1505s
 16098 10117  150.00000   87  493          -  150.00000      -   294 1510s
 16280 10252  150.00000  112  300          -  150.00000      -   292 1515s
 16362 10306 infeasible  149               -  150.00000      -   291 1520s
 16440 10369  150.00000   65  313          -  150.00000      -   291 1525s
 16565 10477  150.00000  133  456          -  150.00000      -   290 1530s
 16666 10550  150.00000  170  556          -  150.00000      -   290 1535s
 16737 10592  150.00000   68  348          -  150.00000      -   290 1540s
 16881 10701  150.00000   79  406          -  150.00000      -   289 1545s
 16988 10770  150.00000   74  220          -  150.00000      -   289 1550s
 17090 10831  150.00000   59  534          -  150.00000      -   288 1555s
 17168 10883  150.00000   46  407          -  150.00000      -   288 1560s
 17343 11040  150.00000  133  176          -  150.00000      -   287 1565s
 17464 11135 infeasible  184               -  150.00000      -   286 1570s
 17538 11157  150.00000   94  405          -  150.00000      -   286 1575s
 17612 11210  150.00000  130  415          -  150.00000      -   286 1580s
 17755 11294  150.00000  136  390          -  150.00000      -   285 1585s
 17879 11386  150.00000  123  507          -  150.00000      -   283 1590s
 17959 11441  150.00000  168  592          -  150.00000      -   283 1595s
 18051 11507 infeasible   94               -  150.00000      -   283 1600s
 18158 11585  150.00000  151  298          -  150.00000      -   282 1605s
 18277 11673  150.00000  165  446          -  150.00000      -   281 1610s
 18341 11723 infeasible  188               -  150.00000      -   282 1615s
 18435 11765  150.00000  102  403          -  150.00000      -   281 1620s
 18517 11838  150.00000  123  399          -  150.00000      -   280 1625s
 18563 11873  150.00000  137  451          -  150.00000      -   281 1630s
 18624 11908  150.00000  157  470          -  150.00000      -   281 1635s
 18661 11932  149.00000  181  631          -  150.00000      -   281 1640s
 18765 11993  150.00000  128  449          -  150.00000      -   281 1645s
 18862 12030  150.00000   99  548          -  150.00000      -   280 1650s
 18925 12072 infeasible  132               -  150.00000      -   280 1655s
 19036 12140 infeasible  121               -  150.00000      -   280 1660s
 19124 12190  150.00000  141  676          -  150.00000      -   280 1665s
 19139 12193  150.00000  144  405          -  150.00000      -   281 1670s
 19227 12260  150.00000   85  311          -  150.00000      -   280 1675s
 19363 12383  150.00000  144  241          -  150.00000      -   280 1680s
 19394 12408  150.00000  157  714          -  150.00000      -   280 1685s
 19443 12438 infeasible  187               -  150.00000      -   281 1690s
 19505 12478  150.00000  125  414          -  150.00000      -   281 1695s
 19592 12526 infeasible  171               -  150.00000      -   281 1700s
 19721 12623  150.00000  150  320          -  150.00000      -   280 1705s
 19834 12722 infeasible  198               -  150.00000      -   279 1710s
 19924 12768  150.00000  133  437          -  150.00000      -   279 1715s
 19932 12775  150.00000  138  376          -  150.00000      -   279 1729s
 19933 12774 infeasible  139               -  150.00000      -   279 1730s
 19940 12781  150.00000  141  396          -  150.00000      -   279 1735s
 19947 12788  150.00000  145  137          -  150.00000      -   279 1740s
 20016 12836 infeasible  173               -  150.00000      -   278 1745s
 20106 12905 infeasible  149               -  150.00000      -   278 1750s
 20151 12917 infeasible  150               -  150.00000      -   279 1755s
 20190 12930  150.00000  153  759          -  150.00000      -   279 1760s
 20203 12933  150.00000  150  342          -  150.00000      -   280 1765s
 20252 12958 infeasible  165               -  150.00000      -   280 1770s
 20368 13056  150.00000  101  377          -  150.00000      -   280 1775s
 20404 13086  150.00000  117  414          -  150.00000      -   280 1783s
 20438 13108  150.00000  130  814          -  150.00000      -   280 1785s
 20498 13148  150.00000  103  400          -  150.00000      -   280 1790s
 20632 13255 infeasible  164               -  150.00000      -   280 1796s
 20692 13272 infeasible  104               -  150.00000      -   279 1800s
 20723 13298  150.00000  104  170          -  150.00000      -   280 1805s
 20798 13368  150.00000  133  502          -  150.00000      -   280 1810s
 20863 13403 infeasible  159               -  150.00000      -   280 1815s
 20957 13480  150.00000  125  557          -  150.00000      -   280 1820s
 21025 13511 infeasible  129               -  150.00000      -   280 1825s
 21077 13529  150.00000   93  257          -  150.00000      -   280 1830s
 21205 13627  150.00000   84  226          -  150.00000      -   280 1835s
 21296 13700 infeasible  124               -  150.00000      -   280 1840s
 21370 13752  150.00000   81  283          -  150.00000      -   280 1845s
 21474 13831 infeasible  136               -  150.00000      -   279 1850s
 21521 13863  150.00000  155  638          -  150.00000      -   279 1855s
 21565 13881  150.00000  143  439          -  150.00000      -   279 1860s
 21634 13927 infeasible  124               -  150.00000      -   280 1865s
 21718 13973 infeasible  135               -  150.00000      -   280 1870s
 21822 14028  150.00000  134  470          -  150.00000      -   279 1875s
 21902 14074 infeasible  129               -  150.00000      -   279 1880s
 21966 14116 infeasible  134               -  150.00000      -   280 1885s
 22050 14170 infeasible  154               -  150.00000      -   279 1890s
 22085 14190 infeasible  124               -  150.00000      -   281 1895s
 22138 14209  150.00000  116  267          -  150.00000      -   280 1900s
 22207 14265  150.00000  144  319          -  150.00000      -   281 1905s
 22258 14283  150.00000  124  220          -  150.00000      -   281 1910s
 22315 14305 infeasible  124               -  150.00000      -   282 1915s
 22403 14364  150.00000  130  490          -  150.00000      -   281 1920s
 22494 14402  150.00000  120  360          -  150.00000      -   281 1925s
 22571 14457 infeasible  124               -  150.00000      -   281 1930s
 22601 14458 infeasible  133               -  150.00000      -   282 1935s
 22686 14511  150.00000  157  550          -  150.00000      -   282 1940s
 22745 14533  150.00000  102  307          -  150.00000      -   282 1945s
 22823 14580 infeasible  105               -  150.00000      -   282 1950s
 22927 14645  150.00000  132  856          -  150.00000      -   282 1955s
 22976 14670  150.00000  111  563          -  150.00000      -   282 1960s
 23074 14718  150.00000  109  414          -  150.00000      -   282 1965s
 23156 14777  150.00000  112  433          -  150.00000      -   282 1970s
 23239 14836  150.00000  117  437          -  150.00000      -   282 1975s
 23386 14931 infeasible  144               -  150.00000      -   281 1980s
 23472 14962  150.00000  102  359          -  150.00000      -   281 1985s
 23559 15012  150.00000  103  413          -  150.00000      -   281 1990s
 23631 15067  150.00000  130  341          -  150.00000      -   282 1995s
 23722 15103  150.00000  115  504          -  150.00000      -   282 2000s
 23769 15116  150.00000  135  548          -  150.00000      -   282 2005s
 23844 15159  150.00000  125  685          -  150.00000      -   282 2010s
 23894 15185  150.00000  117  388          -  150.00000      -   283 2015s
 23950 15201 infeasible  124               -  150.00000      -   283 2020s
 24016 15230 infeasible  127               -  150.00000      -   283 2025s
 24068 15246 infeasible  143               -  150.00000      -   284 2030s
 24110 15261 infeasible  134               -  150.00000      -   284 2035s
 24226 15328 infeasible  144               -  150.00000      -   284 2040s
 24325 15399 infeasible  146               -  150.00000      -   284 2045s
 24493 15527  150.00000  126  612          -  150.00000      -   283 2050s
 24599 15598  150.00000  102  439          -  150.00000      -   282 2055s
 24712 15682 infeasible  154               -  150.00000      -   282 2060s
 24800 15732  150.00000  119  650          -  150.00000      -   282 2065s
 24858 15767  150.00000   73  603          -  150.00000      -   282 2070s
 24954 15840  150.00000  124  334          -  150.00000      -   282 2075s
 25002 15874  150.00000  103  412          -  150.00000      -   283 2080s
 25109 15929  150.00000  114  291          -  150.00000      -   282 2085s
 25149 15951  150.00000  135  373          -  150.00000      -   283 2104s
 25150 15950 infeasible  136               -  150.00000      -   283 2105s
 25163 15955  150.00000   90  336          -  150.00000      -   283 2110s
 25173 15965  150.00000   92  464          -  150.00000      -   282 2115s
 25260 16017  150.00000  113  458          -  150.00000      -   282 2120s
 25314 16055 infeasible  133               -  150.00000      -   282 2125s
 25412 16116 infeasible  114               -  150.00000      -   282 2130s
 25503 16190  150.00000   94  270          -  150.00000      -   282 2135s
 25522 16207  150.00000  105  386          -  150.00000      -   282 2140s
 25584 16257  150.00000  134  467          -  150.00000      -   282 2145s
 25606 16275 infeasible  145               -  150.00000      -   283 2150s
 25689 16341  150.00000   94  219          -  150.00000      -   283 2155s
 25782 16423  150.00000  134  396          -  150.00000      -   283 2160s
 25884 16501  150.00000   84  225          -  150.00000      -   283 2165s
 25968 16573  150.00000  124  293          -  150.00000      -   283 2170s
 26026 16612 infeasible  144               -  150.00000      -   283 2175s
 26100 16674  150.00000  114  314          -  150.00000      -   283 2180s
 26207 16765  150.00000   99  524          -  150.00000      -   283 2185s
 26305 16847  150.00000  144  230          -  150.00000      -   282 2190s
 26384 16888 infeasible  126               -  150.00000      -   282 2195s
 26451 16902 infeasible  121               -  150.00000      -   283 2200s
 26554 16963  150.00000   86  355          -  150.00000      -   282 2205s
 26679 17045  150.00000   94  335          -  150.00000      -   282 2210s
 26785 17132  150.00000  103  263          -  150.00000      -   282 2215s
 26891 17220  150.00000  136  696          -  150.00000      -   281 2220s
 26969 17254  150.00000   74  277          -  150.00000      -   281 2225s
 27063 17317  150.00000   98  602          -  150.00000      -   281 2230s
 27171 17362 infeasible  113               -  150.00000      -   281 2235s
 27265 17418 infeasible  124               -  150.00000      -   281 2240s
 27384 17505 infeasible  124               -  150.00000      -   281 2245s
 27442 17535  150.00000  119  739          -  150.00000      -   281 2250s
 27502 17565  150.00000  112  514          -  150.00000      -   281 2255s
 27570 17624  150.00000  142  668          -  150.00000      -   281 2260s
 27622 17656  150.00000  134  402          -  150.00000      -   282 2266s
 27658 17663 infeasible  142               -  150.00000      -   282 2270s
 27742 17719 infeasible  144               -  150.00000      -   282 2275s
 27797 17756  150.00000  128  578          -  150.00000      -   282 2280s
 27907 17812  150.00000  130  376          -  150.00000      -   282 2285s
 28029 17897  150.00000  134  255          -  150.00000      -   281 2290s
 28093 17928 infeasible  134               -  150.00000      -   282 2295s
 28141 17953  150.00000  138  546          -  150.00000      -   282 2300s
 28268 18026  150.00000   92  374          -  150.00000      -   282 2305s
 28399 18104  150.00000  131  358          -  150.00000      -   281 2310s
 28465 18164  150.00000  154  444          -  150.00000      -   281 2315s
 28539 18215 infeasible  142               -  150.00000      -   281 2320s
 28649 18288  150.00000   89  410          -  150.00000      -   281 2325s
 28728 18343  150.00000  108  432          -  150.00000      -   281 2330s
 28812 18421  150.00000  134  381          -  150.00000      -   281 2336s
 28847 18426 infeasible  142               -  150.00000      -   282 2340s
 28922 18461  150.00000  114  155          -  150.00000      -   282 2345s
 29007 18518  150.00000  122  399          -  150.00000      -   282 2350s
 29057 18561 infeasible  146               -  150.00000      -   282 2355s
 29167 18656  150.00000   91  607          -  150.00000      -   282 2360s
 29258 18696  150.00000   57  586          -  150.00000      -   282 2365s
 29348 18774 infeasible  104               -  150.00000      -   282 2370s
 29451 18853  150.00000   94  229          -  150.00000      -   282 2375s
 29497 18898  150.00000  118  453          -  150.00000      -   282 2380s
 29571 18953  150.00000  150  354          -  150.00000      -   282 2385s
 29715 19064  150.00000  149  470          -  150.00000      -   281 2390s
 29763 19101 infeasible  174               -  150.00000      -   281 2395s
 29781 19109 infeasible  184               -  150.00000      -   282 2400s
 29832 19140  150.00000  106  441          -  150.00000      -   282 2405s
 29904 19179 infeasible  124               -  150.00000      -   282 2410s
 29943 19199  150.00000  112  566          -  150.00000      -   282 2415s
 30020 19253  150.00000  111  483          -  150.00000      -   282 2420s
 30109 19319  150.00000  102  318          -  150.00000      -   282 2425s
 30203 19386 infeasible  149               -  150.00000      -   282 2430s
 30264 19426  150.00000  109  713          -  150.00000      -   282 2435s
 30318 19455 infeasible  133               -  150.00000      -   282 2440s
 30362 19495  150.00000  112  409          -  150.00000      -   283 2445s
 30399 19521 infeasible  124               -  150.00000      -   283 2451s
 30407 19521  150.00000  117  625          -  150.00000      -   284 2455s
 30456 19554 infeasible  134               -  150.00000      -   284 2460s
 30489 19557  150.00000   94  202          -  150.00000      -   284 2465s
 30573 19630  150.00000  134  445          -  150.00000      -   284 2470s
 30606 19656  150.00000  151  294          -  150.00000      -   285 2478s
 30617 19658 infeasible  158               -  150.00000      -   285 2480s
 30677 19710  150.00000  137  503          -  150.00000      -   284 2485s
 30711 19739  150.00000  151  757          -  150.00000      -   285 2490s
 30735 19753 infeasible  164               -  150.00000      -   285 2495s
 30812 19802  150.00000  129  451          -  150.00000      -   285 2500s
 30877 19860  150.00000  163  634          -  150.00000      -   285 2505s
 30941 19892 infeasible  174               -  150.00000      -   285 2510s
 30945 19890  150.00000  177  643          -  150.00000      -   285 2527s
 30947 19890  150.00000  116  271          -  150.00000      -   285 2530s
 30951 19894  150.00000  119  450          -  150.00000      -   285 2535s
 30962 19905  150.00000  126  540          -  150.00000      -   285 2541s
 30964 19905  150.00000  125  493          -  150.00000      -   285 2546s
 31009 19945 infeasible  141               -  150.00000      -   286 2550s
 31080 19989  150.00000  114  212          -  150.00000      -   286 2555s
 31142 20033  150.00000  138  528          -  150.00000      -   286 2560s
 31210 20075 infeasible  124               -  150.00000      -   286 2565s
 31284 20124 infeasible  159               -  150.00000      -   286 2570s
 31334 20156  150.00000  134  383          -  150.00000      -   286 2575s
 31373 20166 infeasible  130               -  150.00000      -   286 2580s
 31397 20168 infeasible  139               -  150.00000      -   286 2585s
 31531 20262  150.00000   64  310          -  150.00000      -   286 2590s
 31643 20368  150.00000  116  412          -  150.00000      -   286 2595s
 31714 20433  150.00000  152  522          -  150.00000      -   285 2600s
 31753 20460  150.00000  171  573          -  150.00000      -   286 2605s
 31773 20471 infeasible  184               -  150.00000      -   286 2610s
 31790 20470  150.00000  120  698          -  150.00000      -   286 2615s
 31874 20541  150.00000  152  777          -  150.00000      -   286 2620s
 31923 20565  150.00000  100  312          -  150.00000      -   286 2625s
 32013 20641 infeasible  140               -  150.00000      -   286 2630s
 32073 20683  150.00000  109  425          -  150.00000      -   286 2635s
 32168 20763  150.00000  161  535          -  150.00000      -   286 2640s
 32202 20779 infeasible  176               -  150.00000      -   286 2645s
 32252 20809 infeasible  144               -  150.00000      -   286 2650s
 32317 20854  150.00000  144  245          -  150.00000      -   286 2655s
 32384 20895  150.00000  113  451          -  150.00000      -   286 2660s
 32457 20960  150.00000  138  537          -  150.00000      -   286 2665s
 32548 21007  150.00000   94  154          -  150.00000      -   286 2670s
 32665 21110  150.00000  151  690          -  150.00000      -   286 2675s
 32695 21119  150.00000   95  400          -  150.00000      -   286 2680s
 32784 21197  150.00000  127  543          -  150.00000      -   286 2685s
 32818 21225  150.00000  149  386          -  150.00000      -   286 2690s
 32849 21256  150.00000  164  369          -  150.00000      -   286 2695s
 32901 21269 infeasible  134               -  150.00000      -   287 2700s
 32952 21299 infeasible  144               -  150.00000      -   287 2705s
 33023 21342  150.00000  126  307          -  150.00000      -   287 2710s
 33100 21406  150.00000  168  533          -  150.00000      -   287 2715s
 33180 21435  150.00000  113  516          -  150.00000      -   287 2720s
 33223 21466 infeasible  134               -  150.00000      -   287 2725s
 33349 21577  150.00000  127  453          -  150.00000      -   287 2730s
 33448 21655  150.00000  101  375          -  150.00000      -   286 2735s
 33576 21737 infeasible  182               -  150.00000      -   286 2740s
 33612 21747 infeasible  112               -  150.00000      -   286 2745s
 33647 21775 infeasible  164               -  150.00000      -   287 2750s
 33708 21785 infeasible  186               -  150.00000      -   287 2755s
 33734 21800 infeasible  164               -  150.00000      -   287 2761s
 33770 21806 infeasible  178               -  150.00000      -   287 2765s
 33807 21817 infeasible  163               -  150.00000      -   287 2770s
 33837 21827  150.00000  164  215          -  150.00000      -   288 2775s
 33859 21838  150.00000  174  389          -  150.00000      -   288 2780s
 33918 21875  150.00000  125  643          -  150.00000      -   288 2785s
 33970 21919 infeasible  149               -  150.00000      -   289 2790s
 34014 21937 infeasible  141               -  150.00000      -   289 2795s
 34085 21991  150.00000  136  409          -  150.00000      -   289 2800s
 34133 22015  150.00000  127  573          -  150.00000      -   289 2805s
 34170 22038 infeasible  124               -  150.00000      -   289 2810s
 34195 22057  150.00000  134  387          -  150.00000      -   290 2816s
 34226 22064 infeasible  147               -  150.00000      -   290 2820s
 34263 22078  150.00000  114  278          -  150.00000      -   290 2825s
 34312 22110 infeasible  138               -  150.00000      -   290 2830s
 34351 22126  150.00000  108  501          -  150.00000      -   291 2835s
 34366 22139  150.00000  115  549          -  150.00000      -   291 2840s
 34421 22160  150.00000   96  263          -  150.00000      -   291 2845s
 34468 22194  150.00000  124  407          -  150.00000      -   292 2851s
 34487 22200 infeasible  134               -  150.00000      -   292 2855s
 34575 22248 infeasible  131               -  150.00000      -   292 2860s
 34675 22317  150.00000  137  608          -  150.00000      -   291 2865s
 34715 22341  149.56326  154  589          -  150.00000      -   291 2870s
 34768 22366  150.00000  110  753          -  150.00000      -   291 2875s
 34830 22381  150.00000  131  559          -  150.00000      -   291 2880s
 34890 22417  149.60000  152  674          -  150.00000      -   291 2885s
 34991 22480  150.00000  127  355          -  150.00000      -   291 2890s
 35011 22488 infeasible  134               -  150.00000      -   292 2895s
 35033 22504 infeasible  104               -  150.00000      -   292 2900s
 35087 22532  150.00000  124  128          -  150.00000      -   292 2905s
 35138 22560 infeasible  144               -  150.00000      -   293 2910s
 35205 22598  150.00000  109  339          -  150.00000      -   292 2915s
 35271 22643 infeasible  134               -  150.00000      -   292 2920s
 35364 22717  150.00000  122  220          -  150.00000      -   292 2925s
 35469 22765  150.00000  124  360          -  150.00000      -   292 2930s
 35500 22789  150.00000  144  369          -  150.00000      -   292 2935s
 35538 22820  150.00000  164  386          -  150.00000      -   293 2940s
 35596 22843  150.00000  150  488          -  150.00000      -   293 2945s
 35677 22894 infeasible  137               -  150.00000      -   292 2950s
 35690 22898 infeasible  141               -  150.00000      -   293 2955s
 35707 22908  150.00000  123  412          -  150.00000      -   293 2963s
 35732 22928  150.00000  135  490          -  150.00000      -   293 2965s
 35788 22971 infeasible  164               -  150.00000      -   293 2970s
 35791 22970  150.00000  163  620          -  150.00000      -   293 2988s
 35798 22965  150.00000  114  184          -  150.00000      -   293 2990s
 35803 22970  150.00000  118  356          -  150.00000      -   293 2995s
 35809 22976  150.00000  123  369          -  150.00000      -   293 3001s
 35890 23047  150.00000  164  233          -  150.00000      -   293 3005s
 35996 23108  150.00000  154  322          -  150.00000      -   293 3010s
 36046 23139 infeasible  174               -  150.00000      -   293 3015s
 36090 23152 infeasible  164               -  150.00000      -   293 3020s
 36174 23205  150.00000  149  527          -  150.00000      -   293 3025s
 36231 23238  150.00000  137  681          -  150.00000      -   293 3030s
 36275 23266  150.00000  123  296          -  150.00000      -   294 3035s
 36384 23351 infeasible  170               -  150.00000      -   294 3040s
 36502 23437  150.00000  138  576          -  150.00000      -   293 3045s
 36568 23477 infeasible  124               -  150.00000      -   294 3050s
 36668 23533 infeasible  124               -  150.00000      -   293 3055s
 36756 23610  150.00000  144  231          -  150.00000      -   294 3060s
 36783 23618  150.00000  147  609          -  150.00000      -   294 3065s
 36856 23657  150.00000  168  515          -  150.00000      -   294 3070s
 36964 23735  150.00000  169  495          -  150.00000      -   294 3075s
 37017 23761  150.00000  154  197          -  150.00000      -   294 3080s
 37086 23780  150.00000  145  482          -  150.00000      -   294 3085s
 37175 23825  150.00000  143  602          -  150.00000      -   294 3090s
 37204 23845  150.00000  154  455          -  150.00000      -   294 3095s
 37286 23888  150.00000  106  497          -  150.00000      -   294 3100s
 37340 23923  150.00000   59  298          -  150.00000      -   295 3105s
 37430 24009  150.00000  114  285          -  150.00000      -   295 3110s
 37559 24098  150.00000   72  498          -  150.00000      -   294 3115s
 37669 24195  150.00000  135  411          -  150.00000      -   294 3120s
 37717 24227 infeasible  153               -  150.00000      -   294 3125s
 37817 24310  150.00000  130  722          -  150.00000      -   294 3130s
 37847 24326  150.00000   88  533          -  150.00000      -   295 3135s
 37934 24394  150.00000  114  246          -  150.00000      -   295 3140s
 38022 24449 infeasible  152               -  150.00000      -   295 3145s
 38082 24484  150.00000  104  235          -  150.00000      -   295 3150s
 38157 24543  150.00000   94  219          -  150.00000      -   295 3155s
 38225 24600  150.00000  125  434          -  150.00000      -   295 3160s
 38251 24613  150.00000  134  278          -  150.00000      -   296 3165s
 38337 24671  150.00000  114  274          -  150.00000      -   295 3170s
 38404 24731  150.00000  144  395          -  150.00000      -   295 3175s
 38429 24742 infeasible  155               -  150.00000      -   296 3180s
 38471 24755 infeasible  134               -  150.00000      -   296 3185s
 38562 24825  150.00000  136  354          -  150.00000      -   296 3190s
 38634 24865  150.00000   86  453          -  150.00000      -   296 3195s
 38690 24912 infeasible  117               -  150.00000      -   296 3200s
 38727 24923  150.00000  128  670          -  150.00000      -   296 3205s
 38802 24979  150.00000  114  268          -  150.00000      -   296 3210s
 38900 25045  150.00000  114  185          -  150.00000      -   296 3215s
 38955 25072  150.00000   80  225          -  150.00000      -   296 3220s
 39051 25139  150.00000  143  438          -  150.00000      -   296 3225s
 39170 25229 infeasible  134               -  150.00000      -   296 3230s
 39263 25302 infeasible  164               -  150.00000      -   296 3235s
 39386 25397 infeasible  165               -  150.00000      -   296 3240s
 39495 25450  150.00000  120  393          -  150.00000      -   295 3245s
 39561 25492 infeasible  146               -  150.00000      -   295 3250s
 39631 25532 infeasible  142               -  150.00000      -   295 3255s
 39671 25554 infeasible  133               -  150.00000      -   296 3260s
 39679 25552 infeasible  133               -  150.00000      -   296 3265s
 39718 25576  150.00000  177  478          -  150.00000      -   297 3270s
 39779 25601  150.00000  139  448          -  150.00000      -   296 3275s
 39843 25629  150.00000   92  494          -  150.00000      -   297 3280s
 39955 25697 infeasible  119               -  150.00000      -   296 3285s
 40032 25747  150.00000  121  430          -  150.00000      -   296 3290s
 40111 25785  150.00000  119  605          -  150.00000      -   296 3295s
 40218 25837  150.00000  114  372          -  150.00000      -   296 3300s
 40273 25866 infeasible  124               -  150.00000      -   296 3305s
 40309 25886 infeasible  144               -  150.00000      -   297 3310s
 40345 25897  150.00000  104  233          -  150.00000      -   297 3315s
 40410 25934 infeasible  109               -  150.00000      -   297 3320s
 40441 25943  150.00000  138  286          -  150.00000      -   297 3325s
 40499 25964 infeasible  163               -  150.00000      -   297 3330s
 40533 25979  150.00000  121  443          -  150.00000      -   298 3357s
 40539 25977  150.00000  106  457          -  150.00000      -   298 3360s
 40544 25982  150.00000  109  473          -  150.00000      -   298 3366s
 40548 25986  150.00000  112  494          -  150.00000      -   298 3370s
 40556 25992 infeasible  115               -  150.00000      -   298 3375s
 40604 26033  150.00000  136  688          -  150.00000      -   298 3380s
 40675 26075  150.00000   71  261          -  150.00000      -   298 3385s
 40797 26172  150.00000  144  178          -  150.00000      -   298 3390s
 40812 26184  150.00000  154  234          -  150.00000      -   298 3395s
 40901 26229 infeasible  189               -  150.00000      -   297 3400s
 40987 26270  150.00000  144  181          -  150.00000      -   297 3405s
 41054 26298  150.00000  128  295          -  150.00000      -   297 3410s
 41141 26353  150.00000   80  228          -  150.00000      -   297 3415s
 41247 26451  150.00000  130  315          -  150.00000      -   297 3420s
 41309 26495  150.00000   97  600          -  150.00000      -   297 3425s
 41364 26540  150.00000  122  387          -  150.00000      -   297 3430s
 41408 26567  150.00000  151  404          -  150.00000      -   298 3435s
 41434 26574 infeasible  137               -  150.00000      -   298 3440s
 41488 26592  150.00000  139  481          -  150.00000      -   298 3445s
 41551 26628  150.00000  137  402          -  150.00000      -   298 3450s
 41654 26681  150.00000  114  372          -  150.00000      -   298 3455s
 41770 26770  150.00000  124  429          -  150.00000      -   298 3460s
 41878 26837 infeasible  123               -  150.00000      -   298 3465s
 41983 26907  150.00000  129  482          -  150.00000      -   297 3470s
 42037 26951 infeasible  157               -  150.00000      -   298 3475s
 42105 26980 infeasible  135               -  150.00000      -   297 3480s
 42213 27033  150.00000  107  312          -  150.00000      -   297 3485s
 42340 27121  150.00000  140  499          -  150.00000      -   297 3490s
 42453 27211  150.00000  145  495          -  150.00000      -   297 3495s
 42516 27245  150.00000  114  192          -  150.00000      -   297 3500s
 42618 27318  150.00000  126  363          -  150.00000      -   296 3505s
 42720 27391  150.00000  152  447          -  150.00000      -   296 3510s
 42762 27412  150.00000  139  326          -  150.00000      -   297 3515s
 42833 27450  150.00000  122  221          -  150.00000      -   296 3520s
 42895 27502  150.00000  152  727          -  150.00000      -   297 3525s
 42951 27541 infeasible  183               -  150.00000      -   297 3530s
 42995 27546  150.00000  163  634          -  150.00000      -   297 3535s
 43023 27558 infeasible  174               -  150.00000      -   297 3540s
 43037 27560  150.00000  134  178          -  150.00000      -   298 3545s
 43103 27594 infeasible  144               -  150.00000      -   297 3550s
 43186 27637  150.00000  128  286          -  150.00000      -   297 3555s
 43252 27692 infeasible  166               -  150.00000      -   298 3560s
 43277 27706 infeasible  174               -  150.00000      -   298 3565s
 43320 27716 infeasible  131               -  150.00000      -   298 3570s
 43344 27730 infeasible  144               -  150.00000      -   299 3575s
 43388 27752  150.00000  128  516          -  150.00000      -   299 3580s
 43451 27803 infeasible  164               -  150.00000      -   299 3585s
 43560 27875  150.00000  135  631          -  150.00000      -   299 3590s
 43620 27915  150.00000  160  503          -  150.00000      -   299 3595s

Cutting planes:
  Gomory: 36
  Cover: 317
  Implied bound: 31
  Projected implied bound: 1
  Clique: 88
  MIR: 32
  StrongCG: 23
  Flow cover: 119
  GUB cover: 2
  Zero half: 53
  RLT: 1
  Relax-and-lift: 31

Explored 43664 nodes (13091905 simplex iterations) in 3600.01 seconds (2932.44 work units)
Thread count was 1 (of 8 available processors)

Solution count 0

Time limit reached
Best objective -, best bound 1.500000000000e+02, gap -
