
Gurobi 11.0.1 (win64) logging started Thu Mar 14 08:01:46 2024

Set parameter LogFile to value "C:\Projetos\Job_Rotation_Algorithms\Outputs\GurobiLogs\gurobi_log-output-14_ros-c27-CostaMirallesModel-NoExtraConstraint-2.log"
Gurobi Optimizer version 11.0.1 build v11.0.1rc0 (win64 - Windows 10.0 (19045.2))

CPU model: 11th Gen Intel(R) Core(TM) i7-1165G7 @ 2.80GHz, instruction set [SSE2|AVX|AVX2|AVX512]
Thread count: 4 physical cores, 8 logical processors, using up to 1 threads


Gurobi 11.0.1 (win64) logging started Fri Mar 15 00:39:11 2024

Set parameter LogFile to value "C:\Projetos\Job_Rotation_Algorithms\Outputs\GurobiLogs\gurobi_log-output-14_ros-c27-CostaMirallesModel-NoExtraConstraint-2.log"
Gurobi Optimizer version 11.0.1 build v11.0.1rc0 (win64 - Windows 10.0 (19045.2))

CPU model: 11th Gen Intel(R) Core(TM) i7-1165G7 @ 2.80GHz, instruction set [SSE2|AVX|AVX2|AVX512]
Thread count: 4 physical cores, 8 logical processors, using up to 1 threads


Gurobi 11.0.1 (win64) logging started Sat Mar 16 12:25:47 2024

Set parameter LogFile to value "C:\Projetos\Job_Rotation_Algorithms\Outputs\GurobiLogs\gurobi_log-output-14_ros-c27-CostaMirallesModel-NoExtraConstraint-2.log"
Gurobi Optimizer version 11.0.1 build v11.0.1rc0 (win64 - Windows 10.0 (19045.2))

CPU model: 11th Gen Intel(R) Core(TM) i7-1165G7 @ 2.80GHz, instruction set [SSE2|AVX|AVX2|AVX512]
Thread count: 4 physical cores, 8 logical processors, using up to 1 threads


Gurobi 11.0.1 (win64) logging started Sat Mar 16 22:22:18 2024

Set parameter LogFile to value "C:\Projetos\Job_Rotation_Algorithms\Outputs\GurobiLogs\gurobi_log-output-14_ros-c27-CostaMirallesModel-NoExtraConstraint-2.log"
Gurobi Optimizer version 11.0.1 build v11.0.1rc0 (win64 - Windows 10.0 (19045.2))

CPU model: 11th Gen Intel(R) Core(TM) i7-1165G7 @ 2.80GHz, instruction set [SSE2|AVX|AVX2|AVX512]
Thread count: 4 physical cores, 8 logical processors, using up to 1 threads

WLS license 901039 - registered to Bitka Analytics
Optimize a model with 412 rows, 763 columns and 5887 nonzeros
Model fingerprint: 0x95ec9b73
Variable types: 2 continuous, 761 integer (761 binary)
Coefficient statistics:
  Matrix range     [1e+00, 3e+01]
  Objective range  [1e+00, 1e+00]
  Bounds range     [1e+00, 5e+01]
  RHS range        [1e+00, 5e+01]
Presolve removed 49 rows and 141 columns
Presolve time: 0.05s
Presolved: 363 rows, 622 columns, 4369 nonzeros
Variable types: 0 continuous, 622 integer (621 binary)

Root relaxation: objective 5.000000e+01, 385 iterations, 0.02 seconds (0.01 work units)

    Nodes    |    Current Node    |     Objective Bounds      |     Work
 Expl Unexpl |  Obj  Depth IntInf | Incumbent    BestBd   Gap | It/Node Time

     0     0   50.00000    0   15          -   50.00000      -     -    0s
     0     0   50.00000    0  123          -   50.00000      -     -    0s
     0     0   50.00000    0   99          -   50.00000      -     -    0s
     0     0   50.00000    0   32          -   50.00000      -     -    0s
     0     0   50.00000    0   50          -   50.00000      -     -    0s
     0     0   50.00000    0   76          -   50.00000      -     -    0s
     0     0   50.00000    0   76          -   50.00000      -     -    0s
     0     2   50.00000    0   76          -   50.00000      -     -    0s
H  196    59                      32.0000000   50.00000  56.2%  42.5    0s
H  227    43                      33.0000000   50.00000  51.5%  45.1    0s
H  557    49                      36.0000000   50.00000  38.9%  77.1    1s
H  571    51                      39.0000000   50.00000  28.2%  76.6    1s

Cutting planes:
  Cover: 740
  Implied bound: 63
  Clique: 64
  MIR: 47
  StrongCG: 8
  GUB cover: 12
  Inf proof: 7
  Zero half: 5
  RLT: 5

Explored 798 nodes (70074 simplex iterations) in 3.08 seconds (2.50 work units)
Thread count was 1 (of 8 available processors)

Solution count 4: 39 36 33 32 

Optimal solution found (tolerance 1.00e-03)
Best objective 3.900000000000e+01, best bound 3.900000000000e+01, gap 0.0000%
