
Gurobi 11.0.1 (win64) logging started Mon Apr  1 12:43:58 2024

Set parameter LogFile to value "C:\Projetos\Job_Rotation_Algorithms\Outputs\GurobiLogs\gurobi_log-output-78_ton-c71-CostaMirallesModel-NoExtraConstraint-2.log"
Gurobi Optimizer version 11.0.1 build v11.0.1rc0 (win64 - Windows 10.0 (19045.2))

CPU model: 11th Gen Intel(R) Core(TM) i7-1165G7 @ 2.80GHz, instruction set [SSE2|AVX|AVX2|AVX512]
Thread count: 4 physical cores, 8 logical processors, using up to 1 threads


Gurobi 11.0.1 (win64) logging started Mon Apr  1 21:31:54 2024

Set parameter LogFile to value "C:\Projetos\Job_Rotation_Algorithms\Outputs\GurobiLogs\gurobi_log-output-78_ton-c71-CostaMirallesModel-NoExtraConstraint-2.log"
Gurobi Optimizer version 11.0.1 build v11.0.1rc0 (win64 - Windows 10.0 (19045.2))

CPU model: 11th Gen Intel(R) Core(TM) i7-1165G7 @ 2.80GHz, instruction set [SSE2|AVX|AVX2|AVX512]
Thread count: 4 physical cores, 8 logical processors, using up to 1 threads


Gurobi 11.0.1 (win64) logging started Thu Apr  4 23:29:47 2024

Set parameter LogFile to value "C:\Projetos\Job_Rotation_Algorithms\Outputs\GurobiLogs\gurobi_log-output-78_ton-c71-CostaMirallesModel-NoExtraConstraint-2.log"
Gurobi Optimizer version 11.0.1 build v11.0.1rc0 (win64 - Windows 10.0 (19045.2))

CPU model: 11th Gen Intel(R) Core(TM) i7-1165G7 @ 2.80GHz, instruction set [SSE2|AVX|AVX2|AVX512]
Thread count: 4 physical cores, 8 logical processors, using up to 1 threads


Gurobi 11.0.1 (win64) logging started Sat Apr  6 12:58:37 2024

Set parameter LogFile to value "C:\Projetos\Job_Rotation_Algorithms\Outputs\GurobiLogs\gurobi_log-output-78_ton-c71-CostaMirallesModel-NoExtraConstraint-2.log"
Gurobi Optimizer version 11.0.1 build v11.0.1rc0 (win64 - Windows 10.0 (19045.2))

CPU model: 11th Gen Intel(R) Core(TM) i7-1165G7 @ 2.80GHz, instruction set [SSE2|AVX|AVX2|AVX512]
Thread count: 4 physical cores, 8 logical processors, using up to 1 threads


Gurobi 11.0.1 (win64) logging started Sun Apr  7 02:32:15 2024

Set parameter LogFile to value "C:\Projetos\Job_Rotation_Algorithms\Outputs\GurobiLogs\gurobi_log-output-78_ton-c71-CostaMirallesModel-NoExtraConstraint-2.log"
Gurobi Optimizer version 11.0.1 build v11.0.1rc0 (win64 - Windows 10.0 (19045.2))

CPU model: 11th Gen Intel(R) Core(TM) i7-1165G7 @ 2.80GHz, instruction set [SSE2|AVX|AVX2|AVX512]
Thread count: 4 physical cores, 8 logical processors, using up to 1 threads


Gurobi 11.0.1 (win64) logging started Sun Apr  7 09:45:08 2024

Set parameter LogFile to value "C:\Projetos\Job_Rotation_Algorithms\Outputs\GurobiLogs\gurobi_log-output-78_ton-c71-CostaMirallesModel-NoExtraConstraint-2.log"
Gurobi Optimizer version 11.0.1 build v11.0.1rc0 (win64 - Windows 10.0 (19045.2))

CPU model: 11th Gen Intel(R) Core(TM) i7-1165G7 @ 2.80GHz, instruction set [SSE2|AVX|AVX2|AVX512]
Thread count: 4 physical cores, 8 logical processors, using up to 1 threads


Gurobi 11.0.1 (win64) logging started Tue Apr  9 08:03:29 2024

Set parameter LogFile to value "C:\Projetos\Job_Rotation_Algorithms\Outputs\GurobiLogs\gurobi_log-output-78_ton-c71-CostaMirallesModel-NoExtraConstraint-2.log"
Gurobi Optimizer version 11.0.1 build v11.0.1rc0 (win64 - Windows 10.0 (19045.2))

CPU model: 11th Gen Intel(R) Core(TM) i7-1165G7 @ 2.80GHz, instruction set [SSE2|AVX|AVX2|AVX512]
Thread count: 4 physical cores, 8 logical processors, using up to 1 threads


Gurobi 11.0.1 (win64) logging started Wed Apr 10 17:32:34 2024

Set parameter LogFile to value "C:\Projetos\Job_Rotation_Algorithms\Outputs\GurobiLogs\gurobi_log-output-78_ton-c71-CostaMirallesModel-NoExtraConstraint-2.log"
Gurobi Optimizer version 11.0.1 build v11.0.1rc0 (win64 - Windows 10.0 (19045.2))

CPU model: 11th Gen Intel(R) Core(TM) i7-1165G7 @ 2.80GHz, instruction set [SSE2|AVX|AVX2|AVX512]
Thread count: 4 physical cores, 8 logical processors, using up to 1 threads


Gurobi 11.0.1 (win64) logging started Thu Apr 11 01:38:30 2024

Set parameter LogFile to value "C:\Projetos\Job_Rotation_Algorithms\Outputs\GurobiLogs\gurobi_log-output-78_ton-c71-CostaMirallesModel-NoExtraConstraint-2.log"
Gurobi Optimizer version 11.0.1 build v11.0.1rc0 (win64 - Windows 10.0 (19045.2))

CPU model: 11th Gen Intel(R) Core(TM) i7-1165G7 @ 2.80GHz, instruction set [SSE2|AVX|AVX2|AVX512]
Thread count: 4 physical cores, 8 logical processors, using up to 1 threads


Gurobi 11.0.1 (win64) logging started Sun Apr 14 04:47:08 2024

Set parameter LogFile to value "C:\Projetos\Job_Rotation_Algorithms\Outputs\GurobiLogs\gurobi_log-output-78_ton-c71-CostaMirallesModel-NoExtraConstraint-2.log"
Gurobi Optimizer version 11.0.1 build v11.0.1rc0 (win64 - Windows 10.0 (19045.2))

CPU model: 11th Gen Intel(R) Core(TM) i7-1165G7 @ 2.80GHz, instruction set [SSE2|AVX|AVX2|AVX512]
Thread count: 4 physical cores, 8 logical processors, using up to 1 threads

WLS license 901038 - registered to Bitka Analytics
Optimize a model with 5189 rows, 36910 columns and 866884 nonzeros
Model fingerprint: 0x417e38ff
Variable types: 2 continuous, 36908 integer (36908 binary)
Coefficient statistics:
  Matrix range     [1e+00, 3e+02]
  Objective range  [1e+00, 1e+00]
  Bounds range     [1e+00, 1e+02]
  RHS range        [1e+00, 1e+02]
Presolve removed 72 rows and 2486 columns (presolve time = 5s) ...
Presolve added 1547 rows and 0 columns
Presolve removed 0 rows and 3281 columns
Presolve time: 5.36s
Presolved: 6736 rows, 33629 columns, 215512 nonzeros
Variable types: 0 continuous, 33629 integer (32154 binary)

Root simplex log...

Iteration    Objective       Primal Inf.    Dual Inf.      Time
       0    9.5700000e+02   1.417250e+03   0.000000e+00      6s
    8042    1.4000000e+02   0.000000e+00   0.000000e+00      7s

Root relaxation: objective 1.400000e+02, 8042 iterations, 1.55 seconds (2.19 work units)

    Nodes    |    Current Node    |     Objective Bounds      |     Work
 Expl Unexpl |  Obj  Depth IntInf | Incumbent    BestBd   Gap | It/Node Time

     0     0  140.00000    0  184          -  140.00000      -     -    8s
     0     0  140.00000    0  714          -  140.00000      -     -    8s
     0     0  140.00000    0  714          -  140.00000      -     -    8s
     0     0  140.00000    0  205          -  140.00000      -     -   21s
     0     0  140.00000    0  202          -  140.00000      -     -   21s
     0     0  140.00000    0 1200          -  140.00000      -     -   24s
     0     0  140.00000    0  982          -  140.00000      -     -   25s
     0     0  140.00000    0  965          -  140.00000      -     -   25s
     0     0  140.00000    0  943          -  140.00000      -     -   25s
     0     0  140.00000    0  927          -  140.00000      -     -   25s
     0     0  140.00000    0  232          -  140.00000      -     -   31s
     0     0  140.00000    0  230          -  140.00000      -     -   31s
     0     0  140.00000    0  244          -  140.00000      -     -   31s
     0     0  140.00000    0  244          -  140.00000      -     -   31s
     0     0  140.00000    0  230          -  140.00000      -     -   34s
     0     0  140.00000    0  337          -  140.00000      -     -   34s
     0     0  140.00000    0  335          -  140.00000      -     -   34s
     0     0  140.00000    0  286          -  140.00000      -     -   37s
     0     0  140.00000    0  288          -  140.00000      -     -   37s
     0     0  140.00000    0  508          -  140.00000      -     -   37s
     0     0  140.00000    0  589          -  140.00000      -     -   38s
     0     0  140.00000    0  584          -  140.00000      -     -   38s
     0     0  140.00000    0  571          -  140.00000      -     -   38s
     0     0  140.00000    0  532          -  140.00000      -     -   38s
     0     0  140.00000    0  530          -  140.00000      -     -   38s
     0     0  140.00000    0  262          -  140.00000      -     -   41s
     0     0  140.00000    0  259          -  140.00000      -     -   41s
     0     0  140.00000    0  233          -  140.00000      -     -   42s
     0     2  140.00000    0  229          -  140.00000      -     -   47s
    45    47  140.00000   28  293          -  140.00000      -   157   50s
   163   123  140.00000   69 1086          -  140.00000      -   172   55s
   265   178  140.00000   67 1186          -  140.00000      -   192   60s
   352   209  140.00000   64 1451          -  140.00000      -   218   65s
   421   258  140.00000   79  403          -  140.00000      -   246   70s
   540   339  140.00000   55  534          -  140.00000      -   217   75s
   683   413  140.00000   42  433          -  140.00000      -   203   80s
   693   420  140.00000   76  714          -  140.00000      -   201  113s
   695   421  140.00000  117  187          -  140.00000      -   201  117s
   697   423  138.00000  139 1149          -  140.00000      -   200  122s
   698   423  140.00000   84  338          -  140.00000      -   200  127s
   700   425  139.00000   85  400          -  140.00000      -   199  136s
   702   426  140.00000   57  336          -  140.00000      -   199  143s
   703   427  140.00000   83  857          -  140.00000      -   198  145s
   704   427  139.00000   81  392          -  140.00000      -   198  151s
   706   429  140.00000   88  298          -  140.00000      -   198  158s
   707   429  140.00000   72 1271          -  140.00000      -   197  161s
   709   431  140.00000   84  587          -  140.00000      -   197  170s
   711   434  140.00000   16  518          -  140.00000      -   587  175s
   720   440  140.00000   20  504          -  140.00000      -   582  180s
   723   442  140.00000   22  544          -  140.00000      -   580  202s
   730   447  140.00000   25  476          -  140.00000      -   576  205s
   864   506  140.00000   71  470          -  140.00000      -   506  210s
   903   514  140.00000   51  598          -  140.00000      -   489  215s
   971   551 infeasible   85               -  140.00000      -   467  220s
   992   549  140.00000   70  224          -  140.00000      -   462  225s
  1009   541  140.00000   65  357          -  140.00000      -   459  230s
  1025   551  140.00000   73  284          -  140.00000      -   454  235s
  1049   551 infeasible   85               -  140.00000      -   447  240s
  1068   552  140.00000   75  258          -  140.00000      -   443  245s
  1229   586 infeasible   83               -  140.00000      -   399  250s
  1429   629  140.00000   82  342          -  140.00000      -   356  255s
  1595   655  139.00000   93  354          -  140.00000      -   330  260s
  1808   661 infeasible   78               -  140.00000      -   302  265s
  2016   692  140.00000   73  279          -  140.00000      -   279  270s
  2199   718  140.00000   75  264          -  140.00000      -   262  275s
  2351   780  140.00000   75  440          -  140.00000      -   250  280s
  2523   852  140.00000   99  235          -  140.00000      -   241  285s
  2736   920  140.00000   85  320          -  140.00000      -   229  290s
  2965   969  139.00000   81  315          -  140.00000      -   217  295s
  3214  1094 infeasible   87               -  140.00000      -   206  300s
  3359  1139  140.00000   53  685          -  140.00000      -   204  305s
  3518  1224  140.00000   75  254          -  140.00000      -   200  310s
  3767  1316  140.00000   71  834          -  140.00000      -   191  315s
  3995  1397  140.00000   66  279          -  140.00000      -   186  320s
  4282  1541  140.00000   86  456          -  140.00000      -   178  325s
  4556  1649  140.00000   75  589          -  140.00000      -   171  330s
  4790  1757  140.00000   86  285          -  140.00000      -   167  335s
  5073  1848  140.00000  108  335          -  140.00000      -   161  340s
  5144  1881  140.00000   84  450          -  140.00000      -   160  345s
  5338  1989  140.00000   73  827          -  140.00000      -   158  350s
  5519  2075 infeasible   93               -  140.00000      -   157  355s
  5690  2129  140.00000   96  407          -  140.00000      -   156  360s
  5939  2238  140.00000   78  247          -  140.00000      -   152  365s
  6206  2353  140.00000   97  441          -  140.00000      -   149  370s
  6472  2447  140.00000   84  298          -  140.00000      -   146  375s
  6700  2574  140.00000   94  631          -  140.00000      -   144  380s
  6942  2609  140.00000   98  354          -  140.00000      -   142  385s
  7210  2676 infeasible   92               -  140.00000      -   139  390s
  7448  2778 infeasible  114               -  140.00000      -   137  395s
  7726  2851  140.00000  106  446          -  140.00000      -   135  400s
  8006  2913  140.00000   93  586          -  140.00000      -   132  405s
  8358  2999 infeasible   97               -  140.00000      -   129  410s
  8706  3092 infeasible  125               -  140.00000      -   126  415s
  9015  3146 infeasible  103               -  140.00000      -   124  420s
  9326  3188  140.00000  110  431          -  140.00000      -   121  425s
  9668  3248  140.00000   98  278          -  140.00000      -   119  430s
 10012  3271  140.00000  103  467          -  140.00000      -   116  435s
 10202  3343  140.00000  116  177          -  140.00000      -   115  530s
 10483  3412 infeasible  131               -  140.00000      -   113  535s
 10817  3397 infeasible  118               -  140.00000      -   111  540s
 11195  3403 infeasible   92               -  140.00000      -   109  545s
 11528  3497 infeasible   96               -  140.00000      -   108  550s
 11915  3580 infeasible  103               -  140.00000      -   106  555s
 12285  3656  140.00000   96  297          -  140.00000      -   104  560s
 12672  3755  140.00000  109  274          -  140.00000      -   102  565s
 13074  3781 infeasible  112               -  140.00000      -   100  570s
 13498  3797 infeasible  117               -  140.00000      -  98.1  575s
 13911  3843 infeasible  131               -  140.00000      -  96.2  580s
 14330  3842 infeasible  121               -  140.00000      -  94.3  585s
 14756  3881 infeasible  134               -  140.00000      -  92.6  590s
 15207  3869 infeasible  126               -  140.00000      -  90.7  595s
 15355  3874  140.00000  104  257          -  140.00000      -  90.1  600s
 15742  3964  140.00000  106  404          -  140.00000      -  89.1  605s
 16107  4019  140.00000   99  405          -  140.00000      -  88.4  610s
 16537  4073  140.00000  117  208          -  140.00000      -  87.2  615s
 16972  4102  140.00000  101  376          -  140.00000      -  86.2  620s
 17260  4187  140.00000   84  715          -  140.00000      -  85.7  625s
 17571  4304  140.00000   90  377          -  140.00000      -  85.4  630s
 18004  4397 infeasible   80               -  140.00000      -  84.3  635s
 18478  4469  140.00000  104  268          -  140.00000      -  83.1  640s
 18905  4504 infeasible   97               -  140.00000      -  82.1  645s
 19154  4627  140.00000   83  664          -  140.00000      -  81.9  650s
 19534  4753  140.00000   90  477          -  140.00000      -  81.3  655s
 19831  4927 infeasible  106               -  140.00000      -  81.1  660s
 20141  5043 infeasible   99               -  140.00000      -  80.7  665s
 20404  5090  140.00000  103  372          -  140.00000      -  80.3  672s
 20630  5124 infeasible  102               -  140.00000      -  79.9  675s
 20956  5198  140.00000   91  416          -  140.00000      -  79.5  680s
 21354  5324 infeasible  122               -  140.00000      -  78.9  685s
 21729  5370 infeasible   97               -  140.00000      -  78.4  690s
 22095  5436 infeasible  109               -  140.00000      -  77.9  695s
 22468  5455 infeasible  110               -  140.00000      -  77.4  700s
 22837  5528  140.00000  102  289          -  140.00000      -  77.1  705s
 23212  5560  140.00000  100  342          -  140.00000      -  76.6  710s
 23471  5619  140.00000  115  420          -  140.00000      -  76.5  734s
 23483  5607 infeasible   89               -  140.00000      -  76.5  735s
 23513  5579  140.00000   71  409          -  140.00000      -  76.7  740s
 23523  5583  140.00000   76  416          -  140.00000      -  76.8  745s
 23539  5583 infeasible   76               -  140.00000      -  77.0  750s
 23563  5565  140.00000   57  715          -  140.00000      -  77.1  755s
 23927  5630 infeasible  112               -  140.00000      -  76.6  760s
 24370  5631  140.00000   99  205          -  140.00000      -  76.0  765s
 24835  5641  139.98954   83  615          -  140.00000      -  75.2  770s
 25286  5708  140.00000  116  321          -  140.00000      -  74.7  775s
 25505  5769 infeasible  127               -  140.00000      -  74.5  780s
 25907  5792  140.00000  119  399          -  140.00000      -  73.9  785s
 26371  5899  140.00000   92  428          -  140.00000      -  73.5  790s
 26793  6026 infeasible  123               -  140.00000      -  73.2  795s
 27202  6089 infeasible  117               -  140.00000      -  72.8  800s
 27659  6110 infeasible  104               -  140.00000      -  72.2  805s
 28047  6156 infeasible  110               -  140.00000      -  72.0  810s
 28463  6213 infeasible  100               -  140.00000      -  71.7  815s
 28897  6210 infeasible  115               -  140.00000      -  71.2  820s
 29295  6224 infeasible  108               -  140.00000      -  70.9  825s
 29745  6270  139.25000   91  374          -  140.00000      -  70.4  830s
 30230  6304 infeasible  120               -  140.00000      -  69.9  835s
 30604  6300  140.00000   91  257          -  140.00000      -  69.7  840s
 30687  6301  140.00000   81  237          -  140.00000      -  69.7  845s
 30962  6372 infeasible  103               -  140.00000      -  69.9  850s
 31352  6430  140.00000   83  221          -  140.00000      -  69.6  855s
 31695  6489 infeasible  107               -  140.00000      -  69.6  860s
 31983  6579  140.00000   98  425          -  140.00000      -  69.5  865s
 32378  6733  140.00000   78  607          -  140.00000      -  69.2  870s
 32625  6865  140.00000   74  571          -  140.00000      -  69.4  875s
 33013  6973 infeasible  101               -  140.00000      -  69.2  880s
 33435  7023 infeasible   97               -  140.00000      -  68.9  885s
 33831  7102 infeasible  107               -  140.00000      -  68.6  890s
 34160  7159 infeasible   99               -  140.00000      -  68.6  895s
 34709  7203  140.00000  115  250          -  140.00000      -  68.0  900s
 35140  7184  140.00000   96  364          -  140.00000      -  67.7  905s
 35620  7282 infeasible   99               -  140.00000      -  67.4  910s
 35752  7290  140.00000   88  392          -  140.00000      -  67.3  915s
 36067  7342  140.00000   85  418          -  140.00000      -  67.3  920s
 36447  7370  140.00000  101  299          -  140.00000      -  67.2  925s
 36775  7365  139.00000   90  483          -  140.00000      -  67.2  930s
 37140  7371  140.00000   95  518          -  140.00000      -  67.1  935s
 37510  7415  140.00000   87  441          -  140.00000      -  67.0  940s
 38001  7488 infeasible   88               -  140.00000      -  66.6  945s
 38418  7634  140.00000   97  531          -  140.00000      -  66.5  950s
 38817  7682 infeasible  114               -  140.00000      -  66.3  955s
 39214  7710 infeasible   99               -  140.00000      -  66.2  960s
 39639  7729  140.00000  106  481          -  140.00000      -  66.0  965s
 40025  7726 infeasible   91               -  140.00000      -  65.9  970s
 40433  7754 infeasible  133               -  140.00000      -  65.8  975s
 40798  7813  140.00000   75  502          -  140.00000      -  65.7  980s
 40923  7837  140.00000   78  607          -  140.00000      -  65.7  985s
 41246  8032  140.00000  111  412          -  140.00000      -  65.6  990s
 41620  8227  140.00000   93  461          -  140.00000      -  65.5  995s
 42023  8409  140.00000   84  561          -  140.00000      -  65.4 1000s
 42439  8568  140.00000   90  323          -  140.00000      -  65.3 1005s
 42880  8736  140.00000  115  412          -  140.00000      -  65.1 1010s
 43320  8857  140.00000  100  292          -  140.00000      -  65.0 1015s
 43713  8989  140.00000   90  496          -  140.00000      -  64.9 1020s
 44063  9146  140.00000   86  323          -  140.00000      -  65.0 1025s
 44408  9301  140.00000  105  388          -  140.00000      -  65.0 1030s
 44735  9432  140.00000   93  328          -  140.00000      -  65.0 1035s
 45204  9598 infeasible  109               -  140.00000      -  64.8 1040s
 45599  9791  140.00000   90  466          -  140.00000      -  64.8 1045s
 45909  9895  140.00000  110  297          -  140.00000      -  64.7 1051s
 46201 10023 infeasible  113               -  140.00000      -  64.6 1055s
 46699 10138 infeasible  118               -  140.00000      -  64.4 1060s
 47135 10212 infeasible  116               -  140.00000      -  64.2 1065s
 47646 10287 infeasible  124               -  140.00000      -  63.9 1070s
 48076 10346 infeasible  112               -  140.00000      -  63.8 1075s
 48551 10422  140.00000  109  618          -  140.00000      -  63.6 1080s
 49063 10521 infeasible  133               -  140.00000      -  63.3 1085s
 49447 10625 infeasible  124               -  140.00000      -  63.3 1090s
 49895 10704  140.00000  105  241          -  140.00000      -  63.1 1095s
 50290 10856 infeasible  124               -  140.00000      -  63.1 1100s
 50677 10980  140.00000   92  648          -  140.00000      -  63.1 1105s
 51010 11148  140.00000  116  251          -  140.00000      -  63.1 1112s
 51206 11187 infeasible  114               -  140.00000      -  63.1 1115s
 51617 11347  140.00000  107  239          -  140.00000      -  63.0 1120s
 52012 11430  140.00000  111  353          -  140.00000      -  63.0 1125s
 52460 11551 infeasible  113               -  140.00000      -  62.9 1130s
 52806 11665 infeasible  103               -  140.00000      -  62.9 1135s
 53220 11834 infeasible  108               -  140.00000      -  62.9 1140s
 53738 11989  140.00000  120  449          -  140.00000      -  62.6 1145s
 54174 12085 infeasible  119               -  140.00000      -  62.6 1150s
 54577 12155  140.00000   92  971          -  140.00000      -  62.5 1155s
 55008 12271  140.00000  110  300          -  140.00000      -  62.4 1160s
 55487 12337 infeasible  113               -  140.00000      -  62.3 1165s
 55956 12413  140.00000  123  513          -  140.00000      -  62.2 1170s
 56111 12453  140.00000  135  242          -  140.00000      -  62.2 1175s
 56526 12563  140.00000  116  245          -  140.00000      -  62.1 1180s
 57029 12645  140.00000  108  479          -  140.00000      -  61.9 1185s
 57483 12737  140.00000  118  310          -  140.00000      -  61.8 1190s
 58056 12808 infeasible  132               -  140.00000      -  61.5 1195s
 58583 12814 infeasible  131               -  140.00000      -  61.2 1200s
 59134 12863 infeasible  119               -  140.00000      -  61.0 1205s
 59716 12888 infeasible  110               -  140.00000      -  60.6 1210s
 60163 12986 infeasible  110               -  140.00000      -  60.6 1215s
 60663 13094  140.00000  130  190          -  140.00000      -  60.4 1220s
 61085 13139  140.00000  101  296          -  140.00000      -  60.4 1225s
 61242 13196 infeasible  113               -  140.00000      -  60.3 1230s
 61706 13310  140.00000  110  558          -  140.00000      -  60.2 1235s
 62134 13385  140.00000  125  283          -  140.00000      -  60.2 1240s
 62598 13458 infeasible  101               -  140.00000      -  60.1 1245s
 63166 13590  140.00000  133  303          -  140.00000      -  59.8 1250s
 63704 13679  140.00000  122  321          -  140.00000      -  59.6 1255s
 64138 13803  140.00000  108  388          -  140.00000      -  59.5 1260s
 64156 13821  140.00000  123  299          -  140.00000      -  59.5 1289s
 64164 13817  140.00000   96  299          -  140.00000      -  59.5 1290s
 64207 13794  140.00000   89  303          -  140.00000      -  59.6 1295s
 64227 13782  140.00000   84  364          -  140.00000      -  59.6 1300s
 64250 13775 infeasible   86               -  140.00000      -  59.7 1305s
 64340 13707  140.00000   96  273          -  140.00000      -  59.7 1310s
 64366 13713 infeasible   95               -  140.00000      -  59.8 1315s
 64441 13748  139.00000  106  322          -  140.00000      -  59.9 1320s
 64915 13982  140.00000  109  298          -  140.00000      -  59.8 1325s
 65382 14209 infeasible  111               -  140.00000      -  59.7 1330s
 65713 14329  140.00000  109  379          -  140.00000      -  59.8 1335s
 66186 14518  140.00000  106  297          -  140.00000      -  59.7 1340s
 66330 14576  140.00000  103  238          -  140.00000      -  59.7 1345s
 66823 14789 infeasible  123               -  140.00000      -  59.6 1350s
 67258 14942  140.00000  139  232          -  140.00000      -  59.6 1355s
 67832 15084  140.00000  117  272          -  140.00000      -  59.4 1360s
 68305 15171  140.00000  110  376          -  140.00000      -  59.2 1365s
 68618 15271  140.00000  102  476          -  140.00000      -  59.2 1370s
 68993 15384  140.00000  103  605          -  140.00000      -  59.2 1375s
 69336 15473 infeasible   91               -  140.00000      -  59.2 1380s
 69766 15563  140.00000  103  351          -  140.00000      -  59.2 1385s
 70136 15730  140.00000  119  613          -  140.00000      -  59.3 1390s
 70592 15861  140.00000  115  532          -  140.00000      -  59.2 1395s
 71004 15962  140.00000  118  219          -  140.00000      -  59.1 1400s
 71414 16110  140.00000   99  608          -  140.00000      -  59.1 1408s
 71534 16175  139.00000   99  328          -  140.00000      -  59.1 1410s
 72033 16343  140.00000  129  266          -  140.00000      -  59.0 1415s
 72438 16463 infeasible  115               -  140.00000      -  59.0 1420s
 72862 16574 infeasible  120               -  140.00000      -  59.0 1425s
 73231 16681  140.00000  107  602          -  140.00000      -  59.0 1430s
 73640 16842  140.00000  103  667          -  140.00000      -  59.0 1435s
 74033 16962  140.00000  112  563          -  140.00000      -  59.1 1440s
 74383 17090  140.00000  108  516          -  140.00000      -  59.2 1445s
 74815 17172 infeasible  122               -  140.00000      -  59.2 1450s
 75180 17234 infeasible  109               -  140.00000      -  59.2 1455s
 75554 17286 infeasible  117               -  140.00000      -  59.2 1460s
 75962 17343 infeasible  137               -  140.00000      -  59.2 1465s
 76384 17418 infeasible  133               -  140.00000      -  59.1 1470s
 76515 17455 infeasible  133               -  140.00000      -  59.1 1475s
 76932 17594 infeasible  137               -  140.00000      -  59.1 1480s
 77328 17673 infeasible  137               -  140.00000      -  59.1 1485s
 77802 17700 infeasible  134               -  140.00000      -  59.0 1490s
 78203 17700 infeasible  115               -  140.00000      -  58.9 1495s
 78708 17837  140.00000  125  313          -  140.00000      -  58.8 1500s
 79211 17982  140.00000  121  347          -  140.00000      -  58.7 1505s
 79642 18151 infeasible  113               -  140.00000      -  58.7 1510s
 80115 18305 infeasible  120               -  140.00000      -  58.6 1515s
 80599 18436 infeasible  102               -  140.00000      -  58.6 1520s
 81017 18618  140.00000  120  250          -  140.00000      -  58.5 1525s
 81328 18714  140.00000  107  545          -  140.00000      -  58.6 1530s
 81616 18827  140.00000  116  235          -  140.00000      -  58.7 1537s
 81810 18895  140.00000  115  308          -  140.00000      -  58.7 1540s
 82292 18983  140.00000  121  287          -  140.00000      -  58.6 1545s
 82849 19002 infeasible  108               -  140.00000      -  58.4 1550s
 83261 19146 infeasible  113               -  140.00000      -  58.5 1555s
 83632 19246 infeasible  115               -  140.00000      -  58.5 1560s
 84067 19377 infeasible  113               -  140.00000      -  58.5 1565s
 84472 19471 infeasible  131               -  140.00000      -  58.5 1570s
 84896 19518 infeasible   93               -  140.00000      -  58.5 1575s
 85387 19570  140.00000  121  298          -  140.00000      -  58.4 1580s
 85793 19617  140.00000  114  349          -  140.00000      -  58.4 1585s
 86252 19711  140.00000  112  273          -  140.00000      -  58.3 1590s
 86709 19783 infeasible  133               -  140.00000      -  58.3 1595s
 86869 19832  140.00000  125  323          -  140.00000      -  58.2 1600s
 87267 19938  140.00000  118  262          -  140.00000      -  58.3 1605s
 87713 20024  140.00000  124  237          -  140.00000      -  58.2 1610s
 88099 20028 infeasible  130               -  140.00000      -  58.2 1615s
 88644 20071 infeasible  127               -  140.00000      -  58.1 1620s
 89125 20129  140.00000  108  482          -  140.00000      -  58.0 1625s
 89595 20183  140.00000  112  393          -  140.00000      -  57.9 1630s
 89859 20275  140.00000  124  510          -  140.00000      -  58.1 1635s
 90281 20392  140.00000  118  268          -  140.00000      -  58.1 1640s
 90713 20448  140.00000  124  424          -  140.00000      -  58.1 1645s
 91168 20535  140.00000  129  322          -  140.00000      -  58.0 1650s
 91626 20614 infeasible  117               -  140.00000      -  58.0 1655s
 91818 20648 infeasible  111               -  140.00000      -  58.0 1660s
 92180 20699  140.00000  107  690          -  140.00000      -  58.0 1665s
 92622 20741  140.00000  110  365          -  140.00000      -  57.9 1670s
 92971 20802  140.00000  123  586          -  140.00000      -  57.9 1675s
 93327 20838 infeasible  125               -  140.00000      -  58.0 1680s
 93733 20871  140.00000  135  312          -  140.00000      -  58.0 1685s
 94126 20873 infeasible  141               -  140.00000      -  58.0 1690s
 94514 20937  140.00000  113  475          -  140.00000      -  57.9 1695s
 94954 21059  140.00000  153  202          -  140.00000      -  57.9 1700s
 95500 21104 infeasible  144               -  140.00000      -  57.7 1705s
 96022 21133  140.00000  147  195          -  140.00000      -  57.6 1710s
 96458 21169  140.00000  143  314          -  140.00000      -  57.5 1715s
 96757 21203  140.00000  114  339          -  140.00000      -  57.6 1720s
 96919 21257 infeasible  146               -  140.00000      -  57.6 1725s
 97345 21337 infeasible  124               -  140.00000      -  57.5 1730s
 97854 21371  140.00000  127  320          -  140.00000      -  57.4 1735s
 98290 21498  140.00000  132  376          -  140.00000      -  57.4 1740s
 98710 21544  140.00000  137  216          -  140.00000      -  57.4 1745s
 99047 21589  140.00000  110  641          -  140.00000      -  57.4 1750s
 99385 21623  140.00000  110  700          -  140.00000      -  57.5 1755s
 99747 21666 infeasible  117               -  140.00000      -  57.5 1760s
 100111 21719  140.00000  114  385          -  140.00000      -  57.6 1765s
 100457 21820 infeasible  119               -  140.00000      -  57.6 1770s
 100877 21852 infeasible  115               -  140.00000      -  57.6 1775s
 101273 21863 infeasible  112               -  140.00000      -  57.6 1780s
 101686 21921 infeasible  114               -  140.00000      -  57.6 1785s
 102020 21971 infeasible  114               -  140.00000      -  57.6 1792s
 102199 21983 infeasible  111               -  140.00000      -  57.6 1795s
 102561 21992 infeasible  108               -  140.00000      -  57.6 1800s
 102896 22036 infeasible  117               -  140.00000      -  57.7 1805s
 103247 22103  140.00000  104  810          -  140.00000      -  57.7 1810s
 103629 22192 infeasible  121               -  140.00000      -  57.7 1815s
 103960 22273  140.00000  120  807          -  140.00000      -  57.8 1820s
 104323 22307 infeasible  127               -  140.00000      -  57.8 1825s
 104741 22403 infeasible  109               -  140.00000      -  57.8 1830s
 105122 22477 infeasible  112               -  140.00000      -  57.8 1835s
 105505 22535 infeasible  129               -  140.00000      -  57.9 1840s
 105923 22648  140.00000  114  634          -  140.00000      -  57.9 1845s
 106266 22648  139.98519  107  619          -  140.00000      -  57.9 1850s
 106751 22697 infeasible  113               -  140.00000      -  57.8 1855s
 107111 22761 infeasible  124               -  140.00000      -  57.9 1860s
 107220 22755 infeasible  124               -  140.00000      -  57.9 1865s
 107703 22779  140.00000  113  428          -  140.00000      -  57.8 1870s
 108168 22797 infeasible  129               -  140.00000      -  57.7 1875s
 108613 22784 infeasible  100               -  140.00000      -  57.7 1880s
 109095 22904  140.00000  141  282          -  140.00000      -  57.6 1885s
 109531 23020 infeasible  103               -  140.00000      -  57.6 1890s
 109919 23054  140.00000  105  380          -  140.00000      -  57.6 1895s
 110421 23077  140.00000  123  347          -  140.00000      -  57.5 1900s
 110821 23193 infeasible  114               -  140.00000      -  57.5 1905s
 111202 23295  140.00000  118  366          -  140.00000      -  57.5 1910s
 111624 23387  140.00000  109  266          -  140.00000      -  57.5 1915s
 111999 23472 infeasible  107               -  140.00000      -  57.6 1920s
 112222 23561  140.00000  113  237          -  140.00000      -  57.5 1925s
 112603 23601 infeasible  106               -  140.00000      -  57.5 1930s
 112869 23670 infeasible   97               -  140.00000      -  57.6 1935s
 113217 23820 infeasible  101               -  140.00000      -  57.6 1940s
 113536 23974 infeasible  108               -  140.00000      -  57.7 1945s
 113890 24155  140.00000  121  606          -  140.00000      -  57.7 1950s
 114360 24293  140.00000  110  426          -  140.00000      -  57.6 1955s
 114708 24434 infeasible  123               -  140.00000      -  57.7 1960s
 115144 24605  140.00000  122  273          -  140.00000      -  57.7 1965s
 115576 24731  140.00000  108  563          -  140.00000      -  57.7 1970s
 116035 24795 infeasible  150               -  140.00000      -  57.6 1975s
 116339 24866  140.00000  107  658          -  140.00000      -  57.7 1980s
 116619 24919  140.00000  119  389          -  140.00000      -  57.8 1985s
 117037 24979  140.00000  123  212          -  140.00000      -  57.8 1990s
 117323 25127  140.00000   89  547          -  140.00000      -  57.7 1996s
 117612 25264 infeasible  115               -  140.00000      -  57.7 2000s
 118025 25414  140.00000  116  384          -  140.00000      -  57.7 2005s
 118517 25416 infeasible  118               -  140.00000      -  57.6 2010s
 118971 25460  140.00000  106  301          -  140.00000      -  57.6 2015s
 119522 25541 infeasible  114               -  140.00000      -  57.5 2020s
 119997 25621 infeasible  138               -  140.00000      -  57.4 2025s
 120446 25655  140.00000  131  353          -  140.00000      -  57.4 2030s
 120849 25754  140.00000  113  447          -  140.00000      -  57.4 2035s
 121272 25804  140.00000  108  467          -  140.00000      -  57.4 2040s
 121716 25940  140.00000  105  400          -  140.00000      -  57.3 2045s
 121929 25955  140.00000  144  267          -  140.00000      -  57.3 2064s
 121940 25944 infeasible   98               -  140.00000      -  57.3 2065s
 121973 25931  140.00000   96  216          -  140.00000      -  57.3 2070s
 121986 25924 infeasible   91               -  140.00000      -  57.4 2075s
 122009 25921 infeasible   90               -  140.00000      -  57.4 2080s
 122192 25974  140.00000  105  317          -  140.00000      -  57.4 2085s
 122424 26027  140.00000   93  374          -  140.00000      -  57.4 2090s
 122797 26128 infeasible  112               -  140.00000      -  57.4 2095s
 123190 26261 infeasible  117               -  140.00000      -  57.4 2100s
 123608 26280  140.00000  126  287          -  140.00000      -  57.4 2105s
 123987 26335  140.00000  113  409          -  140.00000      -  57.4 2110s
 124423 26391 infeasible  121               -  140.00000      -  57.4 2115s
 124869 26436 infeasible  124               -  140.00000      -  57.4 2120s
 125193 26396  140.00000  131  275          -  140.00000      -  57.4 2125s
 125564 26417  140.00000  115  542          -  140.00000      -  57.4 2130s
 126029 26466  140.00000  116  264          -  140.00000      -  57.4 2135s
 126444 26585  140.00000  122  344          -  140.00000      -  57.4 2140s
 126870 26632 infeasible  109               -  140.00000      -  57.4 2145s
 127326 26707  140.00000  101  300          -  140.00000      -  57.3 2150s
 127525 26757  140.00000  111  250          -  140.00000      -  57.4 2156s
 127923 26776  140.00000   94  322          -  140.00000      -  57.3 2160s
 128392 26882  140.00000  103  469          -  140.00000      -  57.3 2165s
 128801 27019 infeasible  100               -  140.00000      -  57.3 2170s
 129255 27119  140.00000  124  314          -  140.00000      -  57.2 2175s
 129722 27268  140.00000  102  455          -  140.00000      -  57.2 2180s
 130139 27372  140.00000  108  781          -  140.00000      -  57.2 2185s
 130560 27428  140.00000  107  283          -  140.00000      -  57.2 2190s
 131003 27571  140.00000   97  286          -  140.00000      -  57.2 2195s
 131438 27683  140.00000   99  406          -  140.00000      -  57.1 2200s
 131904 27871  140.00000   95  494          -  140.00000      -  57.1 2205s
 132265 27954  140.00000  107  610          -  140.00000      -  57.1 2210s
 132626 28003 infeasible  123               -  140.00000      -  57.1 2217s
 132902 28019  140.00000  144  323          -  140.00000      -  57.0 2220s
 133368 28062 infeasible  100               -  140.00000      -  57.0 2225s
 133874 28215 infeasible  118               -  140.00000      -  56.9 2230s
 134246 28282  140.00000   99  455          -  140.00000      -  56.9 2235s
 134636 28337  140.00000  127  291          -  140.00000      -  57.0 2240s
 134977 28448 infeasible  109               -  140.00000      -  57.0 2245s
 135320 28598  140.00000  114  243          -  140.00000      -  57.0 2250s
 135740 28690 infeasible  132               -  140.00000      -  57.0 2255s
 136108 28787  140.00000  106  454          -  140.00000      -  57.0 2260s
 136531 28806 infeasible  136               -  140.00000      -  57.0 2265s
 136839 28814  140.00000   93  703          -  140.00000      -  57.0 2270s
 137080 28879 infeasible  113               -  140.00000      -  57.0 2275s
 137434 28998 infeasible  125               -  140.00000      -  57.0 2280s
 137727 29025 infeasible  115               -  140.00000      -  57.0 2286s
 137979 29035  139.98071  106  738          -  140.00000      -  57.0 2290s
 138346 29154 infeasible  126               -  140.00000      -  57.0 2295s
 138835 29245  140.00000  125  315          -  140.00000      -  56.9 2300s
 139272 29242  140.00000  114  298          -  140.00000      -  56.9 2305s
 139641 29359  140.00000  112  481          -  140.00000      -  56.9 2310s
 140039 29400  140.00000  121  241          -  140.00000      -  56.8 2315s
 140513 29444  140.00000  124  459          -  140.00000      -  56.8 2320s
 140915 29494 infeasible  134               -  140.00000      -  56.8 2325s
 141241 29513 infeasible  113               -  140.00000      -  56.8 2330s
 141648 29607 infeasible  113               -  140.00000      -  56.8 2335s
 141977 29694  140.00000  109  410          -  140.00000      -  56.8 2340s
 142518 29765  140.00000  116  194          -  140.00000      -  56.7 2345s
 142828 29791 infeasible  135               -  140.00000      -  56.6 2351s
 143043 29798  140.00000  117  460          -  140.00000      -  56.7 2355s
 143498 29906  140.00000   99  388          -  140.00000      -  56.6 2360s
 144067 29899 infeasible  122               -  140.00000      -  56.5 2365s
 144589 29963 infeasible  116               -  140.00000      -  56.4 2370s
 144968 29999  140.00000  118  426          -  140.00000      -  56.4 2375s
 145392 30110  140.00000  129  356          -  140.00000      -  56.4 2380s
 145730 30250  140.00000  129  343          -  140.00000      -  56.5 2385s
 146193 30389  140.00000  113  503          -  140.00000      -  56.4 2390s
 146580 30568  140.00000  124  471          -  140.00000      -  56.4 2395s
 147036 30652 infeasible  123               -  140.00000      -  56.4 2400s
 147469 30796  140.00000  116  260          -  140.00000      -  56.4 2405s
 147882 30982 infeasible  125               -  140.00000      -  56.4 2410s
 148023 31018 infeasible  123               -  140.00000      -  56.4 2415s
 148452 31142  140.00000  114  405          -  140.00000      -  56.4 2420s
 148874 31180 infeasible  125               -  140.00000      -  56.4 2425s
 149243 31296  140.00000  118  227          -  140.00000      -  56.4 2430s
 149611 31308  140.00000  115  256          -  140.00000      -  56.4 2435s
 149938 31333 infeasible  129               -  140.00000      -  56.5 2440s
 150415 31377  140.00000  112  312          -  140.00000      -  56.4 2445s
 150835 31491 infeasible  132               -  140.00000      -  56.4 2450s
 151241 31622  140.00000  119  231          -  140.00000      -  56.5 2455s
 151628 31651  140.00000  127  305          -  140.00000      -  56.5 2460s
 152012 31756  140.00000  114  522          -  140.00000      -  56.5 2465s
 152421 31895  140.00000  126  609          -  140.00000      -  56.5 2470s
 152786 31996  140.00000  124  253          -  140.00000      -  56.5 2475s
 153030 32070  140.00000  130  479          -  140.00000      -  56.5 2481s
 153306 32120  140.00000  132  329          -  140.00000      -  56.5 2485s
 153677 32198 infeasible  122               -  140.00000      -  56.6 2490s
 154038 32279  140.00000  138  260          -  140.00000      -  56.6 2495s
 154531 32355 infeasible  122               -  140.00000      -  56.5 2500s
 154870 32465 infeasible  133               -  140.00000      -  56.6 2505s
 154941 32488  140.00000  131  684          -  140.00000      -  56.6 2538s
 154951 32478 infeasible  127               -  140.00000      -  56.6 2540s
 154992 32437 infeasible  125               -  140.00000      -  56.6 2545s
 155026 32403 infeasible  137               -  140.00000      -  56.7 2550s
 155077 32356 infeasible  116               -  140.00000      -  56.7 2555s
 155094 32353 infeasible  122               -  140.00000      -  56.7 2560s
 155143 32306 infeasible  125               -  140.00000      -  56.8 2565s
 155191 32258 infeasible  134               -  140.00000      -  56.9 2570s
 155297 32152 infeasible  118               -  140.00000      -  56.9 2575s
 155356 32093 infeasible  124               -  140.00000      -  57.0 2580s
 155385 32076  140.00000  114  253          -  140.00000      -  57.0 2585s
 155409 32068 infeasible  112               -  140.00000      -  57.0 2590s
 155713 32177 infeasible  132               -  140.00000      -  57.1 2595s
 156118 32240 infeasible  132               -  140.00000      -  57.1 2600s
 156520 32341 infeasible  132               -  140.00000      -  57.1 2605s
 156938 32492  140.00000  132  214          -  140.00000      -  57.1 2610s
 157320 32531  140.00000  135  748          -  140.00000      -  57.1 2615s
 157671 32619  140.00000  115  595          -  140.00000      -  57.1 2620s
 158131 32763  140.00000  119  414          -  140.00000      -  57.1 2628s
 158244 32758  140.00000  133  310          -  140.00000      -  57.1 2630s
 158646 32849  140.00000  143  243          -  140.00000      -  57.1 2635s
 159068 32907 infeasible  110               -  140.00000      -  57.1 2640s
 159480 33068 infeasible  123               -  140.00000      -  57.1 2645s
 159860 33257  140.00000  114  524          -  140.00000      -  57.1 2650s
 160264 33329 infeasible  113               -  140.00000      -  57.1 2655s
 160744 33389 infeasible  133               -  140.00000      -  57.1 2660s
 161150 33439 infeasible  137               -  140.00000      -  57.1 2665s
 161545 33471 infeasible  130               -  140.00000      -  57.1 2670s
 161985 33523 infeasible  130               -  140.00000      -  57.0 2675s
 162412 33584 infeasible  144               -  140.00000      -  57.0 2680s
 162876 33601 infeasible  134               -  140.00000      -  57.0 2685s
 163232 33643  140.00000  128  262          -  140.00000      -  57.0 2692s
 163463 33651 infeasible  144               -  140.00000      -  56.9 2695s
 163785 33649 infeasible  118               -  140.00000      -  57.0 2700s
 164175 33703  140.00000   95  285          -  140.00000      -  57.0 2705s
 164612 33850 infeasible  121               -  140.00000      -  57.0 2710s
 165039 34016  140.00000  135  439          -  140.00000      -  57.0 2715s
 165416 34039  139.00000  108  523          -  140.00000      -  57.0 2720s
 165683 34021  140.00000  114  374          -  140.00000      -  57.1 2725s
 166083 34075 infeasible  104               -  140.00000      -  57.1 2730s
 166354 34045 infeasible  129               -  140.00000      -  57.2 2735s
 166653 34008  140.00000  119  706          -  140.00000      -  57.2 2740s
 166941 34056  140.00000  111  231          -  140.00000      -  57.2 2745s
 167340 34093 infeasible  110               -  140.00000      -  57.2 2750s
 167722 34100 infeasible   98               -  140.00000      -  57.3 2755s
 168064 34152  140.00000  141  278          -  140.00000      -  57.3 2760s
 168333 34134  140.00000  136  261          -  140.00000      -  57.3 2767s
 168654 34161 infeasible  127               -  140.00000      -  57.2 2770s
 169050 34147 infeasible  111               -  140.00000      -  57.2 2775s
 169411 34106 infeasible  129               -  140.00000      -  57.2 2780s
 169709 34151  140.00000  125  280          -  140.00000      -  57.3 2785s
 170078 34135 infeasible  115               -  140.00000      -  57.3 2790s
 170442 34131 infeasible  111               -  140.00000      -  57.3 2795s
 170793 34162 infeasible  125               -  140.00000      -  57.3 2800s
 171117 34141 infeasible  108               -  140.00000      -  57.3 2805s
 171457 34139 infeasible  112               -  140.00000      -  57.3 2810s
 171846 34202  140.00000  112  363          -  140.00000      -  57.3 2815s
 172237 34201 infeasible  134               -  140.00000      -  57.3 2820s
 172689 34222 infeasible  120               -  140.00000      -  57.3 2825s
 173134 34241 infeasible  126               -  140.00000      -  57.3 2830s
 173436 34232  140.00000  134  308          -  140.00000      -  57.3 2838s
 173588 34271  140.00000  114  540          -  140.00000      -  57.3 2840s
 173897 34341 infeasible  103               -  140.00000      -  57.4 2845s
 174189 34379 infeasible   95               -  140.00000      -  57.4 2850s
 174527 34444  140.00000   89  467          -  140.00000      -  57.4 2855s
 174877 34461  140.00000  123  386          -  140.00000      -  57.5 2860s
 175205 34522 infeasible   99               -  140.00000      -  57.5 2865s
 175497 34533 infeasible  121               -  140.00000      -  57.6 2870s
 175911 34596  139.00000  125  334          -  140.00000      -  57.5 2875s
 176368 34644 infeasible  133               -  140.00000      -  57.5 2880s
 176660 34714 infeasible  127               -  140.00000      -  57.6 2885s
 177003 34741 infeasible   97               -  140.00000      -  57.6 2890s
 177313 34825 infeasible  122               -  140.00000      -  57.7 2895s
 177793 34843  140.00000  122  285          -  140.00000      -  57.6 2900s
 178226 34842  140.00000  108  323          -  140.00000      -  57.6 2905s
 178537 34857  140.00000  120  360          -  140.00000      -  57.6 2913s
 178725 34933 infeasible  144               -  140.00000      -  57.6 2915s
 179173 34975 infeasible  119               -  140.00000      -  57.6 2920s
 179565 35003  140.00000  119  399          -  140.00000      -  57.6 2925s
 179918 35072  140.00000  103  487          -  140.00000      -  57.6 2930s
 180321 35112 infeasible   91               -  140.00000      -  57.6 2935s
 180635 35189  140.00000  104  440          -  140.00000      -  57.6 2940s
 181082 35283 infeasible  127               -  140.00000      -  57.6 2945s
 181512 35288 infeasible  118               -  140.00000      -  57.6 2950s
 181922 35288 infeasible  147               -  140.00000      -  57.6 2955s
 182337 35327  140.00000  144  265          -  140.00000      -  57.5 2960s
 182733 35293 infeasible  127               -  140.00000      -  57.5 2965s
 183129 35301  140.00000  121  353          -  140.00000      -  57.5 2970s
 183532 35350 infeasible  108               -  140.00000      -  57.5 2975s
 183638 35358  140.00000  104  622          -  140.00000      -  57.6 2981s
 183888 35368 infeasible  113               -  140.00000      -  57.6 2985s
 184248 35426 infeasible  110               -  140.00000      -  57.6 2990s
 184511 35398  140.00000  110  455          -  140.00000      -  57.7 2995s
 184858 35470 infeasible  130               -  140.00000      -  57.7 3000s
 185186 35489 infeasible  104               -  140.00000      -  57.7 3005s
 185566 35573  140.00000  144  308          -  140.00000      -  57.7 3010s
 185985 35557 infeasible  117               -  140.00000      -  57.7 3015s
 186349 35579 infeasible  118               -  140.00000      -  57.7 3020s
 186778 35560 infeasible  122               -  140.00000      -  57.7 3025s
 187177 35570  140.00000  127  465          -  140.00000      -  57.7 3030s
 187591 35615 infeasible  124               -  140.00000      -  57.7 3035s
 188058 35619 infeasible  139               -  140.00000      -  57.7 3040s
 188480 35635  140.00000  124  273          -  140.00000      -  57.6 3045s
 188739 35653 infeasible  120               -  140.00000      -  57.6 3051s
 189024 35689  140.00000   97  736          -  140.00000      -  57.6 3055s
 189367 35757  140.00000  111  269          -  140.00000      -  57.7 3060s
 189712 35828  140.00000  133  352          -  140.00000      -  57.7 3065s
 190033 35869 infeasible   96               -  140.00000      -  57.7 3070s
 190321 35878  139.00000  121  743          -  140.00000      -  57.7 3075s
 190650 35938  140.00000  115  469          -  140.00000      -  57.8 3080s
 190947 35985  140.00000  101  537          -  140.00000      -  57.8 3085s
 191298 36093  139.63043  153  326          -  140.00000      -  57.9 3090s
 191625 36142  140.00000  117  448          -  140.00000      -  57.9 3095s
 191960 36148 infeasible  125               -  140.00000      -  57.9 3100s
 192283 36180 infeasible  122               -  140.00000      -  58.0 3105s
 192608 36195 infeasible  129               -  140.00000      -  58.0 3110s
 193071 36257 infeasible  131               -  140.00000      -  58.0 3115s
 193525 36311  140.00000   90  364          -  140.00000      -  57.9 3120s
 193840 36384  140.00000  107  440          -  140.00000      -  58.0 3127s
 193974 36366  140.00000  129  363          -  140.00000      -  58.0 3130s
 194298 36443 infeasible  100               -  140.00000      -  58.0 3135s
 194605 36503  140.00000  135  410          -  140.00000      -  58.1 3140s
 194884 36583 infeasible  103               -  140.00000      -  58.1 3145s
 195304 36713  140.00000  121  342          -  140.00000      -  58.1 3150s
 195591 36797 infeasible  102               -  140.00000      -  58.2 3155s
 195904 36887  140.00000   79  505          -  140.00000      -  58.2 3160s
 196176 36967 infeasible  118               -  140.00000      -  58.2 3165s
 196410 36963 infeasible  114               -  140.00000      -  58.3 3170s
 196665 37044  140.00000   90  480          -  140.00000      -  58.3 3175s
 197087 37144 infeasible  103               -  140.00000      -  58.3 3180s
 197367 37173  139.00000  133  346          -  140.00000      -  58.3 3185s
 197617 37241  140.00000   77  268          -  140.00000      -  58.4 3190s
 197886 37288 infeasible  126               -  140.00000      -  58.5 3195s
 198149 37305  140.00000  128  427          -  140.00000      -  58.5 3200s
 198411 37339 infeasible  128               -  140.00000      -  58.6 3205s
 198764 37386  140.00000  115  617          -  140.00000      -  58.6 3210s
 198941 37399 infeasible  111               -  140.00000      -  58.6 3217s
 199151 37439  140.00000  117  251          -  140.00000      -  58.6 3220s
 199540 37474  140.00000   96  466          -  140.00000      -  58.6 3225s
 199869 37507  140.00000  137  336          -  140.00000      -  58.7 3230s
 200188 37541  140.00000  118  585          -  140.00000      -  58.7 3235s
 200562 37558 infeasible  123               -  140.00000      -  58.7 3240s
 200928 37629 infeasible  140               -  140.00000      -  58.7 3245s
 201364 37656  140.00000  141  476          -  140.00000      -  58.7 3250s
 201721 37638  139.11111  119  392          -  140.00000      -  58.7 3255s
 202068 37665  140.00000  148  369          -  140.00000      -  58.7 3260s
 202394 37685  139.00000   82  457          -  140.00000      -  58.7 3265s
 202713 37718  140.00000  116  347          -  140.00000      -  58.8 3270s
 203066 37693 infeasible  118               -  140.00000      -  58.8 3275s
 203352 37642  140.00000  113  428          -  140.00000      -  58.8 3280s
 203538 37645  140.00000  114  657          -  140.00000      -  58.9 3285s
 203921 37629  140.00000  111  492          -  140.00000      -  58.9 3290s
 204068 37671 infeasible  133               -  140.00000      -  58.9 3295s
 204386 37689 infeasible  120               -  140.00000      -  58.9 3300s
 204760 37773 infeasible  148               -  140.00000      -  58.9 3305s
 205163 37741  140.00000  133  591          -  140.00000      -  58.9 3310s
 205639 37793 infeasible  116               -  140.00000      -  58.8 3315s
 206035 37831 infeasible  126               -  140.00000      -  58.8 3320s
 206357 37823  140.00000  129  266          -  140.00000      -  58.8 3325s
 206705 37863  140.00000  108  379          -  140.00000      -  58.8 3330s
 207039 37914 infeasible  113               -  140.00000      -  58.8 3335s
 207587 37964 infeasible  119               -  140.00000      -  58.8 3340s
 207976 37993 infeasible  118               -  140.00000      -  58.8 3345s
 208290 38052  139.89430  129  321          -  140.00000      -  58.8 3350s
 208662 38086  140.00000  112  284          -  140.00000      -  58.8 3355s
 209143 38119  140.00000  149  238          -  140.00000      -  58.7 3362s
 209241 38124 infeasible  105               -  140.00000      -  58.8 3365s
 209534 38153  140.00000  120  445          -  140.00000      -  58.8 3370s
 209850 38236 infeasible   98               -  140.00000      -  58.8 3375s
 210249 38291  140.00000  132  503          -  140.00000      -  58.8 3380s
 210506 38301 infeasible   99               -  140.00000      -  58.9 3385s
 210704 38356  140.00000  111  478          -  140.00000      -  59.0 3390s
 210999 38383 infeasible  104               -  140.00000      -  59.0 3395s
 211412 38390  140.00000   89  428          -  140.00000      -  59.0 3400s
 211787 38380 infeasible   99               -  140.00000      -  59.0 3405s
 212180 38421 infeasible  103               -  140.00000      -  59.0 3410s
 212536 38458  140.00000  108  452          -  140.00000      -  59.0 3415s
 212718 38481  140.00000  114  436          -  140.00000      -  59.0 3443s
 212727 38476  140.00000  109  304          -  140.00000      -  59.0 3445s
 212746 38477  140.00000  104  261          -  140.00000      -  59.0 3450s
 212761 38472 infeasible   99               -  140.00000      -  59.1 3455s
 212801 38436 infeasible   89               -  140.00000      -  59.1 3460s
 212850 38389 infeasible   94               -  140.00000      -  59.1 3465s
 212941 38300 infeasible  110               -  140.00000      -  59.1 3470s
 213031 38210 infeasible  102               -  140.00000      -  59.1 3475s
 213297 38259 infeasible   88               -  140.00000      -  59.1 3480s
 213736 38369  140.00000  127  292          -  140.00000      -  59.1 3485s
 214128 38377  140.00000   93  292          -  140.00000      -  59.1 3490s
 214287 38412  140.00000  123  245          -  140.00000      -  59.1 3495s
 214712 38447 infeasible  115               -  140.00000      -  59.1 3500s
 215153 38461 infeasible  118               -  140.00000      -  59.1 3505s
 215509 38534  140.00000  115  530          -  140.00000      -  59.1 3510s
 215880 38578 infeasible  126               -  140.00000      -  59.1 3515s
 216304 38649 infeasible  120               -  140.00000      -  59.1 3520s
 216692 38691 infeasible  119               -  140.00000      -  59.1 3525s
 217092 38722  140.00000  116  498          -  140.00000      -  59.1 3530s
 217474 38722 infeasible   96               -  140.00000      -  59.1 3535s
 217823 38722 infeasible  124               -  140.00000      -  59.1 3540s
 218127 38706 infeasible  116               -  140.00000      -  59.1 3545s
 218361 38683  140.00000  118  237          -  140.00000      -  59.2 3550s
 218603 38658 infeasible  122               -  140.00000      -  59.2 3555s
 218903 38650  140.00000   97  449          -  140.00000      -  59.3 3560s
 219259 38681 infeasible  101               -  140.00000      -  59.3 3565s
 219385 38702  140.00000  116  300          -  140.00000      -  59.3 3570s
 219806 38749 infeasible  113               -  140.00000      -  59.3 3575s
 220222 38758 infeasible  107               -  140.00000      -  59.3 3580s
 220551 38774  140.00000  107  495          -  140.00000      -  59.3 3585s
 220942 38793  139.00000   96  353          -  140.00000      -  59.3 3590s
 221345 38820 infeasible  105               -  140.00000      -  59.3 3595s

Cutting planes:
  Gomory: 3
  Cover: 159
  Implied bound: 8
  Projected implied bound: 2
  Clique: 57
  MIR: 6
  StrongCG: 8
  Flow cover: 75
  Zero half: 18
  Relax-and-lift: 34

Explored 221811 nodes (13163764 simplex iterations) in 3600.01 seconds (3116.16 work units)
Thread count was 1 (of 8 available processors)

Solution count 0

Time limit reached
Best objective -, best bound 1.399999999816e+02, gap -
