
Gurobi 11.0.1 (win64) logging started Thu Mar 14 08:01:45 2024

Set parameter LogFile to value "C:\Projetos\Job_Rotation_Algorithms\Outputs\GurobiLogs\gurobi_log-output-12_wee-c33-CostaMirallesModel-NoExtraConstraint-2.log"
Gurobi Optimizer version 11.0.1 build v11.0.1rc0 (win64 - Windows 10.0 (19045.2))

CPU model: 11th Gen Intel(R) Core(TM) i7-1165G7 @ 2.80GHz, instruction set [SSE2|AVX|AVX2|AVX512]
Thread count: 4 physical cores, 8 logical processors, using up to 1 threads


Gurobi 11.0.1 (win64) logging started Fri Mar 15 00:39:10 2024

Set parameter LogFile to value "C:\Projetos\Job_Rotation_Algorithms\Outputs\GurobiLogs\gurobi_log-output-12_wee-c33-CostaMirallesModel-NoExtraConstraint-2.log"
Gurobi Optimizer version 11.0.1 build v11.0.1rc0 (win64 - Windows 10.0 (19045.2))

CPU model: 11th Gen Intel(R) Core(TM) i7-1165G7 @ 2.80GHz, instruction set [SSE2|AVX|AVX2|AVX512]
Thread count: 4 physical cores, 8 logical processors, using up to 1 threads


Gurobi 11.0.1 (win64) logging started Tue Mar 19 09:17:59 2024

Set parameter LogFile to value "C:\Projetos\Job_Rotation_Algorithms\Outputs\GurobiLogs\gurobi_log-output-12_wee-c33-CostaMirallesModel-NoExtraConstraint-2.log"
Gurobi Optimizer version 11.0.1 build v11.0.1rc0 (win64 - Windows 10.0 (19045.2))

CPU model: 11th Gen Intel(R) Core(TM) i7-1165G7 @ 2.80GHz, instruction set [SSE2|AVX|AVX2|AVX512]
Thread count: 4 physical cores, 8 logical processors, using up to 1 threads


Gurobi 11.0.1 (win64) logging started Sun Mar 31 01:13:13 2024

Set parameter LogFile to value "C:\Projetos\Job_Rotation_Algorithms\Outputs\GurobiLogs\gurobi_log-output-12_wee-c33-CostaMirallesModel-NoExtraConstraint-2.log"
Gurobi Optimizer version 11.0.1 build v11.0.1rc0 (win64 - Windows 10.0 (19045.2))

CPU model: 11th Gen Intel(R) Core(TM) i7-1165G7 @ 2.80GHz, instruction set [SSE2|AVX|AVX2|AVX512]
Thread count: 4 physical cores, 8 logical processors, using up to 1 threads

WLS license 901039 - registered to Bitka Analytics
Optimize a model with 3076 rows, 14849 columns and 234585 nonzeros
Model fingerprint: 0x3262e0cf
Variable types: 2 continuous, 14847 integer (14847 binary)
Coefficient statistics:
  Matrix range     [1e+00, 8e+01]
  Objective range  [1e+00, 1e+00]
  Bounds range     [1e+00, 7e+01]
  RHS range        [1e+00, 7e+01]
Presolve added 620 rows and 89 columns
Presolve time: 0.84s
Presolved: 3696 rows, 14938 columns, 132108 nonzeros
Variable types: 0 continuous, 14938 integer (14234 binary)

Root relaxation: objective 1.500000e+02, 3046 iterations, 0.25 seconds (0.32 work units)

    Nodes    |    Current Node    |     Objective Bounds      |     Work
 Expl Unexpl |  Obj  Depth IntInf | Incumbent    BestBd   Gap | It/Node Time

     0     0  150.00000    0  119          -  150.00000      -     -    1s
     0     0  150.00000    0  116          -  150.00000      -     -    1s
     0     0  150.00000    0  116          -  150.00000      -     -    2s
     0     0  150.00000    0  106          -  150.00000      -     -    5s
     0     0  150.00000    0  768          -  150.00000      -     -    5s
     0     0  150.00000    0  674          -  150.00000      -     -    5s
     0     0  150.00000    0  122          -  150.00000      -     -    7s
     0     0  150.00000    0  256          -  150.00000      -     -    7s
     0     0  150.00000    0  140          -  150.00000      -     -    7s
     0     0  150.00000    0  167          -  150.00000      -     -    7s
     0     0  150.00000    0  137          -  150.00000      -     -    8s
     0     0  150.00000    0  137          -  150.00000      -     -    8s
     0     2  150.00000    0  127          -  150.00000      -     -   10s
   100   102  150.00000   60  167          -  150.00000      -   261   15s
   384   295  150.00000  139  502          -  150.00000      -   149   20s
   601   375  149.00000  169  363          -  150.00000      -   157   25s
   713   416  150.00000  105  116          -  150.00000      -   164   30s
   718   419  150.00000  100  130          -  150.00000      -   162   35s
   724   423  150.00000   36  116          -  150.00000      -   161   41s
   728   426  150.00000  152  147          -  150.00000      -   160   46s
   796   470  150.00000   49  364          -  150.00000      -   310   50s
   840   498  150.00000   72  627          -  150.00000      -   318   56s
   872   511  150.00000   20  276          -  150.00000      -   321   60s
   891   524  150.00000   30  276          -  150.00000      -   316   65s
   988   573  150.00000   80  550          -  150.00000      -   308   70s
  1101   611  150.00000   52  296          -  150.00000      -   295   75s
  1188   659  150.00000   94  195          -  150.00000      -   298   80s
  1247   685  150.00000   86  239          -  150.00000      -   305   85s
  1307   704 infeasible   90               -  150.00000      -   308   90s
  1365   714  150.00000   86  339          -  150.00000      -   311   95s
  1413   710  150.00000   81  369          -  150.00000      -   313  100s
  1515   753  150.00000   97  228          -  150.00000      -   308  105s
  1588   770 infeasible   95               -  150.00000      -   309  110s
  1657   797  150.00000  101  298          -  150.00000      -   308  115s
  1720   815  150.00000   31  221          -  150.00000      -   309  120s
  1876   872  150.00000   64  147          -  150.00000      -   294  125s
  2021   911  150.00000   54  229          -  150.00000      -   283  130s
  2093   970  150.00000   89  289          -  150.00000      -   283  135s
  2203  1024 infeasible   82               -  150.00000      -   279  140s
  2311  1099  150.00000   63  219          -  150.00000      -   272  145s
  2455  1194 infeasible   85               -  150.00000      -   265  150s
  2595  1254 infeasible   76               -  150.00000      -   257  155s
  2724  1331  149.00000   78  329          -  150.00000      -   253  160s
  2751  1348 infeasible   94               -  150.00000      -   257  165s
  2862  1385 infeasible   79               -  150.00000      -   253  170s
  3005  1459  150.00000   59  185          -  150.00000      -   248  185s
  3020  1470  150.00000   69  156          -  150.00000      -   248  190s
  3042  1474  150.00000   73  146          -  150.00000      -   248  195s
  3114  1505 infeasible   83               -  150.00000      -   248  200s
  3233  1540 infeasible   73               -  150.00000      -   246  205s
  3412  1613  150.00000   65  123          -  150.00000      -   240  210s
  3506  1660 infeasible  116               -  150.00000      -   240  215s
  3607  1726  150.00000   58  345          -  150.00000      -   240  220s
  3734  1800  150.00000  102  372          -  150.00000      -   237  225s
  3873  1881  150.00000   63  208          -  150.00000      -   234  230s
  4014  1964  150.00000   41  360          -  150.00000      -   231  235s
  4168  2047  150.00000   74  215          -  150.00000      -   229  240s
  4362  2132  150.00000   70  240          -  150.00000      -   223  245s
  4500  2210  150.00000   72  408          -  150.00000      -   222  250s
  4596  2269  150.00000   65  148          -  150.00000      -   223  255s
  4689  2312  150.00000   77  246          -  150.00000      -   223  260s
  4776  2350 infeasible   95               -  150.00000      -   224  265s
  4846  2390  150.00000   95  261          -  150.00000      -   227  270s
  4972  2462 infeasible   95               -  150.00000      -   226  275s
  5061  2513 infeasible   85               -  150.00000      -   227  280s
  5124  2538 infeasible  107               -  150.00000      -   226  285s
  5210  2593  150.00000  109  222          -  150.00000      -   227  290s
  5330  2652  150.00000   95   83          -  150.00000      -   227  295s
  5464  2709  150.00000   85  134          -  150.00000      -   226  300s
  5593  2771 infeasible  105               -  150.00000      -   226  305s
  5720  2830  150.00000   68  263          -  150.00000      -   225  310s
  5866  2868 infeasible   84               -  150.00000      -   224  315s
  6008  2904 infeasible  112               -  150.00000      -   223  320s
  6174  3016  150.00000   85  125          -  150.00000      -   222  325s
  6302  3060 infeasible  100               -  150.00000      -   221  330s
  6456  3137  150.00000   70  203          -  150.00000      -   220  335s
  6568  3197  150.00000   66  289          -  150.00000      -   220  340s
  6701  3285  150.00000  101  375          -  150.00000      -   220  345s
  6824  3333 infeasible   75               -  150.00000      -   220  350s
  6948  3394  150.00000   89  298          -  150.00000      -   220  355s
  7091  3452  150.00000   75   61          -  150.00000      -   220  360s
  7239  3511  150.00000  105  260          -  150.00000      -   220  365s
  7329  3557  150.00000   91  291          -  150.00000      -   221  370s
  7452  3599 infeasible   81               -  150.00000      -   221  375s
  7600  3700  150.00000   93  217          -  150.00000      -   220  380s
  7742  3789  150.00000   66  114          -  150.00000      -   220  385s
  7820  3818 infeasible  108               -  150.00000      -   221  390s
  7978  3904  150.00000   94  349          -  150.00000      -   219  395s
  8199  4001  149.00000   91  314          -  150.00000      -   217  400s
  8359  4041 infeasible   99               -  150.00000      -   215  405s
  8515  4089  150.00000   94  270          -  150.00000      -   214  410s
  8705  4170 infeasible   98               -  150.00000      -   212  415s
  8871  4264  150.00000   75  135          -  150.00000      -   211  420s
  9085  4402  150.00000   94  159          -  150.00000      -   209  425s
  9296  4518  150.00000   89  189          -  150.00000      -   207  430s
  9361  4562  145.18243  119  271          -  150.00000      -   208  435s
  9571  4654 infeasible   93               -  150.00000      -   206  440s
  9762  4754  150.00000  109  292          -  150.00000      -   205  445s
  9851  4798  150.00000  108  234          -  150.00000      -   204  459s
  9865  4800  150.00000   90  157          -  150.00000      -   204  460s
  9908  4821  150.00000   94  164          -  150.00000      -   204  465s
 10017  4865 infeasible   98               -  150.00000      -   203  470s
 10168  4903 infeasible  109               -  150.00000      -   203  475s
 10202  4915 infeasible  122               -  150.00000      -   203  567s
 10329  4966  148.00000  101  349          -  150.00000      -   202  570s
 10506  5026 infeasible   95               -  150.00000      -   201  575s
 10714  5112 infeasible  113               -  150.00000      -   200  580s
 10987  5220  150.00000   86  369          -  150.00000      -   197  585s
 11119  5282  150.00000   81  177          -  150.00000      -   197  590s
 11311  5382  150.00000   99  278          -  150.00000      -   196  595s
 11534  5516  150.00000   95  142          -  150.00000      -   195  600s
 11728  5588 infeasible   85               -  150.00000      -   194  605s
 11896  5641 infeasible   89               -  150.00000      -   193  610s
 12150  5763  150.00000   86  214          -  150.00000      -   191  615s
 12379  5880  150.00000   84  253          -  150.00000      -   190  620s
 12560  5970  150.00000  110  198          -  150.00000      -   189  625s
 12722  6037  150.00000  130  214          -  150.00000      -   189  630s
 12942  6136  150.00000  122  243          -  150.00000      -   188  635s
 13128  6218 infeasible  121               -  150.00000      -   187  640s
 13300  6306  150.00000  106  296          -  150.00000      -   187  645s
 13497  6382 infeasible  115               -  150.00000      -   186  650s
 13770  6471 infeasible  125               -  150.00000      -   185  655s
 13984  6566  150.00000  102  340          -  150.00000      -   184  660s
 14188  6650 infeasible  112               -  150.00000      -   183  665s
 14407  6756  150.00000  107  177          -  150.00000      -   183  670s
 14649  6827 infeasible   98               -  150.00000      -   181  675s
 14853  6925 infeasible  110               -  150.00000      -   181  680s
 15099  7031  150.00000  111  299          -  150.00000      -   180  685s
 15303  7104 infeasible  119               -  150.00000      -   179  691s
 15552  7218 infeasible  125               -  150.00000      -   178  695s
 15701  7264  150.00000   87  302          -  150.00000      -   178  700s
 16016  7421 infeasible  108               -  150.00000      -   176  705s
 16212  7504  150.00000   78  302          -  150.00000      -   176  710s
 16478  7652  149.95245  107  366          -  150.00000      -   175  715s
 16683  7741 infeasible   95               -  150.00000      -   175  720s
 16839  7798  150.00000   97  142          -  150.00000      -   175  725s
 17155  7913 infeasible  101               -  150.00000      -   174  730s
 17362  7958 infeasible   94               -  150.00000      -   174  735s
 17590  8066  150.00000   87  353          -  150.00000      -   174  740s
 17700  8113  150.00000   93  242          -  150.00000      -   174  745s
 17798  8158 infeasible  104               -  150.00000      -   174  750s
 17982  8206  148.33311   96  282          -  150.00000      -   174  755s
 18115  8213 infeasible   99               -  150.00000      -   174  760s
 18280  8297 infeasible  106               -  150.00000      -   174  765s
 18553  8452  150.00000  133  144          -  150.00000      -   173  770s
 18865  8594 infeasible  112               -  150.00000      -   171  775s
 19098  8701 infeasible  108               -  150.00000      -   171  780s
 19369  8819 infeasible  103               -  150.00000      -   170  785s
 19631  8924 infeasible  113               -  150.00000      -   169  790s
 19817  9004 infeasible  104               -  150.00000      -   168  795s
 20027  9096  150.00000  100  234          -  150.00000      -   168  800s
 20151  9155 infeasible  110               -  150.00000      -   168  805s
 20273  9184  138.02896  114  222          -  150.00000      -   168  810s
 20378  9238 infeasible  134               -  150.00000      -   169  815s
 20507  9310  150.00000   97  195          -  150.00000      -   168  820s
 20711  9363  150.00000   95  219          -  150.00000      -   168  825s
 20880  9417  150.00000   98  303          -  150.00000      -   168  830s
 21105  9534  150.00000  102  173          -  150.00000      -   167  835s
 21315  9621 infeasible  115               -  150.00000      -   167  840s
 21495  9687 infeasible  138               -  150.00000      -   167  845s
 21824  9811  150.00000  107  275          -  150.00000      -   165  850s
 22023  9901  150.00000  115  209          -  150.00000      -   165  855s
 22341 10021 infeasible  120               -  150.00000      -   164  860s
 22457 10046  150.00000  107  134          -  150.00000      -   164  873s
 22470 10043  150.00000  106  128          -  150.00000      -   164  875s
 22513 10060  150.00000  116  117          -  150.00000      -   164  880s
 22551 10060  150.00000  110  107          -  150.00000      -   164  885s
 22736 10118  150.00000  116  378          -  150.00000      -   164  890s
 22975 10205 infeasible  125               -  150.00000      -   163  895s
 23232 10254  150.00000  112  217          -  150.00000      -   162  900s
 23560 10363 infeasible  114               -  150.00000      -   161  905s
 23896 10420  150.00000  105  292          -  150.00000      -   160  910s
 24210 10487 infeasible  110               -  150.00000      -   160  915s
 24466 10568 infeasible  125               -  150.00000      -   159  920s
 24705 10640 infeasible  105               -  150.00000      -   159  925s
 24963 10755  150.00000  122  321          -  150.00000      -   158  930s
 25322 10951 infeasible  112               -  150.00000      -   157  935s
 25505 11058  150.00000   96  173          -  150.00000      -   157  940s
 25776 11189  150.00000  133  323          -  150.00000      -   156  945s
 26047 11306 infeasible  130               -  150.00000      -   155  950s
 26263 11400  150.00000   88  128          -  150.00000      -   155  955s
 26525 11511 infeasible  113               -  150.00000      -   155  960s
 26835 11603 infeasible  101               -  150.00000      -   154  965s
 27110 11719  150.00000  102  227          -  150.00000      -   153  970s
 27397 11858 infeasible  115               -  150.00000      -   153  975s
 27613 11943 infeasible  143               -  150.00000      -   153  980s
 27942 12085  150.00000   97  329          -  150.00000      -   152  985s
 28270 12243 infeasible  122               -  150.00000      -   151  990s
 28535 12355 infeasible  142               -  150.00000      -   151  995s
 28848 12472  150.00000  142  255          -  150.00000      -   150 1000s
 29202 12613  150.00000   90  195          -  150.00000      -   149 1005s
 29544 12695 infeasible  112               -  150.00000      -   148 1010s
 29918 12799  150.00000  106  126          -  150.00000      -   148 1015s
 30312 12923 infeasible  111               -  150.00000      -   147 1020s
 30584 12979 infeasible  127               -  150.00000      -   146 1025s
 30705 13018 infeasible  127               -  150.00000      -   146 1030s
 31188 13119 infeasible  127               -  150.00000      -   144 1035s
 31481 13251 infeasible  136               -  150.00000      -   144 1040s
 31827 13371 infeasible  113               -  150.00000      -   144 1045s
 32248 13567 infeasible  128               -  150.00000      -   143 1050s
 32589 13669 infeasible  107               -  150.00000      -   142 1055s
 32896 13794 infeasible  125               -  150.00000      -   142 1060s
 33212 13901 infeasible  154               -  150.00000      -   141 1065s
 33435 13971  150.00000   96  245          -  150.00000      -   141 1070s
 33688 14055 infeasible  115               -  150.00000      -   141 1075s
 34005 14161 infeasible  114               -  150.00000      -   140 1080s
 34335 14305 infeasible  118               -  150.00000      -   140 1085s
 34654 14422  150.00000  100  289          -  150.00000      -   140 1090s
 35039 14639  150.00000   94  229          -  150.00000      -   139 1095s
 35483 14847  150.00000  103  158          -  150.00000      -   138 1100s
 35707 14926  149.00000  103  392          -  150.00000      -   137 1107s
 35940 15030 infeasible  105               -  150.00000      -   137 1110s
 36232 15151 infeasible  115               -  150.00000      -   137 1115s
 36581 15304 infeasible   89               -  150.00000      -   136 1120s
 37033 15433  150.00000  110  325          -  150.00000      -   135 1125s
 37487 15634  150.00000  124  345          -  150.00000      -   134 1130s
 37831 15783  150.00000   99  158          -  150.00000      -   134 1135s
 38225 15926  150.00000  111  378          -  150.00000      -   133 1140s
 38562 15986 infeasible  113               -  150.00000      -   132 1145s
 38910 16072 infeasible  123               -  150.00000      -   132 1150s
 39275 16182 infeasible  116               -  150.00000      -   131 1155s
 39577 16244  150.00000  100  239          -  150.00000      -   131 1160s
 39885 16361  150.00000  113  107          -  150.00000      -   131 1165s
 40109 16420  150.00000  105  249          -  150.00000      -   131 1170s
 40382 16509 infeasible   92               -  150.00000      -   130 1175s
 40594 16562 infeasible  122               -  150.00000      -   130 1180s
 40808 16612  150.00000  117  231          -  150.00000      -   130 1186s
 41001 16684  150.00000  134  182          -  150.00000      -   130 1190s
 41299 16741 infeasible  135               -  150.00000      -   129 1195s
 41518 16763  150.00000  122  231          -  150.00000      -   129 1200s
 41840 16844 infeasible  124               -  150.00000      -   129 1205s
 42040 16912  150.00000  136  178          -  150.00000      -   129 1210s
 42044 16912  150.00000  134  162          -  150.00000      -   129 1218s
 42056 16914  150.00000  103  179          -  150.00000      -   129 1220s
 42090 16922 infeasible   99               -  150.00000      -   129 1225s
 42242 16989 infeasible  107               -  150.00000      -   129 1230s
 42515 17104 infeasible  103               -  150.00000      -   129 1235s
 42800 17216 infeasible  110               -  150.00000      -   129 1240s
 43079 17337  150.00000  109  252          -  150.00000      -   129 1245s
 43318 17411  150.00000  104  188          -  150.00000      -   129 1250s
 43582 17535  150.00000  102  254          -  150.00000      -   129 1255s
 43894 17656  150.00000   71  189          -  150.00000      -   128 1260s
 44140 17782  150.00000  103  261          -  150.00000      -   128 1265s
 44366 17839  140.46443  113  399          -  150.00000      -   128 1270s
 44660 17971 infeasible  128               -  150.00000      -   128 1275s
 44941 18098  150.00000   83  245          -  150.00000      -   128 1280s
 45096 18175 infeasible  113               -  150.00000      -   128 1285s
 45419 18335  150.00000   88  183          -  150.00000      -   128 1290s
 45744 18523 infeasible  101               -  150.00000      -   128 1295s
 45909 18597  150.00000   85  133          -  150.00000      -   128 1300s
 46180 18714 infeasible  103               -  150.00000      -   128 1305s
 46543 18863 infeasible  102               -  150.00000      -   127 1310s
 46841 18988 infeasible  111               -  150.00000      -   127 1315s
 47146 19113 infeasible  110               -  150.00000      -   127 1320s
 47473 19256  150.00000  120  141          -  150.00000      -   127 1325s
 47815 19426  150.00000  107  258          -  150.00000      -   126 1330s
 48182 19571  150.00000   80  155          -  150.00000      -   126 1335s
 48489 19702 infeasible  106               -  150.00000      -   126 1340s
 48817 19839 infeasible  111               -  150.00000      -   126 1345s
 49120 19928  150.00000  101  232          -  150.00000      -   126 1350s
 49493 20068 infeasible   96               -  150.00000      -   125 1355s
 49697 20139 infeasible  108               -  150.00000      -   125 1360s
 49985 20221  150.00000  117  269          -  150.00000      -   125 1365s
 50289 20342 infeasible  120               -  150.00000      -   125 1370s
 50578 20435 infeasible  128               -  150.00000      -   125 1375s
 50818 20490  150.00000   92  210          -  150.00000      -   125 1380s
 51010 20567  150.00000  110  147          -  150.00000      -   125 1386s
 51258 20643 infeasible  105               -  150.00000      -   125 1390s
 51707 20879  150.00000  111  348          -  150.00000      -   124 1395s
 52050 21000  150.00000  105  210          -  150.00000      -   124 1400s
 52336 21055 infeasible  125               -  150.00000      -   124 1405s
 52547 21077 infeasible   97               -  150.00000      -   124 1410s
 52737 21106  150.00000  110  130          -  150.00000      -   124 1415s
 52989 21138 infeasible  102               -  150.00000      -   124 1420s
 53266 21186  150.00000  123  157          -  150.00000      -   124 1425s
 53527 21279  150.00000   97  195          -  150.00000      -   124 1430s
 53869 21376  150.00000  119  259          -  150.00000      -   124 1435s
 54071 21406  150.00000   94  242          -  150.00000      -   123 1446s
 54090 21407 infeasible   94               -  150.00000      -   124 1450s
 54121 21424  150.00000  106  186          -  150.00000      -   124 1455s
 54275 21475 infeasible   95               -  150.00000      -   124 1460s
 54515 21522  149.00000  100  266          -  150.00000      -   124 1465s
 54801 21621  150.00000  129  259          -  150.00000      -   124 1470s
 55110 21742 infeasible  141               -  150.00000      -   124 1475s
 55395 21831 infeasible   99               -  150.00000      -   124 1480s
 55618 21871  150.00000   89  207          -  150.00000      -   124 1485s
 55825 21954 infeasible   87               -  150.00000      -   124 1490s
 56065 22041 infeasible  114               -  150.00000      -   124 1495s
 56129 22055  150.00000  118  251          -  150.00000      -   124 1500s
 56346 22138  150.00000  110  295          -  150.00000      -   124 1505s
 56653 22250 infeasible  118               -  150.00000      -   124 1510s
 56844 22315 infeasible  105               -  150.00000      -   124 1515s
 57144 22439  150.00000  100  240          -  150.00000      -   124 1520s
 57343 22514 infeasible   95               -  150.00000      -   124 1525s
 57497 22561  150.00000   84  287          -  150.00000      -   124 1530s
 57687 22618  150.00000  105  255          -  150.00000      -   124 1535s
 57944 22714 infeasible   89               -  150.00000      -   124 1540s
 58261 22870  150.00000  115  160          -  150.00000      -   124 1545s
 58543 22978  150.00000   97  283          -  150.00000      -   123 1550s
 58808 23096  150.00000  112  307          -  150.00000      -   123 1555s
 59018 23117  150.00000  101  316          -  150.00000      -   123 1560s
 59230 23179 infeasible  105               -  150.00000      -   123 1565s
 59406 23243 infeasible  103               -  150.00000      -   124 1570s
 59604 23327 infeasible  114               -  150.00000      -   124 1575s
 59718 23359  150.00000  102  265          -  150.00000      -   124 1580s
 59871 23414 infeasible  113               -  150.00000      -   124 1585s
 60119 23515  150.00000   88  242          -  150.00000      -   124 1590s
 60300 23591 infeasible  105               -  150.00000      -   124 1595s
 60397 23635  150.00000   97  350          -  150.00000      -   124 1600s
 60518 23680 infeasible  112               -  150.00000      -   125 1605s
 60635 23704  150.00000   91  125          -  150.00000      -   125 1610s
 60856 23789 infeasible  116               -  150.00000      -   125 1615s
 61093 23844 infeasible  128               -  150.00000      -   125 1620s
 61214 23869 infeasible  127               -  150.00000      -   125 1625s
 61516 23921 infeasible  102               -  150.00000      -   124 1630s
 61764 23980  150.00000  114  307          -  150.00000      -   124 1635s
 62001 24086  150.00000  124  322          -  150.00000      -   124 1640s
 62264 24193  150.00000  128  248          -  150.00000      -   124 1645s
 62496 24282  150.00000  102  276          -  150.00000      -   124 1650s
 62574 24312  150.00000  129  303          -  150.00000      -   124 1660s
 62610 24308  150.00000   85  213          -  150.00000      -   124 1665s
 62650 24312 infeasible   91               -  150.00000      -   124 1670s
 62887 24377 infeasible  102               -  150.00000      -   124 1675s
 63106 24453 infeasible  117               -  150.00000      -   124 1680s
 63401 24534 infeasible  119               -  150.00000      -   124 1685s
 63609 24591 infeasible   99               -  150.00000      -   124 1690s
 63773 24648  150.00000   88  306          -  150.00000      -   124 1695s
 63865 24677  150.00000  118  211          -  150.00000      -   124 1700s
 64193 24812 infeasible  170               -  150.00000      -   124 1705s
 64562 24934  150.00000  135  113          -  150.00000      -   124 1710s
 64986 25096  150.00000  140  312          -  150.00000      -   124 1715s
 65398 25202  150.00000  135  197          -  150.00000      -   123 1720s
 65710 25274  150.00000  100  202          -  150.00000      -   123 1725s
 65882 25325 infeasible  126               -  150.00000      -   123 1730s
 66138 25429 infeasible  103               -  150.00000      -   123 1735s
 66310 25499 infeasible   97               -  150.00000      -   123 1740s
 66370 25525 infeasible   96               -  150.00000      -   123 1745s
 66564 25603 infeasible   96               -  150.00000      -   123 1750s
 66726 25613 infeasible   99               -  150.00000      -   124 1755s
 66912 25625 infeasible  106               -  150.00000      -   124 1760s
 67235 25634  149.63426  126  301          -  150.00000      -   124 1765s
 67474 25645  150.00000  113  240          -  150.00000      -   123 1770s
 67728 25647 infeasible  143               -  150.00000      -   123 1775s
 67897 25620 infeasible  110               -  150.00000      -   124 1780s
 68178 25619 infeasible  108               -  150.00000      -   123 1785s
 68258 25616 infeasible  106               -  150.00000      -   124 1790s
 68396 25626  150.00000  100  221          -  150.00000      -   124 1795s
 68598 25623  150.00000   78  261          -  150.00000      -   124 1800s
 68733 25624  150.00000  105  140          -  150.00000      -   124 1805s
 68904 25622  150.00000  100  276          -  150.00000      -   124 1810s
 69053 25616 infeasible  103               -  150.00000      -   124 1815s
 69222 25601 infeasible  103               -  150.00000      -   124 1820s
 69355 25622  150.00000  114  187          -  150.00000      -   125 1825s
 69545 25609  150.00000   97  229          -  150.00000      -   125 1830s
 69687 25607  150.00000  105  179          -  150.00000      -   125 1835s
 69846 25610  149.94941  103  385          -  150.00000      -   125 1840s
 69943 25602  150.00000  100  222          -  150.00000      -   125 1845s
 70098 25605  150.00000  102  227          -  150.00000      -   125 1850s
 70326 25621  150.00000  104  329          -  150.00000      -   126 1855s
 70471 25608  150.00000  103  353          -  150.00000      -   126 1860s
 70629 25625 infeasible  102               -  150.00000      -   126 1865s
 70706 25623 infeasible   95               -  150.00000      -   126 1870s
 70792 25615 infeasible   98               -  150.00000      -   126 1875s
 70815 25620  150.00000  110  267          -  150.00000      -   126 1883s
 70833 25612  150.00000   97  194          -  150.00000      -   126 1885s
 70852 25611 infeasible  101               -  150.00000      -   126 1890s
 70891 25614 infeasible  112               -  150.00000      -   127 1895s
 71046 25614  150.00000  111  218          -  150.00000      -   127 1900s
 71162 25628 infeasible   83               -  150.00000      -   127 1905s
 71280 25626 infeasible   83               -  150.00000      -   127 1910s
 71414 25623  150.00000  106  254          -  150.00000      -   127 1917s
 71498 25618 infeasible  106               -  150.00000      -   127 1920s
 71639 25622 infeasible  110               -  150.00000      -   127 1925s
 71718 25634  147.28083   93  311          -  150.00000      -   128 1930s
 71813 25644  150.00000   94  258          -  150.00000      -   128 1935s
 71901 25643 infeasible   79               -  150.00000      -   128 1940s
 72030 25690 infeasible  112               -  150.00000      -   128 1945s
 72356 25693 infeasible  130               -  150.00000      -   128 1950s
 72641 25709  150.00000  135  151          -  150.00000      -   128 1955s
 72894 25688 infeasible  123               -  150.00000      -   128 1960s
 73167 25696 infeasible  124               -  150.00000      -   127 1965s
 73424 25696 infeasible  126               -  150.00000      -   127 1970s
 73670 25702 infeasible  134               -  150.00000      -   127 1975s
 73989 25714 infeasible  143               -  150.00000      -   127 1980s
 74269 25738 infeasible  113               -  150.00000      -   127 1985s
 74434 25739 infeasible  137               -  150.00000      -   127 1990s
 74724 25775 infeasible  143               -  150.00000      -   127 1995s
 75121 25772 infeasible  131               -  150.00000      -   126 2000s
 75423 25756 infeasible  140               -  150.00000      -   126 2005s
 75756 25785 infeasible  165               -  150.00000      -   126 2010s
 76075 25776 infeasible  160               -  150.00000      -   126 2015s
 76429 25754 infeasible  138               -  150.00000      -   125 2020s
 76656 25763  150.00000  155  177          -  150.00000      -   125 2027s
 76892 25755 infeasible  154               -  150.00000      -   125 2030s
 77235 25770 infeasible  148               -  150.00000      -   125 2035s
 77475 25765 infeasible  141               -  150.00000      -   125 2040s
 77724 25790  150.00000   72  238          -  150.00000      -   125 2045s
 77962 25789 infeasible   75               -  150.00000      -   124 2050s
 78188 25829 infeasible  106               -  150.00000      -   124 2055s
 78478 25942 infeasible  135               -  150.00000      -   124 2060s
 78685 25922 infeasible  101               -  150.00000      -   124 2065s
 78966 25913 infeasible  139               -  150.00000      -   124 2070s
 79336 25889 infeasible  127               -  150.00000      -   124 2075s
 79496 25875  150.00000  100  245          -  150.00000      -   124 2080s
 79745 25886  150.00000   81  171          -  150.00000      -   124 2085s
 79931 25914  150.00000   65  160          -  150.00000      -   124 2090s
 80021 25934  150.00000   84  228          -  150.00000      -   124 2099s
 80029 25926 infeasible  110               -  150.00000      -   124 2100s
 80061 25924  150.00000   77  202          -  150.00000      -   124 2105s
 80191 25943 infeasible  101               -  150.00000      -   124 2110s
 80577 25945  150.00000  105  216          -  150.00000      -   123 2115s
 81019 25931 infeasible   95               -  150.00000      -   123 2120s
 81360 25937 infeasible  104               -  150.00000      -   123 2125s
 81759 25930 infeasible  109               -  150.00000      -   122 2130s
 81864 25916 infeasible   77               -  150.00000      -   122 2135s
 82144 25922 infeasible   90               -  150.00000      -   122 2140s
 82594 25915  150.00000  108  273          -  150.00000      -   122 2145s
 82878 25947 infeasible  121               -  150.00000      -   121 2150s
 83222 25929 infeasible   81               -  150.00000      -   121 2155s
 83493 25951 infeasible   85               -  150.00000      -   121 2160s
 83748 25957 infeasible   92               -  150.00000      -   121 2165s
 83974 25951  150.00000   70  227          -  150.00000      -   121 2170s
 84130 25973 infeasible  113               -  150.00000      -   121 2175s
 84348 26011 infeasible  109               -  150.00000      -   121 2180s
 84576 26044  150.00000   99  228          -  150.00000      -   121 2185s
 84789 26055 infeasible  119               -  150.00000      -   121 2190s
 85050 26060  143.24860  102  455          -  150.00000      -   121 2195s
 85245 26050 infeasible  145               -  150.00000      -   121 2200s
 85415 26029  150.00000  102  214          -  150.00000      -   121 2205s
 85628 26035 infeasible  115               -  150.00000      -   121 2210s
 85835 26086  150.00000   97  220          -  150.00000      -   121 2215s
 86055 26093  150.00000  104  171          -  150.00000      -   121 2220s
 86429 26097 infeasible  114               -  150.00000      -   121 2225s
 86849 26106 infeasible  115               -  150.00000      -   121 2230s
 87103 26110 infeasible  111               -  150.00000      -   120 2235s
 87420 26118 infeasible  123               -  150.00000      -   120 2240s
 87580 26127 infeasible   98               -  150.00000      -   120 2245s
 87719 26123  148.97270  101  202          -  150.00000      -   121 2250s
 87917 26143  150.00000  102  384          -  150.00000      -   121 2255s
 88011 26147 infeasible  102               -  150.00000      -   121 2260s
 88170 26149 infeasible  103               -  150.00000      -   121 2265s
 88282 26141  150.00000  100  272          -  150.00000      -   121 2270s
 88412 26138 infeasible  102               -  150.00000      -   121 2275s
 88554 26160  148.00000   90  357          -  150.00000      -   121 2280s
 88664 26173  147.29554  107  274          -  150.00000      -   121 2285s
 88852 26180 infeasible   83               -  150.00000      -   121 2290s
 89097 26217 infeasible  117               -  150.00000      -   121 2295s
 89187 26229 infeasible   98               -  150.00000      -   121 2300s
 89342 26255 infeasible  107               -  150.00000      -   121 2305s
 89468 26266  150.00000  117  161          -  150.00000      -   121 2316s
 89499 26239 infeasible   91               -  150.00000      -   122 2320s
 89528 26252 infeasible  104               -  150.00000      -   122 2325s
 89583 26257 infeasible  106               -  150.00000      -   122 2330s
 89700 26294 infeasible   98               -  150.00000      -   122 2335s
 89811 26301 infeasible  107               -  150.00000      -   122 2340s
 89992 26306 infeasible   95               -  150.00000      -   122 2345s
 90139 26323 infeasible   96               -  150.00000      -   122 2350s
 90246 26321  149.00000   97  313          -  150.00000      -   122 2355s
 90338 26308  150.00000   95  176          -  150.00000      -   122 2360s
 90517 26309 infeasible  104               -  150.00000      -   122 2365s
 90606 26328  150.00000   96  222          -  150.00000      -   123 2370s
 90752 26402 infeasible  104               -  150.00000      -   123 2375s
 90919 26496  150.00000   61  473          -  150.00000      -   123 2380s
 91047 26568  150.00000   66  282          -  150.00000      -   123 2385s
 91229 26670  150.00000   80  456          -  150.00000      -   123 2390s
 91415 26753  150.00000   70  315          -  150.00000      -   123 2395s
 91717 26912  150.00000   87  113          -  150.00000      -   123 2400s
 91971 26997  150.00000   47  263          -  150.00000      -   122 2407s
 92083 27060  150.00000   65  177          -  150.00000      -   122 2410s
 92383 27143  150.00000   69  310          -  150.00000      -   122 2415s
 92575 27227  150.00000   90  422          -  150.00000      -   122 2420s
 92746 27320  150.00000  112  344          -  150.00000      -   122 2425s
 92998 27430 infeasible  105               -  150.00000      -   122 2430s
 93230 27538 infeasible  119               -  150.00000      -   122 2435s
 93618 27718 infeasible  111               -  150.00000      -   122 2440s
 93958 27863 infeasible  112               -  150.00000      -   122 2445s
 94306 27966  150.00000   99  154          -  150.00000      -   122 2450s
 94796 28194 infeasible  133               -  150.00000      -   121 2455s
 95273 28358  149.26875  104  223          -  150.00000      -   121 2460s
 95681 28485 infeasible  115               -  150.00000      -   121 2465s
 96237 28653 infeasible  123               -  150.00000      -   120 2470s
 96799 28724 infeasible  105               -  150.00000      -   120 2475s
 97072 28797  150.00000   99  230          -  150.00000      -   119 2481s
 97475 28934  150.00000  108  163          -  150.00000      -   119 2485s
 97947 29079  150.00000  125  179          -  150.00000      -   119 2490s
 98412 29223 infeasible  133               -  150.00000      -   118 2495s
 98847 29332 infeasible   99               -  150.00000      -   118 2500s
 99203 29461  150.00000  102  136          -  150.00000      -   118 2505s
 99539 29486 infeasible  100               -  150.00000      -   118 2510s
 99670 29524  150.00000   91  334          -  150.00000      -   118 2521s
 99702 29498 infeasible   69               -  150.00000      -   118 2525s
 99722 29504  150.00000   73  196          -  150.00000      -   118 2530s
 99778 29513 infeasible   89               -  150.00000      -   118 2535s
 99951 29535 infeasible  101               -  150.00000      -   118 2540s
 100268 29547 infeasible   82               -  150.00000      -   118 2545s
 100472 29546 infeasible  111               -  150.00000      -   118 2550s
 100679 29532 infeasible  111               -  150.00000      -   118 2555s
 100864 29529 infeasible   91               -  150.00000      -   118 2560s
 101150 29546 infeasible   86               -  150.00000      -   118 2565s
 101533 29613 infeasible  146               -  150.00000      -   118 2570s
 101781 29626 infeasible   96               -  150.00000      -   117 2575s
 102021 29640 infeasible   90               -  150.00000      -   117 2580s
 102173 29636  150.00000   87  336          -  150.00000      -   117 2586s
 102302 29629 infeasible   85               -  150.00000      -   117 2590s
 102548 29638 infeasible   92               -  150.00000      -   117 2595s
 102851 29623  150.00000   62  353          -  150.00000      -   117 2600s
 103147 29730  150.00000   62  203          -  150.00000      -   117 2605s
 103288 29800 infeasible   73               -  150.00000      -   117 2610s
 103442 29883 infeasible   66               -  150.00000      -   117 2615s
 103537 29918 infeasible   78               -  150.00000      -   117 2620s
 103915 30003 infeasible   76               -  150.00000      -   117 2625s
 104168 30093 infeasible   65               -  150.00000      -   117 2630s
 104349 30163  150.00000   72  267          -  150.00000      -   117 2635s
 104531 30206 infeasible   79               -  150.00000      -   117 2640s
 104767 30234 infeasible   92               -  150.00000      -   117 2645s
 104912 30280 infeasible   96               -  150.00000      -   117 2650s
 105101 30349 infeasible  126               -  150.00000      -   118 2655s
 105354 30357 infeasible  140               -  150.00000      -   117 2660s
 105552 30350 infeasible  136               -  150.00000      -   118 2665s
 105755 30353 infeasible  105               -  150.00000      -   118 2670s
 106075 30369 infeasible  141               -  150.00000      -   117 2675s
 106354 30379 infeasible  149               -  150.00000      -   117 2680s
 106616 30388  150.00000   84  234          -  150.00000      -   117 2685s
 106757 30446 infeasible  105               -  150.00000      -   117 2690s
 106796 30447  144.80868   96  387          -  150.00000      -   118 2695s
 107010 30566  150.00000   85  267          -  150.00000      -   118 2700s
 107212 30636 infeasible  115               -  150.00000      -   118 2705s
 107274 30636 infeasible  116               -  150.00000      -   118 2710s
 107490 30638 infeasible  113               -  150.00000      -   118 2715s
 107688 30656  150.00000   67  324          -  150.00000      -   118 2720s
 107700 30645 infeasible  110               -  150.00000      -   118 2725s
 107730 30649  150.00000  114  188          -  150.00000      -   118 2730s
 107869 30662  150.00000  119  257          -  150.00000      -   118 2735s
 108219 30697 infeasible   99               -  150.00000      -   118 2740s
 108562 30686 infeasible  116               -  150.00000      -   118 2745s
 108768 30707 infeasible  102               -  150.00000      -   118 2750s
 108988 30663 infeasible   81               -  150.00000      -   118 2755s
 109175 30667 infeasible  105               -  150.00000      -   118 2760s
 109428 30695 infeasible  107               -  150.00000      -   118 2765s
 109908 30705 infeasible  142               -  150.00000      -   117 2770s
 110371 30724  142.51107   94  336          -  150.00000      -   117 2775s
 110607 30765 infeasible   70               -  150.00000      -   117 2780s
 110844 30831 infeasible  127               -  150.00000      -   117 2785s
 111105 30824 infeasible  126               -  150.00000      -   117 2790s
 111413 30840 infeasible  116               -  150.00000      -   117 2795s
 111752 30840 infeasible  132               -  150.00000      -   117 2800s
 112103 30833 infeasible  128               -  150.00000      -   116 2805s
 112341 30826  150.00000  117  233          -  150.00000      -   116 2810s
 112432 30824 infeasible  115               -  150.00000      -   116 2815s
 112653 30826 infeasible  119               -  150.00000      -   116 2820s
 112887 30818 infeasible  114               -  150.00000      -   116 2825s
 113018 30818 infeasible   93               -  150.00000      -   116 2830s
 113033 30825  141.52712   99  346          -  150.00000      -   117 2837s
 113050 30810 infeasible  114               -  150.00000      -   117 2840s
 113096 30788  150.00000  116  167          -  150.00000      -   117 2845s
 113216 30843 infeasible  117               -  150.00000      -   117 2850s
 113449 30857 infeasible  113               -  150.00000      -   117 2855s
 113837 30935 infeasible  102               -  150.00000      -   116 2860s
 114014 30934 infeasible  110               -  150.00000      -   116 2865s
 114122 30940 infeasible   95               -  150.00000      -   117 2870s
 114256 30939  150.00000  100  185          -  150.00000      -   117 2875s
 114555 30976 infeasible  112               -  150.00000      -   117 2880s
 114889 30967  150.00000  138  149          -  150.00000      -   116 2885s
 115146 31017 infeasible  114               -  150.00000      -   116 2890s
 115377 31044 infeasible  123               -  150.00000      -   116 2895s
 115599 31037  150.00000  122  212          -  150.00000      -   116 2900s
 115787 31044 infeasible  141               -  150.00000      -   116 2905s
 115913 31033 infeasible  108               -  150.00000      -   116 2910s
 116086 31033  150.00000  128  278          -  150.00000      -   116 2915s
 116295 31018 infeasible  119               -  150.00000      -   116 2920s
 116685 31028  150.00000  108  282          -  150.00000      -   116 2925s
 116931 31008  150.00000  101  205          -  150.00000      -   116 2930s
 117132 31014 infeasible  118               -  150.00000      -   116 2935s
 117337 31046 infeasible  131               -  150.00000      -   116 2940s
 117476 31039  150.00000  120  351          -  150.00000      -   116 2946s
 117620 31044 infeasible  121               -  150.00000      -   116 2950s
 117983 31052  150.00000  115  262          -  150.00000      -   116 2955s
 118321 31047 infeasible  135               -  150.00000      -   116 2960s
 118431 31027 infeasible  108               -  150.00000      -   116 2965s
 118604 31055 infeasible   79               -  150.00000      -   116 2970s
 118741 31071 infeasible  112               -  150.00000      -   116 2975s
 118931 31076 infeasible   98               -  150.00000      -   116 2980s
 119042 31078  150.00000  100  252          -  150.00000      -   116 2985s
 119154 31087 infeasible  109               -  150.00000      -   116 2990s
 119271 31082  150.00000  100  399          -  150.00000      -   116 2995s
 119338 31098 infeasible  104               -  150.00000      -   117 3000s
 119470 31086 infeasible  111               -  150.00000      -   117 3005s
 119663 31099 infeasible  128               -  150.00000      -   117 3010s
 119888 31123 infeasible  115               -  150.00000      -   117 3015s
 120034 31129  148.00000   94  294          -  150.00000      -   117 3020s
 120129 31102 infeasible  130               -  150.00000      -   117 3025s
 120322 31102  150.00000  108  323          -  150.00000      -   117 3030s
 120479 31099 infeasible  107               -  150.00000      -   117 3035s
 120502 31097  150.00000   96  200          -  150.00000      -   117 3043s
 120514 31085 infeasible  111               -  150.00000      -   117 3045s
 120544 31081 infeasible  111               -  150.00000      -   117 3050s
 120573 31085 infeasible  105               -  150.00000      -   117 3055s
 120743 31094 infeasible  112               -  150.00000      -   117 3060s
 120886 31107 infeasible  125               -  150.00000      -   117 3065s
 121002 31091 infeasible  116               -  150.00000      -   117 3070s
 121177 31117  150.00000  133  247          -  150.00000      -   117 3075s
 121323 31111 infeasible   99               -  150.00000      -   118 3080s
 121547 31135 infeasible  121               -  150.00000      -   118 3085s
 121750 31132 infeasible  127               -  150.00000      -   118 3090s
 122022 31174 infeasible  115               -  150.00000      -   118 3095s
 122203 31201  135.58084  131  228          -  150.00000      -   118 3100s
 122334 31207 infeasible   87               -  150.00000      -   118 3105s
 122452 31203 infeasible  111               -  150.00000      -   118 3110s
 122577 31232  150.00000  118  264          -  150.00000      -   118 3117s
 122708 31225 infeasible  116               -  150.00000      -   118 3120s
 123055 31249 infeasible  138               -  150.00000      -   118 3125s
 123353 31268 infeasible  149               -  150.00000      -   118 3130s
 123648 31301  150.00000   71  273          -  150.00000      -   117 3135s
 123716 31340  150.00000   76  287          -  150.00000      -   118 3140s
 123809 31389  150.00000   68  433          -  150.00000      -   118 3145s
 123914 31451 infeasible   65               -  150.00000      -   118 3150s
 124038 31521 infeasible   93               -  150.00000      -   118 3155s
 124115 31562 infeasible  105               -  150.00000      -   118 3160s
 124157 31582  150.00000   76  150          -  150.00000      -   118 3165s
 124298 31667  150.00000   71  555          -  150.00000      -   118 3170s
 124434 31748 infeasible  105               -  150.00000      -   118 3175s
 124579 31810  150.00000   65  250          -  150.00000      -   118 3180s
 124666 31866  150.00000   83  280          -  150.00000      -   118 3185s
 124776 31929  150.00000   82  293          -  150.00000      -   118 3190s
 124988 32042 infeasible  111               -  150.00000      -   118 3195s
 125157 32142 infeasible  106               -  150.00000      -   118 3200s
 125282 32196 infeasible   92               -  150.00000      -   118 3205s
 125305 32200  150.00000   89  142          -  150.00000      -   118 3214s
 125310 32205  150.00000   90  236          -  150.00000      -   118 3215s
 125327 32222  149.00000   94  421          -  150.00000      -   118 3220s
 125567 32354  150.00000   75  156          -  150.00000      -   118 3225s
 125752 32445 infeasible  105               -  150.00000      -   118 3230s
 125978 32538 infeasible  105               -  150.00000      -   118 3235s
 126248 32573 infeasible  120               -  150.00000      -   118 3240s
 126502 32563 infeasible   96               -  150.00000      -   118 3245s
 126776 32558  150.00000   88  269          -  150.00000      -   118 3250s
 127017 32559 infeasible  131               -  150.00000      -   118 3255s
 127245 32559  150.00000  100  311          -  150.00000      -   118 3260s
 127520 32571  150.00000  102  291          -  150.00000      -   118 3265s
 127678 32629  150.00000  113  205          -  150.00000      -   118 3275s
 128024 32670  150.00000  113  192          -  150.00000      -   118 3280s
 128256 32637  150.00000   89  272          -  150.00000      -   118 3285s
 128499 32740  150.00000  108  193          -  150.00000      -   118 3290s
 128793 32847  150.00000  149  161          -  150.00000      -   118 3295s
 129151 32913 infeasible  122               -  150.00000      -   118 3300s
 129236 32950 infeasible  125               -  150.00000      -   118 3305s
 129432 32963  150.00000  138  222          -  150.00000      -   118 3310s
 129708 32982  150.00000  118  198          -  150.00000      -   118 3315s
 129965 33096  150.00000   65  155          -  150.00000      -   118 3320s
 130087 33161  150.00000   88  258          -  150.00000      -   118 3325s
 130306 33189 infeasible  112               -  150.00000      -   118 3330s
 130678 33253  150.00000  101  344          -  150.00000      -   118 3335s
 130999 33354 infeasible   91               -  150.00000      -   117 3340s
 131260 33352 infeasible  118               -  150.00000      -   117 3345s
 131594 33463 infeasible  130               -  150.00000      -   117 3350s
 131920 33550 infeasible  141               -  150.00000      -   117 3355s
 132274 33678  150.00000  137  262          -  150.00000      -   117 3360s
 132483 33696 infeasible   85               -  150.00000      -   117 3365s
 132687 33702  150.00000   87  318          -  150.00000      -   117 3370s
 132753 33702  150.00000   93  354          -  150.00000      -   117 3382s
 132774 33695 infeasible   86               -  150.00000      -   117 3385s
 132779 33692 infeasible   85               -  150.00000      -   117 3393s
 132787 33692  150.00000   81  152          -  150.00000      -   117 3395s
 132813 33690  150.00000   77  204          -  150.00000      -   117 3400s
 132889 33705 infeasible  126               -  150.00000      -   117 3405s
 133077 33721 infeasible  137               -  150.00000      -   117 3410s
 133305 33730 infeasible  118               -  150.00000      -   117 3415s
 133445 33732 infeasible  125               -  150.00000      -   117 3420s
 133627 33725 infeasible  149               -  150.00000      -   117 3425s
 133920 33735 infeasible  127               -  150.00000      -   117 3430s
 134232 33744 infeasible  136               -  150.00000      -   117 3435s
 134622 33747 infeasible  138               -  150.00000      -   117 3440s
 135053 33749 infeasible  138               -  150.00000      -   117 3445s
 135459 33737 infeasible  130               -  150.00000      -   117 3450s
 135869 33722 infeasible  128               -  150.00000      -   116 3455s
 136243 33724 infeasible  141               -  150.00000      -   116 3460s
 136621 33751 infeasible  125               -  150.00000      -   116 3465s
 136823 33771 infeasible  149               -  150.00000      -   116 3470s
 136989 33755 infeasible  132               -  150.00000      -   116 3475s
 137154 33749  150.00000  125  175          -  150.00000      -   116 3480s
 137409 33768 infeasible  141               -  150.00000      -   116 3485s
 137611 33779 infeasible  121               -  150.00000      -   116 3490s
 137836 33804 infeasible  152               -  150.00000      -   116 3495s
 137880 33793 infeasible  132               -  150.00000      -   116 3504s
 137891 33792 infeasible  145               -  150.00000      -   116 3505s
 138164 33852 infeasible   98               -  150.00000      -   116 3510s
 138321 33917  150.00000   85  127          -  150.00000      -   116 3515s
 138495 34022  150.00000  113  288          -  150.00000      -   116 3520s
 138616 34079  150.00000   95  276          -  150.00000      -   116 3525s
 138724 34120 infeasible  113               -  150.00000      -   116 3530s
 138944 34187 infeasible  115               -  150.00000      -   116 3535s
 139152 34220  149.91506  131  311          -  150.00000      -   116 3540s
 139402 34265 infeasible  116               -  150.00000      -   116 3545s
 139562 34289 infeasible  143               -  150.00000      -   116 3550s
 139804 34330 infeasible  101               -  150.00000      -   116 3555s
 139952 34339 infeasible  115               -  150.00000      -   117 3560s
 140204 34352 infeasible  103               -  150.00000      -   116 3565s
 140447 34386  150.00000  107  304          -  150.00000      -   116 3570s
 140656 34433  149.31322  127  357          -  150.00000      -   116 3575s
 140782 34483 infeasible  116               -  150.00000      -   117 3580s
 141022 34531 infeasible  137               -  150.00000      -   117 3585s
 141261 34613  150.00000  113  251          -  150.00000      -   117 3590s
 141482 34700 infeasible  122               -  150.00000      -   117 3595s

Cutting planes:
  Gomory: 9
  Cover: 139
  Implied bound: 9
  Clique: 135
  MIR: 10
  StrongCG: 6
  Flow cover: 79
  GUB cover: 12
  Zero half: 14
  Relax-and-lift: 24

Explored 141827 nodes (16528806 simplex iterations) in 3600.13 seconds (2846.51 work units)
Thread count was 1 (of 8 available processors)

Solution count 0

Time limit reached
Best objective -, best bound 1.500000000000e+02, gap -
