
Gurobi 11.0.1 (win64) logging started Tue Mar 26 08:58:25 2024

Set parameter LogFile to value "C:\Projetos\Job_Rotation_Algorithms\Outputs\GurobiLogs\gurobi_log-output-60_ton-c37-CostaMirallesModel-NoExtraConstraint-2.log"
Gurobi Optimizer version 11.0.1 build v11.0.1rc0 (win64 - Windows 10.0 (19045.2))

CPU model: 11th Gen Intel(R) Core(TM) i7-1165G7 @ 2.80GHz, instruction set [SSE2|AVX|AVX2|AVX512]
Thread count: 4 physical cores, 8 logical processors, using up to 1 threads

WLS license 901039 - registered to Bitka Analytics
Optimize a model with 5047 rows, 31940 columns and 765898 nonzeros
Model fingerprint: 0x1562767d
Variable types: 2 continuous, 31938 integer (31938 binary)
Coefficient statistics:
  Matrix range     [1e+00, 2e+02]
  Objective range  [1e+00, 1e+00]
  Bounds range     [1e+00, 7e+01]
  RHS range        [1e+00, 7e+01]
Presolve added 1489 rows and 0 columns
Presolve removed 0 rows and 3053 columns
Presolve time: 3.58s
Presolved: 6536 rows, 28887 columns, 187656 nonzeros
Variable types: 0 continuous, 28887 integer (27473 binary)

Root relaxation: objective 1.390000e+02, 7160 iterations, 1.06 seconds (1.57 work units)
Total elapsed time = 5.27s (DegenMoves)

    Nodes    |    Current Node    |     Objective Bounds      |     Work
 Expl Unexpl |  Obj  Depth IntInf | Incumbent    BestBd   Gap | It/Node Time

     0     0  139.00000    0  213          -  139.00000      -     -    5s
     0     0  139.00000    0  744          -  139.00000      -     -    5s
     0     0  139.00000    0  744          -  139.00000      -     -    6s
     0     0  139.00000    0  180          -  139.00000      -     -   16s
     0     0  139.00000    0  173          -  139.00000      -     -   16s
     0     0  139.00000    0  174          -  139.00000      -     -   16s
     0     0  139.00000    0  172          -  139.00000      -     -   16s
     0     0  139.00000    0  821          -  139.00000      -     -   18s
     0     0  139.00000    0  697          -  139.00000      -     -   18s
     0     0  139.00000    0  745          -  139.00000      -     -   18s
     0     0  139.00000    0  235          -  139.00000      -     -   22s
     0     0  139.00000    0  325          -  139.00000      -     -   22s
     0     0  139.00000    0  290          -  139.00000      -     -   22s
     0     0  139.00000    0  402          -  139.00000      -     -   22s
     0     0  139.00000    0  261          -  139.00000      -     -   24s
     0     0  139.00000    0  257          -  139.00000      -     -   24s
     0     0  139.00000    0  340          -  139.00000      -     -   24s
     0     0  139.00000    0  265          -  139.00000      -     -   26s
     0     0  139.00000    0  262          -  139.00000      -     -   26s
     0     0  139.00000    0  802          -  139.00000      -     -   27s
     0     0  139.00000    0  688          -  139.00000      -     -   27s
     0     0  139.00000    0  570          -  139.00000      -     -   27s
     0     0  139.00000    0  332          -  139.00000      -     -   30s
     0     0  139.00000    0  321          -  139.00000      -     -   30s
     0     0  139.00000    0  304          -  139.00000      -     -   30s
     0     0  139.00000    0  304          -  139.00000      -     -   30s
     0     2  139.00000    0  295          -  139.00000      -     -   34s
    18    19  139.00000   12  437          -  139.00000      -   290   35s
   117    88  139.00000   25  474          -  139.00000      -   225   40s
   260   196  139.00000   38  886          -  139.00000      -   183   45s
   353   224  139.00000   37 1063          -  139.00000      -   225   50s
   441   259  139.00000    5 1307          -  139.00000      -   246   55s
   524   323  139.00000   59  428          -  139.00000      -   253   60s
   571   350  139.00000   28  326          -  139.00000      -   280   65s
   662   424  139.00000   17  744          -  139.00000      -   256   97s
   664   425  139.00000   22  307          -  139.00000      -   255  100s
   667   427  139.00000   61  386          -  139.00000      -   254  109s
   668   428  139.00000   53  829          -  139.00000      -   253  110s
   669   429  139.00000   29  421          -  139.00000      -   253  116s
   671   430  139.00000   27  375          -  139.00000      -   252  124s
   672   431  139.00000   46  937          -  139.00000      -   252  126s
   673   431  139.00000   15  476          -  139.00000      -   252  132s
   675   433  139.00000   68  477          -  139.00000      -   251  142s
   677   434  139.00000    9  477          -  139.00000      -   250  147s
   679   437  139.00000   16  521          -  139.00000      -   635  150s
   687   443  139.00000   20  468          -  139.00000      -   632  155s
   697   449  139.00000   25  527          -  139.00000      -   627  160s
   707   456  139.00000   30  494          -  139.00000      -   623  165s
   713   458  139.00000   33  601          -  139.00000      -   621  202s
   721   461  139.00000   37  420          -  139.00000      -   620  205s
   732   465  139.00000   43  404          -  139.00000      -   622  210s
   753   479  139.00000   53  276          -  139.00000      -   612  215s
   778   469 infeasible   52               -  139.00000      -   604  220s
   795   461  139.00000   47  377          -  139.00000      -   602  225s
   820   455  139.00000   54  254          -  139.00000      -   593  230s
   839   456  139.00000   53  337          -  139.00000      -   588  235s
   856   449  139.00000   49  329          -  139.00000      -   586  240s
   878   442 infeasible   50               -  139.00000      -   582  245s
   896   430 infeasible   52               -  139.00000      -   580  250s
   918   437 infeasible   64               -  139.00000      -   571  255s
   937   433  139.00000   55  351          -  139.00000      -   566  260s
   967   429  139.00000   72  277          -  139.00000      -   556  265s
  1010   429  139.00000   64  437          -  139.00000      -   544  270s
  1093   421  139.00000   64  299          -  139.00000      -   517  275s
  1172   402 infeasible   58               -  139.00000      -   493  280s
  1246   388  139.00000   67  252          -  139.00000      -   476  285s
  1365   367 infeasible   69               -  139.00000      -   447  290s
  1435   337 infeasible   58               -  139.00000      -   435  295s
  1532   317  139.00000   56  259          -  139.00000      -   416  300s
  1611   310  139.00000   55  466          -  139.00000      -   405  305s
  1650   305  139.00000   44  347          -  139.00000      -   405  310s
  1717   308  139.00000   58  394          -  139.00000      -   399  315s
  1782   301  139.00000   51  600          -  139.00000      -   393  320s
  1864   286 infeasible   59               -  139.00000      -   384  325s
  1930   274  139.00000   68  373          -  139.00000      -   379  330s
  2003   283  138.00000   63  423          -  139.00000      -   372  335s
  2061   293  139.00000   54  359          -  139.00000      -   371  340s
  2166   317  139.00000   58  362          -  139.00000      -   360  345s
  2235   316 infeasible   50               -  139.00000      -   355  350s
  2330   314 infeasible   68               -  139.00000      -   347  355s
  2427   328 infeasible   70               -  139.00000      -   340  360s
  2532   336 infeasible   55               -  139.00000      -   331  365s
  2613   338  139.00000   50  434          -  139.00000      -   326  370s
  2691   377  139.00000   53  440          -  139.00000      -   322  375s
  2799   421  139.00000   76  418          -  139.00000      -   313  380s
  2894   458  139.00000   80  393          -  139.00000      -   308  385s
  2990   503  139.00000   66  379          -  139.00000      -   303  390s
  3089   541  139.00000   68  355          -  139.00000      -   298  395s
  3199   575  138.89394   81  538          -  139.00000      -   293  400s
  3323   624 infeasible   73               -  139.00000      -   287  405s
  3468   656 infeasible   67               -  139.00000      -   280  410s
  3596   672  139.00000   69  351          -  139.00000      -   275  415s
  3745   701  138.86538   71  637          -  139.00000      -   269  420s
  3903   725  139.00000   59  316          -  139.00000      -   262  425s
  4048   747 infeasible   75               -  139.00000      -   257  430s
  4223   749 infeasible   59               -  139.00000      -   251  435s
  4317   768 infeasible   69               -  139.00000      -   249  440s
  4435   797  139.00000   56  635          -  139.00000      -   247  445s
  4561   821 infeasible   70               -  139.00000      -   244  450s
  4669   836  139.00000   55  402          -  139.00000      -   242  455s
  4834   882 infeasible   86               -  139.00000      -   238  460s
  5024   895 infeasible   86               -  139.00000      -   234  465s
  5101   907  139.00000   80  274          -  139.00000      -   233  475s
  5219   911  139.00000   88  416          -  139.00000      -   232  480s
  5414   927 infeasible   92               -  139.00000      -   228  485s
  5546   909  139.00000   73  471          -  139.00000      -   226  490s
  5699   968  139.00000   81  468          -  139.00000      -   223  495s
  5881   994  139.00000   70  471          -  139.00000      -   220  500s
  6045  1014 infeasible   83               -  139.00000      -   218  505s
  6218  1018  139.00000   66  333          -  139.00000      -   215  510s
  6395  1038 infeasible   81               -  139.00000      -   213  515s
  6555  1067  139.00000   73  325          -  139.00000      -   211  520s
  6704  1077 infeasible   65               -  139.00000      -   210  525s
  6848  1082 infeasible   64               -  139.00000      -   209  530s
  6969  1101 infeasible   75               -  139.00000      -   208  535s
  7100  1103 infeasible   76               -  139.00000      -   207  540s
  7283  1113  139.00000   74  451          -  139.00000      -   205  545s
  7435  1136  138.50000   70  647          -  139.00000      -   204  550s
  7529  1129  139.00000   54  479          -  139.00000      -   204  555s
  7642  1164 infeasible   61               -  139.00000      -   203  560s
  7737  1201 infeasible   75               -  139.00000      -   203  565s
  7910  1257 infeasible   89               -  139.00000      -   201  570s
  8059  1259 infeasible   76               -  139.00000      -   200  575s
  8224  1282  139.00000   74  268          -  139.00000      -   198  580s
  8364  1302 infeasible   77               -  139.00000      -   197  585s
  8447  1286 infeasible   50               -  139.00000      -   197  590s
  8589  1315  139.00000   59  570          -  139.00000      -   196  595s
  8703  1359 infeasible   58               -  139.00000      -   196  600s
  8875  1375 infeasible   70               -  139.00000      -   194  605s
  9016  1396  139.00000   53  521          -  139.00000      -   193  610s
  9113  1402  139.00000   63  434          -  139.00000      -   193  615s
  9298  1416 infeasible  100               -  139.00000      -   192  620s
  9564  1440 infeasible  111               -  139.00000      -   188  625s
  9790  1438 infeasible  105               -  139.00000      -   186  630s
  9998  1432 infeasible  105               -  139.00000      -   184  635s
 10202  1432 infeasible   83               -  139.00000      -   182  771s
 10294  1429 infeasible   73               -  139.00000      -   182  775s
 10427  1451  139.00000   86  324          -  139.00000      -   181  780s
 10563  1449  139.00000   64  492          -  139.00000      -   181  785s
 10688  1460  139.00000   64  357          -  139.00000      -   181  790s
 10845  1486 infeasible   61               -  139.00000      -   180  795s
 10956  1499  139.00000   61  381          -  139.00000      -   180  800s
 11135  1530 infeasible   82               -  139.00000      -   178  805s
 11267  1533 infeasible   74               -  139.00000      -   178  810s
 11374  1540 infeasible   76               -  139.00000      -   178  815s
 11499  1551 infeasible   76               -  139.00000      -   178  820s
 11620  1542  139.00000   68  462          -  139.00000      -   178  825s
 11747  1563 infeasible   85               -  139.00000      -   177  830s
 11923  1571 infeasible   77               -  139.00000      -   176  835s
 12090  1604 infeasible   64               -  139.00000      -   176  840s
 12218  1657 infeasible   64               -  139.00000      -   175  845s
 12315  1695  139.00000   56  449          -  139.00000      -   175  850s
 12366  1722 infeasible   55               -  139.00000      -   175  855s
 12486  1721 infeasible   67               -  139.00000      -   175  860s
 12558  1740  139.00000   60  763          -  139.00000      -   175  865s
 12658  1766 infeasible   70               -  139.00000      -   175  870s
 12791  1808  139.00000   86  332          -  139.00000      -   174  875s
 12965  1812 infeasible   84               -  139.00000      -   173  880s
 13070  1810 infeasible   87               -  139.00000      -   173  885s
 13198  1796 infeasible   65               -  139.00000      -   173  890s
 13324  1849  139.00000   59  729          -  139.00000      -   173  895s
 13462  1925  139.00000   95  334          -  139.00000      -   172  900s
 13635  1969 infeasible   83               -  139.00000      -   171  905s
 13809  1963 infeasible   98               -  139.00000      -   170  910s
 13993  1987  139.00000   99  334          -  139.00000      -   170  915s
 14194  2009  139.00000   58  408          -  139.00000      -   169  920s
 14321  2084 infeasible   83               -  139.00000      -   168  925s
 14453  2116 infeasible   70               -  139.00000      -   168  930s
 14605  2148 infeasible   81               -  139.00000      -   168  935s
 14756  2199 infeasible   92               -  139.00000      -   167  940s
 14980  2262 infeasible   69               -  139.00000      -   166  945s
 15177  2257 infeasible   99               -  139.00000      -   165  950s
 15303  2284  139.00000   91  375          -  139.00000      -   165  960s
 15454  2322 infeasible  109               -  139.00000      -   165  965s
 15652  2338 infeasible   99               -  139.00000      -   164  970s
 15855  2391 infeasible   73               -  139.00000      -   163  975s
 16007  2471  139.00000   88  468          -  139.00000      -   163  980s
 16180  2561  139.00000   91  615          -  139.00000      -   162  985s
 16318  2624  139.00000   65  393          -  139.00000      -   162  990s
 16427  2683  139.00000   67  415          -  139.00000      -   162  995s
 16540  2743  139.00000   66  556          -  139.00000      -   162 1000s
 16623  2783 infeasible   79               -  139.00000      -   162 1005s
 16729  2821 infeasible   87               -  139.00000      -   162 1010s
 16854  2874  139.00000   63  343          -  139.00000      -   162 1015s
 16983  2941  139.00000   68  322          -  139.00000      -   162 1020s
 17160  3021  139.00000   83  390          -  139.00000      -   162 1025s
 17347  3082  139.00000  112  360          -  139.00000      -   161 1030s
 17441  3092 infeasible   89               -  139.00000      -   162 1035s
 17544  3126 infeasible   95               -  139.00000      -   162 1040s
 17676  3169 infeasible  115               -  139.00000      -   162 1045s
 17823  3186 infeasible   97               -  139.00000      -   162 1050s
 17920  3193  139.00000   76  443          -  139.00000      -   162 1055s
 17993  3222 infeasible   76               -  139.00000      -   162 1060s
 18154  3322  139.00000   95  377          -  139.00000      -   162 1065s
 18284  3362  139.00000  108  467          -  139.00000      -   162 1070s
 18459  3422 infeasible  109               -  139.00000      -   161 1075s
 18575  3431  139.00000   94  539          -  139.00000      -   161 1080s
 18681  3462  139.00000  106  629          -  139.00000      -   161 1085s
 18816  3472 infeasible  105               -  139.00000      -   161 1090s
 18945  3490 infeasible   98               -  139.00000      -   161 1095s
 19105  3497  139.00000  104  431          -  139.00000      -   160 1100s
 19222  3522 infeasible  105               -  139.00000      -   160 1105s
 19370  3557  139.00000  113  364          -  139.00000      -   160 1110s
 19529  3574 infeasible  101               -  139.00000      -   160 1115s
 19664  3573 infeasible   85               -  139.00000      -   160 1120s
 19785  3596 infeasible  104               -  139.00000      -   160 1125s
 19922  3602 infeasible  112               -  139.00000      -   160 1130s
 19966  3601  139.00000   98  312          -  139.00000      -   160 1157s
 19981  3592 infeasible   91               -  139.00000      -   160 1160s
 20001  3590  139.00000   76  449          -  139.00000      -   161 1165s
 20015  3590  139.00000   79  462          -  139.00000      -   161 1170s
 20033  3596  139.00000   77  551          -  139.00000      -   161 1175s
 20054  3599  139.00000   72  495          -  139.00000      -   161 1180s
 20077  3604  139.00000   75  507          -  139.00000      -   161 1186s
 20121  3630  139.00000   90  346          -  139.00000      -   161 1190s
 20263  3675  139.00000  113  241          -  139.00000      -   161 1195s
 20404  3677 infeasible  123               -  139.00000      -   161 1205s
 20549  3671  139.00000   87  470          -  139.00000      -   161 1210s
 20778  3703  139.00000  103  452          -  139.00000      -   160 1215s
 20954  3743 infeasible  108               -  139.00000      -   160 1220s
 21124  3746 infeasible  114               -  139.00000      -   159 1225s
 21241  3739 infeasible  101               -  139.00000      -   160 1230s
 21413  3791  139.00000   92  310          -  139.00000      -   159 1235s
 21542  3856  139.00000  105  537          -  139.00000      -   159 1240s
 21695  3901  139.00000  101  383          -  139.00000      -   159 1245s
 21822  3941 infeasible   92               -  139.00000      -   159 1250s
 21976  3983  139.00000  104  509          -  139.00000      -   159 1255s
 22103  4000  139.00000  104  791          -  139.00000      -   159 1260s
 22229  4024  139.00000  117  326          -  139.00000      -   159 1265s
 22382  4020 infeasible  110               -  139.00000      -   159 1270s
 22578  4046 infeasible  128               -  139.00000      -   159 1275s
 22711  4094 infeasible  111               -  139.00000      -   159 1280s
 22831  4117 infeasible  106               -  139.00000      -   159 1285s
 22948  4146  139.00000   99  841          -  139.00000      -   159 1290s
 23054  4172 infeasible  108               -  139.00000      -   159 1295s
 23188  4207  139.00000   86  513          -  139.00000      -   159 1300s
 23325  4231 infeasible   83               -  139.00000      -   159 1305s
 23482  4254 infeasible  102               -  139.00000      -   159 1310s
 23644  4306  139.00000  102  281          -  139.00000      -   159 1315s
 23755  4308 infeasible   91               -  139.00000      -   159 1320s
 23888  4352  139.00000   82  342          -  139.00000      -   159 1325s
 24065  4421  139.00000   77  616          -  139.00000      -   159 1330s
 24213  4444 infeasible   86               -  139.00000      -   159 1335s
 24378  4462 infeasible   87               -  139.00000      -   159 1340s
 24535  4459 infeasible   99               -  139.00000      -   159 1345s
 24718  4518  138.00000   82  809          -  139.00000      -   159 1350s
 24904  4526  139.00000  108  274          -  139.00000      -   158 1355s
 25094  4575  139.00000   73  605          -  139.00000      -   158 1360s
 25259  4621 infeasible   87               -  139.00000      -   158 1365s
 25379  4639  139.00000   75  640          -  139.00000      -   158 1370s
 25505  4682  139.00000   82  488          -  139.00000      -   158 1381s
 25612  4743  139.00000   78  642          -  139.00000      -   158 1385s
 25739  4764 infeasible   74               -  139.00000      -   158 1390s
 25902  4775 infeasible  117               -  139.00000      -   158 1395s
 26055  4775 infeasible  105               -  139.00000      -   158 1400s
 26198  4818 infeasible  125               -  139.00000      -   158 1405s
 26399  4823 infeasible   87               -  139.00000      -   157 1410s
 26558  4834 infeasible   91               -  139.00000      -   157 1415s
 26696  4837 infeasible  103               -  139.00000      -   158 1420s
 26840  4835 infeasible  107               -  139.00000      -   157 1425s
 27012  4877 infeasible  105               -  139.00000      -   157 1430s
 27105  4903  139.00000   82  769          -  139.00000      -   157 1435s
 27234  4975 infeasible   66               -  139.00000      -   157 1440s
 27359  5054 infeasible  101               -  139.00000      -   157 1445s
 27472  5120  139.00000   78  498          -  139.00000      -   157 1450s
 27625  5193 infeasible   73               -  139.00000      -   157 1455s
 27774  5268 infeasible   83               -  139.00000      -   157 1460s
 27868  5298 infeasible   74               -  139.00000      -   157 1465s
 27953  5339  139.00000   73  571          -  139.00000      -   158 1470s
 28075  5384 infeasible  109               -  139.00000      -   158 1475s
 28201  5430  139.00000   78  545          -  139.00000      -   158 1480s
 28345  5502  139.00000   69  839          -  139.00000      -   158 1485s
 28461  5540  139.00000   67  713          -  139.00000      -   158 1490s
 28593  5596 infeasible   69               -  139.00000      -   158 1495s
 28718  5659  139.00000   68  563          -  139.00000      -   158 1500s
 28832  5721  139.00000   83  473          -  139.00000      -   158 1505s
 28956  5769  139.00000   76  515          -  139.00000      -   158 1510s
 29088  5791 infeasible   88               -  139.00000      -   158 1515s
 29228  5839  139.00000   84  505          -  139.00000      -   158 1520s
 29412  5916 infeasible   99               -  139.00000      -   158 1525s
 29557  5961 infeasible   87               -  139.00000      -   158 1530s
 29686  5983 infeasible   69               -  139.00000      -   158 1535s
 29846  6063 infeasible   97               -  139.00000      -   158 1540s
 29999  6132 infeasible   76               -  139.00000      -   158 1545s
 30167  6205  139.00000   90  410          -  139.00000      -   157 1550s
 30278  6256  139.00000   89  561          -  139.00000      -   158 1555s
 30460  6316 infeasible   86               -  139.00000      -   157 1560s
 30600  6344  139.00000   79  307          -  139.00000      -   157 1565s
 30606  6349  139.00000   84  300          -  139.00000      -   157 1572s
 30703  6391 infeasible  109               -  139.00000      -   157 1575s
 30843  6434 infeasible   86               -  139.00000      -   157 1580s
 31002  6498  139.00000   94  552          -  139.00000      -   157 1585s
 31195  6585  139.00000   84  531          -  139.00000      -   157 1590s
 31409  6638 infeasible   98               -  139.00000      -   157 1595s
 31610  6685  139.00000   90  424          -  139.00000      -   157 1600s
 31770  6756  139.00000   91  478          -  139.00000      -   157 1605s
 31949  6801  139.00000   82  332          -  139.00000      -   157 1610s
 32110  6900 infeasible   75               -  139.00000      -   156 1615s
 32283  6995  139.00000   81  602          -  139.00000      -   156 1620s
 32437  7045  139.00000   75  403          -  139.00000      -   156 1625s
 32548  7050  139.00000   88  526          -  139.00000      -   156 1630s
 32671  7088 infeasible   87               -  139.00000      -   156 1635s
 32766  7097  139.00000   79  827          -  139.00000      -   156 1640s
 32909  7131 infeasible   79               -  139.00000      -   156 1645s
 33030  7156  139.00000   96  509          -  139.00000      -   156 1650s
 33200  7216 infeasible  106               -  139.00000      -   156 1655s
 33319  7246  139.00000   75  377          -  139.00000      -   156 1660s
 33423  7266 infeasible   72               -  139.00000      -   156 1665s
 33474  7275  139.00000   77  527          -  139.00000      -   157 1670s
 33542  7286 infeasible   85               -  139.00000      -   157 1675s
 33672  7315  139.00000   77  301          -  139.00000      -   157 1680s
 33873  7342 infeasible   86               -  139.00000      -   156 1685s
 33972  7347 infeasible   82               -  139.00000      -   157 1690s
 34074  7359 infeasible   95               -  139.00000      -   157 1695s
 34221  7427 infeasible  109               -  139.00000      -   157 1700s
 34408  7486 infeasible   89               -  139.00000      -   156 1705s
 34479  7486 infeasible   88               -  139.00000      -   157 1710s
 34600  7516  139.00000   95  406          -  139.00000      -   157 1715s
 34746  7535  139.00000   94  527          -  139.00000      -   157 1720s
 34919  7566  139.00000  111  408          -  139.00000      -   156 1725s
 35040  7569  139.00000   82  555          -  139.00000      -   156 1730s
 35207  7607  139.00000   86  823          -  139.00000      -   156 1735s
 35355  7638 infeasible   91               -  139.00000      -   156 1740s
 35547  7661  139.00000   86  242          -  139.00000      -   156 1745s
 35686  7658  139.00000   96  380          -  139.00000      -   156 1750s
 35707  7655 infeasible   87               -  139.00000      -   156 1758s
 35726  7652  139.00000   84  533          -  139.00000      -   156 1760s
 35876  7688  139.00000   77  429          -  139.00000      -   156 1771s
 35901  7703 infeasible   93               -  139.00000      -   156 1775s
 36025  7740  139.00000   92  425          -  139.00000      -   156 1780s
 36185  7793  138.96599   98  730          -  139.00000      -   156 1785s
 36363  7804 infeasible   82               -  139.00000      -   156 1790s
 36469  7837 infeasible   63               -  139.00000      -   156 1795s
 36601  7887 infeasible   93               -  139.00000      -   156 1800s
 36679  7912 infeasible   94               -  139.00000      -   156 1805s
 36798  7936 infeasible   77               -  139.00000      -   156 1810s
 36897  7968 infeasible   70               -  139.00000      -   156 1815s
 37030  8008  139.00000   68  567          -  139.00000      -   156 1820s
 37128  8033 infeasible   69               -  139.00000      -   156 1825s
 37239  8038 infeasible   73               -  139.00000      -   156 1830s
 37344  8055  139.00000   67  456          -  139.00000      -   156 1835s
 37460  8051 infeasible   71               -  139.00000      -   156 1840s
 37558  8114 infeasible   85               -  139.00000      -   157 1845s
 37624  8132  139.00000   71  429          -  139.00000      -   157 1850s
 37708  8152 infeasible   87               -  139.00000      -   157 1855s
 37837  8207  139.00000   52  578          -  139.00000      -   157 1860s
 37930  8255  139.00000   77  554          -  139.00000      -   157 1865s
 38085  8348  139.00000   83  366          -  139.00000      -   157 1870s
 38233  8377 infeasible   79               -  139.00000      -   157 1875s
 38323  8394  139.00000   81  587          -  139.00000      -   157 1880s
 38420  8394  139.00000   76  419          -  139.00000      -   157 1885s
 38478  8411 infeasible   83               -  139.00000      -   157 1890s
 38609  8441 infeasible   99               -  139.00000      -   157 1895s
 38786  8463  139.00000   86  673          -  139.00000      -   157 1900s
 38895  8483 infeasible   81               -  139.00000      -   157 1905s
 39005  8520 infeasible  114               -  139.00000      -   157 1910s
 39058  8523 infeasible   95               -  139.00000      -   157 1915s
 39091  8492  139.00000   91  326          -  139.00000      -   158 1958s
 39109  8474 infeasible   75               -  139.00000      -   158 1960s
 39131  8486  139.00000   85  341          -  139.00000      -   158 1965s
 39155  8486 infeasible   80               -  139.00000      -   158 1970s
 39178  8487 infeasible   79               -  139.00000      -   158 1975s
 39197  8484 infeasible   82               -  139.00000      -   158 1980s
 39219  8484 infeasible   79               -  139.00000      -   158 1985s
 39228  8489 infeasible   74               -  139.00000      -   158 1990s
 39250  8471  139.00000   77  581          -  139.00000      -   159 1995s
 39271  8482 infeasible   91               -  139.00000      -   159 2000s
 39299  8480 infeasible   84               -  139.00000      -   159 2005s
 39408  8539 infeasible   90               -  139.00000      -   159 2010s
 39543  8612 infeasible  101               -  139.00000      -   159 2015s
 39714  8666  139.00000   68  424          -  139.00000      -   158 2020s
 39907  8705  139.00000  102  412          -  139.00000      -   158 2025s
 40156  8757  139.00000   97  402          -  139.00000      -   158 2030s
 40446  8795 infeasible  123               -  139.00000      -   157 2035s
 40713  8808 infeasible  110               -  139.00000      -   157 2040s
 40808  8828  139.00000  113  293          -  139.00000      -   157 2048s
 40889  8837 infeasible  115               -  139.00000      -   156 2050s
 41119  8832 infeasible  118               -  139.00000      -   156 2055s
 41348  8835 infeasible  103               -  139.00000      -   156 2060s
 41495  8859 infeasible   93               -  139.00000      -   156 2065s
 41615  8855 infeasible   94               -  139.00000      -   156 2070s
 41746  8887  139.00000   70  430          -  139.00000      -   156 2075s
 41858  8952  139.00000   92  340          -  139.00000      -   156 2080s
 41981  8999 infeasible   84               -  139.00000      -   156 2085s
 42100  9024  139.00000   99  383          -  139.00000      -   156 2090s
 42220  9047 infeasible   95               -  139.00000      -   156 2095s
 42374  9098  139.00000   83  735          -  139.00000      -   156 2100s
 42540  9145 infeasible   98               -  139.00000      -   156 2105s
 42697  9133 infeasible  103               -  139.00000      -   156 2110s
 42905  9191  139.00000   91  414          -  139.00000      -   156 2115s
 43048  9219 infeasible   96               -  139.00000      -   156 2120s
 43272  9264 infeasible   96               -  139.00000      -   155 2125s
 43474  9289 infeasible  100               -  139.00000      -   155 2130s
 43665  9333 infeasible   91               -  139.00000      -   155 2135s
 43897  9364  139.00000   91  395          -  139.00000      -   155 2140s
 44083  9393 infeasible  119               -  139.00000      -   155 2145s
 44309  9439 infeasible  113               -  139.00000      -   155 2150s
 44498  9423  139.00000  114  232          -  139.00000      -   154 2155s
 44653  9415 infeasible  109               -  139.00000      -   155 2160s
 44817  9428  139.00000   90  780          -  139.00000      -   154 2165s
 44907  9443 infeasible  104               -  139.00000      -   154 2170s
 45077  9471 infeasible   96               -  139.00000      -   154 2175s
 45229  9507 infeasible   93               -  139.00000      -   154 2180s
 45406  9568  139.00000   95  364          -  139.00000      -   154 2185s
 45526  9585 infeasible   89               -  139.00000      -   154 2190s
 45675  9605 infeasible   89               -  139.00000      -   154 2195s
 45777  9631 infeasible   75               -  139.00000      -   154 2200s
 45887  9672  139.00000   73  652          -  139.00000      -   155 2205s
 45909  9677 infeasible   72               -  139.00000      -   155 2213s
 45961  9712  139.00000   84  722          -  139.00000      -   155 2215s
 46074  9769  139.00000   89  846          -  139.00000      -   155 2220s
 46185  9808 infeasible  104               -  139.00000      -   155 2225s
 46282  9826  139.00000   78  304          -  139.00000      -   155 2230s
 46386  9877 infeasible   93               -  139.00000      -   155 2235s
 46529  9948  139.00000   87  447          -  139.00000      -   155 2240s
 46703 10017  139.00000   94  546          -  139.00000      -   155 2245s
 46846 10063 infeasible   80               -  139.00000      -   155 2250s
 46933 10086 infeasible   81               -  139.00000      -   155 2255s
 47061 10125  139.00000  103  494          -  139.00000      -   155 2260s
 47195 10190  139.00000  115  465          -  139.00000      -   155 2265s
 47319 10224  139.00000  106  424          -  139.00000      -   155 2270s
 47474 10251  139.00000  116  287          -  139.00000      -   155 2275s
 47588 10286 infeasible  113               -  139.00000      -   155 2280s
 47736 10316  138.00000   81  598          -  139.00000      -   155 2285s
 47824 10358 infeasible   78               -  139.00000      -   156 2290s
 47977 10430  139.00000   87  754          -  139.00000      -   155 2295s
 48107 10490 infeasible  102               -  139.00000      -   155 2300s
 48215 10525  139.00000   78  492          -  139.00000      -   156 2305s
 48310 10562  139.00000   76  849          -  139.00000      -   156 2310s
 48384 10569 infeasible   98               -  139.00000      -   156 2315s
 48573 10596 infeasible   84               -  139.00000      -   156 2320s
 48738 10620 infeasible  103               -  139.00000      -   156 2325s
 48878 10652 infeasible  112               -  139.00000      -   156 2330s
 49084 10690  139.00000  119  388          -  139.00000      -   155 2335s
 49231 10739 infeasible  108               -  139.00000      -   155 2340s
 49395 10784  139.00000  107  639          -  139.00000      -   155 2345s
 49563 10807 infeasible  108               -  139.00000      -   155 2350s
 49719 10821 infeasible  110               -  139.00000      -   155 2355s
 49896 10862 infeasible  107               -  139.00000      -   155 2360s
 50123 10888  139.00000   95  494          -  139.00000      -   155 2365s
 50335 10908  139.00000  101  398          -  139.00000      -   155 2370s
 50489 10951  139.00000  104  505          -  139.00000      -   155 2375s
 50603 10969 infeasible   97               -  139.00000      -   155 2380s
 50731 10995 infeasible  111               -  139.00000      -   155 2385s
 50847 11035 infeasible  110               -  139.00000      -   155 2390s
 51010 11026  139.00000  111  382          -  139.00000      -   155 2403s
 51059 11043 infeasible   97               -  139.00000      -   155 2405s
 51192 11068  139.00000  108  333          -  139.00000      -   155 2410s
 51350 11105 infeasible  108               -  139.00000      -   155 2415s
 51534 11122  139.00000  116  539          -  139.00000      -   155 2420s
 51677 11149 infeasible   96               -  139.00000      -   155 2425s
 51872 11159 infeasible   94               -  139.00000      -   154 2430s
 51963 11172 infeasible   80               -  139.00000      -   155 2435s
 52084 11159 infeasible  123               -  139.00000      -   155 2440s
 52237 11184 infeasible  100               -  139.00000      -   155 2445s
 52324 11219 infeasible   98               -  139.00000      -   155 2450s
 52449 11256  139.00000  100  585          -  139.00000      -   155 2455s
 52598 11319  139.00000   90  585          -  139.00000      -   155 2460s
 52722 11360 infeasible   78               -  139.00000      -   155 2465s
 52917 11445 infeasible  109               -  139.00000      -   155 2470s
 53141 11473  139.00000   93  466          -  139.00000      -   154 2475s
 53260 11479  139.00000   98  661          -  139.00000      -   155 2480s
 53335 11480 infeasible   91               -  139.00000      -   155 2485s
 53502 11506 infeasible   99               -  139.00000      -   155 2490s
 53655 11542  139.00000   83  528          -  139.00000      -   155 2495s
 53769 11540  139.00000  109  429          -  139.00000      -   155 2500s
 53924 11532 infeasible  110               -  139.00000      -   155 2505s
 54045 11525 infeasible   98               -  139.00000      -   155 2510s
 54250 11516 infeasible  108               -  139.00000      -   155 2515s
 54420 11527  139.00000  123  341          -  139.00000      -   155 2520s
 54604 11528 infeasible  125               -  139.00000      -   155 2525s
 54770 11499 infeasible  100               -  139.00000      -   155 2530s
 54925 11490 infeasible   87               -  139.00000      -   155 2535s
 55070 11551  139.00000   95  672          -  139.00000      -   155 2540s
 55301 11632 infeasible  119               -  139.00000      -   154 2545s
 55578 11664  139.00000  111  511          -  139.00000      -   154 2550s
 55812 11638 infeasible  114               -  139.00000      -   154 2555s
 56015 11623  139.00000  123  455          -  139.00000      -   154 2560s
 56219 11603  139.00000   92  531          -  139.00000      -   154 2565s
 56260 11617 infeasible   94               -  139.00000      -   154 2574s
 56265 11616  139.00000   72  312          -  139.00000      -   154 2575s
 56327 11625 infeasible   79               -  139.00000      -   154 2580s
 56411 11654 infeasible  105               -  139.00000      -   154 2585s
 56596 11690 infeasible   80               -  139.00000      -   154 2590s
 56753 11715 infeasible   79               -  139.00000      -   154 2595s
 56890 11787  139.00000   87  442          -  139.00000      -   154 2600s
 57040 11838 infeasible   95               -  139.00000      -   154 2605s
 57183 11850 infeasible   96               -  139.00000      -   154 2610s
 57342 11913  139.00000   73  639          -  139.00000      -   154 2615s
 57413 11951  139.00000   73  848          -  139.00000      -   154 2620s
 57472 11957 infeasible   84               -  139.00000      -   154 2625s
 57584 11948  139.00000  111  614          -  139.00000      -   154 2630s
 57702 11967 infeasible  112               -  139.00000      -   154 2635s
 57831 11945 infeasible   98               -  139.00000      -   154 2640s
 57947 11982  139.00000   67  283          -  139.00000      -   154 2645s
 58105 12038  139.00000  116  368          -  139.00000      -   154 2650s
 58212 12044 infeasible  105               -  139.00000      -   154 2655s
 58341 12057  139.00000   89  507          -  139.00000      -   154 2660s
 58422 12081 infeasible  120               -  139.00000      -   154 2665s
 58567 12144  139.00000   95  312          -  139.00000      -   154 2670s
 58677 12194  139.00000  104  343          -  139.00000      -   154 2675s
 58844 12265 infeasible  108               -  139.00000      -   154 2680s
 59012 12276  139.00000   95  560          -  139.00000      -   154 2685s
 59158 12298 infeasible   88               -  139.00000      -   154 2690s
 59275 12302  138.00000   99  757          -  139.00000      -   154 2695s
 59360 12298 infeasible   90               -  139.00000      -   155 2700s
 59506 12320  139.00000   96  348          -  139.00000      -   155 2705s
 59607 12341  139.00000   91  490          -  139.00000      -   155 2710s
 59723 12388  139.00000  103  554          -  139.00000      -   155 2715s
 59898 12425 infeasible  110               -  139.00000      -   155 2720s
 60107 12434 infeasible  111               -  139.00000      -   154 2725s
 60271 12470 infeasible  109               -  139.00000      -   154 2730s
 60375 12494  139.00000  103  460          -  139.00000      -   154 2735s
 60532 12540 infeasible   95               -  139.00000      -   154 2740s
 60597 12530 infeasible   87               -  139.00000      -   155 2745s
 60729 12552 infeasible   98               -  139.00000      -   154 2750s
 60846 12566  139.00000   84  629          -  139.00000      -   155 2755s
 60928 12602  139.00000   90  411          -  139.00000      -   155 2760s
 61030 12638  139.00000   91  423          -  139.00000      -   155 2765s
 61101 12659  139.00000   95  516          -  139.00000      -   155 2770s
 61235 12728  138.98956  106  385          -  139.00000      -   155 2775s
 61361 12777  139.00000   89  455          -  139.00000      -   155 2786s
 61459 12793 infeasible   94               -  139.00000      -   155 2790s
 61595 12818  139.00000   88  340          -  139.00000      -   155 2795s
 61736 12854 infeasible  118               -  139.00000      -   155 2800s
 61903 12895 infeasible  108               -  139.00000      -   155 2805s
 62066 12879 infeasible   96               -  139.00000      -   155 2810s
 62163 12906  139.00000   80  520          -  139.00000      -   155 2815s
 62285 12972 infeasible  104               -  139.00000      -   155 2820s
 62384 13003 infeasible   83               -  139.00000      -   155 2825s
 62486 13020 infeasible   88               -  139.00000      -   155 2830s
 62538 13023 infeasible  109               -  139.00000      -   155 2835s
 62636 13025 infeasible   71               -  139.00000      -   155 2840s
 62737 13073  139.00000   81  802          -  139.00000      -   155 2845s
 62820 13103  139.00000   88  331          -  139.00000      -   155 2850s
 62910 13127 infeasible   90               -  139.00000      -   155 2855s
 62990 13122  139.00000   88  558          -  139.00000      -   155 2860s
 63046 13140  139.00000   83  649          -  139.00000      -   156 2865s
 63071 13146  139.00000   80  507          -  139.00000      -   156 2881s
 63085 13148  139.00000   71  353          -  139.00000      -   156 2885s
 63106 13149 infeasible   79               -  139.00000      -   156 2890s
 63125 13160 infeasible   77               -  139.00000      -   156 2895s
 63192 13170  139.00000   77  598          -  139.00000      -   156 2900s
 63297 13208  139.00000   90  417          -  139.00000      -   156 2905s
 63451 13262 infeasible   99               -  139.00000      -   156 2910s
 63598 13308 infeasible   76               -  139.00000      -   156 2915s
 63755 13302  139.00000   84  508          -  139.00000      -   156 2920s
 63933 13338 infeasible   94               -  139.00000      -   155 2925s
 64047 13378  139.00000   77  728          -  139.00000      -   155 2930s
 64174 13405  139.00000   81  596          -  139.00000      -   155 2935s
 64304 13420  139.00000   54  285          -  139.00000      -   155 2940s
 64463 13522  139.00000   73  613          -  139.00000      -   155 2945s
 64555 13573 infeasible   87               -  139.00000      -   156 2950s
 64647 13622  139.00000   71  402          -  139.00000      -   156 2955s
 64813 13683  139.00000   68  302          -  139.00000      -   155 2960s
 64978 13780  139.00000   84  495          -  139.00000      -   155 2965s
 65142 13854  139.00000   72  594          -  139.00000      -   155 2970s
 65333 13904 infeasible  109               -  139.00000      -   155 2975s
 65466 13934 infeasible   83               -  139.00000      -   155 2980s
 65546 13948 infeasible   84               -  139.00000      -   155 2985s
 65612 13948  139.00000   83  381          -  139.00000      -   155 2990s
 65733 13979  139.00000   74  427          -  139.00000      -   156 2995s
 65887 14032 infeasible   95               -  139.00000      -   155 3000s
 65984 14066 infeasible   69               -  139.00000      -   155 3005s
 66108 14116 infeasible   76               -  139.00000      -   156 3010s
 66216 14146  139.00000   68  549          -  139.00000      -   156 3015s
 66314 14190  139.00000   73  384          -  139.00000      -   156 3020s
 66420 14236  139.00000   68  417          -  139.00000      -   156 3025s
 66462 14249  139.00000   78  553          -  139.00000      -   156 3033s
 66491 14255  139.00000   69  604          -  139.00000      -   156 3035s
 66602 14286  139.00000   97  820          -  139.00000      -   156 3040s
 66779 14345 infeasible   91               -  139.00000      -   156 3045s
 66918 14377  139.00000   80  390          -  139.00000      -   156 3050s
 67155 14428 infeasible   83               -  139.00000      -   155 3055s
 67335 14497 infeasible   98               -  139.00000      -   155 3060s
 67442 14471 infeasible   78               -  139.00000      -   155 3065s
 67620 14501  139.00000   57  446          -  139.00000      -   155 3070s
 67774 14577 infeasible  109               -  139.00000      -   155 3075s
 67903 14619  139.00000  110  393          -  139.00000      -   155 3080s
 68071 14670  139.00000   72  639          -  139.00000      -   155 3085s
 68183 14725 infeasible  100               -  139.00000      -   155 3090s
 68372 14754 infeasible  117               -  139.00000      -   155 3095s
 68563 14765 infeasible  107               -  139.00000      -   155 3100s
 68730 14779 infeasible   91               -  139.00000      -   155 3105s
 68909 14773 infeasible   64               -  139.00000      -   155 3110s
 69079 14815  139.00000   66  645          -  139.00000      -   155 3115s
 69252 14876 infeasible   69               -  139.00000      -   155 3120s
 69441 14933 infeasible   90               -  139.00000      -   154 3125s
 69549 14890  139.00000   75  428          -  139.00000      -   155 3130s
 69627 14912 infeasible   87               -  139.00000      -   155 3135s
 69762 14936 infeasible   91               -  139.00000      -   155 3140s
 69899 14975  139.00000   68  591          -  139.00000      -   155 3145s
 70015 15023 infeasible   67               -  139.00000      -   155 3150s
 70219 15134  139.00000   75  447          -  139.00000      -   155 3155s
 70378 15205 infeasible   80               -  139.00000      -   154 3160s
 70513 15260  139.00000   66  455          -  139.00000      -   154 3165s
 70709 15351 infeasible   80               -  139.00000      -   154 3170s
 70913 15382 infeasible   66               -  139.00000      -   154 3175s
 71022 15418 infeasible   71               -  139.00000      -   154 3180s
 71115 15455 infeasible   94               -  139.00000      -   154 3185s
 71307 15482  139.00000   88  594          -  139.00000      -   154 3190s
 71499 15496 infeasible   89               -  139.00000      -   154 3195s
 71563 15503  139.00000   84  472          -  139.00000      -   154 3203s
 71590 15521 infeasible   97               -  139.00000      -   154 3205s
 71756 15589  139.00000  107  478          -  139.00000      -   154 3210s
 71901 15619  139.00000   85  543          -  139.00000      -   154 3215s
 72121 15672 infeasible  105               -  139.00000      -   154 3220s
 72376 15676 infeasible  101               -  139.00000      -   154 3225s
 72550 15661 infeasible   81               -  139.00000      -   154 3230s
 72733 15655  139.00000   86  576          -  139.00000      -   154 3235s
 72838 15623  139.00000   71  509          -  139.00000      -   154 3240s
 73012 15641 infeasible   80               -  139.00000      -   154 3245s
 73134 15675  139.00000   74  605          -  139.00000      -   154 3275s
 73156 15667  139.00000   63  365          -  139.00000      -   154 3280s
 73182 15675  139.00000   77  272          -  139.00000      -   154 3285s
 73214 15687  139.00000   90  297          -  139.00000      -   154 3290s
 73236 15665 infeasible   78               -  139.00000      -   154 3295s
 73258 15655 infeasible   85               -  139.00000      -   154 3300s
 73286 15653 infeasible   86               -  139.00000      -   154 3305s
 73373 15680  139.00000   84  411          -  139.00000      -   154 3310s
 73519 15754 infeasible   99               -  139.00000      -   154 3315s
 73622 15760 infeasible   87               -  139.00000      -   154 3320s
 73745 15769 infeasible   67               -  139.00000      -   154 3325s
 73899 15827 infeasible   86               -  139.00000      -   154 3330s
 74000 15813  139.00000   92  587          -  139.00000      -   154 3335s
 74125 15816 infeasible  100               -  139.00000      -   154 3340s
 74237 15824 infeasible  107               -  139.00000      -   154 3345s
 74455 15853  139.00000  107  277          -  139.00000      -   154 3350s
 74622 15834 infeasible  105               -  139.00000      -   154 3355s
 74764 15832 infeasible   78               -  139.00000      -   154 3360s
 74891 15839 infeasible   82               -  139.00000      -   154 3365s
 75020 15857  139.00000  102  553          -  139.00000      -   154 3370s
 75152 15868 infeasible   94               -  139.00000      -   154 3375s
 75260 15916 infeasible   91               -  139.00000      -   154 3380s
 75467 15983  139.00000   74  347          -  139.00000      -   154 3385s
 75608 16027 infeasible   84               -  139.00000      -   154 3390s
 75670 16041 infeasible   95               -  139.00000      -   154 3395s
 75825 16013  139.00000  120  310          -  139.00000      -   154 3400s
 76093 15995  139.00000  101  417          -  139.00000      -   154 3405s
 76330 16041 infeasible   89               -  139.00000      -   154 3410s
 76468 16076 infeasible   94               -  139.00000      -   154 3415s
 76608 16132 infeasible   86               -  139.00000      -   154 3420s
 76664 16136 infeasible   72               -  139.00000      -   154 3429s
 76688 16146  139.00000   76  472          -  139.00000      -   154 3430s
 76818 16197 infeasible   91               -  139.00000      -   154 3435s
 76938 16220 infeasible   76               -  139.00000      -   154 3440s
 77058 16235  139.00000   80  654          -  139.00000      -   154 3445s
 77252 16295 infeasible   84               -  139.00000      -   154 3450s
 77415 16285 infeasible   90               -  139.00000      -   154 3455s
 77568 16284 infeasible  107               -  139.00000      -   154 3460s
 77670 16281 infeasible   61               -  139.00000      -   154 3465s
 77810 16361  139.00000   85  490          -  139.00000      -   154 3470s
 77919 16408  139.00000   72  630          -  139.00000      -   154 3475s
 78085 16487 infeasible   93               -  139.00000      -   154 3480s
 78256 16580  139.00000   80  963          -  139.00000      -   154 3485s
 78398 16623  139.00000   77  348          -  139.00000      -   154 3490s
 78537 16642 infeasible   79               -  139.00000      -   154 3495s
 78644 16667 infeasible   87               -  139.00000      -   154 3500s
 78813 16717  139.00000   72  501          -  139.00000      -   154 3505s
 78941 16727 infeasible   76               -  139.00000      -   154 3510s
 79092 16757 infeasible   90               -  139.00000      -   154 3515s
 79223 16749 infeasible   79               -  139.00000      -   154 3520s
 79347 16801  139.00000   71  695          -  139.00000      -   154 3525s
 79521 16873 infeasible  101               -  139.00000      -   154 3530s
 79679 16939  139.00000  109  453          -  139.00000      -   154 3535s
 79812 16949 infeasible   88               -  139.00000      -   154 3540s
 79973 16972 infeasible   92               -  139.00000      -   154 3545s
 80167 16995  139.00000   92  443          -  139.00000      -   154 3550s
 80367 17027 infeasible  103               -  139.00000      -   154 3555s
 80547 17040 infeasible   85               -  139.00000      -   154 3560s
 80802 17163  139.00000   88  359          -  139.00000      -   154 3565s
 81014 17236 infeasible   98               -  139.00000      -   154 3570s
 81177 17309  139.00000  101  386          -  139.00000      -   154 3575s
 81377 17361 infeasible  125               -  139.00000      -   153 3580s
 81600 17435  139.00000   95  629          -  139.00000      -   153 3585s
 81742 17465  139.00000   88  530          -  139.00000      -   153 3590s
 81765 17478  139.00000   89  230          -  139.00000      -   153 3597s

Cutting planes:
  Gomory: 3
  Cover: 285
  Implied bound: 73
  Projected implied bound: 4
  Clique: 79
  MIR: 44
  StrongCG: 37
  Flow cover: 168
  GUB cover: 10
  Zero half: 35
  Network: 2
  RLT: 4
  Relax-and-lift: 70
  BQP: 6

Explored 81841 nodes (12567818 simplex iterations) in 3600.01 seconds (3493.39 work units)
Thread count was 1 (of 8 available processors)

Solution count 0

Time limit reached
Best objective -, best bound 1.390000000000e+02, gap -
