
Gurobi 11.0.1 (win64) logging started Thu Mar 21 21:07:08 2024

Set parameter LogFile to value "C:\Projetos\Job_Rotation_Algorithms\Outputs\GurobiLogs\gurobi_log-output-3_ton-c105-CostaMirallesModel-NoExtraConstraint-2.log"
Gurobi Optimizer version 11.0.1 build v11.0.1rc0 (win64 - Windows 10.0 (19045.2))

CPU model: 11th Gen Intel(R) Core(TM) i7-1165G7 @ 2.80GHz, instruction set [SSE2|AVX|AVX2|AVX512]
Thread count: 4 physical cores, 8 logical processors, using up to 1 threads

WLS license 901039 - registered to Bitka Analytics
Optimize a model with 2779 rows, 13432 columns and 202312 nonzeros
Model fingerprint: 0x7807ec66
Variable types: 2 continuous, 13430 integer (13430 binary)
Coefficient statistics:
  Matrix range     [1e+00, 2e+02]
  Objective range  [1e+00, 1e+00]
  Bounds range     [1e+00, 2e+02]
  RHS range        [1e+00, 2e+02]
Presolve added 504 rows and 0 columns
Presolve removed 0 rows and 445 columns
Presolve time: 0.95s
Presolved: 3283 rows, 12987 columns, 99975 nonzeros
Variable types: 0 continuous, 12987 integer (12359 binary)

Root relaxation: objective 1.400000e+02, 3577 iterations, 0.20 seconds (0.28 work units)

    Nodes    |    Current Node    |     Objective Bounds      |     Work
 Expl Unexpl |  Obj  Depth IntInf | Incumbent    BestBd   Gap | It/Node Time

     0     0  140.00000    0   98          -  140.00000      -     -    1s
     0     0  140.00000    0  319          -  140.00000      -     -    1s
     0     0  140.00000    0  319          -  140.00000      -     -    1s
     0     0  140.00000    0  103          -  140.00000      -     -    4s
     0     0  140.00000    0 1006          -  140.00000      -     -    5s
     0     0  140.00000    0  896          -  140.00000      -     -    5s
     0     0  140.00000    0  816          -  140.00000      -     -    5s
     0     0  140.00000    0  814          -  140.00000      -     -    5s
     0     0  140.00000    0  796          -  140.00000      -     -    5s
     0     0  140.00000    0  139          -  140.00000      -     -    6s
     0     0  140.00000    0  454          -  140.00000      -     -    6s
     0     0  140.00000    0  233          -  140.00000      -     -    6s
     0     0  140.00000    0  155          -  140.00000      -     -    7s
     0     0  140.00000    0  198          -  140.00000      -     -    7s
     0     0  140.00000    0  191          -  140.00000      -     -    7s
     0     0  140.00000    0  150          -  140.00000      -     -    7s
     0     0  140.00000    0  150          -  140.00000      -     -    7s
     0     0  140.00000    0  150          -  140.00000      -     -    7s
     0     2  140.00000    0  147          -  140.00000      -     -    9s
    22    24  140.00000   15  388          -  140.00000      -  88.6   10s
   379   236  140.00000   60   94          -  140.00000      -  95.4   15s
   686   324  140.00000   57  883          -  140.00000      -   108   20s
   828   370  139.00000   78  301          -  140.00000      -   142   25s
   861   377  140.00000   25  319          -  140.00000      -   143   32s
   866   380  140.00000   29  220          -  140.00000      -   142   36s
   871   384  140.00000   78  125          -  140.00000      -   141   40s
   958   436  140.00000   52  234          -  140.00000      -   211   45s
  1047   449 infeasible   36               -  140.00000      -   208   50s
  1154   477 infeasible   41               -  140.00000      -   207   55s
  1382   534  140.00000   43  168          -  140.00000      -   192   67s
  1407   537  140.00000   46  292          -  140.00000      -   192   70s
  1563   573  140.00000   48  187          -  140.00000      -   185   75s
  1791   613  140.00000   57  250          -  140.00000      -   177   80s
  2030   663  140.00000   53  296          -  140.00000      -   170   85s
  2293   799  140.00000   40  277          -  140.00000      -   163   90s
  2665   952  140.00000   84  153          -  140.00000      -   150   95s
  3150  1052  139.98434   96  231          -  140.00000      -   135  100s
  3584  1094 infeasible   79               -  140.00000      -   126  105s
  4138  1202 infeasible   93               -  140.00000      -   116  110s
  4741  1366  140.00000   99  195          -  140.00000      -   108  115s
  5101  1395 infeasible   88               -  140.00000      -   104  121s
  5603  1509  140.00000   69  132          -  140.00000      -  98.3  125s
  6323  1655 infeasible   64               -  140.00000      -  92.0  130s
  7137  1914 infeasible   90               -  140.00000      -  86.1  135s
  7843  1974  140.00000   92   90          -  140.00000      -  82.3  140s
  8551  2120 infeasible   85               -  140.00000      -  79.6  145s
  9238  2331  140.00000   86  149          -  140.00000      -  77.5  150s
  9891  2501 infeasible  102               -  140.00000      -  76.0  155s
 10202  2536 infeasible   84               -  140.00000      -  75.2  189s
 10250  2548  140.00000   84  200          -  140.00000      -  75.1  190s
 10753  2577 infeasible   94               -  140.00000      -  74.6  195s
 11309  2690 infeasible   95               -  140.00000      -  73.6  200s
 11754  2733  140.00000   81  259          -  140.00000      -  73.5  205s
 12039  2848 infeasible   64               -  140.00000      -  74.4  210s
 12510  2941  140.00000   97  316          -  140.00000      -  73.9  215s
 12870  3075  140.00000   80  208          -  140.00000      -  74.2  220s
 13200  3240 infeasible   56               -  140.00000      -  74.8  225s
 13711  3390  140.00000   84  181          -  140.00000      -  74.5  230s
 14308  3423 infeasible  101               -  140.00000      -  73.7  235s
 14877  3524 infeasible   95               -  140.00000      -  73.2  240s
 15303  3634  140.00000   87  229          -  140.00000      -  72.8  245s
 15822  3731 infeasible   85               -  140.00000      -  72.2  250s
 16156  3801 infeasible   76               -  140.00000      -  72.5  255s
 16856  3942 infeasible   91               -  140.00000      -  71.4  260s
 17263  4064 infeasible   88               -  140.00000      -  71.5  265s
 17721  4315  140.00000   95  312          -  140.00000      -  71.3  270s
 18371  4475 infeasible   93               -  140.00000      -  70.7  275s
 18651  4611  140.00000   50  348          -  140.00000      -  71.1  280s
 18970  4764  140.00000   80  233          -  140.00000      -  71.7  285s
 19341  4878 infeasible   59               -  140.00000      -  72.1  290s
 19452  4880  140.00000   62  198          -  140.00000      -  72.6  300s
 19483  4865  140.00000   45  269          -  140.00000      -  72.9  305s
 19606  4880 infeasible   63               -  140.00000      -  73.1  310s
 20074  4905  140.00000   77  182          -  140.00000      -  73.0  315s
 20379  5053  140.00000   64  274          -  140.00000      -  73.5  320s
 20483  5105  140.00000   43  108          -  140.00000      -  74.1  325s
 20814  5223 infeasible   66               -  140.00000      -  74.5  330s
 21177  5332  140.00000   44  325          -  140.00000      -  74.8  335s
 21589  5457 infeasible   71               -  140.00000      -  75.1  340s
 21934  5627 infeasible   52               -  140.00000      -  75.7  345s
 22281  5816 infeasible   62               -  140.00000      -  76.1  350s
 22645  5997  140.00000   56  363          -  140.00000      -  76.6  355s
 23046  6197  140.00000   65  162          -  140.00000      -  76.9  360s
 23608  6453 infeasible   63               -  140.00000      -  76.5  365s
 24059  6605  140.00000   52   83          -  140.00000      -  76.7  370s
 24528  6834 infeasible   51               -  140.00000      -  76.7  375s
 24908  7008  140.00000   62   81          -  140.00000      -  76.9  380s
 25265  7158  140.00000   48  338          -  140.00000      -  77.2  385s
 25505  7247  140.00000   58  262          -  140.00000      -  77.6  390s
 25816  7392  139.87396   62  350          -  140.00000      -  77.9  395s
 26143  7482 infeasible   72               -  140.00000      -  78.1  400s
 26448  7569  140.00000   54  223          -  140.00000      -  78.5  405s
 26745  7683 infeasible   92               -  140.00000      -  78.8  410s
 27247  7758  140.00000   56  262          -  140.00000      -  78.5  415s
 27567  7851 infeasible   62               -  140.00000      -  78.8  420s
 27920  7830  140.00000   52  155          -  140.00000      -  78.8  425s
 28115  7830 infeasible   55               -  140.00000      -  79.2  430s
 28329  7836  140.00000   56  216          -  140.00000      -  79.6  435s
 28510  7912  140.00000   33  248          -  140.00000      -  80.0  440s
 28716  7916  140.00000   36  250          -  140.00000      -  80.5  445s
 28968  7922 infeasible   50               -  140.00000      -  80.8  450s
 29216  7955  140.00000   83  163          -  140.00000      -  81.2  455s
 29577  7999 infeasible   75               -  140.00000      -  81.2  460s
 29795  8097  140.00000   45  392          -  140.00000      -  81.7  465s
 30054  8206  140.00000   45  276          -  140.00000      -  82.0  470s
 30345  8295 infeasible   59               -  140.00000      -  82.3  475s
 30592  8362 infeasible   59               -  140.00000      -  82.6  480s
 30719  8343 infeasible   53               -  140.00000      -  82.9  485s
 31054  8344 infeasible  136               -  140.00000      -  82.9  490s
 31609  8344  140.00000  133  150          -  140.00000      -  82.3  495s
 31790  8329  140.00000   51  209          -  140.00000      -  82.1  503s
 31807  8320 infeasible   67               -  140.00000      -  82.2  505s
 31865  8278 infeasible   43               -  140.00000      -  82.3  510s
 32088  8357  139.00000  107  193          -  140.00000      -  82.3  515s
 32528  8404 infeasible   66               -  140.00000      -  82.1  520s
 32762  8443  140.00000   61  381          -  140.00000      -  82.5  525s
 33142  8474 infeasible   99               -  140.00000      -  82.5  530s
 33446  8502 infeasible   52               -  140.00000      -  82.7  535s
 33743  8500 infeasible   55               -  140.00000      -  82.8  540s
 34080  8518 infeasible   67               -  140.00000      -  82.9  545s
 34375  8612  140.00000   76  291          -  140.00000      -  83.2  550s
 34695  8682 infeasible   73               -  140.00000      -  83.5  555s
 35065  8708  140.00000   66  219          -  140.00000      -  83.6  560s
 35525  8769 infeasible   69               -  140.00000      -  83.5  565s
 35780  8890  140.00000   58  176          -  140.00000      -  83.5  570s
 36297  8900 infeasible   90               -  140.00000      -  83.2  575s
 36902  9019 infeasible  117               -  140.00000      -  82.8  580s
 37344  9169  140.00000   82  121          -  140.00000      -  82.8  585s
 37703  9306 infeasible   73               -  140.00000      -  82.9  590s
 38051  9296  140.00000   77  239          -  140.00000      -  83.0  595s
 38511  9302 infeasible   82               -  140.00000      -  82.8  600s
 38965  9269 infeasible   71               -  140.00000      -  82.5  605s
 39366  9255  140.00000   68  142          -  140.00000      -  82.4  610s
 39842  9248 infeasible   72               -  140.00000      -  82.2  615s
 40231  9361  140.00000   73  195          -  140.00000      -  82.4  620s
 40633  9486 infeasible   76               -  140.00000      -  82.4  625s
 40969  9456 infeasible   69               -  140.00000      -  82.2  630s
 41409  9561  140.00000   72  239          -  140.00000      -  82.3  635s
 41852  9566 infeasible   77               -  140.00000      -  82.1  640s
 42229  9563 infeasible   78               -  140.00000      -  82.1  645s
 42614  9653  140.00000   67  122          -  140.00000      -  82.2  650s
 43068  9746  140.00000   72   33          -  140.00000      -  82.1  655s
 43395  9773 infeasible   62               -  140.00000      -  82.3  660s
 43664  9752 infeasible   64               -  140.00000      -  82.5  665s
 43916  9906 infeasible   56               -  140.00000      -  82.8  670s
 44160 10034  140.00000   44  250          -  140.00000      -  83.1  675s
 44468 10199 infeasible   52               -  140.00000      -  83.3  680s
 44696 10305  139.00000   51  225          -  140.00000      -  83.5  685s
 44938 10441  140.00000   60  308          -  140.00000      -  83.7  690s
 45090 10493  140.00000   49  251          -  140.00000      -  84.1  695s
 45324 10553  140.00000   52  133          -  140.00000      -  84.4  700s
 45599 10708  140.00000   59  127          -  140.00000      -  84.4  710s
 45646 10693 infeasible   56               -  140.00000      -  84.5  715s
 45839 10712 infeasible   67               -  140.00000      -  84.4  720s
 46035 10754 infeasible   62               -  140.00000      -  84.5  725s
 46301 10909  140.00000   66  315          -  140.00000      -  84.8  730s
 46560 10988 infeasible   60               -  140.00000      -  85.0  735s
 46696 10997 infeasible   52               -  140.00000      -  85.4  740s
 46851 10998 infeasible   62               -  140.00000      -  85.8  745s
 47138 11021  140.00000   57  276          -  140.00000      -  85.9  750s
 47513 11159  140.00000   83  222          -  140.00000      -  85.9  755s
 47941 11411 infeasible   92               -  140.00000      -  85.9  760s
 48181 11516 infeasible   66               -  140.00000      -  86.1  765s
 48586 11768 infeasible   88               -  140.00000      -  86.1  770s
 48970 11953  140.00000   48  281          -  140.00000      -  86.1  775s
 49219 12042 infeasible   57               -  140.00000      -  86.4  780s
 49423 12103 infeasible   50               -  140.00000      -  86.7  785s
 49690 12256  140.00000   59  282          -  140.00000      -  86.9  790s
 49981 12376 infeasible   50               -  140.00000      -  87.2  795s
 50249 12526  140.00000   65  367          -  140.00000      -  87.4  800s
 50539 12624 infeasible   88               -  140.00000      -  87.6  805s
 50852 12781  140.00000   51  320          -  140.00000      -  87.7  810s
 51010 12850  140.00000   50  122          -  140.00000      -  88.1  816s
 51228 12931 infeasible   72               -  140.00000      -  88.2  820s
 51554 13032 infeasible   99               -  140.00000      -  88.3  825s
 51891 13147  140.00000   50  268          -  140.00000      -  88.5  830s
 52143 13251  139.77812   62  449          -  140.00000      -  88.7  835s
 52419 13363  140.00000   55  252          -  140.00000      -  88.9  840s
 52714 13479  140.00000   67  367          -  140.00000      -  89.0  845s
 53038 13609  140.00000   48  238          -  140.00000      -  89.2  850s
 53305 13732  140.00000   82  173          -  140.00000      -  89.4  855s
 53593 13843 infeasible   57               -  140.00000      -  89.6  860s
 53995 14059 infeasible   82               -  140.00000      -  89.6  865s
 54355 14243  140.00000   79  144          -  140.00000      -  89.7  870s
 54780 14432  140.00000   63  252          -  140.00000      -  89.6  875s
 55060 14539  140.00000   71  414          -  140.00000      -  89.8  880s
 55349 14560 infeasible   69               -  140.00000      -  89.9  885s
 55569 14607  140.00000   75  350          -  140.00000      -  90.1  890s
 55766 14594  139.90260   78  303          -  140.00000      -  90.3  895s
 55903 14612 infeasible   80               -  140.00000      -  90.7  900s
 56111 14633  140.00000   58  284          -  140.00000      -  90.8  905s
 56228 14666  140.00000   63  242          -  140.00000      -  90.9  915s
 56282 14640  140.00000   71  178          -  140.00000      -  90.9  920s
 56405 14638 infeasible   57               -  140.00000      -  90.9  925s
 56837 14641 infeasible   96               -  140.00000      -  90.9  930s
 57103 14643 infeasible   61               -  140.00000      -  91.1  935s
 57270 14643 infeasible   61               -  140.00000      -  91.4  940s
 57625 14681 infeasible   55               -  140.00000      -  91.4  945s
 58132 14669 infeasible   62               -  140.00000      -  91.0  950s
 58523 14729 infeasible   71               -  140.00000      -  91.0  955s
 58998 14696 infeasible   68               -  140.00000      -  90.8  960s
 59357 14710 infeasible   91               -  140.00000      -  90.8  965s
 59708 14764  140.00000   33  214          -  140.00000      -  90.8  970s
 59842 14785 infeasible   59               -  140.00000      -  91.0  975s
 60027 14790  140.00000   52   90          -  140.00000      -  91.2  980s
 60235 14799  140.00000   51  231          -  140.00000      -  91.3  985s
 60402 14866 infeasible  105               -  140.00000      -  91.6  990s
 60704 14893 infeasible   58               -  140.00000      -  91.7  995s
 61034 14885 infeasible   62               -  140.00000      -  91.7 1000s
 61297 14904 infeasible   87               -  140.00000      -  91.7 1005s
 61753 14885 infeasible   54               -  140.00000      -  91.6 1010s
 62072 14882  140.00000   52   95          -  140.00000      -  91.6 1015s
 62386 14878 infeasible   77               -  140.00000      -  91.7 1020s
 62706 14885  139.50952   76  324          -  140.00000      -  91.8 1025s
 63109 14944  140.00000   52  132          -  140.00000      -  91.7 1030s
 63422 14969  140.00000   52   93          -  140.00000      -  91.8 1035s
 63696 14985 infeasible   75               -  140.00000      -  91.9 1040s
 63938 15030 infeasible   71               -  140.00000      -  92.1 1045s
 64223 15088  137.66541   59  236          -  140.00000      -  92.2 1050s
 64529 15151 infeasible   76               -  140.00000      -  92.3 1055s
 64708 15180  140.00000   72  127          -  140.00000      -  92.5 1060s
 64904 15206  140.00000   68  169          -  140.00000      -  92.7 1065s
 65109 15186 infeasible   59               -  140.00000      -  92.9 1070s
 65260 15189  140.00000   82  214          -  140.00000      -  93.2 1075s
 65496 15185 infeasible   80               -  140.00000      -  93.3 1080s
 65716 15199 infeasible   59               -  140.00000      -  93.5 1085s
 65919 15197  140.00000   63  197          -  140.00000      -  93.7 1090s
 66187 15203 infeasible   93               -  140.00000      -  93.8 1095s
 66373 15214 infeasible   72               -  140.00000      -  93.8 1100s
 66529 15221 infeasible   68               -  140.00000      -  94.1 1105s
 66724 15226  140.00000   74  309          -  140.00000      -  94.2 1110s
 66844 15233  140.00000   64  160          -  140.00000      -  94.4 1121s
 66880 15211 infeasible   68               -  140.00000      -  94.5 1125s
 66911 15200 infeasible   81               -  140.00000      -  94.6 1130s
 67047 15200 infeasible   61               -  140.00000      -  94.7 1135s
 67222 15197 infeasible   59               -  140.00000      -  94.9 1140s
 67374 15184  140.00000   50  248          -  140.00000      -  95.1 1145s
 67582 15192 infeasible   66               -  140.00000      -  95.2 1150s
 67821 15213 infeasible   84               -  140.00000      -  95.4 1155s
 67994 15230 infeasible   67               -  140.00000      -  95.6 1160s
 68168 15226  139.00000   70  278          -  140.00000      -  95.8 1165s
 68415 15269 infeasible   71               -  140.00000      -  95.9 1170s
 68697 15266  140.00000   70  290          -  140.00000      -  95.9 1175s
 69050 15268 infeasible   66               -  140.00000      -  95.9 1180s
 69459 15294 infeasible   75               -  140.00000      -  95.7 1185s
 69718 15260 infeasible   73               -  140.00000      -  95.8 1190s
 70037 15296 infeasible   71               -  140.00000      -  95.7 1195s
 70277 15278 infeasible   73               -  140.00000      -  95.7 1200s
 70681 15286 infeasible   82               -  140.00000      -  95.5 1205s
 71086 15288  140.00000   68  143          -  140.00000      -  95.5 1210s
 71414 15358  140.00000   58  255          -  140.00000      -  95.4 1215s
 71677 15385 infeasible   81               -  140.00000      -  95.5 1220s
 72024 15427 infeasible   71               -  140.00000      -  95.5 1225s
 72392 15438 infeasible   62               -  140.00000      -  95.5 1230s
 72650 15475 infeasible   76               -  140.00000      -  95.7 1235s
 72993 15495 infeasible   70               -  140.00000      -  95.7 1240s
 73298 15498 infeasible   66               -  140.00000      -  95.7 1245s
 73627 15590  140.00000   51  267          -  140.00000      -  95.7 1250s
 74165 15839  140.00000   57  115          -  140.00000      -  95.6 1255s
 74782 15931  140.00000   69  178          -  140.00000      -  95.3 1260s
 75357 16120 infeasible   49               -  140.00000      -  95.1 1265s
 75787 16119 infeasible   60               -  140.00000      -  95.0 1270s
 76256 16142 infeasible   62               -  140.00000      -  94.9 1275s
 76561 16126 infeasible   62               -  140.00000      -  94.8 1280s
 77182 16200 infeasible   76               -  140.00000      -  94.4 1285s
 77732 16132  140.00000   61  342          -  140.00000      -  94.1 1290s
 78260 16128 infeasible   72               -  140.00000      -  93.9 1295s
 78701 16130 infeasible   62               -  140.00000      -  93.8 1300s
 79101 16106 infeasible   58               -  140.00000      -  93.8 1305s
 79647 16169 infeasible   85               -  140.00000      -  93.6 1310s
 80208 16199 infeasible   82               -  140.00000      -  93.4 1315s
 80663 16182 infeasible   85               -  140.00000      -  93.2 1320s
 81196 16162 infeasible   85               -  140.00000      -  93.0 1325s
 81695 16163  140.00000   77  210          -  140.00000      -  92.7 1330s
 81878 16135  140.00000   50  262          -  140.00000      -  92.7 1340s
 82024 15995 infeasible   62               -  140.00000      -  92.8 1345s
 82140 15903 infeasible   80               -  140.00000      -  92.8 1350s
 82378 15914 infeasible   69               -  140.00000      -  92.9 1355s
 82764 15998 infeasible   94               -  140.00000      -  93.0 1360s
 83147 16001 infeasible   73               -  140.00000      -  93.0 1365s
 83494 15987 infeasible   70               -  140.00000      -  93.0 1370s
 83743 15992 infeasible   65               -  140.00000      -  93.2 1375s
 84023 16025 infeasible   76               -  140.00000      -  93.4 1380s
 84309 16026 infeasible   72               -  140.00000      -  93.5 1385s
 84606 16011  139.97234   73  356          -  140.00000      -  93.6 1390s
 84963 16027 infeasible   68               -  140.00000      -  93.6 1395s
 85213 16038 infeasible   79               -  140.00000      -  93.7 1400s
 85537 16032  140.00000   67  194          -  140.00000      -  93.8 1405s
 85837 16006 infeasible   64               -  140.00000      -  93.9 1410s
 86241 16012  140.00000   70  238          -  140.00000      -  93.8 1415s
 86580 16070  140.00000   52  126          -  140.00000      -  93.8 1420s
 86780 16097  140.00000   68  204          -  140.00000      -  93.9 1425s
 86883 16098 infeasible   79               -  140.00000      -  94.1 1430s
 87194 16083  140.00000   67  371          -  140.00000      -  94.1 1435s
 87447 16161  140.00000   69  341          -  140.00000      -  94.2 1440s
 87644 16152  140.00000   74  199          -  140.00000      -  94.3 1445s
 88039 16138  140.00000   65  112          -  140.00000      -  94.2 1450s
 88270 16141  140.00000   64  185          -  140.00000      -  94.3 1455s
 88510 16149 infeasible   66               -  140.00000      -  94.4 1460s
 88771 16146 infeasible   62               -  140.00000      -  94.5 1465s
 88937 16140 infeasible   72               -  140.00000      -  94.6 1470s
 89175 16186 infeasible   74               -  140.00000      -  94.7 1475s
 89426 16182  140.00000   69  284          -  140.00000      -  94.8 1480s
 89655 16190 infeasible   80               -  140.00000      -  94.9 1485s
 89857 16162 infeasible   64               -  140.00000      -  95.0 1490s
 90080 16155 infeasible   69               -  140.00000      -  95.1 1495s
 90261 16171 infeasible   77               -  140.00000      -  95.2 1500s
 90308 16164  140.00000   68  283          -  140.00000      -  95.3 1508s
 90327 16145 infeasible   66               -  140.00000      -  95.3 1510s
 90361 16133 infeasible   63               -  140.00000      -  95.4 1515s
 90417 16146 infeasible   62               -  140.00000      -  95.4 1520s
 90800 16183 infeasible   67               -  140.00000      -  95.4 1525s
 91129 16166  139.93928   70  245          -  140.00000      -  95.4 1530s
 91390 16170 infeasible   66               -  140.00000      -  95.5 1535s
 91691 16150 infeasible   71               -  140.00000      -  95.5 1540s
 91934 16162 infeasible   73               -  140.00000      -  95.6 1546s
 92137 16158 infeasible   79               -  140.00000      -  95.6 1550s
 92372 16187 infeasible   75               -  140.00000      -  95.7 1555s
 92514 16179  140.00000   85  320          -  140.00000      -  95.9 1560s
 92700 16180 infeasible   86               -  140.00000      -  96.1 1565s
 92891 16153 infeasible   72               -  140.00000      -  96.2 1570s
 93030 16154 infeasible   71               -  140.00000      -  96.4 1575s
 93212 16152 infeasible   68               -  140.00000      -  96.5 1580s
 93347 16205 infeasible   68               -  140.00000      -  96.7 1585s
 93579 16235 infeasible   71               -  140.00000      -  96.9 1590s
 93713 16216 infeasible   62               -  140.00000      -  97.1 1595s
 93830 16213 infeasible   71               -  140.00000      -  97.3 1600s
 93992 16195 infeasible   72               -  140.00000      -  97.4 1605s
 94147 16188 infeasible   67               -  140.00000      -  97.6 1610s
 94412 16198 infeasible   76               -  140.00000      -  97.7 1615s
 94662 16189  140.00000   64  204          -  140.00000      -  97.8 1620s
 94906 16228  140.00000   74  164          -  140.00000      -  97.9 1625s
 95208 16219 infeasible   72               -  140.00000      -  98.0 1630s
 95532 16191 infeasible   67               -  140.00000      -  98.0 1635s
 95726 16187 infeasible   62               -  140.00000      -  98.2 1640s
 95985 16214 infeasible   65               -  140.00000      -  98.2 1645s
 96219 16227 infeasible   78               -  140.00000      -  98.4 1650s
 96521 16225 infeasible   62               -  140.00000      -  98.5 1655s
 96715 16217 infeasible   67               -  140.00000      -  98.7 1660s
 96951 16189 infeasible   63               -  140.00000      -  98.8 1665s
 97165 16183 infeasible   62               -  140.00000      -  98.9 1670s
 97371 16200  140.00000   61  220          -  140.00000      -  99.1 1676s
 97570 16207 infeasible   72               -  140.00000      -  99.1 1680s
 97853 16188 infeasible   62               -  140.00000      -  99.2 1685s
 98185 16182 infeasible   60               -  140.00000      -  99.2 1690s
 98336 16232  140.00000   58  269          -  140.00000      -  99.2 1695s
 98456 16229 infeasible   62               -  140.00000      -  99.4 1700s
 98605 16228 infeasible   72               -  140.00000      -   100 1705s
 98644 16215  140.00000   81  260          -  140.00000      -   100 1713s
 98656 16203 infeasible   61               -  140.00000      -   100 1715s
 98693 16194 infeasible   55               -  140.00000      -   100 1720s
 98730 16198  140.00000   61  413          -  140.00000      -   100 1725s
 98866 16233  140.00000   54  186          -  140.00000      -   100 1730s
 98985 16237 infeasible   68               -  140.00000      -   100 1735s
 99130 16227 infeasible   76               -  140.00000      -   100 1740s
 99261 16230 infeasible   64               -  140.00000      -   100 1745s
 99497 16254 infeasible   82               -  140.00000      -   101 1750s
 99697 16251  139.82629   76  518          -  140.00000      -   101 1755s
 99960 16246 infeasible   71               -  140.00000      -   101 1760s
 100163 16249  140.00000   63  277          -  140.00000      -   101 1765s
 100424 16287  140.00000   72   66          -  140.00000      -   101 1770s
 100655 16292  140.00000   74  209          -  140.00000      -   101 1775s
 100794 16270  140.00000   62  195          -  140.00000      -   101 1780s
 100974 16288 infeasible   70               -  140.00000      -   101 1785s
 101164 16282 infeasible   76               -  140.00000      -   101 1790s
 101430 16281  140.00000   62   93          -  140.00000      -   102 1795s
 101779 16250 infeasible   78               -  140.00000      -   102 1800s
 101953 16251  140.00000   68  456          -  140.00000      -   102 1805s
 102140 16234 infeasible   61               -  140.00000      -   102 1810s
 102373 16285  140.00000   63  214          -  140.00000      -   102 1815s
 102531 16270 infeasible   72               -  140.00000      -   102 1820s
 102759 16275  140.00000   73  152          -  140.00000      -   102 1825s
 103043 16275 infeasible   75               -  140.00000      -   102 1830s
 103334 16283 infeasible   82               -  140.00000      -   102 1835s
 103520 16281 infeasible   72               -  140.00000      -   102 1840s
 103738 16257 infeasible   72               -  140.00000      -   102 1845s
 103883 16258 infeasible   78               -  140.00000      -   103 1850s
 104142 16312 infeasible   72               -  140.00000      -   103 1855s
 104361 16296 infeasible   69               -  140.00000      -   103 1860s
 104622 16288 infeasible   76               -  140.00000      -   103 1865s
 104851 16283 infeasible   82               -  140.00000      -   103 1870s
 105027 16291 infeasible   72               -  140.00000      -   103 1875s
 105266 16298 infeasible   76               -  140.00000      -   103 1880s
 105483 16300 infeasible   78               -  140.00000      -   103 1885s
 105662 16269 infeasible   72               -  140.00000      -   103 1890s
 105839 16306 infeasible   62               -  140.00000      -   104 1895s
 106009 16338 infeasible   69               -  140.00000      -   104 1900s
 106142 16319  140.00000   73  289          -  140.00000      -   104 1905s
 106316 16322  140.00000   63  227          -  140.00000      -   104 1917s
 106330 16318 infeasible   68               -  140.00000      -   104 1920s
 106360 16304  140.00000   58  136          -  140.00000      -   104 1925s
 106388 16282 infeasible   62               -  140.00000      -   104 1930s
 106548 16315 infeasible   73               -  140.00000      -   104 1935s
 106666 16302 infeasible   82               -  140.00000      -   104 1940s
 106809 16312 infeasible   76               -  140.00000      -   104 1945s
 106940 16313 infeasible   79               -  140.00000      -   105 1950s
 107077 16310 infeasible   73               -  140.00000      -   105 1955s
 107243 16313  140.00000   67  329          -  140.00000      -   105 1960s
 107375 16318  140.00000   89  257          -  140.00000      -   105 1965s
 107531 16324 infeasible   70               -  140.00000      -   105 1970s
 107613 16357 infeasible   69               -  140.00000      -   105 1975s
 107755 16412 infeasible   83               -  140.00000      -   105 1980s
 107916 16449  139.96893   62  144          -  140.00000      -   105 1985s
 107997 16433 infeasible   80               -  140.00000      -   105 1990s
 108073 16430  140.00000   72  121          -  140.00000      -   105 1995s
 108153 16426  140.00000   65  237          -  140.00000      -   105 2000s
 108314 16439 infeasible   80               -  140.00000      -   105 2005s
 108491 16448 infeasible   85               -  140.00000      -   106 2010s
 108617 16448  140.00000   51  300          -  140.00000      -   106 2015s
 108769 16450 infeasible   90               -  140.00000      -   106 2020s
 108977 16457 infeasible   59               -  140.00000      -   106 2025s
 109197 16461 infeasible   82               -  140.00000      -   106 2030s
 109359 16450 infeasible   72               -  140.00000      -   106 2035s
 109563 16494  140.00000   78  228          -  140.00000      -   106 2040s
 109708 16489 infeasible   72               -  140.00000      -   106 2045s
 109920 16514  140.00000   79  268          -  140.00000      -   106 2050s
 110175 16511 infeasible   68               -  140.00000      -   106 2055s
 110326 16497 infeasible   61               -  140.00000      -   106 2060s
 110462 16515 infeasible   92               -  140.00000      -   106 2065s
 110553 16496 infeasible   82               -  140.00000      -   106 2070s
 110693 16504  140.00000   72  207          -  140.00000      -   106 2075s
 110892 16504 infeasible   82               -  140.00000      -   106 2080s
 111014 16488 infeasible   72               -  140.00000      -   106 2085s
 111244 16482  140.00000   70  189          -  140.00000      -   106 2090s
 111381 16476  140.00000   71  215          -  140.00000      -   106 2095s
 111550 16494 infeasible   80               -  140.00000      -   107 2100s
 111703 16484 infeasible   81               -  140.00000      -   107 2105s
 111850 16485  140.00000   80  389          -  140.00000      -   107 2110s
 111991 16494 infeasible   72               -  140.00000      -   107 2115s
 112108 16489  140.00000   73  292          -  140.00000      -   107 2120s
 112275 16488  140.00000   72  103          -  140.00000      -   107 2125s
 112463 16498 infeasible   69               -  140.00000      -   107 2130s
 112674 16502 infeasible   93               -  140.00000      -   107 2135s
 112788 16500 infeasible   79               -  140.00000      -   107 2140s
 112963 16504 infeasible   82               -  140.00000      -   107 2145s
 113210 16506 infeasible   89               -  140.00000      -   107 2150s
 113477 16501  140.00000   69  330          -  140.00000      -   107 2155s
 113537 16499 infeasible   80               -  140.00000      -   107 2160s
 113693 16514 infeasible   81               -  140.00000      -   107 2165s
 113866 16535  140.00000   89  352          -  140.00000      -   107 2177s
 113896 16515  140.00000   79  249          -  140.00000      -   107 2180s
 113920 16491 infeasible   64               -  140.00000      -   107 2185s
 113949 16494  140.00000   55  142          -  140.00000      -   107 2190s
 114078 16496 infeasible   72               -  140.00000      -   107 2195s
 114242 16552 infeasible   64               -  140.00000      -   107 2200s
 114416 16597  140.00000   68  242          -  140.00000      -   108 2205s
 114638 16593 infeasible   78               -  140.00000      -   108 2210s
 114884 16588 infeasible   77               -  140.00000      -   108 2215s
 115155 16640 infeasible   87               -  140.00000      -   108 2220s
 115348 16647 infeasible   68               -  140.00000      -   108 2225s
 115498 16651 infeasible   72               -  140.00000      -   108 2230s
 115691 16651 infeasible   67               -  140.00000      -   108 2235s
 115922 16641 infeasible   69               -  140.00000      -   108 2240s
 116076 16659 infeasible   69               -  140.00000      -   108 2245s
 116254 16668 infeasible   94               -  140.00000      -   108 2250s
 116441 16668 infeasible   79               -  140.00000      -   108 2255s
 116654 16666  140.00000   67  222          -  140.00000      -   108 2260s
 116827 16673  140.00000   77  419          -  140.00000      -   108 2265s
 117122 16692 infeasible   72               -  140.00000      -   108 2270s
 117341 16731 infeasible   69               -  140.00000      -   108 2275s
 117444 16726 infeasible   66               -  140.00000      -   108 2280s
 117562 16776 infeasible   82               -  140.00000      -   108 2285s
 117710 16791 infeasible   66               -  140.00000      -   108 2290s
 117810 16812  140.00000   73  371          -  140.00000      -   108 2295s
 117965 16810 infeasible   67               -  140.00000      -   108 2300s
 118094 16821  140.00000   78  302          -  140.00000      -   109 2305s
 118228 16808  140.00000   65  357          -  140.00000      -   109 2310s
 118332 16808 infeasible   69               -  140.00000      -   109 2315s
 118481 16802  140.00000   62  189          -  140.00000      -   109 2320s
 118633 16803 infeasible   61               -  140.00000      -   109 2325s
 118828 16810 infeasible   72               -  140.00000      -   109 2330s
 118969 16812  140.00000   71  345          -  140.00000      -   109 2335s
 119062 16829  140.00000   56  103          -  140.00000      -   109 2340s
 119250 16903  140.00000   71  245          -  140.00000      -   109 2345s
 119387 16900 infeasible   79               -  140.00000      -   109 2350s
 119565 16888 infeasible   71               -  140.00000      -   109 2355s
 119703 16905  137.13965   67  382          -  140.00000      -   109 2360s
 119800 16912 infeasible   77               -  140.00000      -   110 2365s
 120036 16928  140.00000   80  270          -  140.00000      -   110 2370s
 120306 16940 infeasible  118               -  140.00000      -   109 2375s
 120592 16945 infeasible   85               -  140.00000      -   109 2380s
 120799 16963 infeasible   72               -  140.00000      -   109 2385s
 120953 16958 infeasible   70               -  140.00000      -   110 2390s
 121207 16978 infeasible   87               -  140.00000      -   110 2395s
 121421 16983  140.00000   41  294          -  140.00000      -   110 2400s
 121894 17048 infeasible   89               -  140.00000      -   109 2405s
 122166 17107 infeasible   66               -  140.00000      -   109 2410s
 122421 17144 infeasible   65               -  140.00000      -   109 2415s
 122578 17136 infeasible   82               -  140.00000      -   109 2420s
 122858 17156 infeasible   87               -  140.00000      -   109 2425s
 123081 17161 infeasible   85               -  140.00000      -   109 2430s
 123266 17151 infeasible   52               -  140.00000      -   109 2435s
 123441 17172 infeasible   67               -  140.00000      -   109 2440s
 123630 17178 infeasible   65               -  140.00000      -   109 2445s
 123695 17200  140.00000   61  240          -  140.00000      -   109 2454s
 123696 17199 infeasible   62               -  140.00000      -   109 2455s
 123730 17175 infeasible   64               -  140.00000      -   109 2460s
 123760 17187  140.00000   61  197          -  140.00000      -   109 2465s
 123919 17214  140.00000   59  204          -  140.00000      -   110 2470s
 124103 17209 infeasible   63               -  140.00000      -   110 2475s
 124259 17215  140.00000   70  218          -  140.00000      -   110 2480s
 124431 17196 infeasible   72               -  140.00000      -   110 2485s
 124693 17244 infeasible   68               -  140.00000      -   110 2490s
 124966 17247 infeasible   70               -  140.00000      -   110 2495s
 125246 17273 infeasible   93               -  140.00000      -   110 2500s
 125459 17306  140.00000   55  322          -  140.00000      -   110 2505s
 125671 17298 infeasible   52               -  140.00000      -   110 2510s
 125876 17338 infeasible   55               -  140.00000      -   110 2515s
 126118 17348 infeasible   66               -  140.00000      -   110 2520s
 126315 17340 infeasible   72               -  140.00000      -   110 2525s
 126572 17362 infeasible   88               -  140.00000      -   110 2530s
 126776 17371 infeasible   59               -  140.00000      -   110 2535s
 126952 17377 infeasible   58               -  140.00000      -   110 2540s
 127132 17368  140.00000   72  251          -  140.00000      -   110 2545s
 127366 17372 infeasible   50               -  140.00000      -   110 2550s
 127763 17387 infeasible   62               -  140.00000      -   110 2555s
 127917 17394 infeasible   68               -  140.00000      -   110 2560s
 128060 17391 infeasible   69               -  140.00000      -   110 2565s
 128350 17451 infeasible   59               -  140.00000      -   110 2570s
 128532 17451 infeasible   54               -  140.00000      -   110 2575s
 128731 17446 infeasible   58               -  140.00000      -   110 2580s
 129062 17476  140.00000   48  404          -  140.00000      -   110 2585s
 129232 17479 infeasible   53               -  140.00000      -   110 2590s
 129407 17496  140.00000   59  300          -  140.00000      -   111 2595s
 129555 17480  140.00000   45  336          -  140.00000      -   111 2600s
 129687 17474 infeasible   48               -  140.00000      -   111 2605s
 129844 17472  140.00000   50  451          -  140.00000      -   111 2610s
 130044 17462  140.00000   45  179          -  140.00000      -   111 2615s
 130519 17480  137.00000   64  106          -  140.00000      -   111 2620s
 130926 17465 infeasible   52               -  140.00000      -   111 2625s
 131198 17470  140.00000   55  272          -  140.00000      -   111 2630s
 131397 17464 infeasible   53               -  140.00000      -   111 2635s
 131736 17475 infeasible   55               -  140.00000      -   111 2640s
 132083 17484  139.00000   78  117          -  140.00000      -   111 2649s
 132101 17468  140.00000   45  205          -  140.00000      -   111 2650s
 132136 17451  140.00000   46  188          -  140.00000      -   111 2655s
 132293 17450 infeasible   47               -  140.00000      -   111 2660s
 132567 17457 infeasible   52               -  140.00000      -   111 2665s
 132737 17443 infeasible   61               -  140.00000      -   111 2670s
 133068 17450  140.00000   59  344          -  140.00000      -   111 2675s
 133336 17494 infeasible   50               -  140.00000      -   111 2680s
 133622 17491  140.00000   49  324          -  140.00000      -   111 2685s
 133835 17500  140.00000   57  248          -  140.00000      -   111 2690s
 134208 17567  140.00000   46  356          -  140.00000      -   111 2695s
 134404 17591  140.00000   79  189          -  140.00000      -   111 2700s
 134594 17625  140.00000   57  242          -  140.00000      -   111 2705s
 134903 17677 infeasible   55               -  140.00000      -   111 2710s
 135160 17687 infeasible   72               -  140.00000      -   111 2715s
 135394 17666 infeasible   49               -  140.00000      -   111 2720s
 135582 17676  140.00000   55  263          -  140.00000      -   111 2725s
 135848 17688  140.00000   64  304          -  140.00000      -   111 2730s
 136039 17699  140.00000   73  241          -  140.00000      -   112 2735s
 136225 17690 infeasible   72               -  140.00000      -   112 2740s
 136332 17689 infeasible   71               -  140.00000      -   112 2745s
 136623 17712  140.00000   32   95          -  140.00000      -   112 2750s
 136932 17799  140.00000   47  173          -  140.00000      -   112 2755s
 137183 17787 infeasible   52               -  140.00000      -   112 2760s
 137450 17824  140.00000   80  334          -  140.00000      -   112 2765s
 137750 17853  140.00000   56  297          -  140.00000      -   112 2770s
 137958 17862 infeasible   58               -  140.00000      -   112 2775s
 138234 17976 infeasible   65               -  140.00000      -   112 2781s
 138341 18013  140.00000   42  222          -  140.00000      -   112 2785s
 138544 18050  140.00000   48  279          -  140.00000      -   112 2790s
 138775 18041 infeasible   71               -  140.00000      -   112 2795s
 139005 18061  140.00000   52  234          -  140.00000      -   112 2800s
 139171 18103 infeasible   63               -  140.00000      -   112 2805s
 139383 18134 infeasible   53               -  140.00000      -   112 2810s
 139397 18132  140.00000   52  205          -  140.00000      -   112 2816s
 139430 18113  140.00000   36  247          -  140.00000      -   112 2820s
 139468 18117  140.00000   40  154          -  140.00000      -   112 2825s
 139699 18185 infeasible   53               -  140.00000      -   112 2830s
 139920 18184  140.00000   60  318          -  140.00000      -   113 2835s
 140143 18181 infeasible   52               -  140.00000      -   113 2840s
 140395 18189 infeasible   79               -  140.00000      -   113 2845s
 140653 18196 infeasible   46               -  140.00000      -   113 2850s
 140856 18173 infeasible   47               -  140.00000      -   113 2855s
 141104 18200 infeasible   62               -  140.00000      -   113 2860s
 141284 18190 infeasible   52               -  140.00000      -   113 2865s
 141614 18185 infeasible   61               -  140.00000      -   113 2870s
 141836 18172 infeasible   42               -  140.00000      -   113 2875s
 142165 18166 infeasible   48               -  140.00000      -   113 2880s
 142486 18177 infeasible   69               -  140.00000      -   113 2885s
 142796 18174 infeasible   56               -  140.00000      -   113 2890s
 143149 18164 infeasible   49               -  140.00000      -   113 2895s
 143395 18189  140.00000   47  285          -  140.00000      -   113 2900s
 143706 18181 infeasible   55               -  140.00000      -   113 2905s
 144064 18175 infeasible   68               -  140.00000      -   113 2910s
 144333 18167 infeasible   52               -  140.00000      -   113 2915s
 144645 18175 infeasible   52               -  140.00000      -   113 2920s
 144860 18176 infeasible   52               -  140.00000      -   113 2925s
 145128 18172 infeasible   73               -  140.00000      -   113 2930s
 145417 18174  140.00000   69  258          -  140.00000      -   113 2935s
 145632 18165 infeasible   47               -  140.00000      -   113 2940s
 145925 18174 infeasible   64               -  140.00000      -   113 2945s
 146296 18213 infeasible   72               -  140.00000      -   113 2950s
 146702 18190 infeasible   64               -  140.00000      -   113 2955s
 147075 18155 infeasible   46               -  140.00000      -   113 2960s
 147355 18181  140.00000   44  184          -  140.00000      -   113 2965s
 147682 18177 infeasible   51               -  140.00000      -   113 2970s
 147712 18172  140.00000   76  349          -  140.00000      -   113 2976s
 147742 18162 infeasible   44               -  140.00000      -   113 2980s
 147929 18171  140.00000   42  231          -  140.00000      -   113 2985s
 148288 18181 infeasible   75               -  140.00000      -   113 2990s
 148528 18177  140.00000   46  220          -  140.00000      -   113 2995s
 148865 18187  140.00000   63  296          -  140.00000      -   113 3000s
 149153 18176 infeasible   52               -  140.00000      -   113 3005s
 149410 18165 infeasible   52               -  140.00000      -   113 3010s
 149672 18173  140.00000   68  167          -  140.00000      -   113 3015s
 149938 18163 infeasible   48               -  140.00000      -   113 3020s
 150206 18187 infeasible   54               -  140.00000      -   113 3025s
 150543 18221 infeasible   77               -  140.00000      -   113 3030s
 150871 18181  140.00000   47  201          -  140.00000      -   113 3035s
 151111 18179 infeasible   52               -  140.00000      -   113 3040s
 151399 18172 infeasible   58               -  140.00000      -   113 3045s
 151658 18161  140.00000   47  256          -  140.00000      -   113 3050s
 151990 18187 infeasible   76               -  140.00000      -   113 3055s
 152429 18244 infeasible   74               -  140.00000      -   113 3060s
 152650 18262 infeasible   61               -  140.00000      -   113 3065s
 152788 18265  140.00000   67  312          -  140.00000      -   113 3070s
 152970 18265 infeasible   71               -  140.00000      -   113 3075s
 153102 18258  140.00000   74  276          -  140.00000      -   113 3080s
 153255 18260 infeasible   72               -  140.00000      -   114 3085s
 153486 18278 infeasible   82               -  140.00000      -   114 3090s
 153659 18264 infeasible   82               -  140.00000      -   114 3095s
 153947 18268 infeasible   82               -  140.00000      -   114 3100s
 154181 18275 infeasible   60               -  140.00000      -   114 3105s
 154403 18254 infeasible   71               -  140.00000      -   114 3110s
 154682 18266 infeasible   62               -  140.00000      -   114 3115s
 155019 18259 infeasible   70               -  140.00000      -   114 3120s
 155115 18259  140.00000   73  234          -  140.00000      -   114 3129s
 155117 18257 infeasible   74               -  140.00000      -   114 3130s
 155145 18247 infeasible   62               -  140.00000      -   114 3135s
 155178 18246 infeasible   63               -  140.00000      -   114 3140s
 155382 18254 infeasible   71               -  140.00000      -   114 3145s
 155591 18261 infeasible   87               -  140.00000      -   114 3150s
 155850 18272  140.00000   61  240          -  140.00000      -   114 3155s
 156128 18309  140.00000   36  222          -  140.00000      -   114 3160s
 156284 18407 infeasible   42               -  140.00000      -   114 3165s
 156471 18517  140.00000   51  308          -  140.00000      -   114 3170s
 156647 18594 infeasible   62               -  140.00000      -   114 3175s
 156796 18602 infeasible   70               -  140.00000      -   114 3180s
 157043 18612 infeasible   76               -  140.00000      -   114 3185s
 157282 18620 infeasible   68               -  140.00000      -   114 3190s
 157541 18627 infeasible   71               -  140.00000      -   114 3195s
 157774 18613 infeasible   68               -  140.00000      -   114 3200s
 158064 18607 infeasible   71               -  140.00000      -   114 3205s
 158251 18605 infeasible   65               -  140.00000      -   114 3210s
 158517 18602  140.00000   56  192          -  140.00000      -   114 3215s
 158730 18614  140.00000   72  202          -  140.00000      -   114 3220s
 158949 18602 infeasible   65               -  140.00000      -   114 3225s
 159133 18598  140.00000   67  347          -  140.00000      -   114 3230s
 159421 18630 infeasible   65               -  140.00000      -   114 3235s
 159702 18623 infeasible   60               -  140.00000      -   114 3240s
 160026 18611 infeasible   56               -  140.00000      -   114 3245s
 160445 18598 infeasible   66               -  140.00000      -   114 3250s
 160638 18591 infeasible   61               -  140.00000      -   114 3255s
 160885 18602  140.00000   62  101          -  140.00000      -   115 3260s
 161099 18628 infeasible   68               -  140.00000      -   115 3265s
 161344 18607 infeasible   67               -  140.00000      -   115 3270s
 161540 18598 infeasible   67               -  140.00000      -   115 3275s
 161725 18586 infeasible   60               -  140.00000      -   115 3280s
 161994 18597  140.00000   65  286          -  140.00000      -   115 3285s
 162218 18613 infeasible   80               -  140.00000      -   115 3290s
 162420 18589  140.00000   61  218          -  140.00000      -   115 3295s
 162751 18605 infeasible   72               -  140.00000      -   115 3300s
 163040 18604 infeasible   65               -  140.00000      -   115 3305s
 163345 18606 infeasible   67               -  140.00000      -   115 3310s
 163604 18604 infeasible   74               -  140.00000      -   115 3315s
 163856 18595  140.00000   69  227          -  140.00000      -   115 3320s
 164048 18629  140.00000   93  180          -  140.00000      -   115 3325s
 164407 18620  140.00000   77  232          -  140.00000      -   115 3330s
 164750 18631  140.00000   93  249          -  140.00000      -   115 3336s
 164832 18596 infeasible   67               -  140.00000      -   115 3340s
 165142 18614 infeasible   81               -  140.00000      -   115 3345s
 165417 18619  140.00000   67  220          -  140.00000      -   115 3350s
 165718 18637 infeasible   95               -  140.00000      -   115 3355s
 166016 18610 infeasible   72               -  140.00000      -   115 3360s
 166205 18590  140.00000   61  209          -  140.00000      -   115 3365s
 166549 18615 infeasible   79               -  140.00000      -   115 3370s
 166838 18600 infeasible   72               -  140.00000      -   115 3375s
 166898 18592  140.00000   63  212          -  140.00000      -   115 3385s
 166938 18590 infeasible   62               -  140.00000      -   115 3390s
 167083 18620 infeasible   65               -  140.00000      -   115 3395s
 167409 18647 infeasible   70               -  140.00000      -   115 3400s
 167725 18643 infeasible   65               -  140.00000      -   115 3405s
 167823 18621  140.00000   58  248          -  140.00000      -   115 3410s
 168178 18642 infeasible   58               -  140.00000      -   115 3415s
 168508 18665  140.00000   96  160          -  140.00000      -   115 3420s
 168899 18720 infeasible   56               -  140.00000      -   115 3425s
 169136 18724 infeasible   68               -  140.00000      -   115 3430s
 169554 18737 infeasible   64               -  140.00000      -   115 3435s
 169879 18745 infeasible   46               -  140.00000      -   115 3440s
 170027 18739 infeasible   71               -  140.00000      -   115 3445s
 170241 18744 infeasible   62               -  140.00000      -   115 3450s
 170432 18755 infeasible   52               -  140.00000      -   115 3455s
 170658 18758 infeasible   55               -  140.00000      -   115 3460s
 170949 18741 infeasible   56               -  140.00000      -   115 3465s
 171239 18749  140.00000   57  209          -  140.00000      -   115 3470s
 171500 18774  140.00000   53  255          -  140.00000      -   115 3475s
 171900 18802 infeasible   52               -  140.00000      -   115 3480s
 172249 18857  140.00000   67  276          -  140.00000      -   115 3485s
 172577 18873 infeasible   71               -  140.00000      -   115 3490s
 172895 18877  140.00000   64  378          -  140.00000      -   115 3495s
 173190 18871  140.00000   52  112          -  140.00000      -   115 3500s
 173575 18862 infeasible   58               -  140.00000      -   115 3505s
 173937 18886  140.00000   55  287          -  140.00000      -   115 3510s
 174157 18884 infeasible   61               -  140.00000      -   115 3515s
 174405 18877  140.00000   52  149          -  140.00000      -   115 3520s
 174699 18880  140.00000   48  310          -  140.00000      -   115 3525s
 174905 18877 infeasible   54               -  140.00000      -   115 3530s
 175261 18911 infeasible   61               -  140.00000      -   115 3535s
 175664 18865 infeasible   64               -  140.00000      -   115 3540s
 176092 18887 infeasible   69               -  140.00000      -   115 3545s
 176472 18850 infeasible  106               -  140.00000      -   115 3550s
 176809 18841 infeasible   82               -  140.00000      -   115 3555s
 177173 18849 infeasible   67               -  140.00000      -   115 3560s
 177489 18825 infeasible   58               -  140.00000      -   115 3565s
 177813 18819 infeasible   59               -  140.00000      -   115 3570s
 178051 18818 infeasible   62               -  140.00000      -   115 3575s
 178410 18805 infeasible   60               -  140.00000      -   115 3580s
 178601 18808  140.00000   52  182          -  140.00000      -   115 3591s
 178636 18815  140.00000   66  131          -  140.00000      -   115 3595s

Cutting planes:
  Gomory: 7
  Cover: 123
  Implied bound: 23
  Projected implied bound: 2
  Clique: 175
  MIR: 16
  StrongCG: 7
  Flow cover: 66
  GUB cover: 14
  Zero half: 21
  RLT: 2
  Relax-and-lift: 33

Explored 178778 nodes (20524607 simplex iterations) in 3600.01 seconds (2675.19 work units)
Thread count was 1 (of 8 available processors)

Solution count 0

Time limit reached
Best objective -, best bound 1.400000000000e+02, gap -
