
Gurobi 11.0.1 (win64) logging started Mon Apr  1 12:48:45 2024

Set parameter LogFile to value "C:\Projetos\Job_Rotation_Algorithms\Outputs\GurobiLogs\gurobi_log-output-45_wee-c15-CostaMirallesModel-NoExtraConstraint-2.log"
Gurobi Optimizer version 11.0.1 build v11.0.1rc0 (win64 - Windows 10.0 (19045.2))

CPU model: 11th Gen Intel(R) Core(TM) i7-1165G7 @ 2.80GHz, instruction set [SSE2|AVX|AVX2|AVX512]
Thread count: 4 physical cores, 8 logical processors, using up to 1 threads


Gurobi 11.0.1 (win64) logging started Mon Apr  1 21:36:37 2024

Set parameter LogFile to value "C:\Projetos\Job_Rotation_Algorithms\Outputs\GurobiLogs\gurobi_log-output-45_wee-c15-CostaMirallesModel-NoExtraConstraint-2.log"
Gurobi Optimizer version 11.0.1 build v11.0.1rc0 (win64 - Windows 10.0 (19045.2))

CPU model: 11th Gen Intel(R) Core(TM) i7-1165G7 @ 2.80GHz, instruction set [SSE2|AVX|AVX2|AVX512]
Thread count: 4 physical cores, 8 logical processors, using up to 1 threads


Gurobi 11.0.1 (win64) logging started Thu Apr  4 23:34:04 2024

Set parameter LogFile to value "C:\Projetos\Job_Rotation_Algorithms\Outputs\GurobiLogs\gurobi_log-output-45_wee-c15-CostaMirallesModel-NoExtraConstraint-2.log"
Gurobi Optimizer version 11.0.1 build v11.0.1rc0 (win64 - Windows 10.0 (19045.2))

CPU model: 11th Gen Intel(R) Core(TM) i7-1165G7 @ 2.80GHz, instruction set [SSE2|AVX|AVX2|AVX512]
Thread count: 4 physical cores, 8 logical processors, using up to 1 threads


Gurobi 11.0.1 (win64) logging started Sat Apr  6 13:03:55 2024

Set parameter LogFile to value "C:\Projetos\Job_Rotation_Algorithms\Outputs\GurobiLogs\gurobi_log-output-45_wee-c15-CostaMirallesModel-NoExtraConstraint-2.log"
Gurobi Optimizer version 11.0.1 build v11.0.1rc0 (win64 - Windows 10.0 (19045.2))

CPU model: 11th Gen Intel(R) Core(TM) i7-1165G7 @ 2.80GHz, instruction set [SSE2|AVX|AVX2|AVX512]
Thread count: 4 physical cores, 8 logical processors, using up to 1 threads


Gurobi 11.0.1 (win64) logging started Sun Apr  7 02:36:31 2024

Set parameter LogFile to value "C:\Projetos\Job_Rotation_Algorithms\Outputs\GurobiLogs\gurobi_log-output-45_wee-c15-CostaMirallesModel-NoExtraConstraint-2.log"
Gurobi Optimizer version 11.0.1 build v11.0.1rc0 (win64 - Windows 10.0 (19045.2))

CPU model: 11th Gen Intel(R) Core(TM) i7-1165G7 @ 2.80GHz, instruction set [SSE2|AVX|AVX2|AVX512]
Thread count: 4 physical cores, 8 logical processors, using up to 1 threads


Gurobi 11.0.1 (win64) logging started Sun Apr  7 09:49:28 2024

Set parameter LogFile to value "C:\Projetos\Job_Rotation_Algorithms\Outputs\GurobiLogs\gurobi_log-output-45_wee-c15-CostaMirallesModel-NoExtraConstraint-2.log"
Gurobi Optimizer version 11.0.1 build v11.0.1rc0 (win64 - Windows 10.0 (19045.2))

CPU model: 11th Gen Intel(R) Core(TM) i7-1165G7 @ 2.80GHz, instruction set [SSE2|AVX|AVX2|AVX512]
Thread count: 4 physical cores, 8 logical processors, using up to 1 threads


Gurobi 11.0.1 (win64) logging started Tue Apr  9 08:08:06 2024

Set parameter LogFile to value "C:\Projetos\Job_Rotation_Algorithms\Outputs\GurobiLogs\gurobi_log-output-45_wee-c15-CostaMirallesModel-NoExtraConstraint-2.log"
Gurobi Optimizer version 11.0.1 build v11.0.1rc0 (win64 - Windows 10.0 (19045.2))

CPU model: 11th Gen Intel(R) Core(TM) i7-1165G7 @ 2.80GHz, instruction set [SSE2|AVX|AVX2|AVX512]
Thread count: 4 physical cores, 8 logical processors, using up to 1 threads


Gurobi 11.0.1 (win64) logging started Wed Apr 10 17:37:52 2024

Set parameter LogFile to value "C:\Projetos\Job_Rotation_Algorithms\Outputs\GurobiLogs\gurobi_log-output-45_wee-c15-CostaMirallesModel-NoExtraConstraint-2.log"
Gurobi Optimizer version 11.0.1 build v11.0.1rc0 (win64 - Windows 10.0 (19045.2))

CPU model: 11th Gen Intel(R) Core(TM) i7-1165G7 @ 2.80GHz, instruction set [SSE2|AVX|AVX2|AVX512]
Thread count: 4 physical cores, 8 logical processors, using up to 1 threads


Gurobi 11.0.1 (win64) logging started Thu Apr 11 01:43:04 2024

Set parameter LogFile to value "C:\Projetos\Job_Rotation_Algorithms\Outputs\GurobiLogs\gurobi_log-output-45_wee-c15-CostaMirallesModel-NoExtraConstraint-2.log"
Gurobi Optimizer version 11.0.1 build v11.0.1rc0 (win64 - Windows 10.0 (19045.2))

CPU model: 11th Gen Intel(R) Core(TM) i7-1165G7 @ 2.80GHz, instruction set [SSE2|AVX|AVX2|AVX512]
Thread count: 4 physical cores, 8 logical processors, using up to 1 threads


Gurobi 11.0.1 (win64) logging started Sun Apr 21 02:59:43 2024

Set parameter LogFile to value "C:\Projetos\Job_Rotation_Algorithms\Outputs\GurobiLogs\gurobi_log-output-45_wee-c15-CostaMirallesModel-NoExtraConstraint-2.log"
Gurobi Optimizer version 11.0.1 build v11.0.1rc0 (win64 - Windows 10.0 (19045.2))

CPU model: 11th Gen Intel(R) Core(TM) i7-1165G7 @ 2.80GHz, instruction set [SSE2|AVX|AVX2|AVX512]
Thread count: 4 physical cores, 8 logical processors, using up to 1 threads


Gurobi 11.0.1 (win64) logging started Fri Apr 26 07:41:43 2024

Set parameter LogFile to value "C:\Projetos\Job_Rotation_Algorithms\Outputs\GurobiLogs\gurobi_log-output-45_wee-c15-CostaMirallesModel-NoExtraConstraint-2.log"
Gurobi Optimizer version 11.0.1 build v11.0.1rc0 (win64 - Windows 10.0 (19045.2))

CPU model: 11th Gen Intel(R) Core(TM) i7-1165G7 @ 2.80GHz, instruction set [SSE2|AVX|AVX2|AVX512]
Thread count: 4 physical cores, 8 logical processors, using up to 1 threads


Gurobi 11.0.1 (win64) logging started Sat Apr 27 04:33:09 2024

Set parameter LogFile to value "C:\Projetos\Job_Rotation_Algorithms\Outputs\GurobiLogs\gurobi_log-output-45_wee-c15-CostaMirallesModel-NoExtraConstraint-2.log"
Gurobi Optimizer version 11.0.1 build v11.0.1rc0 (win64 - Windows 10.0 (19045.2))

CPU model: 11th Gen Intel(R) Core(TM) i7-1165G7 @ 2.80GHz, instruction set [SSE2|AVX|AVX2|AVX512]
Thread count: 4 physical cores, 8 logical processors, using up to 1 threads


Gurobi 11.0.1 (win64) logging started Sat Apr 27 14:51:07 2024

Set parameter LogFile to value "C:\Projetos\Job_Rotation_Algorithms\Outputs\GurobiLogs\gurobi_log-output-45_wee-c15-CostaMirallesModel-NoExtraConstraint-2.log"
Gurobi Optimizer version 11.0.1 build v11.0.1rc0 (win64 - Windows 10.0 (19045.2))

CPU model: 11th Gen Intel(R) Core(TM) i7-1165G7 @ 2.80GHz, instruction set [SSE2|AVX|AVX2|AVX512]
Thread count: 4 physical cores, 8 logical processors, using up to 1 threads


Gurobi 11.0.1 (win64) logging started Wed May  1 00:32:36 2024

Set parameter LogFile to value "C:\Projetos\Job_Rotation_Algorithms\Outputs\GurobiLogs\gurobi_log-output-45_wee-c15-CostaMirallesModel-NoExtraConstraint-2.log"
Gurobi Optimizer version 11.0.1 build v11.0.1rc0 (win64 - Windows 10.0 (19045.2))

CPU model: 11th Gen Intel(R) Core(TM) i7-1165G7 @ 2.80GHz, instruction set [SSE2|AVX|AVX2|AVX512]
Thread count: 4 physical cores, 8 logical processors, using up to 1 threads

WLS license 901038 - registered to Bitka Analytics
Optimize a model with 6101 rows, 49864 columns and 1236034 nonzeros
Model fingerprint: 0xb309018f
Variable types: 2 continuous, 49862 integer (49862 binary)
Coefficient statistics:
  Matrix range     [1e+00, 8e+01]
  Objective range  [1e+00, 1e+00]
  Bounds range     [1e+00, 3e+01]
  RHS range        [1e+00, 3e+01]
Presolve added 1923 rows and 1168 columns
Presolve time: 4.77s
Presolved: 8024 rows, 51032 columns, 388687 nonzeros
Variable types: 0 continuous, 51032 integer (49617 binary)

Root simplex log...

Iteration    Objective       Primal Inf.    Dual Inf.      Time
       0    1.2600000e+03   1.580000e+03   0.000000e+00      8s
    7972    1.5000000e+02   0.000000e+00   0.000000e+00     10s

Root relaxation: objective 1.500000e+02, 7972 iterations, 1.38 seconds (1.85 work units)
Total elapsed time = 10.11s (DegenMoves)

    Nodes    |    Current Node    |     Objective Bounds      |     Work
 Expl Unexpl |  Obj  Depth IntInf | Incumbent    BestBd   Gap | It/Node Time

     0     0  150.00000    0  186          -  150.00000      -     -   11s
     0     0  150.00000    0  196          -  150.00000      -     -   11s
     0     0  150.00000    0  188          -  150.00000      -     -   11s
     0     0  150.00000    0 1333          -  150.00000      -     -   15s
     0     0  150.00000    0 1296          -  150.00000      -     -   16s
     0     0  150.00000    0 1185          -  150.00000      -     -   16s
     0     0  150.00000    0 1199          -  150.00000      -     -   16s
     0     0  150.00000    0  214          -  150.00000      -     -   21s
     0     0  150.00000    0  317          -  150.00000      -     -   21s
     0     0  150.00000    0  287          -  150.00000      -     -   21s
     0     0  150.00000    0  524          -  150.00000      -     -   22s
     0     0  150.00000    0  583          -  150.00000      -     -   22s
     0     0  150.00000    0  481          -  150.00000      -     -   23s
     0     0  150.00000    0  932          -  150.00000      -     -   23s
     0     0  150.00000    0  835          -  150.00000      -     -   23s
     0     0  150.00000    0  881          -  150.00000      -     -   23s
     0     0  150.00000    0  726          -  150.00000      -     -   23s
     0     0  150.00000    0 1551          -  150.00000      -     -   28s
     0     0  150.00000    0 1490          -  150.00000      -     -   29s
     0     0  150.00000    0 1374          -  150.00000      -     -   29s
     0     0  150.00000    0 1363          -  150.00000      -     -   30s
     0     0  150.00000    0 1354          -  150.00000      -     -   30s
     0     0  150.00000    0  259          -  150.00000      -     -   37s
     0     0  150.00000    0  264          -  150.00000      -     -   37s
     0     0  150.00000    0  351          -  150.00000      -     -   38s
     0     0  150.00000    0  349          -  150.00000      -     -   38s
     0     0  150.00000    0  503          -  150.00000      -     -   38s
     0     0  150.00000    0  452          -  150.00000      -     -   38s
     0     0  150.00000    0  477          -  150.00000      -     -   38s
     0     0  150.00000    0  478          -  150.00000      -     -   38s
     0     0  150.00000    0  477          -  150.00000      -     -   38s
     0     0  150.00000    0  480          -  150.00000      -     -   38s
     0     0  150.00000    0  480          -  150.00000      -     -   39s
     0     0  150.00000    0  482          -  150.00000      -     -   39s
     0     0  150.00000    0  479          -  150.00000      -     -   39s
     0     0  150.00000    0  228          -  150.00000      -     -   43s
     0     0  150.00000    0  931          -  150.00000      -     -   44s
     0     0  150.00000    0  552          -  150.00000      -     -   44s
     0     0  150.00000    0  570          -  150.00000      -     -   45s
     0     0  150.00000    0  566          -  150.00000      -     -   45s
     0     0  150.00000    0  566          -  150.00000      -     -   45s
     0     0  150.00000    0  565          -  150.00000      -     -   45s
     0     0  150.00000    0  566          -  150.00000      -     -   45s
     0     0  150.00000    0  565          -  150.00000      -     -   45s
     0     0  150.00000    0  565          -  150.00000      -     -   45s
     0     0  150.00000    0  564          -  150.00000      -     -   45s
     0     0  150.00000    0  793          -  150.00000      -     -   45s
     0     0  150.00000    0  884          -  150.00000      -     -   46s
     0     0  150.00000    0  881          -  150.00000      -     -   46s
     0     0  150.00000    0  305          -  150.00000      -     -   50s
     0     0  150.00000    0  294          -  150.00000      -     -   50s
     0     0  150.00000    0  295          -  150.00000      -     -   50s
     0     0  150.00000    0  295          -  150.00000      -     -   50s
     0     0  150.00000    0  295          -  150.00000      -     -   50s
     0     0  150.00000    0  329          -  150.00000      -     -   51s
     0     0  150.00000    0  307          -  150.00000      -     -   51s
     0     0  150.00000    0  308          -  150.00000      -     -   51s
     0     0  150.00000    0  309          -  150.00000      -     -   51s
     0     0  150.00000    0  307          -  150.00000      -     -   51s
     0     0  150.00000    0  306          -  150.00000      -     -   51s
     0     0  150.00000    0  306          -  150.00000      -     -   51s
     0     0  150.00000    0  306          -  150.00000      -     -   51s
     0     0  150.00000    0  306          -  150.00000      -     -   51s
     0     0  150.00000    0  304          -  150.00000      -     -   51s
     0     0  150.00000    0  308          -  150.00000      -     -   51s
     0     0  150.00000    0  279          -  150.00000      -     -   55s
     0     0  150.00000    0  295          -  150.00000      -     -   55s
     0     0  150.00000    0  745          -  150.00000      -     -   56s
     0     0  150.00000    0  595          -  150.00000      -     -   56s
     0     0  150.00000    0  550          -  150.00000      -     -   56s
     0     0  150.00000    0  239          -  150.00000      -     -   58s
     0     2  150.00000    0  228          -  150.00000      -     -   67s
    27    29  150.00000   15  393          -  150.00000      -   186   70s
   108   110  150.00000   62  322          -  150.00000      -   147   75s
   191   187  150.00000  111  554          -  150.00000      -   117   80s
   267   242  150.00000  159  575          -  150.00000      -   125   85s
   327   259  150.00000  140  179          -  150.00000      -   154   90s
   410   275  150.00000   28  876          -  150.00000      -   141   95s
   472   332  150.00000   64  338          -  150.00000      -   147  100s
   549   400  150.00000  110  178          -  150.00000      -   144  105s
   607   453  150.00000   46 1199          -  150.00000      -   136  217s
   609   454  150.00000   88  198          -  150.00000      -   135  223s
   610   455  150.00000   59 1028          -  150.00000      -   135  225s
   612   456  150.00000  135  202          -  150.00000      -   135  234s
   613   457  150.00000  149  620          -  150.00000      -   134  236s
   614   458  150.00000   84  264          -  150.00000      -   134  242s
   615   458  150.00000  162  856          -  150.00000      -   134  245s
   616   459  150.00000   12  234          -  150.00000      -   134  251s
   618   460  150.00000   92  228          -  150.00000      -   133  261s
   620   462  150.00000   56  201          -  150.00000      -   133  267s
   622   463  150.00000   38  201          -  150.00000      -   132  274s
   623   466  150.00000   13  202          -  150.00000      -   627  275s
   627   468  150.00000   15  244          -  150.00000      -   623  291s
   634   473  150.00000   18  230          -  150.00000      -   617  295s
   641   478  150.00000   22  341          -  150.00000      -   611  300s
   658   489  150.00000   30  330          -  150.00000      -   597  305s
   702   518  150.00000   52  197          -  150.00000      -   578  310s
   749   547  150.00000   76  360          -  150.00000      -   551  315s
   804   570  150.00000  107  195          -  150.00000      -   535  320s
   829   578 infeasible  119               -  150.00000      -   526  325s
   863   587  150.00000   72  408          -  150.00000      -   509  330s
   912   596  150.00000   55  364          -  150.00000      -   497  335s
   986   622  150.00000  102  230          -  150.00000      -   472  340s
  1028   632  150.00000   62  150          -  150.00000      -   464  345s
  1081   645  150.00000   56  376          -  150.00000      -   454  350s
  1172   688  150.00000  105  273          -  150.00000      -   426  355s
  1207   689  150.00000   74  339          -  150.00000      -   426  360s
  1283   707  150.00000   88  289          -  150.00000      -   414  365s
  1355   746  150.00000  127  386          -  150.00000      -   400  370s
  1395   758  150.00000  144  523          -  150.00000      -   394  375s
  1460   749  150.00000   76  129          -  150.00000      -   381  380s
  1535   756  150.00000   72  138          -  150.00000      -   368  385s
  1628   790  150.00000  118  406          -  150.00000      -   350  390s
  1707   804  150.00000   94  456          -  150.00000      -   340  395s
  1758   812  150.00000   63  242          -  150.00000      -   335  400s
  1829   845  150.00000   96  532          -  150.00000      -   331  405s
  1862   857  150.00000  110  819          -  150.00000      -   332  410s
  1895   860  150.00000   89  436          -  150.00000      -   334  415s
  1944   878  150.00000  112  272          -  150.00000      -   333  420s
  2018   880 infeasible   91               -  150.00000      -   325  425s
  2072   890 infeasible   90               -  150.00000      -   322  430s
  2128   916  150.00000   26  311          -  150.00000      -   320  435s
  2200   980  150.00000   62  249          -  150.00000      -   313  440s
  2284  1054  150.00000  103  218          -  150.00000      -   304  445s
  2330  1090  150.00000  120  417          -  150.00000      -   300  450s
  2392  1140  150.00000  146  229          -  150.00000      -   298  455s
  2461  1179  150.00000   75  299          -  150.00000      -   293  460s
  2547  1235  150.00000  120  359          -  150.00000      -   287  465s
  2622  1292  150.00000   55  339          -  150.00000      -   280  470s
  2708  1371  150.00000   94  280          -  150.00000      -   274  475s
  2762  1417  150.00000  121  554          -  150.00000      -   271  480s
  2793  1446  150.00000  130  450          -  150.00000      -   274  485s
  2834  1467  150.00000  152  233          -  150.00000      -   275  491s
  2874  1497 infeasible  172               -  150.00000      -   274  495s
  2920  1513  150.00000   39  337          -  150.00000      -   271  500s
  3013  1603  150.00000   80  275          -  150.00000      -   267  505s
  3143  1710  150.00000  141  493          -  150.00000      -   258  510s
  3189  1751 infeasible  161               -  150.00000      -   258  515s
  3220  1759  150.00000  159  302          -  150.00000      -   260  520s
  3267  1784 infeasible  172               -  150.00000      -   259  525s
  3313  1788  150.00000  157  178          -  150.00000      -   259  530s
  3363  1807 infeasible  165               -  150.00000      -   260  535s
  3391  1804  150.00000   27  184          -  150.00000      -   262  540s
  3537  1939  150.00000   99  421          -  150.00000      -   253  545s
  3627  2015  150.00000  145  469          -  150.00000      -   251  550s
  3671  2040  150.00000  160  453          -  150.00000      -   252  555s
  3764  2121  150.00000   87  173          -  150.00000      -   249  562s
  3765  2122  150.00000   87  422          -  150.00000      -   249  565s
  3853  2206  150.00000  119  445          -  150.00000      -   246  570s
  3935  2271  150.00000  159  506          -  150.00000      -   244  575s
  4060  2384  150.00000  125  237          -  150.00000      -   240  580s
  4167  2475  150.00000   97  256          -  150.00000      -   237  585s
  4291  2589  150.00000  139  746          -  150.00000      -   234  590s
  4314  2598  150.00000   87  181          -  150.00000      -   236  595s
  4461  2740  150.00000  145  356          -  150.00000      -   231  600s
  4522  2783  150.00000  132  289          -  150.00000      -   232  605s
  4555  2805  150.00000  146  737          -  150.00000      -   232  610s
  4605  2839  150.00000  135  451          -  150.00000      -   232  615s
  4641  2865  150.00000  149  430          -  150.00000      -   232  620s
  4721  2923  150.00000  191  307          -  150.00000      -   230  625s
  4764  2932  150.00000   94  351          -  150.00000      -   230  630s
  4845  3010  150.00000  133  215          -  150.00000      -   228  638s
  4846  3011  150.00000  134  359          -  150.00000      -   228  640s
  4868  3029  150.00000  142  173          -  150.00000      -   228  645s
  4933  3079  150.00000  140  433          -  150.00000      -   227  650s
  4966  3103  150.00000  153  515          -  150.00000      -   227  655s
  5009  3133  150.00000  111  330          -  150.00000      -   227  660s
  5086  3193 infeasible  138               -  150.00000      -   226  665s
  5101  3202  150.00000  145  388          -  150.00000      -   227  675s
  5175  3237  150.00000  141  473          -  150.00000      -   226  680s
  5201  3252  150.00000  152  209          -  150.00000      -   229  686s
  5256  3269  150.00000  132  117          -  150.00000      -   228  690s
  5326  3313  150.00000  130 1191          -  150.00000      -   227  695s
  5361  3345  150.00000  142  196          -  150.00000      -   228  700s
  5386  3361  150.00000  156  426          -  150.00000      -   229  705s
  5441  3384  150.00000  131  272          -  150.00000      -   229  710s
  5525  3436  150.00000  150  370          -  150.00000      -   228  715s
  5603  3476  150.00000   98  293          -  150.00000      -   227  720s
  5698  3533  150.00000  141  375          -  150.00000      -   225  725s
  5742  3561  150.00000  147  732          -  150.00000      -   226  730s
  5783  3584  150.00000  162  116          -  150.00000      -   227  735s
  5833  3619  150.00000  150  386          -  150.00000      -   226  740s
  5909  3665 infeasible  183               -  150.00000      -   225  745s
  6024  3765  150.00000  147  474          -  150.00000      -   223  750s
  6075  3800  150.00000  129  351          -  150.00000      -   224  755s
  6099  3823  150.00000  136  431          -  150.00000      -   224  770s
  6100  3824  150.00000  137  481          -  150.00000      -   224  775s
  6101  3825  150.00000  137  558          -  150.00000      -   224  780s
  6129  3845  150.00000  153  622          -  150.00000      -   224  785s
  6180  3873  150.00000  179  584          -  150.00000      -   224  790s
  6268  3905  150.00000  123  427          -  150.00000      -   223  795s
  6370  3984  150.00000  152  294          -  150.00000      -   221  800s
  6400  3988  150.00000  159  522          -  150.00000      -   222  805s
  6442  3999 infeasible  162               -  150.00000      -   223  810s
  6543  4078  150.00000  124  199          -  150.00000      -   221  815s
  6624  4117  150.00000  126  627          -  150.00000      -   220  820s
  6750  4222  150.00000  138  517          -  150.00000      -   217  825s
  6808  4254 infeasible  162               -  150.00000      -   219  831s
  6870  4312  150.00000  116  261          -  150.00000      -   219  835s
  6919  4341  150.00000  146  340          -  150.00000      -   219  840s
  6963  4361  150.00000  170  455          -  150.00000      -   219  845s
  6997  4384  150.00000  116  315          -  150.00000      -   220  850s
  7054  4419  150.00000  132  136          -  150.00000      -   220  855s
  7086  4426  150.00000  110  307          -  150.00000      -   220  860s
  7142  4472  150.00000  133  236          -  150.00000      -   220  865s
  7267  4567  150.00000  116  375          -  150.00000      -   218  870s
  7299  4596  150.00000  131  708          -  150.00000      -   219  875s
  7358  4651  150.00000  159  294          -  150.00000      -   218  880s
  7385  4666  150.00000  166  379          -  150.00000      -   219  885s
  7486  4712  150.00000  117  252          -  150.00000      -   217  890s
  7516  4738  150.00000  131  442          -  150.00000      -   218  895s
  7572  4784  150.00000  157  372          -  150.00000      -   219  900s
  7623  4805  150.00000  147  402          -  150.00000      -   218  905s
  7678  4851  150.00000  171  526          -  150.00000      -   219  910s
  7796  4930  150.00000  142  409          -  150.00000      -   217  915s
  7925  5043  150.00000  130  479          -  150.00000      -   215  920s
  7961  5073  150.00000  141  569          -  150.00000      -   216  925s
  8068  5150  150.00000  122  140          -  150.00000      -   215  930s
  8146  5194  150.00000  101  462          -  150.00000      -   215  935s
  8218  5261  150.00000  132  306          -  150.00000      -   215  940s
  8288  5313  150.00000  163  364          -  150.00000      -   215  945s
  8340  5334 infeasible  187               -  150.00000      -   215  950s
  8469  5409  150.00000  174  294          -  150.00000      -   213  955s
  8562  5463  150.00000  168  312          -  150.00000      -   212  960s
  8642  5490  150.00000  153  436          -  150.00000      -   211  965s
  8731  5531  150.00000  162  320          -  150.00000      -   210  970s
  8805  5561  150.00000  158  232          -  150.00000      -   210  975s
  8851  5581 infeasible  172               -  150.00000      -   211  980s
  8948  5636  150.00000  157  386          -  150.00000      -   209  985s
  9008  5671  150.00000  161  531          -  150.00000      -   210  990s
  9065  5714  150.00000  171  796          -  150.00000      -   210  995s
  9164  5773 infeasible  181               -  150.00000      -   210 1000s
  9214  5798  149.79163  165  663          -  150.00000      -   210 1005s
  9297  5834  150.00000  158  284          -  150.00000      -   210 1010s
  9383  5884  150.00000  163  234          -  150.00000      -   209 1015s
  9439  5904 infeasible  184               -  150.00000      -   209 1020s
  9483  5934 infeasible  166               -  150.00000      -   209 1025s
  9553  5961  150.00000  158  272          -  150.00000      -   208 1030s
  9720  6063  149.00000  175  592          -  150.00000      -   206 1035s
  9860  6141  150.00000  171  291          -  150.00000      -   204 1040s
  9907  6159 infeasible  172               -  150.00000      -   205 1045s
  9998  6216  150.00000  185  401          -  150.00000      -   204 1050s
 10093  6244 infeasible  164               -  150.00000      -   203 1055s
 10178  6295  150.00000  179  420          -  150.00000      -   202 1060s
 10202  6302  150.00000  183  398          -  150.00000      -   203 1261s
 10288  6354 infeasible  182               -  150.00000      -   202 1265s
 10385  6408  150.00000  193  463          -  150.00000      -   201 1270s
 10429  6428 infeasible  210               -  150.00000      -   202 1275s
 10531  6482  150.00000  125  210          -  150.00000      -   201 1280s
 10691  6613  150.00000  124  252          -  150.00000      -   200 1285s
 10864  6727 infeasible  120               -  150.00000      -   198 1290s
 11006  6796  150.00000  108  222          -  150.00000      -   197 1295s
 11144  6890  150.00000  115  145          -  150.00000      -   196 1300s
 11266  6965 infeasible  126               -  150.00000      -   195 1305s
 11379  7039  150.00000  100  325          -  150.00000      -   195 1310s
 11474  7090  150.00000   94  205          -  150.00000      -   195 1315s
 11604  7186  150.00000  128  351          -  150.00000      -   194 1320s
 11664  7212  150.00000  148  291          -  150.00000      -   194 1325s
 11739  7257  150.00000  119  288          -  150.00000      -   193 1335s
 11745  7259 infeasible  122               -  150.00000      -   193 1340s
 11816  7292  150.00000  157  366          -  150.00000      -   193 1345s
 11972  7402  150.00000  138  404          -  150.00000      -   192 1350s
 12099  7488  150.00000  112  135          -  150.00000      -   191 1355s
 12247  7595  150.00000  131  291          -  150.00000      -   190 1360s
 12363  7679 infeasible  139               -  150.00000      -   189 1365s
 12447  7728  150.00000  116  282          -  150.00000      -   189 1370s
 12593  7812 infeasible  153               -  150.00000      -   189 1375s
 12663  7856  150.00000  124  435          -  150.00000      -   189 1380s
 12803  7951  150.00000  132  251          -  150.00000      -   189 1385s
 12956  8040  150.00000  131  489          -  150.00000      -   188 1390s
 13037  8085  150.00000  134  360          -  150.00000      -   188 1395s
 13154  8144 infeasible  134               -  150.00000      -   187 1400s
 13293  8194  150.00000  106  292          -  150.00000      -   187 1405s
 13426  8273  150.00000  126  220          -  150.00000      -   186 1410s
 13578  8383  150.00000  126  544          -  150.00000      -   185 1415s
 13689  8457 infeasible  161               -  150.00000      -   184 1420s
 13761  8492 infeasible  132               -  150.00000      -   185 1425s
 13872  8543  150.00000  110  293          -  150.00000      -   184 1430s
 14046  8658 infeasible  137               -  150.00000      -   183 1435s
 14165  8707  150.00000  127  272          -  150.00000      -   183 1440s
 14226  8726 infeasible  142               -  150.00000      -   183 1445s
 14337  8769  150.00000  122  246          -  150.00000      -   183 1450s
 14449  8833 infeasible  152               -  150.00000      -   183 1455s
 14539  8870 infeasible  142               -  150.00000      -   183 1460s
 14721  8944  150.00000  121  209          -  150.00000      -   181 1465s
 14838  8991  150.00000  108  178          -  150.00000      -   181 1470s
 15000  9069  150.00000  111  492          -  150.00000      -   180 1475s
 15102  9150  150.00000  147  531          -  150.00000      -   180 1480s
 15144  9177  150.00000  170  614          -  150.00000      -   180 1485s
 15253  9216  150.00000   97  186          -  150.00000      -   180 1490s
 15303  9264  150.00000  115  218          -  150.00000      -   180 1497s
 15378  9336  150.00000  148  421          -  150.00000      -   179 1500s
 15412  9368  150.00000  166  478          -  150.00000      -   180 1505s
 15455  9388  150.00000  161  629          -  150.00000      -   180 1510s
 15494  9421  150.00000  178  590          -  150.00000      -   180 1515s
 15506  9431  150.00000  185  436          -  150.00000      -   180 1523s
 15508  9429 infeasible  182               -  150.00000      -   181 1527s
 15513  9424 infeasible  184               -  150.00000      -   181 1530s
 15518  9427  150.00000  116  560          -  150.00000      -   181 1535s
 15614  9480 infeasible  191               -  150.00000      -   180 1540s
 15766  9576  150.00000  119  384          -  150.00000      -   179 1545s
 15895  9649  150.00000  108  432          -  150.00000      -   179 1550s
 15966  9688  150.00000  169  519          -  150.00000      -   179 1555s
 16069  9742 infeasible  131               -  150.00000      -   178 1560s
 16231  9818 infeasible  132               -  150.00000      -   178 1565s
 16340  9866  150.00000  116  193          -  150.00000      -   177 1570s
 16480  9947  150.00000  121  370          -  150.00000      -   177 1575s
 16583 10009  150.00000   45  272          -  150.00000      -   177 1580s
 16727 10136  150.00000   88  304          -  150.00000      -   176 1585s
 16843 10207  150.00000   83  424          -  150.00000      -   175 1590s
 16963 10301  150.00000  115  827          -  150.00000      -   175 1595s
 17067 10369  150.00000  115  346          -  150.00000      -   174 1600s
 17134 10431  150.00000  149  328          -  150.00000      -   174 1605s
 17181 10442  150.00000  130  341          -  150.00000      -   175 1610s
 17225 10475 infeasible  151               -  150.00000      -   175 1615s
 17263 10490 infeasible  147               -  150.00000      -   175 1620s
 17307 10511  150.00000  144  735          -  150.00000      -   175 1625s
 17343 10529  150.00000  140  505          -  150.00000      -   176 1630s
 17370 10548 infeasible  152               -  150.00000      -   177 1637s
 17378 10556  150.00000  155  630          -  150.00000      -   178 1640s
 17440 10590  150.00000   77  382          -  150.00000      -   177 1645s
 17578 10714  150.00000  142  316          -  150.00000      -   177 1650s
 17615 10747  150.00000  156  581          -  150.00000      -   177 1655s
 17627 10756 infeasible  162               -  150.00000      -   177 1661s
 17628 10755 infeasible  162               -  150.00000      -   178 1666s
 17630 10753 infeasible  162               -  150.00000      -   179 1671s
 17636 10753 infeasible  162               -  150.00000      -   179 1675s
 17721 10784  150.00000   77  463          -  150.00000      -   179 1680s
 17856 10900 infeasible  137               -  150.00000      -   178 1685s
 17883 10908  150.00000  133  226          -  150.00000      -   179 1690s
 18007 11001  150.00000  110  329          -  150.00000      -   179 1695s
 18087 11075  150.00000  147  503          -  150.00000      -   179 1700s
 18166 11115  150.00000   70  181          -  150.00000      -   179 1705s
 18266 11205  150.00000  119  439          -  150.00000      -   179 1710s
 18349 11252  150.00000   84  480          -  150.00000      -   179 1715s
 18407 11307  150.00000  110  246          -  150.00000      -   179 1727s
 18409 11309  150.00000  111  359          -  150.00000      -   179 1730s
 18415 11315  150.00000  114  365          -  150.00000      -   179 1735s
 18471 11369  150.00000  134  550          -  150.00000      -   179 1740s
 18524 11405  150.00000  152  234          -  150.00000      -   179 1745s
 18643 11483  150.00000  121  180          -  150.00000      -   178 1750s
 18700 11514  150.00000   90  643          -  150.00000      -   179 1755s
 18780 11586  150.00000  122  177          -  150.00000      -   179 1760s
 18901 11686  150.00000  123  477          -  150.00000      -   179 1765s
 18932 11716  150.00000  142  290          -  150.00000      -   180 1770s
 19001 11755  150.00000  111  337          -  150.00000      -   180 1775s
 19115 11837  150.00000  130  800          -  150.00000      -   179 1780s
 19160 11846 infeasible  134               -  150.00000      -   180 1785s
 19265 11913  150.00000  115  485          -  150.00000      -   180 1790s
 19328 11970  150.00000  143  732          -  150.00000      -   180 1795s
 19378 11992  150.00000   86  273          -  150.00000      -   181 1800s
 19511 12094 infeasible  112               -  150.00000      -   181 1805s
 19562 12102 infeasible  112               -  150.00000      -   181 1810s
 19605 12113 infeasible  132               -  150.00000      -   182 1815s
 19673 12131 infeasible  124               -  150.00000      -   182 1820s
 19742 12161  150.00000  101  462          -  150.00000      -   182 1825s
 19802 12178  150.00000  102  153          -  150.00000      -   183 1830s
 19899 12206 infeasible  112               -  150.00000      -   184 1835s
 19976 12257  150.00000  129  363          -  150.00000      -   184 1840s
 20033 12302  150.00000  156  389          -  150.00000      -   184 1845s
 20082 12324  150.00000  116  383          -  150.00000      -   184 1850s
 20165 12402  150.00000  156  505          -  150.00000      -   184 1855s
 20250 12472  150.00000  138  715          -  150.00000      -   184 1860s
 20334 12547 infeasible  179               -  150.00000      -   184 1865s
 20399 12593  150.00000  144  485          -  150.00000      -   184 1870s
 20404 12598  150.00000  147  462          -  150.00000      -   184 1876s
 20426 12615  150.00000  152  383          -  150.00000      -   185 1880s
 20462 12638  150.00000  168  473          -  150.00000      -   185 1885s
 20524 12670  150.00000  146  547          -  150.00000      -   185 1890s
 20585 12711 infeasible  171               -  150.00000      -   185 1895s
 20621 12724  150.00000  142  286          -  150.00000      -   186 1900s
 20647 12733 infeasible  151               -  150.00000      -   187 1905s
 20710 12784  150.00000  134  433          -  150.00000      -   187 1910s
 20787 12837  150.00000  171  583          -  150.00000      -   187 1915s
 20888 12891 infeasible  162               -  150.00000      -   187 1920s
 20941 12915 infeasible  152               -  150.00000      -   187 1925s
 21054 13010  150.00000  130  423          -  150.00000      -   187 1930s
 21158 13075 infeasible  125               -  150.00000      -   187 1935s
 21316 13190  150.00000  122  106          -  150.00000      -   186 1940s
 21432 13267  150.00000  100  415          -  150.00000      -   186 1945s
 21496 13320  150.00000  127  748          -  150.00000      -   186 1950s
 21563 13359  150.00000  108  539          -  150.00000      -   187 1955s
 21644 13425 infeasible  145               -  150.00000      -   187 1960s
 21717 13440  150.00000  135  551          -  150.00000      -   187 1965s
 21785 13471 infeasible  119               -  150.00000      -   187 1970s
 21883 13549  150.00000  146  603          -  150.00000      -   187 1975s
 21972 13597  150.00000  119  238          -  150.00000      -   186 1980s
 22047 13639  150.00000  115  150          -  150.00000      -   187 1985s
 22120 13671  150.00000  128  270          -  150.00000      -   187 1999s
 22122 13669 infeasible  129               -  150.00000      -   186 2000s
 22135 13676  150.00000  112  290          -  150.00000      -   186 2005s
 22204 13706 infeasible  114               -  150.00000      -   186 2010s
 22302 13729  150.00000  123  208          -  150.00000      -   186 2015s
 22403 13771  150.00000  132  268          -  150.00000      -   186 2020s
 22513 13815  150.00000  106  296          -  150.00000      -   186 2025s
 22654 13922  150.00000  132  173          -  150.00000      -   186 2030s
 22749 13975 infeasible  125               -  150.00000      -   185 2035s
 22860 14008  150.00000  115  241          -  150.00000      -   185 2040s
 22988 14068  150.00000  102  199          -  150.00000      -   185 2045s
 23100 14126 infeasible  135               -  150.00000      -   184 2050s
 23238 14206 infeasible  120               -  150.00000      -   185 2055s
 23319 14238  150.00000  119  296          -  150.00000      -   184 2060s
 23420 14277 infeasible  144               -  150.00000      -   184 2065s
 23513 14318 infeasible  130               -  150.00000      -   184 2070s
 23630 14371 infeasible  132               -  150.00000      -   184 2075s
 23707 14410  150.00000  124  358          -  150.00000      -   184 2080s
 23831 14473  150.00000  111  255          -  150.00000      -   184 2085s
 23969 14564 infeasible  122               -  150.00000      -   184 2090s
 24044 14603  150.00000   96  405          -  150.00000      -   184 2095s
 24150 14660 infeasible  126               -  150.00000      -   184 2100s
 24217 14694 infeasible  125               -  150.00000      -   184 2105s
 24279 14739  150.00000  121  641          -  150.00000      -   185 2110s
 24310 14750 infeasible  132               -  150.00000      -   185 2115s
 24380 14805  150.00000  124  231          -  150.00000      -   186 2120s
 24421 14843  150.00000  142  204          -  150.00000      -   186 2126s
 24473 14881  150.00000  164  866          -  150.00000      -   186 2130s
 24569 14937 infeasible  132               -  150.00000      -   186 2135s
 24657 14994  150.00000  125  580          -  150.00000      -   186 2140s
 24740 15033  150.00000  127  407          -  150.00000      -   186 2145s
 24888 15135  150.00000  122  219          -  150.00000      -   186 2150s
 24964 15178 infeasible  152               -  150.00000      -   187 2155s
 25055 15223 infeasible  121               -  150.00000      -   187 2160s
 25144 15262  150.00000  121  317          -  150.00000      -   187 2165s
 25256 15330  150.00000  146  284          -  150.00000      -   187 2170s
 25286 15355  150.00000  157  629          -  150.00000      -   187 2175s
 25328 15364 infeasible  142               -  150.00000      -   187 2180s
 25396 15399 infeasible  132               -  150.00000      -   188 2185s
 25494 15443  150.00000  102  140          -  150.00000      -   188 2190s
 25505 15452  150.00000  108  272          -  150.00000      -   188 2196s
 25557 15491  150.00000  124  371          -  150.00000      -   188 2200s
 25657 15561  150.00000  138  481          -  150.00000      -   188 2205s
 25797 15659 infeasible  148               -  150.00000      -   187 2210s
 25866 15698  150.00000  136  215          -  150.00000      -   188 2215s
 25976 15743  150.00000  125  753          -  150.00000      -   188 2220s
 26093 15840  150.00000  143  468          -  150.00000      -   187 2225s
 26140 15880  150.00000  162  143          -  150.00000      -   188 2231s
 26244 15926  150.00000  113  139          -  150.00000      -   188 2235s
 26321 15997  150.00000  142  384          -  150.00000      -   188 2240s
 26358 16015  150.00000  116  155          -  150.00000      -   188 2245s
 26447 16098  150.00000  151  402          -  150.00000      -   188 2250s
 26541 16162  150.00000  133  648          -  150.00000      -   188 2255s
 26584 16183 infeasible  152               -  150.00000      -   189 2260s
 26679 16265  150.00000  164  569          -  150.00000      -   189 2265s
 26753 16308  150.00000  141  347          -  150.00000      -   189 2270s
 26878 16388  150.00000  133  336          -  150.00000      -   188 2275s
 26947 16424  150.00000  122  262          -  150.00000      -   189 2280s
 27042 16490  150.00000  164  484          -  150.00000      -   189 2285s
 27136 16538 infeasible  142               -  150.00000      -   189 2290s
 27242 16594 infeasible  148               -  150.00000      -   189 2295s
 27244 16596  150.00000  148  426          -  150.00000      -   189 2312s
 27251 16595  150.00000  135  286          -  150.00000      -   189 2315s
 27259 16603  150.00000  137  552          -  150.00000      -   189 2321s
 27262 16606  150.00000  139  481          -  150.00000      -   189 2325s
 27294 16627  150.00000  152  271          -  150.00000      -   189 2330s
 27359 16664  150.00000  130  595          -  150.00000      -   189 2335s
 27453 16736  150.00000  138  304          -  150.00000      -   189 2340s
 27514 16782 infeasible  168               -  150.00000      -   190 2345s
 27540 16789  150.00000  121  462          -  150.00000      -   190 2350s
 27665 16855  150.00000  132  149          -  150.00000      -   190 2355s
 27708 16892  150.00000  147  636          -  150.00000      -   190 2360s
 27730 16907  149.00000  162  342          -  150.00000      -   191 2365s
 27816 16957  150.00000  126  496          -  150.00000      -   191 2370s
 27946 17039 infeasible  173               -  150.00000      -   190 2375s
 28032 17113  150.00000  146  335          -  150.00000      -   191 2380s
 28105 17161  150.00000  129  420          -  150.00000      -   190 2385s
 28177 17210  150.00000  128  318          -  150.00000      -   191 2390s
 28243 17250 infeasible  152               -  150.00000      -   191 2395s
 28303 17291  150.00000  142  392          -  150.00000      -   192 2401s
 28336 17301  150.00000  131  967          -  150.00000      -   192 2406s
 28387 17347  150.00000  155  316          -  150.00000      -   192 2410s
 28514 17427  150.00000  141  487          -  150.00000      -   192 2415s
 28597 17490 infeasible  141               -  150.00000      -   192 2420s
 28637 17502  150.00000  122  177          -  150.00000      -   193 2425s
 28734 17576 infeasible  162               -  150.00000      -   193 2430s
 28773 17591  150.00000  122  148          -  150.00000      -   193 2435s
 28892 17674 infeasible  170               -  150.00000      -   193 2440s
 28961 17719  150.00000  158  691          -  150.00000      -   193 2445s
 29008 17737 infeasible  172               -  150.00000      -   194 2450s
 29111 17787  150.00000  132  335          -  150.00000      -   194 2455s
 29182 17849  150.00000  169  500          -  150.00000      -   194 2460s
 29200 17852  150.00000  170  577          -  150.00000      -   195 2465s
 29210 17848 infeasible  171               -  150.00000      -   196 2470s
 29245 17868  150.00000  142  130          -  150.00000      -   196 2475s
 29314 17897  150.00000  142  188          -  150.00000      -   197 2480s
 29375 17932  150.00000  144  352          -  150.00000      -   197 2485s
 29447 17960  150.00000  113  272          -  150.00000      -   197 2490s
 29537 18022 infeasible  152               -  150.00000      -   197 2495s
 29617 18097  150.00000  152  302          -  150.00000      -   197 2500s
 29664 18123  150.00000  134  408          -  150.00000      -   198 2505s
 29697 18153  149.00000  149 1011          -  150.00000      -   198 2511s
 29779 18171  150.00000  132  229          -  150.00000      -   198 2515s
 29850 18189  150.00000  148  343          -  150.00000      -   198 2520s
 29934 18212  150.00000   82  160          -  150.00000      -   198 2525s
 30051 18302 infeasible  138               -  150.00000      -   198 2530s
 30144 18374  150.00000  129  217          -  150.00000      -   198 2535s
 30210 18408  150.00000  126  352          -  150.00000      -   198 2540s
 30292 18464  150.00000   98  486          -  150.00000      -   198 2545s
 30476 18571  150.00000  139  624          -  150.00000      -   197 2550s
 30549 18600 infeasible  152               -  150.00000      -   198 2555s
 30596 18633 infeasible  153               -  150.00000      -   198 2560s
 30606 18641  150.00000  160  423          -  150.00000      -   198 2566s
 30653 18660  150.00000  148  517          -  150.00000      -   198 2570s
 30726 18699 infeasible  152               -  150.00000      -   198 2575s
 30802 18743  150.00000  124  215          -  150.00000      -   198 2580s
 30954 18842 infeasible  139               -  150.00000      -   198 2585s
 31012 18872 infeasible  111               -  150.00000      -   198 2590s
 31112 18937 infeasible  132               -  150.00000      -   198 2595s
 31198 18979 infeasible  117               -  150.00000      -   198 2600s
 31283 19035  150.00000  139  638          -  150.00000      -   198 2605s
 31346 19082  150.00000  162  359          -  150.00000      -   198 2610s
 31391 19104 infeasible  182               -  150.00000      -   199 2615s
 31471 19152  150.00000  123  234          -  150.00000      -   199 2620s
 31542 19202  150.00000  124  263          -  150.00000      -   199 2625s
 31639 19289  150.00000  170  526          -  150.00000      -   199 2630s
 31693 19310  150.00000  132  130          -  150.00000      -   200 2635s
 31756 19359  150.00000  162  260          -  150.00000      -   200 2641s
 31789 19378 infeasible  172               -  150.00000      -   200 2645s
 31860 19405 infeasible  128               -  150.00000      -   200 2650s
 31938 19450  150.00000  127  463          -  150.00000      -   201 2655s
 32014 19493  150.00000  119  415          -  150.00000      -   201 2660s
 32089 19560 infeasible  150               -  150.00000      -   201 2665s
 32144 19574 infeasible  131               -  150.00000      -   201 2670s
 32226 19612 infeasible  131               -  150.00000      -   201 2675s
 32273 19630 infeasible  152               -  150.00000      -   202 2680s
 32321 19649  150.00000   97  465          -  150.00000      -   202 2685s
 32399 19695  150.00000   98  529          -  150.00000      -   202 2690s
 32517 19747  150.00000  107  494          -  150.00000      -   202 2695s
 32642 19847  150.00000  135  285          -  150.00000      -   202 2700s
 32737 19912  150.00000   96  439          -  150.00000      -   202 2705s
 32843 20001  150.00000  141  519          -  150.00000      -   202 2710s
 32909 20041  150.00000  106  325          -  150.00000      -   202 2715s
 32994 20082  150.00000  120  352          -  150.00000      -   202 2720s
 33039 20122  150.00000  141  554          -  150.00000      -   202 2725s
 33078 20135 infeasible  155               -  150.00000      -   203 2730s
 33204 20212  150.00000  122  219          -  150.00000      -   203 2735s
 33284 20268  150.00000  134  513          -  150.00000      -   202 2740s
 33318 20280 infeasible  150               -  150.00000      -   203 2745s
 33357 20295  150.00000  142  216          -  150.00000      -   203 2750s
 33402 20305 infeasible  149               -  150.00000      -   203 2755s
 33527 20387  150.00000  136  358          -  150.00000      -   203 2760s
 33553 20400 infeasible  142               -  150.00000      -   203 2766s
 33573 20400  150.00000  134  613          -  150.00000      -   204 2781s
 33578 20403  150.00000  138  429          -  150.00000      -   203 2785s
 33585 20402  150.00000   86  485          -  150.00000      -   204 2792s
 33622 20436  150.00000  105  311          -  150.00000      -   204 2795s
 33713 20502 infeasible  109               -  150.00000      -   204 2800s
 33829 20557 infeasible  129               -  150.00000      -   203 2805s
 33926 20598  150.00000  102  316          -  150.00000      -   204 2810s
 34011 20661  150.00000  112  336          -  150.00000      -   204 2815s
 34140 20711  150.00000  124  368          -  150.00000      -   203 2820s
 34250 20737  150.00000  106  216          -  150.00000      -   203 2825s
 34375 20817  150.00000  149  363          -  150.00000      -   203 2830s
 34458 20848 infeasible  142               -  150.00000      -   203 2835s
 34488 20866  150.00000  157  529          -  150.00000      -   203 2840s
 34525 20869 infeasible  128               -  150.00000      -   204 2845s
 34629 20927 infeasible  122               -  150.00000      -   204 2850s
 34741 20973 infeasible  142               -  150.00000      -   204 2855s
 34849 21025  150.00000   91  629          -  150.00000      -   204 2860s
 35002 21121  150.00000  102  162          -  150.00000      -   204 2865s
 35099 21169  150.00000  112  227          -  150.00000      -   204 2870s
 35186 21197 infeasible  115               -  150.00000      -   204 2875s
 35277 21259  150.00000  137  437          -  150.00000      -   204 2880s
 35357 21301  150.00000  118  517          -  150.00000      -   204 2885s
 35486 21389 infeasible  119               -  150.00000      -   204 2890s
 35596 21453  150.00000  115  309          -  150.00000      -   204 2895s
 35704 21509  150.00000  107  503          -  150.00000      -   204 2900s
 35707 21512  150.00000  107  320          -  150.00000      -   204 2906s
 35769 21535  150.00000  112  283          -  150.00000      -   204 2910s
 35847 21585 infeasible  152               -  150.00000      -   204 2915s
 35938 21639  150.00000  126  218          -  150.00000      -   204 2920s
 36047 21677 infeasible  139               -  150.00000      -   204 2925s
 36127 21708  150.00000   40  402          -  150.00000      -   203 2930s
 36264 21836  150.00000  112  343          -  150.00000      -   203 2935s
 36354 21897  150.00000  149  454          -  150.00000      -   203 2940s
 36427 21911  150.00000  132  161          -  150.00000      -   203 2945s
 36481 21920  150.00000  118  220          -  150.00000      -   203 2950s
 36569 21968  150.00000  152  284          -  150.00000      -   203 2955s
 36697 22036 infeasible  138               -  150.00000      -   203 2960s
 36785 22084  150.00000   61  344          -  150.00000      -   203 2965s
 36913 22170  150.00000  136  223          -  150.00000      -   203 2970s
 36987 22226  150.00000  175  333          -  150.00000      -   203 2975s
 37034 22262  150.00000  201  490          -  150.00000      -   203 2980s
 37099 22282  150.00000  148  450          -  150.00000      -   203 2985s
 37160 22311  150.00000  156  445          -  150.00000      -   203 2990s
 37229 22354 infeasible  187               -  150.00000      -   203 2995s
 37263 22373  150.00000  213  338          -  150.00000      -   203 3000s
 37327 22389  150.00000  173  356          -  150.00000      -   203 3005s
 37376 22411 infeasible  192               -  150.00000      -   203 3010s
 37413 22429  150.00000  185  279          -  150.00000      -   203 3015s
 37495 22465  150.00000  188  363          -  150.00000      -   203 3020s
 37524 22479 infeasible  207               -  150.00000      -   203 3025s
 37569 22500  150.00000  182  405          -  150.00000      -   204 3030s
 37654 22543 infeasible  222               -  150.00000      -   203 3035s
 37699 22561  150.00000  214  544          -  150.00000      -   204 3040s
 37779 22574 infeasible  182               -  150.00000      -   204 3045s
 37830 22598  150.00000   82  116          -  150.00000      -   204 3050s
 37971 22723  150.00000  154  295          -  150.00000      -   204 3055s
 38101 22809 infeasible  142               -  150.00000      -   204 3060s
 38243 22872 infeasible   99               -  150.00000      -   203 3065s
 38360 22940  150.00000  142  296          -  150.00000      -   204 3070s
 38491 23011  150.00000  129  232          -  150.00000      -   203 3075s
 38597 23095  150.00000  152  163          -  150.00000      -   203 3080s
 38666 23138  150.00000  142  329          -  150.00000      -   204 3085s
 38733 23170  150.00000  140  575          -  150.00000      -   204 3090s
 38826 23207  150.00000  159  443          -  150.00000      -   204 3095s
 38919 23263  150.00000  136  282          -  150.00000      -   203 3100s
 38995 23318  150.00000  165  369          -  150.00000      -   203 3112s
 39005 23310  150.00000   83  319          -  150.00000      -   203 3115s
 39010 23315  150.00000   86  308          -  150.00000      -   203 3121s
 39114 23373  150.00000  136  441          -  150.00000      -   203 3125s
 39211 23426  150.00000  179  387          -  150.00000      -   203 3130s
 39350 23521  150.00000  154  277          -  150.00000      -   202 3135s
 39429 23573  150.00000  193  354          -  150.00000      -   202 3140s
 39511 23613  150.00000  187  564          -  150.00000      -   202 3145s
 39620 23666  150.00000  244  399          -  150.00000      -   202 3150s
 39681 23678  150.00000  190  315          -  150.00000      -   202 3155s
 39820 23712 infeasible  173               -  150.00000      -   201 3160s
 39902 23766 infeasible  212               -  150.00000      -   201 3165s
 39995 23791  150.00000  172  228          -  150.00000      -   201 3170s
 40031 23813  150.00000  192  384          -  150.00000      -   202 3176s
 40128 23879  150.00000  234  317          -  150.00000      -   202 3180s
 40200 23912  150.00000  195  797          -  150.00000      -   202 3185s
 40319 23972  150.00000  217  459          -  150.00000      -   201 3190s
 40428 24017 infeasible  212               -  150.00000      -   201 3195s
 40498 24032  149.00000  201  556          -  150.00000      -   201 3200s
 40593 24067  150.00000  179  520          -  150.00000      -   201 3205s
 40729 24155  150.00000  243  238          -  150.00000      -   201 3210s
 40808 24191  150.00000  209  265          -  150.00000      -   201 3220s
 40948 24280  150.00000  230  420          -  150.00000      -   201 3225s
 41122 24373  150.00000  215  183          -  150.00000      -   200 3230s
 41256 24443  150.00000  194  228          -  150.00000      -   200 3235s
 41390 24515  150.00000  208  494          -  150.00000      -   200 3240s
 41492 24565 infeasible  142               -  150.00000      -   200 3245s
 41576 24605  150.00000  138  556          -  150.00000      -   200 3250s
 41638 24648 infeasible  165               -  150.00000      -   200 3255s
 41777 24732  150.00000  147  322          -  150.00000      -   199 3260s
 41851 24780  150.00000  182  223          -  150.00000      -   200 3265s
 41905 24808 infeasible  208               -  150.00000      -   200 3270s
 42017 24867  149.00000  225  359          -  150.00000      -   200 3275s
 42079 24892  150.00000  202  257          -  150.00000      -   200 3280s
 42141 24930 infeasible  230               -  150.00000      -   200 3285s
 42181 24946 infeasible  242               -  150.00000      -   200 3290s
 42221 24957  150.00000  194  337          -  150.00000      -   201 3295s
 42314 25003  150.00000  188  540          -  150.00000      -   201 3300s
 42457 25066  150.00000  185  377          -  150.00000      -   200 3305s
 42549 25088  150.00000  182  272          -  150.00000      -   200 3310s
 42646 25152 infeasible  203               -  150.00000      -   201 3315s
 42689 25168 infeasible  216               -  150.00000      -   201 3320s
 42763 25174 infeasible  222               -  150.00000      -   201 3325s
 42848 25181  150.00000  175  442          -  150.00000      -   201 3330s
 42915 25216  149.44444  202  662          -  150.00000      -   201 3335s
 42958 25228  150.00000  195  345          -  150.00000      -   202 3340s
 43058 25260  150.00000  210  450          -  150.00000      -   201 3345s
 43208 25342 infeasible  225               -  150.00000      -   201 3350s
 43227 25342  150.00000  185  480          -  150.00000      -   201 3359s
 43228 25343  150.00000  186  363          -  150.00000      -   201 3361s
 43231 25346  150.00000  189  460          -  150.00000      -   201 3365s
 43339 25411 infeasible  242               -  150.00000      -   201 3370s
 43499 25474 infeasible  210               -  150.00000      -   201 3375s
 43533 25480 infeasible  219               -  150.00000      -   201 3380s
 43616 25551  150.00000  222  184          -  150.00000      -   201 3385s
 43722 25602 infeasible  232               -  150.00000      -   201 3390s
 43783 25628  150.00000  198  378          -  150.00000      -   201 3395s
 43876 25673 infeasible  202               -  150.00000      -   201 3400s
 44020 25734  150.00000  194  558          -  150.00000      -   201 3405s
 44142 25806  150.00000  205  239          -  150.00000      -   201 3410s
 44255 25863  150.00000  217  547          -  150.00000      -   201 3415s
 44312 25898 infeasible  238               -  150.00000      -   201 3420s
 44493 25997  150.00000  116  375          -  150.00000      -   200 3425s
 44582 26048 infeasible  162               -  150.00000      -   201 3430s
 44694 26112  150.00000  228  435          -  150.00000      -   200 3435s
 44776 26152 infeasible  202               -  150.00000      -   201 3440s
 44845 26184  150.00000  202  119          -  150.00000      -   201 3445s
 44907 26226  150.00000  232  187          -  150.00000      -   201 3450s
 44959 26262  150.00000  255  474          -  150.00000      -   201 3456s
 45058 26301  150.00000  212  194          -  150.00000      -   201 3460s
 45183 26343 infeasible  232               -  150.00000      -   201 3465s
 45336 26413  149.00000  202  224          -  150.00000      -   201 3470s
 45434 26457  150.00000  212  206          -  150.00000      -   201 3476s
 45547 26531  150.00000  229  523          -  150.00000      -   201 3480s
 45605 26544 infeasible  202               -  150.00000      -   202 3485s
 45684 26607  150.00000  214  478          -  150.00000      -   202 3490s
 45773 26639  150.00000  202  319          -  150.00000      -   202 3495s
 45909 26754 infeasible  257               -  150.00000      -   201 3504s
 45933 26769 infeasible  262               -  150.00000      -   201 3505s
 46065 26833  150.00000  196  390          -  150.00000      -   201 3510s
 46207 26907  150.00000  202  204          -  150.00000      -   201 3515s
 46266 26931 infeasible  202               -  150.00000      -   201 3520s
 46361 26960  150.00000  202  244          -  150.00000      -   201 3525s
 46472 27021 infeasible  232               -  150.00000      -   201 3530s
 46592 27053  150.00000  221  322          -  150.00000      -   201 3535s
 46700 27092  150.00000  222  240          -  150.00000      -   201 3540s
 46816 27150 infeasible  227               -  150.00000      -   201 3545s
 46860 27178 infeasible  233               -  150.00000      -   202 3550s
 46970 27200 infeasible  226               -  150.00000      -   202 3555s
 47132 27244  150.00000  201  585          -  150.00000      -   201 3560s
 47203 27286  150.00000  221  226          -  150.00000      -   201 3571s
 47216 27283  150.00000  196  318          -  150.00000      -   201 3575s
 47372 27377  150.00000  219  330          -  150.00000      -   201 3580s
 47477 27427  150.00000  216  243          -  150.00000      -   201 3585s
 47606 27449 infeasible  218               -  150.00000      -   201 3590s
 47704 27492  150.00000  241  254          -  150.00000      -   201 3595s
 47815 27531  150.00000  252  253          -  150.00000      -   200 3600s

Cutting planes:
  Gomory: 49
  Cover: 306
  Implied bound: 2
  Clique: 40
  MIR: 18
  StrongCG: 23
  Flow cover: 102
  GUB cover: 3
  Zero half: 48
  RLT: 1
  Relax-and-lift: 38

Explored 47816 nodes (9618367 simplex iterations) in 3600.02 seconds (2711.54 work units)
Thread count was 1 (of 8 available processors)

Solution count 0

Time limit reached
Best objective -, best bound 1.500000000000e+02, gap -
