
Gurobi 11.0.1 (win64) logging started Thu Mar 14 08:01:47 2024

Set parameter LogFile to value "C:\Projetos\Job_Rotation_Algorithms\Outputs\GurobiLogs\gurobi_log-output-15_wee-c35-BorbaRittModel-NoExtraConstraint-2.log"
Gurobi Optimizer version 11.0.1 build v11.0.1rc0 (win64 - Windows 10.0 (19045.2))

CPU model: 11th Gen Intel(R) Core(TM) i7-1165G7 @ 2.80GHz, instruction set [SSE2|AVX|AVX2|AVX512]
Thread count: 4 physical cores, 8 logical processors, using up to 1 threads


Gurobi 11.0.1 (win64) logging started Fri Mar 15 00:39:12 2024

Set parameter LogFile to value "C:\Projetos\Job_Rotation_Algorithms\Outputs\GurobiLogs\gurobi_log-output-15_wee-c35-BorbaRittModel-NoExtraConstraint-2.log"
Gurobi Optimizer version 11.0.1 build v11.0.1rc0 (win64 - Windows 10.0 (19045.2))

CPU model: 11th Gen Intel(R) Core(TM) i7-1165G7 @ 2.80GHz, instruction set [SSE2|AVX|AVX2|AVX512]
Thread count: 4 physical cores, 8 logical processors, using up to 1 threads


Gurobi 11.0.1 (win64) logging started Tue Mar 19 09:18:00 2024

Set parameter LogFile to value "C:\Projetos\Job_Rotation_Algorithms\Outputs\GurobiLogs\gurobi_log-output-15_wee-c35-BorbaRittModel-NoExtraConstraint-2.log"
Gurobi Optimizer version 11.0.1 build v11.0.1rc0 (win64 - Windows 10.0 (19045.2))

CPU model: 11th Gen Intel(R) Core(TM) i7-1165G7 @ 2.80GHz, instruction set [SSE2|AVX|AVX2|AVX512]
Thread count: 4 physical cores, 8 logical processors, using up to 1 threads


Gurobi 11.0.1 (win64) logging started Sun Mar 31 14:13:59 2024

Set parameter LogFile to value "C:\Projetos\Job_Rotation_Algorithms\Outputs\GurobiLogs\gurobi_log-output-15_wee-c35-BorbaRittModel-NoExtraConstraint-2.log"
Gurobi Optimizer version 11.0.1 build v11.0.1rc0 (win64 - Windows 10.0 (19045.2))

CPU model: 11th Gen Intel(R) Core(TM) i7-1165G7 @ 2.80GHz, instruction set [SSE2|AVX|AVX2|AVX512]
Thread count: 4 physical cores, 8 logical processors, using up to 1 threads

WLS license 901039 - registered to Bitka Analytics
Optimize a model with 13659 rows, 2142 columns and 42932 nonzeros
Model fingerprint: 0xd2f99c12
Variable types: 2 continuous, 2140 integer (2140 binary)
Coefficient statistics:
  Matrix range     [1e+00, 3e+01]
  Objective range  [1e+00, 1e+00]
  Bounds range     [1e+00, 7e+01]
  RHS range        [1e+00, 7e+01]
Presolve removed 1 rows and 1 columns
Presolve time: 0.05s
Presolved: 13658 rows, 2141 columns, 42930 nonzeros
Variable types: 0 continuous, 2141 integer (2140 binary)
Root relaxation presolved: 13658 rows, 2141 columns, 42930 nonzeros


Root relaxation: objective 1.500000e+02, 4099 iterations, 0.58 seconds (0.68 work units)

    Nodes    |    Current Node    |     Objective Bounds      |     Work
 Expl Unexpl |  Obj  Depth IntInf | Incumbent    BestBd   Gap | It/Node Time

     0     0  150.00000    0  338          -  150.00000      -     -    1s
     0     0  150.00000    0  434          -  150.00000      -     -    2s
     0     0  150.00000    0  413          -  150.00000      -     -    2s
     0     0  150.00000    0  310          -  150.00000      -     -    4s
     0     0  150.00000    0  353          -  150.00000      -     -    4s
     0     0  150.00000    0  417          -  150.00000      -     -    5s
     0     0  150.00000    0  393          -  150.00000      -     -    5s
     0     0  150.00000    0  439          -  150.00000      -     -    6s
     0     0  150.00000    0  409          -  150.00000      -     -    6s
     0     0  150.00000    0  443          -  150.00000      -     -    7s
     0     0  150.00000    0  503          -  150.00000      -     -    7s
     0     0  150.00000    0  444          -  150.00000      -     -    9s
     0     0  150.00000    0  292          -  150.00000      -     -   10s
     0     2  150.00000    0  292          -  150.00000      -     -   13s
    32    34  150.00000   20  393          -  150.00000      -   542   16s
   123   113  150.00000   57  286          -  150.00000      -   285   20s
   216   190  150.00000   64  351          -  150.00000      -   269   25s
   308   268  150.00000   61  405          -  150.00000      -   268   30s
   434   357  150.00000   56  427          -  150.00000      -   234   35s
   557   452  150.00000    9  293          -  150.00000      -   220   40s
   580   473  150.00000   49  443          -  150.00000      -   224   46s
   583   475  148.44400   90  437          -  150.00000      -   223   50s
   586   477  150.00000   22  432          -  150.00000      -   222   55s
   592   481  150.00000   10  450          -  150.00000      -   219   61s
   596   484  150.00000    5  357          -  150.00000      -   218   65s
   600   486  150.00000    3  352          -  150.00000      -   216   70s
   615   498  150.00000   22  337          -  150.00000      -   136   75s
   694   545  150.00000   61  318          -  150.00000      -   140   80s
   715   557  150.00000   71  414          -  150.00000      -   142   85s
   760   567  150.00000   19  369          -  150.00000      -   152   90s
   813   602  150.00000   46  355          -  150.00000      -   157   95s
   854   626  150.00000   66  458          -  150.00000      -   170  100s
   895   637  150.00000   29  368          -  150.00000      -   186  105s
   972   688  150.00000   68  341          -  150.00000      -   192  110s
  1015   709  150.00000   89  488          -  150.00000      -   204  115s
  1063   731  150.00000   41  325          -  150.00000      -   213  120s
  1125   766  150.00000   72  383          -  150.00000      -   217  125s
  1164   774 infeasible   91               -  150.00000      -   227  130s
  1224   812  150.00000   51  335          -  150.00000      -   229  135s
  1269   834  150.00000   74  517          -  150.00000      -   231  140s
  1302   838  146.77409   90  472          -  150.00000      -   237  145s
  1327   835  150.00000   54  287          -  150.00000      -   238  151s
  1353   850 infeasible   67               -  150.00000      -   240  155s
  1391   860 infeasible   85               -  150.00000      -   247  160s
  1416   864  150.00000   93  419          -  150.00000      -   256  165s
  1460   857  150.00000   56  350          -  150.00000      -   262  170s
  1522   888  150.00000   87  372          -  150.00000      -   264  175s
  1561   898 infeasible  106               -  150.00000      -   269  180s
  1609   908  150.00000   39  310          -  150.00000      -   274  185s
  1671   949  150.00000   70  327          -  150.00000      -   275  190s
  1721   977  150.00000   95  478          -  150.00000      -   279  195s
  1762   986  150.00000   27  309          -  150.00000      -   283  200s
  1864  1052  150.00000   97  419          -  150.00000      -   280  205s
  1897  1052 infeasible  108               -  150.00000      -   289  210s
  1945  1070  150.00000   45  393          -  150.00000      -   290  215s
  2052  1137  150.00000   99  437          -  150.00000      -   292  220s
  2120  1177  150.00000   46  303          -  150.00000      -   298  225s
  2193  1242  150.00000   82  341          -  150.00000      -   300  230s
  2224  1267  150.00000   92  428          -  150.00000      -   306  235s
  2292  1315  150.00000   64  330          -  150.00000      -   308  240s
  2393  1404  150.00000   60  349          -  150.00000      -   308  245s
  2483  1486  150.00000  102  371          -  150.00000      -   307  252s
  2507  1498  150.00000   51  273          -  150.00000      -   308  255s
  2586  1575  150.00000   96  403          -  150.00000      -   308  260s
  2647  1622  150.00000  128  446          -  150.00000      -   311  265s
  2724  1685  150.00000   71  359          -  150.00000      -   312  270s
  2779  1730 infeasible   98               -  150.00000      -   314  275s
  2816  1753 infeasible  114               -  150.00000      -   318  280s
  2881  1800  150.00000   77  299          -  150.00000      -   321  285s
  2946  1849 infeasible  108               -  150.00000      -   324  290s
  3028  1917  150.00000   68  375          -  150.00000      -   326  295s
  3105  1976 infeasible  109               -  150.00000      -   327  300s
  3155  2006  150.00000   47  319          -  150.00000      -   331  305s
  3201  2044  150.00000   77  413          -  150.00000      -   331  310s
  3250  2081 infeasible  105               -  150.00000      -   335  315s
  3317  2128 infeasible  102               -  150.00000      -   339  320s
  3388  2187  150.00000   65  341          -  150.00000      -   340  325s
  3445  2240  150.00000   97  440          -  150.00000      -   341  330s
  3509  2288  150.00000   64  391          -  150.00000      -   343  335s
  3601  2368  150.00000  109  341          -  150.00000      -   344  340s
  3645  2394  150.00000   47  313          -  150.00000      -   346  345s
  3680  2427 infeasible   65               -  150.00000      -   351  350s
  3707  2442  150.00000   50  324          -  150.00000      -   353  355s
  3772  2495  150.00000   53  295          -  150.00000      -   355  360s
  3823  2540  150.00000   82  413          -  150.00000      -   355  365s
  3900  2603  150.00000   74  340          -  150.00000      -   355  370s
  3958  2647  150.00000   58  323          -  150.00000      -   355  375s
  4000  2677  150.00000   38  329          -  150.00000      -   356  380s
  4075  2752  150.00000   82  420          -  150.00000      -   356  385s
  4119  2788  150.00000  104  423          -  150.00000      -   357  390s
  4139  2798 infeasible  113               -  150.00000      -   359  395s
  4165  2808  150.00000   50  301          -  150.00000      -   360  400s
  4224  2867  150.00000   80  322          -  150.00000      -   360  405s
  4292  2903  150.00000   63  344          -  150.00000      -   360  410s
  4294  2905  150.00000   64  400          -  150.00000      -   360  418s
  4303  2906 infeasible   67               -  150.00000      -   361  420s
  4347  2940  150.00000   52  312          -  150.00000      -   362  425s
  4418  3001  150.00000   80  362          -  150.00000      -   362  430s
  4476  3033  150.00000   71  292          -  150.00000      -   362  435s
  4538  3085  150.00000  102  356          -  150.00000      -   363  440s
  4565  3104 infeasible  110               -  150.00000      -   366  445s
  4587  3104  149.67008  117  478          -  150.00000      -   368  450s
  4646  3145 infeasible   70               -  150.00000      -   369  455s
  4679  3166  150.00000   86  443          -  150.00000      -   371  460s
  4747  3206  150.00000   72  330          -  150.00000      -   370  465s
  4791  3242  150.00000   92  389          -  150.00000      -   373  470s
  4884  3309  150.00000   76  280          -  150.00000      -   372  475s
  4949  3364  150.00000  107  376          -  150.00000      -   374  480s
  5022  3415  150.00000   65  408          -  150.00000      -   375  485s
  5123  3502 infeasible   95               -  150.00000      -   375  490s
  5220  3569 infeasible   85               -  150.00000      -   375  495s
  5310  3639  150.00000   91  357          -  150.00000      -   376  500s
  5372  3667  150.00000   57  312          -  150.00000      -   379  505s
  5484  3763 infeasible  104               -  150.00000      -   379  510s
  5586  3853  150.00000   96  323          -  150.00000      -   379  515s
  5688  3913  150.00000   94  362          -  150.00000      -   380  520s
  5744  3945  150.00000   94  369          -  150.00000      -   381  529s
  5760  3953  150.00000  102  403          -  150.00000      -   381  530s
  5828  3997  149.58181  121  516          -  150.00000      -   382  535s
  5914  4069 infeasible   91               -  150.00000      -   383  540s
  5973  4102  150.00000   69  297          -  150.00000      -   384  545s
  6088  4183  150.00000   54  333          -  150.00000      -   384  550s
  6175  4260  150.00000   97  394          -  150.00000      -   385  555s
  6228  4271 infeasible   81               -  150.00000      -   387  560s
  6328  4337  150.00000   64  338          -  150.00000      -   388  565s
  6395  4372  150.00000   80  275          -  150.00000      -   389  570s
  6428  4373  146.85379   78  448          -  150.00000      -   392  575s
  6485  4406  150.00000   89  415          -  150.00000      -   392  580s
  6502  4409 infeasible   96               -  150.00000      -   393  585s
  6578  4475  150.00000   82  378          -  150.00000      -   394  590s
  6626  4507  150.00000  106  392          -  150.00000      -   395  595s
  6687  4550 infeasible   65               -  150.00000      -   396  600s
  6747  4600  150.00000   92  385          -  150.00000      -   396  605s
  6830  4641  150.00000   69  279          -  150.00000      -   396  610s
  6918  4715  150.00000  120  353          -  150.00000      -   395  615s
  6942  4727 infeasible  128               -  150.00000      -   397  620s
  7062  4811  150.00000   94  322          -  150.00000      -   396  625s
  7135  4862 infeasible   81               -  150.00000      -   396  630s
  7196  4913  150.00000  110  349          -  150.00000      -   397  635s
  7200  4917  150.00000  112  454          -  150.00000      -   398  641s
  7218  4934  147.48962  116  435          -  150.00000      -   399  645s
  7322  5014  150.00000   95  441          -  150.00000      -   398  650s
  7399  5067  150.00000   43  387          -  150.00000      -   399  655s
  7484  5148  150.00000   93  473          -  150.00000      -   399  660s
  7522  5160  149.29675  105  439          -  150.00000      -   401  665s
  7629  5237  150.00000   91  375          -  150.00000      -   400  670s
  7706  5294  150.00000   81  359          -  150.00000      -   400  675s
  7824  5376  150.00000   95  412          -  150.00000      -   400  680s
  7911  5417 infeasible   91               -  150.00000      -   401  685s
  8039  5513 infeasible   81               -  150.00000      -   401  690s
  8156  5598  150.00000   90  349          -  150.00000      -   402  695s
  8212  5634 infeasible  109               -  150.00000      -   404  700s
  8254  5636 infeasible   86               -  150.00000      -   406  705s
  8334  5664  150.00000   65  328          -  150.00000      -   407  710s
  8442  5748  150.00000   92  359          -  150.00000      -   408  715s
  8538  5822  150.00000   95  356          -  150.00000      -   409  720s
  8625  5881  150.00000  128  402          -  150.00000      -   409  725s
  8705  5913  150.00000   70  379          -  150.00000      -   411  730s
  8795  5969  150.00000   66  390          -  150.00000      -   411  735s
  8877  6017  150.00000   85  422          -  150.00000      -   411  740s
  8900  6028  150.00000   62  279          -  150.00000      -   412  746s
  8974  6082 infeasible   93               -  150.00000      -   413  750s
  9069  6131  150.00000   61  297          -  150.00000      -   413  755s
  9200  6230 infeasible   90               -  150.00000      -   412  760s
  9318  6314  150.00000   89  300          -  150.00000      -   412  765s
  9398  6366  150.00000   83  306          -  150.00000      -   413  770s
  9497  6429  150.00000   71  303          -  150.00000      -   413  775s
  9581  6459 infeasible   82               -  150.00000      -   414  780s
  9658  6528  149.98830  101  474          -  150.00000      -   414  785s
  9712  6558  150.00000   80  335          -  150.00000      -   415  790s
  9794  6588 infeasible   83               -  150.00000      -   416  795s
  9896  6654 infeasible   95               -  150.00000      -   416  800s
  9985  6691  150.00000   69  297          -  150.00000      -   416  805s
 10077  6757  150.00000   78  321          -  150.00000      -   416  810s
 10141  6797  150.00000   99  328          -  150.00000      -   417  815s
 10192  6826  150.00000   87  385          -  150.00000      -   418  820s
 10202  6824  150.00000   64  314          -  150.00000      -   418  931s
 10269  6885  150.00000   98  378          -  150.00000      -   418  944s
 10271  6883 infeasible   99               -  150.00000      -   418  945s
 10332  6928  150.00000   91  321          -  150.00000      -   418  950s
 10394  6970  150.00000   92  376          -  150.00000      -   419  955s
 10436  6982  150.00000   78  300          -  150.00000      -   419  960s
 10518  7022 infeasible   66               -  150.00000      -   419  965s
 10589  7059  150.00000   78  442          -  150.00000      -   420  970s
 10635  7055 infeasible   86               -  150.00000      -   421  975s
 10702  7086  150.00000   66  361          -  150.00000      -   421  980s
 10790  7124 infeasible   88               -  150.00000      -   422  985s
 10869  7183  150.00000   75  338          -  150.00000      -   422  990s
 10934  7210 infeasible   72               -  150.00000      -   423  995s
 11009  7255  150.00000   88  427          -  150.00000      -   423 1000s
 11092  7306  149.99855   82  462          -  150.00000      -   423 1005s
 11188  7370  150.00000   98  335          -  150.00000      -   423 1010s
 11241  7399 infeasible   88               -  150.00000      -   424 1015s
 11286  7428  150.00000   83  314          -  150.00000      -   425 1020s
 11321  7443  150.00000   93  413          -  150.00000      -   426 1025s
 11377  7481  150.00000   92  369          -  150.00000      -   426 1030s
 11423  7499  150.00000   74  273          -  150.00000      -   427 1035s
 11494  7542 infeasible   97               -  150.00000      -   427 1040s
 11598  7600 infeasible   91               -  150.00000      -   427 1045s
 11665  7629  150.00000   67  251          -  150.00000      -   428 1050s
 11723  7663  150.00000   65  302          -  150.00000      -   429 1055s
 11796  7696 infeasible   85               -  150.00000      -   429 1060s
 11868  7722  150.00000   69  346          -  150.00000      -   430 1065s
 11937  7765 infeasible   81               -  150.00000      -   430 1070s
 12006  7806  150.00000   84  276          -  150.00000      -   432 1075s
 12075  7825 infeasible   76               -  150.00000      -   433 1080s
 12134  7854  150.00000   81  308          -  150.00000      -   434 1085s
 12206  7884  150.00000   90  346          -  150.00000      -   434 1090s
 12278  7904  150.00000   91  357          -  150.00000      -   435 1095s
 12359  7937 infeasible   79               -  150.00000      -   436 1100s
 12431  7953 infeasible   84               -  150.00000      -   437 1105s
 12506  7976 infeasible   71               -  150.00000      -   438 1110s
 12590  8028  150.00000   75  267          -  150.00000      -   439 1115s
 12643  8053  150.00000   80  307          -  150.00000      -   439 1127s
 12676  8064  150.00000   87  363          -  150.00000      -   440 1130s
 12740  8088  150.00000   73  306          -  150.00000      -   440 1135s
 12812  8118  150.00000   87  405          -  150.00000      -   441 1140s
 12878  8136 infeasible   85               -  150.00000      -   441 1145s
 12967  8189  150.00000   76  373          -  150.00000      -   441 1150s
 13044  8228 infeasible   84               -  150.00000      -   442 1155s
 13117  8265 infeasible   95               -  150.00000      -   442 1160s
 13208  8322  150.00000   90  376          -  150.00000      -   441 1165s
 13305  8377  150.00000   68  311          -  150.00000      -   441 1170s
 13384  8436  150.00000   69  289          -  150.00000      -   441 1175s
 13448  8484  150.00000   85  370          -  150.00000      -   441 1180s
 13528  8538  150.00000   78  344          -  150.00000      -   441 1185s
 13582  8570  150.00000   67  275          -  150.00000      -   442 1190s
 13636  8608 infeasible   92               -  150.00000      -   443 1195s
 13693  8657  150.00000   94  390          -  150.00000      -   443 1200s
 13776  8708  150.00000   78  318          -  150.00000      -   443 1205s
 13850  8766 infeasible   98               -  150.00000      -   443 1210s
 13898  8784 infeasible   80               -  150.00000      -   444 1215s
 13993  8857  150.00000   93  316          -  150.00000      -   443 1220s
 14047  8871  150.00000   85  295          -  150.00000      -   444 1225s
 14093  8891  150.00000   81  347          -  150.00000      -   445 1230s
 14137  8915 infeasible   93               -  150.00000      -   446 1235s
 14168  8916  149.82739   96  457          -  150.00000      -   447 1240s
 14213  8939  150.00000   83  344          -  150.00000      -   448 1245s
 14248  8960 infeasible   98               -  150.00000      -   449 1250s
 14311  8995 infeasible  105               -  150.00000      -   449 1255s
 14395  9063  150.00000   98  376          -  150.00000      -   448 1260s
 14469  9109  150.00000   86  345          -  150.00000      -   448 1265s
 14549  9149 infeasible   88               -  150.00000      -   448 1270s
 14660  9228  150.00000   98  286          -  150.00000      -   449 1275s
 14752  9270  150.00000   55  233          -  150.00000      -   449 1280s
 14860  9346  150.00000   91  371          -  150.00000      -   449 1285s
 14875  9343  150.00000   52  291          -  150.00000      -   449 1293s
 14942  9408  150.00000   90  360          -  150.00000      -   448 1295s
 15024  9460 infeasible   77               -  150.00000      -   449 1300s
 15119  9499  150.00000   70  240          -  150.00000      -   449 1305s
 15209  9563  150.00000   64  329          -  150.00000      -   449 1310s
 15315  9641  150.00000   49  372          -  150.00000      -   448 1315s
 15373  9689  150.00000   78  327          -  150.00000      -   449 1320s
 15440  9734 infeasible  104               -  150.00000      -   449 1325s
 15538  9798  150.00000   84  339          -  150.00000      -   449 1330s
 15610  9830  150.00000   56  308          -  150.00000      -   450 1335s
 15683  9871  150.00000   80  338          -  150.00000      -   450 1340s
 15772  9914 infeasible  106               -  150.00000      -   451 1345s
 15830  9950 infeasible   86               -  150.00000      -   451 1350s
 15924 10032  150.00000   89  327          -  150.00000      -   451 1355s
 15996 10066  150.00000   65  403          -  150.00000      -   451 1360s
 16114 10158  150.00000   90  371          -  150.00000      -   450 1365s
 16200 10222  150.00000   83  338          -  150.00000      -   450 1370s
 16268 10252 infeasible   98               -  150.00000      -   450 1375s
 16361 10293 infeasible   79               -  150.00000      -   451 1380s
 16473 10373 infeasible   81               -  150.00000      -   450 1385s
 16565 10425  150.00000   54  287          -  150.00000      -   451 1390s
 16684 10534  150.00000   97  345          -  150.00000      -   450 1395s
 16735 10575  150.00000  104  381          -  150.00000      -   451 1400s
 16800 10588  150.00000   57  304          -  150.00000      -   451 1405s
 16901 10643 infeasible   85               -  150.00000      -   451 1410s
 17012 10712  150.00000   89  335          -  150.00000      -   450 1415s
 17059 10737  150.00000   66  254          -  150.00000      -   450 1422s
 17103 10759  150.00000   64  361          -  150.00000      -   450 1425s
 17169 10785 infeasible   62               -  150.00000      -   451 1430s
 17211 10787  150.00000   77  357          -  150.00000      -   451 1435s
 17271 10821 infeasible   66               -  150.00000      -   452 1440s
 17383 10897  150.00000   76  279          -  150.00000      -   452 1445s
 17441 10939 infeasible   97               -  150.00000      -   452 1450s
 17499 10963 infeasible   89               -  150.00000      -   452 1455s
 17558 11000  150.00000   83  350          -  150.00000      -   452 1460s
 17621 11049  150.00000   87  331          -  150.00000      -   452 1465s
 17655 11057  150.00000   66  254          -  150.00000      -   453 1470s
 17712 11074 infeasible   82               -  150.00000      -   453 1475s
 17769 11101 infeasible   81               -  150.00000      -   453 1480s
 17823 11133  150.00000   68  278          -  150.00000      -   453 1485s
 17904 11200  150.00000   66  319          -  150.00000      -   453 1490s
 17950 11208  150.00000   53  344          -  150.00000      -   453 1495s
 18030 11284  150.00000  103  367          -  150.00000      -   453 1500s
 18068 11304  150.00000  119  470          -  150.00000      -   454 1505s
 18121 11321  150.00000   83  424          -  150.00000      -   454 1510s
 18174 11356  150.00000   87  270          -  150.00000      -   454 1515s
 18225 11377  150.00000   72  262          -  150.00000      -   454 1520s
 18287 11395  150.00000   80  344          -  150.00000      -   454 1525s
 18352 11450  150.00000   97  404          -  150.00000      -   454 1530s
 18431 11487  150.00000   70  348          -  150.00000      -   454 1535s
 18496 11514  150.00000   69  304          -  150.00000      -   454 1540s
 18568 11550 infeasible   89               -  150.00000      -   454 1545s
 18605 11559  148.00771  101  501          -  150.00000      -   454 1550s
 18680 11616 infeasible   93               -  150.00000      -   454 1555s
 18696 11620  150.00000  100  389          -  150.00000      -   454 1567s
 18743 11653 infeasible   79               -  150.00000      -   454 1570s
 18819 11699  150.00000   59  289          -  150.00000      -   455 1575s
 18901 11763 infeasible  103               -  150.00000      -   454 1580s
 18958 11786 infeasible   90               -  150.00000      -   454 1585s
 19029 11821 infeasible   80               -  150.00000      -   455 1590s
 19106 11882  150.00000   81  436          -  150.00000      -   454 1595s
 19169 11935  150.00000   86  410          -  150.00000      -   455 1600s
 19247 11975  150.00000   92  296          -  150.00000      -   455 1605s
 19328 12018 infeasible   79               -  150.00000      -   455 1610s
 19385 12055 infeasible   75               -  150.00000      -   455 1615s
 19422 12076 infeasible   92               -  150.00000      -   456 1620s
 19483 12113  150.00000   73  355          -  150.00000      -   456 1625s
 19542 12140  150.00000   76  296          -  150.00000      -   456 1630s
 19624 12196  150.00000   92  341          -  150.00000      -   456 1635s
 19696 12250  150.00000   88  365          -  150.00000      -   456 1640s
 19747 12257 infeasible   77               -  150.00000      -   456 1645s
 19817 12279  150.00000   90  441          -  150.00000      -   457 1650s
 19892 12318 infeasible   81               -  150.00000      -   457 1655s
 19948 12338 infeasible  105               -  150.00000      -   457 1660s
 20020 12400  149.93965   78  397          -  150.00000      -   457 1665s
 20095 12431  150.00000   67  370          -  150.00000      -   457 1670s
 20167 12481 infeasible   98               -  150.00000      -   457 1675s
 20243 12541  150.00000   85  421          -  150.00000      -   457 1680s
 20280 12560  149.49937   79  340          -  150.00000      -   458 1685s
 20358 12604 infeasible   93               -  150.00000      -   458 1690s
 20428 12648  150.00000   76  336          -  150.00000      -   458 1695s
 20497 12693  150.00000   92  393          -  150.00000      -   458 1700s
 20567 12717 infeasible   81               -  150.00000      -   458 1705s
 20621 12739 infeasible   97               -  150.00000      -   459 1710s
 20665 12771  150.00000  100  348          -  150.00000      -   459 1715s
 20689 12777 infeasible  103               -  150.00000      -   460 1720s
 20749 12787 infeasible   80               -  150.00000      -   460 1725s
 20799 12787  150.00000   83  432          -  150.00000      -   460 1730s
 20861 12809  150.00000   85  375          -  150.00000      -   460 1735s
 20932 12836  150.00000   83  250          -  150.00000      -   460 1740s
 21004 12868 infeasible   84               -  150.00000      -   460 1745s
 21083 12905  150.00000   80  246          -  150.00000      -   461 1750s
 21126 12918  150.00000   76  330          -  150.00000      -   461 1755s
 21205 12957  150.00000   75  338          -  150.00000      -   461 1760s
 21272 12986  150.00000   90  387          -  150.00000      -   461 1765s
 21350 13022  150.00000   90  357          -  150.00000      -   460 1770s
 21421 13065 infeasible   88               -  150.00000      -   460 1775s
 21493 13085 infeasible   78               -  150.00000      -   460 1780s
 21566 13114 infeasible   91               -  150.00000      -   460 1785s
 21587 13119  150.00000   60  280          -  150.00000      -   460 1804s
 21590 13120  150.00000   62  293          -  150.00000      -   460 1805s
 21692 13186  150.00000   74  266          -  150.00000      -   460 1810s
 21747 13221  150.00000   48  430          -  150.00000      -   460 1815s
 21806 13268 infeasible   84               -  150.00000      -   459 1820s
 21861 13297  150.00000   51  312          -  150.00000      -   460 1825s
 21951 13363 infeasible  102               -  150.00000      -   459 1830s
 22017 13397  149.71828  101  523          -  150.00000      -   459 1835s
 22136 13486  150.00000   86  289          -  150.00000      -   459 1840s
 22232 13534  150.00000   61  333          -  150.00000      -   459 1845s
 22314 13590 infeasible   81               -  150.00000      -   459 1850s
 22366 13610  150.00000   60  319          -  150.00000      -   459 1855s
 22463 13671  150.00000   57  310          -  150.00000      -   459 1860s
 22579 13751 infeasible   95               -  150.00000      -   458 1865s
 22636 13786  150.00000   81  357          -  150.00000      -   459 1870s
 22698 13812  150.00000   77  294          -  150.00000      -   459 1875s
 22762 13852  150.00000   87  323          -  150.00000      -   459 1880s
 22849 13907  150.00000   72  322          -  150.00000      -   459 1885s
 22911 13945  150.00000   71  329          -  150.00000      -   459 1890s
 22960 13974  150.00000   69  313          -  150.00000      -   459 1895s
 22996 13980 infeasible   84               -  150.00000      -   459 1900s
 23040 13984  150.00000   51  312          -  150.00000      -   460 1905s
 23111 14039 infeasible   83               -  150.00000      -   460 1910s
 23130 14040 infeasible   92               -  150.00000      -   460 1915s
 23199 14085 infeasible   71               -  150.00000      -   460 1920s
 23248 14108  150.00000   86  394          -  150.00000      -   460 1925s
 23281 14122  150.00000   59  256          -  150.00000      -   461 1930s
 23370 14189  150.00000   80  400          -  150.00000      -   460 1935s
 23437 14236  150.00000   67  372          -  150.00000      -   460 1940s
 23497 14274 infeasible   93               -  150.00000      -   460 1945s
 23554 14309  150.00000   84  329          -  150.00000      -   461 1950s
 23611 14344  150.00000   60  320          -  150.00000      -   461 1955s
 23668 14387  150.00000   69  311          -  150.00000      -   461 1960s
 23779 14466 infeasible   86               -  150.00000      -   461 1965s
 23866 14493  150.00000   60  242          -  150.00000      -   461 1970s
 24003 14580  150.00000   97  389          -  150.00000      -   460 1975s
 24088 14625  150.00000   81  308          -  150.00000      -   460 1980s
 24177 14692  150.00000   69  255          -  150.00000      -   460 1985s
 24227 14718  150.00000   95  516          -  150.00000      -   461 1990s
 24330 14799 infeasible   95               -  150.00000      -   461 1995s
 24427 14866 infeasible  100               -  150.00000      -   461 2000s
 24515 14910  150.00000   77  302          -  150.00000      -   461 2005s
 24612 14965  150.00000   99  427          -  150.00000      -   461 2010s
 24700 15011 infeasible   78               -  150.00000      -   461 2015s
 24776 15063  150.00000   99  397          -  150.00000      -   461 2020s
 24859 15100  150.00000   98  453          -  150.00000      -   462 2025s
 24923 15118  150.00000   88  436          -  150.00000      -   462 2030s
 24988 15127  150.00000   75  411          -  150.00000      -   463 2035s
 25058 15177  150.00000   96  408          -  150.00000      -   463 2040s
 25160 15239 infeasible   99               -  150.00000      -   463 2045s
 25225 15258  150.00000   78  309          -  150.00000      -   463 2050s
 25311 15302 infeasible   97               -  150.00000      -   464 2055s
 25364 15307  150.00000   98  430          -  150.00000      -   465 2060s
 25403 15308  150.00000   66  239          -  150.00000      -   465 2074s
 25426 15329  150.00000   82  271          -  150.00000      -   465 2075s
 25515 15394  150.00000   95  388          -  150.00000      -   465 2080s
 25603 15430 infeasible   71               -  150.00000      -   466 2085s
 25694 15485 infeasible   77               -  150.00000      -   466 2090s
 25773 15514  150.00000   81  374          -  150.00000      -   466 2095s
 25832 15545  150.00000   84  227          -  150.00000      -   467 2100s
 25913 15598  149.61235  102  437          -  150.00000      -   467 2105s
 25967 15606 infeasible   97               -  150.00000      -   467 2110s
 26019 15634  150.00000   96  331          -  150.00000      -   467 2115s
 26076 15663 infeasible   89               -  150.00000      -   468 2120s
 26125 15674  150.00000   88  336          -  150.00000      -   468 2125s
 26168 15695 infeasible   98               -  150.00000      -   468 2130s
 26205 15700  150.00000   97  397          -  150.00000      -   468 2135s
 26253 15708  150.00000   72  362          -  150.00000      -   469 2140s
 26320 15751 infeasible   98               -  150.00000      -   469 2145s
 26387 15786  150.00000   91  310          -  150.00000      -   470 2150s
 26441 15812 infeasible   97               -  150.00000      -   470 2155s
 26527 15874  150.00000   97  334          -  150.00000      -   470 2160s
 26586 15898 infeasible   75               -  150.00000      -   471 2165s
 26689 15971 infeasible   79               -  150.00000      -   470 2170s
 26789 16023  150.00000   70  326          -  150.00000      -   470 2175s
 26876 16070  150.00000   71  400          -  150.00000      -   470 2180s
 26929 16099  150.00000   90  339          -  150.00000      -   471 2185s
 26998 16124  150.00000   97  377          -  150.00000      -   471 2190s
 27072 16146  150.00000   77  411          -  150.00000      -   472 2195s
 27116 16166 infeasible   95               -  150.00000      -   472 2200s
 27180 16199 infeasible  100               -  150.00000      -   472 2205s
 27245 16226 infeasible   89               -  150.00000      -   473 2210s
 27313 16242  150.00000   78  342          -  150.00000      -   473 2215s
 27366 16265 infeasible   92               -  150.00000      -   473 2220s
 27445 16298  150.00000   85  297          -  150.00000      -   473 2225s
 27511 16324 infeasible   85               -  150.00000      -   474 2230s
 27575 16332  150.00000   95  364          -  150.00000      -   474 2235s
 27657 16372  150.00000   93  318          -  150.00000      -   474 2240s
 27739 16394 infeasible   85               -  150.00000      -   475 2245s
 27819 16414  150.00000   70  295          -  150.00000      -   475 2250s
 27890 16451 infeasible   93               -  150.00000      -   475 2255s
 27987 16492 infeasible   72               -  150.00000      -   475 2260s
 28038 16513  150.00000   96  329          -  150.00000      -   475 2265s
 28063 16520 infeasible  104               -  150.00000      -   476 2270s
 28101 16530 infeasible   94               -  150.00000      -   476 2275s
 28147 16546  150.00000  106  396          -  150.00000      -   477 2280s
 28196 16553  150.00000   71  297          -  150.00000      -   477 2285s
 28243 16578 infeasible   92               -  150.00000      -   478 2290s
 28245 16578  150.00000   93  344          -  150.00000      -   478 2306s
 28265 16582 infeasible   99               -  150.00000      -   478 2310s
 28307 16586  150.00000   83  317          -  150.00000      -   478 2315s
 28363 16618 infeasible  107               -  150.00000      -   478 2320s
 28418 16639 infeasible   94               -  150.00000      -   478 2325s
 28496 16683  150.00000   98  434          -  150.00000      -   479 2330s
 28546 16707 infeasible   95               -  150.00000      -   479 2335s
 28600 16737 infeasible  103               -  150.00000      -   479 2340s
 28636 16749  150.00000   78  356          -  150.00000      -   480 2345s
 28692 16781  150.00000   85  274          -  150.00000      -   480 2350s
 28744 16813 infeasible  105               -  150.00000      -   480 2355s
 28787 16840 infeasible   93               -  150.00000      -   480 2360s
 28832 16843 infeasible  103               -  150.00000      -   481 2365s
 28890 16867 infeasible   98               -  150.00000      -   481 2370s
 28958 16897 infeasible  101               -  150.00000      -   481 2375s
 29017 16920  150.00000   90  311          -  150.00000      -   482 2380s
 29046 16927  150.00000   90  427          -  150.00000      -   482 2385s
 29098 16951 infeasible   89               -  150.00000      -   482 2390s
 29154 16971  150.00000   85  308          -  150.00000      -   483 2395s
 29229 17006  150.00000   91  303          -  150.00000      -   483 2400s
 29309 17056  150.00000   73  326          -  150.00000      -   483 2405s
 29377 17112 infeasible   99               -  150.00000      -   483 2410s
 29453 17170  150.00000   97  303          -  150.00000      -   483 2415s
 29500 17191  150.00000   74  393          -  150.00000      -   483 2420s
 29535 17214  150.00000   90  498          -  150.00000      -   483 2425s
 29579 17235  150.00000   97  283          -  150.00000      -   484 2430s
 29631 17259  150.00000  112  406          -  150.00000      -   484 2435s
 29711 17307  150.00000   86  329          -  150.00000      -   484 2440s
 29769 17341 infeasible   97               -  150.00000      -   484 2445s
 29792 17342 infeasible   92               -  150.00000      -   484 2450s
 29850 17388  149.72028   93  480          -  150.00000      -   485 2455s
 29906 17420  150.00000   95  337          -  150.00000      -   485 2460s
 29944 17420 infeasible   86               -  150.00000      -   485 2465s
 29992 17430 infeasible   86               -  150.00000      -   485 2470s
 30064 17452 infeasible   78               -  150.00000      -   485 2475s
 30119 17491 infeasible   75               -  150.00000      -   485 2480s
 30225 17569  150.00000   84  334          -  150.00000      -   484 2485s
 30282 17596  150.00000   76  327          -  150.00000      -   485 2490s
 30339 17629  150.00000   74  435          -  150.00000      -   485 2495s
 30399 17665  150.00000   80  378          -  150.00000      -   485 2500s
 30434 17684  150.00000   97  359          -  150.00000      -   485 2505s
 30520 17734  150.00000   71  272          -  150.00000      -   485 2510s
 30588 17780  150.00000   78  403          -  150.00000      -   485 2515s
 30646 17812  150.00000   73  311          -  150.00000      -   485 2520s
 30707 17849  150.00000   95  385          -  150.00000      -   485 2525s
 30756 17876 infeasible   92               -  150.00000      -   486 2530s
 30839 17927 infeasible   99               -  150.00000      -   486 2535s
 30906 17966  150.00000   65  249          -  150.00000      -   486 2540s
 31013 18039  149.64095   98  435          -  150.00000      -   486 2545s
 31085 18087 infeasible   92               -  150.00000      -   486 2550s
 31152 18132  150.00000   91  439          -  150.00000      -   486 2555s
 31205 18151 infeasible   89               -  150.00000      -   486 2560s
 31247 18161 infeasible   96               -  150.00000      -   487 2565s
 31330 18182 infeasible   73               -  150.00000      -   487 2570s
 31430 18246  150.00000  102  315          -  150.00000      -   486 2575s
 31502 18292 infeasible   93               -  150.00000      -   486 2580s
 31533 18311  150.00000  101  410          -  150.00000      -   487 2585s
 31597 18357  150.00000   87  347          -  150.00000      -   487 2590s
 31681 18411  150.00000   70  324          -  150.00000      -   487 2595s
 31754 18458  150.00000   76  350          -  150.00000      -   486 2600s
 31808 18492 infeasible  100               -  150.00000      -   487 2605s
 31937 18567 infeasible   97               -  150.00000      -   486 2610s
 32002 18604  150.00000   84  286          -  150.00000      -   486 2615s
 32067 18641 infeasible   98               -  150.00000      -   486 2620s
 32159 18681 infeasible   77               -  150.00000      -   487 2625s
 32213 18717  150.00000   98  297          -  150.00000      -   487 2643s
 32229 18713  150.00000   67  300          -  150.00000      -   487 2645s
 32280 18740  149.98461   92  442          -  150.00000      -   487 2650s
 32383 18813 infeasible   81               -  150.00000      -   486 2655s
 32426 18846  150.00000   79  389          -  150.00000      -   486 2660s
 32488 18904  150.00000  117  359          -  150.00000      -   486 2665s
 32513 18917  147.12297  129  463          -  150.00000      -   486 2670s
 32579 18971  150.00000   83  359          -  150.00000      -   486 2675s
 32664 19028  150.00000   53  269          -  150.00000      -   486 2680s
 32743 19083 infeasible   81               -  150.00000      -   486 2685s
 32817 19129  150.00000   63  313          -  150.00000      -   485 2690s
 32891 19181 infeasible   95               -  150.00000      -   485 2695s
 32965 19223  150.00000   90  376          -  150.00000      -   485 2700s
 33024 19252  150.00000   66  300          -  150.00000      -   485 2705s
 33095 19305  150.00000   79  329          -  150.00000      -   485 2710s
 33162 19346 infeasible   80               -  150.00000      -   485 2715s
 33256 19418  150.00000   79  328          -  150.00000      -   485 2720s
 33343 19471  150.00000   78  307          -  150.00000      -   485 2725s
 33380 19490  150.00000   92  376          -  150.00000      -   485 2730s
 33463 19549  150.00000   88  296          -  150.00000      -   485 2735s
 33529 19589 infeasible  118               -  150.00000      -   485 2740s
 33595 19629 infeasible   97               -  150.00000      -   485 2745s
 33641 19643  150.00000   78  390          -  150.00000      -   485 2750s
 33710 19692  150.00000   97  373          -  150.00000      -   485 2755s
 33791 19747 infeasible  105               -  150.00000      -   485 2760s
 33844 19780  150.00000   99  405          -  150.00000      -   486 2765s
 33899 19815  150.00000   91  328          -  150.00000      -   486 2770s
 33948 19850 infeasible  108               -  150.00000      -   486 2775s
 33985 19861 infeasible   90               -  150.00000      -   486 2780s
 34044 19906  150.00000  103  344          -  150.00000      -   486 2785s
 34111 19957  150.00000   95  341          -  150.00000      -   486 2790s
 34171 19991 infeasible  122               -  150.00000      -   486 2795s
 34242 20034  150.00000   90  319          -  150.00000      -   486 2800s
 34305 20061 infeasible   97               -  150.00000      -   486 2805s
 34344 20074 infeasible   90               -  150.00000      -   486 2810s
 34406 20110 infeasible   95               -  150.00000      -   486 2815s
 34458 20130 infeasible   86               -  150.00000      -   486 2820s
 34515 20145 infeasible   89               -  150.00000      -   486 2825s
 34566 20156 infeasible   96               -  150.00000      -   487 2830s
 34604 20156 infeasible   86               -  150.00000      -   487 2835s
 34676 20188 infeasible   92               -  150.00000      -   487 2840s
 34741 20215 infeasible   82               -  150.00000      -   487 2845s
 34800 20250 infeasible  101               -  150.00000      -   487 2850s
 34852 20262  150.00000   86  361          -  150.00000      -   488 2855s
 34914 20278  150.00000   87  381          -  150.00000      -   488 2860s
 34955 20291  150.00000   95  417          -  150.00000      -   488 2865s
 35055 20373  150.00000  115  380          -  150.00000      -   488 2870s
 35097 20385  150.00000   87  295          -  150.00000      -   488 2875s
 35154 20418  150.00000   84  308          -  150.00000      -   488 2880s
 35244 20468 infeasible  101               -  150.00000      -   488 2885s
 35282 20480  150.00000   71  362          -  150.00000      -   488 2890s
 35333 20493 infeasible   96               -  150.00000      -   488 2895s
 35377 20497 infeasible   76               -  150.00000      -   488 2900s
 35428 20508  150.00000   91  363          -  150.00000      -   488 2905s
 35481 20529  150.00000   66  251          -  150.00000      -   489 2910s
 35529 20535 infeasible   67               -  150.00000      -   489 2915s
 35606 20582  150.00000   64  284          -  150.00000      -   489 2920s
 35705 20605  150.00000   57  299          -  150.00000      -   488 2925s
 35782 20656 infeasible   71               -  150.00000      -   488 2930s
 35858 20704  150.00000   93  328          -  150.00000      -   488 2935s
 35906 20730  150.00000   82  368          -  150.00000      -   488 2940s
 35930 20732 infeasible   68               -  150.00000      -   489 2945s
 35986 20760 infeasible   77               -  150.00000      -   489 2950s
 36045 20795  150.00000   77  291          -  150.00000      -   489 2955s
 36117 20835 infeasible   90               -  150.00000      -   489 2960s
 36173 20859 infeasible   74               -  150.00000      -   489 2965s
 36225 20888 infeasible   80               -  150.00000      -   489 2970s
 36274 20909  150.00000   66  261          -  150.00000      -   489 2991s
 36307 20928 infeasible   83               -  150.00000      -   489 2995s
 36344 20943 infeasible   80               -  150.00000      -   489 3000s
 36394 20973  150.00000   86  404          -  150.00000      -   490 3005s
 36427 20980 infeasible   78               -  150.00000      -   490 3010s
 36530 21043  150.00000   79  327          -  150.00000      -   490 3015s
 36594 21071 infeasible   66               -  150.00000      -   490 3020s
 36656 21095 infeasible   91               -  150.00000      -   490 3025s
 36728 21135  150.00000   93  371          -  150.00000      -   490 3030s
 36768 21151 infeasible   99               -  150.00000      -   490 3035s
 36833 21178 infeasible  101               -  150.00000      -   490 3040s
 36873 21182 infeasible  101               -  150.00000      -   490 3045s
 36917 21192 infeasible   92               -  150.00000      -   491 3050s
 36967 21202 infeasible   87               -  150.00000      -   491 3055s
 37026 21221  150.00000   94  407          -  150.00000      -   491 3060s
 37096 21231 infeasible   90               -  150.00000      -   492 3065s
 37138 21227 infeasible   91               -  150.00000      -   492 3070s
 37212 21251  150.00000   92  257          -  150.00000      -   492 3075s
 37295 21302 infeasible   79               -  150.00000      -   492 3080s
 37381 21354 infeasible   83               -  150.00000      -   492 3085s
 37450 21407 infeasible  112               -  150.00000      -   492 3090s
 37503 21430  150.00000   72  305          -  150.00000      -   492 3095s
 37559 21472  150.00000   77  241          -  150.00000      -   492 3100s
 37623 21508  150.00000   79  361          -  150.00000      -   492 3105s
 37690 21551  150.00000   77  372          -  150.00000      -   492 3110s
 37749 21572  150.00000   80  274          -  150.00000      -   492 3115s
 37798 21593  150.00000   71  320          -  150.00000      -   492 3120s
 37866 21637  150.00000   72  312          -  150.00000      -   492 3125s
 37954 21699  150.00000   77  369          -  150.00000      -   492 3130s
 38004 21721 infeasible   90               -  150.00000      -   492 3135s
 38082 21777  150.00000   90  338          -  150.00000      -   492 3140s
 38172 21819 infeasible   93               -  150.00000      -   492 3145s
 38236 21849  150.00000   85  331          -  150.00000      -   492 3150s
 38295 21870 infeasible   89               -  150.00000      -   492 3155s
 38362 21917  150.00000  105  381          -  150.00000      -   492 3160s
 38446 21965  150.00000   85  270          -  150.00000      -   492 3165s
 38503 21990  150.00000   90  289          -  150.00000      -   492 3170s
 38551 22018  150.00000   98  375          -  150.00000      -   492 3175s
 38594 22041  150.00000   93  374          -  150.00000      -   493 3180s
 38629 22064  150.00000   97  398          -  150.00000      -   493 3185s
 38683 22086  150.00000   87  300          -  150.00000      -   493 3190s
 38734 22115  150.00000   93  352          -  150.00000      -   493 3195s
 38807 22142 infeasible   98               -  150.00000      -   493 3200s
 38869 22170  150.00000   96  357          -  150.00000      -   493 3205s
 38899 22172 infeasible   91               -  150.00000      -   494 3210s
 38930 22189 infeasible   95               -  150.00000      -   494 3215s
 38984 22225  150.00000   95  296          -  150.00000      -   494 3220s
 39044 22255 infeasible   93               -  150.00000      -   494 3225s
 39095 22286 infeasible   95               -  150.00000      -   494 3230s
 39143 22316 infeasible   97               -  150.00000      -   495 3235s
 39208 22347  150.00000   82  229          -  150.00000      -   495 3240s
 39248 22363  150.00000   90  465          -  150.00000      -   495 3245s
 39299 22372  150.00000   99  373          -  150.00000      -   496 3250s
 39337 22394  149.28182  103  484          -  150.00000      -   496 3255s
 39372 22385 infeasible   85               -  150.00000      -   496 3260s
 39442 22417 infeasible   93               -  150.00000      -   496 3265s
 39493 22432  150.00000   81  337          -  150.00000      -   496 3270s
 39524 22443  150.00000   89  354          -  150.00000      -   496 3290s
 39575 22470  150.00000   90  336          -  150.00000      -   496 3295s
 39627 22486  150.00000   89  324          -  150.00000      -   496 3300s
 39701 22522  150.00000   79  301          -  150.00000      -   496 3305s
 39749 22544  149.76151   98  432          -  150.00000      -   496 3310s
 39810 22571  150.00000   98  415          -  150.00000      -   496 3315s
 39858 22591 infeasible   94               -  150.00000      -   497 3320s
 39905 22594 infeasible  103               -  150.00000      -   497 3325s
 39952 22615 infeasible   94               -  150.00000      -   497 3330s
 40004 22617  150.00000   77  270          -  150.00000      -   497 3335s
 40068 22635  150.00000   76  267          -  150.00000      -   497 3340s
 40123 22670  150.00000  100  459          -  150.00000      -   497 3345s
 40174 22683 infeasible   89               -  150.00000      -   498 3350s
 40274 22747 infeasible  116               -  150.00000      -   497 3355s
 40321 22754 infeasible   86               -  150.00000      -   498 3360s
 40366 22769  150.00000   95  465          -  150.00000      -   498 3365s
 40412 22793 infeasible  100               -  150.00000      -   498 3370s
 40450 22803  150.00000   88  394          -  150.00000      -   498 3375s
 40513 22844  150.00000   94  365          -  150.00000      -   498 3380s
 40573 22888  150.00000  104  380          -  150.00000      -   498 3385s
 40622 22919  150.00000  106  336          -  150.00000      -   498 3390s
 40685 22954 infeasible  103               -  150.00000      -   498 3395s
 40718 22961 infeasible  105               -  150.00000      -   499 3400s
 40775 22984  150.00000   61  325          -  150.00000      -   498 3405s
 40832 23031  150.00000   89  383          -  150.00000      -   499 3410s
 40884 23053  150.00000   67  371          -  150.00000      -   499 3415s
 40976 23135  150.00000  121  388          -  150.00000      -   498 3420s
 41045 23180  150.00000   89  334          -  150.00000      -   498 3425s
 41109 23244  150.00000  131  478          -  150.00000      -   498 3430s
 41147 23258  150.00000   71  347          -  150.00000      -   498 3435s
 41216 23311  150.00000   70  327          -  150.00000      -   498 3440s
 41301 23396  150.00000  115  435          -  150.00000      -   498 3445s
 41333 23412 infeasible  123               -  150.00000      -   498 3450s
 41425 23476  150.00000   66  271          -  150.00000      -   497 3455s
 41511 23560  150.00000  113  333          -  150.00000      -   497 3460s
 41592 23623  150.00000   97  324          -  150.00000      -   497 3465s
 41624 23645 infeasible  116               -  150.00000      -   497 3470s
 41653 23658 infeasible  121               -  150.00000      -   497 3475s
 41733 23726  150.00000   97  344          -  150.00000      -   497 3480s
 41768 23741 infeasible  108               -  150.00000      -   497 3485s
 41858 23819 infeasible  114               -  150.00000      -   497 3490s
 41895 23838  150.00000   77  326          -  150.00000      -   497 3495s
 41949 23880  150.00000   99  461          -  150.00000      -   497 3500s
 41997 23912  150.00000   81  364          -  150.00000      -   497 3505s
 42073 23978  150.00000  114  370          -  150.00000      -   497 3510s
 42093 23982  150.00000   57  271          -  150.00000      -   498 3515s
 42186 24051  150.00000   66  341          -  150.00000      -   497 3520s
 42235 24088  142.25858   95  431          -  150.00000      -   497 3525s
 42255 24094  150.00000   60  341          -  150.00000      -   498 3530s
 42302 24133  150.00000   87  463          -  150.00000      -   498 3535s
 42351 24170  150.00000   84  425          -  150.00000      -   498 3540s
 42381 24196  150.00000  102  492          -  150.00000      -   498 3545s
 42437 24242  150.00000   91  324          -  150.00000      -   498 3550s
 42483 24276  150.00000  110  365          -  150.00000      -   498 3555s
 42531 24310  150.00000   75  398          -  150.00000      -   498 3560s
 42560 24327  150.00000   81  312          -  150.00000      -   498 3565s
 42596 24331 infeasible   95               -  150.00000      -   498 3570s
 42612 24343  150.00000   91  353          -  150.00000      -   498 3585s
 42660 24375 infeasible  110               -  150.00000      -   498 3590s
 42718 24401 infeasible   79               -  150.00000      -   498 3595s

Cutting planes:
  Flow cover: 4
  Zero half: 6
  RLT: 13
  BQP: 12

Explored 42795 nodes (21497570 simplex iterations) in 3600.00 seconds (3583.31 work units)
Thread count was 1 (of 8 available processors)

Solution count 0

Time limit reached
Best objective -, best bound 1.500000000000e+02, gap -
