
Gurobi 11.0.1 (win64) logging started Mon Apr  1 12:50:43 2024

Set parameter LogFile to value "C:\Projetos\Job_Rotation_Algorithms\Outputs\GurobiLogs\gurobi_log-output-73_ton-c106-BorbaRittModel-NoExtraConstraint-2.log"
Gurobi Optimizer version 11.0.1 build v11.0.1rc0 (win64 - Windows 10.0 (19045.2))

CPU model: 11th Gen Intel(R) Core(TM) i7-1165G7 @ 2.80GHz, instruction set [SSE2|AVX|AVX2|AVX512]
Thread count: 4 physical cores, 8 logical processors, using up to 1 threads


Gurobi 11.0.1 (win64) logging started Mon Apr  1 21:38:30 2024

Set parameter LogFile to value "C:\Projetos\Job_Rotation_Algorithms\Outputs\GurobiLogs\gurobi_log-output-73_ton-c106-BorbaRittModel-NoExtraConstraint-2.log"
Gurobi Optimizer version 11.0.1 build v11.0.1rc0 (win64 - Windows 10.0 (19045.2))

CPU model: 11th Gen Intel(R) Core(TM) i7-1165G7 @ 2.80GHz, instruction set [SSE2|AVX|AVX2|AVX512]
Thread count: 4 physical cores, 8 logical processors, using up to 1 threads


Gurobi 11.0.1 (win64) logging started Thu Apr  4 23:35:52 2024

Set parameter LogFile to value "C:\Projetos\Job_Rotation_Algorithms\Outputs\GurobiLogs\gurobi_log-output-73_ton-c106-BorbaRittModel-NoExtraConstraint-2.log"
Gurobi Optimizer version 11.0.1 build v11.0.1rc0 (win64 - Windows 10.0 (19045.2))

CPU model: 11th Gen Intel(R) Core(TM) i7-1165G7 @ 2.80GHz, instruction set [SSE2|AVX|AVX2|AVX512]
Thread count: 4 physical cores, 8 logical processors, using up to 1 threads


Gurobi 11.0.1 (win64) logging started Sat Apr  6 13:06:20 2024

Set parameter LogFile to value "C:\Projetos\Job_Rotation_Algorithms\Outputs\GurobiLogs\gurobi_log-output-73_ton-c106-BorbaRittModel-NoExtraConstraint-2.log"
Gurobi Optimizer version 11.0.1 build v11.0.1rc0 (win64 - Windows 10.0 (19045.2))

CPU model: 11th Gen Intel(R) Core(TM) i7-1165G7 @ 2.80GHz, instruction set [SSE2|AVX|AVX2|AVX512]
Thread count: 4 physical cores, 8 logical processors, using up to 1 threads


Gurobi 11.0.1 (win64) logging started Sun Apr  7 02:38:16 2024

Set parameter LogFile to value "C:\Projetos\Job_Rotation_Algorithms\Outputs\GurobiLogs\gurobi_log-output-73_ton-c106-BorbaRittModel-NoExtraConstraint-2.log"
Gurobi Optimizer version 11.0.1 build v11.0.1rc0 (win64 - Windows 10.0 (19045.2))

CPU model: 11th Gen Intel(R) Core(TM) i7-1165G7 @ 2.80GHz, instruction set [SSE2|AVX|AVX2|AVX512]
Thread count: 4 physical cores, 8 logical processors, using up to 1 threads


Gurobi 11.0.1 (win64) logging started Sun Apr  7 09:51:14 2024

Set parameter LogFile to value "C:\Projetos\Job_Rotation_Algorithms\Outputs\GurobiLogs\gurobi_log-output-73_ton-c106-BorbaRittModel-NoExtraConstraint-2.log"
Gurobi Optimizer version 11.0.1 build v11.0.1rc0 (win64 - Windows 10.0 (19045.2))

CPU model: 11th Gen Intel(R) Core(TM) i7-1165G7 @ 2.80GHz, instruction set [SSE2|AVX|AVX2|AVX512]
Thread count: 4 physical cores, 8 logical processors, using up to 1 threads


Gurobi 11.0.1 (win64) logging started Wed Apr 10 17:40:10 2024

Set parameter LogFile to value "C:\Projetos\Job_Rotation_Algorithms\Outputs\GurobiLogs\gurobi_log-output-73_ton-c106-BorbaRittModel-NoExtraConstraint-2.log"
Gurobi Optimizer version 11.0.1 build v11.0.1rc0 (win64 - Windows 10.0 (19045.2))

CPU model: 11th Gen Intel(R) Core(TM) i7-1165G7 @ 2.80GHz, instruction set [SSE2|AVX|AVX2|AVX512]
Thread count: 4 physical cores, 8 logical processors, using up to 1 threads


Gurobi 11.0.1 (win64) logging started Thu Apr 11 01:44:55 2024

Set parameter LogFile to value "C:\Projetos\Job_Rotation_Algorithms\Outputs\GurobiLogs\gurobi_log-output-73_ton-c106-BorbaRittModel-NoExtraConstraint-2.log"
Gurobi Optimizer version 11.0.1 build v11.0.1rc0 (win64 - Windows 10.0 (19045.2))

CPU model: 11th Gen Intel(R) Core(TM) i7-1165G7 @ 2.80GHz, instruction set [SSE2|AVX|AVX2|AVX512]
Thread count: 4 physical cores, 8 logical processors, using up to 1 threads


Gurobi 11.0.1 (win64) logging started Sun Apr 21 03:01:53 2024

Set parameter LogFile to value "C:\Projetos\Job_Rotation_Algorithms\Outputs\GurobiLogs\gurobi_log-output-73_ton-c106-BorbaRittModel-NoExtraConstraint-2.log"
Gurobi Optimizer version 11.0.1 build v11.0.1rc0 (win64 - Windows 10.0 (19045.2))

CPU model: 11th Gen Intel(R) Core(TM) i7-1165G7 @ 2.80GHz, instruction set [SSE2|AVX|AVX2|AVX512]
Thread count: 4 physical cores, 8 logical processors, using up to 1 threads


Gurobi 11.0.1 (win64) logging started Fri Apr 26 07:43:49 2024

Set parameter LogFile to value "C:\Projetos\Job_Rotation_Algorithms\Outputs\GurobiLogs\gurobi_log-output-73_ton-c106-BorbaRittModel-NoExtraConstraint-2.log"
Gurobi Optimizer version 11.0.1 build v11.0.1rc0 (win64 - Windows 10.0 (19045.2))

CPU model: 11th Gen Intel(R) Core(TM) i7-1165G7 @ 2.80GHz, instruction set [SSE2|AVX|AVX2|AVX512]
Thread count: 4 physical cores, 8 logical processors, using up to 1 threads


Gurobi 11.0.1 (win64) logging started Sat Apr 27 04:34:58 2024

Set parameter LogFile to value "C:\Projetos\Job_Rotation_Algorithms\Outputs\GurobiLogs\gurobi_log-output-73_ton-c106-BorbaRittModel-NoExtraConstraint-2.log"
Gurobi Optimizer version 11.0.1 build v11.0.1rc0 (win64 - Windows 10.0 (19045.2))

CPU model: 11th Gen Intel(R) Core(TM) i7-1165G7 @ 2.80GHz, instruction set [SSE2|AVX|AVX2|AVX512]
Thread count: 4 physical cores, 8 logical processors, using up to 1 threads


Gurobi 11.0.1 (win64) logging started Sat Apr 27 14:53:05 2024

Set parameter LogFile to value "C:\Projetos\Job_Rotation_Algorithms\Outputs\GurobiLogs\gurobi_log-output-73_ton-c106-BorbaRittModel-NoExtraConstraint-2.log"
Gurobi Optimizer version 11.0.1 build v11.0.1rc0 (win64 - Windows 10.0 (19045.2))

CPU model: 11th Gen Intel(R) Core(TM) i7-1165G7 @ 2.80GHz, instruction set [SSE2|AVX|AVX2|AVX512]
Thread count: 4 physical cores, 8 logical processors, using up to 1 threads


Gurobi 11.0.1 (win64) logging started Sun May  5 10:16:05 2024

Set parameter LogFile to value "C:\Projetos\Job_Rotation_Algorithms\Outputs\GurobiLogs\gurobi_log-output-73_ton-c106-BorbaRittModel-NoExtraConstraint-2.log"
Gurobi Optimizer version 11.0.1 build v11.0.1rc0 (win64 - Windows 10.0 (19045.2))

CPU model: 11th Gen Intel(R) Core(TM) i7-1165G7 @ 2.80GHz, instruction set [SSE2|AVX|AVX2|AVX512]
Thread count: 4 physical cores, 8 logical processors, using up to 1 threads

WLS license 901038 - registered to Bitka Analytics
Optimize a model with 47074 rows, 3723 columns and 144697 nonzeros
Model fingerprint: 0xcad3cc75
Variable types: 2 continuous, 3721 integer (3721 binary)
Coefficient statistics:
  Matrix range     [1e+00, 3e+02]
  Objective range  [1e+00, 1e+00]
  Bounds range     [1e+00, 2e+02]
  RHS range        [1e+00, 2e+02]
Presolve removed 3675 rows and 139 columns
Presolve time: 0.41s
Presolved: 43399 rows, 3584 columns, 133489 nonzeros
Variable types: 0 continuous, 3584 integer (3583 binary)
Root relaxation presolved: 3584 rows, 46983 columns, 137073 nonzeros


Root relaxation: objective 1.400000e+02, 9064 iterations, 0.73 seconds (0.86 work units)
Total elapsed time = 6.27s (DegenMoves)

    Nodes    |    Current Node    |     Objective Bounds      |     Work
 Expl Unexpl |  Obj  Depth IntInf | Incumbent    BestBd   Gap | It/Node Time

     0     0  140.00000    0  451          -  140.00000      -     -    8s
     0     0  140.00000    0  379          -  140.00000      -     -    9s
     0     0  140.00000    0  525          -  140.00000      -     -   10s
     0     0  140.00000    0  528          -  140.00000      -     -   17s
     0     0  140.00000    0  546          -  140.00000      -     -   18s
     0     0  140.00000    0  601          -  140.00000      -     -   27s
     0     0  140.00000    0  602          -  140.00000      -     -   27s
     0     0  140.00000    0  447          -  140.00000      -     -   35s
     0     0  140.00000    0  489          -  140.00000      -     -   37s
     0     0  140.00000    0  557          -  140.00000      -     -   43s
     0     0  140.00000    0  501          -  140.00000      -     -   43s
     0     0  140.00000    0  427          -  140.00000      -     -   47s
     0     0  140.00000    0  418          -  140.00000      -     -   50s
     0     2  140.00000    0  367          -  140.00000      -     -   60s
    21    23  140.00000   15  311          -  140.00000      -   403   65s
    35    37  140.00000   23  755          -  140.00000      -   645   71s
    43    45  140.00000   27  552          -  140.00000      -   662   75s
    75    77  140.00000   47  474          -  140.00000      -   454   80s
    95    97  140.00000   60  530          -  140.00000      -   470   85s
   118   114  140.00000   23  424          -  140.00000      -   461   90s
   169   165  140.00000   56  416          -  140.00000      -   365   95s
   214   202  140.00000   39  487          -  140.00000      -   325  100s
   264   248  140.00000   72  367          -  140.00000      -   296  105s
   303   278  140.00000   36  290          -  140.00000      -   286  110s
   376   338  140.00000   42  469          -  140.00000      -   254  115s
   444   381  140.00000   49  353          -  140.00000      -   236  120s
   529   444  140.00000   49  400          -  140.00000      -   218  125s
   583   472  140.00000   60  662          -  140.00000      -   209  132s
   584   473  140.00000   22  406          -  140.00000      -   209  139s
   586   474  140.00000   24  579          -  140.00000      -   208  150s
   588   476  140.00000   74  635          -  140.00000      -   207  162s
   589   476  140.00000   60  617          -  140.00000      -   207  166s
   590   477  140.00000   22  374          -  140.00000      -   207  178s
   591   478  140.00000   34  718          -  140.00000      -   206  184s
   592   478  140.00000   76  737          -  140.00000      -   206  197s
   593   479  140.00000   57  738          -  140.00000      -   206  202s
   594   480  140.00000   65  343          -  140.00000      -   205  210s
   596   481  140.00000   28  534          -  140.00000      -   205  231s
   597   482  140.00000   24  685          -  140.00000      -   204  235s
   598   482  140.00000   33  547          -  140.00000      -   204  246s
   600   484  140.00000   52  626          -  140.00000      -   203  259s
   601   484  140.00000   27  618          -  140.00000      -   203  261s
   602   485  140.00000   40  552          -  140.00000      -   202  271s
   603   486  140.00000   40  504          -  140.00000      -   202  275s
   605   489  140.00000   15  361          -  140.00000      -   371  284s
   608   491  140.00000   16  363          -  140.00000      -   371  285s
   613   494  140.00000   19  398          -  140.00000      -   370  292s
   618   498  140.00000   21  408          -  140.00000      -   368  298s
   626   503  140.00000   25  376          -  140.00000      -   366  300s
   674   535  140.00000   49  404          -  140.00000      -   354  305s
   720   566  140.00000   72  350          -  140.00000      -   342  310s
   748   582  140.00000   86  486          -  140.00000      -   339  315s
   772   576  140.00000   26  324          -  140.00000      -   341  320s
   825   610  140.00000   52  427          -  140.00000      -   330  325s
   835   616  140.00000   57  318          -  140.00000      -   328  343s
   855   626  140.00000   67  268          -  140.00000      -   327  345s
   918   644  140.00000   47  335          -  140.00000      -   316  350s
   976   682  140.00000   76  267          -  140.00000      -   308  355s
  1003   690  140.00000   88  413          -  140.00000      -   314  360s
  1023   694 infeasible   96               -  140.00000      -   318  365s
  1071   716  140.00000   65  345          -  140.00000      -   314  370s
  1113   734  140.00000   86  411          -  140.00000      -   316  375s
  1136   747  140.00000   98  296          -  140.00000      -   318  380s
  1197   774  140.00000   68  315          -  140.00000      -   312  385s
  1245   798  140.00000   91  298          -  140.00000      -   311  390s
  1295   803  140.00000   58  380          -  140.00000      -   308  395s
  1338   830  140.00000   79  347          -  140.00000      -   308  400s
  1391   857  140.00000   70  293          -  140.00000      -   305  405s
  1443   880 infeasible   96               -  140.00000      -   305  410s
  1495   898  140.00000   66  274          -  140.00000      -   303  415s
  1546   922  140.00000   91  347          -  140.00000      -   302  420s
  1569   922  140.00000   70  261          -  140.00000      -   305  425s
  1608   930  140.00000   82  325          -  140.00000      -   306  430s
  1666   960  140.00000   78  301          -  140.00000      -   303  435s
  1714   990  140.00000   94  321          -  140.00000      -   303  440s
  1769  1013 infeasible  116               -  140.00000      -   302  445s
  1808  1033  140.00000   81  494          -  140.00000      -   304  450s
  1846  1034  140.00000   96  479          -  140.00000      -   306  455s
  1933  1062 infeasible   95               -  140.00000      -   301  460s
  1977  1058 infeasible  108               -  140.00000      -   302  465s
  2038  1090  140.00000   99  323          -  140.00000      -   301  470s
  2068  1098  140.00000  108  300          -  140.00000      -   303  475s
  2121  1137  140.00000   90  408          -  140.00000      -   302  480s
  2160  1156  140.00000   78  323          -  140.00000      -   304  485s
  2243  1191  140.00000   82  352          -  140.00000      -   301  490s
  2289  1227  140.00000  106  414          -  140.00000      -   302  495s
  2306  1230  140.00000  110  463          -  140.00000      -   306  500s
  2345  1245  140.00000   86  316          -  140.00000      -   308  505s
  2385  1257 infeasible  103               -  140.00000      -   313  510s
  2474  1338 infeasible   95               -  140.00000      -   308  515s
  2522  1362  140.00000   68  321          -  140.00000      -   310  520s
  2635  1451  140.00000   77  380          -  140.00000      -   304  525s
  2705  1501  140.00000   84  521          -  140.00000      -   303  530s
  2727  1509  140.00000   59  286          -  140.00000      -   306  535s
  2816  1572  140.00000   94  312          -  140.00000      -   304  540s
  2938  1686  140.00000   98  297          -  140.00000      -   299  545s
  2978  1716 infeasible  115               -  140.00000      -   301  550s
  3043  1757 infeasible   91               -  140.00000      -   301  555s
  3125  1821  140.00000   76  435          -  140.00000      -   298  560s
  3175  1857  140.00000   95  345          -  140.00000      -   301  565s
  3194  1856 infeasible  101               -  140.00000      -   305  570s
  3272  1908  140.00000   81  294          -  140.00000      -   303  575s
  3379  1993  140.00000   88  333          -  140.00000      -   300  580s
  3438  2032  140.00000  105  346          -  140.00000      -   300  585s
  3479  2055 infeasible   91               -  140.00000      -   302  590s
  3516  2066 infeasible   85               -  140.00000      -   304  595s
  3556  2100  140.00000  107  298          -  140.00000      -   305  600s
  3587  2121  140.00000  120  232          -  140.00000      -   308  605s
  3681  2185 infeasible  109               -  140.00000      -   306  610s
  3711  2197  140.00000   88  303          -  140.00000      -   308  615s
  3771  2227 infeasible   99               -  140.00000      -   308  620s
  3798  2232  140.00000   93  260          -  140.00000      -   310  625s
  3868  2282  140.00000  120  262          -  140.00000      -   309  630s
  3906  2296  140.00000   91  275          -  140.00000      -   311  635s
  3943  2319  140.00000  102  287          -  140.00000      -   313  640s
  3995  2337  140.00000  101  357          -  140.00000      -   313  645s
  4061  2357  140.00000   89  279          -  140.00000      -   313  650s
  4092  2368  140.00000   93  373          -  140.00000      -   312  661s
  4144  2388  140.00000   98  261          -  140.00000      -   312  665s
  4220  2440  140.00000   83  401          -  140.00000      -   310  670s
  4282  2488  140.00000  103  411          -  140.00000      -   310  675s
  4372  2536  140.00000   76  366          -  140.00000      -   308  680s
  4435  2587  140.00000  104  378          -  140.00000      -   308  685s
  4501  2629  140.00000   83  418          -  140.00000      -   307  690s
  4573  2689  140.00000   64  280          -  140.00000      -   306  695s
  4663  2753  140.00000   95  338          -  140.00000      -   304  700s
  4704  2776 infeasible  106               -  140.00000      -   306  705s
  4736  2776 infeasible  114               -  140.00000      -   308  710s
  4830  2852  140.00000   87  354          -  140.00000      -   305  715s
  4940  2926  140.00000   89  365          -  140.00000      -   302  720s
  5020  2978  140.00000   89  418          -  140.00000      -   301  725s
  5051  2999  139.00000   97  390          -  140.00000      -   303  730s
  5114  3036  140.00000   87  394          -  140.00000      -   302  735s
  5150  3070  140.00000  103  295          -  140.00000      -   303  740s
  5197  3085  140.00000   70  315          -  140.00000      -   304  745s
  5263  3121  140.00000   67  321          -  140.00000      -   304  750s
  5342  3192  140.00000  106  320          -  140.00000      -   303  755s
  5358  3192 infeasible  111               -  140.00000      -   305  760s
  5454  3256  140.00000   85  336          -  140.00000      -   303  765s
  5505  3295  140.00000  100  367          -  140.00000      -   304  770s
  5559  3321 infeasible   76               -  140.00000      -   305  775s
  5645  3375  140.00000   94  407          -  140.00000      -   304  780s
  5683  3379 infeasible  106               -  140.00000      -   305  785s
  5764  3438  140.00000   99  351          -  140.00000      -   304  790s
  5793  3455  140.00000  105  341          -  140.00000      -   305  795s
  5827  3465  140.00000   72  342          -  140.00000      -   307  800s
  5895  3505  140.00000   98  395          -  140.00000      -   307  805s
  5986  3568 infeasible  111               -  140.00000      -   306  810s
  6049  3611 infeasible   89               -  140.00000      -   306  815s
  6079  3625  140.00000   95  375          -  140.00000      -   307  834s
  6093  3633  140.00000   72  435          -  140.00000      -   306  835s
  6147  3659 infeasible   74               -  140.00000      -   307  840s
  6208  3698 infeasible   77               -  140.00000      -   307  845s
  6278  3728  140.00000  100  414          -  140.00000      -   307  850s
  6327  3757 infeasible   92               -  140.00000      -   308  855s
  6349  3765  140.00000  100  422          -  140.00000      -   310  860s
  6415  3799  140.00000   93  368          -  140.00000      -   311  865s
  6482  3840  140.00000   72  292          -  140.00000      -   311  870s
  6576  3924 infeasible  101               -  140.00000      -   309  875s
  6624  3940  140.00000  106  304          -  140.00000      -   310  880s
  6703  3993  140.00000   98  489          -  140.00000      -   310  885s
  6762  4020 infeasible  105               -  140.00000      -   310  890s
  6834  4046  140.00000   88  331          -  140.00000      -   310  895s
  6913  4099  140.00000   88  398          -  140.00000      -   309  900s
  6996  4158  140.00000   85  359          -  140.00000      -   309  905s
  7024  4174 infeasible   98               -  140.00000      -   310  910s
  7059  4185  140.00000  102  289          -  140.00000      -   312  915s
  7101  4207  140.00000  112  227          -  140.00000      -   313  920s
  7157  4209  140.00000   95  291          -  140.00000      -   314  925s
  7218  4250 infeasible  127               -  140.00000      -   315  930s
  7266  4260 infeasible  120               -  140.00000      -   317  935s
  7308  4272  140.00000  122  242          -  140.00000      -   319  940s
  7377  4289  140.00000  132  189          -  140.00000      -   320  945s
  7433  4293 infeasible  122               -  140.00000      -   321  950s
  7496  4300 infeasible  122               -  140.00000      -   323  955s
  7544  4302  139.69126  125  263          -  140.00000      -   324  960s
  7594  4300 infeasible  124               -  140.00000      -   326  965s
  7635  4303 infeasible  124               -  140.00000      -   328  970s
  7710  4302 infeasible  135               -  140.00000      -   329  975s
  7739  4291  140.00000  112  206          -  140.00000      -   331  980s
  7802  4318 infeasible  136               -  140.00000      -   331  985s
  7862  4318 infeasible  125               -  140.00000      -   332  990s
  7901  4327 infeasible  124               -  140.00000      -   334  995s
  7964  4336 infeasible  122               -  140.00000      -   334 1000s
  8031  4349 infeasible  128               -  140.00000      -   335 1005s
  8100  4338 infeasible  132               -  140.00000      -   336 1010s
  8175  4365  140.00000  128  216          -  140.00000      -   336 1015s
  8247  4372  137.00000  133  156          -  140.00000      -   337 1020s
  8341  4392  140.00000  125  233          -  140.00000      -   336 1025s
  8392  4405 infeasible  137               -  140.00000      -   338 1030s
  8465  4430 infeasible  126               -  140.00000      -   337 1035s
  8519  4450  140.00000  122  288          -  140.00000      -   338 1040s
  8554  4467  140.00000  120  249          -  140.00000      -   339 1045s
  8621  4470 infeasible  126               -  140.00000      -   339 1050s
  8682  4467 infeasible  117               -  140.00000      -   339 1055s
  8767  4516 infeasible  127               -  140.00000      -   339 1060s
  8819  4522 infeasible  119               -  140.00000      -   340 1065s
  8897  4538  140.00000  131  229          -  140.00000      -   340 1070s
  8946  4547  140.00000  115  302          -  140.00000      -   341 1075s
  9007  4578  140.00000  123  208          -  140.00000      -   342 1080s
  9086  4615  140.00000  141  272          -  140.00000      -   342 1085s
  9136  4631 infeasible  125               -  140.00000      -   343 1090s
  9199  4640 infeasible  131               -  140.00000      -   344 1095s
  9259  4652  140.00000  126  208          -  140.00000      -   344 1111s
  9325  4664 infeasible  138               -  140.00000      -   344 1115s
  9409  4670 infeasible  132               -  140.00000      -   345 1120s
  9471  4686 infeasible  139               -  140.00000      -   345 1125s
  9544  4693 infeasible  131               -  140.00000      -   346 1130s
  9632  4715 infeasible  141               -  140.00000      -   345 1135s
  9709  4710 infeasible  139               -  140.00000      -   346 1140s
  9790  4727 infeasible  125               -  140.00000      -   346 1145s
  9873  4748  140.00000  135  326          -  140.00000      -   346 1150s
  9915  4762 infeasible  126               -  140.00000      -   347 1155s
  9973  4780  140.00000  143  269          -  140.00000      -   348 1160s
 10048  4777 infeasible  142               -  140.00000      -   349 1165s
 10099  4796  140.00000  118  348          -  140.00000      -   350 1170s
 10140  4811  138.00000  129  305          -  140.00000      -   351 1175s
 10200  4819 infeasible  132               -  140.00000      -   352 1180s
 10202  4817 infeasible  130               -  140.00000      -   352 1388s
 10225  4818 infeasible  123               -  140.00000      -   352 1390s
 10307  4840  139.00000  135  341          -  140.00000      -   352 1395s
 10367  4832 infeasible  117               -  140.00000      -   352 1400s
 10440  4843  140.00000  110  256          -  140.00000      -   352 1405s
 10502  4875  140.00000  104  293          -  140.00000      -   352 1410s
 10548  4895  140.00000   87  262          -  140.00000      -   353 1415s
 10593  4928  140.00000   92  311          -  140.00000      -   353 1420s
 10653  4974  140.00000   84  392          -  140.00000      -   352 1425s
 10724  5033  140.00000  114  311          -  140.00000      -   351 1430s
 10782  5071 infeasible   89               -  140.00000      -   351 1435s
 10857  5122 infeasible   78               -  140.00000      -   350 1440s
 10925  5158 infeasible  107               -  140.00000      -   350 1445s
 11072  5279  140.00000   89  451          -  140.00000      -   347 1450s
 11142  5329 infeasible  114               -  140.00000      -   347 1455s
 11255  5394  140.00000  111  392          -  140.00000      -   345 1460s
 11339  5456  140.00000   96  339          -  140.00000      -   344 1465s
 11405  5496  140.00000   83  343          -  140.00000      -   344 1470s
 11485  5560 infeasible  115               -  140.00000      -   343 1475s
 11554  5603  140.00000   96  360          -  140.00000      -   343 1480s
 11606  5637 infeasible  113               -  140.00000      -   343 1485s
 11720  5687 infeasible  114               -  140.00000      -   341 1490s
 11760  5709  140.00000  124  336          -  140.00000      -   342 1495s
 11881  5794  140.00000  103  362          -  140.00000      -   340 1500s
 11956  5823 infeasible  111               -  140.00000      -   340 1505s
 12001  5844  140.00000  109  393          -  140.00000      -   341 1510s
 12065  5872  140.00000  101  300          -  140.00000      -   340 1515s
 12129  5894  140.00000  106  341          -  140.00000      -   340 1520s
 12140  5901  140.00000  106  371          -  140.00000      -   340 1531s
 12242  5983  140.00000  109  302          -  140.00000      -   339 1535s
 12329  6024 infeasible  132               -  140.00000      -   338 1540s
 12452  6129  140.00000  131  394          -  140.00000      -   336 1545s
 12493  6154 infeasible  144               -  140.00000      -   337 1550s
 12599  6234 infeasible  119               -  140.00000      -   336 1555s
 12690  6303 infeasible  112               -  140.00000      -   335 1560s
 12771  6374  140.00000  105  349          -  140.00000      -   334 1565s
 12829  6408  140.00000   75  360          -  140.00000      -   334 1570s
 12944  6491 infeasible   87               -  140.00000      -   333 1575s
 13029  6556 infeasible  108               -  140.00000      -   333 1580s
 13107  6610  140.00000   97  249          -  140.00000      -   333 1585s
 13169  6626 infeasible  110               -  140.00000      -   333 1590s
 13252  6695  140.00000  116  381          -  140.00000      -   333 1595s
 13323  6748  140.00000  107  389          -  140.00000      -   332 1600s
 13392  6793  140.00000  103  295          -  140.00000      -   332 1605s
 13426  6819  140.00000  115  388          -  140.00000      -   333 1610s
 13510  6869  139.00000  108  332          -  140.00000      -   332 1615s
 13568  6917  140.00000  103  376          -  140.00000      -   332 1620s
 13607  6942  140.00000   94  318          -  140.00000      -   333 1625s
 13657  6976  140.00000   92  469          -  140.00000      -   333 1630s
 13715  7000  140.00000   94  286          -  140.00000      -   333 1635s
 13757  7014 infeasible  118               -  140.00000      -   333 1640s
 13797  7036  140.00000   90  364          -  140.00000      -   334 1645s
 13834  7049  140.00000   97  388          -  140.00000      -   334 1650s
 13868  7067  140.00000   93  383          -  140.00000      -   335 1655s
 13903  7082  140.00000   94  373          -  140.00000      -   336 1660s
 13970  7115  140.00000   93  307          -  140.00000      -   335 1665s
 14048  7173  140.00000  102  369          -  140.00000      -   335 1670s
 14136  7241 infeasible  110               -  140.00000      -   334 1675s
 14195  7284  140.00000  100  376          -  140.00000      -   334 1680s
 14221  7306  140.00000  114  394          -  140.00000      -   335 1685s
 14285  7344  140.00000  101  283          -  140.00000      -   334 1690s
 14354  7395 infeasible  127               -  140.00000      -   334 1695s
 14387  7410  140.00000  105  435          -  140.00000      -   335 1700s
 14399  7418  140.00000  105  445          -  140.00000      -   335 1716s
 14414  7421 infeasible  109               -  140.00000      -   336 1720s
 14447  7438  140.00000  118  301          -  140.00000      -   336 1725s
 14494  7465 infeasible  116               -  140.00000      -   336 1730s
 14538  7489  140.00000  105  400          -  140.00000      -   337 1735s
 14590  7519 infeasible  101               -  140.00000      -   337 1740s
 14635  7544  140.00000  122  372          -  140.00000      -   337 1745s
 14676  7545 infeasible  136               -  140.00000      -   337 1750s
 14713  7570  140.00000  107  394          -  140.00000      -   338 1755s
 14737  7582  138.00000  116  317          -  140.00000      -   339 1760s
 14788  7615 infeasible  116               -  140.00000      -   339 1765s
 14813  7624  140.00000  105  394          -  140.00000      -   339 1770s
 14847  7628 infeasible  110               -  140.00000      -   340 1775s
 14880  7637  140.00000  110  371          -  140.00000      -   341 1780s
 14908  7645 infeasible  119               -  140.00000      -   341 1785s
 14939  7658 infeasible  111               -  140.00000      -   342 1790s
 15003  7692 infeasible  101               -  140.00000      -   341 1795s
 15067  7734 infeasible  123               -  140.00000      -   341 1800s
 15109  7754  140.00000   99  492          -  140.00000      -   341 1805s
 15143  7772  140.00000   85  425          -  140.00000      -   342 1810s
 15195  7812 infeasible  115               -  140.00000      -   342 1815s
 15266  7863 infeasible  121               -  140.00000      -   341 1820s
 15329  7898  140.00000   91  399          -  140.00000      -   341 1825s
 15373  7916 infeasible  111               -  140.00000      -   341 1830s
 15428  7955  140.00000  109  365          -  140.00000      -   341 1835s
 15493  8000  140.00000  106  360          -  140.00000      -   341 1840s
 15526  8021  140.00000  119  366          -  140.00000      -   341 1845s
 15567  8044 infeasible  107               -  140.00000      -   341 1850s
 15604  8059 infeasible  120               -  140.00000      -   341 1855s
 15657  8088  140.00000   90  311          -  140.00000      -   341 1860s
 15717  8132  140.00000   91  423          -  140.00000      -   341 1865s
 15755  8156  140.00000   85  352          -  140.00000      -   342 1870s
 15796  8185  140.00000  100  417          -  140.00000      -   342 1875s
 15832  8203 infeasible  104               -  140.00000      -   342 1880s
 15867  8224  140.00000   95  378          -  140.00000      -   342 1885s
 15944  8269 infeasible   93               -  140.00000      -   342 1890s
 15996  8311 infeasible  101               -  140.00000      -   342 1895s
 16025  8320 infeasible  115               -  140.00000      -   342 1900s
 16083  8362  140.00000  102  384          -  140.00000      -   342 1905s
 16134  8397 infeasible  126               -  140.00000      -   343 1910s
 16228  8469  140.00000  102  334          -  140.00000      -   342 1915s
 16296  8505  140.00000   92  302          -  140.00000      -   341 1920s
 16363  8560  140.00000  120  404          -  140.00000      -   341 1925s
 16408  8593 infeasible  151               -  140.00000      -   341 1930s
 16482  8635  140.00000   83  335          -  140.00000      -   341 1935s
 16544  8685  140.00000   77  349          -  140.00000      -   341 1940s
 16596  8723 infeasible  112               -  140.00000      -   341 1945s
 16669  8786  140.00000  112  385          -  140.00000      -   340 1950s
 16726  8827  140.00000   95  365          -  140.00000      -   340 1955s
 16786  8861  140.00000   97  330          -  140.00000      -   340 1960s
 16826  8893  140.00000  116  321          -  140.00000      -   341 1965s
 16848  8907  140.00000  124  331          -  140.00000      -   341 1978s
 16862  8917 infeasible  134               -  140.00000      -   341 1980s
 16941  8964  140.00000   84  287          -  140.00000      -   340 1985s
 17006  9015  140.00000  118  309          -  140.00000      -   340 1990s
 17067  9056  140.00000  101  409          -  140.00000      -   340 1995s
 17177  9132  140.00000  119  341          -  140.00000      -   339 2000s
 17217  9156  140.00000  100  361          -  140.00000      -   340 2005s
 17269  9182  140.00000   91  362          -  140.00000      -   340 2010s
 17337  9232  140.00000   91  353          -  140.00000      -   339 2015s
 17385  9272  140.00000  116  346          -  140.00000      -   339 2020s
 17433  9298  140.00000   95  356          -  140.00000      -   339 2025s
 17519  9372  140.00000  104  322          -  140.00000      -   339 2030s
 17564  9395 infeasible  104               -  140.00000      -   339 2035s
 17587  9406  140.00000  116  335          -  140.00000      -   340 2040s
 17648  9435  140.00000   92  320          -  140.00000      -   339 2045s
 17697  9474  140.00000  120  380          -  140.00000      -   340 2050s
 17753  9502 infeasible   97               -  140.00000      -   340 2055s
 17813  9540 infeasible  105               -  140.00000      -   340 2060s
 17868  9571  140.00000   95  356          -  140.00000      -   340 2065s
 17906  9595  140.00000  117  434          -  140.00000      -   340 2070s
 17952  9627  140.00000   93  428          -  140.00000      -   340 2075s
 18016  9665  140.00000   84  359          -  140.00000      -   339 2080s
 18126  9745  140.00000   77  336          -  140.00000      -   338 2085s
 18192  9805  140.00000  117  356          -  140.00000      -   338 2090s
 18259  9834  140.00000   85  309          -  140.00000      -   338 2095s
 18329  9878  140.00000   92  345          -  140.00000      -   337 2100s
 18422  9951 infeasible  108               -  140.00000      -   336 2105s
 18482  9975  139.00000  127  571          -  140.00000      -   336 2110s
 18617 10062  140.00000   52  492          -  140.00000      -   335 2115s
 18707 10144 infeasible  104               -  140.00000      -   334 2120s
 18741 10154 infeasible  110               -  140.00000      -   335 2125s
 18779 10154 infeasible  116               -  140.00000      -   335 2130s
 18908 10253  140.00000  115  365          -  140.00000      -   334 2135s
 19000 10319  140.00000   93  361          -  140.00000      -   333 2140s
 19131 10428  140.00000  100  335          -  140.00000      -   332 2145s
 19177 10464  140.00000  120  364          -  140.00000      -   332 2150s
 19253 10518  140.00000   93  436          -  140.00000      -   332 2155s
 19297 10544 infeasible  114               -  140.00000      -   332 2160s
 19316 10545 infeasible  110               -  140.00000      -   333 2165s
 19344 10551  140.00000   65  346          -  140.00000      -   334 2170s
 19412 10589  140.00000   56  301          -  140.00000      -   333 2175s
 19548 10709  140.00000   91  392          -  140.00000      -   332 2180s
 19582 10725 infeasible  104               -  140.00000      -   333 2185s
 19688 10811 infeasible  118               -  140.00000      -   332 2190s
 19715 10832  140.00000  137  349          -  140.00000      -   332 2208s
 19725 10830  140.00000  137  364          -  140.00000      -   332 2210s
 19816 10903  140.00000  122  450          -  140.00000      -   332 2215s
 19858 10905 infeasible  129               -  140.00000      -   332 2220s
 19950 10979 infeasible  122               -  140.00000      -   331 2225s
 20085 11078  140.00000   93  407          -  140.00000      -   330 2230s
 20152 11121  140.00000   81  439          -  140.00000      -   330 2235s
 20231 11184  140.00000   83  338          -  140.00000      -   329 2240s
 20304 11243 infeasible  116               -  140.00000      -   329 2245s
 20397 11294  140.00000   57  368          -  140.00000      -   329 2250s
 20486 11355  140.00000   68  470          -  140.00000      -   328 2255s
 20619 11466  140.00000   88  322          -  140.00000      -   327 2260s
 20664 11503 infeasible  106               -  140.00000      -   327 2265s
 20741 11528  140.00000   83  364          -  140.00000      -   327 2270s
 20787 11556  140.00000   86  335          -  140.00000      -   327 2275s
 20894 11625 infeasible  103               -  140.00000      -   327 2280s
 21008 11677  140.00000  124  374          -  140.00000      -   326 2285s
 21118 11719  140.00000   93  310          -  140.00000      -   326 2290s
 21177 11748 infeasible  109               -  140.00000      -   326 2295s
 21259 11806  140.00000   98  372          -  140.00000      -   325 2300s
 21281 11818  139.83333  108  439          -  140.00000      -   326 2305s
 21339 11846  140.00000  134  329          -  140.00000      -   326 2310s
 21428 11893  140.00000   72  324          -  140.00000      -   326 2315s
 21519 11962  140.00000  118  362          -  140.00000      -   325 2320s
 21579 11982  140.00000  104  347          -  140.00000      -   326 2325s
 21660 12003 infeasible  124               -  140.00000      -   325 2330s
 21714 12021 infeasible  119               -  140.00000      -   326 2335s
 21775 12054  140.00000  108  322          -  140.00000      -   326 2340s
 21825 12050 infeasible  104               -  140.00000      -   326 2345s
 21883 12078 infeasible  120               -  140.00000      -   326 2350s
 21980 12095  140.00000   83  379          -  140.00000      -   326 2355s
 22013 12122  140.00000  107  386          -  140.00000      -   326 2360s
 22076 12163  140.00000   96  288          -  140.00000      -   326 2365s
 22132 12179 infeasible   99               -  140.00000      -   326 2370s
 22233 12248  140.00000  118  338          -  140.00000      -   325 2375s
 22316 12296  140.00000  108  349          -  140.00000      -   325 2380s
 22363 12327 infeasible  125               -  140.00000      -   326 2385s
 22401 12357  139.00000   96  304          -  140.00000      -   326 2390s
 22462 12376  140.00000  103  259          -  140.00000      -   326 2395s
 22522 12410 infeasible  139               -  140.00000      -   326 2400s
 22576 12422  140.00000   99  346          -  140.00000      -   326 2405s
 22634 12458  140.00000  103  364          -  140.00000      -   326 2410s
 22667 12473 infeasible  117               -  140.00000      -   326 2415s
 22699 12489  140.00000  103  325          -  140.00000      -   327 2420s
 22747 12513  140.00000   77  330          -  140.00000      -   327 2425s
 22799 12549 infeasible  104               -  140.00000      -   327 2430s
 22828 12554  140.00000  104  332          -  140.00000      -   327 2435s
 22864 12572  140.00000  105  379          -  140.00000      -   327 2440s
 22894 12578 infeasible  108               -  140.00000      -   328 2445s
 22939 12599  140.00000   88  421          -  140.00000      -   328 2450s
 22973 12631  140.00000  103  429          -  140.00000      -   328 2455s
 23045 12675 infeasible  100               -  140.00000      -   328 2460s
 23139 12731  140.00000  109  368          -  140.00000      -   327 2465s
 23169 12753 infeasible  121               -  140.00000      -   328 2470s
 23216 12770  140.00000  110  280          -  140.00000      -   328 2475s
 23282 12802  140.00000  108  249          -  140.00000      -   328 2480s
 23337 12807 infeasible  103               -  140.00000      -   328 2485s
 23389 12811  140.00000   98  297          -  140.00000      -   328 2490s
 23451 12837 infeasible   98               -  140.00000      -   328 2495s
 23459 12837  140.00000   97  248          -  140.00000      -   328 2515s
 23542 12872 infeasible  117               -  140.00000      -   328 2520s
 23621 12903 infeasible  100               -  140.00000      -   327 2525s
 23690 12904 infeasible  102               -  140.00000      -   327 2530s
 23780 12914  140.00000   90  316          -  140.00000      -   327 2535s
 23844 12946 infeasible  113               -  140.00000      -   327 2540s
 23917 12979  140.00000  107  342          -  140.00000      -   327 2545s
 23982 12990  140.00000   70  300          -  140.00000      -   327 2550s
 24060 13066  140.00000  106  396          -  140.00000      -   326 2555s
 24119 13087 infeasible   87               -  140.00000      -   326 2560s
 24181 13141  140.00000   98  381          -  140.00000      -   326 2565s
 24242 13178  140.00000   90  519          -  140.00000      -   326 2570s
 24322 13236  140.00000  101  368          -  140.00000      -   326 2575s
 24391 13277 infeasible  126               -  140.00000      -   325 2580s
 24493 13359  140.00000  103  363          -  140.00000      -   325 2585s
 24569 13411  140.00000  106  265          -  140.00000      -   324 2590s
 24641 13461  140.00000  101  302          -  140.00000      -   324 2595s
 24726 13524  140.00000  117  338          -  140.00000      -   324 2600s
 24755 13537  140.00000  133  314          -  140.00000      -   324 2605s
 24796 13544 infeasible  112               -  140.00000      -   324 2610s
 24860 13556 infeasible  130               -  140.00000      -   324 2615s
 24910 13580  140.00000  126  360          -  140.00000      -   324 2620s
 24966 13608 infeasible  126               -  140.00000      -   325 2625s
 25015 13625  140.00000  124  344          -  140.00000      -   325 2630s
 25045 13635  140.00000  132  366          -  140.00000      -   325 2635s
 25075 13637 infeasible  132               -  140.00000      -   326 2640s
 25112 13646 infeasible  122               -  140.00000      -   326 2645s
 25156 13666  140.00000  114  300          -  140.00000      -   326 2650s
 25220 13684 infeasible  120               -  140.00000      -   326 2655s
 25256 13706  140.00000  122  321          -  140.00000      -   326 2660s
 25305 13731 infeasible  129               -  140.00000      -   326 2665s
 25404 13812  140.00000  114  398          -  140.00000      -   326 2670s
 25483 13873  140.00000   96  298          -  140.00000      -   326 2675s
 25558 13926  140.00000  110  345          -  140.00000      -   325 2680s
 25644 13976 infeasible  107               -  140.00000      -   325 2685s
 25693 14007 infeasible  128               -  140.00000      -   325 2690s
 25740 14038  140.00000  114  289          -  140.00000      -   325 2695s
 25816 14080  140.00000  114  470          -  140.00000      -   325 2700s
 25865 14101 infeasible  129               -  140.00000      -   325 2705s
 25956 14164  140.00000  114  292          -  140.00000      -   325 2710s
 26023 14203  140.00000  109  351          -  140.00000      -   325 2715s
 26108 14250  140.00000  115  364          -  140.00000      -   325 2720s
 26158 14286 infeasible  135               -  140.00000      -   325 2725s
 26209 14295 infeasible  127               -  140.00000      -   325 2730s
 26252 14310  140.00000  131  383          -  140.00000      -   326 2735s
 26290 14326  140.00000  134  334          -  140.00000      -   326 2740s
 26393 14401 infeasible  109               -  140.00000      -   326 2745s
 26452 14422 infeasible  106               -  140.00000      -   326 2750s
 26545 14507  140.00000  106  351          -  140.00000      -   325 2755s
 26594 14540  140.00000  129  419          -  140.00000      -   325 2760s
 26647 14565 infeasible  111               -  140.00000      -   325 2765s
 26682 14572 infeasible  109               -  140.00000      -   326 2770s
 26722 14580 infeasible  104               -  140.00000      -   326 2775s
 26755 14577  140.00000   95  391          -  140.00000      -   326 2780s
 26788 14584 infeasible  103               -  140.00000      -   327 2785s
 26833 14579 infeasible   99               -  140.00000      -   327 2790s
 26867 14581 infeasible  101               -  140.00000      -   327 2795s
 26895 14575 infeasible   99               -  140.00000      -   327 2800s
 26980 14642  140.00000  103  453          -  140.00000      -   327 2805s
 27029 14667  140.00000   66  329          -  140.00000      -   327 2810s
 27119 14753  140.00000  110  349          -  140.00000      -   327 2815s
 27242 14850 infeasible  117               -  140.00000      -   326 2820s
 27356 14930  140.00000  104  204          -  140.00000      -   326 2825s
 27435 14989 infeasible   92               -  140.00000      -   326 2830s
 27536 15062  140.00000   98  428          -  140.00000      -   325 2835s
 27579 15081 infeasible  114               -  140.00000      -   325 2840s
 27632 15106  140.00000   76  272          -  140.00000      -   326 2845s
 27733 15177 infeasible  118               -  140.00000      -   325 2850s
 27819 15215  140.00000   83  339          -  140.00000      -   325 2855s
 27936 15310  140.00000  104  327          -  140.00000      -   325 2860s
 28028 15382 infeasible  138               -  140.00000      -   324 2865s
 28090 15438  140.00000  108  292          -  140.00000      -   324 2889s
 28100 15438  140.00000  110  280          -  140.00000      -   324 2890s
 28176 15494  140.00000  105  391          -  140.00000      -   324 2895s
 28246 15544  140.00000   97  337          -  140.00000      -   324 2900s
 28328 15596  140.00000  137  341          -  140.00000      -   324 2905s
 28440 15686  140.00000  127  289          -  140.00000      -   323 2910s
 28543 15753  140.00000  112  359          -  140.00000      -   323 2915s
 28593 15765  140.00000   97  321          -  140.00000      -   323 2920s
 28681 15833 infeasible  108               -  140.00000      -   323 2925s
 28754 15882  140.00000  128  342          -  140.00000      -   323 2930s
 28823 15901 infeasible  132               -  140.00000      -   323 2935s
 28869 15893  140.00000  135  311          -  140.00000      -   323 2940s
 28965 15941  140.00000  132  296          -  140.00000      -   323 2945s
 29046 15986  140.00000  154  195          -  140.00000      -   323 2950s
 29115 15991 infeasible  142               -  140.00000      -   323 2955s
 29184 16004  140.00000  148  290          -  140.00000      -   323 2960s
 29249 16017 infeasible  137               -  140.00000      -   324 2965s
 29322 16026  140.00000  135  226          -  140.00000      -   324 2970s
 29413 16051  140.00000  145  267          -  140.00000      -   323 2975s
 29467 16065  140.00000  137  215          -  140.00000      -   324 2980s
 29531 16061  140.00000  130  219          -  140.00000      -   324 2985s
 29598 16054  140.00000  144  237          -  140.00000      -   324 2990s
 29677 16059 infeasible  152               -  140.00000      -   324 2995s
 29743 16059  140.00000  152  283          -  140.00000      -   324 3000s
 29806 16054 infeasible  154               -  140.00000      -   324 3005s
 29857 16057  140.00000  143  258          -  140.00000      -   324 3010s
 29930 16062 infeasible  150               -  140.00000      -   324 3015s
 30006 16060 infeasible  146               -  140.00000      -   325 3020s
 30093 16077 infeasible  139               -  140.00000      -   324 3025s
 30150 16070 infeasible  147               -  140.00000      -   325 3030s
 30205 16059 infeasible  144               -  140.00000      -   325 3035s
 30260 16050 infeasible  142               -  140.00000      -   325 3040s
 30303 16027 infeasible  149               -  140.00000      -   326 3045s
 30349 16019  140.00000  135  221          -  140.00000      -   326 3050s
 30409 16035 infeasible  140               -  140.00000      -   326 3055s
 30501 16059 infeasible  143               -  140.00000      -   326 3060s
 30603 16063 infeasible  145               -  140.00000      -   326 3065s
 30671 16061  140.00000  140  202          -  140.00000      -   326 3070s
 30759 16063 infeasible  148               -  140.00000      -   326 3075s
 30843 16059  140.00000  138  194          -  140.00000      -   325 3080s
 30923 16059  140.00000  142  217          -  140.00000      -   325 3085s
 31015 16075 infeasible  151               -  140.00000      -   325 3090s
 31093 16081 infeasible  144               -  140.00000      -   325 3095s
 31182 16116 infeasible  159               -  140.00000      -   325 3100s
 31254 16128 infeasible  153               -  140.00000      -   325 3105s
 31306 16134  140.00000  136  252          -  140.00000      -   326 3110s
 31367 16151 infeasible  147               -  140.00000      -   326 3115s
 31418 16148 infeasible  143               -  140.00000      -   326 3120s
 31463 16155  140.00000  140  221          -  140.00000      -   326 3125s
 31497 16149  140.00000  142  229          -  140.00000      -   327 3130s
 31569 16165 infeasible  153               -  140.00000      -   327 3135s
 31613 16155 infeasible  146               -  140.00000      -   327 3140s
 31695 16165 infeasible  151               -  140.00000      -   327 3145s
 31748 16160 infeasible  152               -  140.00000      -   327 3150s
 31785 16159 infeasible  142               -  140.00000      -   328 3155s
 31858 16162 infeasible  147               -  140.00000      -   328 3160s
 31917 16161  140.00000  144  209          -  140.00000      -   328 3165s
 31976 16162 infeasible  153               -  140.00000      -   328 3170s
 31999 16153 infeasible  144               -  140.00000      -   328 3175s
 32053 16153 infeasible  143               -  140.00000      -   329 3180s
 32136 16184  140.00000  137  201          -  140.00000      -   329 3185s
 32195 16207 infeasible  141               -  140.00000      -   329 3190s
 32263 16219 infeasible  152               -  140.00000      -   329 3195s
 32328 16248 infeasible  152               -  140.00000      -   329 3200s
 32404 16256 infeasible  158               -  140.00000      -   329 3205s
 32478 16254  140.00000  155  200          -  140.00000      -   329 3210s
 32569 16271  140.00000  171  236          -  140.00000      -   328 3215s
 32634 16272  140.00000  157  261          -  140.00000      -   329 3220s
 32697 16263 infeasible  165               -  140.00000      -   329 3225s
 32756 16252 infeasible  151               -  140.00000      -   329 3230s
 32801 16257  140.00000  148  274          -  140.00000      -   329 3235s
 32849 16257  140.00000  149  299          -  140.00000      -   329 3240s
 32902 16250 infeasible  144               -  140.00000      -   329 3245s
 32955 16259  140.00000  144  271          -  140.00000      -   330 3250s
 32994 16254 infeasible  159               -  140.00000      -   330 3255s
 33063 16277  140.00000  159  182          -  140.00000      -   330 3260s
 33119 16283 infeasible  146               -  140.00000      -   330 3265s
 33174 16284  140.00000  164  233          -  140.00000      -   331 3270s
 33227 16291  140.00000  152  222          -  140.00000      -   331 3293s
 33243 16299  140.00000  158  186          -  140.00000      -   331 3295s
 33298 16294  140.00000  153  273          -  140.00000      -   331 3300s
 33358 16288 infeasible  151               -  140.00000      -   331 3305s
 33425 16285 infeasible  160               -  140.00000      -   331 3310s
 33495 16285  140.00000  159  225          -  140.00000      -   331 3315s
 33560 16292  140.00000  144  207          -  140.00000      -   331 3320s
 33625 16311  140.00000  146  221          -  140.00000      -   331 3325s
 33696 16322 infeasible  147               -  140.00000      -   332 3330s
 33744 16332 infeasible  155               -  140.00000      -   332 3335s
 33807 16335 infeasible  149               -  140.00000      -   332 3340s
 33853 16325  140.00000  149  218          -  140.00000      -   332 3345s
 33928 16338  140.00000  144  215          -  140.00000      -   332 3350s
 33998 16352  140.00000  158  146          -  140.00000      -   332 3355s
 34073 16347 infeasible  150               -  140.00000      -   332 3360s
 34136 16354  140.00000  139  217          -  140.00000      -   333 3365s
 34217 16381  140.00000  148  189          -  140.00000      -   332 3370s
 34304 16390 infeasible  148               -  140.00000      -   332 3375s
 34397 16405  140.00000  152  195          -  140.00000      -   332 3380s
 34464 16404  140.00000  153  175          -  140.00000      -   332 3385s
 34532 16404  140.00000  156  165          -  140.00000      -   332 3390s
 34631 16415 infeasible  155               -  140.00000      -   332 3395s
 34711 16423 infeasible  151               -  140.00000      -   332 3400s
 34789 16431 infeasible  157               -  140.00000      -   332 3405s
 34875 16425  140.00000  154  175          -  140.00000      -   332 3410s
 34950 16418 infeasible  162               -  140.00000      -   332 3415s
 35016 16406 infeasible  158               -  140.00000      -   332 3420s
 35087 16401  140.00000  149  255          -  140.00000      -   332 3425s
 35187 16403 infeasible  150               -  140.00000      -   332 3430s
 35275 16399 infeasible  151               -  140.00000      -   331 3435s
 35363 16403 infeasible  160               -  140.00000      -   331 3440s
 35449 16405 infeasible  162               -  140.00000      -   331 3445s
 35524 16406 infeasible  164               -  140.00000      -   331 3450s
 35603 16389 infeasible  149               -  140.00000      -   331 3455s
 35707 16407  140.00000  160  154          -  140.00000      -   331 3460s
 35781 16421 infeasible  146               -  140.00000      -   331 3465s
 35859 16437  140.00000  165  184          -  140.00000      -   331 3470s
 35931 16427  140.00000  150  173          -  140.00000      -   331 3475s
 36011 16417 infeasible  166               -  140.00000      -   330 3480s
 36070 16410  140.00000  152  264          -  140.00000      -   331 3485s
 36138 16404 infeasible  142               -  140.00000      -   331 3490s
 36234 16418  140.00000  148  216          -  140.00000      -   330 3495s
 36328 16428  140.00000  151  203          -  140.00000      -   330 3500s
 36415 16429 infeasible  153               -  140.00000      -   330 3505s
 36473 16419  140.00000  146  208          -  140.00000      -   330 3510s
 36521 16427  140.00000  153  236          -  140.00000      -   330 3515s
 36602 16434  140.00000  139  208          -  140.00000      -   330 3520s
 36650 16438 infeasible  142               -  140.00000      -   331 3525s
 36701 16427  140.00000  148  186          -  140.00000      -   331 3530s
 36760 16422 infeasible  150               -  140.00000      -   331 3535s
 36797 16417  140.00000  158  239          -  140.00000      -   331 3540s
 36908 16424 infeasible  160               -  140.00000      -   331 3545s
 36982 16420  140.00000  142  234          -  140.00000      -   331 3550s
 37029 16423 infeasible  160               -  140.00000      -   331 3555s
 37097 16425 infeasible  149               -  140.00000      -   331 3560s
 37144 16412 infeasible  133               -  140.00000      -   331 3565s
 37194 16428 infeasible  137               -  140.00000      -   331 3570s
 37236 16418 infeasible  137               -  140.00000      -   331 3575s
 37272 16422  140.00000  137  283          -  140.00000      -   332 3580s
 37340 16418 infeasible  140               -  140.00000      -   332 3585s
 37425 16421  140.00000  165  195          -  140.00000      -   332 3590s
 37511 16411 infeasible  162               -  140.00000      -   332 3595s

Cutting planes:
  Lift-and-project: 1
  Cover: 3
  Clique: 3
  MIR: 2
  Flow cover: 50
  Zero half: 17
  RLT: 76
  BQP: 107

Explored 37606 nodes (12688454 simplex iterations) in 3600.00 seconds (4340.96 work units)
Thread count was 1 (of 8 available processors)

Solution count 0

Time limit reached
Best objective -, best bound 1.400000000000e+02, gap -
