
Gurobi 11.0.1 (win64) logging started Wed Mar 20 02:57:51 2024

Set parameter LogFile to value "C:\Projetos\Job_Rotation_Algorithms\Outputs\GurobiLogs\gurobi_log-output-10_hes-c149-CostaMirallesModel-NoExtraConstraint-2.log"
Gurobi Optimizer version 11.0.1 build v11.0.1rc0 (win64 - Windows 10.0 (19045.2))

CPU model: 11th Gen Intel(R) Core(TM) i7-1165G7 @ 2.80GHz, instruction set [SSE2|AVX|AVX2|AVX512]
Thread count: 4 physical cores, 8 logical processors, using up to 1 threads

WLS license 901039 - registered to Bitka Analytics
Optimize a model with 478 rows, 925 columns and 7333 nonzeros
Model fingerprint: 0xd39e71b6
Variable types: 2 continuous, 923 integer (923 binary)
Coefficient statistics:
  Matrix range     [1e+00, 1e+02]
  Objective range  [1e+00, 1e+00]
  Bounds range     [1e+00, 3e+02]
  RHS range        [1e+00, 3e+02]
Presolve removed 163 rows and 171 columns
Presolve time: 0.03s
Presolved: 315 rows, 754 columns, 4367 nonzeros
Variable types: 0 continuous, 754 integer (753 binary)

Root relaxation: objective 5.600000e+01, 372 iterations, 0.00 seconds (0.00 work units)

    Nodes    |    Current Node    |     Objective Bounds      |     Work
 Expl Unexpl |  Obj  Depth IntInf | Incumbent    BestBd   Gap | It/Node Time

     0     0   56.00000    0   10          -   56.00000      -     -    0s
     0     0   56.00000    0  102          -   56.00000      -     -    0s
     0     0   56.00000    0   95          -   56.00000      -     -    0s
     0     0   56.00000    0   22          -   56.00000      -     -    0s
     0     0   56.00000    0   24          -   56.00000      -     -    0s
     0     0   56.00000    0   20          -   56.00000      -     -    0s
     0     0   56.00000    0   28          -   56.00000      -     -    0s
     0     0   56.00000    0   27          -   56.00000      -     -    0s
     0     0   56.00000    0   24          -   56.00000      -     -    0s
     0     2   56.00000    0   22          -   56.00000      -     -    0s
H  279    74                      44.0000000   56.00000  27.3%  49.0    1s
H  279    73                      45.0000000   56.00000  24.4%  49.0    1s
H  279    72                      46.0000000   56.00000  21.7%  49.0    1s
H  425    84                      47.0000000   56.00000  19.1%  52.4    1s

Cutting planes:
  Gomory: 4
  Cover: 731
  Implied bound: 8
  Clique: 83
  MIR: 31
  StrongCG: 7
  GUB cover: 5
  Inf proof: 4
  Zero half: 2

Explored 1042 nodes (63721 simplex iterations) in 2.97 seconds (1.72 work units)
Thread count was 1 (of 8 available processors)

Solution count 4: 47 46 45 44 

Optimal solution found (tolerance 1.00e-03)
Best objective 4.700000000000e+01, best bound 4.700000000000e+01, gap 0.0000%
