
Gurobi 11.0.1 (win64) logging started Wed Mar 13 04:31:13 2024

Set parameter LogFile to value "C:\Projetos\Job_Rotation_Algorithms\Outputs\GurobiLogs\gurobi_log-output-15_wee-c33-CostaMirallesModel-NoExtraConstraint-2.log"
Gurobi Optimizer version 11.0.1 build v11.0.1rc0 (win64 - Windows 10.0 (19045.2))

CPU model: 11th Gen Intel(R) Core(TM) i7-1165G7 @ 2.80GHz, instruction set [SSE2|AVX|AVX2|AVX512]
Thread count: 4 physical cores, 8 logical processors, using up to 1 threads

WLS license 901038 - registered to Bitka Analytics
Optimize a model with 3081 rows, 14964 columns and 230300 nonzeros
Model fingerprint: 0x23416e60
Variable types: 2 continuous, 14962 integer (14962 binary)
Coefficient statistics:
  Matrix range     [1e+00, 8e+01]
  Objective range  [1e+00, 1e+00]
  Bounds range     [1e+00, 7e+01]
  RHS range        [1e+00, 7e+01]
Presolve added 655 rows and 0 columns
Presolve removed 0 rows and 95 columns
Presolve time: 0.77s
Presolved: 3736 rows, 14869 columns, 113275 nonzeros
Variable types: 0 continuous, 14869 integer (14255 binary)

Root relaxation: objective 1.500000e+02, 3820 iterations, 0.25 seconds (0.32 work units)

    Nodes    |    Current Node    |     Objective Bounds      |     Work
 Expl Unexpl |  Obj  Depth IntInf | Incumbent    BestBd   Gap | It/Node Time

     0     0  150.00000    0  122          -  150.00000      -     -    1s
     0     0  150.00000    0  117          -  150.00000      -     -    1s
     0     0  150.00000    0  117          -  150.00000      -     -    1s
     0     0  150.00000    0  133          -  150.00000      -     -    4s
     0     0  150.00000    0  657          -  150.00000      -     -    5s
     0     0  150.00000    0  608          -  150.00000      -     -    5s
     0     0  150.00000    0  657          -  150.00000      -     -    5s
     0     0  150.00000    0  115          -  150.00000      -     -    6s
     0     0  150.00000    0  205          -  150.00000      -     -    6s
     0     0  150.00000    0  160          -  150.00000      -     -    7s
     0     0  150.00000    0  526          -  150.00000      -     -    7s
     0     0  150.00000    0  178          -  150.00000      -     -    8s
     0     0  150.00000    0  237          -  150.00000      -     -    8s
     0     0  150.00000    0  189          -  150.00000      -     -    9s
     0     0  150.00000    0  170          -  150.00000      -     -    9s
     0     2  150.00000    0  170          -  150.00000      -     -   11s
   140   138  150.00000   81  560          -  150.00000      -   178   15s
   257   217  149.28588   91  627          -  150.00000      -   241   20s
   381   313  143.23706  112  538          -  150.00000      -   252   25s
   617   453  150.00000   58  117          -  150.00000      -   202   35s
   624   458  150.00000   52  149          -  150.00000      -   200   41s
   628   460  150.00000   38  178          -  150.00000      -   199   45s
   635   467  150.00000   15  225          -  150.00000      -   365   51s
   671   489  150.00000   33  262          -  150.00000      -   376   55s
   725   505  150.00000   33  385          -  150.00000      -   360   60s
   861   554  150.00000   24  409          -  150.00000      -   327   65s
   992   604  150.00000   32  357          -  150.00000      -   305   70s
  1092   639  150.00000   79  294          -  150.00000      -   295   75s
  1226   666  150.00000   71  374          -  150.00000      -   278   80s
  1342   653 infeasible   63               -  150.00000      -   266   85s
  1541   621  150.00000   44  277          -  150.00000      -   242   90s
  1697   584  150.00000   56  337          -  150.00000      -   228   95s
  1849   536  150.00000   71  332          -  150.00000      -   217  105s
  1873   526  150.00000   47  187          -  150.00000      -   217  110s
  2058   579  150.00000   85  224          -  150.00000      -   203  115s
  2260   675  150.00000   68  290          -  150.00000      -   191  120s
  2415   741  150.00000   72  257          -  150.00000      -   186  125s
  2586   853 infeasible   89               -  150.00000      -   180  130s
  2805   947 infeasible   72               -  150.00000      -   173  135s
  3012  1013 infeasible   55               -  150.00000      -   168  140s
  3215  1074  150.00000   78  289          -  150.00000      -   165  145s
  3434  1108  150.00000   81  257          -  150.00000      -   159  150s
  3732  1134 infeasible   95               -  150.00000      -   152  155s
  4025  1156  150.00000   79  296          -  150.00000      -   146  160s
  4246  1181  150.00000   55  178          -  150.00000      -   144  165s
  4389  1244  150.00000   35  261          -  150.00000      -   144  170s
  4527  1347 infeasible   71               -  150.00000      -   144  175s
  4687  1432  150.00000   61  386          -  150.00000      -   143  180s
  4886  1531  150.00000   51  351          -  150.00000      -   141  185s
  5097  1638 infeasible   81               -  150.00000      -   140  190s
  5194  1660  150.00000   78  454          -  150.00000      -   139  195s
  5410  1782  150.00000   65  366          -  150.00000      -   137  200s
  5611  1899  150.00000   81  295          -  150.00000      -   136  205s
  5854  1970 infeasible   91               -  150.00000      -   134  210s
  6058  1973 infeasible   86               -  150.00000      -   133  215s
  6254  2074 infeasible  102               -  150.00000      -   134  220s
  6449  2187  150.00000   75  279          -  150.00000      -   133  225s
  6642  2284 infeasible   95               -  150.00000      -   133  230s
  6804  2381 infeasible   87               -  150.00000      -   133  235s
  7021  2524  150.00000   76  296          -  150.00000      -   133  240s
  7127  2597  150.00000  102  288          -  150.00000      -   134  245s
  7351  2731  150.00000   62  115          -  150.00000      -   133  250s
  7546  2870  150.00000   74  349          -  150.00000      -   133  255s
  7814  3042  150.00000   72  231          -  150.00000      -   131  260s
  8035  3188  150.00000   89  347          -  150.00000      -   130  265s
  8237  3301  150.00000   88  291          -  150.00000      -   130  270s
  8253  3300 infeasible   54               -  150.00000      -   131  275s
  8409  3413  150.00000   75  526          -  150.00000      -   130  280s
  8616  3520  150.00000   62  187          -  150.00000      -   130  285s
  8866  3642 infeasible   80               -  150.00000      -   129  290s
  9151  3795 infeasible   87               -  150.00000      -   128  295s
  9432  3963 infeasible   77               -  150.00000      -   127  300s
  9678  4100 infeasible   65               -  150.00000      -   127  305s
  9938  4265  150.00000   62  203          -  150.00000      -   126  310s
 10191  4428  150.00000   76  429          -  150.00000      -   126  315s
 10202  4433 infeasible   80               -  150.00000      -   126  378s
 10291  4489  150.00000   69  238          -  150.00000      -   126  380s
 10512  4615  150.00000   78  205          -  150.00000      -   126  385s
 10713  4720 infeasible   69               -  150.00000      -   126  390s
 10890  4844  150.00000   81  315          -  150.00000      -   126  395s
 11063  4943  150.00000   76  376          -  150.00000      -   126  400s
 11243  5066 infeasible   80               -  150.00000      -   126  405s
 11482  5181 infeasible   97               -  150.00000      -   126  410s
 11694  5331 infeasible   74               -  150.00000      -   126  415s
 11870  5454  150.00000   78  261          -  150.00000      -   126  420s
 11912  5471  150.00000   44  552          -  150.00000      -   126  430s
 11935  5494  150.00000   65  230          -  150.00000      -   126  435s
 12013  5534  150.00000   65  312          -  150.00000      -   126  440s
 12244  5668  150.00000   76  344          -  150.00000      -   126  445s
 12446  5789  149.00000   76  251          -  150.00000      -   126  450s
 12687  5938  150.00000   70  232          -  150.00000      -   125  455s
 12960  6077  150.00000   83  193          -  150.00000      -   124  460s
 13163  6186  150.00000   94  304          -  150.00000      -   124  465s
 13420  6322  150.00000   95  236          -  150.00000      -   123  470s
 13654  6426 infeasible  102               -  150.00000      -   123  475s
 13939  6570  150.00000  103  202          -  150.00000      -   122  480s
 14240  6732  150.00000   94  311          -  150.00000      -   121  485s
 14365  6778 infeasible   78               -  150.00000      -   121  490s
 14504  6839  150.00000   64  336          -  150.00000      -   122  495s
 14694  6930  150.00000   47  322          -  150.00000      -   122  500s
 14897  7063  150.00000   43  463          -  150.00000      -   122  505s
 15121  7206  150.00000   79  281          -  150.00000      -   122  510s
 15303  7310  149.00000   71  395          -  150.00000      -   121  516s
 15465  7394  150.00000   62  207          -  150.00000      -   121  520s
 15610  7468  150.00000   69  263          -  150.00000      -   121  525s
 15857  7603 infeasible   90               -  150.00000      -   121  530s
 16145  7761  150.00000   66  287          -  150.00000      -   120  535s
 16360  7873  150.00000   58  225          -  150.00000      -   120  540s
 16574  7988 infeasible   85               -  150.00000      -   120  545s
 16888  8209 infeasible   96               -  150.00000      -   120  550s
 17179  8374  150.00000  121  338          -  150.00000      -   119  555s
 17407  8497  150.00000   78  307          -  150.00000      -   120  560s
 17651  8640  150.00000   71  243          -  150.00000      -   120  565s
 18016  8863  150.00000   94  250          -  150.00000      -   119  570s
 18399  9003 infeasible   89               -  150.00000      -   118  575s
 18637  9135  150.00000   76  321          -  150.00000      -   118  580s
 18869  9292  150.00000   86  347          -  150.00000      -   118  585s
 19186  9461 infeasible  117               -  150.00000      -   117  590s
 19481  9564  150.00000   83  347          -  150.00000      -   117  595s
 19799  9708 infeasible   76               -  150.00000      -   117  600s
 20041  9839 infeasible   82               -  150.00000      -   117  605s
 20404 10046  150.00000   88  255          -  150.00000      -   116  612s
 20581 10128  150.00000   91  452          -  150.00000      -   115  615s
 20844 10266  150.00000  109  377          -  150.00000      -   115  620s
 21091 10401  150.00000   89  320          -  150.00000      -   115  625s
 21401 10556  150.00000   78  437          -  150.00000      -   115  630s
 21694 10706  150.00000   84  341          -  150.00000      -   114  635s
 21969 10838  150.00000   73  376          -  150.00000      -   114  640s
 22191 10962 infeasible  109               -  150.00000      -   114  645s
 22447 11075 infeasible   92               -  150.00000      -   114  650s
 22729 11226  150.00000  101  357          -  150.00000      -   114  655s
 22969 11359  150.00000   53  298          -  150.00000      -   114  660s
 23293 11540  150.00000   56  321          -  150.00000      -   114  665s
 23616 11735 infeasible   85               -  150.00000      -   113  670s
 23933 11910  150.00000   93  378          -  150.00000      -   113  675s
 24314 12070  150.00000   58  236          -  150.00000      -   112  680s
 24372 12112  150.00000   99  253          -  150.00000      -   112  690s
 24410 12142  150.00000   77  156          -  150.00000      -   112  695s
 24694 12328  150.00000   93  356          -  150.00000      -   112  700s
 25088 12564  150.00000   72  362          -  150.00000      -   111  705s
 25363 12701 infeasible   80               -  150.00000      -   111  710s
 25575 12811 infeasible   71               -  150.00000      -   110  715s
 25903 12936 infeasible   98               -  150.00000      -   110  720s
 26222 13141  150.00000   55  278          -  150.00000      -   109  725s
 26497 13330 infeasible  123               -  150.00000      -   109  730s
 26752 13490  150.00000   50  345          -  150.00000      -   109  735s
 27083 13742  150.00000  119  322          -  150.00000      -   109  740s
 27328 13901  150.00000   91  257          -  150.00000      -   109  745s
 27553 14026  150.00000   80  293          -  150.00000      -   109  750s
 27810 14183  150.00000   69  412          -  150.00000      -   109  755s
 28118 14367 infeasible  111               -  150.00000      -   108  760s
 28497 14634 infeasible   93               -  150.00000      -   108  765s
 28631 14683  150.00000   61  161          -  150.00000      -   108  770s
 28910 14872  150.00000   62  193          -  150.00000      -   108  775s
 29166 15006 infeasible  105               -  150.00000      -   108  780s
 29401 15117  150.00000  102  288          -  150.00000      -   108  785s
 29690 15303  150.00000   82  334          -  150.00000      -   107  790s
 29917 15406  150.00000   76  423          -  150.00000      -   107  795s
 30219 15601  150.00000   86  241          -  150.00000      -   107  800s
 30537 15794 infeasible  100               -  150.00000      -   107  805s
 30712 15893 infeasible  106               -  150.00000      -   107  810s
 31014 15975 infeasible  124               -  150.00000      -   106  815s
 31328 15992 infeasible  129               -  150.00000      -   106  820s
 31675 16060 infeasible  111               -  150.00000      -   106  825s
 32013 16109 infeasible  124               -  150.00000      -   105  830s
 32413 16132 infeasible  129               -  150.00000      -   104  835s
 32713 16216  150.00000   63  300          -  150.00000      -   104  840s
 32790 16258  150.00000   85  276          -  150.00000      -   105  845s
 33033 16381  150.00000   75  390          -  150.00000      -   104  850s
 33227 16509 infeasible  123               -  150.00000      -   104  855s
 33541 16677  150.00000   55  193          -  150.00000      -   104  860s
 33864 16798 infeasible  108               -  150.00000      -   104  865s
 34133 16921 infeasible   93               -  150.00000      -   104  870s
 34318 16983 infeasible   67               -  150.00000      -   104  875s
 34492 17075  150.00000   68  289          -  150.00000      -   104  880s
 34664 17156 infeasible  105               -  150.00000      -   104  885s
 34873 17259 infeasible   90               -  150.00000      -   104  890s
 35088 17384  150.00000   67  234          -  150.00000      -   104  895s
 35178 17440  150.00000   62  218          -  150.00000      -   105  900s
 35483 17632 infeasible   61               -  150.00000      -   105  905s
 35707 17777  150.00000   67  294          -  150.00000      -   104  911s
 35831 17820  150.00000   75  175          -  150.00000      -   105  915s
 36039 17920  150.00000   76  316          -  150.00000      -   105  920s
 36298 18061  150.00000   66  322          -  150.00000      -   105  925s
 36592 18192  150.00000   60  381          -  150.00000      -   104  930s
 36741 18284 infeasible  106               -  150.00000      -   105  935s
 36954 18381 infeasible   82               -  150.00000      -   105  940s
 37057 18438  150.00000  115  206          -  150.00000      -   105  952s
 37078 18433 infeasible  107               -  150.00000      -   105  955s
 37114 18429  150.00000   69  258          -  150.00000      -   105  960s
 37220 18476  150.00000   66  324          -  150.00000      -   105  965s
 37487 18611  150.00000   82  316          -  150.00000      -   105  970s
 37718 18737  150.00000   96  237          -  150.00000      -   105  975s
 37914 18834  150.00000   78  310          -  150.00000      -   105  980s
 38194 18983  150.00000   81  365          -  150.00000      -   105  985s
 38529 19199  150.00000   53  315          -  150.00000      -   105  990s
 38856 19407 infeasible   87               -  150.00000      -   105  995s
 39088 19525  150.00000   83  389          -  150.00000      -   105 1000s
 39371 19639 infeasible   74               -  150.00000      -   105 1005s
 39817 19902 infeasible  116               -  150.00000      -   104 1010s
 40141 20125 infeasible  122               -  150.00000      -   104 1015s
 40585 20382  150.00000   91  161          -  150.00000      -   103 1020s
 40808 20498  150.00000   91  233          -  150.00000      -   103 1026s
 41024 20631 infeasible  112               -  150.00000      -   103 1030s
 41297 20691 infeasible  118               -  150.00000      -   103 1035s
 41557 20802  149.94003   83  266          -  150.00000      -   103 1040s
 41791 20891  150.00000   60  326          -  150.00000      -   103 1045s
 42046 21020  150.00000   70  446          -  150.00000      -   103 1050s
 42453 21183  150.00000   78  336          -  150.00000      -   103 1055s
 42799 21357  150.00000   77  259          -  150.00000      -   103 1060s
 43222 21631 infeasible   90               -  150.00000      -   102 1065s
 43446 21733 infeasible   75               -  150.00000      -   102 1070s
 43626 21835  150.00000   63  313          -  150.00000      -   103 1075s
 43758 21902  150.00000   73  319          -  150.00000      -   103 1080s
 43973 22038  150.00000   71  288          -  150.00000      -   103 1085s
 44238 22204  149.00000   85  325          -  150.00000      -   103 1090s
 44507 22359  150.00000   89  238          -  150.00000      -   103 1095s
 44759 22514 infeasible   79               -  150.00000      -   103 1100s
 45021 22670 infeasible   80               -  150.00000      -   103 1105s
 45428 22808 infeasible   69               -  150.00000      -   103 1110s
 45639 22863  150.00000   78  295          -  150.00000      -   103 1115s
 45909 22972  150.00000   92  309          -  150.00000      -   103 1122s
 46027 22998  150.00000   52  118          -  150.00000      -   103 1125s
 46248 23160  150.00000   63  398          -  150.00000      -   103 1130s
 46540 23309 infeasible   88               -  150.00000      -   103 1135s
 46804 23452  150.00000   65  200          -  150.00000      -   103 1140s
 47057 23548  149.00000   85  295          -  150.00000      -   103 1145s
 47331 23653  150.00000   70  228          -  150.00000      -   103 1150s
 47588 23767  150.00000   79  231          -  150.00000      -   103 1155s
 47865 23894 infeasible   90               -  150.00000      -   103 1160s
 48115 23964 infeasible   97               -  150.00000      -   103 1165s
 48475 24119 infeasible   83               -  150.00000      -   102 1170s
 48712 24217  150.00000   61  303          -  150.00000      -   102 1175s
 48921 24288  149.88249   99  403          -  150.00000      -   103 1180s
 49201 24443  150.00000   80  288          -  150.00000      -   102 1185s
 49483 24597  150.00000   61  266          -  150.00000      -   102 1190s
 49683 24721 infeasible  103               -  150.00000      -   102 1195s
 49852 24778  150.00000   96  316          -  150.00000      -   103 1200s
 49969 24834  150.00000   76  317          -  150.00000      -   103 1214s
 49974 24831  150.00000   64  268          -  150.00000      -   103 1215s
 49995 24852  150.00000   83  320          -  150.00000      -   103 1220s
 50010 24859  150.00000   88  298          -  150.00000      -   103 1225s
 50138 24911  150.00000   47  294          -  150.00000      -   103 1230s
 50300 24985  150.00000   65  428          -  150.00000      -   103 1235s
 50439 25030  150.00000   71  273          -  150.00000      -   103 1240s
 50621 25108 infeasible  101               -  150.00000      -   104 1245s
 50716 25128  150.00000   87  217          -  150.00000      -   104 1250s
 50934 25223 infeasible   80               -  150.00000      -   104 1255s
 51010 25242  150.00000   79  161          -  150.00000      -   104 1260s
 51205 25322  150.00000  103  286          -  150.00000      -   104 1265s
 51404 25388 infeasible   89               -  150.00000      -   104 1270s
 51631 25452 infeasible   88               -  150.00000      -   104 1275s
 51805 25483 infeasible   92               -  150.00000      -   104 1280s
 51930 25536  150.00000   47  382          -  150.00000      -   104 1285s
 52046 25602  150.00000   64  345          -  150.00000      -   104 1290s
 52247 25699 infeasible   74               -  150.00000      -   104 1295s
 52483 25801  150.00000   68  304          -  150.00000      -   105 1300s
 52598 25858  150.00000   63  491          -  150.00000      -   105 1305s
 52770 25922  150.00000   59  349          -  150.00000      -   105 1310s
 52940 26040  150.00000   66  468          -  150.00000      -   105 1315s
 53054 26106  150.00000   71  296          -  150.00000      -   106 1320s
 53276 26193  150.00000   61  425          -  150.00000      -   106 1325s
 53415 26251  150.00000   66  347          -  150.00000      -   106 1330s
 53605 26343 infeasible   93               -  150.00000      -   106 1335s
 53785 26412 infeasible   84               -  150.00000      -   106 1340s
 53994 26519  150.00000  113  282          -  150.00000      -   106 1345s
 54230 26653 infeasible   82               -  150.00000      -   106 1350s
 54363 26718 infeasible   66               -  150.00000      -   106 1355s
 54451 26760  150.00000   54  179          -  150.00000      -   106 1360s
 54577 26833 infeasible   74               -  150.00000      -   107 1365s
 54697 26874  150.00000   69  404          -  150.00000      -   107 1370s
 54817 26924  150.00000   66  452          -  150.00000      -   107 1375s
 54951 26962  150.00000   77  403          -  150.00000      -   107 1380s
 55174 27080 infeasible   86               -  150.00000      -   107 1385s
 55503 27272 infeasible  113               -  150.00000      -   107 1390s
 55708 27358  150.00000   82  159          -  150.00000      -   107 1395s
 55876 27436  149.74189  100  262          -  150.00000      -   107 1400s
 56111 27521  150.00000   86  279          -  150.00000      -   107 1406s
 56222 27550  150.00000   66  195          -  150.00000      -   107 1410s
 56405 27645 infeasible   76               -  150.00000      -   107 1415s
 56553 27715  150.00000   94  419          -  150.00000      -   107 1420s
 56685 27797 infeasible   97               -  150.00000      -   108 1425s
 56858 27870 infeasible   82               -  150.00000      -   108 1430s
 56995 27923 infeasible   74               -  150.00000      -   108 1435s
 57191 28034  150.00000   54  310          -  150.00000      -   108 1440s
 57363 28113  150.00000   66  263          -  150.00000      -   108 1445s
 57554 28220  150.00000   86  387          -  150.00000      -   108 1450s
 57700 28272 infeasible   95               -  150.00000      -   108 1455s
 57906 28362  149.77227   73  346          -  150.00000      -   109 1460s
 57946 28378  150.00000   73  372          -  150.00000      -   109 1468s
 57960 28384  150.00000   73  293          -  150.00000      -   109 1470s
 58009 28420  150.00000   91  355          -  150.00000      -   109 1475s
 58116 28470  150.00000  104  477          -  150.00000      -   109 1480s
 58212 28481  150.00000   83  231          -  150.00000      -   109 1485s
 58342 28496 infeasible   63               -  150.00000      -   109 1490s
 58577 28539  150.00000   78  252          -  150.00000      -   109 1495s
 58753 28587  150.00000   81  322          -  150.00000      -   109 1500s
 58934 28627 infeasible  114               -  150.00000      -   109 1505s
 59104 28664  150.00000   61  356          -  150.00000      -   109 1510s
 59252 28719 infeasible  126               -  150.00000      -   109 1515s
 59397 28722 infeasible   97               -  150.00000      -   110 1520s
 59535 28763  150.00000   81  290          -  150.00000      -   110 1525s
 59625 28774 infeasible  112               -  150.00000      -   110 1530s
 59685 28777 infeasible   88               -  150.00000      -   110 1535s
 59822 28822 infeasible  100               -  150.00000      -   110 1540s
 59900 28840  150.00000  104  292          -  150.00000      -   111 1545s
 59996 28854 infeasible   90               -  150.00000      -   111 1550s
 60340 28921 infeasible   84               -  150.00000      -   111 1555s
 60711 28905 infeasible   89               -  150.00000      -   110 1560s
 60932 28925 infeasible  100               -  150.00000      -   110 1565s
 61134 28965 infeasible  103               -  150.00000      -   110 1570s
 61212 28987  150.00000   75  257          -  150.00000      -   110 1575s
 61360 29009 infeasible   89               -  150.00000      -   110 1580s
 61418 29022  150.00000   95  346          -  150.00000      -   111 1585s
 61571 29057  150.00000   84  246          -  150.00000      -   111 1590s
 61775 29108 infeasible  123               -  150.00000      -   111 1595s
 61973 29160 infeasible  103               -  150.00000      -   111 1600s
 62073 29203 infeasible   95               -  150.00000      -   111 1605s
 62298 29304 infeasible   93               -  150.00000      -   111 1610s
 62429 29324 infeasible   97               -  150.00000      -   111 1615s
 62600 29364  149.49079  101  363          -  150.00000      -   111 1620s
 62859 29455  144.34882  111  237          -  150.00000      -   111 1625s
 63084 29491 infeasible  110               -  150.00000      -   111 1630s
 63153 29484 infeasible  100               -  150.00000      -   111 1635s
 63324 29540 infeasible   98               -  150.00000      -   111 1640s
 63606 29523 infeasible   92               -  150.00000      -   111 1645s
 63759 29540 infeasible   86               -  150.00000      -   111 1650s
 63935 29558  150.00000   72  245          -  150.00000      -   111 1655s
 64093 29577 infeasible   84               -  150.00000      -   111 1660s
 64186 29575  147.01455   75  323          -  150.00000      -   112 1665s
 64421 29626 infeasible   80               -  150.00000      -   112 1670s
 64502 29614  150.00000   92  312          -  150.00000      -   112 1681s
 64525 29629  150.00000   62  225          -  150.00000      -   112 1685s
 64708 29736  150.00000   68  197          -  150.00000      -   112 1690s
 65018 29898  143.55669   78  306          -  150.00000      -   111 1695s
 65236 29952 infeasible   83               -  150.00000      -   112 1700s
 65553 30055  150.00000   77  269          -  150.00000      -   111 1705s
 65809 30129 infeasible   91               -  150.00000      -   111 1710s
 65994 30188 infeasible   90               -  150.00000      -   111 1715s
 66122 30186 infeasible   92               -  150.00000      -   112 1720s
 66260 30203  150.00000   86  365          -  150.00000      -   112 1725s
 66319 30228 infeasible  109               -  150.00000      -   112 1730s
 66642 30311 infeasible   99               -  150.00000      -   112 1735s
 66865 30357  150.00000  109  381          -  150.00000      -   112 1740s
 67059 30368  150.00000  115  246          -  150.00000      -   112 1745s
 67272 30366  150.00000  119  321          -  150.00000      -   111 1750s
 67490 30389  150.00000   81  331          -  150.00000      -   111 1755s
 67713 30399 infeasible   95               -  150.00000      -   111 1760s
 67930 30451 infeasible  111               -  150.00000      -   111 1765s
 68168 30521 infeasible   96               -  150.00000      -   111 1770s
 68333 30520 infeasible  117               -  150.00000      -   111 1775s
 68517 30541 infeasible   88               -  150.00000      -   111 1780s
 68713 30549 infeasible   79               -  150.00000      -   111 1785s
 68820 30558 infeasible   72               -  150.00000      -   111 1790s
 69011 30607 infeasible   72               -  150.00000      -   111 1795s
 69257 30658 infeasible   94               -  150.00000      -   111 1800s
 69384 30716  150.00000   93  246          -  150.00000      -   111 1805s
 69511 30719 infeasible  100               -  150.00000      -   111 1810s
 69591 30715  150.00000   96  414          -  150.00000      -   112 1815s
 69688 30739 infeasible   75               -  150.00000      -   112 1820s
 69871 30760 infeasible   89               -  150.00000      -   112 1825s
 70107 30794 infeasible  104               -  150.00000      -   112 1830s
 70328 30885 infeasible   86               -  150.00000      -   112 1835s
 70519 30923  150.00000   78  294          -  150.00000      -   112 1840s
 70676 30954  150.00000  103  269          -  150.00000      -   112 1845s
 70808 30980  150.00000   64  264          -  150.00000      -   112 1850s
 71074 31061 infeasible   91               -  150.00000      -   112 1855s
 71400 31159 infeasible   72               -  150.00000      -   112 1860s
 71445 31147  150.00000   80  277          -  150.00000      -   112 1865s
 71628 31143 infeasible   78               -  150.00000      -   112 1870s
 71845 31153  150.00000   78  292          -  150.00000      -   112 1875s
 72005 31140  150.00000   77  271          -  150.00000      -   112 1880s
 72235 31149  150.00000   81  305          -  150.00000      -   112 1885s
 72437 31154  150.00000   77  258          -  150.00000      -   112 1890s
 72526 31164 infeasible   77               -  150.00000      -   112 1895s
 72636 31193  150.00000   76  258          -  150.00000      -   112 1900s
 72779 31193  150.00000   71  290          -  150.00000      -   112 1905s
 72897 31188 infeasible   75               -  150.00000      -   112 1910s
 73075 31257 infeasible   59               -  150.00000      -   112 1915s
 73209 31253 infeasible   66               -  150.00000      -   112 1920s
 73372 31300  150.00000  103  333          -  150.00000      -   112 1925s
 73556 31319 infeasible  116               -  150.00000      -   112 1930s
 73688 31333  150.00000  129  333          -  150.00000      -   112 1943s
 73700 31321 infeasible  121               -  150.00000      -   112 1945s
 73730 31297  150.00000  106  209          -  150.00000      -   113 1950s
 73755 31294  150.00000  104  228          -  150.00000      -   113 1955s
 73774 31289  150.00000  100  223          -  150.00000      -   113 1960s
 73847 31304  150.00000  115  302          -  150.00000      -   113 1965s
 73991 31296 infeasible  114               -  150.00000      -   113 1970s
 74116 31295 infeasible   95               -  150.00000      -   113 1975s
 74339 31342 infeasible   90               -  150.00000      -   113 1980s
 74469 31360  150.00000   72  110          -  150.00000      -   113 1985s
 74726 31363  150.00000   70  237          -  150.00000      -   113 1990s
 74858 31369 infeasible   80               -  150.00000      -   113 1995s
 74993 31388 infeasible   82               -  150.00000      -   113 2000s
 75189 31384  150.00000   78  297          -  150.00000      -   113 2005s
 75284 31374 infeasible   80               -  150.00000      -   113 2010s
 75443 31388 infeasible   83               -  150.00000      -   113 2015s
 75590 31367 infeasible   76               -  150.00000      -   113 2020s
 75782 31388  150.00000  102  289          -  150.00000      -   113 2025s
 75859 31398  150.00000   93  356          -  150.00000      -   113 2030s
 75929 31393 infeasible   92               -  150.00000      -   114 2035s
 76093 31406 infeasible  102               -  150.00000      -   114 2040s
 76140 31406 infeasible  100               -  150.00000      -   114 2045s
 76212 31419  150.00000  101  345          -  150.00000      -   114 2050s
 76477 31434 infeasible  109               -  150.00000      -   114 2055s
 76572 31435  150.00000   81  423          -  150.00000      -   114 2060s
 76635 31471  150.00000   88  367          -  150.00000      -   114 2065s
 76722 31478  150.00000   93  255          -  150.00000      -   114 2070s
 76816 31479 infeasible   98               -  150.00000      -   114 2075s
 76923 31489 infeasible  107               -  150.00000      -   115 2080s
 77126 31527  150.00000   74  464          -  150.00000      -   115 2085s
 77304 31530 infeasible   85               -  150.00000      -   114 2090s
 77510 31530 infeasible   87               -  150.00000      -   114 2095s
 77665 31533  150.00000   82  199          -  150.00000      -   114 2100s
 77784 31554 infeasible   97               -  150.00000      -   115 2105s
 77888 31553 infeasible  103               -  150.00000      -   115 2110s
 78022 31579 infeasible   92               -  150.00000      -   115 2115s
 78156 31620  150.00000  112  271          -  150.00000      -   115 2120s
 78377 31696  150.00000   83  166          -  150.00000      -   115 2125s
 78707 31743 infeasible  121               -  150.00000      -   115 2130s
 79071 31766  150.00000  120  116          -  150.00000      -   115 2135s
 79636 31835 infeasible  133               -  150.00000      -   114 2140s
 80083 31815 infeasible  116               -  150.00000      -   114 2145s
 80434 31804 infeasible  125               -  150.00000      -   113 2150s
 80846 31795 infeasible  129               -  150.00000      -   113 2155s
 81059 31789 infeasible   71               -  150.00000      -   113 2160s
 81238 31790  150.00000   75  368          -  150.00000      -   113 2165s
 81277 31807 infeasible   88               -  150.00000      -   113 2170s
 81338 31826  150.00000   88  381          -  150.00000      -   113 2175s
 81487 31877  150.00000   89  401          -  150.00000      -   113 2180s
 81585 31896 infeasible  112               -  150.00000      -   113 2185s
 81707 31916 infeasible  126               -  150.00000      -   113 2190s
 81890 31908  150.00000   78  266          -  150.00000      -   113 2195s
 82207 31937 infeasible  102               -  150.00000      -   113 2200s
 82326 31954 infeasible   83               -  150.00000      -   113 2205s
 82405 31969  150.00000   81  364          -  150.00000      -   113 2217s
 82418 31966  150.00000   73  315          -  150.00000      -   113 2220s
 82433 31977  150.00000   84  306          -  150.00000      -   114 2225s
 82453 31985  150.00000   78  319          -  150.00000      -   114 2230s
 82505 32002  150.00000   88  300          -  150.00000      -   114 2235s
 82604 32033  150.00000   81  434          -  150.00000      -   114 2240s
 82744 32056 infeasible   92               -  150.00000      -   114 2245s
 82836 32072 infeasible  115               -  150.00000      -   114 2250s
 83037 32095  150.00000   60  234          -  150.00000      -   114 2255s
 83164 32110 infeasible   59               -  150.00000      -   114 2260s
 83297 32122  150.00000   67  466          -  150.00000      -   114 2265s
 83410 32148 infeasible   72               -  150.00000      -   114 2270s
 83535 32158  149.59374   71  324          -  150.00000      -   115 2275s
 83698 32238  150.00000   93  276          -  150.00000      -   115 2280s
 83847 32322  150.00000  111  301          -  150.00000      -   115 2285s
 83967 32324  150.00000   77  447          -  150.00000      -   115 2290s
 84078 32355  150.00000   76  323          -  150.00000      -   115 2295s
 84180 32382 infeasible   93               -  150.00000      -   115 2300s
 84273 32402  150.00000   74  339          -  150.00000      -   115 2305s
 84430 32450 infeasible  105               -  150.00000      -   115 2310s
 84579 32500 infeasible   91               -  150.00000      -   115 2315s
 84733 32585  150.00000   87  417          -  150.00000      -   116 2320s
 84918 32652 infeasible  107               -  150.00000      -   116 2325s
 85049 32631  148.59481  103  398          -  150.00000      -   116 2330s
 85220 32605 infeasible   99               -  150.00000      -   116 2335s
 85367 32641 infeasible   91               -  150.00000      -   116 2340s
 85582 32685 infeasible   88               -  150.00000      -   116 2345s
 85789 32724 infeasible  107               -  150.00000      -   116 2350s
 85966 32724 infeasible  101               -  150.00000      -   116 2355s
 86054 32691  150.00000   87  211          -  150.00000      -   116 2360s
 86229 32733  150.00000   97  283          -  150.00000      -   116 2365s
 86423 32775 infeasible  101               -  150.00000      -   116 2370s
 86568 32751 infeasible  100               -  150.00000      -   116 2375s
 86664 32750  150.00000   93  314          -  150.00000      -   116 2380s
 86717 32735 infeasible   97               -  150.00000      -   116 2385s
 86829 32717  150.00000   88  313          -  150.00000      -   116 2390s
 86951 32744  149.91308  106  350          -  150.00000      -   116 2395s
 87125 32789  149.00000   95  190          -  150.00000      -   116 2400s
 87227 32808 infeasible   88               -  150.00000      -   116 2405s
 87358 32833  150.00000   91  309          -  150.00000      -   117 2410s
 87534 32831 infeasible   90               -  150.00000      -   117 2415s
 87634 32824  150.00000   82  266          -  150.00000      -   117 2420s
 87796 32861 infeasible   88               -  150.00000      -   117 2425s
 87933 32868 infeasible   87               -  150.00000      -   117 2430s
 88008 32870 infeasible   92               -  150.00000      -   117 2435s
 88088 32862  150.00000   88  364          -  150.00000      -   117 2440s
 88230 32897 infeasible  114               -  150.00000      -   117 2445s
 88398 32888  150.00000   81  385          -  150.00000      -   117 2450s
 88466 32900 infeasible   92               -  150.00000      -   117 2455s
 88598 32938 infeasible   86               -  150.00000      -   117 2460s
 88727 32953 infeasible   99               -  150.00000      -   118 2465s
 88755 32939  150.00000   89  315          -  150.00000      -   118 2478s
 88762 32936 infeasible   92               -  150.00000      -   118 2480s
 88780 32938  150.00000   91  211          -  150.00000      -   118 2485s
 88802 32938  150.00000   89  170          -  150.00000      -   118 2490s
 88852 32933 infeasible   82               -  150.00000      -   118 2495s
 88945 32949  150.00000   78  314          -  150.00000      -   118 2500s
 89067 32951 infeasible  114               -  150.00000      -   118 2505s
 89180 32954  149.79048  106  417          -  150.00000      -   118 2510s
 89403 32991  150.00000   77  285          -  150.00000      -   118 2515s
 89533 32996 infeasible   85               -  150.00000      -   118 2520s
 89662 33057  150.00000   81  257          -  150.00000      -   118 2525s
 89794 33101 infeasible   96               -  150.00000      -   119 2530s
 89921 33119 infeasible   91               -  150.00000      -   119 2535s
 90015 33114 infeasible   92               -  150.00000      -   119 2540s
 90097 33120 infeasible   88               -  150.00000      -   119 2545s
 90174 33138 infeasible   86               -  150.00000      -   119 2550s
 90236 33146 infeasible   93               -  150.00000      -   119 2555s
 90291 33149 infeasible   95               -  150.00000      -   119 2560s
 90352 33164 infeasible   92               -  150.00000      -   119 2565s
 90518 33218 infeasible   99               -  150.00000      -   119 2570s
 90602 33242  147.66851   98  433          -  150.00000      -   120 2575s
 90698 33254  149.00000   83  347          -  150.00000      -   120 2580s
 90795 33263 infeasible   81               -  150.00000      -   120 2585s
 90878 33266  150.00000   85  388          -  150.00000      -   120 2590s
 90938 33263 infeasible   98               -  150.00000      -   120 2595s
 91025 33261 infeasible   79               -  150.00000      -   120 2600s
 91064 33254  145.63025   86  319          -  150.00000      -   120 2605s
 91128 33250  150.00000   70  298          -  150.00000      -   120 2610s
 91220 33278  150.00000   81  345          -  150.00000      -   121 2615s
 91432 33350  150.00000   83  336          -  150.00000      -   121 2620s
 91506 33344 infeasible   81               -  150.00000      -   121 2625s
 91569 33362  150.00000   84  269          -  150.00000      -   121 2630s
 91692 33384 infeasible   85               -  150.00000      -   121 2635s
 91818 33394 infeasible   85               -  150.00000      -   121 2642s
 91885 33397 infeasible   90               -  150.00000      -   121 2645s
 91976 33406  150.00000   92  344          -  150.00000      -   121 2650s
 92121 33426  150.00000   75  310          -  150.00000      -   121 2655s
 92302 33470  150.00000   81  451          -  150.00000      -   121 2660s
 92497 33476  150.00000   84  323          -  150.00000      -   121 2665s
 92671 33535 infeasible  100               -  150.00000      -   121 2670s
 92721 33527  150.00000   84  304          -  150.00000      -   121 2675s
 92841 33567 infeasible  107               -  150.00000      -   121 2680s
 92975 33585 infeasible  100               -  150.00000      -   122 2685s
 93143 33674  150.00000   93  297          -  150.00000      -   122 2690s
 93301 33728 infeasible   71               -  150.00000      -   122 2695s
 93410 33763  150.00000   85  368          -  150.00000      -   122 2700s
 93559 33795 infeasible   96               -  150.00000      -   122 2705s
 93604 33783 infeasible   87               -  150.00000      -   122 2710s
 93688 33799 infeasible  104               -  150.00000      -   122 2715s
 93793 33820 infeasible   91               -  150.00000      -   122 2720s
 93862 33824  150.00000   84  285          -  150.00000      -   122 2734s
 93864 33822 infeasible   86               -  150.00000      -   122 2735s
 93875 33821  150.00000   74  305          -  150.00000      -   122 2740s
 93889 33829  150.00000   83  359          -  150.00000      -   122 2745s
 93945 33849 infeasible   95               -  150.00000      -   122 2750s
 94056 33881  150.00000   82  270          -  150.00000      -   122 2755s
 94096 33892  149.00000   80  386          -  150.00000      -   123 2760s
 94184 33899 infeasible   83               -  150.00000      -   123 2765s
 94301 33914 infeasible   88               -  150.00000      -   123 2770s
 94372 33909 infeasible   82               -  150.00000      -   123 2775s
 94419 33902  150.00000   79  299          -  150.00000      -   123 2780s
 94525 33920  150.00000   85  291          -  150.00000      -   123 2785s
 94587 33912 infeasible   94               -  150.00000      -   123 2790s
 94650 33903  150.00000   82  300          -  150.00000      -   124 2795s
 94720 33923  150.00000   96  328          -  150.00000      -   124 2800s
 94802 33925 infeasible   97               -  150.00000      -   124 2805s
 94896 33923 infeasible   97               -  150.00000      -   124 2810s
 94970 33910 infeasible   88               -  150.00000      -   124 2815s
 95074 33916  150.00000   86  458          -  150.00000      -   124 2820s
 95132 33909  150.00000   81  304          -  150.00000      -   124 2825s
 95178 33909  150.00000   83  267          -  150.00000      -   124 2830s
 95242 33908  150.00000   84  368          -  150.00000      -   125 2835s
 95317 33913 infeasible   88               -  150.00000      -   125 2840s
 95376 33910 infeasible   82               -  150.00000      -   125 2845s
 95444 33908  150.00000   76  374          -  150.00000      -   125 2850s
 95492 33922 infeasible   86               -  150.00000      -   125 2855s
 95584 33914 infeasible   87               -  150.00000      -   125 2860s
 95665 33922 infeasible   80               -  150.00000      -   125 2865s
 95768 33944  150.00000   72  314          -  150.00000      -   125 2870s
 95882 33961 infeasible   99               -  150.00000      -   125 2875s
 95963 33949 infeasible   88               -  150.00000      -   126 2880s
 96063 33974  150.00000   71  383          -  150.00000      -   126 2885s
 96190 33975 infeasible   81               -  150.00000      -   126 2890s
 96305 34021 infeasible   91               -  150.00000      -   126 2895s
 96373 34061  150.00000   72  266          -  150.00000      -   126 2900s
 96440 34081 infeasible   72               -  150.00000      -   126 2905s
 96559 34100 infeasible   79               -  150.00000      -   126 2910s
 96670 34101 infeasible   83               -  150.00000      -   126 2915s
 96799 34100  150.00000   77  363          -  150.00000      -   126 2920s
 96889 34101  150.00000   78  373          -  150.00000      -   126 2925s
 96927 34099 infeasible   82               -  150.00000      -   126 2930s
 96987 34092 infeasible   84               -  150.00000      -   127 2935s
 97172 34162 infeasible   88               -  150.00000      -   127 2940s
 97226 34152  150.00000   80  368          -  150.00000      -   127 2945s
 97325 34154 infeasible   82               -  150.00000      -   127 2950s
 97412 34149 infeasible   82               -  150.00000      -   127 2955s
 97513 34148  150.00000   83  307          -  150.00000      -   127 2960s
 97634 34167  150.00000   91  374          -  150.00000      -   127 2965s
 97693 34187 infeasible   85               -  150.00000      -   127 2970s
 97797 34184 infeasible   78               -  150.00000      -   127 2975s
 97969 34239  150.00000   74  363          -  150.00000      -   127 2980s
 98002 34260  143.18579   91  541          -  150.00000      -   127 2990s
 98025 34265  150.00000   76  255          -  150.00000      -   128 2995s
 98076 34290 infeasible   90               -  150.00000      -   128 3000s
 98127 34284  150.00000   85  339          -  150.00000      -   128 3005s
 98184 34283 infeasible   92               -  150.00000      -   128 3010s
 98262 34294 infeasible   89               -  150.00000      -   128 3015s
 98311 34282 infeasible   75               -  150.00000      -   128 3020s
 98425 34335 infeasible   89               -  150.00000      -   128 3025s
 98522 34340 infeasible   78               -  150.00000      -   128 3030s
 98663 34347 infeasible   83               -  150.00000      -   128 3035s
 98760 34346 infeasible   82               -  150.00000      -   129 3040s
 98917 34387  150.00000   80  231          -  150.00000      -   129 3045s
 99032 34425 infeasible   70               -  150.00000      -   129 3050s
 99091 34437  150.00000   52  332          -  150.00000      -   129 3055s
 99212 34519  150.00000   81  264          -  150.00000      -   129 3060s
 99268 34537 infeasible   89               -  150.00000      -   129 3065s
 99357 34538  148.00000   89  438          -  150.00000      -   129 3070s
 99444 34544  150.00000   77  245          -  150.00000      -   129 3075s
 99599 34576 infeasible  109               -  150.00000      -   129 3080s
 99707 34591 infeasible   73               -  150.00000      -   130 3085s
 99879 34662 infeasible   68               -  150.00000      -   130 3090s
 99962 34707  149.83075   76  443          -  150.00000      -   130 3095s
 100072 34755  150.00000   79  306          -  150.00000      -   130 3100s
 100206 34766  150.00000   68  376          -  150.00000      -   130 3105s
 100353 34752 infeasible   84               -  150.00000      -   130 3110s
 100464 34744 infeasible   76               -  150.00000      -   130 3115s
 100609 34758 infeasible   80               -  150.00000      -   130 3120s
 100736 34739 infeasible   72               -  150.00000      -   130 3125s
 100883 34748 infeasible   73               -  150.00000      -   130 3130s
 101066 34744  150.00000   83  515          -  150.00000      -   130 3135s
 101173 34745  150.00000   74  259          -  150.00000      -   130 3140s
 101270 34732 infeasible   72               -  150.00000      -   130 3145s
 101316 34742  149.00000   88  351          -  150.00000      -   130 3155s
 101337 34751  150.00000   84  307          -  150.00000      -   130 3160s
 101441 34761 infeasible   77               -  150.00000      -   130 3165s
 101560 34832  150.00000   83  367          -  150.00000      -   130 3170s
 101670 34879 infeasible   91               -  150.00000      -   130 3175s
 101870 34909 infeasible   89               -  150.00000      -   130 3180s
 102020 34948  150.00000   81  344          -  150.00000      -   130 3187s
 102053 34941 infeasible   82               -  150.00000      -   130 3190s
 102146 34927  150.00000   78  358          -  150.00000      -   131 3195s
 102311 34953 infeasible   93               -  150.00000      -   131 3200s
 102479 34962 infeasible   83               -  150.00000      -   131 3205s
 102566 34964 infeasible   79               -  150.00000      -   131 3210s
 102734 34982 infeasible   89               -  150.00000      -   131 3215s
 102857 35013 infeasible   85               -  150.00000      -   131 3220s
 102983 35032  150.00000   78  234          -  150.00000      -   131 3225s
 103148 35030  150.00000   80  236          -  150.00000      -   131 3230s
 103226 35030 infeasible   82               -  150.00000      -   131 3235s
 103352 35057  150.00000   75  464          -  150.00000      -   131 3240s
 103407 35062 infeasible   76               -  150.00000      -   131 3245s
 103455 35060  150.00000   76  339          -  150.00000      -   131 3250s
 103515 35072 infeasible   84               -  150.00000      -   132 3255s
 103618 35082  150.00000   53  284          -  150.00000      -   132 3260s
 103748 35117 infeasible   75               -  150.00000      -   132 3265s
 103907 35151 infeasible   87               -  150.00000      -   132 3270s
 103995 35149 infeasible   91               -  150.00000      -   132 3275s
 104091 35176 infeasible   72               -  150.00000      -   132 3280s
 104258 35214  150.00000   99  495          -  150.00000      -   132 3285s
 104340 35220 infeasible  106               -  150.00000      -   132 3290s
 104369 35209 infeasible  102               -  150.00000      -   132 3295s
 104442 35218  150.00000   69  348          -  150.00000      -   132 3300s
 104520 35219  150.00000   72  200          -  150.00000      -   133 3305s
 104653 35266 infeasible   90               -  150.00000      -   133 3310s
 104824 35369  150.00000   92  284          -  150.00000      -   133 3315s
 104855 35384  150.00000   79  397          -  150.00000      -   133 3326s
 104879 35380  150.00000   54  189          -  150.00000      -   133 3330s
 104918 35407  150.00000   69  257          -  150.00000      -   133 3335s
 105135 35511 infeasible   83               -  150.00000      -   133 3340s
 105216 35546 infeasible   89               -  150.00000      -   133 3345s
 105272 35556  150.00000   86  302          -  150.00000      -   133 3350s
 105307 35549  150.00000   80  349          -  150.00000      -   133 3355s
 105345 35555  150.00000   78  506          -  150.00000      -   133 3360s
 105466 35586 infeasible   81               -  150.00000      -   134 3365s
 105591 35646 infeasible   87               -  150.00000      -   134 3370s
 105659 35679 infeasible   92               -  150.00000      -   134 3375s
 105762 35722 infeasible  102               -  150.00000      -   134 3380s
 105871 35752  150.00000   72  290          -  150.00000      -   134 3385s
 105980 35773  150.00000   62  115          -  150.00000      -   134 3390s
 106124 35803 infeasible   71               -  150.00000      -   134 3395s
 106218 35827  149.96557   92  319          -  150.00000      -   134 3400s
 106354 35867 infeasible   79               -  150.00000      -   134 3405s
 106507 35917  150.00000   68  368          -  150.00000      -   134 3410s
 106679 35946 infeasible   69               -  150.00000      -   135 3415s
 106781 35952 infeasible   84               -  150.00000      -   135 3420s
 106932 35973  150.00000   83  349          -  150.00000      -   135 3425s
 106996 35979  150.00000   93  351          -  150.00000      -   135 3430s
 107088 35978 infeasible   93               -  150.00000      -   135 3435s
 107123 35971 infeasible   86               -  150.00000      -   135 3440s
 107185 35971  150.00000   85  337          -  150.00000      -   135 3445s
 107271 35973 infeasible   88               -  150.00000      -   135 3450s
 107324 35973 infeasible   90               -  150.00000      -   135 3455s
 107389 35970  150.00000   77  283          -  150.00000      -   135 3460s
 107481 35974 infeasible   85               -  150.00000      -   135 3465s
 107564 35970  150.00000   84  452          -  150.00000      -   136 3470s
 107647 35967 infeasible   80               -  150.00000      -   136 3475s
 107730 35993  150.00000   62  260          -  150.00000      -   136 3480s
 107896 36056  150.00000   71  270          -  150.00000      -   136 3485s
 108002 36055  150.00000   85  388          -  150.00000      -   136 3490s
 108135 36106  144.99137   88  340          -  150.00000      -   136 3495s
 108226 36131 infeasible   91               -  150.00000      -   136 3500s
 108325 36181  150.00000   78  397          -  150.00000      -   136 3505s
 108469 36244  150.00000   97  278          -  150.00000      -   136 3510s
 108624 36254 infeasible  112               -  150.00000      -   136 3515s
 108720 36243 infeasible  108               -  150.00000      -   136 3520s
 108853 36251 infeasible  112               -  150.00000      -   136 3525s
 108983 36238  150.00000   99  302          -  150.00000      -   136 3530s
 109052 36246  150.00000   92  289          -  150.00000      -   136 3535s
 109156 36254 infeasible  100               -  150.00000      -   136 3540s
 109229 36253  150.00000  102  224          -  150.00000      -   136 3545s
 109340 36241  150.00000  103  349          -  150.00000      -   136 3550s
 109517 36243  150.00000   91  266          -  150.00000      -   136 3555s
 109616 36230 infeasible   92               -  150.00000      -   136 3560s
 109710 36242 infeasible   97               -  150.00000      -   136 3565s
 109787 36234 infeasible  100               -  150.00000      -   136 3570s
 109944 36251 infeasible   96               -  150.00000      -   136 3575s
 110046 36245 infeasible   93               -  150.00000      -   137 3580s
 110114 36265  150.00000  107  356          -  150.00000      -   137 3594s
 110118 36261 infeasible  105               -  150.00000      -   137 3595s

Cutting planes:
  Gomory: 2
  Cover: 108
  Implied bound: 16
  Projected implied bound: 2
  Clique: 102
  MIR: 13
  StrongCG: 6
  Flow cover: 83
  GUB cover: 7
  Zero half: 28
  Network: 3
  Relax-and-lift: 34

Explored 110140 nodes (15063594 simplex iterations) in 3600.01 seconds (3028.56 work units)
Thread count was 1 (of 8 available processors)

Solution count 0

Time limit reached
Best objective -, best bound 1.500000000000e+02, gap -
