
Gurobi 11.0.1 (win64) logging started Mon Mar 25 21:56:37 2024

Set parameter LogFile to value "C:\Projetos\Job_Rotation_Algorithms\Outputs\GurobiLogs\gurobi_log-output-58_ton-c40-BorbaRittModel-NoExtraConstraint-2.log"
Gurobi Optimizer version 11.0.1 build v11.0.1rc0 (win64 - Windows 10.0 (19045.2))

CPU model: 11th Gen Intel(R) Core(TM) i7-1165G7 @ 2.80GHz, instruction set [SSE2|AVX|AVX2|AVX512]
Thread count: 4 physical cores, 8 logical processors, using up to 1 threads

WLS license 901039 - registered to Bitka Analytics
Optimize a model with 37373 rows, 3324 columns and 115062 nonzeros
Model fingerprint: 0x94f9b091
Variable types: 2 continuous, 3322 integer (3322 binary)
Coefficient statistics:
  Matrix range     [1e+00, 2e+02]
  Objective range  [1e+00, 1e+00]
  Bounds range     [1e+00, 8e+01]
  RHS range        [1e+00, 8e+01]
Presolve removed 7176 rows and 382 columns
Presolve time: 0.36s
Presolved: 30197 rows, 2942 columns, 93027 nonzeros
Variable types: 0 continuous, 2942 integer (2941 binary)
Root relaxation presolved: 2942 rows, 33139 columns, 95969 nonzeros


Root relaxation: objective 1.400000e+02, 2345 iterations, 0.15 seconds (0.16 work units)

    Nodes    |    Current Node    |     Objective Bounds      |     Work
 Expl Unexpl |  Obj  Depth IntInf | Incumbent    BestBd   Gap | It/Node Time

     0     0  140.00000    0  433          -  140.00000      -     -    3s
     0     0  140.00000    0  652          -  140.00000      -     -    4s
     0     0  140.00000    0  682          -  140.00000      -     -    5s
     0     0  140.00000    0  748          -  140.00000      -     -   13s
     0     0  140.00000    0  682          -  140.00000      -     -   14s
     0     0  140.00000    0  725          -  140.00000      -     -   21s
     0     0  140.00000    0  679          -  140.00000      -     -   21s
     0     0  140.00000    0  493          -  140.00000      -     -   27s
     0     0  140.00000    0  708          -  140.00000      -     -   28s
     0     0  140.00000    0  836          -  140.00000      -     -   37s
     0     0  140.00000    0  759          -  140.00000      -     -   37s
     0     0  140.00000    0  542          -  140.00000      -     -   50s
     0     0  140.00000    0  542          -  140.00000      -     -   54s
     0     2  140.00000    0  542          -  140.00000      -     -   64s
     7     9  140.00000    4  422          -  140.00000      -  1249   65s
    72    74  140.00000   45  502          -  140.00000      -   402   70s
   118   111  140.00000   16  624          -  140.00000      -   399   75s
   151   143  140.00000   38  434          -  140.00000      -   423   80s
   194   176  140.00000   36  498          -  140.00000      -   396   85s
   286   247  140.00000   51  479          -  140.00000      -   331   90s
   349   286  140.00000   34  457          -  140.00000      -   333   95s
   424   358  140.00000   86  430          -  140.00000      -   327  100s
   498   410  140.00000   55  506          -  140.00000      -   325  105s
   567   453  140.00000   49  537          -  140.00000      -   313  110s
   585   469  140.00000   19  424          -  140.00000      -   313  116s
   586   470  139.00000   36  694          -  140.00000      -   312  128s
   587   471  140.00000   59  747          -  140.00000      -   312  131s
   588   471  140.00000   58  526          -  140.00000      -   311  140s
   590   473  140.00000   66  383          -  140.00000      -   310  152s
   592   474  139.00000   75  630          -  140.00000      -   309  161s
   594   475  140.00000   56  654          -  140.00000      -   308  169s
   595   476  140.00000   49  587          -  140.00000      -   308  171s
   596   477  140.00000   15  517          -  140.00000      -   307  180s
   598   478  140.00000   56  692          -  140.00000      -   306  192s
   600   479  139.00000   76  614          -  140.00000      -   305  201s
   601   480  140.00000   37  660          -  140.00000      -   305  205s
   602   481  140.00000   59  693          -  140.00000      -   304  214s
   603   481  140.00000   57  660          -  140.00000      -   304  216s
   604   482  140.00000   55  668          -  140.00000      -   303  224s
   605   483  140.00000   45  544          -  140.00000      -   303  230s
   607   486  140.00000   14  471          -  140.00000      -   361  241s
   623   497  140.00000   22  310          -  140.00000      -   363  267s
   648   511  140.00000   34  384          -  140.00000      -   364  270s
   684   533  140.00000   52  468          -  140.00000      -   371  275s
   705   545  140.00000   63  625          -  140.00000      -   380  280s
   723   543 infeasible   72               -  140.00000      -   393  285s
   755   561  139.00000   34  368          -  140.00000      -   393  290s
   795   585  139.00000   54  367          -  140.00000      -   394  295s
   827   595  139.00000   70  400          -  140.00000      -   401  300s
   857   599  140.00000   20  356          -  140.00000      -   410  305s
   895   624  140.00000   39  402          -  140.00000      -   412  310s
   939   649  140.00000   61  395          -  140.00000      -   413  315s
   987   673  140.00000   84  331          -  140.00000      -   417  320s
  1029   679 infeasible   34               -  140.00000      -   424  325s
  1080   709  140.00000   59  436          -  140.00000      -   425  330s
  1112   709  140.00000   24  446          -  140.00000      -   434  335s
  1163   739  140.00000   49  408          -  140.00000      -   433  340s
  1202   759  140.00000   69  390          -  140.00000      -   436  345s
  1223   763 infeasible   77               -  140.00000      -   448  350s
  1266   791  139.00000   47  406          -  140.00000      -   452  355s
  1315   818  139.00000   72  412          -  140.00000      -   454  360s
  1334   821  140.00000   27  410          -  140.00000      -   461  365s
  1388   849 infeasible   54               -  140.00000      -   461  370s
  1428   869 infeasible   74               -  140.00000      -   465  375s
  1458   867  140.00000   29  390          -  140.00000      -   469  380s
  1508   883 infeasible   52               -  140.00000      -   467  385s
  1571   921  140.00000   64  400          -  140.00000      -   463  390s
  1622   953  139.00000   95  424          -  140.00000      -   460  395s
  1654   948 infeasible   47               -  140.00000      -   465  400s
  1698   959 infeasible   60               -  140.00000      -   467  405s
  1757   991  139.00000   76  457          -  140.00000      -   464  410s
  1799  1007  139.00000   90  437          -  140.00000      -   466  415s
  1849  1020  139.00000   60  386          -  140.00000      -   466  420s
  1899  1045 infeasible   83               -  140.00000      -   468  425s
  1949  1059  140.00000   45  398          -  140.00000      -   468  430s
  1995  1081  140.00000   67  394          -  140.00000      -   470  435s
  2038  1098  140.00000   88  477          -  140.00000      -   473  440s
  2096  1136  140.00000   53  390          -  140.00000      -   470  445s
  2144  1180  140.00000   77  455          -  140.00000      -   472  450s
  2198  1214  140.00000   49  349          -  140.00000      -   473  455s
  2254  1252  140.00000   47  353          -  140.00000      -   473  460s
  2312  1296  140.00000   73  403          -  140.00000      -   473  465s
  2343  1304 infeasible   89               -  140.00000      -   476  470s
  2392  1335  140.00000   59  364          -  140.00000      -   478  475s
  2437  1362  140.00000   37  359          -  140.00000      -   480  480s
  2495  1410  140.00000   68  402          -  140.00000      -   479  485s
  2533  1432 infeasible   88               -  140.00000      -   482  490s
  2581  1462 infeasible   58               -  140.00000      -   484  495s
  2649  1514  140.00000   57  403          -  140.00000      -   481  500s
  2698  1549 infeasible   84               -  140.00000      -   483  505s
  2734  1569  140.00000   49  352          -  140.00000      -   485  510s
  2779  1596  140.00000   68  367          -  140.00000      -   487  540s
  2824  1619  140.00000   74  405          -  140.00000      -   487  545s
  2868  1647 infeasible   97               -  140.00000      -   488  550s
  2896  1655  140.00000   52  412          -  140.00000      -   492  555s
  2955  1695  140.00000   53  429          -  140.00000      -   490  560s
  3005  1731  139.00000   49  385          -  140.00000      -   491  565s
  3067  1779  139.00000   87  419          -  140.00000      -   488  570s
  3117  1805 infeasible   64               -  140.00000      -   489  575s
  3166  1846  139.00000   91  339          -  140.00000      -   489  580s
  3205  1875 infeasible  101               -  140.00000      -   491  585s
  3268  1916  139.00000   75  377          -  140.00000      -   490  590s
  3318  1958 infeasible   90               -  140.00000      -   489  595s
  3364  1988 infeasible  109               -  140.00000      -   490  600s
  3417  2013  140.00000   60  347          -  140.00000      -   490  605s
  3469  2051 infeasible   88               -  140.00000      -   490  610s
  3504  2067  140.00000   97  385          -  140.00000      -   492  615s
  3538  2081 infeasible  113               -  140.00000      -   494  620s
  3591  2118 infeasible   70               -  140.00000      -   494  625s
  3646  2167  140.00000   99  372          -  140.00000      -   493  630s
  3672  2177 infeasible  109               -  140.00000      -   497  635s
  3723  2206  139.00000   72  405          -  140.00000      -   497  640s
  3776  2225  140.00000   48  395          -  140.00000      -   497  645s
  3826  2249  140.00000   64  394          -  140.00000      -   497  650s
  3884  2305  140.00000   91  435          -  140.00000      -   497  655s
  3923  2328  140.00000   51  364          -  140.00000      -   498  660s
  3975  2376  140.00000   74  468          -  140.00000      -   499  665s
  4019  2404 infeasible   64               -  140.00000      -   500  670s
  4074  2437 infeasible   91               -  140.00000      -   499  675s
  4129  2484  140.00000   75  544          -  140.00000      -   499  680s
  4167  2504  140.00000   48  371          -  140.00000      -   501  685s
  4225  2554  140.00000   54  381          -  140.00000      -   499  690s
  4271  2590  140.00000   82  468          -  140.00000      -   500  695s
  4304  2607  139.00000   98  419          -  140.00000      -   502  700s
  4359  2644  139.00000   87  383          -  140.00000      -   502  705s
  4395  2660 infeasible   99               -  140.00000      -   503  710s
  4456  2697  139.00000   97  362          -  140.00000      -   502  715s
  4500  2717  139.00000  111  415          -  140.00000      -   504  720s
  4551  2742  140.00000   87  446          -  140.00000      -   504  725s
  4577  2748 infeasible   96               -  140.00000      -   506  730s
  4619  2776  140.00000   96  325          -  140.00000      -   508  735s
  4644  2779  140.00000   80  396          -  140.00000      -   511  740s
  4689  2802 infeasible   84               -  140.00000      -   512  745s
  4733  2834  140.00000   88  422          -  140.00000      -   514  750s
  4768  2849  140.00000   79  392          -  140.00000      -   515  755s
  4800  2863  140.00000   71  441          -  140.00000      -   517  760s
  4867  2908  140.00000   71  439          -  140.00000      -   515  765s
  4908  2929 infeasible   87               -  140.00000      -   517  770s
  4966  2971 infeasible  101               -  140.00000      -   516  775s
  5003  2996  140.00000   70  368          -  140.00000      -   516  780s
  5059  3042  140.00000   84  395          -  140.00000      -   517  785s
  5085  3058 infeasible   93               -  140.00000      -   519  790s
  5100  3053  139.00000   94  479          -  140.00000      -   521  795s
  5148  3087  139.00000   84  355          -  140.00000      -   521  800s
  5199  3118  139.00000  111  395          -  140.00000      -   521  805s
  5258  3153  139.00000   87  353          -  140.00000      -   520  810s
  5309  3172 infeasible   72               -  140.00000      -   521  815s
  5370  3207 infeasible  103               -  140.00000      -   519  820s
  5423  3246  140.00000   92  416          -  140.00000      -   518  825s
  5464  3271 infeasible  115               -  140.00000      -   518  830s
  5515  3302 infeasible   71               -  140.00000      -   517  835s
  5554  3333  139.00000   89  519          -  140.00000      -   518  840s
  5611  3376  139.00000   85  472          -  140.00000      -   517  845s
  5643  3388  140.00000   65  440          -  140.00000      -   518  850s
  5683  3412 infeasible   95               -  140.00000      -   518  855s
  5731  3450  140.00000   86  459          -  140.00000      -   518  860s
  5778  3471  140.00000   53  419          -  140.00000      -   519  865s
  5836  3519  139.09524   92  553          -  140.00000      -   518  870s
  5883  3540 infeasible   73               -  140.00000      -   518  875s
  5958  3599  140.00000   73  414          -  140.00000      -   516  880s
  6016  3641  139.00000   55  443          -  140.00000      -   515  885s
  6051  3668 infeasible   84               -  140.00000      -   515  890s
  6077  3682  139.00000   92  415          -  140.00000      -   516  895s
  6131  3720  139.00000   73  413          -  140.00000      -   515  900s
  6179  3762 infeasible  102               -  140.00000      -   514  905s
  6209  3770  140.00000   41  414          -  140.00000      -   515  910s
  6271  3814  139.00000   56  388          -  140.00000      -   513  915s
  6332  3865  139.00000   93  508          -  140.00000      -   512  920s
  6376  3897 infeasible  111               -  140.00000      -   512  925s
  6425  3936  140.00000   71  443          -  140.00000      -   511  930s
  6463  3966 infeasible   94               -  140.00000      -   512  935s
  6489  3970 infeasible   94               -  140.00000      -   513  940s
  6556  4031  140.00000   93  363          -  140.00000      -   512  945s
  6623  4070  139.00000   73  386          -  140.00000      -   510  950s
  6632  4069  140.00000   58  456          -  140.00000      -   510  970s
  6673  4106 infeasible   78               -  140.00000      -   510  975s
  6726  4145  140.00000  102  482          -  140.00000      -   510  980s
  6786  4185  139.00000   81  454          -  140.00000      -   510  985s
  6826  4209 infeasible   87               -  140.00000      -   511  990s
  6895  4272  140.00000   95  326          -  140.00000      -   509  995s
  6909  4280 infeasible   99               -  140.00000      -   512 1000s
  6952  4305  140.00000   84  352          -  140.00000      -   513 1005s
  6997  4338 infeasible  103               -  140.00000      -   513 1010s
  7053  4360  140.00000   82  363          -  140.00000      -   513 1015s
  7090  4369  140.00000   56  369          -  140.00000      -   515 1020s
  7143  4408 infeasible   84               -  140.00000      -   515 1025s
  7183  4436 infeasible  103               -  140.00000      -   515 1030s
  7232  4457  140.00000   60  359          -  140.00000      -   516 1035s
  7291  4514  140.00000   92  454          -  140.00000      -   515 1040s
  7303  4524 infeasible  101               -  140.00000      -   517 1046s
  7305  4526  139.72198  100  603          -  140.00000      -   520 1053s
  7314  4521 infeasible  103               -  140.00000      -   520 1055s
  7385  4570  139.00000   93  449          -  140.00000      -   518 1060s
  7481  4634  139.00000   64  369          -  140.00000      -   515 1065s
  7552  4685  140.00000   97  389          -  140.00000      -   514 1070s
  7592  4703  140.00000  115  427          -  140.00000      -   515 1075s
  7631  4718  140.00000   98  496          -  140.00000      -   516 1080s
  7693  4754  139.00000   53  379          -  140.00000      -   515 1085s
  7767  4810  140.00000   57  429          -  140.00000      -   513 1090s
  7835  4872  140.00000   99  391          -  140.00000      -   512 1095s
  7895  4906 infeasible   63               -  140.00000      -   512 1100s
  7961  4960  139.00000   95  392          -  140.00000      -   511 1105s
  8013  4990  139.00000  110  377          -  140.00000      -   511 1110s
  8042  4999  140.00000   68  430          -  140.00000      -   512 1115s
  8091  5038  140.00000  100  492          -  140.00000      -   512 1120s
  8118  5053 infeasible  112               -  140.00000      -   514 1125s
  8190  5109  140.00000   63  423          -  140.00000      -   512 1130s
  8254  5145  139.00000   74  403          -  140.00000      -   512 1135s
  8316  5191  139.00000   88  347          -  140.00000      -   511 1140s
  8373  5234 infeasible  118               -  140.00000      -   511 1145s
  8432  5267  139.66667   83  402          -  140.00000      -   510 1150s
  8524  5335 infeasible  103               -  140.00000      -   508 1155s
  8567  5344 infeasible   83               -  140.00000      -   509 1160s
  8619  5382  140.00000   80  466          -  140.00000      -   508 1165s
  8688  5413  140.00000   60  349          -  140.00000      -   507 1170s
  8753  5460  140.00000   71  372          -  140.00000      -   507 1175s
  8808  5487  140.00000   57  336          -  140.00000      -   507 1180s
  8871  5532  139.00000   97  448          -  140.00000      -   507 1185s
  8918  5549 infeasible   71               -  140.00000      -   508 1190s
  8971  5588 infeasible   93               -  140.00000      -   507 1195s
  9025  5620 infeasible   88               -  140.00000      -   507 1200s
  9091  5666 infeasible  122               -  140.00000      -   506 1205s
  9141  5694 infeasible   91               -  140.00000      -   507 1210s
  9191  5714  139.00000   91  387          -  140.00000      -   507 1215s
  9242  5737 infeasible   88               -  140.00000      -   508 1220s
  9310  5771  140.00000   82  417          -  140.00000      -   508 1225s
  9340  5791  138.96250   96  547          -  140.00000      -   509 1230s
  9402  5823  140.00000   97  400          -  140.00000      -   509 1235s
  9433  5842 infeasible  111               -  140.00000      -   511 1240s
  9473  5870  139.00000  103  327          -  140.00000      -   511 1245s
  9518  5895 infeasible   92               -  140.00000      -   512 1250s
  9555  5902  140.00000   85  412          -  140.00000      -   513 1255s
  9583  5922  139.00000  104  436          -  140.00000      -   514 1260s
  9621  5950  140.00000   93  401          -  140.00000      -   515 1265s
  9641  5964  140.00000  106  379          -  140.00000      -   517 1270s
  9681  5962 infeasible   82               -  140.00000      -   519 1275s
  9716  5993  140.00000   84  374          -  140.00000      -   518 1304s
  9724  6001  140.00000   92  380          -  140.00000      -   518 1305s
  9766  6015 infeasible  113               -  140.00000      -   518 1310s
  9782  6017  139.00000   67  384          -  140.00000      -   519 1315s
  9843  6058 infeasible   85               -  140.00000      -   519 1320s
  9882  6061  140.00000   76  306          -  140.00000      -   519 1325s
  9925  6094  140.00000  106  425          -  140.00000      -   520 1330s
  9966  6097 infeasible   94               -  140.00000      -   521 1335s
 10032  6141 infeasible   89               -  140.00000      -   520 1340s
 10068  6161 infeasible   98               -  140.00000      -   521 1345s
 10110  6191  139.00000  110  441          -  140.00000      -   521 1350s
 10162  6217 infeasible  108               -  140.00000      -   522 1355s
 10202  6213  140.00000   69  339          -  140.00000      -   523 1565s
 10245  6244  140.00000   80  441          -  140.00000      -   523 1570s
 10314  6281  137.00000   98  388          -  140.00000      -   523 1575s
 10390  6317 infeasible  103               -  140.00000      -   522 1580s
 10431  6332 infeasible   87               -  140.00000      -   523 1585s
 10469  6350 infeasible  106               -  140.00000      -   524 1590s
 10511  6358 infeasible   76               -  140.00000      -   525 1595s
 10584  6381  140.00000   90  483          -  140.00000      -   524 1600s
 10624  6409  139.00000  110  374          -  140.00000      -   525 1605s
 10681  6428 infeasible   85               -  140.00000      -   525 1610s
 10741  6456 infeasible   84               -  140.00000      -   525 1615s
 10762  6463  137.00000   82  472          -  140.00000      -   527 1620s
 10805  6500  139.00000  103  418          -  140.00000      -   527 1625s
 10863  6544  139.00000  110  438          -  140.00000      -   527 1630s
 10902  6567  140.00000   84  437          -  140.00000      -   527 1635s
 10959  6584 infeasible   68               -  140.00000      -   527 1640s
 11012  6609  139.00000   97  377          -  140.00000      -   527 1645s
 11080  6649 infeasible  102               -  140.00000      -   527 1650s
 11108  6655  140.00000   67  371          -  140.00000      -   528 1655s
 11148  6691  138.00000  100  497          -  140.00000      -   528 1660s
 11174  6695  140.00000   65  364          -  140.00000      -   529 1665s
 11234  6737 infeasible   78               -  140.00000      -   528 1670s
 11279  6762 infeasible   97               -  140.00000      -   529 1676s
 11327  6776  139.00000   71  457          -  140.00000      -   529 1680s
 11374  6801  140.00000   87  343          -  140.00000      -   530 1685s
 11402  6799  140.00000   83  369          -  140.00000      -   531 1690s
 11473  6854  139.00000  112  353          -  140.00000      -   531 1695s
 11523  6876 infeasible  102               -  140.00000      -   531 1700s
 11581  6910  140.00000   90  302          -  140.00000      -   531 1705s
 11611  6920 infeasible   99               -  140.00000      -   532 1710s
 11656  6953  139.80000  103  441          -  140.00000      -   532 1715s
 11713  6986  140.00000  102  351          -  140.00000      -   532 1720s
 11765  7016  140.00000   91  425          -  140.00000      -   533 1725s
 11814  7037 infeasible   93               -  140.00000      -   533 1730s
 11849  7040 infeasible   88               -  140.00000      -   534 1735s
 11898  7061  140.00000   88  324          -  140.00000      -   534 1740s
 11948  7081 infeasible   99               -  140.00000      -   534 1745s
 11975  7080 infeasible   95               -  140.00000      -   536 1750s
 12017  7080 infeasible   91               -  140.00000      -   536 1755s
 12057  7098 infeasible  102               -  140.00000      -   537 1760s
 12095  7120 infeasible   98               -  140.00000      -   538 1765s
 12125  7124  139.00000   98  413          -  140.00000      -   538 1770s
 12157  7132  140.00000   99  417          -  140.00000      -   540 1775s
 12212  7153  140.00000   88  429          -  140.00000      -   539 1780s
 12270  7189  139.00000   87  341          -  140.00000      -   539 1785s
 12337  7224  139.00000  122  391          -  140.00000      -   539 1790s
 12383  7246 infeasible  103               -  140.00000      -   539 1795s
 12417  7266  139.80000   94  411          -  140.00000      -   540 1800s
 12452  7291  139.80000  103  486          -  140.00000      -   540 1805s
 12504  7325  140.00000   90  368          -  140.00000      -   540 1810s
 12540  7337 infeasible  103               -  140.00000      -   541 1815s
 12594  7369 infeasible   92               -  140.00000      -   541 1820s
 12639  7376  140.00000   72  393          -  140.00000      -   541 1825s
 12733  7438 infeasible  120               -  140.00000      -   540 1830s
 12790  7467 infeasible   96               -  140.00000      -   540 1835s
 12819  7474  139.00000   99  377          -  140.00000      -   541 1840s
 12858  7483 infeasible   96               -  140.00000      -   541 1845s
 12899  7506  140.00000   96  351          -  140.00000      -   542 1850s
 12926  7519  139.00000  101  373          -  140.00000      -   543 1855s
 12980  7541  139.00000   93  352          -  140.00000      -   543 1860s
 13030  7553  140.00000   83  399          -  140.00000      -   543 1865s
 13073  7576  140.00000   90  413          -  140.00000      -   544 1870s
 13119  7592 infeasible   89               -  140.00000      -   544 1875s
 13154  7595 infeasible   88               -  140.00000      -   545 1880s
 13182  7603 infeasible   91               -  140.00000      -   545 1885s
 13213  7608  139.00000   92  498          -  140.00000      -   546 1890s
 13248  7617 infeasible   81               -  140.00000      -   547 1895s
 13289  7638  140.00000   82  571          -  140.00000      -   548 1900s
 13345  7664 infeasible   81               -  140.00000      -   547 1905s
 13366  7669 infeasible   86               -  140.00000      -   549 1910s
 13396  7683  140.00000   82  430          -  140.00000      -   549 1915s
 13457  7706 infeasible   93               -  140.00000      -   549 1920s
 13499  7724  140.00000   83  428          -  140.00000      -   550 1925s
 13545  7740  139.00000   93  413          -  140.00000      -   550 1930s
 13576  7759 infeasible   93               -  140.00000      -   551 1935s
 13614  7781 infeasible   91               -  140.00000      -   551 1940s
 13652  7789 infeasible   87               -  140.00000      -   552 1945s
 13677  7790 infeasible   85               -  140.00000      -   554 1950s
 13757  7844  139.00000   98  353          -  140.00000      -   552 1955s
 13806  7865 infeasible   95               -  140.00000      -   552 1960s
 13838  7875 infeasible  107               -  140.00000      -   553 1965s
 13869  7894 infeasible   97               -  140.00000      -   554 1970s
 13901  7906  140.00000   92  369          -  140.00000      -   554 1975s
 13935  7924 infeasible  109               -  140.00000      -   555 1980s
 13982  7953  140.00000   97  504          -  140.00000      -   556 1985s
 14023  7968  139.00000   92  438          -  140.00000      -   556 1990s
 14066  7991  139.00000  108  417          -  140.00000      -   556 1995s
 14107  8004  140.00000   88  392          -  140.00000      -   557 2000s
 14148  8023  139.00000   91  505          -  140.00000      -   558 2005s
 14167  8024  138.00000   92  340          -  140.00000      -   559 2035s
 14201  8038  140.00000   93  449          -  140.00000      -   559 2040s
 14227  8040 infeasible  102               -  140.00000      -   559 2045s
 14261  8060 infeasible  100               -  140.00000      -   560 2050s
 14282  8065  140.00000   97  412          -  140.00000      -   561 2055s
 14313  8080  140.00000  100  481          -  140.00000      -   562 2060s
 14352  8083 infeasible   92               -  140.00000      -   563 2065s
 14374  8085 infeasible  100               -  140.00000      -   564 2070s
 14402  8089 infeasible  103               -  140.00000      -   565 2075s
 14444  8101 infeasible  108               -  140.00000      -   565 2080s
 14460  8097  139.90499   93  559          -  140.00000      -   566 2085s
 14491  8110 infeasible  102               -  140.00000      -   567 2090s
 14523  8128 infeasible  111               -  140.00000      -   567 2095s
 14537  8122  139.00000   85  391          -  140.00000      -   568 2100s
 14584  8153  140.00000   98  398          -  140.00000      -   568 2105s
 14609  8162  140.00000  110  450          -  140.00000      -   569 2110s
 14653  8174 infeasible   90               -  140.00000      -   570 2115s
 14703  8216  139.00000  129  430          -  140.00000      -   570 2120s
 14759  8252  139.00000  101  433          -  140.00000      -   570 2125s
 14807  8266 infeasible  104               -  140.00000      -   570 2130s
 14835  8284  140.00000  108  420          -  140.00000      -   571 2135s
 14860  8285 infeasible   98               -  140.00000      -   572 2140s
 14895  8298 infeasible  108               -  140.00000      -   572 2145s
 14922  8297 infeasible  112               -  140.00000      -   573 2150s
 14967  8326  139.00000  112  379          -  140.00000      -   573 2155s
 14993  8330 infeasible   98               -  140.00000      -   574 2160s
 15043  8354 infeasible  109               -  140.00000      -   574 2165s
 15088  8365 infeasible  103               -  140.00000      -   574 2170s
 15124  8371  139.00000   83  470          -  140.00000      -   575 2175s
 15165  8384  140.00000  102  378          -  140.00000      -   575 2180s
 15203  8386  140.00000   92  397          -  140.00000      -   576 2185s
 15243  8398  138.99509   92  573          -  140.00000      -   577 2191s
 15280  8411  140.00000   87  354          -  140.00000      -   577 2195s
 15308  8427  139.00000  102  516          -  140.00000      -   578 2200s
 15342  8433 infeasible  100               -  140.00000      -   579 2205s
 15380  8431  140.00000   92  434          -  140.00000      -   579 2210s
 15423  8428 infeasible  102               -  140.00000      -   580 2215s
 15452  8431 infeasible   98               -  140.00000      -   581 2220s
 15494  8439 infeasible  115               -  140.00000      -   581 2225s
 15532  8443 infeasible   98               -  140.00000      -   582 2230s
 15565  8442 infeasible   88               -  140.00000      -   583 2235s
 15603  8448  140.00000  101  347          -  140.00000      -   583 2240s
 15647  8464 infeasible  102               -  140.00000      -   584 2245s
 15663  8470 infeasible   92               -  140.00000      -   584 2250s
 15709  8488  140.00000  104  473          -  140.00000      -   584 2255s
 15733  8490  140.00000   79  408          -  140.00000      -   585 2260s
 15769  8512  140.00000   97  442          -  140.00000      -   585 2265s
 15804  8521  139.77143   84  390          -  140.00000      -   586 2270s
 15862  8551  139.80000   88  368          -  140.00000      -   585 2275s
 15902  8557  140.00000   85  508          -  140.00000      -   586 2280s
 15957  8582 infeasible   97               -  140.00000      -   585 2285s
 16004  8589  140.00000   58  372          -  140.00000      -   586 2290s
 16059  8622 infeasible   96               -  140.00000      -   585 2295s
 16090  8633 infeasible   85               -  140.00000      -   586 2300s
 16116  8631 infeasible   82               -  140.00000      -   586 2305s
 16142  8635 infeasible   82               -  140.00000      -   587 2310s
 16170  8637  140.00000   80  401          -  140.00000      -   587 2315s
 16207  8650  140.00000   85  384          -  140.00000      -   588 2320s
 16243  8666  140.00000   72  506          -  140.00000      -   588 2325s
 16281  8680  140.00000   85  409          -  140.00000      -   588 2330s
 16348  8719  140.00000  100  401          -  140.00000      -   587 2335s
 16372  8737  139.80000  105  431          -  140.00000      -   588 2340s
 16400  8737 infeasible  107               -  140.00000      -   588 2345s
 16432  8745  139.77143   75  383          -  140.00000      -   589 2350s
 16485  8764  138.80000   81  408          -  140.00000      -   589 2355s
 16516  8771 infeasible   84               -  140.00000      -   589 2360s
 16563  8790 infeasible   90               -  140.00000      -   589 2365s
 16606  8797 infeasible   81               -  140.00000      -   589 2370s
 16650  8813 infeasible   92               -  140.00000      -   589 2375s
 16670  8811 infeasible   91               -  140.00000      -   590 2380s
 16709  8810 infeasible   98               -  140.00000      -   590 2385s
 16761  8834  140.00000   78  431          -  140.00000      -   590 2390s
 16812  8863  140.00000   83  396          -  140.00000      -   590 2395s
 16851  8868 infeasible   97               -  140.00000      -   590 2400s
 16895  8892 infeasible  115               -  140.00000      -   590 2405s
 16955  8912  139.00000   81  605          -  140.00000      -   590 2410s
 16989  8918  139.85714   93  471          -  140.00000      -   591 2415s
 17016  8921  139.00000   87  439          -  140.00000      -   592 2420s
 17068  8935  139.00000   82  449          -  140.00000      -   592 2425s
 17107  8948 infeasible   86               -  140.00000      -   592 2430s
 17127  8946 infeasible   91               -  140.00000      -   593 2435s
 17166  8957  140.00000   68  473          -  140.00000      -   593 2440s
 17217  8982 infeasible   82               -  140.00000      -   593 2445s
 17277  9034  140.00000   89  462          -  140.00000      -   593 2450s
 17329  9070  140.00000   82  460          -  140.00000      -   592 2455s
 17384  9087  140.00000   53  451          -  140.00000      -   592 2460s
 17444  9133  140.00000   91  374          -  140.00000      -   592 2465s
 17502  9165  138.00000  115  404          -  140.00000      -   591 2470s
 17548  9183 infeasible  101               -  140.00000      -   591 2475s
 17607  9210  140.00000   51  346          -  140.00000      -   591 2480s
 17666  9247  140.00000   50  365          -  140.00000      -   590 2485s
 17755  9322  140.00000   81  288          -  140.00000      -   589 2490s
 17818  9357 infeasible   80               -  140.00000      -   589 2495s
 17863  9388 infeasible   86               -  140.00000      -   589 2500s
 17909  9412  140.00000   78  418          -  140.00000      -   588 2505s
 17968  9439 infeasible   82               -  140.00000      -   588 2510s
 18009  9456  139.00000   81  421          -  140.00000      -   588 2515s
 18064  9481 infeasible  109               -  140.00000      -   589 2520s
 18113  9500  140.00000   99  363          -  140.00000      -   589 2525s
 18178  9535 infeasible  111               -  140.00000      -   588 2530s
 18219  9536 infeasible   90               -  140.00000      -   589 2535s
 18270  9565 infeasible  114               -  140.00000      -   589 2540s
 18309  9564 infeasible   82               -  140.00000      -   590 2545s
 18314  9563  140.00000   75  394          -  140.00000      -   590 2573s
 18327  9572  139.66667   83  393          -  140.00000      -   590 2575s
 18378  9597  139.00000   86  440          -  140.00000      -   590 2580s
 18391  9600  140.00000   79  406          -  140.00000      -   591 2585s
 18412  9605 infeasible   91               -  140.00000      -   591 2590s
 18459  9628 infeasible   67               -  140.00000      -   591 2595s
 18525  9674  140.00000   65  380          -  140.00000      -   591 2600s
 18594  9725 infeasible   84               -  140.00000      -   590 2605s
 18635  9744 infeasible  102               -  140.00000      -   591 2610s
 18678  9765  140.00000   71  353          -  140.00000      -   591 2615s
 18741  9808  140.00000  105  343          -  140.00000      -   590 2620s
 18803  9834  139.97381   85  368          -  140.00000      -   590 2625s
 18865  9864 infeasible   74               -  140.00000      -   590 2630s
 18927  9898 infeasible   92               -  140.00000      -   589 2635s
 18980  9911 infeasible   83               -  140.00000      -   589 2640s
 19004  9907  140.00000   75  343          -  140.00000      -   589 2645s
 19062  9929 infeasible  114               -  140.00000      -   589 2650s
 19130  9979  139.00000  108  394          -  140.00000      -   589 2655s
 19184  9993 infeasible   83               -  140.00000      -   589 2660s
 19212 10001 infeasible   88               -  140.00000      -   590 2665s
 19262 10007 infeasible   97               -  140.00000      -   590 2670s
 19307 10028 infeasible   99               -  140.00000      -   590 2675s
 19331 10034  139.80000   83  348          -  140.00000      -   590 2680s
 19377 10062  140.00000   85  397          -  140.00000      -   591 2685s
 19420 10093  140.00000   89  435          -  140.00000      -   591 2690s
 19464 10107 infeasible   85               -  140.00000      -   591 2695s
 19518 10137  140.00000   76  429          -  140.00000      -   591 2700s
 19566 10151  140.00000   91  418          -  140.00000      -   591 2705s
 19620 10171 infeasible   84               -  140.00000      -   591 2710s
 19670 10197 infeasible  109               -  140.00000      -   591 2715s
 19701 10204  140.00000   79  467          -  140.00000      -   591 2720s
 19759 10232  139.80000   99  384          -  140.00000      -   591 2725s
 19804 10253  139.80000  106  444          -  140.00000      -   591 2730s
 19845 10276  139.80000  104  439          -  140.00000      -   592 2735s
 19878 10275  140.00000   75  375          -  140.00000      -   592 2740s
 19928 10295 infeasible   82               -  140.00000      -   593 2745s
 19977 10320 infeasible   96               -  140.00000      -   593 2750s
 20023 10330 infeasible   88               -  140.00000      -   593 2755s
 20060 10351 infeasible  108               -  140.00000      -   593 2760s
 20086 10351  139.00000   83  408          -  140.00000      -   594 2765s
 20111 10344  140.00000   90  417          -  140.00000      -   594 2770s
 20153 10362 infeasible  115               -  140.00000      -   594 2775s
 20182 10371 infeasible   94               -  140.00000      -   595 2780s
 20228 10389  139.80000  112  407          -  140.00000      -   595 2785s
 20276 10411 infeasible  107               -  140.00000      -   594 2790s
 20315 10434 infeasible  104               -  140.00000      -   595 2795s
 20357 10460  139.80000  111  464          -  140.00000      -   595 2800s
 20380 10463  139.00000   84  378          -  140.00000      -   596 2805s
 20404 10467 infeasible   86               -  140.00000      -   596 2810s
 20475 10500 infeasible  113               -  140.00000      -   596 2815s
 20504 10515 infeasible   92               -  140.00000      -   596 2820s
 20545 10536  139.00000   95  365          -  140.00000      -   596 2825s
 20581 10564  139.00000  112  386          -  140.00000      -   596 2830s
 20622 10583 infeasible   98               -  140.00000      -   597 2835s
 20668 10617 infeasible  108               -  140.00000      -   597 2840s
 20728 10667  139.00000  122  427          -  140.00000      -   596 2845s
 20755 10676  139.00000   88  468          -  140.00000      -   597 2850s
 20802 10695 infeasible   89               -  140.00000      -   596 2855s
 20864 10729  139.00000   78  435          -  140.00000      -   596 2860s
 20931 10774 infeasible   91               -  140.00000      -   595 2865s
 20998 10817  139.00000  113  465          -  140.00000      -   595 2870s
 21023 10822  139.00000  120  491          -  140.00000      -   595 2875s
 21069 10844 infeasible  100               -  140.00000      -   595 2880s
 21097 10846  140.00000   75  396          -  140.00000      -   596 2885s
 21145 10872 infeasible   73               -  140.00000      -   596 2890s
 21209 10908  140.00000   88  358          -  140.00000      -   596 2895s
 21261 10932 infeasible   81               -  140.00000      -   596 2900s
 21291 10938  140.00000   84  503          -  140.00000      -   596 2905s
 21349 10962 infeasible  101               -  140.00000      -   596 2910s
 21371 10970 infeasible   79               -  140.00000      -   596 2915s
 21414 10991 infeasible   85               -  140.00000      -   596 2920s
 21461 11020  140.00000   96  448          -  140.00000      -   596 2925s
 21498 11029  140.00000   77  332          -  140.00000      -   596 2930s
 21539 11042 infeasible   95               -  140.00000      -   597 2935s
 21586 11053  140.00000   86  442          -  140.00000      -   597 2940s
 21641 11072 infeasible   94               -  140.00000      -   597 2945s
 21686 11097  139.92589   82  465          -  140.00000      -   597 2950s
 21736 11135  139.00000  101  424          -  140.00000      -   597 2955s
 21803 11176  138.00000   69  434          -  140.00000      -   597 2960s
 21873 11230 infeasible  109               -  140.00000      -   596 2965s
 21907 11240  139.00000   66  353          -  140.00000      -   596 2970s
 21947 11274  139.00000   95  376          -  140.00000      -   596 2975s
 22002 11309 infeasible  115               -  140.00000      -   596 2980s
 22058 11349 infeasible   97               -  140.00000      -   596 2985s
 22094 11369  140.00000   83  486          -  140.00000      -   596 2990s
 22108 11365 infeasible   85               -  140.00000      -   596 2995s
 22160 11405  140.00000   99  402          -  140.00000      -   596 3000s
 22198 11421  139.00000   85  402          -  140.00000      -   597 3005s
 22246 11441 infeasible  100               -  140.00000      -   596 3010s
 22288 11451  140.00000   84  456          -  140.00000      -   597 3015s
 22320 11471 infeasible   97               -  140.00000      -   597 3020s
 22375 11510 infeasible  101               -  140.00000      -   597 3025s
 22423 11526  139.00000   84  413          -  140.00000      -   597 3030s
 22484 11561 infeasible  109               -  140.00000      -   596 3035s
 22525 11566 infeasible   95               -  140.00000      -   597 3040s
 22575 11598  139.00000   92  426          -  140.00000      -   597 3045s
 22618 11607 infeasible   68               -  140.00000      -   597 3050s
 22622 11605  137.80000   68  475          -  140.00000      -   597 3078s
 22630 11603  138.00000   75  443          -  140.00000      -   597 3080s
 22686 11615  140.00000   73  384          -  140.00000      -   597 3085s
 22739 11646  139.00000  111  356          -  140.00000      -   596 3090s
 22785 11658  140.00000  106  453          -  140.00000      -   597 3095s
 22808 11647 infeasible  103               -  140.00000      -   598 3100s
 22853 11662 infeasible   87               -  140.00000      -   598 3105s
 22917 11698  140.00000   67  342          -  140.00000      -   597 3110s
 22955 11726 infeasible   85               -  140.00000      -   598 3115s
 23009 11750 infeasible   78               -  140.00000      -   598 3120s
 23047 11756 infeasible   88               -  140.00000      -   598 3125s
 23089 11760  138.00000   95  393          -  140.00000      -   598 3130s
 23136 11783 infeasible  100               -  140.00000      -   598 3135s
 23176 11805  140.00000   86  408          -  140.00000      -   599 3140s
 23208 11811 infeasible   85               -  140.00000      -   599 3145s
 23256 11831 infeasible   81               -  140.00000      -   599 3150s
 23287 11822 infeasible   84               -  140.00000      -   599 3155s
 23313 11822  140.00000   84  415          -  140.00000      -   600 3160s
 23372 11847 infeasible   84               -  140.00000      -   600 3165s
 23393 11848 infeasible   82               -  140.00000      -   601 3170s
 23427 11848 infeasible   81               -  140.00000      -   601 3175s
 23458 11857  140.00000  104  472          -  140.00000      -   601 3180s
 23511 11878 infeasible   84               -  140.00000      -   601 3185s
 23542 11885 infeasible   95               -  140.00000      -   602 3190s
 23580 11895 infeasible   88               -  140.00000      -   603 3195s
 23611 11902  140.00000   78  347          -  140.00000      -   603 3200s
 23683 11942  140.00000  102  389          -  140.00000      -   603 3205s
 23721 11950 infeasible   93               -  140.00000      -   603 3210s
 23749 11950  140.00000   80  366          -  140.00000      -   604 3215s
 23805 11984 infeasible  103               -  140.00000      -   604 3220s
 23831 11982  140.00000   71  379          -  140.00000      -   604 3225s
 23854 11985 infeasible   83               -  140.00000      -   604 3230s
 23895 11996  140.00000   80  351          -  140.00000      -   604 3235s
 23928 11997  140.00000   87  434          -  140.00000      -   605 3240s
 23970 11997 infeasible   84               -  140.00000      -   605 3245s
 24004 12007  140.00000   91  337          -  140.00000      -   606 3250s
 24046 12011  140.00000   87  523          -  140.00000      -   606 3255s
 24095 12022 infeasible   89               -  140.00000      -   606 3260s
 24122 12029  138.00000   99  362          -  140.00000      -   606 3265s
 24149 12030 infeasible   82               -  140.00000      -   607 3270s
 24199 12030  140.00000   83  402          -  140.00000      -   607 3275s
 24239 12032 infeasible   80               -  140.00000      -   608 3280s
 24285 12050 infeasible   83               -  140.00000      -   608 3285s
 24332 12067  140.00000   71  369          -  140.00000      -   607 3290s
 24375 12096 infeasible   90               -  140.00000      -   607 3295s
 24426 12109 infeasible   76               -  140.00000      -   607 3300s
 24480 12141 infeasible   89               -  140.00000      -   607 3305s
 24505 12144  140.00000   82  389          -  140.00000      -   608 3310s
 24557 12174 infeasible  112               -  140.00000      -   608 3315s
 24592 12185  140.00000   79  400          -  140.00000      -   608 3320s
 24636 12187  140.00000   76  352          -  140.00000      -   608 3325s
 24695 12216 infeasible   81               -  140.00000      -   608 3330s
 24732 12237 infeasible   92               -  140.00000      -   609 3335s
 24760 12231  140.00000   94  382          -  140.00000      -   609 3340s
 24811 12256 infeasible  100               -  140.00000      -   609 3345s
 24858 12287  140.00000  104  401          -  140.00000      -   609 3350s
 24901 12298 infeasible   87               -  140.00000      -   609 3355s
 24922 12307 infeasible   91               -  140.00000      -   610 3360s
 24952 12309 infeasible   83               -  140.00000      -   610 3365s
 24979 12312  140.00000  111  434          -  140.00000      -   611 3370s
 25002 12307 infeasible   83               -  140.00000      -   611 3375s
 25035 12314 infeasible   90               -  140.00000      -   612 3380s
 25069 12330 infeasible  108               -  140.00000      -   612 3385s
 25094 12327 infeasible   93               -  140.00000      -   613 3390s
 25135 12356 infeasible  108               -  140.00000      -   613 3395s
 25167 12374 infeasible   94               -  140.00000      -   613 3400s
 25225 12390 infeasible   89               -  140.00000      -   613 3405s
 25259 12396 infeasible   84               -  140.00000      -   614 3411s
 25277 12398 infeasible   93               -  140.00000      -   614 3415s
 25326 12411 infeasible   96               -  140.00000      -   614 3420s
 25343 12408  140.00000   82  359          -  140.00000      -   614 3425s
 25376 12411 infeasible   93               -  140.00000      -   615 3430s
 25417 12426  138.00000   78  509          -  140.00000      -   615 3435s
 25436 12429  140.00000   83  426          -  140.00000      -   615 3440s
 25480 12445 infeasible   90               -  140.00000      -   616 3445s
 25513 12452  140.00000   80  409          -  140.00000      -   616 3450s
 25560 12459 infeasible   91               -  140.00000      -   616 3455s
 25595 12464  140.00000   84  324          -  140.00000      -   616 3460s
 25637 12474 infeasible   85               -  140.00000      -   616 3465s
 25675 12478 infeasible   75               -  140.00000      -   617 3470s
 25713 12494 infeasible   89               -  140.00000      -   617 3475s
 25749 12504  139.00000   94  414          -  140.00000      -   617 3480s
 25791 12518 infeasible   95               -  140.00000      -   617 3485s
 25835 12530 infeasible   84               -  140.00000      -   617 3490s
 25856 12529 infeasible   86               -  140.00000      -   618 3495s
 25889 12530  140.00000   73  340          -  140.00000      -   618 3500s
 25947 12556 infeasible  101               -  140.00000      -   618 3505s
 25991 12562 infeasible   86               -  140.00000      -   619 3510s
 26024 12569 infeasible   89               -  140.00000      -   619 3515s
 26059 12566  140.00000   85  424          -  140.00000      -   620 3520s
 26080 12563  140.00000   74  364          -  140.00000      -   620 3525s
 26113 12578 infeasible   84               -  140.00000      -   621 3530s
 26156 12575 infeasible   85               -  140.00000      -   621 3535s
 26212 12593  138.00000   95  364          -  140.00000      -   621 3540s
 26265 12600 infeasible  105               -  140.00000      -   621 3545s
 26302 12611 infeasible   71               -  140.00000      -   621 3550s
 26371 12652  138.80000   92  295          -  140.00000      -   621 3555s
 26434 12679  140.00000   70  358          -  140.00000      -   621 3560s
 26478 12699 infeasible   93               -  140.00000      -   621 3565s
 26522 12711  139.00000   61  390          -  140.00000      -   621 3570s
 26576 12755  139.00000   98  459          -  140.00000      -   621 3575s
 26633 12786 infeasible   86               -  140.00000      -   620 3580s
 26676 12797 infeasible   73               -  140.00000      -   620 3585s
 26716 12817 infeasible   97               -  140.00000      -   621 3590s
 26731 12814  140.00000   91  377          -  140.00000      -   621 3600s

Cutting planes:
  Clique: 5
  MIR: 1
  StrongCG: 2
  Flow cover: 19
  Zero half: 6
  RLT: 23
  BQP: 33

Explored 26732 nodes (16886220 simplex iterations) in 3600.01 seconds (4515.11 work units)
Thread count was 1 (of 8 available processors)

Solution count 0

Time limit reached
Best objective -, best bound 1.400000000000e+02, gap -
