
Gurobi 11.0.1 (win64) logging started Mon Apr  1 12:50:25 2024

Set parameter LogFile to value "C:\Projetos\Job_Rotation_Algorithms\Outputs\GurobiLogs\gurobi_log-output-69_ton-c81-BorbaRittModel-NoExtraConstraint-2.log"
Gurobi Optimizer version 11.0.1 build v11.0.1rc0 (win64 - Windows 10.0 (19045.2))

CPU model: 11th Gen Intel(R) Core(TM) i7-1165G7 @ 2.80GHz, instruction set [SSE2|AVX|AVX2|AVX512]
Thread count: 4 physical cores, 8 logical processors, using up to 1 threads


Gurobi 11.0.1 (win64) logging started Mon Apr  1 21:38:12 2024

Set parameter LogFile to value "C:\Projetos\Job_Rotation_Algorithms\Outputs\GurobiLogs\gurobi_log-output-69_ton-c81-BorbaRittModel-NoExtraConstraint-2.log"
Gurobi Optimizer version 11.0.1 build v11.0.1rc0 (win64 - Windows 10.0 (19045.2))

CPU model: 11th Gen Intel(R) Core(TM) i7-1165G7 @ 2.80GHz, instruction set [SSE2|AVX|AVX2|AVX512]
Thread count: 4 physical cores, 8 logical processors, using up to 1 threads


Gurobi 11.0.1 (win64) logging started Thu Apr  4 23:35:35 2024

Set parameter LogFile to value "C:\Projetos\Job_Rotation_Algorithms\Outputs\GurobiLogs\gurobi_log-output-69_ton-c81-BorbaRittModel-NoExtraConstraint-2.log"
Gurobi Optimizer version 11.0.1 build v11.0.1rc0 (win64 - Windows 10.0 (19045.2))

CPU model: 11th Gen Intel(R) Core(TM) i7-1165G7 @ 2.80GHz, instruction set [SSE2|AVX|AVX2|AVX512]
Thread count: 4 physical cores, 8 logical processors, using up to 1 threads


Gurobi 11.0.1 (win64) logging started Sat Apr  6 13:06:02 2024

Set parameter LogFile to value "C:\Projetos\Job_Rotation_Algorithms\Outputs\GurobiLogs\gurobi_log-output-69_ton-c81-BorbaRittModel-NoExtraConstraint-2.log"
Gurobi Optimizer version 11.0.1 build v11.0.1rc0 (win64 - Windows 10.0 (19045.2))

CPU model: 11th Gen Intel(R) Core(TM) i7-1165G7 @ 2.80GHz, instruction set [SSE2|AVX|AVX2|AVX512]
Thread count: 4 physical cores, 8 logical processors, using up to 1 threads


Gurobi 11.0.1 (win64) logging started Sun Apr  7 02:37:59 2024

Set parameter LogFile to value "C:\Projetos\Job_Rotation_Algorithms\Outputs\GurobiLogs\gurobi_log-output-69_ton-c81-BorbaRittModel-NoExtraConstraint-2.log"
Gurobi Optimizer version 11.0.1 build v11.0.1rc0 (win64 - Windows 10.0 (19045.2))

CPU model: 11th Gen Intel(R) Core(TM) i7-1165G7 @ 2.80GHz, instruction set [SSE2|AVX|AVX2|AVX512]
Thread count: 4 physical cores, 8 logical processors, using up to 1 threads


Gurobi 11.0.1 (win64) logging started Sun Apr  7 09:50:57 2024

Set parameter LogFile to value "C:\Projetos\Job_Rotation_Algorithms\Outputs\GurobiLogs\gurobi_log-output-69_ton-c81-BorbaRittModel-NoExtraConstraint-2.log"
Gurobi Optimizer version 11.0.1 build v11.0.1rc0 (win64 - Windows 10.0 (19045.2))

CPU model: 11th Gen Intel(R) Core(TM) i7-1165G7 @ 2.80GHz, instruction set [SSE2|AVX|AVX2|AVX512]
Thread count: 4 physical cores, 8 logical processors, using up to 1 threads


Gurobi 11.0.1 (win64) logging started Wed Apr 10 17:39:49 2024

Set parameter LogFile to value "C:\Projetos\Job_Rotation_Algorithms\Outputs\GurobiLogs\gurobi_log-output-69_ton-c81-BorbaRittModel-NoExtraConstraint-2.log"
Gurobi Optimizer version 11.0.1 build v11.0.1rc0 (win64 - Windows 10.0 (19045.2))

CPU model: 11th Gen Intel(R) Core(TM) i7-1165G7 @ 2.80GHz, instruction set [SSE2|AVX|AVX2|AVX512]
Thread count: 4 physical cores, 8 logical processors, using up to 1 threads


Gurobi 11.0.1 (win64) logging started Thu Apr 11 01:44:38 2024

Set parameter LogFile to value "C:\Projetos\Job_Rotation_Algorithms\Outputs\GurobiLogs\gurobi_log-output-69_ton-c81-BorbaRittModel-NoExtraConstraint-2.log"
Gurobi Optimizer version 11.0.1 build v11.0.1rc0 (win64 - Windows 10.0 (19045.2))

CPU model: 11th Gen Intel(R) Core(TM) i7-1165G7 @ 2.80GHz, instruction set [SSE2|AVX|AVX2|AVX512]
Thread count: 4 physical cores, 8 logical processors, using up to 1 threads


Gurobi 11.0.1 (win64) logging started Sun Apr 21 03:01:32 2024

Set parameter LogFile to value "C:\Projetos\Job_Rotation_Algorithms\Outputs\GurobiLogs\gurobi_log-output-69_ton-c81-BorbaRittModel-NoExtraConstraint-2.log"
Gurobi Optimizer version 11.0.1 build v11.0.1rc0 (win64 - Windows 10.0 (19045.2))

CPU model: 11th Gen Intel(R) Core(TM) i7-1165G7 @ 2.80GHz, instruction set [SSE2|AVX|AVX2|AVX512]
Thread count: 4 physical cores, 8 logical processors, using up to 1 threads


Gurobi 11.0.1 (win64) logging started Fri Apr 26 07:43:30 2024

Set parameter LogFile to value "C:\Projetos\Job_Rotation_Algorithms\Outputs\GurobiLogs\gurobi_log-output-69_ton-c81-BorbaRittModel-NoExtraConstraint-2.log"
Gurobi Optimizer version 11.0.1 build v11.0.1rc0 (win64 - Windows 10.0 (19045.2))

CPU model: 11th Gen Intel(R) Core(TM) i7-1165G7 @ 2.80GHz, instruction set [SSE2|AVX|AVX2|AVX512]
Thread count: 4 physical cores, 8 logical processors, using up to 1 threads


Gurobi 11.0.1 (win64) logging started Sat Apr 27 04:34:41 2024

Set parameter LogFile to value "C:\Projetos\Job_Rotation_Algorithms\Outputs\GurobiLogs\gurobi_log-output-69_ton-c81-BorbaRittModel-NoExtraConstraint-2.log"
Gurobi Optimizer version 11.0.1 build v11.0.1rc0 (win64 - Windows 10.0 (19045.2))

CPU model: 11th Gen Intel(R) Core(TM) i7-1165G7 @ 2.80GHz, instruction set [SSE2|AVX|AVX2|AVX512]
Thread count: 4 physical cores, 8 logical processors, using up to 1 threads


Gurobi 11.0.1 (win64) logging started Sat Apr 27 14:52:47 2024

Set parameter LogFile to value "C:\Projetos\Job_Rotation_Algorithms\Outputs\GurobiLogs\gurobi_log-output-69_ton-c81-BorbaRittModel-NoExtraConstraint-2.log"
Gurobi Optimizer version 11.0.1 build v11.0.1rc0 (win64 - Windows 10.0 (19045.2))

CPU model: 11th Gen Intel(R) Core(TM) i7-1165G7 @ 2.80GHz, instruction set [SSE2|AVX|AVX2|AVX512]
Thread count: 4 physical cores, 8 logical processors, using up to 1 threads


Gurobi 11.0.1 (win64) logging started Sat May  4 17:58:40 2024

Set parameter LogFile to value "C:\Projetos\Job_Rotation_Algorithms\Outputs\GurobiLogs\gurobi_log-output-69_ton-c81-BorbaRittModel-NoExtraConstraint-2.log"
Gurobi Optimizer version 11.0.1 build v11.0.1rc0 (win64 - Windows 10.0 (19045.2))

CPU model: 11th Gen Intel(R) Core(TM) i7-1165G7 @ 2.80GHz, instruction set [SSE2|AVX|AVX2|AVX512]
Thread count: 4 physical cores, 8 logical processors, using up to 1 threads

WLS license 901038 - registered to Bitka Analytics
Optimize a model with 46772 rows, 3735 columns and 143807 nonzeros
Model fingerprint: 0x36b198a9
Variable types: 2 continuous, 3733 integer (3733 binary)
Coefficient statistics:
  Matrix range     [1e+00, 3e+02]
  Objective range  [1e+00, 1e+00]
  Bounds range     [1e+00, 2e+02]
  RHS range        [1e+00, 2e+02]
Presolve removed 6844 rows and 286 columns
Presolve time: 0.52s
Presolved: 39928 rows, 3449 columns, 122896 nonzeros
Variable types: 0 continuous, 3449 integer (3448 binary)
Root relaxation presolved: 3449 rows, 43377 columns, 126345 nonzeros


Root relaxation: objective 1.400000e+02, 2174 iterations, 0.15 seconds (0.15 work units)

    Nodes    |    Current Node    |     Objective Bounds      |     Work
 Expl Unexpl |  Obj  Depth IntInf | Incumbent    BestBd   Gap | It/Node Time

     0     0  140.00000    0  380          -  140.00000      -     -    3s
     0     0  140.00000    0  675          -  140.00000      -     -    7s
     0     0  140.00000    0  597          -  140.00000      -     -    7s
     0     0  140.00000    0  615          -  140.00000      -     -   15s
     0     0  140.00000    0  525          -  140.00000      -     -   15s
     0     0  140.00000    0  595          -  140.00000      -     -   21s
     0     0  140.00000    0  524          -  140.00000      -     -   21s
     0     0  140.00000    0  373          -  140.00000      -     -   30s
     0     0  140.00000    0  398          -  140.00000      -     -   30s
     0     0  140.00000    0  534          -  140.00000      -     -   44s
     0     0  140.00000    0  668          -  140.00000      -     -   46s
     0     0  140.00000    0  622          -  140.00000      -     -   54s
     0     0  140.00000    0  430          -  140.00000      -     -   66s
     0     2  140.00000    0  429          -  140.00000      -     -   74s
     6     8  140.00000    5  331          -  140.00000      -   762   75s
    31    33  140.00000   22  370          -  140.00000      -   570   80s
   145   135  140.00000   27  308          -  140.00000      -   266   85s
   247   223  140.00000   49  401          -  140.00000      -   242   90s
   367   315  140.00000   44  395          -  140.00000      -   220   95s
   509   402 infeasible   73               -  140.00000      -   215  100s
   613   456  140.00000   60  460          -  140.00000      -   209  107s
   614   457  140.00000   56  451          -  140.00000      -   208  112s
   615   458  140.00000   69  648          -  140.00000      -   208  115s
   616   458  140.00000    7  474          -  140.00000      -   208  133s
   618   460  140.00000   49  420          -  140.00000      -   207  142s
   620   461  140.00000   66  435          -  140.00000      -   206  149s
   621   462  139.87500   75  461          -  140.00000      -   206  150s
   622   462  140.00000   65  540          -  140.00000      -   206  156s
   624   464  140.00000   64  327          -  140.00000      -   205  163s
   625   464  140.00000   46  396          -  140.00000      -   205  165s
   626   465  140.00000   17  389          -  140.00000      -   204  172s
   628   466  140.00000   21  474          -  140.00000      -   204  178s
   629   467  140.00000   29  472          -  140.00000      -   203  180s
   630   468  140.00000   59  399          -  140.00000      -   203  191s
   632   469  140.00000   72  605          -  140.00000      -   203  202s
   633   470  140.00000   56  605          -  140.00000      -   202  206s
   634   470  140.00000   36  605          -  140.00000      -   202  210s
   635   473  140.00000   14  577          -  140.00000      -   277  218s
   641   477  140.00000   17  535          -  140.00000      -   277  228s
   648   482  140.00000   20  508          -  140.00000      -   280  230s
   676   500  140.00000   34  398          -  140.00000      -   279  235s
   743   545  140.00000   68  300          -  140.00000      -   271  240s
   831   588  140.00000   44  324          -  140.00000      -   260  245s
   896   619  140.00000   35  301          -  140.00000      -   256  250s
   960   654  140.00000   67  346          -  140.00000      -   258  255s
  1019   675  140.00000   51  217          -  140.00000      -   258  260s
  1079   699  140.00000   39  297          -  140.00000      -   262  265s
  1140   738  140.00000   69  290          -  140.00000      -   257  279s
  1144   740  140.00000   71  286          -  140.00000      -   257  280s
  1172   755  140.00000   85  403          -  140.00000      -   263  285s
  1205   759  140.00000   44  356          -  140.00000      -   270  290s
  1266   798  140.00000   74  405          -  140.00000      -   270  295s
  1288   802 infeasible   85               -  140.00000      -   276  300s
  1327   814  140.00000   68  425          -  140.00000      -   279  305s
  1368   806  140.00000   56  278          -  140.00000      -   285  310s
  1439   839  140.00000   64  313          -  140.00000      -   283  315s
  1483   844  140.00000   43  362          -  140.00000      -   286  320s
  1532   873 infeasible   64               -  140.00000      -   287  325s
  1584   878  140.00000   76  449          -  140.00000      -   290  330s
  1626   888  140.00000   66  350          -  140.00000      -   295  335s
  1681   914  140.00000   93  445          -  140.00000      -   298  340s
  1701   916  140.00000   99  424          -  140.00000      -   305  345s
  1756   922 infeasible   73               -  140.00000      -   307  350s
  1822   940 infeasible   72               -  140.00000      -   307  355s
  1879   960  140.00000   77  401          -  140.00000      -   310  360s
  1914   970 infeasible   93               -  140.00000      -   315  365s
  1926   976  139.00000   96  402          -  140.00000      -   324  370s
  1940   973  139.00000   98  392          -  140.00000      -   330  375s
  1968   972 infeasible  110               -  140.00000      -   334  380s
  2016   998  140.00000   73  321          -  140.00000      -   334  385s
  2057  1017  140.00000   66  333          -  140.00000      -   336  390s
  2094  1044 infeasible   83               -  140.00000      -   338  395s
  2145  1069  140.00000   58  331          -  140.00000      -   338  400s
  2193  1109 infeasible   85               -  140.00000      -   338  405s
  2241  1133  140.00000   82  400          -  140.00000      -   339  410s
  2287  1155 infeasible   87               -  140.00000      -   340  415s
  2320  1166  140.00000   60  314          -  140.00000      -   342  420s
  2381  1211  140.00000   87  338          -  140.00000      -   341  425s
  2433  1239  140.00000   71  360          -  140.00000      -   341  430s
  2460  1244  140.00000   45  468          -  140.00000      -   345  435s
  2542  1308  140.00000   77  316          -  140.00000      -   341  440s
  2592  1336 infeasible   57               -  140.00000      -   341  445s
  2642  1374  140.00000   79  376          -  140.00000      -   340  450s
  2692  1408  140.00000   59  331          -  140.00000      -   341  455s
  2742  1448  140.00000   78  415          -  140.00000      -   341  460s
  2773  1459  140.00000   60  251          -  140.00000      -   343  465s
  2791  1465  140.00000   66  291          -  140.00000      -   344  470s
  2867  1517  140.00000   71  263          -  140.00000      -   341  475s
  2918  1554 infeasible   84               -  140.00000      -   341  480s
  2968  1556  140.00000   63  345          -  140.00000      -   343  485s
  3020  1576  140.00000   70  377          -  140.00000      -   343  490s
  3067  1591  140.00000   61  256          -  140.00000      -   344  495s
  3131  1625  140.00000   73  275          -  140.00000      -   342  500s
  3187  1649 infeasible   67               -  140.00000      -   342  505s
  3248  1664 infeasible   62               -  140.00000      -   342  510s
  3308  1678  140.00000   72  346          -  140.00000      -   342  515s
  3369  1687  140.00000   66  342          -  140.00000      -   343  520s
  3388  1690  140.00000   72  395          -  140.00000      -   343  539s
  3393  1689 infeasible   73               -  140.00000      -   343  540s
  3444  1684 infeasible   72               -  140.00000      -   343  545s
  3502  1696  140.00000   80  319          -  140.00000      -   343  550s
  3558  1702  140.00000   57  308          -  140.00000      -   344  555s
  3614  1724 infeasible   57               -  140.00000      -   345  560s
  3671  1747 infeasible   77               -  140.00000      -   344  565s
  3722  1776 infeasible   70               -  140.00000      -   344  570s
  3785  1815  140.00000   71  309          -  140.00000      -   343  575s
  3836  1838 infeasible   89               -  140.00000      -   343  580s
  3903  1863  140.00000   70  281          -  140.00000      -   342  585s
  3967  1889  140.00000   67  409          -  140.00000      -   342  590s
  4035  1925  140.00000   63  459          -  140.00000      -   341  595s
  4093  1943  140.00000   56  259          -  140.00000      -   341  600s
  4156  1976  140.00000   74  382          -  140.00000      -   340  605s
  4210  1988  140.00000   64  323          -  140.00000      -   341  610s
  4268  2038  140.00000   80  296          -  140.00000      -   340  615s
  4306  2056  140.00000   90  397          -  140.00000      -   341  620s
  4381  2085  140.00000   74  260          -  140.00000      -   340  625s
  4425  2093  140.00000   67  412          -  140.00000      -   342  630s
  4493  2127  140.00000   79  271          -  140.00000      -   341  635s
  4561  2139  140.00000   71  317          -  140.00000      -   341  640s
  4636  2162 infeasible   71               -  140.00000      -   340  645s
  4693  2179  140.00000   66  254          -  140.00000      -   340  650s
  4748  2212  140.00000   72  251          -  140.00000      -   340  655s
  4828  2258  140.00000   72  339          -  140.00000      -   338  660s
  4901  2305  140.00000   73  478          -  140.00000      -   337  665s
  4960  2348  140.00000   91  346          -  140.00000      -   337  670s
  5034  2388 infeasible   78               -  140.00000      -   336  675s
  5071  2409 infeasible   88               -  140.00000      -   337  680s
  5123  2427 infeasible   80               -  140.00000      -   337  685s
  5200  2472 infeasible   87               -  140.00000      -   336  690s
  5235  2483 infeasible   70               -  140.00000      -   337  695s
  5315  2549  140.00000   96  302          -  140.00000      -   335  700s
  5373  2565  140.00000   64  441          -  140.00000      -   336  705s
  5439  2621 infeasible   76               -  140.00000      -   335  710s
  5500  2656  140.00000   86  286          -  140.00000      -   335  715s
  5579  2715  140.00000   88  371          -  140.00000      -   333  720s
  5653  2763  140.00000   97  283          -  140.00000      -   332  725s
  5693  2771 infeasible  108               -  140.00000      -   333  730s
  5744  2802  140.00000   97  260          -  140.00000      -   334  735s
  5797  2805 infeasible   91               -  140.00000      -   334  740s
  5849  2829  140.00000   93  198          -  140.00000      -   335  745s
  5904  2852  140.00000   99  322          -  140.00000      -   335  750s
  5962  2874  140.00000   97  278          -  140.00000      -   336  755s
  6024  2882 infeasible   96               -  140.00000      -   336  760s
  6075  2895  140.00000   92  295          -  140.00000      -   337  765s
  6129  2911  140.00000  105  253          -  140.00000      -   339  770s
  6186  2926  140.00000  104  254          -  140.00000      -   340  775s
  6247  2939  140.00000   98  318          -  140.00000      -   341  780s
  6318  2938  140.00000   98  253          -  140.00000      -   341  785s
  6385  2949  140.00000  102  251          -  140.00000      -   341  790s
  6463  2951  140.00000  100  335          -  140.00000      -   341  795s
  6513  2965 infeasible   95               -  140.00000      -   342  800s
  6571  2957 infeasible   94               -  140.00000      -   344  805s
  6665  3001  140.00000   85  292          -  140.00000      -   342  810s
  6736  3038  140.00000   91  319          -  140.00000      -   342  815s
  6798  3050 infeasible   88               -  140.00000      -   342  820s
  6849  3053  140.00000   78  271          -  140.00000      -   343  825s
  6900  3066  140.00000   92  236          -  140.00000      -   343  830s
  7005  3109  140.00000   97  402          -  140.00000      -   341  835s
  7095  3099  140.00000   85  233          -  140.00000      -   341  840s
  7175  3129  140.00000  101  249          -  140.00000      -   341  845s
  7245  3115  140.00000   94  274          -  140.00000      -   341  865s
  7318  3132 infeasible   97               -  140.00000      -   340  870s
  7409  3171  140.00000   86  365          -  140.00000      -   339  875s
  7470  3188  140.00000   90  347          -  140.00000      -   339  880s
  7542  3204 infeasible   90               -  140.00000      -   339  885s
  7616  3230 infeasible   96               -  140.00000      -   339  890s
  7738  3300 infeasible  109               -  140.00000      -   336  895s
  7821  3329  140.00000   90  282          -  140.00000      -   336  900s
  7919  3359  140.00000   95  246          -  140.00000      -   335  905s
  7977  3351 infeasible   96               -  140.00000      -   336  910s
  8040  3340 infeasible   90               -  140.00000      -   336  915s
  8119  3365 infeasible   97               -  140.00000      -   336  920s
  8193  3391  140.00000   84  237          -  140.00000      -   335  925s
  8252  3410 infeasible   96               -  140.00000      -   336  930s
  8325  3415 infeasible  104               -  140.00000      -   335  935s
  8388  3412 infeasible  101               -  140.00000      -   336  940s
  8455  3409  140.00000   82  311          -  140.00000      -   336  945s
  8532  3464  140.00000  100  287          -  140.00000      -   335  950s
  8585  3481  140.00000  103  382          -  140.00000      -   336  955s
  8630  3478 infeasible   85               -  140.00000      -   337  960s
  8709  3515  140.00000   92  250          -  140.00000      -   336  965s
  8759  3507  140.00000   88  369          -  140.00000      -   337  970s
  8823  3529  140.00000   93  332          -  140.00000      -   338  975s
  8884  3534  140.00000   89  271          -  140.00000      -   338  980s
  8961  3543 infeasible   99               -  140.00000      -   338  985s
  9024  3554 infeasible  100               -  140.00000      -   338  990s
  9119  3557 infeasible  105               -  140.00000      -   337  995s
  9168  3546  140.00000   71  271          -  140.00000      -   338 1000s
  9237  3575  140.00000   89  348          -  140.00000      -   338 1005s
  9332  3586  140.00000   83  295          -  140.00000      -   337 1010s
  9426  3608  140.00000   95  321          -  140.00000      -   336 1015s
  9507  3617 infeasible   96               -  140.00000      -   336 1020s
  9580  3626  140.00000   74  377          -  140.00000      -   336 1025s
  9624  3644 infeasible   83               -  140.00000      -   336 1030s
  9709  3685  140.00000   78  407          -  140.00000      -   335 1035s
  9767  3699  140.00000   82  376          -  140.00000      -   335 1040s
  9828  3692 infeasible   85               -  140.00000      -   336 1045s
  9884  3700 infeasible   74               -  140.00000      -   336 1050s
  9947  3737  140.00000   98  315          -  140.00000      -   336 1055s
 10019  3769  140.00000   89  384          -  140.00000      -   336 1060s
 10082  3812  140.00000   83  291          -  140.00000      -   335 1065s
 10119  3825 infeasible   98               -  140.00000      -   336 1070s
 10163  3843  140.00000   91  390          -  140.00000      -   337 1075s
 10202  3858  139.00000   81  273          -  140.00000      -   337 1304s
 10203  3857 infeasible   82               -  140.00000      -   337 1305s
 10292  3908  140.00000   79  263          -  140.00000      -   336 1310s
 10358  3930 infeasible   76               -  140.00000      -   336 1315s
 10433  3965 infeasible   88               -  140.00000      -   335 1320s
 10491  3971  140.00000   81  352          -  140.00000      -   336 1325s
 10566  3970 infeasible   65               -  140.00000      -   335 1330s
 10616  4000  140.00000   87  364          -  140.00000      -   335 1335s
 10684  4054  140.00000   80  394          -  140.00000      -   335 1340s
 10726  4084 infeasible   95               -  140.00000      -   336 1345s
 10796  4120  140.00000   81  389          -  140.00000      -   335 1350s
 10881  4165  140.00000   92  393          -  140.00000      -   335 1355s
 10950  4218 infeasible   88               -  140.00000      -   334 1360s
 10975  4235  140.00000   95  357          -  140.00000      -   335 1378s
 11002  4246  140.00000   68  333          -  140.00000      -   334 1380s
 11089  4303  140.00000   73  375          -  140.00000      -   334 1385s
 11175  4337  140.00000   73  313          -  140.00000      -   333 1390s
 11245  4375 infeasible   85               -  140.00000      -   333 1395s
 11327  4439  140.00000   93  371          -  140.00000      -   333 1400s
 11414  4488  140.00000   62  336          -  140.00000      -   332 1405s
 11494  4530  140.00000   47  314          -  140.00000      -   331 1410s
 11546  4536 infeasible   56               -  140.00000      -   332 1415s
 11667  4625 infeasible   91               -  140.00000      -   330 1420s
 11739  4657  140.00000   77  330          -  140.00000      -   330 1425s
 11849  4725  140.00000   79  242          -  140.00000      -   329 1430s
 11895  4741  140.00000   63  418          -  140.00000      -   330 1435s
 11933  4757 infeasible   80               -  140.00000      -   330 1440s
 12038  4834  140.00000   61  370          -  140.00000      -   329 1445s
 12112  4900  140.00000   88  344          -  140.00000      -   329 1450s
 12212  4972  140.00000   89  290          -  140.00000      -   327 1455s
 12277  5007  140.00000   83  318          -  140.00000      -   327 1460s
 12314  5022 infeasible   92               -  140.00000      -   328 1465s
 12374  5070  140.00000   95  338          -  140.00000      -   328 1470s
 12425  5091  140.00000   87  384          -  140.00000      -   328 1475s
 12484  5126  140.00000   91  293          -  140.00000      -   328 1480s
 12541  5147  140.00000   70  312          -  140.00000      -   328 1485s
 12577  5160  140.00000   86  352          -  140.00000      -   328 1490s
 12622  5173  140.00000   85  309          -  140.00000      -   329 1495s
 12684  5207  140.00000   88  316          -  140.00000      -   329 1500s
 12740  5241  140.00000   91  358          -  140.00000      -   329 1505s
 12775  5250 infeasible   86               -  140.00000      -   330 1510s
 12811  5266  140.00000   95  339          -  140.00000      -   330 1515s
 12845  5278 infeasible  107               -  140.00000      -   331 1520s
 12888  5293 infeasible   99               -  140.00000      -   331 1525s
 12944  5299 infeasible   91               -  140.00000      -   331 1530s
 12988  5293 infeasible   86               -  140.00000      -   332 1535s
 13044  5321  140.00000   90  294          -  140.00000      -   332 1540s
 13102  5357  140.00000   88  421          -  140.00000      -   332 1545s
 13161  5380  140.00000   99  321          -  140.00000      -   332 1550s
 13200  5397  140.00000   90  262          -  140.00000      -   333 1555s
 13262  5419  140.00000   92  301          -  140.00000      -   332 1560s
 13343  5442  140.00000   80  345          -  140.00000      -   332 1565s
 13411  5482  140.00000   93  319          -  140.00000      -   332 1570s
 13453  5496  140.00000   84  312          -  140.00000      -   332 1575s
 13507  5520  140.00000   84  269          -  140.00000      -   333 1580s
 13556  5533 infeasible   86               -  140.00000      -   333 1585s
 13617  5560  140.00000   86  273          -  140.00000      -   333 1590s
 13670  5573  140.00000   84  325          -  140.00000      -   333 1595s
 13711  5576  140.00000   87  298          -  140.00000      -   334 1600s
 13767  5596  140.00000   85  374          -  140.00000      -   334 1605s
 13825  5616  140.00000   73  423          -  140.00000      -   334 1610s
 13907  5662  140.00000   74  325          -  140.00000      -   333 1615s
 13997  5714  140.00000   81  246          -  140.00000      -   333 1620s
 14059  5738  140.00000   81  261          -  140.00000      -   333 1625s
 14125  5770  140.00000   88  398          -  140.00000      -   333 1630s
 14181  5794  140.00000   76  323          -  140.00000      -   333 1635s
 14233  5820  140.00000   71  290          -  140.00000      -   333 1640s
 14295  5836  140.00000   73  274          -  140.00000      -   333 1645s
 14354  5865  140.00000   76  261          -  140.00000      -   333 1650s
 14418  5883  140.00000   89  323          -  140.00000      -   334 1655s
 14465  5892 infeasible   89               -  140.00000      -   334 1660s
 14476  5893  140.00000   80  314          -  140.00000      -   334 1672s
 14502  5903  140.00000   92  385          -  140.00000      -   334 1675s
 14569  5928 infeasible   81               -  140.00000      -   334 1680s
 14640  5967 infeasible   80               -  140.00000      -   334 1685s
 14721  6008  140.00000   78  260          -  140.00000      -   334 1690s
 14773  6050  140.00000   93  328          -  140.00000      -   334 1695s
 14843  6082  140.00000   90  325          -  140.00000      -   334 1700s
 14899  6102  140.00000   85  360          -  140.00000      -   334 1705s
 14949  6116 infeasible   91               -  140.00000      -   334 1710s
 15036  6161 infeasible   92               -  140.00000      -   334 1715s
 15080  6175  140.00000   87  408          -  140.00000      -   334 1720s
 15124  6191 infeasible   93               -  140.00000      -   335 1725s
 15177  6200 infeasible   81               -  140.00000      -   335 1730s
 15253  6224  140.00000   86  296          -  140.00000      -   335 1735s
 15303  6236  140.00000   78  263          -  140.00000      -   335 1740s
 15360  6263  140.00000   73  380          -  140.00000      -   335 1745s
 15414  6293 infeasible   97               -  140.00000      -   335 1750s
 15467  6318  140.00000   79  234          -  140.00000      -   335 1755s
 15524  6337 infeasible   86               -  140.00000      -   336 1760s
 15578  6361 infeasible   86               -  140.00000      -   336 1765s
 15642  6387 infeasible   77               -  140.00000      -   336 1770s
 15731  6450 infeasible   97               -  140.00000      -   335 1775s
 15785  6460 infeasible   86               -  140.00000      -   335 1780s
 15823  6460 infeasible   83               -  140.00000      -   336 1785s
 15871  6470 infeasible  102               -  140.00000      -   336 1790s
 15907  6468  140.00000   96  304          -  140.00000      -   336 1795s
 15965  6466 infeasible   97               -  140.00000      -   336 1800s
 16022  6475 infeasible   94               -  140.00000      -   336 1805s
 16115  6506  140.00000   95  346          -  140.00000      -   336 1810s
 16190  6503  140.00000   92  382          -  140.00000      -   336 1815s
 16280  6537  140.00000   94  369          -  140.00000      -   335 1820s
 16334  6549  140.00000   73  225          -  140.00000      -   335 1825s
 16408  6587 infeasible   82               -  140.00000      -   335 1830s
 16447  6584  140.00000   82  285          -  140.00000      -   335 1835s
 16513  6612 infeasible   90               -  140.00000      -   335 1840s
 16554  6623  140.00000   76  402          -  140.00000      -   336 1845s
 16632  6651  140.00000   77  295          -  140.00000      -   335 1850s
 16692  6671 infeasible   96               -  140.00000      -   336 1855s
 16739  6686 infeasible   74               -  140.00000      -   336 1860s
 16794  6723  140.00000   85  377          -  140.00000      -   336 1865s
 16818  6727  140.00000   91  385          -  140.00000      -   336 1888s
 16837  6736  140.00000   76  377          -  140.00000      -   336 1890s
 16891  6772  140.00000  104  466          -  140.00000      -   336 1895s
 16966  6833  140.00000   71  414          -  140.00000      -   336 1900s
 17024  6875  140.00000   88  262          -  140.00000      -   336 1905s
 17062  6897 infeasible  100               -  140.00000      -   336 1910s
 17127  6952  140.00000   61  280          -  140.00000      -   336 1915s
 17187  6986  140.00000   35  358          -  140.00000      -   336 1920s
 17282  7073  140.00000   83  324          -  140.00000      -   335 1925s
 17363  7120  140.00000  104  459          -  140.00000      -   335 1930s
 17431  7166  140.00000   59  324          -  140.00000      -   334 1935s
 17492  7205  140.00000   44  370          -  140.00000      -   334 1940s
 17590  7287  140.00000   52  311          -  140.00000      -   334 1945s
 17660  7337 infeasible   84               -  140.00000      -   333 1950s
 17716  7377  140.00000   86  341          -  140.00000      -   333 1955s
 17793  7428 infeasible   73               -  140.00000      -   333 1960s
 17855  7464  140.00000   61  279          -  140.00000      -   333 1965s
 17925  7488 infeasible   62               -  140.00000      -   333 1970s
 18001  7528  140.00000   73  282          -  140.00000      -   333 1975s
 18074  7551 infeasible   68               -  140.00000      -   333 1980s
 18147  7572  140.00000   69  330          -  140.00000      -   333 1985s
 18216  7609 infeasible   74               -  140.00000      -   333 1990s
 18296  7659  140.00000   79  383          -  140.00000      -   332 1995s
 18367  7692  140.00000   78  239          -  140.00000      -   332 2000s
 18420  7727 infeasible   86               -  140.00000      -   332 2005s
 18463  7744  140.00000   76  415          -  140.00000      -   333 2010s
 18508  7761 infeasible   82               -  140.00000      -   333 2015s
 18579  7800 infeasible   80               -  140.00000      -   333 2020s
 18637  7812  140.00000   68  339          -  140.00000      -   333 2025s
 18707  7842  140.00000   75  406          -  140.00000      -   333 2030s
 18768  7843 infeasible   75               -  140.00000      -   333 2035s
 18823  7866  140.00000   80  392          -  140.00000      -   333 2040s
 18856  7869 infeasible   71               -  140.00000      -   334 2045s
 18913  7888  140.00000   78  397          -  140.00000      -   334 2050s
 18979  7910  140.00000   69  251          -  140.00000      -   334 2055s
 19054  7939 infeasible   70               -  140.00000      -   334 2060s
 19113  7950 infeasible   69               -  140.00000      -   334 2065s
 19153  7952  140.00000   71  352          -  140.00000      -   335 2070s
 19202  7961 infeasible   74               -  140.00000      -   335 2075s
 19265  7984  140.00000   68  294          -  140.00000      -   335 2080s
 19319  8016 infeasible   71               -  140.00000      -   335 2085s
 19401  8058  140.00000   74  430          -  140.00000      -   335 2090s
 19468  8055 infeasible   69               -  140.00000      -   335 2095s
 19573  8070  140.00000   81  321          -  140.00000      -   335 2100s
 19652  8091  140.00000   99  274          -  140.00000      -   335 2105s
 19719  8098 infeasible   88               -  140.00000      -   335 2110s
 19771  8096  140.00000   89  387          -  140.00000      -   335 2115s
 19854  8157  140.00000   79  233          -  140.00000      -   335 2120s
 19918  8187  140.00000   65  250          -  140.00000      -   335 2125s
 19987  8216 infeasible   60               -  140.00000      -   335 2130s
 20040  8249  140.00000   71  365          -  140.00000      -   335 2135s
 20135  8308 infeasible   82               -  140.00000      -   335 2140s
 20186  8309 infeasible   73               -  140.00000      -   335 2145s
 20237  8324  140.00000   67  396          -  140.00000      -   335 2150s
 20295  8336  140.00000   81  353          -  140.00000      -   335 2155s
 20323  8360  140.00000   97  330          -  140.00000      -   336 2160s
 20392  8395  140.00000   76  363          -  140.00000      -   336 2165s
 20461  8434  140.00000   65  353          -  140.00000      -   336 2170s
 20510  8461 infeasible   85               -  140.00000      -   336 2175s
 20575  8488  140.00000   71  391          -  140.00000      -   336 2180s
 20649  8528  140.00000   82  382          -  140.00000      -   336 2185s
 20689  8556  140.00000   98  301          -  140.00000      -   336 2190s
 20704  8565 infeasible  103               -  140.00000      -   337 2195s
 20748  8573  140.00000   78  411          -  140.00000      -   337 2200s
 20787  8596  139.00000   93  377          -  140.00000      -   337 2205s
 20830  8607 infeasible   77               -  140.00000      -   337 2210s
 20867  8634  140.00000   77  395          -  140.00000      -   338 2215s
 20916  8651  140.00000   74  473          -  140.00000      -   338 2220s
 20947  8666  140.00000   59  258          -  140.00000      -   339 2225s
 21030  8723  140.00000   85  316          -  140.00000      -   338 2230s
 21090  8745 infeasible   83               -  140.00000      -   338 2235s
 21111  8750  140.00000   77  250          -  140.00000      -   338 2258s
 21146  8771  140.00000   87  257          -  140.00000      -   338 2260s
 21201  8792  140.00000   85  296          -  140.00000      -   339 2265s
 21248  8805  140.00000   74  320          -  140.00000      -   339 2270s
 21334  8845  140.00000   79  357          -  140.00000      -   339 2275s
 21411  8894 infeasible   91               -  140.00000      -   339 2280s
 21504  8937  140.00000   81  303          -  140.00000      -   338 2285s
 21566  8949 infeasible   94               -  140.00000      -   338 2290s
 21629  8948  140.00000   86  302          -  140.00000      -   338 2295s
 21714  8969 infeasible   86               -  140.00000      -   338 2300s
 21782  9017  140.00000   89  380          -  140.00000      -   338 2305s
 21853  9034 infeasible   83               -  140.00000      -   338 2310s
 21934  9085 infeasible   80               -  140.00000      -   338 2315s
 21999  9114  140.00000   76  278          -  140.00000      -   338 2320s
 22053  9132 infeasible   87               -  140.00000      -   338 2325s
 22096  9133  140.00000   83  476          -  140.00000      -   339 2330s
 22146  9167  140.00000   88  483          -  140.00000      -   339 2335s
 22178  9167 infeasible   77               -  140.00000      -   339 2340s
 22259  9200  140.00000   89  437          -  140.00000      -   339 2345s
 22321  9204 infeasible   80               -  140.00000      -   339 2350s
 22393  9240  140.00000   83  400          -  140.00000      -   339 2355s
 22439  9248  140.00000   80  407          -  140.00000      -   339 2360s
 22502  9249 infeasible   81               -  140.00000      -   339 2365s
 22558  9261  140.00000   74  286          -  140.00000      -   339 2370s
 22610  9267  140.00000   85  369          -  140.00000      -   339 2375s
 22660  9265 infeasible   91               -  140.00000      -   340 2380s
 22710  9269  140.00000   72  324          -  140.00000      -   340 2385s
 22782  9319  140.00000   78  265          -  140.00000      -   340 2390s
 22827  9336 infeasible   80               -  140.00000      -   340 2395s
 22899  9386  140.00000   82  340          -  140.00000      -   340 2400s
 22959  9398  140.00000   91  443          -  140.00000      -   340 2405s
 23037  9442 infeasible  104               -  140.00000      -   340 2410s
 23103  9468  140.00000   62  390          -  140.00000      -   340 2415s
 23163  9496 infeasible   79               -  140.00000      -   340 2420s
 23235  9528  140.00000   83  233          -  140.00000      -   340 2425s
 23286  9541  140.00000   71  312          -  140.00000      -   341 2430s
 23331  9556 infeasible   83               -  140.00000      -   341 2435s
 23383  9570  140.00000   73  305          -  140.00000      -   341 2440s
 23450  9597  140.00000   89  476          -  140.00000      -   341 2445s
 23515  9624  140.00000   86  318          -  140.00000      -   341 2450s
 23557  9630  140.00000   83  359          -  140.00000      -   341 2455s
 23626  9653 infeasible   68               -  140.00000      -   341 2460s
 23701  9706 infeasible   69               -  140.00000      -   341 2465s
 23772  9749  140.00000   73  380          -  140.00000      -   341 2470s
 23829  9774 infeasible   76               -  140.00000      -   341 2475s
 23901  9812  140.00000   73  457          -  140.00000      -   341 2480s
 23976  9839 infeasible   78               -  140.00000      -   341 2485s
 24026  9849 infeasible   77               -  140.00000      -   341 2490s
 24095  9854  140.00000   74  382          -  140.00000      -   341 2495s
 24159  9882  140.00000   61  256          -  140.00000      -   341 2500s
 24213  9904 infeasible   68               -  140.00000      -   341 2505s
 24306  9949 infeasible   74               -  140.00000      -   341 2510s
 24390 10015  140.00000   88  298          -  140.00000      -   341 2515s
 24443  9988 infeasible   79               -  140.00000      -   341 2520s
 24530 10021  140.00000   75  342          -  140.00000      -   341 2525s
 24623 10082  140.00000   84  261          -  140.00000      -   340 2530s
 24701 10122 infeasible   71               -  140.00000      -   340 2535s
 24773 10156  140.00000   76  399          -  140.00000      -   340 2540s
 24829 10188 infeasible   96               -  140.00000      -   340 2545s
 24907 10226  140.00000   77  312          -  140.00000      -   340 2550s
 24973 10258 infeasible   77               -  140.00000      -   340 2555s
 25074 10295 infeasible   88               -  140.00000      -   339 2560s
 25159 10310 infeasible   94               -  140.00000      -   339 2565s
 25240 10317 infeasible   91               -  140.00000      -   339 2570s
 25318 10333  140.00000   78  387          -  140.00000      -   339 2575s
 25367 10352  140.00000   89  497          -  140.00000      -   339 2580s
 25431 10370  140.00000   80  360          -  140.00000      -   339 2585s
 25478 10377  140.00000   78  360          -  140.00000      -   340 2590s
 25543 10388  140.00000   75  307          -  140.00000      -   340 2595s
 25607 10426  140.00000   75  335          -  140.00000      -   340 2600s
 25666 10461  140.00000   79  401          -  140.00000      -   340 2605s
 25710 10475  140.00000   75  339          -  140.00000      -   340 2610s
 25777 10506 infeasible   79               -  140.00000      -   340 2615s
 25854 10555  140.00000   84  428          -  140.00000      -   340 2620s
 25902 10563  140.00000   76  450          -  140.00000      -   340 2625s
 25979 10580 infeasible   81               -  140.00000      -   340 2630s
 26048 10599  140.00000   81  433          -  140.00000      -   340 2635s
 26103 10608 infeasible   82               -  140.00000      -   340 2640s
 26174 10623 infeasible   78               -  140.00000      -   340 2645s
 26250 10647  140.00000   81  282          -  140.00000      -   340 2650s
 26361 10678 infeasible   94               -  140.00000      -   339 2655s
 26438 10689  140.00000   83  355          -  140.00000      -   339 2660s
 26510 10705 infeasible   84               -  140.00000      -   339 2665s
 26546 10709  140.00000   62  364          -  140.00000      -   339 2691s
 26595 10728  140.00000   77  420          -  140.00000      -   339 2695s
 26653 10744 infeasible   67               -  140.00000      -   339 2700s
 26697 10760 infeasible   69               -  140.00000      -   340 2705s
 26789 10816 infeasible   99               -  140.00000      -   339 2710s
 26858 10851  140.00000   90  302          -  140.00000      -   339 2715s
 26935 10880 infeasible   77               -  140.00000      -   339 2720s
 26979 10898  140.00000   73  347          -  140.00000      -   339 2725s
 27035 10894 infeasible   94               -  140.00000      -   339 2730s
 27089 10908  140.00000   65  363          -  140.00000      -   339 2735s
 27202 10955  140.00000   63  230          -  140.00000      -   339 2740s
 27264 10985 infeasible   93               -  140.00000      -   339 2745s
 27332 11009 infeasible   76               -  140.00000      -   339 2750s
 27405 11024 infeasible   82               -  140.00000      -   339 2755s
 27477 11044 infeasible   78               -  140.00000      -   339 2760s
 27548 11061  140.00000   73  263          -  140.00000      -   338 2765s
 27620 11089 infeasible   74               -  140.00000      -   338 2770s
 27669 11114  140.00000   92  424          -  140.00000      -   339 2775s
 27720 11123  140.00000   78  387          -  140.00000      -   339 2780s
 27772 11143  140.00000   89  383          -  140.00000      -   339 2785s
 27820 11179  140.00000  104  390          -  140.00000      -   339 2790s
 27864 11175 infeasible   82               -  140.00000      -   339 2795s
 27936 11195 infeasible   96               -  140.00000      -   339 2800s
 27991 11204  140.00000   87  432          -  140.00000      -   339 2805s
 28042 11211  140.00000   82  278          -  140.00000      -   340 2810s
 28095 11214 infeasible   80               -  140.00000      -   340 2815s
 28161 11228 infeasible   77               -  140.00000      -   340 2820s
 28229 11266  140.00000   86  303          -  140.00000      -   340 2825s
 28308 11275  140.00000   74  403          -  140.00000      -   340 2830s
 28372 11289 infeasible   83               -  140.00000      -   340 2835s
 28469 11316 infeasible   95               -  140.00000      -   340 2840s
 28526 11341 infeasible   76               -  140.00000      -   340 2845s
 28599 11372  140.00000   77  436          -  140.00000      -   340 2850s
 28657 11364 infeasible   76               -  140.00000      -   340 2855s
 28714 11373  140.00000   74  267          -  140.00000      -   340 2860s
 28772 11397 infeasible   65               -  140.00000      -   340 2865s
 28823 11410  140.00000   71  462          -  140.00000      -   340 2870s
 28862 11413 infeasible   69               -  140.00000      -   341 2875s
 28914 11425 infeasible   81               -  140.00000      -   341 2880s
 28992 11461 infeasible   70               -  140.00000      -   341 2885s
 29050 11483 infeasible   75               -  140.00000      -   341 2890s
 29117 11486 infeasible   66               -  140.00000      -   341 2895s
 29202 11517 infeasible   62               -  140.00000      -   341 2900s
 29263 11526 infeasible   79               -  140.00000      -   341 2905s
 29355 11562  140.00000   86  310          -  140.00000      -   340 2910s
 29422 11587  140.00000   67  369          -  140.00000      -   340 2915s
 29489 11618  140.00000   81  292          -  140.00000      -   340 2920s
 29554 11639  140.00000   76  354          -  140.00000      -   341 2925s
 29612 11657 infeasible   83               -  140.00000      -   341 2930s
 29663 11664  140.00000   70  311          -  140.00000      -   341 2935s
 29714 11681 infeasible   92               -  140.00000      -   341 2940s
 29777 11696  140.00000   75  354          -  140.00000      -   341 2945s
 29858 11715 infeasible   65               -  140.00000      -   341 2950s
 29926 11749  140.00000   67  343          -  140.00000      -   341 2955s
 30012 11775 infeasible   82               -  140.00000      -   340 2960s
 30089 11798  140.00000   76  306          -  140.00000      -   340 2965s
 30155 11814  140.00000   75  302          -  140.00000      -   340 2970s
 30238 11857 infeasible   73               -  140.00000      -   340 2975s
 30340 11891 infeasible   76               -  140.00000      -   340 2980s
 30390 11903  140.00000   75  395          -  140.00000      -   340 2985s
 30463 11932  140.00000   72  286          -  140.00000      -   340 2990s
 30548 11949  140.00000   79  338          -  140.00000      -   340 2995s
 30607 11960  140.00000   74  306          -  140.00000      -   340 3000s
 30712 12003  140.00000   65  303          -  140.00000      -   339 3005s
 30771 12026 infeasible   67               -  140.00000      -   339 3010s
 30840 12055 infeasible   98               -  140.00000      -   339 3015s
 30925 12078 infeasible   91               -  140.00000      -   339 3020s
 30998 12061  140.00000   91  299          -  140.00000      -   339 3025s
 31094 12073  140.00000   70  276          -  140.00000      -   339 3030s
 31175 12126 infeasible   85               -  140.00000      -   339 3035s
 31229 12160  140.00000   81  429          -  140.00000      -   339 3040s
 31281 12176  140.00000   74  359          -  140.00000      -   339 3045s
 31331 12182 infeasible   72               -  140.00000      -   339 3050s
 31378 12191 infeasible   73               -  140.00000      -   339 3055s
 31431 12224  140.00000   86  331          -  140.00000      -   340 3060s
 31469 12236  140.00000   73  399          -  140.00000      -   340 3065s
 31523 12256 infeasible   69               -  140.00000      -   340 3070s
 31574 12279 infeasible   90               -  140.00000      -   340 3075s
 31645 12304  140.00000   80  305          -  140.00000      -   340 3080s
 31679 12300 infeasible   77               -  140.00000      -   341 3085s
 31731 12314 infeasible   77               -  140.00000      -   341 3090s
 31779 12320 infeasible   88               -  140.00000      -   341 3095s
 31826 12331  140.00000   80  311          -  140.00000      -   341 3100s
 31879 12354  140.00000   80  403          -  140.00000      -   341 3105s
 31912 12371  140.00000   78  403          -  140.00000      -   342 3132s
 31941 12374  140.00000   89  412          -  140.00000      -   342 3135s
 32031 12380 infeasible   89               -  140.00000      -   341 3140s
 32122 12399  140.00000   72  397          -  140.00000      -   341 3145s
 32195 12412 infeasible   90               -  140.00000      -   341 3150s
 32242 12415 infeasible   92               -  140.00000      -   342 3155s
 32289 12442  140.00000   90  347          -  140.00000      -   342 3160s
 32339 12458  140.00000   92  349          -  140.00000      -   342 3165s
 32371 12458 infeasible   87               -  140.00000      -   342 3170s
 32419 12472  140.00000   81  287          -  140.00000      -   342 3175s
 32500 12523  140.00000   89  336          -  140.00000      -   342 3180s
 32562 12545  140.00000   90  278          -  140.00000      -   342 3185s
 32627 12570  140.00000   99  328          -  140.00000      -   342 3190s
 32676 12589 infeasible  104               -  140.00000      -   343 3195s
 32726 12585  140.00000   97  293          -  140.00000      -   343 3200s
 32797 12582  140.00000   90  288          -  140.00000      -   343 3205s
 32866 12599 infeasible   77               -  140.00000      -   343 3210s
 32937 12620 infeasible   81               -  140.00000      -   343 3215s
 32998 12627  140.00000   72  329          -  140.00000      -   343 3220s
 33068 12671 infeasible   85               -  140.00000      -   343 3225s
 33127 12706 infeasible   58               -  140.00000      -   343 3230s
 33175 12748  140.00000   78  303          -  140.00000      -   343 3235s
 33212 12747 infeasible   75               -  140.00000      -   344 3240s
 33257 12746 infeasible   81               -  140.00000      -   344 3245s
 33311 12756  140.00000   92  391          -  140.00000      -   344 3250s
 33346 12775  140.00000   88  394          -  140.00000      -   344 3255s
 33376 12781  140.00000   69  445          -  140.00000      -   344 3260s
 33404 12797  140.00000   85  344          -  140.00000      -   344 3265s
 33428 12795  140.00000   73  453          -  140.00000      -   345 3270s
 33452 12801 infeasible   87               -  140.00000      -   345 3275s
 33472 12803 infeasible   71               -  140.00000      -   345 3280s
 33493 12814 infeasible   85               -  140.00000      -   345 3285s
 33541 12844  140.00000   90  332          -  140.00000      -   345 3290s
 33587 12850 infeasible   89               -  140.00000      -   345 3295s
 33644 12871  140.00000   63  305          -  140.00000      -   345 3300s
 33714 12883 infeasible   78               -  140.00000      -   345 3305s
 33787 12932  140.00000   81  344          -  140.00000      -   345 3310s
 33875 12982  140.00000   85  306          -  140.00000      -   345 3315s
 33922 12993 infeasible   69               -  140.00000      -   345 3320s
 34017 13024  140.00000   69  386          -  140.00000      -   345 3325s
 34100 13051 infeasible   70               -  140.00000      -   345 3330s
 34166 13083 infeasible   87               -  140.00000      -   345 3335s
 34227 13096 infeasible   69               -  140.00000      -   345 3340s
 34288 13119  140.00000   54  253          -  140.00000      -   345 3345s
 34359 13156  140.00000   59  441          -  140.00000      -   344 3350s
 34411 13188  140.00000   79  370          -  140.00000      -   344 3355s
 34476 13225 infeasible   80               -  140.00000      -   344 3360s
 34571 13290  140.00000   83  257          -  140.00000      -   344 3365s
 34627 13292 infeasible   62               -  140.00000      -   344 3370s
 34689 13302  140.00000   60  301          -  140.00000      -   344 3375s
 34743 13326 infeasible   78               -  140.00000      -   344 3380s
 34799 13348 infeasible   94               -  140.00000      -   344 3385s
 34847 13356 infeasible   83               -  140.00000      -   345 3390s
 34920 13373  140.00000   70  249          -  140.00000      -   345 3395s
 34995 13412  140.00000   77  247          -  140.00000      -   344 3400s
 35057 13436 infeasible   88               -  140.00000      -   344 3405s
 35111 13442 infeasible   73               -  140.00000      -   344 3410s
 35155 13434 infeasible   85               -  140.00000      -   345 3415s
 35212 13455  140.00000   76  343          -  140.00000      -   345 3420s
 35271 13468 infeasible   81               -  140.00000      -   345 3425s
 35318 13477  140.00000   66  325          -  140.00000      -   345 3430s
 35373 13500  140.00000   86  403          -  140.00000      -   345 3435s
 35443 13550  140.00000   72  218          -  140.00000      -   345 3440s
 35532 13601  140.00000   91  342          -  140.00000      -   345 3445s
 35602 13625 infeasible   84               -  140.00000      -   345 3450s
 35667 13648 infeasible   79               -  140.00000      -   345 3455s
 35707 13666  140.00000   81  296          -  140.00000      -   345 3460s
 35748 13669 infeasible   72               -  140.00000      -   345 3465s
 35802 13685 infeasible   77               -  140.00000      -   345 3470s
 35841 13684  140.00000   70  253          -  140.00000      -   345 3475s
 35916 13721 infeasible   78               -  140.00000      -   345 3480s
 35996 13753  140.00000   68  366          -  140.00000      -   345 3485s
 36055 13772 infeasible   75               -  140.00000      -   345 3490s
 36130 13783 infeasible   88               -  140.00000      -   345 3495s
 36195 13786 infeasible   81               -  140.00000      -   345 3500s
 36244 13793 infeasible   64               -  140.00000      -   345 3505s
 36287 13794  140.00000   58  348          -  140.00000      -   345 3510s
 36351 13808 infeasible   64               -  140.00000      -   345 3515s
 36440 13867  140.00000   86  281          -  140.00000      -   345 3520s
 36516 13893  140.00000   82  230          -  140.00000      -   345 3525s
 36590 13919  140.00000   89  354          -  140.00000      -   345 3530s
 36631 13922 infeasible   82               -  140.00000      -   345 3535s
 36714 13943 infeasible   88               -  140.00000      -   345 3540s
 36783 13942 infeasible   86               -  140.00000      -   345 3545s
 36854 13921  140.00000   65  321          -  140.00000      -   345 3550s
 36896 13951  140.00000   63  333          -  140.00000      -   345 3572s
 36928 13971 infeasible   57               -  140.00000      -   345 3575s
 37028 14019 infeasible   74               -  140.00000      -   345 3580s
 37124 14053  140.00000   86  284          -  140.00000      -   345 3585s
 37192 14069 infeasible   71               -  140.00000      -   345 3590s
 37290 14111  140.00000   72  282          -  140.00000      -   344 3595s

Cutting planes:
  Gomory: 1
  Lift-and-project: 5
  Cover: 2
  Clique: 5
  MIR: 2
  StrongCG: 1
  Flow cover: 73
  Zero half: 19
  RLT: 141
  BQP: 158

Explored 37371 nodes (13120737 simplex iterations) in 3600.01 seconds (3988.19 work units)
Thread count was 1 (of 8 available processors)

Solution count 0

Time limit reached
Best objective -, best bound 1.400000000000e+02, gap -
