
Gurobi 11.0.1 (win64) logging started Mon Apr  1 12:44:39 2024

Set parameter LogFile to value "C:\Projetos\Job_Rotation_Algorithms\Outputs\GurobiLogs\gurobi_log-output-30_ton-c191-BorbaRittModel-NoExtraConstraint-2.log"
Gurobi Optimizer version 11.0.1 build v11.0.1rc0 (win64 - Windows 10.0 (19045.2))

CPU model: 11th Gen Intel(R) Core(TM) i7-1165G7 @ 2.80GHz, instruction set [SSE2|AVX|AVX2|AVX512]
Thread count: 4 physical cores, 8 logical processors, using up to 1 threads


Gurobi 11.0.1 (win64) logging started Mon Apr  1 21:32:35 2024

Set parameter LogFile to value "C:\Projetos\Job_Rotation_Algorithms\Outputs\GurobiLogs\gurobi_log-output-30_ton-c191-BorbaRittModel-NoExtraConstraint-2.log"
Gurobi Optimizer version 11.0.1 build v11.0.1rc0 (win64 - Windows 10.0 (19045.2))

CPU model: 11th Gen Intel(R) Core(TM) i7-1165G7 @ 2.80GHz, instruction set [SSE2|AVX|AVX2|AVX512]
Thread count: 4 physical cores, 8 logical processors, using up to 1 threads


Gurobi 11.0.1 (win64) logging started Thu Apr  4 23:30:23 2024

Set parameter LogFile to value "C:\Projetos\Job_Rotation_Algorithms\Outputs\GurobiLogs\gurobi_log-output-30_ton-c191-BorbaRittModel-NoExtraConstraint-2.log"
Gurobi Optimizer version 11.0.1 build v11.0.1rc0 (win64 - Windows 10.0 (19045.2))

CPU model: 11th Gen Intel(R) Core(TM) i7-1165G7 @ 2.80GHz, instruction set [SSE2|AVX|AVX2|AVX512]
Thread count: 4 physical cores, 8 logical processors, using up to 1 threads


Gurobi 11.0.1 (win64) logging started Sat Apr  6 12:59:22 2024

Set parameter LogFile to value "C:\Projetos\Job_Rotation_Algorithms\Outputs\GurobiLogs\gurobi_log-output-30_ton-c191-BorbaRittModel-NoExtraConstraint-2.log"
Gurobi Optimizer version 11.0.1 build v11.0.1rc0 (win64 - Windows 10.0 (19045.2))

CPU model: 11th Gen Intel(R) Core(TM) i7-1165G7 @ 2.80GHz, instruction set [SSE2|AVX|AVX2|AVX512]
Thread count: 4 physical cores, 8 logical processors, using up to 1 threads


Gurobi 11.0.1 (win64) logging started Sun Apr  7 02:32:54 2024

Set parameter LogFile to value "C:\Projetos\Job_Rotation_Algorithms\Outputs\GurobiLogs\gurobi_log-output-30_ton-c191-BorbaRittModel-NoExtraConstraint-2.log"
Gurobi Optimizer version 11.0.1 build v11.0.1rc0 (win64 - Windows 10.0 (19045.2))

CPU model: 11th Gen Intel(R) Core(TM) i7-1165G7 @ 2.80GHz, instruction set [SSE2|AVX|AVX2|AVX512]
Thread count: 4 physical cores, 8 logical processors, using up to 1 threads


Gurobi 11.0.1 (win64) logging started Sun Apr  7 09:45:45 2024

Set parameter LogFile to value "C:\Projetos\Job_Rotation_Algorithms\Outputs\GurobiLogs\gurobi_log-output-30_ton-c191-BorbaRittModel-NoExtraConstraint-2.log"
Gurobi Optimizer version 11.0.1 build v11.0.1rc0 (win64 - Windows 10.0 (19045.2))

CPU model: 11th Gen Intel(R) Core(TM) i7-1165G7 @ 2.80GHz, instruction set [SSE2|AVX|AVX2|AVX512]
Thread count: 4 physical cores, 8 logical processors, using up to 1 threads


Gurobi 11.0.1 (win64) logging started Tue Apr  9 08:04:11 2024

Set parameter LogFile to value "C:\Projetos\Job_Rotation_Algorithms\Outputs\GurobiLogs\gurobi_log-output-30_ton-c191-BorbaRittModel-NoExtraConstraint-2.log"
Gurobi Optimizer version 11.0.1 build v11.0.1rc0 (win64 - Windows 10.0 (19045.2))

CPU model: 11th Gen Intel(R) Core(TM) i7-1165G7 @ 2.80GHz, instruction set [SSE2|AVX|AVX2|AVX512]
Thread count: 4 physical cores, 8 logical processors, using up to 1 threads


Gurobi 11.0.1 (win64) logging started Wed Apr 10 17:33:17 2024

Set parameter LogFile to value "C:\Projetos\Job_Rotation_Algorithms\Outputs\GurobiLogs\gurobi_log-output-30_ton-c191-BorbaRittModel-NoExtraConstraint-2.log"
Gurobi Optimizer version 11.0.1 build v11.0.1rc0 (win64 - Windows 10.0 (19045.2))

CPU model: 11th Gen Intel(R) Core(TM) i7-1165G7 @ 2.80GHz, instruction set [SSE2|AVX|AVX2|AVX512]
Thread count: 4 physical cores, 8 logical processors, using up to 1 threads


Gurobi 11.0.1 (win64) logging started Thu Apr 11 01:39:12 2024

Set parameter LogFile to value "C:\Projetos\Job_Rotation_Algorithms\Outputs\GurobiLogs\gurobi_log-output-30_ton-c191-BorbaRittModel-NoExtraConstraint-2.log"
Gurobi Optimizer version 11.0.1 build v11.0.1rc0 (win64 - Windows 10.0 (19045.2))

CPU model: 11th Gen Intel(R) Core(TM) i7-1165G7 @ 2.80GHz, instruction set [SSE2|AVX|AVX2|AVX512]
Thread count: 4 physical cores, 8 logical processors, using up to 1 threads


Gurobi 11.0.1 (win64) logging started Thu Apr 18 18:32:04 2024

Set parameter LogFile to value "C:\Projetos\Job_Rotation_Algorithms\Outputs\GurobiLogs\gurobi_log-output-30_ton-c191-BorbaRittModel-NoExtraConstraint-2.log"
Gurobi Optimizer version 11.0.1 build v11.0.1rc0 (win64 - Windows 10.0 (19045.2))

CPU model: 11th Gen Intel(R) Core(TM) i7-1165G7 @ 2.80GHz, instruction set [SSE2|AVX|AVX2|AVX512]
Thread count: 4 physical cores, 8 logical processors, using up to 1 threads

WLS license 901038 - registered to Bitka Analytics
Optimize a model with 14421 rows, 2048 columns and 45200 nonzeros
Model fingerprint: 0x6f6a8d46
Variable types: 2 continuous, 2046 integer (2046 binary)
Coefficient statistics:
  Matrix range     [1e+00, 3e+02]
  Objective range  [1e+00, 1e+00]
  Bounds range     [1e+00, 4e+02]
  RHS range        [1e+00, 4e+02]
Presolve removed 1 rows and 1 columns
Presolve time: 0.07s
Presolved: 14420 rows, 2047 columns, 45198 nonzeros
Variable types: 0 continuous, 2047 integer (2046 binary)
Root relaxation presolved: 14420 rows, 2047 columns, 45198 nonzeros


Root relaxation: objective 1.400000e+02, 3383 iterations, 0.46 seconds (0.56 work units)

    Nodes    |    Current Node    |     Objective Bounds      |     Work
 Expl Unexpl |  Obj  Depth IntInf | Incumbent    BestBd   Gap | It/Node Time

     0     0  140.00000    0  496          -  140.00000      -     -    2s
     0     0  140.00000    0  716          -  140.00000      -     -    3s
     0     0  140.00000    0  710          -  140.00000      -     -    3s
     0     0  140.00000    0  516          -  140.00000      -     -    6s
     0     0  140.00000    0  490          -  140.00000      -     -    6s
     0     0  140.00000    0  483          -  140.00000      -     -    8s
     0     0  140.00000    0  488          -  140.00000      -     -    8s
     0     0  140.00000    0  479          -  140.00000      -     -    9s
     0     0  140.00000    0  473          -  140.00000      -     -    9s
     0     0  140.00000    0  477          -  140.00000      -     -   11s
     0     0  140.00000    0  472          -  140.00000      -     -   12s
     0     2  140.00000    0  472          -  140.00000      -     -   15s
   107    97  140.00000   26  342          -  140.00000      -   201   20s
   258   207  140.00000   36  364          -  140.00000      -   184   25s
   464   325  140.00000   48  401          -  140.00000      -   181   30s
   641   441  140.00000   47  511          -  140.00000      -   176   36s
   642   442  140.00000   26  549          -  140.00000      -   175   40s
   646   445  140.00000   34  470          -  140.00000      -   174   46s
   650   447  140.00000   11  452          -  140.00000      -   173   50s
   656   451  140.00000   49  400          -  140.00000      -   172   55s
   662   455  140.00000   20  401          -  140.00000      -   170   61s
   673   465  140.00000   19  275          -  140.00000      -   112   67s
   700   483  140.00000   32  472          -  140.00000      -   119   70s
   773   517  140.00000   25  435          -  140.00000      -   129   75s
   835   545 infeasible   56               -  140.00000      -   140   80s
   903   586  140.00000   52  381          -  140.00000      -   147   85s
   966   616  140.00000   34  453          -  140.00000      -   157   90s
  1034   645  140.00000   35  467          -  140.00000      -   165   95s
  1088   663  140.00000   24  365          -  140.00000      -   178  100s
  1149   688  140.00000   32  457          -  140.00000      -   182  105s
  1196   691  140.00000   52  509          -  140.00000      -   183  111s
  1244   715  140.00000   45  548          -  140.00000      -   183  115s
  1290   730  140.00000   64  397          -  140.00000      -   193  120s
  1337   735  140.00000   40  440          -  140.00000      -   201  125s
  1387   761  140.00000   61  584          -  140.00000      -   204  130s
  1427   771  140.00000   33  347          -  140.00000      -   214  135s
  1493   797  140.00000   34  430          -  140.00000      -   218  140s
  1561   831  140.00000   37  541          -  140.00000      -   217  145s
  1601   855  140.00000   61  509          -  140.00000      -   219  150s
  1640   869  140.00000   76  556          -  140.00000      -   225  155s
  1680   876  140.00000   39  496          -  140.00000      -   229  160s
  1714   897  140.00000   52  586          -  140.00000      -   235  165s
  1715   897  140.00000   53  597          -  140.00000      -   235  172s
  1751   907  140.00000   35  612          -  140.00000      -   236  175s
  1795   929  140.00000   64  509          -  140.00000      -   235  180s
  1852   953  140.00000   51  498          -  140.00000      -   234  185s
  1905   958  140.00000   35  601          -  140.00000      -   236  190s
  1951   971  140.00000   34  486          -  140.00000      -   238  195s
  1998   990  140.00000   49  518          -  140.00000      -   239  200s
  2048  1014  140.00000   75  553          -  140.00000      -   238  205s
  2104  1046 infeasible   49               -  140.00000      -   239  210s
  2168  1082  140.00000   48  382          -  140.00000      -   240  215s
  2255  1141  140.00000   65  387          -  140.00000      -   244  220s
  2306  1174 infeasible   56               -  140.00000      -   251  225s
  2342  1184  140.00000   32  481          -  140.00000      -   261  230s
  2393  1231  140.00000   62  538          -  140.00000      -   261  235s
  2460  1258  140.00000   64  354          -  140.00000      -   260  240s
  2512  1294  140.00000   54  509          -  140.00000      -   262  245s
  2560  1324  140.00000   44  531          -  140.00000      -   263  250s
  2589  1337  140.00000   58  423          -  140.00000      -   268  255s
  2640  1368  140.00000   42  525          -  140.00000      -   268  260s
  2689  1403  140.00000   49  550          -  140.00000      -   268  265s
  2735  1401 infeasible   56               -  140.00000      -   272  270s
  2796  1448  140.00000   70  595          -  140.00000      -   272  275s
  2847  1473 infeasible   51               -  140.00000      -   274  280s
  2924  1538 infeasible   72               -  140.00000      -   274  285s
  2965  1557  140.00000   35  339          -  140.00000      -   273  294s
  2970  1562  140.00000   40  469          -  140.00000      -   273  295s
  3024  1604 infeasible   68               -  140.00000      -   275  300s
  3115  1655 infeasible   43               -  140.00000      -   274  305s
  3173  1699  140.00000   36  360          -  140.00000      -   278  310s
  3269  1771 infeasible   59               -  140.00000      -   284  315s
  3356  1820 infeasible   60               -  140.00000      -   289  320s
  3478  1888  140.00000   60  341          -  140.00000      -   293  325s
  3574  1920  140.00000   57  397          -  140.00000      -   297  330s
  3669  1953  140.00000   50  428          -  140.00000      -   299  335s
  3754  2004  140.00000   44  411          -  140.00000      -   302  340s
  3829  2031  140.00000   34  378          -  140.00000      -   306  345s
  3939  2091 infeasible   68               -  140.00000      -   306  350s
  4088  2128  140.00000   60  388          -  140.00000      -   307  355s
  4174  2150  140.00000   56  376          -  140.00000      -   310  360s
  4261  2189  140.00000   50  289          -  140.00000      -   314  365s
  4353  2219 infeasible   73               -  140.00000      -   320  370s
  4444  2252  140.00000   63  449          -  140.00000      -   325  375s
  4545  2279 infeasible   67               -  140.00000      -   330  380s
  4622  2294  140.00000   58  389          -  140.00000      -   335  385s
  4677  2317  140.00000   72  373          -  140.00000      -   341  390s
  4738  2336  140.00000   71  399          -  140.00000      -   347  395s
  4743  2333  140.00000   54  354          -  140.00000      -   347  405s
  4823  2351  140.00000   62  354          -  140.00000      -   350  410s
  4941  2389 infeasible   70               -  140.00000      -   350  415s
  5035  2437  140.00000   60  369          -  140.00000      -   351  420s
  5148  2500  140.00000   63  428          -  140.00000      -   351  425s
  5228  2524  140.00000   56  389          -  140.00000      -   354  430s
  5296  2546  140.00000   50  391          -  140.00000      -   357  435s
  5392  2588  140.00000   64  422          -  140.00000      -   358  440s
  5493  2635 infeasible   68               -  140.00000      -   360  445s
  5555  2661  140.00000   78  388          -  140.00000      -   364  450s
  5635  2701 infeasible   70               -  140.00000      -   366  455s
  5744  2738 infeasible   57               -  140.00000      -   368  460s
  5833  2763 infeasible   62               -  140.00000      -   370  465s
  5916  2788 infeasible   60               -  140.00000      -   374  470s
  6005  2825  140.00000   52  411          -  140.00000      -   375  475s
  6094  2854  140.00000   57  431          -  140.00000      -   377  480s
  6169  2881 infeasible   58               -  140.00000      -   380  485s
  6281  2907 infeasible   69               -  140.00000      -   382  490s
  6397  2941 infeasible   64               -  140.00000      -   383  495s
  6489  2951  140.00000   52  484          -  140.00000      -   385  500s
  6575  2991  140.00000   62  380          -  140.00000      -   386  505s
  6652  3024 infeasible   69               -  140.00000      -   388  510s
  6746  3076 infeasible   51               -  140.00000      -   388  515s
  6821  3107 infeasible   64               -  140.00000      -   389  520s
  6887  3139  140.00000   60  395          -  140.00000      -   391  525s
  6969  3167  140.00000   70  298          -  140.00000      -   393  530s
  7078  3174  140.00000   58  301          -  140.00000      -   394  535s
  7155  3185 infeasible   62               -  140.00000      -   397  540s
  7242  3200  140.00000   62  337          -  140.00000      -   399  545s
  7360  3222  140.00000   58  364          -  140.00000      -   399  550s
  7454  3236 infeasible   63               -  140.00000      -   400  555s
  7533  3279  140.00000   53  452          -  140.00000      -   402  560s
  7606  3308 infeasible   62               -  140.00000      -   404  565s
  7669  3347 infeasible   62               -  140.00000      -   405  570s
  7748  3398  140.00000   44  420          -  140.00000      -   406  575s
  7848  3434  140.00000   58  437          -  140.00000      -   408  580s
  7891  3455  140.00000   58  441          -  140.00000      -   409  588s
  7921  3471  140.00000   56  349          -  140.00000      -   409  590s
  7998  3486  140.00000   56  408          -  140.00000      -   411  595s
  8099  3517 infeasible   58               -  140.00000      -   412  600s
  8191  3527 infeasible   58               -  140.00000      -   415  605s
  8297  3559 infeasible   53               -  140.00000      -   416  610s
  8388  3580 infeasible   55               -  140.00000      -   418  615s
  8453  3585 infeasible   55               -  140.00000      -   420  620s
  8515  3593  140.00000   55  331          -  140.00000      -   422  625s
  8590  3608 infeasible   66               -  140.00000      -   423  630s
  8668  3630 infeasible   65               -  140.00000      -   424  635s
  8761  3659 infeasible   63               -  140.00000      -   426  640s
  8859  3671  140.00000   69  346          -  140.00000      -   426  645s
  8952  3662  140.00000   40  303          -  140.00000      -   427  650s
  9037  3719 infeasible   67               -  140.00000      -   427  655s
  9142  3719  140.00000   71  316          -  140.00000      -   428  660s
  9239  3736  140.00000   47  410          -  140.00000      -   429  665s
  9306  3759 infeasible   58               -  140.00000      -   431  670s
  9388  3787 infeasible   63               -  140.00000      -   433  675s
  9450  3807  140.00000   49  361          -  140.00000      -   435  680s
  9527  3832  140.00000   51  342          -  140.00000      -   436  685s
  9624  3855  140.00000   51  342          -  140.00000      -   437  690s
  9658  3861  140.00000   67  340          -  140.00000      -   437  698s
  9688  3865 infeasible   55               -  140.00000      -   437  700s
  9816  3877 infeasible   60               -  140.00000      -   437  705s
  9944  3891 infeasible   67               -  140.00000      -   438  710s
 10090  3911  140.00000   61  297          -  140.00000      -   438  715s
 10202  3927  140.00000   66  334          -  140.00000      -   439  805s
 10302  3935 infeasible   66               -  140.00000      -   441  810s
 10434  3937 infeasible   75               -  140.00000      -   442  815s
 10523  3930 infeasible   76               -  140.00000      -   444  820s
 10641  3942  140.00000   78  354          -  140.00000      -   445  825s
 10775  3990 infeasible   81               -  140.00000      -   445  830s
 10914  4015  140.00000   80  300          -  140.00000      -   445  835s
 11050  4031  140.00000   80  321          -  140.00000      -   446  840s
 11182  4033  140.00000   71  293          -  140.00000      -   446  845s
 11297  4042 infeasible   72               -  140.00000      -   447  850s
 11433  4038 infeasible   79               -  140.00000      -   448  855s
 11572  4023  140.00000   72  236          -  140.00000      -   448  860s
 11692  4021  140.00000   66  330          -  140.00000      -   450  865s
 11813  4030  140.00000   71  342          -  140.00000      -   451  870s
 11927  4022  138.00000   80  226          -  140.00000      -   452  875s
 12083  4018 infeasible   77               -  140.00000      -   452  880s
 12195  4014 infeasible   77               -  140.00000      -   454  885s
 12288  4017  140.00000   63  352          -  140.00000      -   454  890s
 12364  4037  140.00000   59  394          -  140.00000      -   454  895s
 12475  4052 infeasible   64               -  140.00000      -   455  900s
 12584  4067  140.00000   51  341          -  140.00000      -   456  905s
 12700  4091 infeasible   63               -  140.00000      -   456  910s
 12784  4105  140.00000   59  283          -  140.00000      -   455  920s
 12879  4098  140.00000   61  328          -  140.00000      -   455  925s
 12969  4098  140.00000   72  313          -  140.00000      -   456  930s
 13079  4144  140.00000   50  315          -  140.00000      -   455  935s
 13190  4195  140.00000   41  408          -  140.00000      -   454  940s
 13278  4239  140.00000   56  434          -  140.00000      -   454  945s
 13375  4284  140.00000   63  415          -  140.00000      -   455  950s
 13463  4292  140.00000   78  408          -  140.00000      -   455  955s
 13544  4325 infeasible   71               -  140.00000      -   456  960s
 13630  4353  140.00000   76  334          -  140.00000      -   457  965s
 13721  4368 infeasible   67               -  140.00000      -   458  970s
 13818  4395 infeasible   63               -  140.00000      -   458  975s
 13875  4432  138.51390   50  414          -  140.00000      -   458  980s
 13993  4518  140.00000   71  315          -  140.00000      -   457  985s
 14094  4589  140.00000   44  389          -  140.00000      -   457  990s
 14167  4628  140.00000   42  421          -  140.00000      -   457  995s
 14247  4678 infeasible   54               -  140.00000      -   457 1000s
 14329  4720  140.00000   37  318          -  140.00000      -   457 1005s
 14393  4752  140.00000   68  417          -  140.00000      -   458 1010s
 14506  4813 infeasible   55               -  140.00000      -   458 1015s
 14597  4852  140.00000   54  461          -  140.00000      -   458 1020s
 14699  4907  140.00000   38  415          -  140.00000      -   458 1025s
 14821  4997  140.00000   64  352          -  140.00000      -   457 1030s
 14925  5047  140.00000   61  420          -  140.00000      -   457 1035s
 15005  5083 infeasible   65               -  140.00000      -   458 1040s
 15088  5116  140.00000   20  294          -  140.00000      -   458 1045s
 15185  5199  140.00000   59  429          -  140.00000      -   457 1050s
 15212  5218  140.00000   67  373          -  140.00000      -   458 1060s
 15308  5284  140.00000   62  418          -  140.00000      -   457 1065s
 15416  5358  140.00000   59  331          -  140.00000      -   457 1070s
 15559  5467  140.00000   47  303          -  140.00000      -   455 1075s
 15733  5605  140.00000   45  357          -  140.00000      -   453 1080s
 15888  5718  140.00000   48  329          -  140.00000      -   452 1085s
 16022  5804  140.00000   41  358          -  140.00000      -   451 1090s
 16146  5882  140.00000   37  465          -  140.00000      -   450 1095s
 16288  5982 infeasible   50               -  140.00000      -   449 1100s
 16442  6068  140.00000   36  428          -  140.00000      -   448 1105s
 16572  6156 infeasible   59               -  140.00000      -   448 1110s
 16689  6207  140.00000   38  346          -  140.00000      -   448 1115s
 16772  6224  140.00000   44  409          -  140.00000      -   448 1120s
 16873  6285  140.00000   61  384          -  140.00000      -   449 1125s
 16955  6335  140.00000   52  376          -  140.00000      -   449 1130s
 17037  6375  140.00000   65  385          -  140.00000      -   449 1135s
 17118  6428  140.00000   69  397          -  140.00000      -   449 1140s
 17211  6471 infeasible   74               -  140.00000      -   449 1145s
 17307  6529  140.00000   64  400          -  140.00000      -   449 1150s
 17397  6589  140.00000   56  350          -  140.00000      -   449 1155s
 17481  6645 infeasible   56               -  140.00000      -   449 1160s
 17634  6722  140.00000   67  390          -  140.00000      -   448 1165s
 17716  6770  140.00000   38  431          -  140.00000      -   449 1170s
 17796  6822 infeasible   46               -  140.00000      -   448 1175s
 17910  6878  140.00000   55  279          -  140.00000      -   448 1180s
 18059  6935  140.00000   41  448          -  140.00000      -   447 1185s
 18162  7016  140.00000   71  403          -  140.00000      -   447 1190s
 18293  7103  140.00000   60  413          -  140.00000      -   446 1195s
 18396  7164  140.00000   59  422          -  140.00000      -   446 1200s
 18476  7218  140.00000   50  392          -  140.00000      -   446 1213s
 18530  7248  140.00000   57  319          -  140.00000      -   446 1215s
 18655  7323  140.00000   46  376          -  140.00000      -   445 1220s
 18770  7378  140.00000   52  314          -  140.00000      -   445 1225s
 18865  7437  140.00000   66  343          -  140.00000      -   445 1230s
 18968  7504  140.00000   39  303          -  140.00000      -   445 1235s
 19123  7617  140.00000   49  453          -  140.00000      -   445 1240s
 19233  7689  140.00000   52  369          -  140.00000      -   444 1245s
 19352  7778  140.00000   70  374          -  140.00000      -   444 1250s
 19412  7802  140.00000   50  391          -  140.00000      -   446 1255s
 19526  7876  140.00000   48  401          -  140.00000      -   446 1260s
 19629  7919  140.00000   34  326          -  140.00000      -   446 1265s
 19792  8038  140.00000   58  412          -  140.00000      -   445 1270s
 19927  8083 infeasible   52               -  140.00000      -   445 1275s
 20079  8137  140.00000   51  471          -  140.00000      -   445 1280s
 20195  8187  140.00000   52  287          -  140.00000      -   445 1285s
 20353  8241 infeasible   60               -  140.00000      -   444 1290s
 20478  8286  140.00000   56  368          -  140.00000      -   445 1295s
 20588  8358  140.00000   45  365          -  140.00000      -   444 1300s
 20687  8423 infeasible   62               -  140.00000      -   445 1305s
 20833  8471  140.00000   55  359          -  140.00000      -   445 1310s
 20938  8509  140.00000   43  358          -  140.00000      -   445 1315s
 21046  8559  140.00000   40  530          -  140.00000      -   445 1320s
 21136  8617 infeasible   58               -  140.00000      -   445 1325s
 21209  8656 infeasible   64               -  140.00000      -   446 1330s
 21319  8722  140.00000   63  388          -  140.00000      -   446 1335s
 21439  8794  140.00000   48  351          -  140.00000      -   446 1340s
 21546  8861 infeasible   69               -  140.00000      -   446 1345s
 21691  8922  140.00000   46  427          -  140.00000      -   445 1350s
 21787  8958 infeasible   32               -  140.00000      -   445 1355s
 21943  9052 infeasible   55               -  140.00000      -   444 1360s
 22048  9123  140.00000   54  351          -  140.00000      -   444 1365s
 22133  9178  140.00000   43  328          -  140.00000      -   444 1375s
 22216  9237  140.00000   51  381          -  140.00000      -   444 1380s
 22342  9311 infeasible   39               -  140.00000      -   443 1385s
 22474  9391  140.00000   59  378          -  140.00000      -   443 1390s
 22579  9442  140.00000   42  291          -  140.00000      -   443 1395s
 22719  9538  140.00000   50  359          -  140.00000      -   442 1400s
 22850  9615  140.00000   49  353          -  140.00000      -   441 1405s
 22990  9705  140.00000   63  426          -  140.00000      -   441 1410s
 23075  9754  140.00000   53  331          -  140.00000      -   441 1415s
 23207  9824  140.00000   48  261          -  140.00000      -   441 1420s
 23360  9889 infeasible   55               -  140.00000      -   441 1425s
 23494  9949 infeasible   65               -  140.00000      -   441 1430s
 23678 10027 infeasible   71               -  140.00000      -   440 1435s
 23784 10097  140.00000   63  277          -  140.00000      -   440 1440s
 23894 10111 infeasible   66               -  140.00000      -   441 1445s
 24025 10158 infeasible   76               -  140.00000      -   441 1450s
 24153 10176 infeasible   61               -  140.00000      -   441 1455s
 24249 10202  140.00000   67  415          -  140.00000      -   442 1460s
 24414 10271  140.00000   66  336          -  140.00000      -   441 1465s
 24538 10325 infeasible   77               -  140.00000      -   441 1470s
 24663 10362 infeasible   75               -  140.00000      -   441 1475s
 24806 10347 infeasible   71               -  140.00000      -   441 1480s
 24967 10372  140.00000   65  307          -  140.00000      -   441 1485s
 25150 10403  140.00000   67  258          -  140.00000      -   440 1490s
 25309 10430  140.00000   74  389          -  140.00000      -   440 1495s
 25415 10428 infeasible   72               -  140.00000      -   441 1500s
 25620 10463 infeasible   74               -  140.00000      -   440 1505s
 25706 10483  140.00000   58  274          -  140.00000      -   439 1521s
 25774 10487 infeasible   61               -  140.00000      -   440 1525s
 25874 10511  140.00000   54  278          -  140.00000      -   440 1530s
 26007 10530  140.00000   63  289          -  140.00000      -   440 1535s
 26164 10551  140.00000   54  397          -  140.00000      -   440 1540s
 26303 10574  140.00000   41  355          -  140.00000      -   440 1545s
 26435 10638  140.00000   60  390          -  140.00000      -   440 1550s
 26527 10690 infeasible   78               -  140.00000      -   440 1555s
 26650 10745  140.00000   41  332          -  140.00000      -   440 1560s
 26761 10820  140.00000   57  299          -  140.00000      -   440 1565s
 26894 10885  140.00000   48  332          -  140.00000      -   440 1570s
 27064 10971  140.00000   34  348          -  140.00000      -   439 1575s
 27155 11036  140.00000   60  436          -  140.00000      -   439 1580s
 27333 11122  140.00000   52  276          -  140.00000      -   439 1585s
 27482 11209  140.00000   64  304          -  140.00000      -   438 1590s
 27633 11298  140.00000   59  299          -  140.00000      -   438 1595s
 27734 11355  140.00000   57  382          -  140.00000      -   438 1600s
 27861 11402  140.00000   46  372          -  140.00000      -   438 1605s
 27961 11460  140.00000   66  433          -  140.00000      -   438 1610s
 28066 11507 infeasible   60               -  140.00000      -   439 1615s
 28140 11543 infeasible   50               -  140.00000      -   439 1620s
 28235 11584 infeasible   53               -  140.00000      -   439 1625s
 28398 11653  140.00000   66  388          -  140.00000      -   439 1630s
 28504 11669 infeasible   70               -  140.00000      -   439 1635s
 28637 11698  140.00000   65  236          -  140.00000      -   439 1640s
 28791 11748  140.00000   54  371          -  140.00000      -   439 1645s
 28941 11782 infeasible   52               -  140.00000      -   439 1650s
 29070 11811  140.00000   56  349          -  140.00000      -   439 1655s
 29211 11846 infeasible   54               -  140.00000      -   439 1660s
 29324 11909 infeasible   70               -  140.00000      -   439 1665s
 29422 11971  140.00000   61  387          -  140.00000      -   439 1670s
 29518 12021 infeasible   69               -  140.00000      -   440 1675s
 29662 12105  140.00000   55  436          -  140.00000      -   440 1680s
 29793 12154  140.00000   43  357          -  140.00000      -   440 1685s
 29909 12230  140.00000   71  348          -  140.00000      -   440 1690s
 30027 12288  140.00000   51  385          -  140.00000      -   440 1695s
 30146 12361  140.00000   68  424          -  140.00000      -   440 1700s
 30255 12402  140.00000   48  379          -  140.00000      -   440 1705s
 30368 12445 infeasible   57               -  140.00000      -   440 1710s
 30528 12519  140.00000   61  349          -  140.00000      -   440 1715s
 30692 12585 infeasible   64               -  140.00000      -   440 1720s
 30819 12654 infeasible   64               -  140.00000      -   440 1725s
 30967 12730  140.00000   61  377          -  140.00000      -   440 1730s
 31146 12785  140.00000   46  432          -  140.00000      -   439 1735s
 31254 12835  140.00000   58  304          -  140.00000      -   439 1740s
 31398 12897  140.00000   40  343          -  140.00000      -   439 1745s
 31499 12954  140.00000   44  365          -  140.00000      -   439 1750s
 31598 13023 infeasible   56               -  140.00000      -   440 1755s
 31728 13051 infeasible   57               -  140.00000      -   440 1760s
 31800 13101  140.00000   57  438          -  140.00000      -   439 1770s
 31874 13151 infeasible   59               -  140.00000      -   439 1775s
 32032 13229  140.00000   48  433          -  140.00000      -   439 1780s
 32137 13306  140.00000   40  343          -  140.00000      -   439 1785s
 32273 13364  140.00000   58  318          -  140.00000      -   439 1790s
 32377 13364 infeasible   51               -  140.00000      -   440 1795s
 32456 13413 infeasible   62               -  140.00000      -   440 1800s
 32523 13442  140.00000   63  386          -  140.00000      -   440 1805s
 32609 13478 infeasible   54               -  140.00000      -   441 1810s
 32696 13513  140.00000   53  436          -  140.00000      -   441 1815s
 32812 13551 infeasible   77               -  140.00000      -   441 1820s
 32881 13588 infeasible   57               -  140.00000      -   441 1825s
 32978 13635 infeasible   57               -  140.00000      -   442 1830s
 33083 13676 infeasible   52               -  140.00000      -   442 1835s
 33247 13730  140.00000   55  332          -  140.00000      -   441 1840s
 33377 13732  140.00000   50  316          -  140.00000      -   441 1845s
 33538 13785  140.00000   65  396          -  140.00000      -   441 1850s
 33699 13834  140.00000   59  361          -  140.00000      -   441 1855s
 33828 13869  140.00000   61  378          -  140.00000      -   441 1860s
 33956 13899 infeasible   63               -  140.00000      -   441 1865s
 34068 13929 infeasible   64               -  140.00000      -   441 1870s
 34225 13972  140.00000   55  438          -  140.00000      -   441 1875s
 34354 14043  140.00000   50  326          -  140.00000      -   440 1880s
 34472 14079 infeasible   64               -  140.00000      -   441 1885s
 34593 14152  140.00000   54  364          -  140.00000      -   440 1890s
 34714 14215  140.00000   50  395          -  140.00000      -   441 1895s
 34826 14279 infeasible   67               -  140.00000      -   441 1900s
 34975 14334  140.00000   55  379          -  140.00000      -   440 1905s
 35095 14372  140.00000   65  368          -  140.00000      -   440 1910s
 35261 14398  140.00000   60  329          -  140.00000      -   440 1915s
 35328 14429  140.00000   57  336          -  140.00000      -   440 1928s
 35368 14447 infeasible   66               -  140.00000      -   440 1930s
 35527 14478  140.00000   62  282          -  140.00000      -   440 1935s
 35717 14500  140.00000   47  374          -  140.00000      -   439 1940s
 35841 14568 infeasible   60               -  140.00000      -   439 1945s
 35998 14663  140.00000   66  337          -  140.00000      -   439 1950s
 36119 14738  140.00000   53  283          -  140.00000      -   439 1955s
 36269 14792  140.00000   64  401          -  140.00000      -   439 1960s
 36403 14836  140.00000   48  369          -  140.00000      -   439 1965s
 36526 14885 infeasible   65               -  140.00000      -   439 1970s
 36690 14949 infeasible   59               -  140.00000      -   439 1975s
 36836 15007  140.00000   55  403          -  140.00000      -   439 1980s
 36952 15073  140.00000   52  456          -  140.00000      -   439 1985s
 37080 15123  140.00000   54  318          -  140.00000      -   439 1990s
 37254 15163  140.00000   67  393          -  140.00000      -   439 1995s
 37389 15156  140.00000   57  365          -  140.00000      -   439 2000s
 37520 15209  140.00000   56  306          -  140.00000      -   439 2005s
 37652 15227  140.00000   60  358          -  140.00000      -   439 2010s
 37828 15229 infeasible   58               -  140.00000      -   438 2015s
 37988 15253  140.00000   54  291          -  140.00000      -   438 2020s
 38140 15247 infeasible   61               -  140.00000      -   438 2025s
 38245 15294  140.00000   49  312          -  140.00000      -   438 2030s
 38357 15356  140.00000   54  352          -  140.00000      -   438 2035s
 38527 15362  140.00000   41  352          -  140.00000      -   438 2040s
 38665 15438 infeasible   58               -  140.00000      -   438 2045s
 38761 15484  140.00000   42  287          -  140.00000      -   438 2050s
 38904 15551  140.00000   46  387          -  140.00000      -   438 2055s
 39027 15632  140.00000   66  460          -  140.00000      -   438 2060s
 39149 15698 infeasible   51               -  140.00000      -   438 2065s
 39233 15738 infeasible   61               -  140.00000      -   438 2070s
 39386 15823  140.00000   60  376          -  140.00000      -   438 2075s
 39516 15887  140.00000   66  371          -  140.00000      -   438 2080s
 39661 15940  140.00000   58  339          -  140.00000      -   438 2085s
 39775 16002 infeasible   65               -  140.00000      -   438 2090s
 39899 16028  140.00000   61  348          -  140.00000      -   438 2095s
 40020 16079 infeasible   56               -  140.00000      -   438 2100s
 40157 16116  140.00000   55  419          -  140.00000      -   438 2105s
 40264 16149  140.00000   61  420          -  140.00000      -   438 2110s
 40364 16193 infeasible   52               -  140.00000      -   438 2115s
 40483 16236 infeasible   66               -  140.00000      -   439 2120s
 40604 16243  140.00000   55  268          -  140.00000      -   438 2130s
 40708 16279 infeasible   63               -  140.00000      -   438 2135s
 40819 16318  140.00000   54  363          -  140.00000      -   438 2140s
 40950 16351  140.00000   57  416          -  140.00000      -   438 2145s
 41097 16408  140.00000   51  306          -  140.00000      -   438 2150s
 41240 16483  140.00000   56  327          -  140.00000      -   438 2155s
 41385 16522  140.00000   41  381          -  140.00000      -   438 2160s
 41485 16560 infeasible   49               -  140.00000      -   438 2165s
 41619 16624 infeasible   72               -  140.00000      -   438 2170s
 41739 16700 infeasible   70               -  140.00000      -   438 2175s
 41884 16747  140.00000   55  334          -  140.00000      -   438 2180s
 42032 16795 infeasible   64               -  140.00000      -   438 2185s
 42167 16824  140.00000   59  447          -  140.00000      -   437 2190s
 42299 16880  140.00000   41  322          -  140.00000      -   437 2195s
 42417 16920  140.00000   56  394          -  140.00000      -   437 2200s
 42559 16982  140.00000   47  383          -  140.00000      -   437 2205s
 42642 17019 infeasible   51               -  140.00000      -   438 2210s
 42786 17083  140.00000   55  382          -  140.00000      -   438 2215s
 42881 17126  140.00000   58  477          -  140.00000      -   438 2220s
 42976 17159  140.00000   57  361          -  140.00000      -   438 2225s
 43075 17190  140.00000   53  421          -  140.00000      -   438 2230s
 43216 17227  140.00000   42  324          -  140.00000      -   438 2235s
 43340 17265 infeasible   55               -  140.00000      -   438 2240s
 43499 17348  140.00000   60  388          -  140.00000      -   437 2245s
 43601 17376 infeasible   62               -  140.00000      -   437 2250s
 43718 17441 infeasible   61               -  140.00000      -   437 2255s
 43867 17502 infeasible   54               -  140.00000      -   437 2260s
 43978 17543 infeasible   66               -  140.00000      -   437 2265s
 44114 17625 infeasible   61               -  140.00000      -   437 2270s
 44221 17672  140.00000   69  314          -  140.00000      -   437 2275s
 44337 17718 infeasible   49               -  140.00000      -   438 2280s
 44438 17757  140.00000   52  389          -  140.00000      -   437 2290s
 44552 17821  140.00000   65  369          -  140.00000      -   437 2295s
 44672 17883 infeasible   56               -  140.00000      -   437 2300s
 44767 17912 infeasible   58               -  140.00000      -   438 2305s
 44881 17952  140.00000   54  325          -  140.00000      -   438 2310s
 44993 17978  140.00000   62  389          -  140.00000      -   438 2315s
 45114 17999 infeasible   61               -  140.00000      -   438 2320s
 45219 18056 infeasible   68               -  140.00000      -   439 2325s
 45312 18075 infeasible   55               -  140.00000      -   439 2330s
 45378 18111  140.00000   54  310          -  140.00000      -   439 2335s
 45459 18134  140.00000   54  344          -  140.00000      -   440 2340s
 45575 18188  140.00000   67  387          -  140.00000      -   440 2345s
 45658 18197  140.00000   54  360          -  140.00000      -   440 2350s
 45783 18218 infeasible   55               -  140.00000      -   440 2355s
 45934 18255 infeasible   57               -  140.00000      -   440 2360s
 46054 18283  140.00000   55  374          -  140.00000      -   440 2365s
 46173 18336  140.00000   67  394          -  140.00000      -   440 2370s
 46326 18395  140.00000   45  321          -  140.00000      -   440 2375s
 46436 18443  140.00000   64  350          -  140.00000      -   440 2380s
 46534 18467  140.00000   47  365          -  140.00000      -   441 2385s
 46665 18506  140.00000   48  396          -  140.00000      -   441 2390s
 46789 18554  140.00000   53  378          -  140.00000      -   441 2395s
 46899 18608  140.00000   52  397          -  140.00000      -   441 2400s
 47036 18639  140.00000   60  388          -  140.00000      -   441 2405s
 47144 18673  140.00000   49  364          -  140.00000      -   440 2416s
 47238 18717  140.00000   44  451          -  140.00000      -   440 2420s
 47334 18769 infeasible   47               -  140.00000      -   440 2425s
 47457 18850 infeasible   47               -  140.00000      -   440 2430s
 47538 18893  140.00000   64  302          -  140.00000      -   441 2435s
 47649 18958  140.00000   54  315          -  140.00000      -   441 2440s
 47796 19007 infeasible   62               -  140.00000      -   441 2445s
 47934 19049 infeasible   58               -  140.00000      -   441 2450s
 48080 19121  140.00000   50  433          -  140.00000      -   441 2455s
 48209 19154 infeasible   52               -  140.00000      -   440 2460s
 48304 19177  140.00000   44  324          -  140.00000      -   441 2465s
 48427 19246  140.00000   65  350          -  140.00000      -   441 2470s
 48546 19297  140.00000   53  363          -  140.00000      -   441 2475s
 48675 19394  140.00000   55  389          -  140.00000      -   441 2480s
 48830 19495  140.00000   60  284          -  140.00000      -   440 2485s
 48948 19559  140.00000   51  335          -  140.00000      -   441 2490s
 49078 19639  140.00000   65  357          -  140.00000      -   441 2495s
 49182 19671  140.00000   71  373          -  140.00000      -   441 2500s
 49307 19710 infeasible   52               -  140.00000      -   441 2505s
 49418 19749  140.00000   68  348          -  140.00000      -   441 2510s
 49551 19782  140.00000   63  323          -  140.00000      -   441 2515s
 49668 19803  140.00000   50  275          -  140.00000      -   441 2520s
 49802 19819 infeasible   55               -  140.00000      -   441 2525s
 49944 19875  140.00000   59  378          -  140.00000      -   441 2530s
 50078 19927  140.00000   49  289          -  140.00000      -   441 2535s
 50211 19958  140.00000   58  485          -  140.00000      -   441 2540s
 50343 19994 infeasible   63               -  140.00000      -   441 2545s
 50457 20016  140.00000   55  371          -  140.00000      -   441 2550s
 50547 20040  140.00000   63  281          -  140.00000      -   442 2555s
 50716 20101  140.00000   61  354          -  140.00000      -   441 2560s
 50818 20119 infeasible   48               -  140.00000      -   441 2565s
 50929 20156  140.00000   66  374          -  140.00000      -   441 2570s
 50972 20179  140.00000   50  363          -  140.00000      -   441 2581s
 51044 20189  140.00000   37  500          -  140.00000      -   441 2585s
 51096 20227  139.78750   63  446          -  140.00000      -   442 2590s
 51192 20257  139.00000   43  462          -  140.00000      -   442 2595s
 51302 20301 infeasible   58               -  140.00000      -   442 2600s
 51424 20343  140.00000   46  532          -  140.00000      -   442 2605s
 51501 20390  140.00000   57  323          -  140.00000      -   442 2610s
 51606 20441 infeasible   63               -  140.00000      -   442 2615s
 51720 20451 infeasible   54               -  140.00000      -   442 2620s
 51826 20501  140.00000   42  340          -  140.00000      -   442 2625s
 51941 20552 infeasible   51               -  140.00000      -   442 2630s
 52039 20618 infeasible   66               -  140.00000      -   442 2635s
 52124 20681  139.74778   70  485          -  140.00000      -   443 2640s
 52247 20750 infeasible   59               -  140.00000      -   442 2645s
 52376 20803 infeasible   79               -  140.00000      -   442 2650s
 52495 20848  140.00000   60  302          -  140.00000      -   442 2655s
 52609 20898  140.00000   55  309          -  140.00000      -   443 2660s
 52710 20927 infeasible   54               -  140.00000      -   443 2665s
 52824 20991  140.00000   58  343          -  140.00000      -   443 2670s
 52927 21046  140.00000   62  392          -  140.00000      -   443 2675s
 53040 21071 infeasible   50               -  140.00000      -   443 2680s
 53130 21111  140.00000   56  379          -  140.00000      -   443 2685s
 53222 21135  140.00000   62  375          -  140.00000      -   444 2690s
 53323 21172  140.00000   58  375          -  140.00000      -   444 2695s
 53412 21223 infeasible   55               -  140.00000      -   444 2700s
 53533 21282  140.00000   48  400          -  140.00000      -   444 2705s
 53650 21331 infeasible   62               -  140.00000      -   444 2710s
 53778 21365 infeasible   67               -  140.00000      -   444 2715s
 53867 21400 infeasible   65               -  140.00000      -   445 2720s
 53995 21452  140.00000   70  340          -  140.00000      -   445 2725s
 54148 21463 infeasible   63               -  140.00000      -   444 2730s
 54336 21489 infeasible   56               -  140.00000      -   444 2735s
 54539 21500 infeasible   71               -  140.00000      -   444 2740s
 54700 21511 infeasible   49               -  140.00000      -   444 2745s
 54843 21534 infeasible   65               -  140.00000      -   444 2750s
 54961 21586  140.00000   57  388          -  140.00000      -   444 2755s
 55052 21615  140.00000   53  380          -  140.00000      -   444 2760s
 55140 21655  140.00000   66  326          -  140.00000      -   444 2772s
 55186 21677  140.00000   58  398          -  140.00000      -   444 2775s
 55292 21733 infeasible   62               -  140.00000      -   445 2780s
 55413 21752  140.00000   55  378          -  140.00000      -   445 2785s
 55520 21765  140.00000   66  322          -  140.00000      -   445 2790s
 55653 21778 infeasible   62               -  140.00000      -   445 2795s
 55760 21805 infeasible   62               -  140.00000      -   445 2800s
 55855 21826  140.00000   60  346          -  140.00000      -   446 2805s
 55956 21857  140.00000   61  336          -  140.00000      -   446 2810s
 56048 21873 infeasible   62               -  140.00000      -   446 2815s
 56160 21889 infeasible   68               -  140.00000      -   447 2820s
 56292 21903  140.00000   52  317          -  140.00000      -   447 2825s
 56398 21923 infeasible   64               -  140.00000      -   447 2830s
 56477 21950  140.00000   72  337          -  140.00000      -   447 2835s
 56584 21963  139.00000   43  468          -  140.00000      -   448 2840s
 56677 22006  140.00000   61  345          -  140.00000      -   448 2845s
 56786 22051  140.00000   52  360          -  140.00000      -   448 2850s
 56915 22090 infeasible   69               -  140.00000      -   448 2855s
 57016 22129  140.00000   53  310          -  140.00000      -   448 2860s
 57104 22153 infeasible   58               -  140.00000      -   448 2865s
 57174 22187  140.00000   65  375          -  140.00000      -   449 2870s
 57262 22215 infeasible   64               -  140.00000      -   449 2875s
 57347 22230  140.00000   52  398          -  140.00000      -   449 2880s
 57447 22260 infeasible   55               -  140.00000      -   449 2885s
 57533 22270 infeasible   64               -  140.00000      -   450 2890s
 57685 22308 infeasible   58               -  140.00000      -   450 2895s
 57799 22310  140.00000   50  346          -  140.00000      -   450 2900s
 57914 22357 infeasible   59               -  140.00000      -   450 2905s
 58060 22455  140.00000   59  434          -  140.00000      -   450 2910s
 58170 22477  140.00000   54  300          -  140.00000      -   450 2915s
 58337 22510  140.00000   67  345          -  140.00000      -   449 2920s
 58468 22549  140.00000   50  442          -  140.00000      -   449 2925s
 58571 22604  140.00000   64  432          -  140.00000      -   449 2930s
 58700 22675  140.00000   65  429          -  140.00000      -   449 2935s
 58839 22742  140.00000   55  384          -  140.00000      -   449 2940s
 58985 22778 infeasible   57               -  140.00000      -   449 2945s
 59097 22814  140.00000   60  297          -  140.00000      -   449 2950s
 59210 22855  140.00000   50  413          -  140.00000      -   449 2955s
 59308 22899  140.00000   58  311          -  140.00000      -   449 2960s
 59395 22934  139.00000   41  433          -  140.00000      -   449 2965s
 59482 22949 infeasible   65               -  140.00000      -   449 2970s
 59572 22963  140.00000   62  397          -  140.00000      -   450 2975s
 59685 23008  140.00000   61  377          -  140.00000      -   450 2980s
 59772 23043  140.00000   63  299          -  140.00000      -   450 2994s
 59799 23054  140.00000   67  368          -  140.00000      -   450 2995s
 59913 23050 infeasible   69               -  140.00000      -   450 3000s
 60018 23115 infeasible   68               -  140.00000      -   450 3005s
 60135 23188 infeasible   67               -  140.00000      -   450 3010s
 60250 23229 infeasible   60               -  140.00000      -   450 3015s
 60341 23240 infeasible   62               -  140.00000      -   451 3020s
 60444 23245  140.00000   59  358          -  140.00000      -   451 3025s
 60529 23258 infeasible   69               -  140.00000      -   451 3030s
 60603 23256 infeasible   62               -  140.00000      -   451 3035s
 60714 23295  140.00000   70  316          -  140.00000      -   451 3040s
 60838 23323  140.00000   60  384          -  140.00000      -   451 3045s
 60944 23329  140.00000   68  400          -  140.00000      -   452 3050s
 61109 23330 infeasible   74               -  140.00000      -   451 3055s
 61281 23348 infeasible   74               -  140.00000      -   451 3060s
 61375 23388 infeasible   65               -  140.00000      -   451 3065s
 61493 23430 infeasible   60               -  140.00000      -   451 3070s
 61598 23457  140.00000   57  346          -  140.00000      -   452 3075s
 61693 23496  140.00000   45  331          -  140.00000      -   452 3080s
 61806 23565 infeasible   65               -  140.00000      -   452 3085s
 61898 23599 infeasible   59               -  140.00000      -   452 3090s
 62001 23642  140.00000   72  371          -  140.00000      -   452 3095s
 62099 23664 infeasible   57               -  140.00000      -   452 3100s
 62220 23683 infeasible   56               -  140.00000      -   452 3105s
 62345 23722 infeasible   72               -  140.00000      -   452 3110s
 62506 23791  140.00000   50  359          -  140.00000      -   452 3115s
 62646 23807  140.00000   51  338          -  140.00000      -   452 3120s
 62807 23850  140.00000   63  406          -  140.00000      -   452 3125s
 62939 23874  140.00000   70  315          -  140.00000      -   452 3130s
 63082 23905  140.00000   54  374          -  140.00000      -   452 3135s
 63171 23964  140.00000   61  396          -  140.00000      -   452 3140s
 63245 23998 infeasible   66               -  140.00000      -   452 3145s
 63343 24008 infeasible   72               -  140.00000      -   452 3150s
 63462 24059  140.00000   35  295          -  140.00000      -   452 3155s
 63565 24098  140.00000   45  415          -  140.00000      -   452 3160s
 63668 24133 infeasible   30               -  140.00000      -   452 3165s
 63809 24146 infeasible   38               -  140.00000      -   452 3170s
 63941 24188  140.00000   63  359          -  140.00000      -   452 3175s
 64055 24202 infeasible   63               -  140.00000      -   452 3180s
 64095 24204  140.00000   64  395          -  140.00000      -   452 3194s
 64102 24205 infeasible   67               -  140.00000      -   452 3195s
 64232 24227  140.00000   61  408          -  140.00000      -   452 3200s
 64348 24251  140.00000   45  379          -  140.00000      -   452 3205s
 64460 24305 infeasible   65               -  140.00000      -   452 3210s
 64619 24410  140.00000   64  391          -  140.00000      -   452 3215s
 64749 24448  140.00000   61  379          -  140.00000      -   452 3220s
 64891 24526 infeasible   66               -  140.00000      -   451 3225s
 65020 24583  140.00000   46  452          -  140.00000      -   451 3230s
 65115 24632  140.00000   37  464          -  140.00000      -   451 3235s
 65245 24712  140.00000   61  370          -  140.00000      -   451 3240s
 65402 24807 infeasible   34               -  140.00000      -   451 3245s
 65581 24910  140.00000   64  316          -  140.00000      -   451 3250s
 65715 24950  140.00000   37  290          -  140.00000      -   450 3255s
 65843 25038  140.00000   53  415          -  140.00000      -   450 3260s
 65980 25123 infeasible   59               -  140.00000      -   450 3265s
 66082 25179 infeasible   71               -  140.00000      -   450 3270s
 66196 25267  140.00000   70  377          -  140.00000      -   450 3275s
 66281 25326  140.00000   78  389          -  140.00000      -   450 3280s
 66407 25368  140.00000   42  380          -  140.00000      -   450 3285s
 66534 25427  140.00000   60  369          -  140.00000      -   450 3290s
 66635 25474  140.00000   53  387          -  140.00000      -   450 3295s
 66778 25555  140.00000   57  381          -  140.00000      -   450 3300s
 66948 25657 infeasible   71               -  140.00000      -   450 3305s
 67058 25701  140.00000   57  378          -  140.00000      -   450 3310s
 67211 25768 infeasible   47               -  140.00000      -   450 3315s
 67315 25814 infeasible   73               -  140.00000      -   450 3320s
 67441 25860 infeasible   62               -  140.00000      -   450 3325s
 67564 25885  140.00000   63  276          -  140.00000      -   451 3330s
 67672 25913 infeasible   65               -  140.00000      -   451 3335s
 67771 25932 infeasible   50               -  140.00000      -   451 3340s
 67888 25955  140.00000   67  316          -  140.00000      -   451 3345s
 68007 25968  140.00000   67  359          -  140.00000      -   451 3350s
 68132 25981  140.00000   67  462          -  140.00000      -   451 3355s
 68250 25993 infeasible   61               -  140.00000      -   452 3360s
 68441 26042 infeasible   62               -  140.00000      -   451 3365s
 68602 26073 infeasible   62               -  140.00000      -   451 3370s
 68713 26074  140.00000   63  420          -  140.00000      -   451 3375s
 68817 26092 infeasible   57               -  140.00000      -   451 3380s
 68924 26117 infeasible   65               -  140.00000      -   451 3385s
 69014 26139  140.00000   30  269          -  140.00000      -   452 3390s
 69114 26209  139.00000   60  447          -  140.00000      -   452 3395s
 69219 26254  140.00000   43  446          -  140.00000      -   452 3400s
 69296 26287 infeasible   60               -  140.00000      -   452 3405s
 69407 26346  140.00000   55  421          -  140.00000      -   452 3410s
 69525 26392  139.70101   62  403          -  140.00000      -   452 3415s
 69609 26412  140.00000   70  417          -  140.00000      -   452 3420s
 69728 26463  140.00000   47  344          -  140.00000      -   452 3425s
 69846 26509  140.00000   51  404          -  140.00000      -   452 3430s
 69875 26522  140.00000   51  387          -  140.00000      -   452 3441s
 69948 26517  140.00000   60  402          -  140.00000      -   452 3445s
 70048 26531 infeasible   70               -  140.00000      -   452 3450s
 70134 26537  140.00000   62  356          -  140.00000      -   452 3455s
 70221 26564  140.00000   62  308          -  140.00000      -   452 3460s
 70317 26588 infeasible   64               -  140.00000      -   453 3465s
 70447 26604 infeasible   55               -  140.00000      -   453 3470s
 70559 26610  140.00000   53  319          -  140.00000      -   453 3475s
 70650 26627 infeasible   55               -  140.00000      -   453 3480s
 70752 26637  140.00000   69  340          -  140.00000      -   453 3485s
 70877 26664 infeasible   71               -  140.00000      -   453 3490s
 71003 26684  140.00000   65  394          -  140.00000      -   453 3495s
 71102 26699 infeasible   58               -  140.00000      -   453 3500s
 71228 26713  140.00000   69  405          -  140.00000      -   453 3505s
 71381 26728 infeasible   67               -  140.00000      -   453 3510s
 71534 26801 infeasible   61               -  140.00000      -   453 3515s
 71693 26860 infeasible   66               -  140.00000      -   453 3520s
 71835 26934  140.00000   66  414          -  140.00000      -   453 3525s
 71947 26982 infeasible   68               -  140.00000      -   453 3530s
 72075 27044  140.00000   69  341          -  140.00000      -   453 3535s
 72169 27046  140.00000   65  365          -  140.00000      -   453 3540s
 72313 27066  140.00000   58  426          -  140.00000      -   453 3545s
 72465 27078 infeasible   70               -  140.00000      -   452 3550s
 72645 27118  140.00000   51  356          -  140.00000      -   452 3555s
 72755 27170  140.00000   71  339          -  140.00000      -   452 3560s
 72884 27195 infeasible   61               -  140.00000      -   452 3565s
 73005 27218  140.00000   51  323          -  140.00000      -   452 3570s
 73112 27247 infeasible   59               -  140.00000      -   452 3575s
 73221 27280 infeasible   59               -  140.00000      -   453 3580s
 73310 27293  140.00000   57  290          -  140.00000      -   453 3585s
 73444 27309  140.00000   57  340          -  140.00000      -   453 3590s
 73584 27321 infeasible   67               -  140.00000      -   453 3595s

Cutting planes:
  Clique: 1
  MIR: 1
  Flow cover: 3
  Zero half: 3
  RLT: 6
  BQP: 3

Explored 73745 nodes (33527652 simplex iterations) in 3600.00 seconds (4635.94 work units)
Thread count was 1 (of 8 available processors)

Solution count 0

Time limit reached
Best objective -, best bound 1.400000000000e+02, gap -
