
Gurobi 11.0.1 (win64) logging started Sat Mar 30 15:12:53 2024

Set parameter LogFile to value "C:\Projetos\Job_Rotation_Algorithms\Outputs\GurobiLogs\gurobi_log-output-10_ton-c91-CostaMirallesModel-NoExtraConstraint-2.log"
Gurobi Optimizer version 11.0.1 build v11.0.1rc0 (win64 - Windows 10.0 (19045.2))

CPU model: 11th Gen Intel(R) Core(TM) i7-1165G7 @ 2.80GHz, instruction set [SSE2|AVX|AVX2|AVX512]
Thread count: 4 physical cores, 8 logical processors, using up to 1 threads

WLS license 901039 - registered to Bitka Analytics
Optimize a model with 2766 rows, 13159 columns and 200009 nonzeros
Model fingerprint: 0xf5832801
Variable types: 2 continuous, 13157 integer (13157 binary)
Coefficient statistics:
  Matrix range     [1e+00, 2e+02]
  Objective range  [1e+00, 1e+00]
  Bounds range     [1e+00, 2e+02]
  RHS range        [1e+00, 2e+02]
Presolve added 501 rows and 0 columns
Presolve removed 0 rows and 322 columns
Presolve time: 1.03s
Presolved: 3267 rows, 12837 columns, 101561 nonzeros
Variable types: 0 continuous, 12837 integer (12215 binary)

Root relaxation: objective 1.400000e+02, 4338 iterations, 0.39 seconds (0.52 work units)

    Nodes    |    Current Node    |     Objective Bounds      |     Work
 Expl Unexpl |  Obj  Depth IntInf | Incumbent    BestBd   Gap | It/Node Time

     0     0  140.00000    0  117          -  140.00000      -     -    1s
     0     0  140.00000    0  107          -  140.00000      -     -    1s
     0     0  140.00000    0  107          -  140.00000      -     -    1s
     0     0  140.00000    0   95          -  140.00000      -     -    5s
     0     0  140.00000    0  428          -  140.00000      -     -    5s
     0     0  140.00000    0  410          -  140.00000      -     -    5s
     0     0  140.00000    0  134          -  140.00000      -     -    6s
     0     0  140.00000    0  134          -  140.00000      -     -    6s
     0     0  140.00000    0  271          -  140.00000      -     -    6s
     0     0  140.00000    0  158          -  140.00000      -     -    7s
     0     0  140.00000    0  192          -  140.00000      -     -    7s
     0     0  140.00000    0  150          -  140.00000      -     -    8s
     0     0  140.00000    0  147          -  140.00000      -     -    8s
     0     2  140.00000    0  138          -  140.00000      -     -   10s
   140   110  140.00000   30   95          -  140.00000      -   234   15s
   293   196  140.00000   28  172          -  140.00000      -   226   20s
   412   263  140.00000   26  668          -  140.00000      -   245   25s
   588   319  140.00000   33  929          -  140.00000      -   226   30s
   728   399  139.80618   96  468          -  140.00000      -   235   35s
   731   401  139.00000   93  107          -  140.00000      -   235   43s
   735   404  140.00000   41 1044          -  140.00000      -   233   45s
   739   406  139.00000   49  673          -  140.00000      -   232   50s
   744   410  139.80905   47  150          -  140.00000      -   230   56s
   810   449  140.00000   47  287          -  140.00000      -   314   60s
   874   406  140.00000   24   84          -  140.00000      -   309   68s
   880   410  140.00000   27  183          -  140.00000      -   308   70s
   917   419  140.00000   25  321          -  140.00000      -   303   75s
   981   434  140.00000   42  338          -  140.00000      -   296   80s
  1144   463  140.00000   51  255          -  140.00000      -   268   85s
  1342   464  140.00000   35  271          -  140.00000      -   241   90s
  1533   459  140.00000   52  213          -  140.00000      -   225   95s
  1680   415  140.00000   41  407          -  140.00000      -   213  100s
  1836   381  140.00000   44  180          -  140.00000      -   205  105s
  1946   392  140.00000   40  383          -  140.00000      -   203  110s
  2139   406 infeasible   58               -  140.00000      -   193  115s
  2357   431 infeasible   51               -  140.00000      -   182  120s
  2580   474 infeasible   54               -  140.00000      -   173  125s
  2905   468  140.00000   64  141          -  140.00000      -   159  130s
  3244   501 infeasible   40               -  140.00000      -   148  135s
  3502   506 infeasible   55               -  140.00000      -   142  140s
  3859   534 infeasible   64               -  140.00000      -   133  145s
  4164   528 infeasible   58               -  140.00000      -   128  150s
  4446   562 infeasible   53               -  140.00000      -   124  155s
  4831   600  140.00000   50  157          -  140.00000      -   118  160s
  5070   587  140.00000   33  145          -  140.00000      -   117  169s
  5072   589  140.00000   35  153          -  140.00000      -   117  170s
  5101   608 infeasible   55               -  140.00000      -   117  176s
  5318   652 infeasible   63               -  140.00000      -   115  180s
  5505   674 infeasible   43               -  140.00000      -   115  185s
  5826   728  140.00000   47  124          -  140.00000      -   112  190s
  6239   842  140.00000   46  107          -  140.00000      -   109  195s
  6526   872 infeasible   51               -  140.00000      -   108  200s
  6695   903  140.00000   33  130          -  140.00000      -   109  205s
  6914  1022  140.00000   37  284          -  140.00000      -   108  210s
  7190  1138  140.00000   47  239          -  140.00000      -   108  215s
  7566  1323  140.00000   43  269          -  140.00000      -   105  220s
  7930  1468 infeasible   67               -  140.00000      -   103  225s
  8280  1574  140.00000   51  329          -  140.00000      -   101  230s
  8530  1693  140.00000   51  206          -  140.00000      -   102  235s
  8854  1825 infeasible   42               -  140.00000      -   101  240s
  9272  1925 infeasible   64               -  140.00000      -  99.3  245s
  9648  2027 infeasible   53               -  140.00000      -  97.9  250s
  9946  2118 infeasible   77               -  140.00000      -  97.3  255s
 10202  2224  140.00000   64  157          -  140.00000      -  96.6  303s
 10286  2235 infeasible   81               -  140.00000      -  96.4  305s
 10620  2306 infeasible   39               -  140.00000      -  95.6  310s
 10864  2393 infeasible   59               -  140.00000      -  95.5  315s
 11162  2488  140.00000   57  214          -  140.00000      -  95.2  320s
 11450  2553 infeasible   62               -  140.00000      -  95.1  325s
 11648  2619  140.00000   59  214          -  140.00000      -  95.8  330s
 11913  2718 infeasible   91               -  140.00000      -  95.7  335s
 12277  2771 infeasible   65               -  140.00000      -  94.7  340s
 12558  2841 infeasible   77               -  140.00000      -  94.8  345s
 12810  2881 infeasible   71               -  140.00000      -  94.9  350s
 13116  2939 infeasible   69               -  140.00000      -  94.5  355s
 13233  2958  140.00000   76  204          -  140.00000      -  94.1  362s
 13255  2942  140.00000   46  153          -  140.00000      -  94.4  365s
 13306  2950 infeasible   53               -  140.00000      -  94.5  370s
 13641  3082  140.00000   38  513          -  140.00000      -  94.0  375s
 14037  3184  140.00000   58  161          -  140.00000      -  92.9  380s
 14427  3202  140.00000   60  226          -  140.00000      -  92.0  385s
 14729  3199 infeasible   64               -  140.00000      -  91.8  390s
 15062  3237 infeasible   83               -  140.00000      -  91.5  395s
 15303  3249  140.00000   92  180          -  140.00000      -  90.9  400s
 15652  3259 infeasible   67               -  140.00000      -  90.1  405s
 15954  3317 infeasible   63               -  140.00000      -  90.0  410s
 16194  3281 infeasible   54               -  140.00000      -  90.1  415s
 16485  3345  140.00000   56  274          -  140.00000      -  89.8  420s
 16676  3457  139.00000   38  151          -  140.00000      -  89.9  425s
 16912  3561  140.00000   61  222          -  140.00000      -  90.1  430s
 17193  3682 infeasible   71               -  140.00000      -  90.1  435s
 17448  3744  140.00000   27  402          -  140.00000      -  90.2  440s
 17623  3829 infeasible   69               -  140.00000      -  90.5  445s
 17866  3895  140.00000   64  429          -  140.00000      -  90.8  450s
 18338  4006 infeasible   71               -  140.00000      -  89.9  455s
 18701  4141  140.00000   58  315          -  140.00000      -  89.6  460s
 19106  4319 infeasible   68               -  140.00000      -  89.2  465s
 19391  4427  140.00000   77  312          -  140.00000      -  89.2  470s
 19741  4576 infeasible   73               -  140.00000      -  89.4  475s
 20062  4712  140.00000   44  242          -  140.00000      -  89.4  480s
 20404  4831  138.88942   66  303          -  140.00000      -  89.5  487s
 20548  4862 infeasible   57               -  140.00000      -  89.8  490s
 20867  4949  140.00000   59  283          -  140.00000      -  90.0  495s
 21145  4967  140.00000   58  233          -  140.00000      -  90.1  500s
 21462  5010 infeasible   63               -  140.00000      -  90.1  505s
 21709  5091 infeasible   68               -  140.00000      -  90.6  510s
 21884  5084 infeasible   65               -  140.00000      -  91.2  515s
 22107  5092  140.00000   67  150          -  140.00000      -  90.9  523s
 22117  5086  140.00000   52  133          -  140.00000      -  91.0  525s
 22155  5098  140.00000   53  108          -  140.00000      -  91.2  530s
 22499  5165 infeasible   81               -  140.00000      -  91.0  535s
 22798  5275 infeasible   43               -  140.00000      -  91.0  540s
 23034  5371 infeasible   59               -  140.00000      -  91.1  545s
 23245  5457 infeasible   56               -  140.00000      -  91.1  550s
 23480  5575 infeasible   55               -  140.00000      -  91.3  555s
 23766  5724  140.00000   43   76          -  140.00000      -  91.4  560s
 24062  5871  140.00000   60  292          -  140.00000      -  91.3  565s
 24367  6017  140.00000   81  253          -  140.00000      -  91.2  570s
 24689  6165 infeasible   63               -  140.00000      -  91.0  575s
 24990  6263  139.71717   72  254          -  140.00000      -  90.9  580s
 25413  6448 infeasible   73               -  140.00000      -  90.7  585s
 25587  6521 infeasible   61               -  140.00000      -  90.6  590s
 25901  6622  140.00000   74  296          -  140.00000      -  90.6  595s
 26187  6695 infeasible   91               -  140.00000      -  90.6  600s
 26589  6767  140.00000   78  281          -  140.00000      -  90.0  605s
 26963  6843 infeasible   74               -  140.00000      -  89.7  610s
 27316  6908 infeasible   56               -  140.00000      -  89.4  615s
 27623  6987 infeasible   83               -  140.00000      -  89.2  620s
 27997  7069  140.00000   60  217          -  140.00000      -  88.9  625s
 28339  7185 infeasible   65               -  140.00000      -  88.7  630s
 28630  7268  140.00000   92  271          -  140.00000      -  88.6  635s
 29084  7423 infeasible   74               -  140.00000      -  88.1  640s
 29362  7469  140.00000   61  287          -  140.00000      -  88.1  645s
 29635  7597  140.00000   47  230          -  140.00000      -  88.0  650s
 29836  7691  140.00000   66  391          -  140.00000      -  88.2  655s
 30069  7794 infeasible   72               -  140.00000      -  88.4  660s
 30347  7870  140.00000   48  356          -  140.00000      -  88.4  665s
 30606  7876  140.00000   57  163          -  140.00000      -  88.4  672s
 30766  7871  140.00000   48  198          -  140.00000      -  88.2  675s
 31087  7854  140.00000   67  145          -  140.00000      -  87.9  680s
 31363  7845  140.00000   38  247          -  140.00000      -  87.9  685s
 31649  7873 infeasible   65               -  140.00000      -  87.9  690s
 31787  7882  140.00000   62  166          -  140.00000      -  87.8  700s
 31813  7870  140.00000   39  196          -  140.00000      -  88.0  705s
 31835  7866 infeasible   37               -  140.00000      -  88.1  710s
 31907  7846 infeasible   57               -  140.00000      -  88.4  715s
 32113  7848 infeasible   65               -  140.00000      -  88.5  720s
 32302  7851 infeasible   47               -  140.00000      -  88.7  725s
 32530  7864 infeasible   63               -  140.00000      -  88.7  730s
 32715  7877 infeasible   43               -  140.00000      -  89.0  735s
 32822  7889 infeasible   53               -  140.00000      -  89.4  740s
 32973  7914 infeasible   52               -  140.00000      -  89.7  745s
 33205  7929 infeasible   59               -  140.00000      -  89.8  750s
 33351  7929 infeasible   72               -  140.00000      -  90.0  755s
 33543  7950 infeasible   76               -  140.00000      -  90.3  760s
 33796  7961 infeasible   73               -  140.00000      -  90.4  765s
 34030  7967  140.00000   43  161          -  140.00000      -  90.6  770s
 34228  8002 infeasible   53               -  140.00000      -  91.0  775s
 34358  7989 infeasible   52               -  140.00000      -  91.2  780s
 34590  7984 infeasible   53               -  140.00000      -  91.4  785s
 34724  7995 infeasible   49               -  140.00000      -  91.7  790s
 34917  8032  140.00000   52  190          -  140.00000      -  91.9  795s
 35230  8092  140.00000   43  254          -  140.00000      -  91.9  800s
 35429  8120  140.00000   46  340          -  140.00000      -  92.1  805s
 35647  8138 infeasible   57               -  140.00000      -  92.2  810s
 35805  8140 infeasible   53               -  140.00000      -  92.1  815s
 36073  8176 infeasible   62               -  140.00000      -  92.2  820s
 36344  8158 infeasible   57               -  140.00000      -  92.1  825s
 36555  8181  140.00000   62  188          -  140.00000      -  92.4  830s
 36774  8191 infeasible   49               -  140.00000      -  92.5  835s
 37023  8205 infeasible   53               -  140.00000      -  92.7  840s
 37268  8180 infeasible   69               -  140.00000      -  92.7  845s
 37490  8189 infeasible   50               -  140.00000      -  92.8  850s
 37648  8181  140.00000   53  229          -  140.00000      -  93.1  855s
 37861  8186 infeasible   56               -  140.00000      -  93.3  860s
 38037  8196 infeasible   65               -  140.00000      -  93.5  865s
 38174  8195 infeasible   69               -  140.00000      -  93.8  870s
 38372  8167 infeasible   69               -  140.00000      -  94.0  875s
 38599  8191 infeasible   53               -  140.00000      -  94.2  880s
 38801  8160 infeasible   55               -  140.00000      -  94.3  885s
 39061  8230 infeasible   68               -  140.00000      -  94.4  890s
 39242  8204 infeasible   53               -  140.00000      -  94.7  895s
 39409  8242 infeasible   67               -  140.00000      -  94.9  900s
 39561  8236 infeasible   53               -  140.00000      -  95.3  905s
 39743  8256 infeasible   50               -  140.00000      -  95.5  910s
 39961  8294 infeasible   51               -  140.00000      -  95.8  915s
 40145  8316  140.00000   51  307          -  140.00000      -  96.1  920s
 40250  8323  139.91404   45  377          -  140.00000      -  96.5  925s
 40423  8347 infeasible   50               -  140.00000      -  96.8  930s
 40493  8374  140.00000   48  214          -  140.00000      -  97.1  939s
 40495  8372 infeasible   49               -  140.00000      -  97.1  940s
 40526  8353  140.00000   45  225          -  140.00000      -  97.3  946s
 40543  8356  140.00000   53  193          -  140.00000      -  97.4  950s
 40657  8374 infeasible   56               -  140.00000      -  97.8  955s
 40808  8376  140.00000   65  135          -  140.00000      -  97.9  961s
 40955  8412 infeasible   46               -  140.00000      -  98.0  965s
 41083  8423 infeasible   57               -  140.00000      -  98.4  970s
 41242  8425 infeasible   69               -  140.00000      -  98.7  975s
 41428  8435  140.00000   55  259          -  140.00000      -  98.9  980s
 41659  8466  140.00000   45  306          -  140.00000      -  99.0  985s
 41816  8481  140.00000   41  294          -  140.00000      -  99.3  990s
 42037  8507  140.00000   71  212          -  140.00000      -  99.4  995s
 42271  8502 infeasible   73               -  140.00000      -   100 1000s
 42455  8506  140.00000   32  394          -  140.00000      -   100 1005s
 42660  8545 infeasible   68               -  140.00000      -   100 1010s
 42772  8568  140.00000   43  195          -  140.00000      -   100 1015s
 43022  8605 infeasible   72               -  140.00000      -   100 1020s
 43229  8611 infeasible   87               -  140.00000      -   100 1025s
 43476  8603 infeasible   79               -  140.00000      -   100 1030s
 43640  8590  140.00000   68  227          -  140.00000      -   100 1035s
 43789  8580 infeasible   69               -  140.00000      -   101 1040s
 43992  8594  140.00000   42  171          -  140.00000      -   101 1045s
 44119  8610 infeasible   45               -  140.00000      -   101 1050s
 44247  8630 infeasible   54               -  140.00000      -   101 1055s
 44415  8606 infeasible   35               -  140.00000      -   101 1060s
 44579  8604  140.00000   42  238          -  140.00000      -   102 1065s
 44796  8608 infeasible   48               -  140.00000      -   102 1070s
 44974  8614 infeasible   58               -  140.00000      -   102 1075s
 45190  8634  140.00000   46  266          -  140.00000      -   102 1080s
 45308  8639  140.00000   59  350          -  140.00000      -   102 1085s
 45410  8645 infeasible   52               -  140.00000      -   102 1090s
 45555  8664 infeasible   69               -  140.00000      -   103 1095s
 45790  8675  140.00000   38  236          -  140.00000      -   103 1100s
 45909  8724  140.00000   53  240          -  140.00000      -   103 1106s
 46046  8778 infeasible   74               -  140.00000      -   103 1110s
 46287  8924 infeasible   72               -  140.00000      -   103 1115s
 46507  9024  140.00000   52  213          -  140.00000      -   103 1120s
 46712  9097 infeasible   67               -  140.00000      -   103 1125s
 46830  9126  140.00000   46  185          -  140.00000      -   104 1130s
 47052  9179  140.00000   51  266          -  140.00000      -   104 1135s
 47332  9281  140.00000   72  351          -  140.00000      -   104 1140s
 47651  9284  140.00000   58  290          -  140.00000      -   103 1145s
 47823  9273  140.00000   54  194          -  140.00000      -   103 1160s
 47861  9247 infeasible   52               -  140.00000      -   104 1165s
 47897  9237  140.00000   34  132          -  140.00000      -   104 1170s
 47907  9245 infeasible   44               -  140.00000      -   104 1175s
 47974  9265 infeasible   45               -  140.00000      -   104 1180s
 48120  9265 infeasible   52               -  140.00000      -   104 1185s
 48431  9260 infeasible   75               -  140.00000      -   104 1190s
 48760  9270 infeasible   65               -  140.00000      -   104 1195s
 48972  9254 infeasible   47               -  140.00000      -   104 1200s
 49122  9265 infeasible   50               -  140.00000      -   104 1205s
 49237  9275 infeasible   53               -  140.00000      -   104 1210s
 49377  9262 infeasible   53               -  140.00000      -   104 1215s
 49588  9263 infeasible   50               -  140.00000      -   104 1220s
 49749  9282 infeasible   46               -  140.00000      -   104 1225s
 49904  9283 infeasible   63               -  140.00000      -   105 1230s
 50081  9300 infeasible   52               -  140.00000      -   105 1235s
 50232  9297 infeasible   53               -  140.00000      -   105 1240s
 50351  9303 infeasible   63               -  140.00000      -   105 1245s
 50513  9295 infeasible   48               -  140.00000      -   105 1250s
 50748  9302 infeasible   75               -  140.00000      -   105 1255s
 50872  9303 infeasible   54               -  140.00000      -   106 1260s
 51010  9306  140.00000   46  243          -  140.00000      -   106 1266s
 51115  9310 infeasible   54               -  140.00000      -   106 1270s
 51288  9314  140.00000   75  258          -  140.00000      -   106 1275s
 51513  9309 infeasible   50               -  140.00000      -   106 1280s
 51698  9308  140.00000   70  143          -  140.00000      -   107 1285s
 51967  9313 infeasible   77               -  140.00000      -   107 1290s
 52251  9295  140.00000   54  416          -  140.00000      -   106 1295s
 52501  9309 infeasible   50               -  140.00000      -   107 1300s
 52693  9321 infeasible   61               -  140.00000      -   107 1305s
 52922  9293 infeasible   48               -  140.00000      -   107 1310s
 53092  9291  140.00000   56  281          -  140.00000      -   107 1315s
 53272  9318 infeasible   51               -  140.00000      -   107 1320s
 53504  9318 infeasible   53               -  140.00000      -   107 1325s
 53672  9305 infeasible   59               -  140.00000      -   107 1330s
 53913  9314 infeasible   73               -  140.00000      -   107 1335s
 54099  9287 infeasible   47               -  140.00000      -   107 1340s
 54305  9315 infeasible  102               -  140.00000      -   107 1345s
 54495  9333 infeasible   58               -  140.00000      -   107 1350s
 54738  9336 infeasible   72               -  140.00000      -   107 1355s
 55044  9343 infeasible   60               -  140.00000      -   107 1360s
 55231  9326 infeasible   55               -  140.00000      -   107 1365s
 55428  9330 infeasible   53               -  140.00000      -   107 1370s
 55720  9332  140.00000   50  267          -  140.00000      -   107 1375s
 56098  9340  140.00000   59  291          -  140.00000      -   107 1380s
 56278  9339 infeasible   52               -  140.00000      -   107 1385s
 56646  9329 infeasible   52               -  140.00000      -   106 1390s
 56913  9392 infeasible   81               -  140.00000      -   106 1395s
 57241  9427 infeasible   73               -  140.00000      -   106 1400s
 57458  9436 infeasible   62               -  140.00000      -   106 1405s
 57737  9469  139.78635   62  484          -  140.00000      -   106 1410s
 58037  9559  140.00000   45  371          -  140.00000      -   106 1415s
 58361  9616  135.00000   76  227          -  140.00000      -   106 1420s
 58663  9617 infeasible   70               -  140.00000      -   106 1425s
 58978  9682 infeasible   59               -  140.00000      -   106 1430s
 59177  9707 infeasible   69               -  140.00000      -   106 1435s
 59384  9755 infeasible   77               -  140.00000      -   106 1440s
 59712  9797 infeasible   48               -  140.00000      -   106 1445s
 59949  9831  139.00000   46  221          -  140.00000      -   106 1450s
 60201  9891  140.00000   66  226          -  140.00000      -   106 1455s
 60416  9914 infeasible   72               -  140.00000      -   106 1460s
 60652  9899  140.00000   43  170          -  140.00000      -   106 1465s
 60941  9946  140.00000   59  402          -  140.00000      -   106 1470s
 61212  9997 infeasible   61               -  140.00000      -   106 1476s
 61446  9993 infeasible   55               -  140.00000      -   106 1480s
 61704 10024 infeasible   60               -  140.00000      -   106 1485s
 61896 10017 infeasible   53               -  140.00000      -   106 1490s
 62083 10021 infeasible   57               -  140.00000      -   106 1495s
 62310 10098  140.00000   51  320          -  140.00000      -   106 1500s
 62394 10113  140.00000   48  415          -  140.00000      -   106 1513s
 62405 10112 infeasible   44               -  140.00000      -   106 1515s
 62418 10121 infeasible   48               -  140.00000      -   106 1520s
 62444 10109 infeasible   44               -  140.00000      -   106 1525s
 62569 10132 infeasible   47               -  140.00000      -   106 1530s
 62920 10121  140.00000   54  381          -  140.00000      -   106 1535s
 63110 10152  140.00000   48  295          -  140.00000      -   106 1540s
 63313 10143 infeasible   50               -  140.00000      -   106 1545s
 63500 10161 infeasible   59               -  140.00000      -   106 1550s
 63689 10149 infeasible   47               -  140.00000      -   106 1555s
 63922 10157 infeasible   59               -  140.00000      -   106 1560s
 64260 10225 infeasible   74               -  140.00000      -   106 1565s
 64481 10213 infeasible   51               -  140.00000      -   106 1570s
 64699 10216 infeasible   72               -  140.00000      -   106 1575s
 64947 10300  140.00000   43  109          -  140.00000      -   106 1580s
 65249 10372 infeasible   36               -  140.00000      -   106 1585s
 65443 10416 infeasible   53               -  140.00000      -   106 1590s
 65674 10407  140.00000   53  239          -  140.00000      -   106 1595s
 65826 10411  140.00000   47  438          -  140.00000      -   106 1600s
 66119 10430 infeasible   41               -  140.00000      -   106 1605s
 66313 10436 infeasible   78               -  140.00000      -   106 1610s
 66455 10452 infeasible   58               -  140.00000      -   106 1615s
 66707 10440  140.00000   48  295          -  140.00000      -   106 1620s
 66903 10456  140.00000   49  265          -  140.00000      -   106 1625s
 67226 10522 infeasible   68               -  140.00000      -   106 1630s
 67554 10540  140.00000   66  219          -  140.00000      -   106 1635s
 67767 10530 infeasible   55               -  140.00000      -   106 1640s
 67988 10488  139.20000   59  358          -  140.00000      -   106 1645s
 68321 10496 infeasible   79               -  140.00000      -   106 1650s
 68597 10479 infeasible   68               -  140.00000      -   106 1655s
 68841 10470 infeasible   62               -  140.00000      -   106 1660s
 69012 10501  140.00000   46  442          -  140.00000      -   106 1665s
 69177 10523  140.00000   59  388          -  140.00000      -   106 1670s
 69396 10528 infeasible   47               -  140.00000      -   106 1675s
 69593 10561 infeasible   72               -  140.00000      -   106 1680s
 69832 10569 infeasible   57               -  140.00000      -   106 1685s
 70087 10655  140.00000   71  221          -  140.00000      -   106 1690s
 70293 10643 infeasible   60               -  140.00000      -   106 1695s
 70448 10648 infeasible   53               -  140.00000      -   106 1700s
 70627 10689  140.00000   66  292          -  140.00000      -   106 1705s
 70793 10711  140.00000   50  382          -  140.00000      -   106 1710s
 70946 10700 infeasible   57               -  140.00000      -   106 1715s
 71077 10698 infeasible   45               -  140.00000      -   106 1720s
 71126 10701  140.00000   43  130          -  140.00000      -   107 1725s
 71217 10708 infeasible   43               -  140.00000      -   107 1730s
 71332 10713  139.85153   47  408          -  140.00000      -   107 1735s
 71422 10734 infeasible   70               -  140.00000      -   107 1740s
 71632 10726  140.00000   46  216          -  140.00000      -   107 1745s
 71875 10765 infeasible   59               -  140.00000      -   107 1750s
 72045 10755  140.00000   43  104          -  140.00000      -   107 1755s
 72158 10771 infeasible   43               -  140.00000      -   107 1760s
 72371 10802 infeasible   53               -  140.00000      -   107 1765s
 72552 10876 infeasible   79               -  140.00000      -   108 1770s
 72748 10873 infeasible   71               -  140.00000      -   108 1775s
 73027 10871 infeasible   73               -  140.00000      -   108 1780s
 73235 10898  140.00000   48  329          -  140.00000      -   108 1785s
 73372 10911  139.87360   57  237          -  140.00000      -   108 1790s
 73539 10904 infeasible   63               -  140.00000      -   108 1795s
 73687 10897  139.00000   55  156          -  140.00000      -   108 1800s
 73986 10899  140.00000   43  269          -  140.00000      -   108 1805s
 74121 10932  140.00000   51  321          -  140.00000      -   108 1810s
 74325 10987 infeasible   58               -  140.00000      -   108 1815s
 74476 10985 infeasible   50               -  140.00000      -   108 1820s
 74662 10984 infeasible   62               -  140.00000      -   108 1825s
 74850 10985  139.00000   59  406          -  140.00000      -   108 1830s
 75018 11002 infeasible   53               -  140.00000      -   109 1835s
 75164 10998  140.00000   61  253          -  140.00000      -   109 1840s
 75339 11003  140.00000   54  293          -  140.00000      -   109 1845s
 75501 11034 infeasible   63               -  140.00000      -   109 1850s
 75630 11024 infeasible   57               -  140.00000      -   109 1855s
 75729 11041  140.00000   56  387          -  140.00000      -   109 1867s
 75745 11033 infeasible   53               -  140.00000      -   109 1870s
 75772 11024  140.00000   50  265          -  140.00000      -   109 1875s
 75792 11018  140.00000   52  210          -  140.00000      -   109 1880s
 75971 11072  140.00000   53  250          -  140.00000      -   109 1885s
 76101 11078 infeasible   62               -  140.00000      -   110 1890s
 76346 11163 infeasible   66               -  140.00000      -   110 1895s
 76564 11245  140.00000   60  305          -  140.00000      -   109 1900s
 76914 11231  140.00000   76  211          -  140.00000      -   109 1905s
 77247 11243 infeasible   72               -  140.00000      -   109 1910s
 77553 11237 infeasible   75               -  140.00000      -   109 1915s
 77836 11223 infeasible   67               -  140.00000      -   109 1920s
 78085 11234 infeasible   48               -  140.00000      -   109 1925s
 78328 11256 infeasible   59               -  140.00000      -   109 1930s
 78490 11278 infeasible   49               -  140.00000      -   109 1935s
 78615 11282 infeasible   75               -  140.00000      -   109 1940s
 78835 11322  139.82353   84  264          -  140.00000      -   109 1945s
 79045 11354 infeasible   53               -  140.00000      -   109 1950s
 79205 11391 infeasible   59               -  140.00000      -   110 1955s
 79413 11420 infeasible   69               -  140.00000      -   110 1960s
 79703 11437 infeasible   61               -  140.00000      -   109 1965s
 79891 11449 infeasible   52               -  140.00000      -   110 1970s
 80068 11462 infeasible   70               -  140.00000      -   110 1975s
 80211 11451 infeasible   61               -  140.00000      -   110 1980s
 80345 11466  140.00000   72  308          -  140.00000      -   110 1985s
 80508 11469 infeasible   73               -  140.00000      -   110 1990s
 80645 11462 infeasible   70               -  140.00000      -   110 1995s
 80786 11482  140.00000   69  209          -  140.00000      -   110 2000s
 80990 11504 infeasible   46               -  140.00000      -   110 2005s
 81137 11526 infeasible   51               -  140.00000      -   110 2010s
 81395 11534 infeasible   61               -  140.00000      -   110 2015s
 81524 11528 infeasible   61               -  140.00000      -   110 2020s
 81649 11560 infeasible   76               -  140.00000      -   110 2025s
 81801 11561 infeasible   73               -  140.00000      -   110 2030s
 81954 11580  140.00000   39  406          -  140.00000      -   111 2035s
 82062 11608  140.00000   59  169          -  140.00000      -   111 2040s
 82231 11618  140.00000   54  305          -  140.00000      -   111 2045s
 82482 11630 infeasible   61               -  140.00000      -   111 2050s
 82718 11634 infeasible   67               -  140.00000      -   111 2055s
 83009 11631  140.00000   60  276          -  140.00000      -   111 2060s
 83233 11647 infeasible   58               -  140.00000      -   111 2065s
 83468 11662  140.00000   59  253          -  140.00000      -   111 2070s
 83681 11673 infeasible   70               -  140.00000      -   111 2075s
 83985 11781  140.00000   65  179          -  140.00000      -   111 2080s
 84231 11899  140.00000   52  427          -  140.00000      -   111 2085s
 84461 11903 infeasible   62               -  140.00000      -   111 2090s
 84712 11936  140.00000   54  333          -  140.00000      -   111 2095s
 84829 11957  140.00000   51  204          -  140.00000      -   111 2104s
 84833 11953 infeasible   47               -  140.00000      -   111 2105s
 84851 11951 infeasible   49               -  140.00000      -   111 2110s
 84912 11935 infeasible   63               -  140.00000      -   111 2115s
 85055 11964 infeasible   61               -  140.00000      -   111 2120s
 85280 11983 infeasible   56               -  140.00000      -   111 2125s
 85557 12047 infeasible   52               -  140.00000      -   111 2130s
 85702 12052 infeasible   63               -  140.00000      -   111 2135s
 85949 12062 infeasible   68               -  140.00000      -   111 2140s
 86230 12120  140.00000   45  302          -  140.00000      -   111 2145s
 86455 12246  140.00000   52  182          -  140.00000      -   111 2150s
 86665 12350 infeasible   65               -  140.00000      -   111 2155s
 86758 12376  139.00000   70  425          -  140.00000      -   111 2160s
 86974 12370 infeasible   69               -  140.00000      -   111 2165s
 87196 12389  140.00000   56  248          -  140.00000      -   111 2170s
 87381 12372 infeasible   53               -  140.00000      -   111 2175s
 87562 12388 infeasible   93               -  140.00000      -   112 2180s
 87718 12359  138.13548   73  429          -  140.00000      -   112 2185s
 87956 12332  140.00000   66  343          -  140.00000      -   112 2190s
 88145 12328  140.00000   59  173          -  140.00000      -   112 2195s
 88314 12338 infeasible   82               -  140.00000      -   112 2200s
 88484 12332 infeasible   67               -  140.00000      -   112 2205s
 88691 12354 infeasible   85               -  140.00000      -   112 2210s
 88848 12327 infeasible   64               -  140.00000      -   112 2215s
 89115 12342 infeasible   71               -  140.00000      -   112 2220s
 89312 12330 infeasible   63               -  140.00000      -   112 2225s
 89539 12346  140.00000   57  307          -  140.00000      -   112 2230s
 89698 12340 infeasible   70               -  140.00000      -   112 2235s
 89874 12351 infeasible   55               -  140.00000      -   112 2240s
 90023 12368 infeasible   52               -  140.00000      -   112 2245s
 90037 12373  140.00000   59  192          -  140.00000      -   112 2257s
 90051 12361  140.00000   46  189          -  140.00000      -   112 2260s
 90081 12345  140.00000   24  211          -  140.00000      -   112 2265s
 90099 12363  140.00000   41  179          -  140.00000      -   112 2270s
 90205 12379 infeasible   69               -  140.00000      -   112 2275s
 90388 12382  140.00000   48  256          -  140.00000      -   112 2280s
 90587 12417 infeasible   53               -  140.00000      -   112 2285s
 90679 12416  140.00000   56  543          -  140.00000      -   112 2290s
 90766 12420 infeasible   62               -  140.00000      -   113 2295s
 90921 12438  140.00000   71  237          -  140.00000      -   113 2300s
 91063 12430 infeasible   63               -  140.00000      -   113 2305s
 91225 12438 infeasible   52               -  140.00000      -   113 2310s
 91349 12466  140.00000   59  285          -  140.00000      -   113 2315s
 91599 12541 infeasible   63               -  140.00000      -   113 2320s
 91712 12556 infeasible   54               -  140.00000      -   113 2325s
 91851 12563 infeasible   65               -  140.00000      -   113 2330s
 92014 12568 infeasible   64               -  140.00000      -   113 2335s
 92232 12564  140.00000   58  170          -  140.00000      -   113 2340s
 92547 12608 infeasible   68               -  140.00000      -   113 2345s
 92972 12633 infeasible   73               -  140.00000      -   112 2350s
 93398 12647  140.00000   50  413          -  140.00000      -   112 2355s
 93559 12663 infeasible   66               -  140.00000      -   112 2360s
 93696 12688 infeasible   68               -  140.00000      -   112 2365s
 93895 12703 infeasible   59               -  140.00000      -   112 2370s
 94174 12767 infeasible   63               -  140.00000      -   112 2375s
 94306 12773  139.97036   78  187          -  140.00000      -   112 2380s
 94450 12815  139.00000   69  419          -  140.00000      -   113 2385s
 94654 12830  140.00000   49  389          -  140.00000      -   113 2390s
 94794 12817  140.00000   41  255          -  140.00000      -   113 2395s
 94885 12831 infeasible   60               -  140.00000      -   113 2400s
 94996 12847  139.00000   72  284          -  140.00000      -   113 2405s
 95151 12863  140.00000   53  300          -  140.00000      -   113 2410s
 95243 12906 infeasible   78               -  140.00000      -   113 2415s
 95394 12980  140.00000   49  327          -  140.00000      -   113 2420s
 95515 13026  140.00000   43   72          -  140.00000      -   114 2425s
 95688 13134 infeasible   60               -  140.00000      -   114 2430s
 95804 13172 infeasible   61               -  140.00000      -   114 2435s
 95964 13238 infeasible   70               -  140.00000      -   114 2440s
 96078 13294  140.00000   47  271          -  140.00000      -   114 2445s
 96235 13395  140.00000   45  401          -  140.00000      -   114 2450s
 96296 13429  140.00000   54  415          -  140.00000      -   114 2455s
 96443 13507 infeasible   60               -  140.00000      -   114 2460s
 96614 13596 infeasible   74               -  140.00000      -   115 2465s
 96672 13627 infeasible   63               -  140.00000      -   115 2470s
 96831 13687 infeasible   73               -  140.00000      -   115 2475s
 96969 13738 infeasible   76               -  140.00000      -   115 2480s
 97201 13861 infeasible   67               -  140.00000      -   115 2485s
 97382 13857 infeasible   70               -  140.00000      -   115 2490s
 97576 13859 infeasible   76               -  140.00000      -   115 2495s
 97740 13893  140.00000   57  226          -  140.00000      -   115 2500s
 97930 13974  140.00000   52  235          -  140.00000      -   115 2505s
 98151 14044  140.00000   61  223          -  140.00000      -   115 2510s
 98291 14123  139.00000   54  419          -  140.00000      -   115 2515s
 98359 14147 infeasible   53               -  140.00000      -   115 2520s
 98599 14203  140.00000   29  279          -  140.00000      -   115 2525s
 98707 14224 infeasible   55               -  140.00000      -   115 2530s
 98805 14267 infeasible   63               -  140.00000      -   116 2535s
 99056 14288 infeasible   69               -  140.00000      -   115 2540s
 99185 14288 infeasible   62               -  140.00000      -   116 2545s
 99313 14291 infeasible   64               -  140.00000      -   116 2550s
 99479 14288 infeasible   63               -  140.00000      -   116 2555s
 99563 14295 infeasible   43               -  140.00000      -   116 2560s
 99709 14322 infeasible   49               -  140.00000      -   116 2565s
 100029 14354 infeasible   54               -  140.00000      -   116 2570s
 100335 14345 infeasible   49               -  140.00000      -   116 2575s
 100611 14339  140.00000   26  244          -  140.00000      -   116 2580s
 100651 14374  140.00000   55  225          -  140.00000      -   116 2589s
 100658 14377  140.00000   58  149          -  140.00000      -   116 2590s
 100697 14380  140.00000   64  106          -  140.00000      -   116 2595s
 101006 14517  140.00000   65  274          -  140.00000      -   116 2600s
 101521 14531 infeasible   99               -  140.00000      -   115 2605s
 101793 14518 infeasible   44               -  140.00000      -   115 2610s
 102013 14516 infeasible   52               -  140.00000      -   115 2615s
 102145 14517 infeasible   53               -  140.00000      -   115 2620s
 102400 14542 infeasible   78               -  140.00000      -   115 2625s
 102663 14544  140.00000   68  316          -  140.00000      -   115 2630s
 102880 14516  140.00000   63  272          -  140.00000      -   115 2635s
 103135 14536 infeasible   73               -  140.00000      -   115 2640s
 103301 14521 infeasible   77               -  140.00000      -   115 2645s
 103608 14515  140.00000   52  192          -  140.00000      -   115 2650s
 103861 14566  140.00000   56  245          -  140.00000      -   115 2655s
 104090 14556 infeasible   68               -  140.00000      -   115 2660s
 104339 14592 infeasible   77               -  140.00000      -   115 2665s
 104571 14563 infeasible   67               -  140.00000      -   115 2670s
 104994 14569 infeasible   77               -  140.00000      -   115 2675s
 105290 14551 infeasible   75               -  140.00000      -   115 2680s
 105492 14654  139.79942   56  354          -  140.00000      -   115 2685s
 105653 14655 infeasible   64               -  140.00000      -   115 2690s
 105831 14720  140.00000   62  302          -  140.00000      -   115 2695s
 106018 14785  140.00000   46  220          -  140.00000      -   115 2700s
 106349 14879 infeasible   73               -  140.00000      -   115 2705s
 106545 14861 infeasible   71               -  140.00000      -   115 2710s
 106730 14872 infeasible   63               -  140.00000      -   115 2715s
 106983 14888 infeasible   53               -  140.00000      -   115 2720s
 107121 14873 infeasible   58               -  140.00000      -   115 2727s
 107314 14887  140.00000   59  318          -  140.00000      -   115 2730s
 107572 14899 infeasible   59               -  140.00000      -   115 2735s
 107770 14891 infeasible   59               -  140.00000      -   115 2740s
 107978 14903  140.00000   55  384          -  140.00000      -   115 2745s
 108239 14907 infeasible   58               -  140.00000      -   115 2750s
 108459 14916 infeasible   63               -  140.00000      -   115 2755s
 108661 14876 infeasible   49               -  140.00000      -   115 2760s
 108851 14890 infeasible   58               -  140.00000      -   115 2765s
 109079 14895 infeasible   46               -  140.00000      -   115 2770s
 109302 14884 infeasible   46               -  140.00000      -   115 2775s
 109506 14941 infeasible   44               -  140.00000      -   115 2780s
 109714 14949 infeasible   62               -  140.00000      -   115 2785s
 109954 14939  139.00000   56  213          -  140.00000      -   115 2790s
 110263 14943 infeasible   61               -  140.00000      -   115 2795s
 110548 14959 infeasible   60               -  140.00000      -   115 2800s
 110578 14962  140.00000   52  295          -  140.00000      -   115 2808s
 110587 14953 infeasible   53               -  140.00000      -   115 2810s
 110629 14911 infeasible   48               -  140.00000      -   115 2815s
 110653 14895 infeasible   56               -  140.00000      -   115 2820s
 110679 14869 infeasible   37               -  140.00000      -   115 2825s
 110725 14831 infeasible   54               -  140.00000      -   115 2830s
 110834 14846 infeasible   45               -  140.00000      -   115 2835s
 111083 14936 infeasible   59               -  140.00000      -   115 2840s
 111360 14965 infeasible   65               -  140.00000      -   115 2845s
 111647 14929 infeasible   59               -  140.00000      -   115 2850s
 111937 14931  140.00000   53  282          -  140.00000      -   115 2855s
 112222 14964 infeasible   57               -  140.00000      -   115 2861s
 112424 14971 infeasible   60               -  140.00000      -   115 2865s
 112675 14938  140.00000   50  376          -  140.00000      -   115 2870s
 113055 14940 infeasible   60               -  140.00000      -   115 2875s
 113394 14945 infeasible   55               -  140.00000      -   115 2880s
 113662 14951 infeasible   73               -  140.00000      -   115 2885s
 113971 14974 infeasible   65               -  140.00000      -   115 2890s
 114198 14978 infeasible   72               -  140.00000      -   115 2895s
 114389 14999 infeasible   58               -  140.00000      -   115 2900s
 114639 15015 infeasible   70               -  140.00000      -   115 2905s
 114854 15005 infeasible   59               -  140.00000      -   115 2910s
 115130 15024  140.00000   62  263          -  140.00000      -   115 2915s
 115379 15011 infeasible   60               -  140.00000      -   114 2920s
 115498 15014 infeasible   51               -  140.00000      -   115 2925s
 115755 15090 infeasible   51               -  140.00000      -   115 2930s
 116057 15090  140.00000   55  289          -  140.00000      -   114 2935s
 116366 15048 infeasible   49               -  140.00000      -   114 2940s
 116631 15091  139.98271   56  320          -  140.00000      -   114 2945s
 116931 15112  140.00000   62  360          -  140.00000      -   114 2950s
 117160 15124  139.66356   64  364          -  140.00000      -   114 2955s
 117329 15141 infeasible   75               -  140.00000      -   114 2960s
 117613 15140  140.00000   58  221          -  140.00000      -   114 2965s
 117837 15137 infeasible   48               -  140.00000      -   114 2970s
 118222 15163 infeasible   67               -  140.00000      -   114 2975s
 118562 15156  140.00000   53  225          -  140.00000      -   114 2980s
 118760 15160 infeasible   53               -  140.00000      -   114 2985s
 119021 15203  140.00000   47  329          -  140.00000      -   114 2990s
 119189 15170 infeasible   40               -  140.00000      -   114 2995s
 119355 15159 infeasible   51               -  140.00000      -   114 3000s
 119553 15225 infeasible   52               -  140.00000      -   114 3005s
 119706 15224 infeasible   47               -  140.00000      -   114 3010s
 119866 15231 infeasible   58               -  140.00000      -   114 3015s
 120100 15241 infeasible   61               -  140.00000      -   114 3020s
 120358 15211 infeasible   61               -  140.00000      -   114 3025s
 120464 15197 infeasible   62               -  140.00000      -   114 3030s
 120722 15204  139.00000   61  196          -  140.00000      -   114 3035s
 120906 15206 infeasible   63               -  140.00000      -   115 3040s
 121112 15198 infeasible   49               -  140.00000      -   115 3045s
 121298 15192 infeasible   49               -  140.00000      -   115 3050s
 121521 15217 infeasible   62               -  140.00000      -   115 3055s
 121636 15192  139.00000   40  188          -  140.00000      -   115 3067s
 121655 15181 infeasible   41               -  140.00000      -   115 3070s
 121693 15161 infeasible   32               -  140.00000      -   115 3075s
 121771 15180  140.00000   29  337          -  140.00000      -   115 3080s
 121920 15235  139.84637   42  487          -  140.00000      -   115 3085s
 122191 15256 infeasible   52               -  140.00000      -   115 3090s
 122424 15258  140.00000   45  239          -  140.00000      -   115 3097s
 122586 15250 infeasible   48               -  140.00000      -   115 3100s
 122863 15259 infeasible   60               -  140.00000      -   115 3105s
 123209 15262 infeasible   46               -  140.00000      -   114 3110s
 123579 15262  140.00000   47  177          -  140.00000      -   114 3115s
 123836 15276 infeasible   49               -  140.00000      -   114 3120s
 124008 15253  140.00000   36  185          -  140.00000      -   114 3125s
 124257 15273 infeasible   45               -  140.00000      -   114 3130s
 124474 15272 infeasible   55               -  140.00000      -   114 3135s
 124822 15319 infeasible   58               -  140.00000      -   114 3140s
 125165 15333  140.00000   52  201          -  140.00000      -   114 3145s
 125430 15309 infeasible   41               -  140.00000      -   114 3150s
 125726 15334 infeasible   56               -  140.00000      -   114 3155s
 125992 15307 infeasible   56               -  140.00000      -   114 3160s
 126311 15317 infeasible   60               -  140.00000      -   114 3165s
 126630 15327 infeasible   74               -  140.00000      -   114 3170s
 126909 15316 infeasible   54               -  140.00000      -   114 3175s
 127243 15324  140.00000   36  318          -  140.00000      -   114 3180s
 127486 15394 infeasible   52               -  140.00000      -   114 3185s
 127555 15397 infeasible   47               -  140.00000      -   114 3190s
 127695 15404 infeasible   55               -  140.00000      -   114 3195s
 127867 15412 infeasible   50               -  140.00000      -   114 3200s
 128024 15418 infeasible   53               -  140.00000      -   114 3205s
 128188 15406 infeasible   53               -  140.00000      -   114 3210s
 128322 15408 infeasible   47               -  140.00000      -   114 3215s
 128425 15409 infeasible   41               -  140.00000      -   114 3220s
 128650 15434 infeasible   53               -  140.00000      -   114 3225s
 128876 15464 infeasible   48               -  140.00000      -   114 3230s
 129123 15447 infeasible   53               -  140.00000      -   114 3235s
 129403 15479  138.87002   49  256          -  140.00000      -   114 3240s
 129593 15488 infeasible   43               -  140.00000      -   115 3245s
 129771 15477 infeasible   44               -  140.00000      -   115 3250s
 129937 15517 infeasible   47               -  140.00000      -   115 3255s
 130129 15514  140.00000   35  169          -  140.00000      -   115 3260s
 130293 15522  140.00000   44  269          -  140.00000      -   115 3265s
 130462 15537 infeasible   50               -  140.00000      -   115 3270s
 130659 15523 infeasible   49               -  140.00000      -   115 3275s
 130855 15566 infeasible   47               -  140.00000      -   115 3280s
 131043 15594 infeasible   53               -  140.00000      -   115 3285s
 131149 15605  140.00000   55  331          -  140.00000      -   115 3301s
 131183 15571 infeasible   45               -  140.00000      -   115 3305s
 131221 15537  139.92857   39  128          -  140.00000      -   115 3310s
 131249 15513 infeasible   39               -  140.00000      -   115 3315s
 131292 15512  140.00000   44  153          -  140.00000      -   115 3320s
 131426 15503 infeasible   39               -  140.00000      -   115 3325s
 131639 15508 infeasible   46               -  140.00000      -   115 3330s
 131819 15523  140.00000   51  437          -  140.00000      -   115 3335s
 131959 15560  140.00000   48  247          -  140.00000      -   115 3340s
 132083 15599 infeasible   53               -  140.00000      -   116 3345s
 132231 15621 infeasible   51               -  140.00000      -   116 3350s
 132393 15612  140.00000   46  217          -  140.00000      -   116 3355s
 132626 15589 infeasible   45               -  140.00000      -   116 3362s
 132716 15606  140.00000   43   95          -  140.00000      -   116 3365s
 132852 15609 infeasible   50               -  140.00000      -   116 3370s
 132947 15608  140.00000   43  197          -  140.00000      -   116 3375s
 133049 15614 infeasible   50               -  140.00000      -   116 3380s
 133266 15623 infeasible   57               -  140.00000      -   116 3385s
 133402 15634 infeasible   52               -  140.00000      -   116 3390s
 133552 15624 infeasible   51               -  140.00000      -   116 3395s
 133722 15607 infeasible   49               -  140.00000      -   116 3400s
 133898 15635  140.00000   54  151          -  140.00000      -   116 3405s
 134107 15616 infeasible   56               -  140.00000      -   116 3410s
 134259 15602  140.00000   42  270          -  140.00000      -   116 3415s
 134519 15595 infeasible   48               -  140.00000      -   116 3420s
 134662 15593  140.00000   43  206          -  140.00000      -   116 3425s
 134793 15595 infeasible   53               -  140.00000      -   116 3430s
 134945 15611  140.00000   45  218          -  140.00000      -   116 3435s
 135108 15661  140.00000   36  328          -  140.00000      -   117 3440s
 135204 15696  140.00000   45  384          -  140.00000      -   117 3445s
 135418 15699 infeasible   50               -  140.00000      -   117 3450s
 135671 15693 infeasible   48               -  140.00000      -   117 3455s
 135819 15682 infeasible   40               -  140.00000      -   117 3460s
 135992 15683 infeasible   47               -  140.00000      -   117 3465s
 136112 15664  140.00000   52  261          -  140.00000      -   117 3470s
 136272 15658 infeasible   40               -  140.00000      -   117 3475s
 136423 15670 infeasible   43               -  140.00000      -   117 3480s
 136580 15651 infeasible   43               -  140.00000      -   117 3485s
 136762 15678 infeasible   38               -  140.00000      -   117 3490s
 136863 15686 infeasible   53               -  140.00000      -   117 3495s
 136980 15666 infeasible   43               -  140.00000      -   117 3500s
 137131 15670 infeasible   49               -  140.00000      -   117 3505s
 137295 15667  140.00000   55  377          -  140.00000      -   117 3510s
 137523 15684 infeasible   37               -  140.00000      -   117 3515s
 137768 15675  140.00000   58  154          -  140.00000      -   117 3521s
 137996 15707 infeasible   51               -  140.00000      -   117 3525s
 138275 15714 infeasible   54               -  140.00000      -   117 3530s
 138595 15688 infeasible   46               -  140.00000      -   117 3535s
 138833 15693 infeasible   50               -  140.00000      -   117 3540s
 139017 15680  140.00000   41  455          -  140.00000      -   117 3545s
 139344 15674  140.00000   42  266          -  140.00000      -   117 3550s
 139454 15696  140.00000   59  240          -  140.00000      -   117 3555s
 139548 15689 infeasible   46               -  140.00000      -   117 3560s
 139709 15682 infeasible   53               -  140.00000      -   117 3565s
 139864 15667 infeasible   61               -  140.00000      -   117 3570s
 140039 15666 infeasible   42               -  140.00000      -   117 3575s
 140221 15676  140.00000   49  154          -  140.00000      -   117 3580s
 140445 15749 infeasible   59               -  140.00000      -   117 3585s
 140737 15748 infeasible   61               -  140.00000      -   117 3590s
 141078 15738 infeasible   50               -  140.00000      -   117 3595s

Cutting planes:
  Cover: 131
  Implied bound: 24
  Projected implied bound: 1
  Clique: 187
  MIR: 14
  StrongCG: 12
  Flow cover: 63
  GUB cover: 29
  Zero half: 16
  Relax-and-lift: 30

Explored 141365 nodes (16564818 simplex iterations) in 3600.12 seconds (2502.88 work units)
Thread count was 1 (of 8 available processors)

Solution count 0

Time limit reached
Best objective -, best bound 1.400000000000e+02, gap -
