
Gurobi 11.0.1 (win64) logging started Mon Apr  1 12:43:38 2024

Set parameter LogFile to value "C:\Projetos\Job_Rotation_Algorithms\Outputs\GurobiLogs\gurobi_log-output-73_ton-c78-CostaMirallesModel-NoExtraConstraint-2.log"
Gurobi Optimizer version 11.0.1 build v11.0.1rc0 (win64 - Windows 10.0 (19045.2))

CPU model: 11th Gen Intel(R) Core(TM) i7-1165G7 @ 2.80GHz, instruction set [SSE2|AVX|AVX2|AVX512]
Thread count: 4 physical cores, 8 logical processors, using up to 1 threads


Gurobi 11.0.1 (win64) logging started Mon Apr  1 21:31:33 2024

Set parameter LogFile to value "C:\Projetos\Job_Rotation_Algorithms\Outputs\GurobiLogs\gurobi_log-output-73_ton-c78-CostaMirallesModel-NoExtraConstraint-2.log"
Gurobi Optimizer version 11.0.1 build v11.0.1rc0 (win64 - Windows 10.0 (19045.2))

CPU model: 11th Gen Intel(R) Core(TM) i7-1165G7 @ 2.80GHz, instruction set [SSE2|AVX|AVX2|AVX512]
Thread count: 4 physical cores, 8 logical processors, using up to 1 threads


Gurobi 11.0.1 (win64) logging started Thu Apr  4 23:29:27 2024

Set parameter LogFile to value "C:\Projetos\Job_Rotation_Algorithms\Outputs\GurobiLogs\gurobi_log-output-73_ton-c78-CostaMirallesModel-NoExtraConstraint-2.log"
Gurobi Optimizer version 11.0.1 build v11.0.1rc0 (win64 - Windows 10.0 (19045.2))

CPU model: 11th Gen Intel(R) Core(TM) i7-1165G7 @ 2.80GHz, instruction set [SSE2|AVX|AVX2|AVX512]
Thread count: 4 physical cores, 8 logical processors, using up to 1 threads


Gurobi 11.0.1 (win64) logging started Sat Apr  6 12:58:13 2024

Set parameter LogFile to value "C:\Projetos\Job_Rotation_Algorithms\Outputs\GurobiLogs\gurobi_log-output-73_ton-c78-CostaMirallesModel-NoExtraConstraint-2.log"
Gurobi Optimizer version 11.0.1 build v11.0.1rc0 (win64 - Windows 10.0 (19045.2))

CPU model: 11th Gen Intel(R) Core(TM) i7-1165G7 @ 2.80GHz, instruction set [SSE2|AVX|AVX2|AVX512]
Thread count: 4 physical cores, 8 logical processors, using up to 1 threads


Gurobi 11.0.1 (win64) logging started Sun Apr  7 02:31:56 2024

Set parameter LogFile to value "C:\Projetos\Job_Rotation_Algorithms\Outputs\GurobiLogs\gurobi_log-output-73_ton-c78-CostaMirallesModel-NoExtraConstraint-2.log"
Gurobi Optimizer version 11.0.1 build v11.0.1rc0 (win64 - Windows 10.0 (19045.2))

CPU model: 11th Gen Intel(R) Core(TM) i7-1165G7 @ 2.80GHz, instruction set [SSE2|AVX|AVX2|AVX512]
Thread count: 4 physical cores, 8 logical processors, using up to 1 threads


Gurobi 11.0.1 (win64) logging started Sun Apr  7 09:44:49 2024

Set parameter LogFile to value "C:\Projetos\Job_Rotation_Algorithms\Outputs\GurobiLogs\gurobi_log-output-73_ton-c78-CostaMirallesModel-NoExtraConstraint-2.log"
Gurobi Optimizer version 11.0.1 build v11.0.1rc0 (win64 - Windows 10.0 (19045.2))

CPU model: 11th Gen Intel(R) Core(TM) i7-1165G7 @ 2.80GHz, instruction set [SSE2|AVX|AVX2|AVX512]
Thread count: 4 physical cores, 8 logical processors, using up to 1 threads


Gurobi 11.0.1 (win64) logging started Tue Apr  9 08:03:09 2024

Set parameter LogFile to value "C:\Projetos\Job_Rotation_Algorithms\Outputs\GurobiLogs\gurobi_log-output-73_ton-c78-CostaMirallesModel-NoExtraConstraint-2.log"
Gurobi Optimizer version 11.0.1 build v11.0.1rc0 (win64 - Windows 10.0 (19045.2))

CPU model: 11th Gen Intel(R) Core(TM) i7-1165G7 @ 2.80GHz, instruction set [SSE2|AVX|AVX2|AVX512]
Thread count: 4 physical cores, 8 logical processors, using up to 1 threads


Gurobi 11.0.1 (win64) logging started Wed Apr 10 17:32:09 2024

Set parameter LogFile to value "C:\Projetos\Job_Rotation_Algorithms\Outputs\GurobiLogs\gurobi_log-output-73_ton-c78-CostaMirallesModel-NoExtraConstraint-2.log"
Gurobi Optimizer version 11.0.1 build v11.0.1rc0 (win64 - Windows 10.0 (19045.2))

CPU model: 11th Gen Intel(R) Core(TM) i7-1165G7 @ 2.80GHz, instruction set [SSE2|AVX|AVX2|AVX512]
Thread count: 4 physical cores, 8 logical processors, using up to 1 threads


Gurobi 11.0.1 (win64) logging started Thu Apr 11 01:38:11 2024

Set parameter LogFile to value "C:\Projetos\Job_Rotation_Algorithms\Outputs\GurobiLogs\gurobi_log-output-73_ton-c78-CostaMirallesModel-NoExtraConstraint-2.log"
Gurobi Optimizer version 11.0.1 build v11.0.1rc0 (win64 - Windows 10.0 (19045.2))

CPU model: 11th Gen Intel(R) Core(TM) i7-1165G7 @ 2.80GHz, instruction set [SSE2|AVX|AVX2|AVX512]
Thread count: 4 physical cores, 8 logical processors, using up to 1 threads


Gurobi 11.0.1 (win64) logging started Sat Apr 13 04:37:06 2024

Set parameter LogFile to value "C:\Projetos\Job_Rotation_Algorithms\Outputs\GurobiLogs\gurobi_log-output-73_ton-c78-CostaMirallesModel-NoExtraConstraint-2.log"
Gurobi Optimizer version 11.0.1 build v11.0.1rc0 (win64 - Windows 10.0 (19045.2))

CPU model: 11th Gen Intel(R) Core(TM) i7-1165G7 @ 2.80GHz, instruction set [SSE2|AVX|AVX2|AVX512]
Thread count: 4 physical cores, 8 logical processors, using up to 1 threads

WLS license 901038 - registered to Bitka Analytics
Optimize a model with 5210 rows, 37645 columns and 894683 nonzeros
Model fingerprint: 0x4ae1df81
Variable types: 2 continuous, 37643 integer (37643 binary)
Coefficient statistics:
  Matrix range     [1e+00, 3e+02]
  Objective range  [1e+00, 1e+00]
  Bounds range     [1e+00, 2e+02]
  RHS range        [1e+00, 2e+02]
Presolve added 1825 rows and 0 columns
Presolve removed 0 rows and 1120 columns
Presolve time: 4.30s
Presolved: 7035 rows, 36525 columns, 234660 nonzeros
Variable types: 0 continuous, 36525 integer (34980 binary)

Root simplex log...

Iteration    Objective       Primal Inf.    Dual Inf.      Time
    5827    1.3999963e+02   7.494579e+02   0.000000e+00      5s
    9081    1.4000000e+02   0.000000e+00   0.000000e+00      6s

Root relaxation: objective 1.400000e+02, 9081 iterations, 1.64 seconds (2.44 work units)

    Nodes    |    Current Node    |     Objective Bounds      |     Work
 Expl Unexpl |  Obj  Depth IntInf | Incumbent    BestBd   Gap | It/Node Time

     0     0  140.00000    0  172          -  140.00000      -     -    7s
     0     0  140.00000    0 1029          -  140.00000      -     -    8s
     0     0  140.00000    0 1029          -  140.00000      -     -    8s
     0     0  140.00000    0  198          -  140.00000      -     -   21s
     0     0  140.00000    0  195          -  140.00000      -     -   21s
     0     0  140.00000    0  782          -  140.00000      -     -   24s
     0     0  140.00000    0  688          -  140.00000      -     -   24s
     0     0  140.00000    0  508          -  140.00000      -     -   25s
     0     0  140.00000    0  483          -  140.00000      -     -   25s
     0     0  140.00000    0  272          -  140.00000      -     -   29s
     0     0  140.00000    0  273          -  140.00000      -     -   29s
     0     0  140.00000    0  283          -  140.00000      -     -   30s
     0     0  140.00000    0  260          -  140.00000      -     -   33s
     0     0  140.00000    0  252          -  140.00000      -     -   33s
     0     0  140.00000    0  253          -  140.00000      -     -   33s
     0     0  140.00000    0  352          -  140.00000      -     -   33s
     0     0  140.00000    0  302          -  140.00000      -     -   33s
     0     0  140.00000    0  244          -  140.00000      -     -   36s
     0     0  140.00000    0  244          -  140.00000      -     -   36s
     0     0  140.00000    0  429          -  140.00000      -     -   37s
     0     0  140.00000    0  306          -  140.00000      -     -   42s
     0     0  140.00000    0  300          -  140.00000      -     -   42s
     0     2  140.00000    0  281          -  140.00000      -     -   49s
     2     5  140.00000    1  596          -  140.00000      -  1644   50s
    94    96  140.00000   62  241          -  140.00000      -   171   55s
   174   142  140.00000   47  358          -  140.00000      -   240   60s
   257   203  140.00000   67  287          -  140.00000      -   234   65s
   413   300  140.00000   70  345          -  140.00000      -   193   70s
   543   344  140.00000   87  550          -  140.00000      -   192   75s
   672   422  140.00000   42 1029          -  140.00000      -   194  115s
   675   424  140.00000   99 1130          -  140.00000      -   193  121s
   676   425  140.00000   55 1336          -  140.00000      -   192  126s
   677   425  140.00000   76  243          -  140.00000      -   192  133s
   679   427  140.00000   89  341          -  140.00000      -   192  140s
   681   428  140.00000   44  296          -  140.00000      -   191  148s
   682   429  140.00000   63 1145          -  140.00000      -   191  151s
   683   429  140.00000   83  348          -  140.00000      -   190  160s
   685   431  140.00000   44  386          -  140.00000      -   190  172s
   686   431  140.00000   83 1093          -  140.00000      -   190  175s
   687   432  140.00000   95  304          -  140.00000      -   189  182s
   688   433  140.00000   62  304          -  140.00000      -   189  185s
   693   438  140.00000   15  552          -  140.00000      -   654  190s
   707   447  140.00000   22  541          -  140.00000      -   646  195s
   715   453  140.00000   26  619          -  140.00000      -   642  256s
   719   455  140.00000   28  618          -  140.00000      -   641  260s
   731   463  140.00000   34  549          -  140.00000      -   635  265s
   740   469  140.00000   39  621          -  140.00000      -   631  270s
   750   476  140.00000   44  511          -  140.00000      -   627  275s
   759   482  140.00000   48  400          -  140.00000      -   624  280s
   768   486  140.00000   53  463          -  140.00000      -   620  285s
   776   485  140.00000   17  630          -  140.00000      -   625  290s
   783   490  140.00000   21  661          -  140.00000      -   623  296s
   792   496  140.00000   25  289          -  140.00000      -   630  300s
   808   507  140.00000   33  372          -  140.00000      -   629  305s
   824   517  140.00000   41  857          -  140.00000      -   623  310s
   855   538  140.00000   57  495          -  140.00000      -   611  315s
   888   560  140.00000   73  566          -  140.00000      -   607  320s
   915   571  140.00000   41  627          -  140.00000      -   597  325s
   951   589  140.00000   59  715          -  140.00000      -   588  330s
  1007   617  140.00000   62  324          -  140.00000      -   570  336s
  1022   615  140.00000   30  307          -  140.00000      -   567  340s
  1089   658 infeasible   64               -  140.00000      -   547  345s
  1113   664  140.00000   49  646          -  140.00000      -   545  350s
  1141   667  140.00000   40  528          -  140.00000      -   539  355s
  1181   685 infeasible   63               -  140.00000      -   536  360s
  1210   688 infeasible   57               -  140.00000      -   533  365s
  1252   705  140.00000   53  480          -  140.00000      -   521  370s
  1324   712  140.00000   62  227          -  140.00000      -   500  375s
  1373   726  140.00000   57  458          -  140.00000      -   493  380s
  1408   732 infeasible   66               -  140.00000      -   486  385s
  1439   721  140.00000   58  425          -  140.00000      -   482  390s
  1489   720  140.00000   48  673          -  140.00000      -   474  395s
  1554   724  140.00000   59  461          -  140.00000      -   463  400s
  1608   741  140.00000   53  596          -  140.00000      -   457  405s
  1685   771  140.00000   40  617          -  140.00000      -   444  410s
  1741   784  140.00000   52  456          -  140.00000      -   437  415s
  1807   815  140.00000   56  504          -  140.00000      -   429  420s
  1879   838  140.00000   57  425          -  140.00000      -   419  425s
  1942   864  140.00000   58  364          -  140.00000      -   412  430s
  2051   937  140.00000   72  332          -  140.00000      -   397  435s
  2128   994 infeasible  102               -  140.00000      -   389  440s
  2193  1039  140.00000   61  449          -  140.00000      -   387  445s
  2246  1076  140.00000   53  487          -  140.00000      -   387  450s
  2302  1109  140.00000   45  599          -  140.00000      -   383  455s
  2367  1146  140.00000   53  513          -  140.00000      -   381  460s
  2429  1183  140.00000   60  266          -  140.00000      -   375  465s
  2510  1235  140.00000   74  266          -  140.00000      -   369  470s
  2598  1290  140.00000   95  550          -  140.00000      -   362  475s
  2640  1308  140.00000   54  422          -  140.00000      -   364  480s
  2695  1339 infeasible   80               -  140.00000      -   363  485s
  2726  1350 infeasible   64               -  140.00000      -   367  490s
  2781  1389  140.00000   69  550          -  140.00000      -   366  495s
  2876  1434  140.00000   79  360          -  140.00000      -   359  500s
  2946  1448 infeasible   55               -  140.00000      -   357  505s
  3030  1508  140.00000   80  435          -  140.00000      -   353  510s
  3100  1548  140.00000   77  458          -  140.00000      -   350  515s
  3150  1554 infeasible   73               -  140.00000      -   353  520s
  3189  1591  140.00000   49  559          -  140.00000      -   353  525s
  3218  1615  140.00000   63  522          -  140.00000      -   359  530s
  3297  1649 infeasible   74               -  140.00000      -   354  535s
  3367  1700  140.00000   53  229          -  140.00000      -   353  540s
  3465  1790 infeasible   73               -  140.00000      -   350  546s
  3546  1835  140.00000   62  510          -  140.00000      -   345  550s
  3675  1930  140.00000   74  354          -  140.00000      -   338  555s
  3785  1990  140.00000   55  458          -  140.00000      -   332  560s
  3863  2018  140.00000   69  681          -  140.00000      -   330  565s
  3953  2081  140.00000   64  722          -  140.00000      -   327  570s
  4059  2146  140.00000   75  443          -  140.00000      -   323  575s
  4112  2163  140.00000   61  583          -  140.00000      -   323  580s
  4171  2206 infeasible   77               -  140.00000      -   323  585s
  4240  2255  140.00000   67  276          -  140.00000      -   322  590s
  4316  2288  140.00000   52  425          -  140.00000      -   320  595s
  4354  2316  140.00000   56  395          -  140.00000      -   322  600s
  4377  2338  140.00000   69  458          -  140.00000      -   326  605s
  4457  2399  140.00000   53  389          -  140.00000      -   327  611s
  4482  2419 infeasible   67               -  140.00000      -   329  615s
  4557  2476  140.00000   43  234          -  140.00000      -   328  620s
  4579  2497  140.00000   58  514          -  140.00000      -   331  625s
  4648  2542  140.00000   93  593          -  140.00000      -   331  630s
  4702  2585  140.00000   73  404          -  140.00000      -   332  635s
  4765  2623  140.00000   53  574          -  140.00000      -   333  640s
  4832  2670  140.00000   51  938          -  140.00000      -   331  645s
  4868  2700  140.00000   66 1031          -  140.00000      -   333  650s
  4908  2728  140.00000   62  462          -  140.00000      -   334  655s
  4956  2756  140.00000   67  761          -  140.00000      -   334  660s
  5007  2786 infeasible   90               -  140.00000      -   335  665s
  5065  2810  140.00000   53  582          -  140.00000      -   335  670s
  5101  2842  140.00000   73  201          -  140.00000      -   337  702s
  5124  2851 infeasible   83               -  140.00000      -   339  705s
  5158  2871 infeasible   63               -  140.00000      -   343  711s
  5204  2895  140.00000   41  697          -  140.00000      -   341  715s
  5267  2951  140.00000   77  692          -  140.00000      -   342  720s
  5340  2991 infeasible   72               -  140.00000      -   340  725s
  5446  3081  140.00000   97  386          -  140.00000      -   338  730s
  5535  3113  140.00000   63  229          -  140.00000      -   336  735s
  5592  3148  140.00000   63  569          -  140.00000      -   336  740s
  5685  3211  140.00000   84  392          -  140.00000      -   334  745s
  5783  3269 infeasible   90               -  140.00000      -   332  750s
  5885  3321  140.00000   73  471          -  140.00000      -   328  755s
  6006  3381  140.00000   74  200          -  140.00000      -   325  760s
  6102  3424  140.00000   46  505          -  140.00000      -   323  765s
  6191  3481  140.00000   33  238          -  140.00000      -   321  770s
  6276  3564  140.00000   67  768          -  140.00000      -   321  775s
  6332  3588  140.00000   56  856          -  140.00000      -   321  780s
  6366  3604 infeasible   63               -  140.00000      -   323  785s
  6434  3632  140.00000   36  575          -  140.00000      -   321  790s
  6534  3691  140.00000   45  499          -  140.00000      -   319  795s
  6670  3778  140.00000   33  288          -  140.00000      -   316  800s
  6710  3803  140.00000   38  857          -  140.00000      -   318  805s
  6759  3846 infeasible   62               -  140.00000      -   319  810s
  6843  3908  140.00000   39  457          -  140.00000      -   318  815s
  6889  3945  140.00000   43  225          -  140.00000      -   319  820s
  6973  4006  140.00000   77  399          -  140.00000      -   319  825s
  7132  4091 infeasible   97               -  140.00000      -   315  830s
  7253  4156  140.00000   48  635          -  140.00000      -   312  835s
  7349  4201  140.00000   60  548          -  140.00000      -   311  840s
  7487  4290 infeasible   78               -  140.00000      -   308  845s
  7573  4325  140.00000   53  180          -  140.00000      -   308  850s
  7610  4348  140.00000   65  424          -  140.00000      -   308  855s
  7688  4396  140.00000   62  922          -  140.00000      -   308  860s
  7743  4440  140.00000   70  788          -  140.00000      -   308  865s
  7838  4493  140.00000   73  554          -  140.00000      -   308  870s
  7925  4543 infeasible   57               -  140.00000      -   307  875s
  8007  4594  140.00000   56  652          -  140.00000      -   306  880s
  8118  4658  140.00000   58  644          -  140.00000      -   305  885s
  8239  4728  139.00000   72  662          -  140.00000      -   303  890s
  8332  4773  140.00000   76  584          -  140.00000      -   302  895s
  8397  4794 infeasible   83               -  140.00000      -   303  900s
  8470  4822  140.00000   35  456          -  140.00000      -   303  905s
  8543  4866 infeasible   73               -  140.00000      -   304  910s
  8583  4904  140.00000   64  482          -  140.00000      -   305  915s
  8660  4949 infeasible   73               -  140.00000      -   305  920s
  8782  5039 infeasible   76               -  140.00000      -   304  925s
  8893  5080  140.00000   57  673          -  140.00000      -   303  930s
  8978  5132  140.00000   56  682          -  140.00000      -   302  935s
  9009  5146  140.00000   53  160          -  140.00000      -   305  940s
  9066  5185  140.00000   54  499          -  140.00000      -   305  945s
  9165  5240  140.00000   56  674          -  140.00000      -   305  950s
  9188  5253  140.00000   53  516          -  140.00000      -   306  955s
  9259  5295  140.00000   66  652          -  140.00000      -   306  960s
  9315  5324  140.00000   56  501          -  140.00000      -   306  965s
  9349  5342 infeasible   76               -  140.00000      -   306  970s
  9380  5361  140.00000   68  570          -  140.00000      -   307  975s
  9486  5434  140.00000   63  302          -  140.00000      -   305  980s
  9603  5506  140.00000   58  420          -  140.00000      -   302  985s
  9698  5564  140.00000   68  485          -  140.00000      -   301  990s
  9859  5660  140.00000   70  451          -  140.00000      -   298  995s
 10002  5720  140.00000   56  885          -  140.00000      -   296 1000s
 10071  5761  140.00000   63  424          -  140.00000      -   296 1005s
 10144  5787  140.00000   64  452          -  140.00000      -   296 1010s
 10202  5839  140.00000   90  293          -  140.00000      -   295 1306s
 10303  5874 infeasible   91               -  140.00000      -   293 1310s
 10415  5952  140.00000   81  499          -  140.00000      -   292 1315s
 10520  6001  140.00000   63  618          -  140.00000      -   292 1320s
 10625  6069 infeasible   76               -  140.00000      -   291 1325s
 10685  6099  140.00000   61  765          -  140.00000      -   292 1330s
 10789  6173  140.00000   68  421          -  140.00000      -   292 1335s
 10896  6254  140.00000   76  399          -  140.00000      -   291 1340s
 11043  6346  140.00000   74  506          -  140.00000      -   290 1345s
 11192  6446  140.00000   91  351          -  140.00000      -   288 1350s
 11311  6520  140.00000   81 1209          -  140.00000      -   287 1355s
 11412  6543 infeasible   85               -  140.00000      -   287 1360s
 11500  6568  140.00000   83  503          -  140.00000      -   287 1365s
 11609  6627  140.00000   80  638          -  140.00000      -   286 1370s
 11740  6692  140.00000   79  218          -  140.00000      -   285 1375s
 11896  6772  140.00000   94  546          -  140.00000      -   283 1380s
 11987  6807  140.00000   73  516          -  140.00000      -   283 1385s
 12083  6849  140.00000   90  277          -  140.00000      -   282 1390s
 12174  6877  140.00000   96  220          -  140.00000      -   282 1395s
 12235  6916 infeasible   83               -  140.00000      -   282 1400s
 12335  6965  140.00000   73  181          -  140.00000      -   282 1405s
 12428  7020  140.00000   79  504          -  140.00000      -   281 1410s
 12535  7084 infeasible  114               -  140.00000      -   280 1415s
 12610  7126  140.00000   90  310          -  140.00000      -   280 1420s
 12738  7174  140.00000   85  507          -  140.00000      -   279 1425s
 12829  7223 infeasible   82               -  140.00000      -   279 1430s
 12964  7293  140.00000   95  459          -  140.00000      -   277 1435s
 13091  7364  140.00000   83  133          -  140.00000      -   276 1440s
 13181  7396  140.00000   85  331          -  140.00000      -   276 1445s
 13285  7451  140.00000   90  379          -  140.00000      -   275 1450s
 13422  7506  140.00000   97  502          -  140.00000      -   274 1455s
 13562  7561  140.00000   86  710          -  140.00000      -   273 1460s
 13735  7664  140.00000   94  653          -  140.00000      -   271 1465s
 13838  7677  140.00000  103  342          -  140.00000      -   270 1470s
 13944  7722  140.00000   92  928          -  140.00000      -   269 1475s
 14024  7761  140.00000   87  385          -  140.00000      -   269 1480s
 14126  7814  140.00000   95  648          -  140.00000      -   269 1485s
 14209  7860  140.00000   87  352          -  140.00000      -   269 1490s
 14288  7901  140.00000   98  330          -  140.00000      -   268 1495s
 14365  7931  140.00000   62  533          -  140.00000      -   268 1500s
 14456  7983  140.00000   83  479          -  140.00000      -   268 1505s
 14522  8036  140.00000   88  570          -  140.00000      -   268 1510s
 14641  8111  140.00000   94  679          -  140.00000      -   268 1515s
 14708  8137 infeasible   84               -  140.00000      -   268 1520s
 14812  8164  140.00000   74  422          -  140.00000      -   267 1525s
 14918  8206  140.00000   89  528          -  140.00000      -   267 1530s
 15014  8231  140.00000   71  153          -  140.00000      -   266 1535s
 15115  8285  140.00000   73  118          -  140.00000      -   266 1540s
 15203  8323  140.00000   86  651          -  140.00000      -   266 1545s
 15277  8353  140.00000   94  746          -  140.00000      -   266 1550s
 15303  8353 infeasible  108               -  140.00000      -   265 1576s
 15385  8392 infeasible  113               -  140.00000      -   265 1580s
 15509  8451  140.00000   72  550          -  140.00000      -   264 1585s
 15650  8535  140.00000   88  416          -  140.00000      -   263 1590s
 15763  8584  140.00000   90  632          -  140.00000      -   262 1595s
 15851  8628  140.00000   81  721          -  140.00000      -   262 1600s
 15917  8647 infeasible   83               -  140.00000      -   263 1605s
 15989  8662  140.00000   91  674          -  140.00000      -   263 1610s
 16057  8680 infeasible  103               -  140.00000      -   263 1615s
 16171  8753  140.00000   98  565          -  140.00000      -   262 1620s
 16339  8811 infeasible  104               -  140.00000      -   261 1625s
 16485  8822  140.00000   75  709          -  140.00000      -   260 1630s
 16614  8868  140.00000   92  585          -  140.00000      -   259 1635s
 16742  8910  140.00000   94  149          -  140.00000      -   258 1640s
 16857  8948 infeasible   83               -  140.00000      -   258 1645s
 17009  9016  140.00000   68  821          -  140.00000      -   257 1650s
 17087  9046  140.00000   82  481          -  140.00000      -   257 1655s
 17168  9079  140.00000   92  510          -  140.00000      -   257 1660s
 17334  9149  140.00000  104  774          -  140.00000      -   256 1665s
 17458  9183 infeasible  110               -  140.00000      -   255 1670s
 17570  9229  140.00000   87  459          -  140.00000      -   255 1675s
 17702  9282 infeasible   97               -  140.00000      -   254 1680s
 17880  9339 infeasible  104               -  140.00000      -   253 1685s
 18127  9452  140.00000   83  175          -  140.00000      -   251 1690s
 18199  9491  140.00000   93  463          -  140.00000      -   251 1695s
 18304  9531 infeasible   95               -  140.00000      -   251 1700s
 18421  9594 infeasible  107               -  140.00000      -   251 1705s
 18548  9619 infeasible  116               -  140.00000      -   250 1710s
 18619  9643  140.00000   72  588          -  140.00000      -   251 1715s
 18698  9686  140.00000  101  614          -  140.00000      -   251 1720s
 18815  9751  140.00000  110  656          -  140.00000      -   250 1725s
 18947  9815  140.00000   69  323          -  140.00000      -   250 1730s
 19015  9842 infeasible   94               -  140.00000      -   250 1735s
 19142  9887 infeasible   86               -  140.00000      -   249 1740s
 19250  9937  140.00000   92  732          -  140.00000      -   249 1745s
 19334  9974 infeasible   93               -  140.00000      -   249 1750s
 19368  9987  140.00000   82  282          -  140.00000      -   250 1755s
 19440 10005 infeasible   93               -  140.00000      -   251 1760s
 19528 10066  140.00000   84  455          -  140.00000      -   251 1765s
 19646 10085  140.00000   83  195          -  140.00000      -   250 1770s
 19795 10148 infeasible  111               -  140.00000      -   250 1775s
 19949 10242  140.00000   63  618          -  140.00000      -   249 1780s
 20091 10312  140.00000  106  423          -  140.00000      -   248 1785s
 20221 10348  140.00000   62  445          -  140.00000      -   248 1790s
 20358 10425 infeasible   95               -  140.00000      -   247 1795s
 20404 10444  140.00000   99  515          -  140.00000      -   247 1822s
 20512 10485 infeasible   76               -  140.00000      -   246 1825s
 20761 10544  140.00000   69  453          -  140.00000      -   244 1830s
 21007 10604 infeasible   98               -  140.00000      -   242 1835s
 21143 10615 infeasible   70               -  140.00000      -   242 1840s
 21307 10654 infeasible  103               -  140.00000      -   241 1845s
 21442 10723 infeasible   96               -  140.00000      -   240 1850s
 21590 10777  140.00000   69  694          -  140.00000      -   240 1855s
 21672 10821  140.00000  109  361          -  140.00000      -   240 1860s
 21804 10889  140.00000   91  392          -  140.00000      -   240 1865s
 21935 10966  140.00000   97  670          -  140.00000      -   239 1870s
 22064 11012  140.00000   83  207          -  140.00000      -   239 1875s
 22222 11068  140.00000   96  464          -  140.00000      -   238 1880s
 22336 11122 infeasible   87               -  140.00000      -   238 1885s
 22486 11176 infeasible   76               -  140.00000      -   238 1890s
 22644 11262 infeasible   94               -  140.00000      -   237 1895s
 22812 11331  140.00000   86  266          -  140.00000      -   236 1900s
 22934 11380 infeasible   71               -  140.00000      -   236 1905s
 23112 11447 infeasible   89               -  140.00000      -   235 1910s
 23349 11536  140.00000   91  439          -  140.00000      -   234 1915s
 23493 11563  140.00000   88  354          -  140.00000      -   233 1935s
 23522 11542 infeasible   84               -  140.00000      -   233 1940s
 23546 11538  140.00000   78  502          -  140.00000      -   233 1945s
 23559 11549  140.00000   86  407          -  140.00000      -   233 1950s
 23764 11650 infeasible  107               -  140.00000      -   232 1955s
 23964 11723  140.00000   97  384          -  140.00000      -   231 1960s
 24196 11802 infeasible  100               -  140.00000      -   230 1965s
 24345 11816 infeasible   94               -  140.00000      -   229 1970s
 24508 11846  140.00000   97  233          -  140.00000      -   228 1975s
 24715 11898 infeasible  123               -  140.00000      -   227 1980s
 24853 11937 infeasible  105               -  140.00000      -   227 1985s
 25037 12033 infeasible  109               -  140.00000      -   226 1990s
 25190 12121 infeasible  108               -  140.00000      -   225 1995s
 25355 12178  140.00000  101  675          -  140.00000      -   225 2000s
 25505 12229  140.00000  106  320          -  140.00000      -   224 2030s
 25703 12266 infeasible  106               -  140.00000      -   224 2035s
 25821 12314  140.00000   79  676          -  140.00000      -   224 2040s
 25947 12343 infeasible   88               -  140.00000      -   223 2045s
 26111 12372  140.00000   83  399          -  140.00000      -   223 2050s
 26212 12410  140.00000   83  150          -  140.00000      -   223 2055s
 26268 12434 infeasible  103               -  140.00000      -   224 2060s
 26449 12535 infeasible  114               -  140.00000      -   223 2065s
 26496 12567  140.00000  112  323          -  140.00000      -   224 2070s
 26662 12647 infeasible  114               -  140.00000      -   223 2075s
 26771 12700  140.00000   93  618          -  140.00000      -   224 2080s
 26958 12763  140.00000   89  286          -  140.00000      -   223 2085s
 27043 12793  140.00000   93  301          -  140.00000      -   223 2090s
 27228 12855  140.00000  102  453          -  140.00000      -   222 2095s
 27422 12923  140.00000   96  649          -  140.00000      -   222 2100s
 27591 12960  140.00000   85  431          -  140.00000      -   221 2105s
 27726 13012 infeasible  101               -  140.00000      -   221 2110s
 27763 13014 infeasible   91               -  140.00000      -   222 2115s
 27820 13030  140.00000   85  562          -  140.00000      -   222 2120s
 28013 13069 infeasible   98               -  140.00000      -   221 2125s
 28205 13133 infeasible  104               -  140.00000      -   221 2130s
 28444 13193  140.00000  100  315          -  140.00000      -   220 2135s
 28660 13216 infeasible  103               -  140.00000      -   219 2140s
 28877 13267 infeasible  106               -  140.00000      -   218 2145s
 29088 13286 infeasible   85               -  140.00000      -   217 2150s
 29310 13328  140.00000   77  566          -  140.00000      -   216 2155s
 29454 13364 infeasible   78               -  140.00000      -   216 2160s
 29621 13420  140.00000   75  695          -  140.00000      -   215 2165s
 29899 13534  139.00000   82  537          -  140.00000      -   214 2170s
 30109 13619 infeasible   92               -  140.00000      -   213 2175s
 30244 13654  140.00000  102  376          -  140.00000      -   213 2180s
 30327 13670 infeasible   80               -  140.00000      -   213 2185s
 30424 13693 infeasible   73               -  140.00000      -   214 2190s
 30519 13735  140.00000   76  707          -  140.00000      -   214 2195s
 30600 13757 infeasible   73               -  140.00000      -   214 2201s
 30606 13763  140.00000   77  600          -  140.00000      -   214 2228s
 30613 13762  140.00000   73  198          -  140.00000      -   215 2230s
 30687 13789  140.00000   75 1012          -  140.00000      -   215 2235s
 30725 13795  140.00000   73  273          -  140.00000      -   215 2240s
 30895 13830  140.00000   81  259          -  140.00000      -   215 2245s
 31085 13925 infeasible   94               -  140.00000      -   214 2250s
 31275 13997  140.00000   79  766          -  140.00000      -   214 2255s
 31410 14011  140.00000   78  858          -  140.00000      -   214 2260s
 31421 14012 infeasible   83               -  140.00000      -   215 2265s
 31488 14039 infeasible   93               -  140.00000      -   215 2270s
 31532 14068  140.00000  103  575          -  140.00000      -   216 2275s
 31631 14107  140.00000   71  274          -  140.00000      -   216 2280s
 31701 14128  140.00000   73  367          -  140.00000      -   216 2285s
 31730 14140 infeasible   83               -  140.00000      -   216 2290s
 31787 14165  140.00000   58  347          -  140.00000      -   217 2295s
 31875 14213 infeasible   67               -  140.00000      -   217 2300s
 31933 14239 infeasible   73               -  140.00000      -   217 2305s
 31988 14262  140.00000   56  688          -  140.00000      -   218 2310s
 32049 14294 infeasible   71               -  140.00000      -   218 2315s
 32125 14335  140.00000   85  388          -  140.00000      -   218 2320s
 32204 14362  140.00000   74  677          -  140.00000      -   218 2325s
 32290 14393 infeasible   73               -  140.00000      -   218 2330s
 32338 14416 infeasible   85               -  140.00000      -   219 2335s
 32439 14439 infeasible   93               -  140.00000      -   219 2340s
 32660 14558  140.00000   71  398          -  140.00000      -   218 2345s
 32700 14580 infeasible   87               -  140.00000      -   218 2350s
 32854 14637 infeasible   98               -  140.00000      -   218 2355s
 32992 14706  140.00000   89  680          -  140.00000      -   218 2360s
 33097 14743  140.00000   43  469          -  140.00000      -   218 2365s
 33104 14750  140.00000   46  431          -  140.00000      -   218 2398s
 33109 14755  140.00000   51  454          -  140.00000      -   218 2400s
 33122 14768  140.00000   64  678          -  140.00000      -   218 2405s
 33131 14775  140.00000   71  939          -  140.00000      -   218 2410s
 33138 14782  140.00000   76  722          -  140.00000      -   218 2415s
 33149 14791  140.00000   86  553          -  140.00000      -   219 2420s
 33184 14802  140.00000   44  678          -  140.00000      -   219 2425s
 33249 14850  140.00000   62  634          -  140.00000      -   219 2430s
 33328 14906 infeasible   77               -  140.00000      -   219 2435s
 33405 14935  140.00000   90  690          -  140.00000      -   219 2440s
 33473 14982  140.00000  103  573          -  140.00000      -   219 2445s
 33600 15037  140.00000   98  473          -  140.00000      -   219 2450s
 33695 15075  140.00000   93  383          -  140.00000      -   219 2456s
 33714 15075  140.00000   72  695          -  140.00000      -   220 2460s
 33854 15156  140.00000   92  669          -  140.00000      -   220 2465s
 34040 15241  140.00000   77  509          -  140.00000      -   219 2470s
 34220 15338  140.00000   86  413          -  140.00000      -   219 2475s
 34468 15442  140.00000   78  382          -  140.00000      -   218 2480s
 34644 15512  140.00000   66  524          -  140.00000      -   217 2485s
 34804 15550  140.00000  101  407          -  140.00000      -   217 2490s
 34985 15616 infeasible   80               -  140.00000      -   216 2495s
 35013 15634  140.00000   53  459          -  140.00000      -   217 2500s
 35087 15689 infeasible   72               -  140.00000      -   217 2505s
 35127 15722  140.00000   78  745          -  140.00000      -   217 2510s
 35189 15755  140.00000   63  349          -  140.00000      -   218 2515s
 35246 15784  140.00000   43  405          -  140.00000      -   218 2520s
 35313 15821 infeasible   78               -  140.00000      -   218 2525s
 35419 15867 infeasible   83               -  140.00000      -   218 2530s
 35540 15908  140.00000  102  635          -  140.00000      -   218 2535s
 35664 15950 infeasible  104               -  140.00000      -   218 2540s
 35707 15960  140.00000   66  546          -  140.00000      -   218 2567s
 35739 15971  140.00000   82  569          -  140.00000      -   218 2570s
 35879 16020  140.00000   43  275          -  140.00000      -   218 2575s
 35976 16070 infeasible   50               -  140.00000      -   218 2580s
 36138 16142  140.00000   47  536          -  140.00000      -   217 2585s
 36259 16212 infeasible  104               -  140.00000      -   217 2590s
 36391 16268  140.00000   52  408          -  140.00000      -   217 2595s
 36512 16312  140.00000   81  599          -  140.00000      -   217 2600s
 36572 16336 infeasible   98               -  140.00000      -   217 2605s
 36618 16341 infeasible   93               -  140.00000      -   218 2610s
 36726 16404  140.00000   83  185          -  140.00000      -   218 2615s
 36802 16438 infeasible   93               -  140.00000      -   218 2620s
 36883 16465  140.00000   91  863          -  140.00000      -   218 2625s
 36896 16473  140.00000   93  178          -  140.00000      -   219 2630s
 36980 16499 infeasible  103               -  140.00000      -   219 2635s
 37068 16525  140.00000  103  204          -  140.00000      -   219 2640s
 37176 16546  140.00000   83  377          -  140.00000      -   219 2645s
 37241 16572  140.00000   83  238          -  140.00000      -   219 2650s
 37331 16609  140.00000  106  696          -  140.00000      -   219 2655s
 37422 16645 infeasible  104               -  140.00000      -   219 2660s
 37475 16658  140.00000   57  571          -  140.00000      -   219 2665s
 37540 16690  140.00000   80  465          -  140.00000      -   219 2670s
 37658 16724 infeasible   83               -  140.00000      -   219 2675s
 37773 16734 infeasible   93               -  140.00000      -   219 2680s
 37915 16754 infeasible  111               -  140.00000      -   219 2685s
 37992 16740  140.00000   79  469          -  140.00000      -   219 2690s
 38080 16747  140.00000   89  541          -  140.00000      -   219 2695s
 38179 16744  140.00000   86  572          -  140.00000      -   219 2700s
 38335 16821 infeasible  102               -  140.00000      -   219 2705s
 38381 16809 infeasible  101               -  140.00000      -   219 2710s
 38509 16823  140.00000  109  332          -  140.00000      -   219 2715s
 38604 16815  140.00000   98  477          -  140.00000      -   219 2720s
 38781 16820 infeasible  118               -  140.00000      -   219 2725s
 38844 16800 infeasible   93               -  140.00000      -   219 2730s
 38997 16801 infeasible   95               -  140.00000      -   218 2735s
 39085 16807  140.00000   72  551          -  140.00000      -   218 2740s
 39241 16800 infeasible   97               -  140.00000      -   218 2745s
 39253 16798 infeasible   69               -  140.00000      -   219 2750s
 39369 16837 infeasible   93               -  140.00000      -   219 2755s
 39491 16840 infeasible  109               -  140.00000      -   218 2760s
 39585 16828  140.00000   95  858          -  140.00000      -   218 2765s
 39728 16862 infeasible  103               -  140.00000      -   218 2770s
 39886 16880  140.00000   78  546          -  140.00000      -   218 2775s
 39928 16903 infeasible  103               -  140.00000      -   218 2780s
 39979 16907 infeasible   99               -  140.00000      -   219 2785s
 40030 16916 infeasible   90               -  140.00000      -   219 2790s
 40131 16946 infeasible   83               -  140.00000      -   219 2795s
 40227 16974 infeasible   78               -  140.00000      -   219 2800s
 40324 16980 infeasible   93               -  140.00000      -   219 2805s
 40421 16983 infeasible  112               -  140.00000      -   219 2810s
 40562 16965 infeasible  102               -  140.00000      -   219 2815s
 40684 16976 infeasible   95               -  140.00000      -   218 2820s
 40796 16978 infeasible  103               -  140.00000      -   218 2825s
 40808 16971  140.00000   95  537          -  140.00000      -   218 2850s
 40936 16954 infeasible   85               -  140.00000      -   218 2855s
 41123 16944 infeasible   83               -  140.00000      -   218 2860s
 41167 16960  140.00000   78  376          -  140.00000      -   218 2865s
 41275 16992 infeasible   95               -  140.00000      -   218 2870s
 41384 17010  140.00000  121  556          -  140.00000      -   218 2875s
 41563 17020  140.00000   90  614          -  140.00000      -   217 2880s
 41705 17041  140.00000   96  517          -  140.00000      -   217 2885s
 41901 17033 infeasible   89               -  140.00000      -   216 2890s
 42055 17041  140.00000   82  524          -  140.00000      -   216 2895s
 42223 17064  140.00000  100  692          -  140.00000      -   216 2900s
 42346 17065  140.00000  115  526          -  140.00000      -   216 2905s
 42511 17066  140.00000  122  500          -  140.00000      -   216 2910s
 42656 17072  140.00000   89  484          -  140.00000      -   215 2915s
 42794 17100 infeasible  125               -  140.00000      -   215 2920s
 42859 17096  140.00000   94  259          -  140.00000      -   215 2925s
 42983 17148  140.00000  104  291          -  140.00000      -   215 2930s
 43160 17192 infeasible  114               -  140.00000      -   215 2935s
 43326 17200 infeasible  126               -  140.00000      -   215 2940s
 43465 17201 infeasible  122               -  140.00000      -   214 2945s
 43613 17191  140.00000   68  628          -  140.00000      -   214 2950s
 43671 17223  140.00000   83  510          -  140.00000      -   214 2955s
 43750 17252  140.00000   74  373          -  140.00000      -   215 2960s
 43888 17280 infeasible  109               -  140.00000      -   214 2965s
 43993 17278 infeasible  107               -  140.00000      -   214 2970s
 44129 17278 infeasible  112               -  140.00000      -   214 2975s
 44253 17275 infeasible  108               -  140.00000      -   214 2980s
 44420 17282 infeasible  108               -  140.00000      -   214 2985s
 44540 17304 infeasible   83               -  140.00000      -   214 2990s
 44593 17304  140.00000   92  547          -  140.00000      -   214 2995s
 44721 17325  140.00000   95  569          -  140.00000      -   214 3000s
 44789 17328 infeasible  103               -  140.00000      -   214 3005s
 44891 17333 infeasible  113               -  140.00000      -   214 3010s
 44981 17313 infeasible   98               -  140.00000      -   214 3015s
 45035 17320  140.00000   91  799          -  140.00000      -   215 3020s
 45130 17320  140.00000  100  658          -  140.00000      -   215 3025s
 45248 17363 infeasible   80               -  140.00000      -   215 3030s
 45362 17352  140.00000   70  392          -  140.00000      -   215 3035s
 45429 17363  140.00000   86  449          -  140.00000      -   215 3040s
 45499 17358 infeasible   88               -  140.00000      -   215 3045s
 45622 17402 infeasible  130               -  140.00000      -   215 3050s
 45669 17414  140.00000   91  591          -  140.00000      -   215 3055s
 45817 17459 infeasible  118               -  140.00000      -   215 3060s
 45909 17477  140.00000  107  507          -  140.00000      -   215 3089s
 45919 17478 infeasible  111               -  140.00000      -   215 3090s
 45983 17494  140.00000   88  705          -  140.00000      -   216 3095s
 46046 17486 infeasible   89               -  140.00000      -   216 3100s
 46102 17483  140.00000   77  770          -  140.00000      -   216 3105s
 46145 17486 infeasible   83               -  140.00000      -   216 3110s
 46150 17483  140.00000   78  568          -  140.00000      -   216 3142s
 46158 17475 infeasible   71               -  140.00000      -   216 3145s
 46167 17472 infeasible   71               -  140.00000      -   216 3150s
 46184 17457  140.00000   72  606          -  140.00000      -   216 3155s
 46197 17464 infeasible   82               -  140.00000      -   216 3160s
 46215 17460 infeasible   79               -  140.00000      -   216 3165s
 46222 17457  140.00000   76  584          -  140.00000      -   216 3170s
 46229 17458 infeasible   79               -  140.00000      -   217 3175s
 46296 17482 infeasible   98               -  140.00000      -   217 3180s
 46358 17472  140.00000   83  560          -  140.00000      -   217 3185s
 46479 17481 infeasible  100               -  140.00000      -   217 3190s
 46670 17488 infeasible  105               -  140.00000      -   217 3195s
 46782 17490  140.00000  101  502          -  140.00000      -   217 3200s
 46836 17504 infeasible   61               -  140.00000      -   217 3205s
 46881 17529 infeasible   87               -  140.00000      -   217 3210s
 46915 17542  140.00000   63  399          -  140.00000      -   218 3215s
 46954 17556  140.00000   67  777          -  140.00000      -   218 3220s
 47053 17557 infeasible   81               -  140.00000      -   218 3225s
 47158 17563 infeasible   63               -  140.00000      -   218 3230s
 47230 17570  140.00000   64  277          -  140.00000      -   218 3235s
 47289 17590 infeasible   73               -  140.00000      -   218 3240s
 47319 17602  140.00000   82  724          -  140.00000      -   219 3245s
 47352 17620  140.00000   89  633          -  140.00000      -   219 3250s
 47421 17618  140.00000   90  664          -  140.00000      -   219 3255s
 47513 17621  140.00000   85  717          -  140.00000      -   219 3260s
 47600 17631 infeasible   83               -  140.00000      -   220 3265s
 47654 17615 infeasible   85               -  140.00000      -   220 3270s
 47741 17633 infeasible   83               -  140.00000      -   220 3275s
 47840 17653  140.00000   98  470          -  140.00000      -   220 3280s
 47905 17649 infeasible   96               -  140.00000      -   220 3285s
 47958 17648 infeasible  101               -  140.00000      -   221 3290s
 48017 17641  140.00000   93  289          -  140.00000      -   221 3295s
 48130 17663 infeasible  109               -  140.00000      -   221 3300s
 48287 17666 infeasible   63               -  140.00000      -   221 3305s
 48506 17664 infeasible  114               -  140.00000      -   220 3310s
 48604 17671  140.00000   81  573          -  140.00000      -   220 3315s
 48699 17672 infeasible   82               -  140.00000      -   220 3320s
 48864 17671  140.00000  109  386          -  140.00000      -   220 3325s
 48971 17640 infeasible   88               -  140.00000      -   220 3330s
 49049 17651 infeasible  111               -  140.00000      -   220 3335s
 49096 17639 infeasible  102               -  140.00000      -   221 3340s
 49145 17635 infeasible   89               -  140.00000      -   221 3345s
 49183 17631  140.00000   90  610          -  140.00000      -   221 3350s
 49234 17628 infeasible   93               -  140.00000      -   222 3355s
 49274 17622 infeasible  102               -  140.00000      -   222 3360s
 49326 17621 infeasible  100               -  140.00000      -   222 3365s
 49464 17640 infeasible   98               -  140.00000      -   222 3370s
 49523 17622  140.00000   83  510          -  140.00000      -   223 3375s
 49589 17631 infeasible   93               -  140.00000      -   223 3380s
 49670 17636 infeasible  104               -  140.00000      -   223 3385s
 49759 17630 infeasible   94               -  140.00000      -   223 3390s
 49876 17675  140.00000   99  396          -  140.00000      -   223 3395s
 50061 17651 infeasible   79               -  140.00000      -   223 3400s
 50094 17660 infeasible   83               -  140.00000      -   223 3405s
 50190 17673 infeasible   86               -  140.00000      -   223 3410s
 50239 17661 infeasible   93               -  140.00000      -   223 3415s
 50328 17682 infeasible  100               -  140.00000      -   224 3420s
 50490 17679 infeasible   67               -  140.00000      -   223 3425s
 50620 17704 infeasible   93               -  140.00000      -   223 3430s
 50751 17707  140.00000   94  558          -  140.00000      -   223 3435s
 50898 17700  140.00000   90  500          -  140.00000      -   223 3440s
 51010 17709 infeasible  104               -  140.00000      -   223 3469s
 51037 17711  140.00000   95  451          -  140.00000      -   223 3470s
 51195 17747 infeasible  113               -  140.00000      -   223 3475s
 51311 17714 infeasible  101               -  140.00000      -   223 3480s
 51345 17704 infeasible  103               -  140.00000      -   223 3485s
 51459 17706 infeasible  113               -  140.00000      -   223 3490s
 51565 17695 infeasible   80               -  140.00000      -   223 3495s
 51619 17686 infeasible   73               -  140.00000      -   223 3500s
 51708 17720  140.00000   81  657          -  140.00000      -   223 3505s
 51767 17716  140.00000   76  601          -  140.00000      -   223 3510s
 51888 17708 infeasible   74               -  140.00000      -   223 3515s
 52026 17708 infeasible   93               -  140.00000      -   223 3520s
 52147 17690 infeasible   83               -  140.00000      -   223 3525s
 52220 17685  140.00000   69  654          -  140.00000      -   223 3530s
 52330 17695 infeasible  102               -  140.00000      -   223 3535s
 52415 17704 infeasible   79               -  140.00000      -   223 3540s
 52539 17718  140.00000   81  580          -  140.00000      -   223 3545s
 52589 17710 infeasible   76               -  140.00000      -   224 3550s
 52659 17703 infeasible   72               -  140.00000      -   224 3555s
 52730 17682 infeasible   72               -  140.00000      -   224 3560s
 52906 17701  140.00000   87  479          -  140.00000      -   224 3565s
 53040 17695 infeasible   93               -  140.00000      -   224 3570s
 53169 17688 infeasible   80               -  140.00000      -   224 3575s
 53254 17688 infeasible   80               -  140.00000      -   224 3580s
 53481 17696 infeasible   91               -  140.00000      -   223 3585s
 53505 17682  140.00000   68  564          -  140.00000      -   224 3590s
 53632 17687 infeasible   80               -  140.00000      -   223 3595s
 53840 17729  140.00000   83  723          -  140.00000      -   223 3600s

Cutting planes:
  Gomory: 5
  Lift-and-project: 2
  Cover: 238
  Implied bound: 81
  Projected implied bound: 2
  Clique: 64
  MIR: 46
  StrongCG: 49
  Flow cover: 164
  GUB cover: 1
  Zero half: 30
  RLT: 1
  Relax-and-lift: 58
  BQP: 1

Explored 53841 nodes (12032764 simplex iterations) in 3600.03 seconds (3511.97 work units)
Thread count was 1 (of 8 available processors)

Solution count 0

Time limit reached
Best objective -, best bound 1.400000000000e+02, gap -
