
Gurobi 11.0.1 (win64) logging started Mon Apr  1 12:50:02 2024

Set parameter LogFile to value "C:\Projetos\Job_Rotation_Algorithms\Outputs\GurobiLogs\gurobi_log-output-63_wee-c25-BorbaRittModel-NoExtraConstraint-2.log"
Gurobi Optimizer version 11.0.1 build v11.0.1rc0 (win64 - Windows 10.0 (19045.2))

CPU model: 11th Gen Intel(R) Core(TM) i7-1165G7 @ 2.80GHz, instruction set [SSE2|AVX|AVX2|AVX512]
Thread count: 4 physical cores, 8 logical processors, using up to 1 threads


Gurobi 11.0.1 (win64) logging started Mon Apr  1 21:37:50 2024

Set parameter LogFile to value "C:\Projetos\Job_Rotation_Algorithms\Outputs\GurobiLogs\gurobi_log-output-63_wee-c25-BorbaRittModel-NoExtraConstraint-2.log"
Gurobi Optimizer version 11.0.1 build v11.0.1rc0 (win64 - Windows 10.0 (19045.2))

CPU model: 11th Gen Intel(R) Core(TM) i7-1165G7 @ 2.80GHz, instruction set [SSE2|AVX|AVX2|AVX512]
Thread count: 4 physical cores, 8 logical processors, using up to 1 threads


Gurobi 11.0.1 (win64) logging started Thu Apr  4 23:35:14 2024

Set parameter LogFile to value "C:\Projetos\Job_Rotation_Algorithms\Outputs\GurobiLogs\gurobi_log-output-63_wee-c25-BorbaRittModel-NoExtraConstraint-2.log"
Gurobi Optimizer version 11.0.1 build v11.0.1rc0 (win64 - Windows 10.0 (19045.2))

CPU model: 11th Gen Intel(R) Core(TM) i7-1165G7 @ 2.80GHz, instruction set [SSE2|AVX|AVX2|AVX512]
Thread count: 4 physical cores, 8 logical processors, using up to 1 threads


Gurobi 11.0.1 (win64) logging started Sat Apr  6 13:05:36 2024

Set parameter LogFile to value "C:\Projetos\Job_Rotation_Algorithms\Outputs\GurobiLogs\gurobi_log-output-63_wee-c25-BorbaRittModel-NoExtraConstraint-2.log"
Gurobi Optimizer version 11.0.1 build v11.0.1rc0 (win64 - Windows 10.0 (19045.2))

CPU model: 11th Gen Intel(R) Core(TM) i7-1165G7 @ 2.80GHz, instruction set [SSE2|AVX|AVX2|AVX512]
Thread count: 4 physical cores, 8 logical processors, using up to 1 threads


Gurobi 11.0.1 (win64) logging started Sun Apr  7 02:37:38 2024

Set parameter LogFile to value "C:\Projetos\Job_Rotation_Algorithms\Outputs\GurobiLogs\gurobi_log-output-63_wee-c25-BorbaRittModel-NoExtraConstraint-2.log"
Gurobi Optimizer version 11.0.1 build v11.0.1rc0 (win64 - Windows 10.0 (19045.2))

CPU model: 11th Gen Intel(R) Core(TM) i7-1165G7 @ 2.80GHz, instruction set [SSE2|AVX|AVX2|AVX512]
Thread count: 4 physical cores, 8 logical processors, using up to 1 threads


Gurobi 11.0.1 (win64) logging started Sun Apr  7 09:50:36 2024

Set parameter LogFile to value "C:\Projetos\Job_Rotation_Algorithms\Outputs\GurobiLogs\gurobi_log-output-63_wee-c25-BorbaRittModel-NoExtraConstraint-2.log"
Gurobi Optimizer version 11.0.1 build v11.0.1rc0 (win64 - Windows 10.0 (19045.2))

CPU model: 11th Gen Intel(R) Core(TM) i7-1165G7 @ 2.80GHz, instruction set [SSE2|AVX|AVX2|AVX512]
Thread count: 4 physical cores, 8 logical processors, using up to 1 threads


Gurobi 11.0.1 (win64) logging started Wed Apr 10 17:39:22 2024

Set parameter LogFile to value "C:\Projetos\Job_Rotation_Algorithms\Outputs\GurobiLogs\gurobi_log-output-63_wee-c25-BorbaRittModel-NoExtraConstraint-2.log"
Gurobi Optimizer version 11.0.1 build v11.0.1rc0 (win64 - Windows 10.0 (19045.2))

CPU model: 11th Gen Intel(R) Core(TM) i7-1165G7 @ 2.80GHz, instruction set [SSE2|AVX|AVX2|AVX512]
Thread count: 4 physical cores, 8 logical processors, using up to 1 threads


Gurobi 11.0.1 (win64) logging started Thu Apr 11 01:44:16 2024

Set parameter LogFile to value "C:\Projetos\Job_Rotation_Algorithms\Outputs\GurobiLogs\gurobi_log-output-63_wee-c25-BorbaRittModel-NoExtraConstraint-2.log"
Gurobi Optimizer version 11.0.1 build v11.0.1rc0 (win64 - Windows 10.0 (19045.2))

CPU model: 11th Gen Intel(R) Core(TM) i7-1165G7 @ 2.80GHz, instruction set [SSE2|AVX|AVX2|AVX512]
Thread count: 4 physical cores, 8 logical processors, using up to 1 threads


Gurobi 11.0.1 (win64) logging started Sun Apr 21 03:01:07 2024

Set parameter LogFile to value "C:\Projetos\Job_Rotation_Algorithms\Outputs\GurobiLogs\gurobi_log-output-63_wee-c25-BorbaRittModel-NoExtraConstraint-2.log"
Gurobi Optimizer version 11.0.1 build v11.0.1rc0 (win64 - Windows 10.0 (19045.2))

CPU model: 11th Gen Intel(R) Core(TM) i7-1165G7 @ 2.80GHz, instruction set [SSE2|AVX|AVX2|AVX512]
Thread count: 4 physical cores, 8 logical processors, using up to 1 threads


Gurobi 11.0.1 (win64) logging started Fri Apr 26 07:43:04 2024

Set parameter LogFile to value "C:\Projetos\Job_Rotation_Algorithms\Outputs\GurobiLogs\gurobi_log-output-63_wee-c25-BorbaRittModel-NoExtraConstraint-2.log"
Gurobi Optimizer version 11.0.1 build v11.0.1rc0 (win64 - Windows 10.0 (19045.2))

CPU model: 11th Gen Intel(R) Core(TM) i7-1165G7 @ 2.80GHz, instruction set [SSE2|AVX|AVX2|AVX512]
Thread count: 4 physical cores, 8 logical processors, using up to 1 threads


Gurobi 11.0.1 (win64) logging started Sat Apr 27 04:34:19 2024

Set parameter LogFile to value "C:\Projetos\Job_Rotation_Algorithms\Outputs\GurobiLogs\gurobi_log-output-63_wee-c25-BorbaRittModel-NoExtraConstraint-2.log"
Gurobi Optimizer version 11.0.1 build v11.0.1rc0 (win64 - Windows 10.0 (19045.2))

CPU model: 11th Gen Intel(R) Core(TM) i7-1165G7 @ 2.80GHz, instruction set [SSE2|AVX|AVX2|AVX512]
Thread count: 4 physical cores, 8 logical processors, using up to 1 threads


Gurobi 11.0.1 (win64) logging started Sat Apr 27 14:52:23 2024

Set parameter LogFile to value "C:\Projetos\Job_Rotation_Algorithms\Outputs\GurobiLogs\gurobi_log-output-63_wee-c25-BorbaRittModel-NoExtraConstraint-2.log"
Gurobi Optimizer version 11.0.1 build v11.0.1rc0 (win64 - Windows 10.0 (19045.2))

CPU model: 11th Gen Intel(R) Core(TM) i7-1165G7 @ 2.80GHz, instruction set [SSE2|AVX|AVX2|AVX512]
Thread count: 4 physical cores, 8 logical processors, using up to 1 threads


Gurobi 11.0.1 (win64) logging started Fri May  3 21:51:38 2024

Set parameter LogFile to value "C:\Projetos\Job_Rotation_Algorithms\Outputs\GurobiLogs\gurobi_log-output-63_wee-c25-BorbaRittModel-NoExtraConstraint-2.log"
Gurobi Optimizer version 11.0.1 build v11.0.1rc0 (win64 - Windows 10.0 (19045.2))

CPU model: 11th Gen Intel(R) Core(TM) i7-1165G7 @ 2.80GHz, instruction set [SSE2|AVX|AVX2|AVX512]
Thread count: 4 physical cores, 8 logical processors, using up to 1 threads

WLS license 901038 - registered to Bitka Analytics
Optimize a model with 60508 rows, 4493 columns and 185731 nonzeros
Model fingerprint: 0xd5e0b0e1
Variable types: 2 continuous, 4491 integer (4491 binary)
Coefficient statistics:
  Matrix range     [1e+00, 5e+01]
  Objective range  [1e+00, 1e+00]
  Bounds range     [1e+00, 5e+01]
  RHS range        [1e+00, 5e+01]
Presolve removed 8152 rows and 328 columns
Presolve time: 1.33s
Presolved: 52356 rows, 4165 columns, 160840 nonzeros
Variable types: 0 continuous, 4165 integer (4164 binary)
Root relaxation presolved: 4165 rows, 56521 columns, 165005 nonzeros


Root relaxation: objective 1.500000e+02, 9195 iterations, 0.93 seconds (0.96 work units)

    Nodes    |    Current Node    |     Objective Bounds      |     Work
 Expl Unexpl |  Obj  Depth IntInf | Incumbent    BestBd   Gap | It/Node Time

     0     0  150.00000    0  528          -  150.00000      -     -    4s
     0     0  150.00000    0  835          -  150.00000      -     -    6s
     0     0  150.00000    0  820          -  150.00000      -     -    7s
     0     0  150.00000    0  380          -  150.00000      -     -   15s
     0     0  150.00000    0  347          -  150.00000      -     -   15s
     0     0  150.00000    0  474          -  150.00000      -     -   21s
     0     0  150.00000    0  456          -  150.00000      -     -   21s
     0     0  150.00000    0  307          -  150.00000      -     -   25s
     0     0  150.00000    0  431          -  150.00000      -     -   26s
     0     0  150.00000    0  456          -  150.00000      -     -   30s
     0     0  150.00000    0  375          -  150.00000      -     -   31s
     0     0  150.00000    0  325          -  150.00000      -     -   36s
     0     0  150.00000    0  327          -  150.00000      -     -   37s
     0     0  150.00000    0  360          -  150.00000      -     -   41s
     0     0  150.00000    0  371          -  150.00000      -     -   42s
     0     0  150.00000    0  325          -  150.00000      -     -   46s
     0     0  150.00000    0  325          -  150.00000      -     -   48s
     0     2  150.00000    0  325          -  150.00000      -     -   58s
     7     9  150.00000    5  217          -  150.00000      -   603   60s
    29    31  150.00000   20  487          -  150.00000      -   419   65s
    56    58  150.00000   37  282          -  150.00000      -   323   70s
    79    81  150.00000   53  652          -  150.00000      -   403   76s
    99   101  150.00000   66  371          -  150.00000      -   392   80s
   122   124  150.00000   81  348          -  150.00000      -   383   85s
   143   145  150.00000   94  304          -  150.00000      -   374   90s
   172   170  150.00000    7  373          -  150.00000      -   357   95s
   193   191  150.00000   20  398          -  150.00000      -   372  100s
   213   211  150.00000   31  376          -  150.00000      -   376  105s
   240   238  150.00000   49  346          -  150.00000      -   363  110s
   270   259  150.00000    6  390          -  150.00000      -   357  115s
   289   278  150.00000   20  381          -  150.00000      -   350  120s
   304   291  150.00000   28  419          -  150.00000      -   356  125s
   324   311  150.00000   41  385          -  150.00000      -   358  130s
   347   327  150.00000   13  454          -  150.00000      -   359  135s
   368   348  150.00000   27  576          -  150.00000      -   372  142s
   379   359  150.00000   34  476          -  150.00000      -   372  145s
   405   385  150.00000   49  592          -  150.00000      -   380  152s
   417   397  150.00000   56  365          -  150.00000      -   379  155s
   438   418  150.00000   68  398          -  150.00000      -   385  160s
   469   449  150.00000   91  313          -  150.00000      -   376  165s
   501   481  150.00000  113  331          -  150.00000      -   375  170s
   530   497  150.00000   14  368          -  150.00000      -   375  175s
   534   499  150.00000    7  571          -  150.00000      -   372  186s
   535   500  150.00000   86  738          -  150.00000      -   372  201s
   537   501  150.00000   11  735          -  150.00000      -   370  219s
   538   502  150.00000   28  699          -  150.00000      -   370  222s
   539   503  150.00000   38  717          -  150.00000      -   369  239s
   540   503  150.00000   37  640          -  150.00000      -   368  241s
   541   504  150.00000   20  771          -  150.00000      -   368  262s
   542   505  150.00000   75  789          -  150.00000      -   367  269s
   543   505  150.00000   21  713          -  150.00000      -   366  294s
   544   506  150.00000   49  695          -  150.00000      -   365  296s
   545   507  150.00000   39  802          -  150.00000      -   365  318s
   546   507  150.00000   26  744          -  150.00000      -   364  323s
   547   508  150.00000   66  513          -  150.00000      -   363  340s
   549   509  150.00000   62  611          -  150.00000      -   362  356s
   551   511  150.00000   68  349          -  150.00000      -   361  366s
   553   512  150.00000   14  318          -  150.00000      -   360  374s
   554   513  150.00000   17  316          -  150.00000      -   359  377s
   555   513  150.00000   51  316          -  150.00000      -   358  382s
   556   516  150.00000   11  305          -  150.00000      -   392  388s
   563   521  150.00000   14  270          -  150.00000      -   389  390s
   564   521  150.00000   15  343          -  150.00000      -   389  406s
   576   529  150.00000   21  384          -  150.00000      -   389  410s
   594   541  150.00000   30  424          -  150.00000      -   392  415s
   609   551  150.00000   37  409          -  150.00000      -   394  420s
   615   555  150.00000   40  386          -  150.00000      -   393  434s
   617   557  150.00000   41  426          -  150.00000      -   395  435s
   631   566  150.00000   48  528          -  150.00000      -   396  440s
   644   575  150.00000   55  529          -  150.00000      -   396  445s
   658   584  150.00000   62  456          -  150.00000      -   398  450s
   676   594  150.00000   71  462          -  150.00000      -   400  455s
   688   602  150.00000   77  474          -  150.00000      -   402  460s
   704   613  150.00000   85  402          -  150.00000      -   405  465s
   717   617  150.00000   90  408          -  150.00000      -   408  470s
   729   611 infeasible   94               -  150.00000      -   411  475s
   740   619  150.00000   18  433          -  150.00000      -   411  480s
   759   631  150.00000   28  340          -  150.00000      -   405  485s
   776   643  150.00000   36  424          -  150.00000      -   405  490s
   797   657  150.00000   47  373          -  150.00000      -   401  495s
   827   677  150.00000   62  345          -  150.00000      -   398  500s
   844   688  150.00000   70  371          -  150.00000      -   402  505s
   864   697  150.00000   80  275          -  150.00000      -   405  510s
   880   689  150.00000   13  242          -  150.00000      -   410  515s
   888   692  150.00000   17  485          -  150.00000      -   414  520s
   903   702  150.00000   25  448          -  150.00000      -   417  525s
   916   711  150.00000   31  434          -  150.00000      -   419  530s
   933   722  150.00000   40  464          -  150.00000      -   416  535s
   948   732  150.00000   47  430          -  150.00000      -   418  540s
   969   746  150.00000   58  385          -  150.00000      -   418  545s
   990   760  150.00000   68  346          -  150.00000      -   420  550s
  1010   774  150.00000   78  328          -  150.00000      -   424  555s
  1030   773  150.00000   84  295          -  150.00000      -   430  560s
  1045   779  150.00000   20  406          -  150.00000      -   432  565s
  1067   794  150.00000   31  423          -  150.00000      -   431  570s
  1090   809  150.00000   43  362          -  150.00000      -   429  575s
  1106   820  150.00000   51  403          -  150.00000      -   431  580s
  1127   834  150.00000   61  427          -  150.00000      -   431  585s
  1144   843  150.00000   69  441          -  150.00000      -   434  590s
  1150   847  150.00000   72  403          -  150.00000      -   437  597s
  1160   848 infeasible   77               -  150.00000      -   439  600s
  1177   847 infeasible   85               -  150.00000      -   442  605s
  1197   854  150.00000   23  305          -  150.00000      -   439  610s
  1223   872  150.00000   36  395          -  150.00000      -   438  615s
  1247   888  150.00000   48  399          -  150.00000      -   439  620s
  1268   902  150.00000   59  460          -  150.00000      -   439  625s
  1288   913 infeasible   69               -  150.00000      -   443  630s
  1308   922  150.00000   78  400          -  150.00000      -   445  635s
  1325   922 infeasible   86               -  150.00000      -   450  640s
  1341   920 infeasible   93               -  150.00000      -   453  645s
  1362   930  150.00000   23  426          -  150.00000      -   455  650s
  1387   947  150.00000   36  443          -  150.00000      -   454  655s
  1399   953 infeasible   42               -  150.00000      -   459  660s
  1412   958  150.00000   47  389          -  150.00000      -   461  665s
  1433   972  150.00000   58  411          -  150.00000      -   464  670s
  1451   984  150.00000   67  417          -  150.00000      -   468  675s
  1467   992  150.00000   75  421          -  150.00000      -   472  680s
  1482   990  150.00000   78  426          -  150.00000      -   475  685s
  1497   992  150.00000   20  446          -  150.00000      -   476  690s
  1523  1010  150.00000   33  435          -  150.00000      -   475  695s
  1534  1017  150.00000   39  450          -  150.00000      -   474  711s
  1549  1027  150.00000   46  403          -  150.00000      -   472  715s
  1576  1045  150.00000   60  363          -  150.00000      -   472  720s
  1600  1057  150.00000   72  388          -  150.00000      -   472  725s
  1630  1055  150.00000   78  337          -  150.00000      -   470  730s
  1661  1054  150.00000   25  391          -  150.00000      -   468  735s
  1687  1071  150.00000   38  441          -  150.00000      -   466  740s
  1708  1083  150.00000   48  444          -  150.00000      -   467  745s
  1730  1098  150.00000   59  422          -  150.00000      -   465  750s
  1754  1114  150.00000   71  417          -  150.00000      -   465  755s
  1778  1124  150.00000   82  361          -  150.00000      -   464  760s
  1794  1122  150.00000   24  401          -  150.00000      -   465  765s
  1817  1138  150.00000   35  381          -  150.00000      -   464  770s
  1840  1153  150.00000   40  381          -  150.00000      -   462  775s
  1870  1173  150.00000   54  380          -  150.00000      -   459  780s
  1893  1186  150.00000   64  325          -  150.00000      -   458  785s
  1918  1201  150.00000   72  366          -  150.00000      -   457  790s
  1939  1205 infeasible   82               -  150.00000      -   458  795s
  1963  1211 infeasible   88               -  150.00000      -   458  800s
  1984  1211 infeasible   91               -  150.00000      -   458  805s
  2012  1214  150.00000   95  407          -  150.00000      -   458  810s
  2037  1208  150.00000   86  354          -  150.00000      -   459  815s
  2061  1200 infeasible   78               -  150.00000      -   461  820s
  2084  1200  150.00000   23  375          -  150.00000      -   463  825s
  2105  1217  150.00000   32  428          -  150.00000      -   462  830s
  2129  1241  150.00000   42  380          -  150.00000      -   461  835s
  2154  1264  150.00000   54  392          -  150.00000      -   459  840s
  2181  1285  150.00000   66  402          -  150.00000      -   458  845s
  2195  1293  150.00000   70  386          -  150.00000      -   461  850s
  2217  1305  150.00000   81  380          -  150.00000      -   461  855s
  2235  1323  150.00000   87  372          -  150.00000      -   462  860s
  2250  1326  149.00000   92  430          -  150.00000      -   465  866s
  2271  1327  150.00000   17  289          -  150.00000      -   464  870s
  2291  1347  150.00000   25  420          -  150.00000      -   464  875s
  2310  1366  150.00000   34  417          -  150.00000      -   464  880s
  2330  1386  150.00000   39  526          -  150.00000      -   464  885s
  2352  1408  150.00000   52  426          -  150.00000      -   463  890s
  2376  1432  150.00000   65  293          -  150.00000      -   462  895s
  2404  1460  150.00000   78  309          -  150.00000      -   462  900s
  2429  1483 infeasible   90               -  150.00000      -   463  905s
  2454  1500 infeasible  100               -  150.00000      -   464  910s
  2473  1511  150.00000  109  274          -  150.00000      -   467  915s
  2502  1516 infeasible  109               -  150.00000      -   467  920s
  2530  1504  150.00000   12  298          -  150.00000      -   470  930s
  2550  1524  150.00000   20  236          -  150.00000      -   469  935s
  2571  1545  150.00000   35  381          -  150.00000      -   468  940s
  2595  1569  150.00000   45  443          -  150.00000      -   468  945s
  2611  1585  150.00000   53  474          -  150.00000      -   469  950s
  2629  1603  150.00000   59  436          -  150.00000      -   471  955s
  2650  1620  150.00000   69  330          -  150.00000      -   471  960s
  2670  1630  150.00000   77  418          -  150.00000      -   473  965s
  2689  1645  150.00000   87  416          -  150.00000      -   474  970s
  2711  1663  150.00000   97  378          -  150.00000      -   474  975s
  2734  1682  150.00000  106  314          -  150.00000      -   474  980s
  2754  1688  150.00000  114  290          -  150.00000      -   475  985s
  2774  1696  150.00000   19  428          -  150.00000      -   475  990s
  2791  1713  150.00000   27  390          -  150.00000      -   476  995s
  2814  1736  150.00000   42  389          -  150.00000      -   476 1000s
  2837  1759  150.00000   56  388          -  150.00000      -   475 1005s
  2849  1771  150.00000   62  322          -  150.00000      -   475 1019s
  2853  1775  150.00000   64  376          -  150.00000      -   475 1020s
  2875  1797  150.00000   70  391          -  150.00000      -   476 1025s
  2899  1821  150.00000   83  426          -  150.00000      -   476 1030s
  2920  1838  150.00000   91  450          -  150.00000      -   477 1035s
  2950  1860  150.00000  104  331          -  150.00000      -   477 1040s
  2981  1883  150.00000  116  278          -  150.00000      -   476 1045s
  3012  1902 infeasible  127               -  150.00000      -   478 1050s
  3032  1902  150.00000  128  332          -  150.00000      -   480 1055s
  3060  1924  150.00000   30  405          -  150.00000      -   479 1060s
  3090  1954  150.00000   46  444          -  150.00000      -   478 1065s
  3121  1985  150.00000   64  414          -  150.00000      -   478 1070s
  3144  2004  150.00000   77  370          -  150.00000      -   478 1075s
  3178  2038  150.00000   93  294          -  150.00000      -   477 1080s
  3203  2059  150.00000  104  287          -  150.00000      -   479 1085s
  3233  2075  150.00000   20  365          -  150.00000      -   481 1090s
  3263  2105  150.00000   34  567          -  150.00000      -   480 1095s
  3289  2131  150.00000   45  352          -  150.00000      -   480 1100s
  3315  2157  150.00000   59  377          -  150.00000      -   480 1105s
  3336  2176  150.00000   66  497          -  150.00000      -   481 1110s
  3355  2183 infeasible   75               -  150.00000      -   482 1115s
  3387  2211  150.00000   38  397          -  150.00000      -   481 1120s
  3417  2241  150.00000   51  394          -  150.00000      -   481 1125s
  3441  2263  150.00000   60  381          -  150.00000      -   481 1130s
  3477  2293  150.00000   76  339          -  150.00000      -   480 1135s
  3502  2316 infeasible   87               -  150.00000      -   480 1140s
  3525  2335  150.00000   93  391          -  150.00000      -   481 1145s
  3550  2356  150.00000  100  358          -  150.00000      -   481 1150s
  3572  2376  150.00000  110  321          -  150.00000      -   483 1155s
  3596  2388  150.00000   30  401          -  150.00000      -   482 1160s
  3620  2412  150.00000   41  543          -  150.00000      -   483 1165s
  3654  2446  150.00000   53  436          -  150.00000      -   482 1170s
  3681  2471  150.00000   70  358          -  150.00000      -   482 1175s
  3701  2487 infeasible   78               -  150.00000      -   483 1180s
  3720  2502  150.00000   89  442          -  150.00000      -   484 1185s
  3737  2517  150.00000   95  363          -  150.00000      -   484 1190s
  3765  2541  150.00000  106  373          -  150.00000      -   485 1195s
  3782  2556  150.00000  112  315          -  150.00000      -   485 1218s
  3788  2562  150.00000  116  378          -  150.00000      -   485 1220s
  3804  2568 infeasible  122               -  150.00000      -   487 1225s
  3823  2575  150.00000   25  337          -  150.00000      -   488 1230s
  3862  2614  150.00000   47  323          -  150.00000      -   487 1235s
  3892  2644  150.00000   61  387          -  150.00000      -   487 1240s
  3922  2674  150.00000   72  379          -  150.00000      -   487 1245s
  3947  2697  150.00000   85  353          -  150.00000      -   488 1250s
  3973  2717  150.00000   99  321          -  150.00000      -   488 1255s
  4003  2733  150.00000   31  332          -  150.00000      -   488 1260s
  4037  2767  150.00000   47  412          -  150.00000      -   488 1265s
  4072  2800  150.00000   63  386          -  150.00000      -   487 1270s
  4104  2828  150.00000   76  373          -  150.00000      -   487 1275s
  4138  2862  150.00000   89  369          -  150.00000      -   487 1280s
  4166  2888  150.00000  106  286          -  150.00000      -   487 1285s
  4193  2907  150.00000  117  298          -  150.00000      -   487 1290s
  4221  2919 infeasible  132               -  150.00000      -   488 1295s
  4242  2924  150.00000   24  412          -  150.00000      -   489 1300s
  4267  2945  150.00000   39  370          -  150.00000      -   489 1305s
  4293  2969  150.00000   51  404          -  150.00000      -   489 1310s
  4332  3006  150.00000   72  355          -  150.00000      -   488 1315s
  4374  3044  150.00000   90  268          -  150.00000      -   488 1320s
  4421  3081 infeasible  115               -  150.00000      -   487 1325s
  4454  3096  150.00000   29  495          -  150.00000      -   487 1330s
  4485  3125  150.00000   48  344          -  150.00000      -   486 1335s
  4523  3163  150.00000   68  374          -  150.00000      -   486 1340s
  4553  3191  150.00000   79  403          -  150.00000      -   486 1345s
  4582  3220  150.00000   93  319          -  150.00000      -   487 1350s
  4610  3242  150.00000  103  344          -  150.00000      -   488 1355s
  4645  3267 infeasible  114               -  150.00000      -   489 1360s
  4663  3271  150.00000   22  332          -  150.00000      -   490 1365s
  4709  3317  150.00000   51  433          -  150.00000      -   489 1370s
  4747  3355  150.00000   65  452          -  150.00000      -   489 1375s
  4784  3390  150.00000   82  357          -  150.00000      -   489 1380s
  4815  3403  150.00000   32  367          -  150.00000      -   490 1385s
  4862  3450  150.00000   54  361          -  150.00000      -   489 1390s
  4898  3482  150.00000   72  479          -  150.00000      -   489 1395s
  4928  3508 infeasible   86               -  150.00000      -   490 1400s
  4933  3507 infeasible   89               -  150.00000      -   492 1405s
  4961  3529  150.00000   34  404          -  150.00000      -   493 1410s
  5001  3567  150.00000   51  423          -  150.00000      -   492 1415s
  5043  3609  150.00000   65  451          -  150.00000      -   491 1420s
  5074  3640  150.00000   81  468          -  150.00000      -   492 1425s
  5081  3647  150.00000   85  408          -  150.00000      -   494 1430s
  5101  3665  150.00000   96  345          -  150.00000      -   496 1438s
  5107  3669 infeasible   97               -  150.00000      -   497 1441s
  5109  3667 infeasible  100               -  150.00000      -   500 1446s
  5112  3666 infeasible   99               -  150.00000      -   502 1450s
  5126  3672 infeasible  109               -  150.00000      -   504 1455s
  5132  3670 infeasible  108               -  150.00000      -   506 1460s
  5158  3682  150.00000   32  446          -  150.00000      -   507 1465s
  5205  3729  150.00000   48  389          -  150.00000      -   506 1470s
  5247  3769  150.00000   71  344          -  150.00000      -   506 1475s
  5279  3789 infeasible   82               -  150.00000      -   507 1480s
  5315  3825  150.00000   40  336          -  150.00000      -   507 1485s
  5374  3884  150.00000   70  347          -  150.00000      -   506 1490s
  5414  3916  150.00000   90  361          -  150.00000      -   505 1495s
  5453  3945 infeasible  109               -  150.00000      -   506 1500s
  5486  3972  150.00000   34  389          -  150.00000      -   506 1505s
  5531  4015  150.00000   52  437          -  150.00000      -   506 1510s
  5559  4023  150.00000   77  330          -  150.00000      -   507 1515s
  5594  4050 infeasible   93               -  150.00000      -   510 1520s
  5632  4070  150.00000  105  421          -  150.00000      -   512 1525s
  5671  4073 infeasible   94               -  150.00000      -   515 1530s
  5708  4100  150.00000   31  350          -  150.00000      -   514 1535s
  5717  4109  150.00000   34  389          -  150.00000      -   514 1553s
  5731  4123  150.00000   44  390          -  150.00000      -   514 1555s
  5784  4174 infeasible   69               -  150.00000      -   514 1560s
  5821  4211  150.00000   82  318          -  150.00000      -   515 1565s
  5852  4234  150.00000   94  268          -  150.00000      -   515 1570s
  5889  4263  150.00000  101  478          -  150.00000      -   515 1575s
  5915  4281  150.00000  109  310          -  150.00000      -   517 1580s
  5950  4298 infeasible  101               -  150.00000      -   518 1585s
  5991  4315 infeasible  114               -  150.00000      -   520 1590s
  6029  4337 infeasible  130               -  150.00000      -   523 1595s
  6072  4362  150.00000  108  310          -  150.00000      -   524 1600s
  6098  4378 infeasible  119               -  150.00000      -   526 1605s
  6125  4399  150.00000  127  278          -  150.00000      -   528 1610s
  6153  4419  150.00000  137  317          -  150.00000      -   529 1615s
  6197  4439  150.00000  116  253          -  150.00000      -   530 1620s
  6223  4451 infeasible  125               -  150.00000      -   532 1625s
  6257  4471  150.00000  115  368          -  150.00000      -   533 1630s
  6285  4491  150.00000  127  265          -  150.00000      -   535 1635s
  6317  4495 infeasible  136               -  150.00000      -   536 1640s
  6347  4503  150.00000  112  291          -  150.00000      -   537 1645s
  6382  4510 infeasible  115               -  150.00000      -   538 1650s
  6422  4502  150.00000  109  307          -  150.00000      -   538 1655s
  6458  4496 infeasible  102               -  150.00000      -   539 1660s
  6482  4496  150.00000  133  325          -  150.00000      -   540 1665s
  6515  4511 infeasible  110               -  150.00000      -   541 1670s
  6531  4521  150.00000  113  416          -  150.00000      -   543 1675s
  6557  4533  150.00000  108  334          -  150.00000      -   544 1680s
  6588  4534  150.00000  116  344          -  150.00000      -   545 1685s
  6619  4529 infeasible  119               -  150.00000      -   545 1690s
  6653  4531  150.00000  100  242          -  150.00000      -   546 1695s
  6688  4556  150.00000  113  264          -  150.00000      -   546 1700s
  6712  4558  150.00000  122  298          -  150.00000      -   548 1705s
  6753  4593  150.00000   57  310          -  150.00000      -   547 1710s
  6803  4643  150.00000   80  395          -  150.00000      -   546 1715s
  6826  4662  150.00000   89  331          -  150.00000      -   547 1720s
  6848  4664 infeasible   68               -  150.00000      -   547 1725s
  6882  4692  150.00000   84  303          -  150.00000      -   548 1730s
  6904  4708  150.00000   93  303          -  150.00000      -   550 1735s
  6926  4720  150.00000  100  279          -  150.00000      -   552 1740s
  6947  4727 infeasible  106               -  150.00000      -   554 1745s
  6978  4752  150.00000   54  337          -  150.00000      -   554 1750s
  7009  4783  150.00000   67  423          -  150.00000      -   553 1755s
  7042  4816  150.00000   85  435          -  150.00000      -   553 1760s
  7063  4833  150.00000   95  374          -  150.00000      -   554 1765s
  7080  4836  150.00000   42  314          -  150.00000      -   555 1770s
  7118  4874  150.00000   63  471          -  150.00000      -   555 1775s
  7167  4921  150.00000   89  460          -  150.00000      -   554 1780s
  7204  4944  150.00000  100  414          -  150.00000      -   554 1785s
  7237  4973  150.00000  114  322          -  150.00000      -   554 1790s
  7271  4989  149.00000   99  346          -  150.00000      -   555 1795s
  7300  5008 infeasible  109               -  150.00000      -   557 1800s
  7303  5009  149.00000  110  361          -  150.00000      -   557 1817s
  7310  5008  149.00000  110  413          -  150.00000      -   558 1820s
  7331  5015  150.00000   50  350          -  150.00000      -   559 1825s
  7360  5044  150.00000   61  447          -  150.00000      -   559 1830s
  7398  5082  150.00000   78  364          -  150.00000      -   558 1835s
  7439  5115  150.00000  101  267          -  150.00000      -   557 1840s
  7467  5141  150.00000  108  340          -  150.00000      -   557 1845s
  7491  5143 infeasible  105               -  150.00000      -   559 1850s
  7519  5157 infeasible  114               -  150.00000      -   560 1855s
  7541  5169 infeasible  123               -  150.00000      -   562 1860s
  7567  5181 infeasible  108               -  150.00000      -   564 1865s
  7592  5190  150.00000  117  370          -  150.00000      -   566 1870s
  7613  5193  150.00000  107  342          -  150.00000      -   567 1875s
  7632  5196 infeasible  113               -  150.00000      -   569 1880s
  7640  5200  150.00000  112  603          -  150.00000      -   571 1885s
  7651  5203 infeasible  117               -  150.00000      -   572 1890s
  7670  5204 infeasible  113               -  150.00000      -   573 1895s
  7705  5221  150.00000  116  344          -  150.00000      -   574 1900s
  7728  5238  150.00000  128  525          -  150.00000      -   576 1905s
  7751  5239 infeasible  110               -  150.00000      -   577 1910s
  7775  5235  150.00000  112  372          -  150.00000      -   578 1915s
  7792  5236 infeasible  116               -  150.00000      -   579 1920s
  7810  5236 infeasible  111               -  150.00000      -   581 1925s
  7832  5238 infeasible  118               -  150.00000      -   582 1930s
  7854  5252  150.00000  114  322          -  150.00000      -   584 1935s
  7881  5259 infeasible  113               -  150.00000      -   585 1940s
  7896  5258 infeasible  112               -  150.00000      -   586 1945s
  7913  5263 infeasible  105               -  150.00000      -   587 1950s
  7935  5277 infeasible  114               -  150.00000      -   588 1955s
  7951  5281  150.00000  116  431          -  150.00000      -   590 1960s
  7956  5278  150.00000  117  501          -  150.00000      -   592 1965s
  7977  5279 infeasible  116               -  150.00000      -   593 1970s
  8000  5292  150.00000  111  402          -  150.00000      -   594 1975s
  8019  5293  150.00000  111  344          -  150.00000      -   595 1980s
  8035  5299  147.94048  115  544          -  150.00000      -   596 1985s
  8060  5308  150.00000  109  305          -  150.00000      -   597 1990s
  8077  5319 infeasible  112               -  150.00000      -   599 1995s
  8097  5313  150.00000  109  331          -  150.00000      -   601 2000s
  8116  5318  150.00000  113  602          -  150.00000      -   602 2005s
  8142  5320  150.00000  108  416          -  150.00000      -   603 2010s
  8163  5325 infeasible  117               -  150.00000      -   605 2015s
  8180  5328  150.00000  125  533          -  150.00000      -   606 2020s
  8197  5319 infeasible  111               -  150.00000      -   608 2025s
  8230  5328  150.00000  114  335          -  150.00000      -   608 2030s
  8256  5334 infeasible  117               -  150.00000      -   610 2035s
  8273  5333  149.98110  123  655          -  150.00000      -   612 2040s
  8297  5333  150.00000  117  511          -  150.00000      -   613 2045s
  8319  5337 infeasible  121               -  150.00000      -   614 2050s
  8340  5342  150.00000  112  472          -  150.00000      -   616 2055s
  8360  5342  150.00000  117  529          -  150.00000      -   618 2060s
  8375  5341  149.48617  117  656          -  150.00000      -   620 2065s
  8405  5339 infeasible  115               -  150.00000      -   620 2070s
  8416  5336 infeasible  114               -  150.00000      -   621 2075s
  8456  5372  150.00000   54  485          -  150.00000      -   620 2080s
  8495  5403  150.00000   80  402          -  150.00000      -   619 2085s
  8529  5437  150.00000   93  354          -  150.00000      -   619 2090s
  8537  5445  150.00000   95  458          -  150.00000      -   620 2109s
  8540  5448  150.00000   97  408          -  150.00000      -   620 2110s
  8559  5467  150.00000  101  356          -  150.00000      -   620 2115s
  8585  5487  150.00000  108  347          -  150.00000      -   621 2120s
  8600  5496  150.00000  117  312          -  150.00000      -   621 2125s
  8616  5498  150.00000   46  340          -  150.00000      -   622 2130s
  8663  5545  150.00000   69  377          -  150.00000      -   621 2135s
  8696  5578  150.00000   81  401          -  150.00000      -   621 2140s
  8720  5600  150.00000   88  447          -  150.00000      -   621 2145s
  8740  5618  150.00000   94  501          -  150.00000      -   621 2150s
  8761  5627 infeasible  100               -  150.00000      -   622 2155s
  8782  5628 infeasible  107               -  150.00000      -   622 2160s
  8811  5641  150.00000   86  378          -  150.00000      -   622 2165s
  8841  5661 infeasible   98               -  150.00000      -   623 2170s
  8860  5666  150.00000  102  384          -  150.00000      -   624 2175s
  8885  5665  150.00000   84  346          -  150.00000      -   625 2180s
  8919  5695  150.00000  106  374          -  150.00000      -   625 2185s
  8947  5705 infeasible  116               -  150.00000      -   626 2190s
  8988  5736 infeasible  105               -  150.00000      -   626 2195s
  9011  5745 infeasible  114               -  150.00000      -   626 2200s
  9040  5764  150.00000  108  462          -  150.00000      -   627 2205s
  9059  5779 infeasible  118               -  150.00000      -   628 2210s
  9080  5788  150.00000  122  498          -  150.00000      -   629 2215s
  9100  5796 infeasible  131               -  150.00000      -   629 2220s
  9133  5817  150.00000   91  332          -  150.00000      -   629 2225s
  9149  5817  150.00000   95  332          -  150.00000      -   631 2230s
  9188  5842  150.00000  103  339          -  150.00000      -   630 2235s
  9226  5872 infeasible  117               -  150.00000      -   631 2240s
  9246  5872 infeasible  121               -  150.00000      -   632 2245s
  9286  5910  150.00000  105  294          -  150.00000      -   631 2250s
  9310  5916  150.00000  114  378          -  150.00000      -   632 2255s
  9350  5952  150.00000  112  384          -  150.00000      -   632 2260s
  9373  5971 infeasible  119               -  150.00000      -   632 2265s
  9396  5972  150.00000   91  388          -  150.00000      -   633 2270s
  9425  5995 infeasible  107               -  150.00000      -   633 2275s
  9443  6003  150.00000  114  352          -  150.00000      -   634 2280s
  9461  6017  150.00000  123  597          -  150.00000      -   635 2285s
  9476  6016  150.00000   93  291          -  150.00000      -   636 2290s
  9507  6045  150.00000  106  296          -  150.00000      -   636 2295s
  9533  6067  150.00000  116  355          -  150.00000      -   637 2300s
  9555  6069  150.00000  122  522          -  150.00000      -   638 2305s
  9571  6071  150.00000  100  375          -  150.00000      -   639 2310s
  9598  6098  150.00000  111  401          -  150.00000      -   639 2315s
  9622  6120 infeasible  118               -  150.00000      -   640 2320s
  9639  6125  150.00000  122  310          -  150.00000      -   642 2325s
  9658  6130 infeasible  130               -  150.00000      -   643 2330s
  9679  6141  150.00000   95  320          -  150.00000      -   644 2335s
  9708  6170  150.00000  107  509          -  150.00000      -   644 2340s
  9731  6187  150.00000  113  387          -  150.00000      -   645 2345s
  9753  6193 infeasible  121               -  150.00000      -   646 2350s
  9784  6212  150.00000  111  354          -  150.00000      -   646 2355s
  9810  6220  150.00000   98  400          -  150.00000      -   647 2360s
  9851  6255  150.00000  116  457          -  150.00000      -   648 2365s
  9884  6286  150.00000  128  365          -  150.00000      -   648 2370s
  9898  6288  149.93333  133  428          -  150.00000      -   649 2400s
  9916  6296  150.00000  108  317          -  150.00000      -   649 2405s
  9938  6302 infeasible  117               -  150.00000      -   650 2410s
  9978  6338  150.00000  114  376          -  150.00000      -   650 2415s
 10007  6353 infeasible  121               -  150.00000      -   651 2420s
 10034  6368  150.00000  108  374          -  150.00000      -   652 2425s
 10066  6392  150.00000  113  345          -  150.00000      -   653 2430s
 10091  6407 infeasible  118               -  150.00000      -   654 2435s
 10119  6423 infeasible  133               -  150.00000      -   655 2441s
 10156  6452  150.00000  116  295          -  150.00000      -   655 2445s
 10196  6480  150.00000  131  347          -  150.00000      -   656 2450s
 10202  6486  150.00000  134  397          -  150.00000      -   656 2849s
 10208  6492  150.00000  137  304          -  150.00000      -   656 2850s
 10228  6498  150.00000  108  320          -  150.00000      -   658 2855s
 10253  6517 infeasible  122               -  150.00000      -   659 2860s
 10280  6526  150.00000  109  324          -  150.00000      -   660 2865s
 10311  6535 infeasible  121               -  150.00000      -   661 2870s
 10338  6538  149.00000  120  458          -  150.00000      -   662 2875s
 10352  6546 infeasible  122               -  150.00000      -   663 2880s
 10371  6545 infeasible  129               -  150.00000      -   665 2885s
 10408  6554  150.00000  110  366          -  150.00000      -   665 2890s
 10431  6575  150.00000  118  297          -  150.00000      -   666 2895s
 10450  6588  150.00000  126  329          -  150.00000      -   668 2900s
 10467  6595 infeasible  130               -  150.00000      -   668 2905s
 10498  6616  150.00000  124  382          -  150.00000      -   669 2910s
 10516  6620 infeasible  129               -  150.00000      -   670 2915s
 10531  6617 infeasible  132               -  150.00000      -   671 2920s
 10560  6640  150.00000  127  536          -  150.00000      -   671 2925s
 10587  6659 infeasible  138               -  150.00000      -   672 2930s
 10604  6658  150.00000  115  266          -  150.00000      -   674 2935s
 10633  6665  150.00000  115  320          -  150.00000      -   674 2940s
 10666  6684 infeasible  128               -  150.00000      -   675 2945s
 10693  6699  150.00000  123  311          -  150.00000      -   676 2950s
 10721  6717  150.00000  138  337          -  150.00000      -   676 2955s
 10736  6718  150.00000  115  326          -  150.00000      -   678 2960s
 10763  6733  150.00000  126  407          -  150.00000      -   679 2965s
 10781  6743  150.00000  132  424          -  150.00000      -   679 2970s
 10794  6736 infeasible  131               -  150.00000      -   681 2975s
 10822  6740 infeasible  125               -  150.00000      -   682 2980s
 10841  6751  150.00000  129  477          -  150.00000      -   683 2985s
 10854  6756  150.00000  134  424          -  150.00000      -   684 2990s
 10874  6758  150.00000  126  561          -  150.00000      -   685 2995s
 10890  6756 infeasible  129               -  150.00000      -   687 3000s
 10919  6765 infeasible  126               -  150.00000      -   687 3005s
 10954  6760  150.00000  114  291          -  150.00000      -   688 3010s
 10975  6767 infeasible  119               -  150.00000      -   689 3015s
 10990  6768  149.00000  124  449          -  150.00000      -   690 3020s
 11012  6770 infeasible  125               -  150.00000      -   690 3025s
 11045  6769 infeasible  124               -  150.00000      -   691 3030s
 11070  6766 infeasible  126               -  150.00000      -   692 3035s
 11088  6766  150.00000  119  306          -  150.00000      -   692 3040s
 11113  6783  150.00000  131  353          -  150.00000      -   693 3045s
 11133  6783  150.00000  121  377          -  150.00000      -   694 3050s
 11155  6787  150.00000  123  328          -  150.00000      -   695 3055s
 11201  6795  150.00000  124  270          -  150.00000      -   694 3060s
 11227  6797  150.00000  120  363          -  150.00000      -   695 3065s
 11249  6801  150.00000  104  432          -  150.00000      -   695 3070s
 11275  6823  150.00000  114  368          -  150.00000      -   696 3075s
 11294  6830  150.00000  118  390          -  150.00000      -   697 3080s
 11312  6834 infeasible  102               -  150.00000      -   697 3085s
 11349  6869  150.00000  114  420          -  150.00000      -   698 3090s
 11372  6876  150.00000  101  327          -  150.00000      -   698 3095s
 11413  6915 infeasible  129               -  150.00000      -   698 3100s
 11428  6916  150.00000  125  357          -  150.00000      -   698 3105s
 11456  6936 infeasible  135               -  150.00000      -   698 3110s
 11479  6945  150.00000   97  403          -  150.00000      -   699 3115s
 11514  6976  150.00000  119  386          -  150.00000      -   698 3120s
 11533  6993  150.00000  128  352          -  150.00000      -   699 3125s
 11547  7001  150.00000  133  368          -  150.00000      -   700 3130s
 11572  7014  150.00000  121  407          -  150.00000      -   700 3135s
 11586  7024  150.00000  128  339          -  150.00000      -   701 3140s
 11601  7027 infeasible  138               -  150.00000      -   702 3145s
 11615  7029 infeasible  139               -  150.00000      -   702 3150s
 11624  7032  149.61755  140  661          -  150.00000      -   703 3155s
 11659  7049 infeasible  124               -  150.00000      -   703 3160s
 11679  7063 infeasible  130               -  150.00000      -   703 3165s
 11711  7067  150.00000  122  273          -  150.00000      -   703 3170s
 11745  7083  150.00000  127  294          -  150.00000      -   703 3175s
 11767  7101  149.00000  136  387          -  150.00000      -   703 3180s
 11790  7110  150.00000  129  321          -  150.00000      -   703 3185s
 11817  7123  150.00000  129  277          -  150.00000      -   703 3190s
 11840  7136  150.00000  140  435          -  150.00000      -   704 3195s
 11850  7136 infeasible  143               -  150.00000      -   704 3200s
 11867  7145  150.00000  133  348          -  150.00000      -   705 3205s
 11885  7151 infeasible  140               -  150.00000      -   705 3210s
 11915  7169 infeasible  136               -  150.00000      -   705 3215s
 11940  7176 infeasible  136               -  150.00000      -   706 3220s
 11962  7180  150.00000  120  286          -  150.00000      -   706 3225s
 11989  7205 infeasible  137               -  150.00000      -   706 3230s
 12003  7205 infeasible  138               -  150.00000      -   707 3235s
 12023  7217  150.00000  127  273          -  150.00000      -   708 3240s
 12046  7228  150.00000  132  421          -  150.00000      -   708 3245s
 12066  7236  150.00000  129  291          -  150.00000      -   708 3250s
 12086  7242 infeasible  133               -  150.00000      -   709 3255s
 12110  7252  150.00000  126  403          -  150.00000      -   709 3260s
 12145  7285  150.00000  142  352          -  150.00000      -   709 3265s
 12158  7292  150.00000  145  393          -  150.00000      -   709 3270s
 12185  7297 infeasible  143               -  150.00000      -   710 3275s
 12218  7308 infeasible  130               -  150.00000      -   710 3280s
 12248  7320 infeasible  137               -  150.00000      -   710 3285s
 12268  7330 infeasible  137               -  150.00000      -   710 3290s
 12289  7333 infeasible  135               -  150.00000      -   711 3295s
 12309  7339  150.00000  130  226          -  150.00000      -   711 3300s
 12323  7341  148.66787  134  465          -  150.00000      -   712 3305s
 12349  7347  150.00000  131  317          -  150.00000      -   712 3310s
 12376  7352  150.00000  141  256          -  150.00000      -   712 3315s
 12404  7356  150.00000  143  292          -  150.00000      -   712 3320s
 12421  7351  150.00000  129  349          -  150.00000      -   713 3325s
 12425  7353  150.00000  132  326          -  150.00000      -   713 3346s
 12436  7352  150.00000  132  336          -  150.00000      -   713 3350s
 12449  7353 infeasible  137               -  150.00000      -   714 3355s
 12468  7356  150.00000  129  339          -  150.00000      -   714 3360s
 12494  7364 infeasible  138               -  150.00000      -   715 3365s
 12512  7370 infeasible  144               -  150.00000      -   715 3370s
 12530  7376  150.00000  148  404          -  150.00000      -   716 3375s
 12549  7381 infeasible  156               -  150.00000      -   717 3380s
 12573  7391 infeasible  146               -  150.00000      -   717 3385s
 12595  7389 infeasible  139               -  150.00000      -   718 3390s
 12627  7401  150.00000  149  597          -  150.00000      -   718 3395s
 12650  7410  150.00000  134  343          -  150.00000      -   718 3400s
 12669  7419 infeasible  141               -  150.00000      -   718 3405s
 12700  7432  150.00000  138  311          -  150.00000      -   718 3410s
 12728  7448  150.00000  140  463          -  150.00000      -   718 3415s
 12755  7451 infeasible  136               -  150.00000      -   719 3420s
 12780  7462  150.00000  138  323          -  150.00000      -   719 3425s
 12791  7461 infeasible  141               -  150.00000      -   720 3430s
 12815  7467 infeasible  143               -  150.00000      -   720 3435s
 12843  7475 infeasible  135               -  150.00000      -   721 3440s
 12859  7479  150.00000  141  535          -  150.00000      -   722 3445s
 12869  7473 infeasible  133               -  150.00000      -   722 3450s
 12894  7474 infeasible  131               -  150.00000      -   723 3455s
 12921  7471  150.00000  131  325          -  150.00000      -   723 3460s
 12961  7507  150.00000  156  350          -  150.00000      -   722 3465s
 12987  7515  150.00000  144  280          -  150.00000      -   722 3470s
 13033  7521 infeasible  142               -  150.00000      -   722 3475s
 13064  7526 infeasible  109               -  150.00000      -   721 3480s
 13082  7540  150.00000  117  371          -  150.00000      -   722 3485s
 13090  7538 infeasible  117               -  150.00000      -   723 3490s
 13113  7545  150.00000  101  429          -  150.00000      -   723 3495s
 13154  7556  150.00000  102  397          -  150.00000      -   722 3500s
 13185  7585  150.00000  116  327          -  150.00000      -   722 3505s
 13223  7621  150.00000  130  340          -  150.00000      -   722 3510s
 13250  7642  150.00000  136  303          -  150.00000      -   722 3515s
 13268  7640  150.00000  103  250          -  150.00000      -   723 3520s
 13303  7673  150.00000  125  435          -  150.00000      -   723 3525s
 13326  7696  150.00000  133  480          -  150.00000      -   723 3530s
 13342  7712  150.00000  142  372          -  150.00000      -   724 3535s
 13357  7721  150.00000  151  387          -  150.00000      -   725 3540s
 13369  7727  150.00000  157  543          -  150.00000      -   725 3545s
 13382  7732  150.00000  107  389          -  150.00000      -   726 3550s
 13415  7765  150.00000  117  371          -  150.00000      -   726 3555s
 13441  7789  150.00000  127  498          -  150.00000      -   727 3560s
 13465  7813  150.00000  139  443          -  150.00000      -   727 3565s
 13477  7817 infeasible  146               -  150.00000      -   728 3570s
 13508  7842  150.00000  124  490          -  150.00000      -   728 3575s
 13538  7872  150.00000  140  406          -  150.00000      -   727 3580s
 13561  7889  150.00000  149  345          -  150.00000      -   728 3585s
 13582  7898  150.00000  114  300          -  150.00000      -   728 3590s
 13616  7930  150.00000  129  416          -  150.00000      -   728 3595s

Cutting planes:
  Lift-and-project: 3
  Cover: 5
  Clique: 10
  MIR: 2
  StrongCG: 3
  Flow cover: 15
  Zero half: 14
  RLT: 67
  Relax-and-lift: 1
  BQP: 82

Explored 13637 nodes (10233651 simplex iterations) in 3600.00 seconds (3855.07 work units)
Thread count was 1 (of 8 available processors)

Solution count 0

Time limit reached
Best objective -, best bound 1.500000000000e+02, gap -
