
Gurobi 11.0.1 (win64) logging started Thu Mar 28 22:31:07 2024

Set parameter LogFile to value "C:\Projetos\Job_Rotation_Algorithms\Outputs\GurobiLogs\gurobi_log-output-74_ton-c68-CostaMirallesModel-NoExtraConstraint-2.log"
Gurobi Optimizer version 11.0.1 build v11.0.1rc0 (win64 - Windows 10.0 (19045.2))

CPU model: 11th Gen Intel(R) Core(TM) i7-1165G7 @ 2.80GHz, instruction set [SSE2|AVX|AVX2|AVX512]
Thread count: 4 physical cores, 8 logical processors, using up to 1 threads

WLS license 901039 - registered to Bitka Analytics
Optimize a model with 5214 rows, 37785 columns and 898359 nonzeros
Model fingerprint: 0x59e2dd76
Variable types: 2 continuous, 37783 integer (37783 binary)
Coefficient statistics:
  Matrix range     [1e+00, 3e+02]
  Objective range  [1e+00, 1e+00]
  Bounds range     [1e+00, 1e+02]
  RHS range        [1e+00, 1e+02]
Presolve added 1565 rows and 0 columns
Presolve removed 0 rows and 2997 columns
Presolve time: 4.73s
Presolved: 6779 rows, 34788 columns, 223029 nonzeros
Variable types: 0 continuous, 34788 integer (33317 binary)

Root simplex log...

Iteration    Objective       Primal Inf.    Dual Inf.      Time
       0    9.8600000e+02   1.504000e+03   0.000000e+00      5s
    7336    1.4000000e+02   0.000000e+00   0.000000e+00      6s

Root relaxation: objective 1.400000e+02, 7336 iterations, 1.03 seconds (1.49 work units)

    Nodes    |    Current Node    |     Objective Bounds      |     Work
 Expl Unexpl |  Obj  Depth IntInf | Incumbent    BestBd   Gap | It/Node Time

     0     0  140.00000    0  171          -  140.00000      -     -    6s
     0     0  140.00000    0  258          -  140.00000      -     -    7s
     0     0  140.00000    0  258          -  140.00000      -     -    7s
     0     0  140.00000    0  194          -  140.00000      -     -   20s
     0     0  140.00000    0  967          -  140.00000      -     -   24s
     0     0  140.00000    0  936          -  140.00000      -     -   25s
     0     0  140.00000    0  823          -  140.00000      -     -   26s
     0     0  140.00000    0  783          -  140.00000      -     -   26s
     0     0  140.00000    0  685          -  140.00000      -     -   27s
     0     0  140.00000    0  656          -  140.00000      -     -   27s
     0     0  140.00000    0  243          -  140.00000      -     -   31s
     0     0  140.00000    0  245          -  140.00000      -     -   31s
     0     0  140.00000    0  238          -  140.00000      -     -   31s
     0     0  140.00000    0  241          -  140.00000      -     -   34s
     0     0  140.00000    0  237          -  140.00000      -     -   34s
     0     0  140.00000    0  410          -  140.00000      -     -   34s
     0     0  140.00000    0  278          -  140.00000      -     -   37s
     0     0  140.00000    0  449          -  140.00000      -     -   38s
     0     0  140.00000    0  445          -  140.00000      -     -   38s
     0     0  140.00000    0  597          -  140.00000      -     -   38s
     0     0  140.00000    0  545          -  140.00000      -     -   38s
     0     0  140.00000    0  272          -  140.00000      -     -   42s
     0     0  140.00000    0  267          -  140.00000      -     -   42s
     0     0  140.00000    0  267          -  140.00000      -     -   42s
     0     2  140.00000    0  230          -  140.00000      -     -   48s
    11    13  140.00000    6  313          -  140.00000      -   320   50s
   121    81  140.00000   32  992          -  140.00000      -   142   55s
   236   157  140.00000   47  214          -  140.00000      -   151   60s
   329   211  140.00000   56  463          -  140.00000      -   184   65s
   443   252  140.00000   30  375          -  140.00000      -   191   70s
   506   276  140.00000   44  415          -  140.00000      -   219   75s
   605   293  140.00000   27 1551          -  140.00000      -   225   80s
   662   312  140.00000   30  455          -  140.00000      -   259   86s
   715   344  140.00000   72  518          -  140.00000      -   269   90s
   782   382  140.00000   50  258          -  140.00000      -   276  133s
   784   383  140.00000   12  245          -  140.00000      -   275  136s
   786   385  140.00000   47 1305          -  140.00000      -   275  141s
   787   385  140.00000   96  334          -  140.00000      -   274  148s
   788   386  140.00000    4  829          -  140.00000      -   274  150s
   789   387  140.00000   45  364          -  140.00000      -   274  157s
   790   387  140.00000   28 1138          -  140.00000      -   273  160s
   791   388  139.00000   44  309          -  140.00000      -   273  167s
   793   389  139.22222  118  322          -  140.00000      -   272  175s
   795   391  139.00000   76  417          -  140.00000      -   272  184s
   796   391  140.00000  110  417          -  140.00000      -   271  186s
   798   395  140.00000   10  406          -  140.00000      -   618  190s
   816   407  140.00000   19  369          -  140.00000      -   610  197s
   828   413  140.00000   25  375          -  140.00000      -   605  200s
   835   415  139.00000   28  563          -  140.00000      -   607  206s
   841   419  140.00000   31  659          -  140.00000      -   613  210s
   849   421  140.00000   35  455          -  140.00000      -   615  215s
   856   421  140.00000   39  208          -  140.00000      -   618  220s
   859   423  140.00000   40  602          -  140.00000      -   621  227s
   865   421  140.00000   41  776          -  140.00000      -   621  231s
   868   423  140.00000   43  654          -  140.00000      -   625  241s
   870   425  140.00000   44  727          -  140.00000      -   629  246s
   874   427  139.00000   46  759          -  140.00000      -   630  265s
   882   423  140.00000   20  504          -  140.00000      -   631  270s
   889   427  140.00000   24  611          -  140.00000      -   629  275s
   899   434  140.00000   29  511          -  140.00000      -   649  281s
   911   442  140.00000   35  436          -  140.00000      -   651  285s
   963   450  140.00000   26  745          -  140.00000      -   634  291s
   976   456  140.00000   33  591          -  140.00000      -   645  295s
  1026   472  140.00000   26  343          -  140.00000      -   623  300s
  1044   482 infeasible   35               -  140.00000      -   629  305s
  1065   495  140.00000   46  789          -  140.00000      -   626  310s
  1096   497 infeasible   60               -  140.00000      -   622  315s
  1160   519 infeasible   55               -  140.00000      -   597  320s
  1210   526  140.00000   39  773          -  140.00000      -   578  325s
  1269   559  140.00000   75  404          -  140.00000      -   558  330s
  1323   562  140.00000   41  639          -  140.00000      -   540  335s
  1383   586  140.00000   54  627          -  140.00000      -   523  340s
  1449   613  140.00000   67  439          -  140.00000      -   505  345s
  1512   626  139.00000   96  417          -  140.00000      -   491  350s
  1565   630  140.00000   32  717          -  140.00000      -   480  355s
  1605   648  140.00000   71  433          -  140.00000      -   473  360s
  1651   660  140.00000   45  728          -  140.00000      -   466  365s
  1690   679  140.00000   76  610          -  140.00000      -   460  370s
  1716   682  140.00000   46  298          -  140.00000      -   464  375s
  1773   690  139.00000   86  346          -  140.00000      -   455  380s
  1803   690  140.00000   50  552          -  140.00000      -   453  385s
  1842   697  140.00000   44  888          -  140.00000      -   450  390s
  1879   704 infeasible   63               -  140.00000      -   449  395s
  1967   698  140.00000   65  329          -  140.00000      -   435  400s
  2031   690  140.00000   77  582          -  140.00000      -   428  405s
  2097   732  140.00000   41  798          -  140.00000      -   417  410s
  2105   739  140.00000   49  292          -  140.00000      -   429  415s
  2119   751  140.00000   58  819          -  140.00000      -   434  420s
  2189   807  140.00000   97  615          -  140.00000      -   424  425s
  2227   818  139.00000   64  725          -  140.00000      -   421  430s
  2280   864  139.00000  101  505          -  140.00000      -   417  435s
  2350   911  140.00000   94  618          -  140.00000      -   408  440s
  2485  1007  140.00000   98  436          -  140.00000      -   391  445s
  2560  1040  139.00000   99  425          -  140.00000      -   383  450s
  2628  1061  139.00000   85  754          -  140.00000      -   378  455s
  2708  1098 infeasible  114               -  140.00000      -   371  460s
  2779  1122  139.00000   94  495          -  140.00000      -   365  465s
  2857  1170 infeasible  111               -  140.00000      -   360  470s
  2915  1195  139.00000   85  873          -  140.00000      -   357  475s
  2988  1225  140.00000   91  366          -  140.00000      -   352  480s
  3080  1268  140.00000  103  288          -  140.00000      -   345  485s
  3189  1289  139.00000  110  637          -  140.00000      -   337  490s
  3285  1316 infeasible  107               -  140.00000      -   331  495s
  3390  1361 infeasible  118               -  140.00000      -   325  500s
  3475  1390  140.00000   87  611          -  140.00000      -   321  505s
  3591  1457 infeasible  111               -  140.00000      -   314  510s
  3707  1464 infeasible  118               -  140.00000      -   307  515s
  3812  1510  140.00000   94  319          -  140.00000      -   303  520s
  3966  1543  140.00000  101  449          -  140.00000      -   295  525s
  4111  1577  139.00000   98  670          -  140.00000      -   288  530s
  4222  1598  140.00000   25  468          -  140.00000      -   284  535s
  4302  1651 infeasible   78               -  140.00000      -   281  540s
  4439  1688  140.00000   63  376          -  140.00000      -   275  545s
  4574  1735  140.00000   73  509          -  140.00000      -   269  550s
  4709  1797 infeasible   74               -  140.00000      -   265  555s
  4853  1834  140.00000   79  331          -  140.00000      -   260  560s
  5009  1869  140.00000   82  355          -  140.00000      -   255  565s
  5101  1879  140.00000   70  331          -  140.00000      -   251  574s
  5139  1891  140.00000   71  386          -  140.00000      -   250  575s
  5368  1942 infeasible   85               -  140.00000      -   242  580s
  5624  1969 infeasible   84               -  140.00000      -   234  585s
  5829  1977 infeasible   92               -  140.00000      -   228  590s
  6043  2007 infeasible   77               -  140.00000      -   223  595s
  6069  2021  140.00000   91  200          -  140.00000      -   222  625s
  6098  1998 infeasible   81               -  140.00000      -   222  630s
  6124  2008 infeasible   96               -  140.00000      -   222  635s
  6161  1983  140.00000   86  234          -  140.00000      -   222  640s
  6188  1980 infeasible   87               -  140.00000      -   222  645s
  6233  1949 infeasible   81               -  140.00000      -   222  650s
  6291  1937  140.00000   86  351          -  140.00000      -   221  655s
  6543  1953 infeasible   95               -  140.00000      -   215  660s
  6768  1965  140.00000  102  363          -  140.00000      -   210  665s
  7022  1985 infeasible  108               -  140.00000      -   205  670s
  7246  1987 infeasible  111               -  140.00000      -   201  675s
  7477  1982 infeasible   95               -  140.00000      -   197  680s
  7750  1993 infeasible   78               -  140.00000      -   193  685s
  8016  2009  140.00000   82  497          -  140.00000      -   188  690s
  8228  2022 infeasible   90               -  140.00000      -   186  695s
  8516  2016 infeasible  109               -  140.00000      -   181  700s
  8806  2007 infeasible   89               -  140.00000      -   177  705s
  9086  2043 infeasible   85               -  140.00000      -   174  710s
  9386  2066  140.00000  100  530          -  140.00000      -   170  715s
  9682  2071 infeasible   88               -  140.00000      -   167  720s
 10076  2088 infeasible   96               -  140.00000      -   162  725s
 10210  2071  140.00000   83  282          -  140.00000      -   161  887s
 10329  2075 infeasible   86               -  140.00000      -   160  890s
 10596  2150  140.00000   88  253          -  140.00000      -   158  895s
 10902  2238  140.00000   94  172          -  140.00000      -   156  900s
 11225  2259  140.00000   88  337          -  140.00000      -   153  905s
 11551  2304 infeasible  104               -  140.00000      -   150  910s
 11870  2316  140.00000   92  414          -  140.00000      -   148  915s
 12181  2352  140.00000  111  272          -  140.00000      -   146  920s
 12458  2330  140.00000  111  362          -  140.00000      -   144  925s
 12741  2298 infeasible  102               -  140.00000      -   142  930s
 13042  2300  139.00000   79  300          -  140.00000      -   140  935s
 13311  2312  140.00000   98  427          -  140.00000      -   139  940s
 13600  2295 infeasible   94               -  140.00000      -   137  945s
 13878  2307 infeasible   97               -  140.00000      -   136  950s
 14222  2327  140.00000   89  310          -  140.00000      -   134  955s
 14547  2327 infeasible   96               -  140.00000      -   132  960s
 14878  2372  140.00000   82  356          -  140.00000      -   130  965s
 15185  2385 infeasible   91               -  140.00000      -   129  970s
 15311  2395 infeasible   87               -  140.00000      -   128  978s
 15424  2395  140.00000   97  249          -  140.00000      -   128  980s
 15710  2423 infeasible   94               -  140.00000      -   127  985s
 16042  2423  140.00000   92  308          -  140.00000      -   125  990s
 16349  2449  140.00000   80  323          -  140.00000      -   124  995s
 16600  2496  140.00000   45  658          -  140.00000      -   123 1000s
 16639  2533 infeasible   79               -  140.00000      -   124 1005s
 16677  2567 infeasible   98               -  140.00000      -   124 1010s
 16760  2601 infeasible  122               -  140.00000      -   124 1015s
 16814  2615  139.92381   58  820          -  140.00000      -   125 1020s
 16888  2653  140.00000   63  674          -  140.00000      -   125 1025s
 16994  2688  140.00000  117  639          -  140.00000      -   126 1030s
 17042  2717  140.00000   44  489          -  140.00000      -   126 1035s
 17089  2739  140.00000   37  473          -  140.00000      -   127 1040s
 17144  2777  140.00000   30  692          -  140.00000      -   127 1045s
 17186  2810  140.00000   64  812          -  140.00000      -   127 1050s
 17362  2863  140.00000   83  396          -  140.00000      -   126 1055s
 17675  2890  140.00000   78  371          -  140.00000      -   125 1060s
 18028  2915 infeasible   85               -  140.00000      -   124 1065s
 18222  2943  140.00000   83  591          -  140.00000      -   123 1070s
 18544  2984  140.00000   98  228          -  140.00000      -   122 1075s
 18891  3005 infeasible   88               -  140.00000      -   121 1080s
 19227  2993 infeasible  102               -  140.00000      -   120 1085s
 19518  2996  140.00000   91  340          -  140.00000      -   119 1090s
 19792  3006  140.00000   71  484          -  140.00000      -   119 1095s
 20166  3014 infeasible   93               -  140.00000      -   117 1100s
 20278  3061  140.00000   33  485          -  140.00000      -   118 1105s
 20344  3116  140.00000   85  787          -  140.00000      -   118 1110s
 20412  3153  140.00000   41  704          -  140.00000      -   118 1120s
 20456  3183  139.00000   74  490          -  140.00000      -   118 1125s
 20501  3203  140.00000   39  308          -  140.00000      -   119 1130s
 20546  3247  140.00000   75 1288          -  140.00000      -   119 1135s
 20576  3256  140.00000   54  725          -  140.00000      -   120 1140s
 20634  3288  140.00000   40  678          -  140.00000      -   120 1145s
 20960  3332  140.00000  101  313          -  140.00000      -   119 1150s
 21194  3342  139.00000   59  745          -  140.00000      -   120 1162s
 21207  3354  140.00000   69  417          -  140.00000      -   121 1166s
 21211  3352 infeasible   69               -  140.00000      -   122 1170s
 21237  3357 infeasible   82               -  140.00000      -   122 1175s
 21555  3398  140.00000  114  343          -  140.00000      -   121 1180s
 21899  3392  140.00000  109  806          -  140.00000      -   120 1185s
 22065  3468  140.00000  132  614          -  140.00000      -   120 1190s
 22230  3496  139.00000  114  399          -  140.00000      -   120 1195s
 22377  3513 infeasible  117               -  140.00000      -   121 1200s
 22526  3537  139.00000  104  391          -  140.00000      -   121 1205s
 22814  3568  139.00000  114  456          -  140.00000      -   120 1210s
 23045  3542  140.00000   78  388          -  140.00000      -   120 1215s
 23290  3569  140.00000   38  597          -  140.00000      -   119 1220s
 23322  3599  140.00000   67  642          -  140.00000      -   120 1225s
 23392  3663  140.00000  113  517          -  140.00000      -   120 1230s
 23465  3708  139.00000   77  507          -  140.00000      -   120 1235s
 23554  3768  139.00000   63  867          -  140.00000      -   120 1240s
 23609  3811  140.00000   62  843          -  140.00000      -   120 1245s
 23641  3841 infeasible   89               -  140.00000      -   121 1250s
 23669  3848  139.00000   57  777          -  140.00000      -   121 1255s
 23755  3909  139.00000   59  734          -  140.00000      -   121 1260s
 23933  3969 infeasible  104               -  140.00000      -   121 1265s
 24168  3992  139.00000   98  296          -  140.00000      -   121 1270s
 24409  3989  140.00000   49  398          -  140.00000      -   121 1275s
 24468  4008  140.00000   45  938          -  140.00000      -   121 1280s
 24476  4013  140.00000   49  368          -  140.00000      -   122 1285s
 24534  4040 infeasible   57               -  140.00000      -   122 1290s
 24618  4047  140.00000   64  744          -  140.00000      -   123 1295s
 24727  4096 infeasible   84               -  140.00000      -   123 1300s
 24808  4078  140.00000   71  869          -  140.00000      -   123 1305s
 24843  4075  140.00000   64  644          -  140.00000      -   124 1310s
 24904  4089  140.00000   66  861          -  140.00000      -   124 1315s
 24964  4074 infeasible   72               -  140.00000      -   125 1320s
 25078  4071  140.00000   60  549          -  140.00000      -   125 1325s
 25210  4081  140.00000   76  731          -  140.00000      -   125 1330s
 25274  4093  140.00000   55  523          -  140.00000      -   125 1335s
 25381  4094  140.00000   64  530          -  140.00000      -   125 1340s
 25513  4108 infeasible   87               -  140.00000      -   125 1350s
 25557  4092 infeasible   69               -  140.00000      -   126 1355s
 25588  4080 infeasible   69               -  140.00000      -   127 1360s
 25644  4094 infeasible   89               -  140.00000      -   128 1365s
 25675  4078 infeasible   85               -  140.00000      -   128 1370s
 25774  4103  140.00000   79  813          -  140.00000      -   128 1375s
 25871  4094  140.00000   39  504          -  140.00000      -   129 1383s
 25906  4088  140.00000   41  630          -  140.00000      -   129 1385s
 26042  4087 infeasible   93               -  140.00000      -   129 1390s
 26125  4088 infeasible   92               -  140.00000      -   130 1395s
 26180  4063 infeasible   49               -  140.00000      -   130 1400s
 26251  4094  140.00000   49  445          -  140.00000      -   131 1406s
 26270  4095  140.00000   44  847          -  140.00000      -   132 1410s
 26286  4097 infeasible   49               -  140.00000      -   132 1415s
 26392  4112  140.00000   71  625          -  140.00000      -   133 1420s
 26524  4098 infeasible   58               -  140.00000      -   133 1425s
 26636  4085 infeasible   60               -  140.00000      -   133 1430s
 26743  4102 infeasible  111               -  140.00000      -   133 1435s
 26890  4131  140.00000   75  524          -  140.00000      -   133 1440s
 27024  4133 infeasible   80               -  140.00000      -   133 1445s
 27153  4130 infeasible   77               -  140.00000      -   133 1450s
 27268  4125 infeasible   74               -  140.00000      -   133 1455s
 27354  4112 infeasible   79               -  140.00000      -   133 1460s
 27398  4103 infeasible   58               -  140.00000      -   134 1465s
 27439  4103 infeasible   96               -  140.00000      -   134 1470s
 27509  4105 infeasible   92               -  140.00000      -   134 1475s
 27541  4122  140.00000   51  563          -  140.00000      -   135 1480s
 27624  4191  139.00000   69  599          -  140.00000      -   135 1485s
 27756  4269  140.00000   73  900          -  140.00000      -   135 1490s
 27766  4270  140.00000   93  536          -  140.00000      -   135 1517s
 27775  4263  140.00000   68  958          -  140.00000      -   135 1521s
 27778  4262 infeasible   69               -  140.00000      -   136 1525s
 27786  4262  140.00000   66  833          -  140.00000      -   136 1530s
 27794  4270  140.00000   74  743          -  140.00000      -   136 1536s
 27797  4271 infeasible   74               -  140.00000      -   136 1540s
 27804  4276  140.00000   76  730          -  140.00000      -   136 1545s
 27854  4292  140.00000   89  768          -  140.00000      -   136 1550s
 27946  4292  140.00000   91  796          -  140.00000      -   136 1555s
 27960  4292 infeasible   89               -  140.00000      -   137 1560s
 27970  4284  140.00000   42  834          -  140.00000      -   138 1565s
 28004  4310 infeasible   67               -  140.00000      -   138 1570s
 28065  4305 infeasible   68               -  140.00000      -   138 1575s
 28114  4325  140.00000   71  651          -  140.00000      -   138 1580s
 28264  4342 infeasible   95               -  140.00000      -   138 1585s
 28358  4353 infeasible   57               -  140.00000      -   138 1590s
 28482  4353 infeasible  104               -  140.00000      -   138 1595s
 28566  4348 infeasible   60               -  140.00000      -   139 1600s
 28664  4339 infeasible   88               -  140.00000      -   139 1605s
 28733  4338  140.00000   88  588          -  140.00000      -   139 1610s
 28828  4348 infeasible   81               -  140.00000      -   139 1615s
 28902  4338 infeasible   95               -  140.00000      -   139 1620s
 28995  4364 infeasible   23               -  140.00000      -   140 1625s
 29038  4378  140.00000   39  533          -  140.00000      -   140 1630s
 29081  4419  140.00000   80  659          -  140.00000      -   140 1635s
 29137  4441  140.00000   73  628          -  140.00000      -   140 1640s
 29162  4440  140.00000   73  664          -  140.00000      -   140 1645s
 29214  4448  140.00000   34  777          -  140.00000      -   141 1650s
 29267  4488 infeasible   79               -  140.00000      -   141 1655s
 29291  4481 infeasible   75               -  140.00000      -   141 1660s
 29315  4490 infeasible   89               -  140.00000      -   142 1665s
 29357  4484 infeasible   73               -  140.00000      -   142 1670s
 29385  4484 infeasible   69               -  140.00000      -   143 1675s
 29392  4477 infeasible   69               -  140.00000      -   144 1680s
 29415  4490  140.00000   62  717          -  140.00000      -   144 1685s
 29511  4527 infeasible   49               -  140.00000      -   145 1690s
 29525  4513 infeasible   87               -  140.00000      -   145 1695s
 29538  4507  138.25455   89  792          -  140.00000      -   146 1700s
 29584  4504  139.00000   81  651          -  140.00000      -   146 1705s
 29649  4510  140.00000   63  713          -  140.00000      -   146 1710s
 29693  4546 infeasible   99               -  140.00000      -   147 1715s
 29849  4629  139.00000   87  912          -  140.00000      -   146 1720s
 30027  4694  140.00000   85  344          -  140.00000      -   146 1725s
 30231  4771  138.00000   89  906          -  140.00000      -   146 1730s
 30345  4783  139.00000   89  665          -  140.00000      -   146 1735s
 30543  4787 infeasible  104               -  140.00000      -   145 1740s
 30614  4791 infeasible  105               -  140.00000      -   145 1746s
 30665  4793  140.00000   62  719          -  140.00000      -   145 1750s
 30709  4808  140.00000   59  646          -  140.00000      -   146 1755s
 30770  4857  140.00000   86  520          -  140.00000      -   146 1760s
 30845  4870  140.00000   75  580          -  140.00000      -   146 1765s
 30901  4879 infeasible   84               -  140.00000      -   146 1770s
 30957  4890  140.00000   74  643          -  140.00000      -   147 1775s
 31044  4916  140.00000   83  666          -  140.00000      -   147 1780s
 31074  4919  140.00000   60  515          -  140.00000      -   147 1785s
 31158  4945 infeasible   69               -  140.00000      -   148 1790s
 31226  4980  140.00000   82  767          -  140.00000      -   148 1795s
 31250  4978  140.00000   81  952          -  140.00000      -   148 1800s
 31308  4978 infeasible   64               -  140.00000      -   148 1805s
 31421  4994 infeasible   87               -  140.00000      -   148 1810s
 31555  4993  140.00000   47 1160          -  140.00000      -   148 1815s
 31578  5014  140.00000   68  571          -  140.00000      -   149 1820s
 31673  5080 infeasible   56               -  140.00000      -   149 1825s
 31827  5116 infeasible   97               -  140.00000      -   149 1830s
 31906  5150  140.00000   90  542          -  140.00000      -   149 1835s
 31996  5170  140.00000   49  416          -  140.00000      -   149 1840s
 32041  5201  140.00000   56  462          -  140.00000      -   149 1845s
 32104  5225  139.00000   82  566          -  140.00000      -   149 1850s
 32231  5279  140.00000   79  676          -  140.00000      -   149 1855s
 32323  5314  139.96949   42 1054          -  140.00000      -   149 1860s
 32409  5372  139.00000   99  614          -  140.00000      -   150 1865s
 32564  5393  140.00000   32 1140          -  140.00000      -   149 1870s
 32642  5456 infeasible   56               -  140.00000      -   149 1875s
 32685  5439  140.00000   41  742          -  140.00000      -   150 1880s
 32785  5522  140.00000   81  753          -  140.00000      -   150 1885s
 32894  5565 infeasible  120               -  140.00000      -   150 1890s
 33067  5607  139.00000  135  289          -  140.00000      -   149 1895s
 33224  5625  139.00000   65  394          -  140.00000      -   149 1900s
 33322  5671  140.00000   42  872          -  140.00000      -   149 1905s
 33437  5704 infeasible  101               -  140.00000      -   149 1910s
 33656  5776 infeasible  101               -  140.00000      -   149 1915s
 33843  5852  140.00000   79  413          -  140.00000      -   148 1920s
 34037  5915  140.00000  101  404          -  140.00000      -   148 1925s
 34262  5955 infeasible   86               -  140.00000      -   148 1930s
 34433  6012  140.00000   69  378          -  140.00000      -   147 1935s
 34568  6030  139.00000   70  462          -  140.00000      -   147 1940s
 34626  6046  140.00000   38  777          -  140.00000      -   148 1946s
 34633  6044 infeasible   35               -  140.00000      -   149 1950s
 34655  6038  140.00000   28  644          -  140.00000      -   149 1955s
 34760  6069  140.00000   72  919          -  140.00000      -   148 1960s
 34829  6082  140.00000   50  458          -  140.00000      -   149 1965s
 34928  6129 infeasible   98               -  140.00000      -   148 1970s
 35034  6193  140.00000   79  728          -  140.00000      -   148 1975s
 35212  6240 infeasible   99               -  140.00000      -   148 1980s
 35319  6242  140.00000   89  333          -  140.00000      -   148 1985s
 35353  6238 infeasible   89               -  140.00000      -   149 1990s
 35449  6244 infeasible  121               -  140.00000      -   149 1995s
 35598  6290  140.00000   73  754          -  140.00000      -   149 2000s
 35678  6338  140.00000   51  824          -  140.00000      -   149 2005s
 35709  6353  140.00000   53  510          -  140.00000      -   149 2010s
 35715  6359  140.00000   59  513          -  140.00000      -   149 2015s
 35765  6389  140.00000   52  832          -  140.00000      -   149 2020s
 35832  6438 infeasible   62               -  140.00000      -   150 2025s
 35917  6496  140.00000   56  764          -  140.00000      -   150 2030s
 36043  6585  140.00000   40  591          -  140.00000      -   150 2035s
 36090  6628  140.00000   85  890          -  140.00000      -   149 2062s
 36093  6629  139.00000   86  743          -  140.00000      -   150 2066s
 36099  6625  140.00000   43  581          -  140.00000      -   150 2071s
 36107  6631  140.00000   50  510          -  140.00000      -   150 2075s
 36125  6645 infeasible   67               -  140.00000      -   150 2080s
 36174  6686  140.00000   63  653          -  140.00000      -   150 2085s
 36276  6726 infeasible   96               -  140.00000      -   150 2090s
 36335  6721  140.00000   28  709          -  140.00000      -   150 2095s
 36429  6735  140.00000   19  535          -  140.00000      -   150 2100s
 36475  6781  140.00000   59  287          -  140.00000      -   150 2105s
 36530  6834  140.00000   99  439          -  140.00000      -   151 2111s
 36597  6886  140.00000   94  567          -  140.00000      -   151 2115s
 36744  7003  140.00000   99  621          -  140.00000      -   150 2120s
 36864  7085  140.00000  100  322          -  140.00000      -   150 2125s
 37059  7195 infeasible  146               -  140.00000      -   150 2130s
 37300  7278 infeasible  153               -  140.00000      -   150 2135s
 37519  7359  140.00000  120  341          -  140.00000      -   149 2140s
 37745  7420  139.00000  144  435          -  140.00000      -   149 2145s
 37917  7466  138.66826  125  403          -  140.00000      -   149 2150s
 38057  7520  139.00000  143  489          -  140.00000      -   149 2155s
 38224  7569 infeasible  128               -  140.00000      -   149 2160s
 38413  7621  139.00000  130  331          -  140.00000      -   149 2165s
 38576  7681 infeasible  133               -  140.00000      -   148 2170s
 38777  7710  140.00000  140  528          -  140.00000      -   148 2175s
 38902  7739  140.00000  128  520          -  140.00000      -   148 2180s
 39063  7787  140.00000  130  523          -  140.00000      -   148 2185s
 39202  7827  140.00000  131  382          -  140.00000      -   148 2190s
 39331  7872  140.00000  121  331          -  140.00000      -   148 2195s
 39477  7939  139.93287  123  681          -  140.00000      -   148 2200s
 39615  7968  139.93434  133  642          -  140.00000      -   148 2205s
 39798  8011  139.99101  112  717          -  140.00000      -   148 2210s
 39934  8046 infeasible  154               -  140.00000      -   148 2215s
 40135  8083  139.00000  150  365          -  140.00000      -   148 2220s
 40322  8106  139.00000  165  362          -  140.00000      -   148 2225s
 40503  8155  140.00000  105  689          -  140.00000      -   148 2230s
 40586  8187  139.90000  110  567          -  140.00000      -   148 2235s
 40806  8267 infeasible  135               -  140.00000      -   148 2240s
 40816  8269  140.00000  131  283          -  140.00000      -   148 2245s
 40920  8281 infeasible  141               -  140.00000      -   148 2250s
 41066  8297 infeasible  124               -  140.00000      -   148 2255s
 41224  8347  139.94286  122  821          -  140.00000      -   148 2260s
 41349  8376 infeasible  147               -  140.00000      -   148 2265s
 41508  8389  139.00000  134  755          -  140.00000      -   148 2270s
 41656  8409  140.00000  149  293          -  140.00000      -   148 2275s
 41857  8449  139.92222  151  430          -  140.00000      -   148 2280s
 42008  8503  140.00000  113  869          -  140.00000      -   148 2285s
 42202  8581 infeasible  119               -  140.00000      -   148 2290s
 42351  8634  140.00000  135  735          -  140.00000      -   148 2295s
 42517  8675 infeasible  147               -  140.00000      -   148 2300s
 42628  8659 infeasible  147               -  140.00000      -   148 2305s
 42780  8692 infeasible  133               -  140.00000      -   148 2310s
 42974  8715 infeasible  145               -  140.00000      -   148 2315s
 43144  8756  140.00000  142  612          -  140.00000      -   148 2320s
 43346  8797 infeasible  164               -  140.00000      -   148 2325s
 43589  8880  140.00000  132  543          -  140.00000      -   148 2330s
 43775  8938 infeasible  123               -  140.00000      -   147 2335s
 43940  8968 infeasible   91               -  140.00000      -   147 2340s
 44073  9030  140.00000   99  573          -  140.00000      -   147 2345s
 44217  9096  140.00000   99  727          -  140.00000      -   147 2350s
 44419  9158  140.00000  106  699          -  140.00000      -   147 2355s
 44595  9204 infeasible  128               -  140.00000      -   147 2360s
 44795  9219  139.00000  124  709          -  140.00000      -   147 2365s
 44934  9222 infeasible  143               -  140.00000      -   147 2370s
 45122  9247  140.00000   88  667          -  140.00000      -   147 2375s
 45206  9278  140.00000  112  584          -  140.00000      -   147 2380s
 45291  9305  140.00000  100 1002          -  140.00000      -   147 2385s
 45365  9334  140.00000   98  825          -  140.00000      -   147 2390s
 45476  9384  140.00000  100  835          -  140.00000      -   148 2395s
 45563  9404 infeasible   96               -  140.00000      -   148 2400s
 45674  9441  140.00000  105  381          -  140.00000      -   148 2405s
 45863  9478  140.00000  108  658          -  140.00000      -   148 2410s
 45917  9479  139.00000  139  389          -  140.00000      -   148 2416s
 45973  9493  139.00000  112  696          -  140.00000      -   148 2420s
 46087  9519 infeasible  126               -  140.00000      -   148 2425s
 46214  9509 infeasible  122               -  140.00000      -   148 2430s
 46379  9509 infeasible  131               -  140.00000      -   148 2435s
 46452  9529 infeasible  112               -  140.00000      -   148 2440s
 46576  9569 infeasible  117               -  140.00000      -   148 2445s
 46669  9597  140.00000  116  532          -  140.00000      -   148 2450s
 46757  9604 infeasible  121               -  140.00000      -   149 2455s
 46887  9628 infeasible  112               -  140.00000      -   149 2460s
 46995  9657 infeasible  128               -  140.00000      -   149 2465s
 47148  9682 infeasible  125               -  140.00000      -   149 2470s
 47282  9691  139.99242  121  810          -  140.00000      -   149 2475s
 47504  9730 infeasible  134               -  140.00000      -   149 2480s
 47625  9722 infeasible  119               -  140.00000      -   149 2485s
 47681  9724 infeasible  126               -  140.00000      -   149 2490s
 47784  9712  139.89723  127  721          -  140.00000      -   149 2495s
 47955  9711 infeasible  115               -  140.00000      -   149 2500s
 48127  9745 infeasible  135               -  140.00000      -   149 2505s
 48246  9754  140.00000  117  899          -  140.00000      -   149 2510s
 48312  9768 infeasible  124               -  140.00000      -   150 2515s
 48411  9782  138.00000  112  517          -  140.00000      -   150 2520s
 48553  9772  139.00000  116  686          -  140.00000      -   150 2525s
 48678  9796 infeasible  115               -  140.00000      -   150 2530s
 48846  9849  139.00000  134  475          -  140.00000      -   150 2535s
 48977  9861  140.00000  136  444          -  140.00000      -   150 2540s
 49106  9878  137.89796  144  436          -  140.00000      -   150 2545s
 49261  9909  139.00000  134  495          -  140.00000      -   150 2550s
 49459  9942  140.00000  140  476          -  140.00000      -   150 2555s
 49557  9952  140.00000   89  617          -  140.00000      -   150 2560s
 49569  9948  140.00000   90  757          -  140.00000      -   150 2607s
 49576  9941 infeasible   84               -  140.00000      -   150 2610s
 49584  9933 infeasible   83               -  140.00000      -   150 2615s
 49590  9937  140.00000   83  784          -  140.00000      -   150 2620s
 49596  9939  140.00000   87  663          -  140.00000      -   150 2626s
 49599  9942  140.00000   89  653          -  140.00000      -   150 2630s
 49611  9938  140.00000   88  696          -  140.00000      -   150 2636s
 49618  9935  140.00000   83  524          -  140.00000      -   151 2640s
 49630  9935 infeasible   86               -  140.00000      -   151 2645s
 49638  9935  140.00000   83  625          -  140.00000      -   151 2650s
 49651  9932  140.00000   82  687          -  140.00000      -   151 2655s
 49659  9930 infeasible   84               -  140.00000      -   151 2660s
 49685  9944 infeasible   95               -  140.00000      -   151 2665s
 49698  9939 infeasible   90               -  140.00000      -   151 2670s
 49707  9932  140.00000   80  820          -  140.00000      -   152 2675s
 49760  9959 infeasible  102               -  140.00000      -   152 2680s
 49798  9958  140.00000   76  721          -  140.00000      -   152 2685s
 49871 10002 infeasible  118               -  140.00000      -   152 2690s
 49900  9982  140.00000   98  762          -  140.00000      -   153 2695s
 50019 10034  140.00000  114  783          -  140.00000      -   153 2700s
 50043 10036  140.00000   81  680          -  140.00000      -   153 2705s
 50105 10041  140.00000   39  307          -  140.00000      -   153 2710s
 50241 10118 infeasible   48               -  140.00000      -   153 2715s
 50412 10175  140.00000   47  518          -  140.00000      -   153 2720s
 50542 10221  140.00000   75  816          -  140.00000      -   153 2725s
 50624 10256 infeasible   78               -  140.00000      -   153 2730s
 50742 10280 infeasible   60               -  140.00000      -   153 2735s
 50913 10329  139.00000   74 1046          -  140.00000      -   153 2740s
 51018 10367  140.00000   78  401          -  140.00000      -   153 2748s
 51104 10410 infeasible   93               -  140.00000      -   153 2750s
 51275 10431  140.00000   56  466          -  140.00000      -   153 2755s
 51500 10491 infeasible   70               -  140.00000      -   152 2760s
 51779 10504  140.00000   61  495          -  140.00000      -   152 2765s
 51936 10595  140.00000   61  785          -  140.00000      -   152 2770s
 52058 10632  140.00000   78  429          -  140.00000      -   152 2775s
 52202 10672  140.00000   85  895          -  140.00000      -   152 2780s
 52391 10760  140.00000   60  724          -  140.00000      -   152 2785s
 52549 10774 infeasible   84               -  140.00000      -   152 2790s
 52714 10813 infeasible   75               -  140.00000      -   152 2795s
 52894 10887 infeasible   60               -  140.00000      -   152 2800s
 53013 10902 infeasible   70               -  140.00000      -   152 2805s
 53140 10889  140.00000   64  341          -  140.00000      -   152 2810s
 53403 10912  140.00000   64  673          -  140.00000      -   151 2815s
 53647 10916 infeasible   87               -  140.00000      -   151 2820s
 53784 10937  140.00000   79  691          -  140.00000      -   151 2825s
 53937 10964 infeasible   72               -  140.00000      -   151 2830s
 54120 11018  140.00000   76  438          -  140.00000      -   151 2835s
 54356 11043  140.00000   94  418          -  140.00000      -   151 2840s
 54490 11052 infeasible   61               -  140.00000      -   151 2845s
 54696 11108 infeasible   51               -  140.00000      -   151 2850s
 54913 11183 infeasible   84               -  140.00000      -   150 2855s
 55048 11180 infeasible   62               -  140.00000      -   150 2860s
 55282 11223 infeasible   58               -  140.00000      -   150 2865s
 55463 11252  140.00000   57  248          -  140.00000      -   150 2870s
 55644 11231  140.00000   69  258          -  140.00000      -   150 2875s
 55832 11244  140.00000   62  445          -  140.00000      -   150 2880s
 56098 11252 infeasible   57               -  140.00000      -   150 2885s
 56119 11252 infeasible   70               -  140.00000      -   150 2891s
 56217 11249 infeasible   69               -  140.00000      -   150 2895s
 56341 11266  140.00000   56  661          -  140.00000      -   150 2900s
 56486 11299 infeasible   63               -  140.00000      -   150 2905s
 56623 11349 infeasible   89               -  140.00000      -   150 2910s
 56787 11366  140.00000   51  364          -  140.00000      -   150 2915s
 56913 11355 infeasible   48               -  140.00000      -   150 2920s
 57030 11345  140.00000   74  647          -  140.00000      -   150 2925s
 57234 11356 infeasible   74               -  140.00000      -   150 2930s
 57429 11301  140.00000   63  467          -  140.00000      -   150 2935s
 57579 11255  140.00000   60  680          -  140.00000      -   150 2940s
 57669 11206  140.00000   49  440          -  140.00000      -   150 2945s
 57883 11232  140.00000   52  470          -  140.00000      -   150 2950s
 58069 11229 infeasible   52               -  140.00000      -   150 2955s
 58204 11255  140.00000   90  427          -  140.00000      -   150 2960s
 58351 11220  139.68915   76  796          -  140.00000      -   150 2965s
 58498 11183 infeasible   67               -  140.00000      -   150 2970s
 58652 11151 infeasible   74               -  140.00000      -   150 2975s
 58803 11115  140.00000   51  785          -  140.00000      -   150 2980s
 58998 11135 infeasible   74               -  140.00000      -   150 2985s
 59153 11149 infeasible   66               -  140.00000      -   150 2990s
 59335 11161  140.00000   94  416          -  140.00000      -   150 2995s
 59457 11180  139.00000   55  686          -  140.00000      -   149 3000s
 59533 11181  140.00000   55  565          -  140.00000      -   150 3005s
 59589 11191 infeasible   81               -  140.00000      -   150 3010s
 59619 11198  140.00000   85  616          -  140.00000      -   150 3015s
 59678 11209  140.00000   78  883          -  140.00000      -   150 3020s
 59712 11201 infeasible   79               -  140.00000      -   150 3025s
 59717 11198  140.00000   72  941          -  140.00000      -   151 3030s
 59785 11213 infeasible   89               -  140.00000      -   151 3035s
 59805 11195  140.00000   69  324          -  140.00000      -   151 3041s
 59833 11219 infeasible   86               -  140.00000      -   152 3045s
 59863 11221 infeasible   77               -  140.00000      -   152 3050s
 59898 11245  139.00000   95  680          -  140.00000      -   152 3055s
 59956 11280 infeasible   92               -  140.00000      -   152 3060s
 60015 11308  140.00000   79  724          -  140.00000      -   152 3065s
 60092 11355  139.00000   76  914          -  140.00000      -   152 3070s
 60121 11377 infeasible   89               -  140.00000      -   153 3079s
 60122 11378  140.00000   85  906          -  140.00000      -   153 3080s
 60151 11395  140.00000   98  823          -  140.00000      -   153 3085s
 60190 11404 infeasible   88               -  140.00000      -   153 3090s
 60211 11412 infeasible   87               -  140.00000      -   154 3095s
 60242 11422  139.00000   80  785          -  140.00000      -   154 3100s
 60315 11436  140.00000   57  602          -  140.00000      -   154 3105s
 60393 11495 infeasible   96               -  140.00000      -   154 3110s
 60449 11520 infeasible   80               -  140.00000      -   154 3115s
 60483 11537  140.00000   74  841          -  140.00000      -   154 3120s
 60531 11567  140.00000   76  802          -  140.00000      -   154 3125s
 60582 11562 infeasible   79               -  140.00000      -   155 3130s
 60608 11564  139.00000   79  683          -  140.00000      -   155 3135s
 60698 11615  140.00000   59  269          -  140.00000      -   155 3140s
 60762 11660  140.00000   72  725          -  140.00000      -   155 3145s
 60863 11711  139.00000   72  977          -  140.00000      -   155 3150s
 60896 11731  139.00000   69  980          -  140.00000      -   155 3155s
 60987 11768 infeasible   69               -  140.00000      -   155 3160s
 61047 11774 infeasible  138               -  140.00000      -   155 3165s
 61069 11789 infeasible   72               -  140.00000      -   155 3170s
 61173 11820 infeasible   94               -  140.00000      -   155 3175s
 61220 11827  140.00000   54  528          -  140.00000      -   155 3182s
 61253 11822 infeasible   53               -  140.00000      -   155 3185s
 61277 11816  139.00000   95  771          -  140.00000      -   156 3190s
 61446 11880  139.00000  104  387          -  140.00000      -   156 3195s
 61553 11896 infeasible   98               -  140.00000      -   155 3200s
 61634 11935  139.00000   93  685          -  140.00000      -   156 3205s
 61697 11952  140.00000   78  872          -  140.00000      -   156 3211s
 61699 11954  139.00000   79  760          -  140.00000      -   156 3217s
 61718 11973  139.00000   97  730          -  140.00000      -   156 3220s
 61757 11989  139.00000   80  928          -  140.00000      -   156 3225s
 61863 12049  140.00000   73  849          -  140.00000      -   156 3230s
 61882 12052 infeasible   79               -  140.00000      -   157 3236s
 61901 12053  140.00000   76  890          -  140.00000      -   157 3240s
 61910 12050  139.00000   79  723          -  140.00000      -   157 3247s
 61923 12053  140.00000   75 1120          -  140.00000      -   157 3250s
 61961 12054  140.00000   71  892          -  140.00000      -   157 3255s
 61995 12064  140.00000   77  816          -  140.00000      -   157 3260s
 62033 12067  138.00000   83 1076          -  140.00000      -   158 3265s
 62071 12083  140.00000   76  983          -  140.00000      -   158 3270s
 62124 12100  139.00000   90  911          -  140.00000      -   158 3275s
 62222 12118  140.00000   49  376          -  140.00000      -   158 3280s
 62296 12166  140.00000   54  414          -  140.00000      -   158 3285s
 62413 12234  140.00000   63  941          -  140.00000      -   158 3290s
 62453 12252 infeasible   69               -  140.00000      -   158 3295s
 62518 12280  140.00000   27  531          -  140.00000      -   158 3300s
 62582 12338  139.00000   86  773          -  140.00000      -   158 3305s
 62642 12391 infeasible  130               -  140.00000      -   158 3310s
 62706 12420  140.00000   70  607          -  140.00000      -   158 3315s
 62733 12441 infeasible   89               -  140.00000      -   159 3320s
 62822 12462 infeasible  141               -  140.00000      -   159 3325s
 62945 12516  140.00000   54  566          -  140.00000      -   159 3330s
 63012 12569 infeasible  105               -  140.00000      -   159 3335s
 63119 12621 infeasible  119               -  140.00000      -   159 3340s
 63208 12631 infeasible   89               -  140.00000      -   159 3345s
 63343 12709 infeasible   72               -  140.00000      -   159 3350s
 63448 12741 infeasible   37               -  140.00000      -   159 3355s
 63610 12753 infeasible   52               -  140.00000      -   159 3360s
 63691 12783 infeasible   57               -  140.00000      -   159 3365s
 63818 12814  140.00000   48  772          -  140.00000      -   159 3370s
 63876 12842  140.00000   39  433          -  140.00000      -   159 3376s
 63911 12873  139.00000   62  510          -  140.00000      -   159 3380s
 64020 12941 infeasible   56               -  140.00000      -   159 3385s
 64170 13033 infeasible  111               -  140.00000      -   159 3390s
 64315 13113  140.00000   74  632          -  140.00000      -   159 3395s
 64455 13174 infeasible   99               -  140.00000      -   159 3400s
 64592 13202 infeasible   82               -  140.00000      -   159 3405s
 64771 13226 infeasible   98               -  140.00000      -   159 3410s
 64899 13265  139.00000   70  636          -  140.00000      -   159 3415s
 65009 13304  139.00000   85  831          -  140.00000      -   159 3420s
 65137 13345 infeasible  109               -  140.00000      -   159 3425s
 65332 13415 infeasible   89               -  140.00000      -   159 3430s
 65508 13485  139.00000   82  727          -  140.00000      -   159 3435s
 65556 13494 infeasible   49               -  140.00000      -   159 3440s
 65643 13550  140.00000   61  477          -  140.00000      -   159 3445s
 65778 13598 infeasible   71               -  140.00000      -   159 3450s
 65869 13615 infeasible   83               -  140.00000      -   159 3455s
 65999 13617 infeasible   83               -  140.00000      -   159 3460s
 66114 13613 infeasible   79               -  140.00000      -   159 3465s
 66205 13612 infeasible  105               -  140.00000      -   159 3470s
 66321 13623  140.00000   45  649          -  140.00000      -   159 3479s
 66334 13636  140.00000   55  507          -  140.00000      -   159 3480s
 66427 13660  139.00000   66  676          -  140.00000      -   159 3485s
 66557 13723 infeasible   83               -  140.00000      -   159 3490s
 66657 13731  138.00000   94  541          -  140.00000      -   159 3495s
 66792 13767  140.00000   28  726          -  140.00000      -   159 3500s
 66936 13876 infeasible  124               -  140.00000      -   159 3505s
 67139 13878  140.00000  140  485          -  140.00000      -   159 3510s
 67303 13905 infeasible  130               -  140.00000      -   159 3515s
 67468 13916  140.00000   81  426          -  140.00000      -   159 3520s
 67673 13941 infeasible   73               -  140.00000      -   158 3525s
 67717 13921 infeasible   69               -  140.00000      -   159 3530s
 67740 13923 infeasible   72               -  140.00000      -   159 3535s
 67849 13966 infeasible   86               -  140.00000      -   159 3540s
 67945 13983 infeasible   86               -  140.00000      -   159 3545s
 68036 13989  140.00000   58 1109          -  140.00000      -   159 3550s
 68097 13989  140.00000   96  704          -  140.00000      -   159 3555s
 68226 14031 infeasible   70               -  140.00000      -   159 3560s
 68274 14023 infeasible  125               -  140.00000      -   159 3565s
 68355 14031  139.00000   99  384          -  140.00000      -   159 3570s
 68429 14036  140.00000   67  515          -  140.00000      -   159 3575s
 68523 14063  140.00000  126  899          -  140.00000      -   159 3580s
 68584 14050 infeasible   89               -  140.00000      -   159 3585s
 68666 14097  140.00000  120  780          -  140.00000      -   159 3600s

Cutting planes:
  Gomory: 8
  Cover: 288
  Implied bound: 61
  Projected implied bound: 1
  Clique: 91
  MIR: 45
  StrongCG: 37
  Flow cover: 170
  GUB cover: 6
  Zero half: 34
  Network: 5
  RLT: 1
  Relax-and-lift: 60
  BQP: 1

Explored 68667 nodes (10967838 simplex iterations) in 3600.05 seconds (3700.53 work units)
Thread count was 1 (of 8 available processors)

Solution count 0

Time limit reached
Best objective -, best bound 1.400000000000e+02, gap -
