
Gurobi 11.0.1 (win64) logging started Mon Apr  1 12:48:17 2024

Set parameter LogFile to value "C:\Projetos\Job_Rotation_Algorithms\Outputs\GurobiLogs\gurobi_log-output-34_ton-c258-BorbaRittModel-NoExtraConstraint-2.log"
Gurobi Optimizer version 11.0.1 build v11.0.1rc0 (win64 - Windows 10.0 (19045.2))

CPU model: 11th Gen Intel(R) Core(TM) i7-1165G7 @ 2.80GHz, instruction set [SSE2|AVX|AVX2|AVX512]
Thread count: 4 physical cores, 8 logical processors, using up to 1 threads


Gurobi 11.0.1 (win64) logging started Mon Apr  1 21:36:08 2024

Set parameter LogFile to value "C:\Projetos\Job_Rotation_Algorithms\Outputs\GurobiLogs\gurobi_log-output-34_ton-c258-BorbaRittModel-NoExtraConstraint-2.log"
Gurobi Optimizer version 11.0.1 build v11.0.1rc0 (win64 - Windows 10.0 (19045.2))

CPU model: 11th Gen Intel(R) Core(TM) i7-1165G7 @ 2.80GHz, instruction set [SSE2|AVX|AVX2|AVX512]
Thread count: 4 physical cores, 8 logical processors, using up to 1 threads


Gurobi 11.0.1 (win64) logging started Thu Apr  4 23:33:38 2024

Set parameter LogFile to value "C:\Projetos\Job_Rotation_Algorithms\Outputs\GurobiLogs\gurobi_log-output-34_ton-c258-BorbaRittModel-NoExtraConstraint-2.log"
Gurobi Optimizer version 11.0.1 build v11.0.1rc0 (win64 - Windows 10.0 (19045.2))

CPU model: 11th Gen Intel(R) Core(TM) i7-1165G7 @ 2.80GHz, instruction set [SSE2|AVX|AVX2|AVX512]
Thread count: 4 physical cores, 8 logical processors, using up to 1 threads


Gurobi 11.0.1 (win64) logging started Sat Apr  6 13:03:18 2024

Set parameter LogFile to value "C:\Projetos\Job_Rotation_Algorithms\Outputs\GurobiLogs\gurobi_log-output-34_ton-c258-BorbaRittModel-NoExtraConstraint-2.log"
Gurobi Optimizer version 11.0.1 build v11.0.1rc0 (win64 - Windows 10.0 (19045.2))

CPU model: 11th Gen Intel(R) Core(TM) i7-1165G7 @ 2.80GHz, instruction set [SSE2|AVX|AVX2|AVX512]
Thread count: 4 physical cores, 8 logical processors, using up to 1 threads


Gurobi 11.0.1 (win64) logging started Sun Apr  7 02:36:06 2024

Set parameter LogFile to value "C:\Projetos\Job_Rotation_Algorithms\Outputs\GurobiLogs\gurobi_log-output-34_ton-c258-BorbaRittModel-NoExtraConstraint-2.log"
Gurobi Optimizer version 11.0.1 build v11.0.1rc0 (win64 - Windows 10.0 (19045.2))

CPU model: 11th Gen Intel(R) Core(TM) i7-1165G7 @ 2.80GHz, instruction set [SSE2|AVX|AVX2|AVX512]
Thread count: 4 physical cores, 8 logical processors, using up to 1 threads


Gurobi 11.0.1 (win64) logging started Sun Apr  7 09:49:02 2024

Set parameter LogFile to value "C:\Projetos\Job_Rotation_Algorithms\Outputs\GurobiLogs\gurobi_log-output-34_ton-c258-BorbaRittModel-NoExtraConstraint-2.log"
Gurobi Optimizer version 11.0.1 build v11.0.1rc0 (win64 - Windows 10.0 (19045.2))

CPU model: 11th Gen Intel(R) Core(TM) i7-1165G7 @ 2.80GHz, instruction set [SSE2|AVX|AVX2|AVX512]
Thread count: 4 physical cores, 8 logical processors, using up to 1 threads


Gurobi 11.0.1 (win64) logging started Tue Apr  9 08:07:39 2024

Set parameter LogFile to value "C:\Projetos\Job_Rotation_Algorithms\Outputs\GurobiLogs\gurobi_log-output-34_ton-c258-BorbaRittModel-NoExtraConstraint-2.log"
Gurobi Optimizer version 11.0.1 build v11.0.1rc0 (win64 - Windows 10.0 (19045.2))

CPU model: 11th Gen Intel(R) Core(TM) i7-1165G7 @ 2.80GHz, instruction set [SSE2|AVX|AVX2|AVX512]
Thread count: 4 physical cores, 8 logical processors, using up to 1 threads


Gurobi 11.0.1 (win64) logging started Wed Apr 10 17:37:20 2024

Set parameter LogFile to value "C:\Projetos\Job_Rotation_Algorithms\Outputs\GurobiLogs\gurobi_log-output-34_ton-c258-BorbaRittModel-NoExtraConstraint-2.log"
Gurobi Optimizer version 11.0.1 build v11.0.1rc0 (win64 - Windows 10.0 (19045.2))

CPU model: 11th Gen Intel(R) Core(TM) i7-1165G7 @ 2.80GHz, instruction set [SSE2|AVX|AVX2|AVX512]
Thread count: 4 physical cores, 8 logical processors, using up to 1 threads


Gurobi 11.0.1 (win64) logging started Thu Apr 11 01:42:37 2024

Set parameter LogFile to value "C:\Projetos\Job_Rotation_Algorithms\Outputs\GurobiLogs\gurobi_log-output-34_ton-c258-BorbaRittModel-NoExtraConstraint-2.log"
Gurobi Optimizer version 11.0.1 build v11.0.1rc0 (win64 - Windows 10.0 (19045.2))

CPU model: 11th Gen Intel(R) Core(TM) i7-1165G7 @ 2.80GHz, instruction set [SSE2|AVX|AVX2|AVX512]
Thread count: 4 physical cores, 8 logical processors, using up to 1 threads


Gurobi 11.0.1 (win64) logging started Sun Apr 21 02:59:12 2024

Set parameter LogFile to value "C:\Projetos\Job_Rotation_Algorithms\Outputs\GurobiLogs\gurobi_log-output-34_ton-c258-BorbaRittModel-NoExtraConstraint-2.log"
Gurobi Optimizer version 11.0.1 build v11.0.1rc0 (win64 - Windows 10.0 (19045.2))

CPU model: 11th Gen Intel(R) Core(TM) i7-1165G7 @ 2.80GHz, instruction set [SSE2|AVX|AVX2|AVX512]
Thread count: 4 physical cores, 8 logical processors, using up to 1 threads


Gurobi 11.0.1 (win64) logging started Fri Apr 26 07:41:13 2024

Set parameter LogFile to value "C:\Projetos\Job_Rotation_Algorithms\Outputs\GurobiLogs\gurobi_log-output-34_ton-c258-BorbaRittModel-NoExtraConstraint-2.log"
Gurobi Optimizer version 11.0.1 build v11.0.1rc0 (win64 - Windows 10.0 (19045.2))

CPU model: 11th Gen Intel(R) Core(TM) i7-1165G7 @ 2.80GHz, instruction set [SSE2|AVX|AVX2|AVX512]
Thread count: 4 physical cores, 8 logical processors, using up to 1 threads


Gurobi 11.0.1 (win64) logging started Sat Apr 27 04:32:43 2024

Set parameter LogFile to value "C:\Projetos\Job_Rotation_Algorithms\Outputs\GurobiLogs\gurobi_log-output-34_ton-c258-BorbaRittModel-NoExtraConstraint-2.log"
Gurobi Optimizer version 11.0.1 build v11.0.1rc0 (win64 - Windows 10.0 (19045.2))

CPU model: 11th Gen Intel(R) Core(TM) i7-1165G7 @ 2.80GHz, instruction set [SSE2|AVX|AVX2|AVX512]
Thread count: 4 physical cores, 8 logical processors, using up to 1 threads


Gurobi 11.0.1 (win64) logging started Sat Apr 27 14:50:41 2024

Set parameter LogFile to value "C:\Projetos\Job_Rotation_Algorithms\Outputs\GurobiLogs\gurobi_log-output-34_ton-c258-BorbaRittModel-NoExtraConstraint-2.log"
Gurobi Optimizer version 11.0.1 build v11.0.1rc0 (win64 - Windows 10.0 (19045.2))

CPU model: 11th Gen Intel(R) Core(TM) i7-1165G7 @ 2.80GHz, instruction set [SSE2|AVX|AVX2|AVX512]
Thread count: 4 physical cores, 8 logical processors, using up to 1 threads


Gurobi 11.0.1 (win64) logging started Mon Apr 29 21:20:29 2024

Set parameter LogFile to value "C:\Projetos\Job_Rotation_Algorithms\Outputs\GurobiLogs\gurobi_log-output-34_ton-c258-BorbaRittModel-NoExtraConstraint-2.log"
Gurobi Optimizer version 11.0.1 build v11.0.1rc0 (win64 - Windows 10.0 (19045.2))

CPU model: 11th Gen Intel(R) Core(TM) i7-1165G7 @ 2.80GHz, instruction set [SSE2|AVX|AVX2|AVX512]
Thread count: 4 physical cores, 8 logical processors, using up to 1 threads

WLS license 901038 - registered to Bitka Analytics
Optimize a model with 14933 rows, 2054 columns and 46744 nonzeros
Model fingerprint: 0x7466c7b4
Variable types: 2 continuous, 2052 integer (2052 binary)
Coefficient statistics:
  Matrix range     [1e+00, 3e+02]
  Objective range  [1e+00, 1e+00]
  Bounds range     [1e+00, 5e+02]
  RHS range        [1e+00, 5e+02]
Presolve removed 1 rows and 1 columns
Presolve time: 0.07s
Presolved: 14932 rows, 2053 columns, 46742 nonzeros
Variable types: 0 continuous, 2053 integer (2052 binary)
Root relaxation presolved: 14932 rows, 2053 columns, 46742 nonzeros


Root relaxation: objective 1.400000e+02, 2534 iterations, 0.27 seconds (0.29 work units)

    Nodes    |    Current Node    |     Objective Bounds      |     Work
 Expl Unexpl |  Obj  Depth IntInf | Incumbent    BestBd   Gap | It/Node Time

     0     0  140.00000    0  341          -  140.00000      -     -    2s
     0     0  140.00000    0  521          -  140.00000      -     -    3s
     0     0  140.00000    0  494          -  140.00000      -     -    3s
     0     0  140.00000    0  496          -  140.00000      -     -    5s
     0     0  140.00000    0  471          -  140.00000      -     -    5s
     0     0  140.00000    0  480          -  140.00000      -     -    6s
     0     0  140.00000    0  476          -  140.00000      -     -    6s
     0     0  140.00000    0  466          -  140.00000      -     -    7s
     0     0  140.00000    0  445          -  140.00000      -     -    7s
     0     0  140.00000    0  408          -  140.00000      -     -    8s
     0     0  140.00000    0  356          -  140.00000      -     -    8s
     0     0  140.00000    0  400          -  140.00000      -     -    9s
     0     0  140.00000    0  278          -  140.00000      -     -   10s
     0     2  140.00000    0  278          -  140.00000      -     -   13s
    53    55  140.00000   31  263          -  140.00000      -   256   15s
   219   189  140.00000   26  352          -  140.00000      -   192   20s
   423   352  140.00000   27  402          -  140.00000      -   164   25s
   607   459  140.00000   56  502          -  140.00000      -   155   30s
   610   461  140.00000   41  455          -  140.00000      -   154   36s
   614   464  140.00000   49  310          -  140.00000      -   153   40s
   620   468  140.00000   25  454          -  140.00000      -   151   46s
   625   471  140.00000   35  421          -  140.00000      -   150   50s
   628   473  140.00000   60  226          -  140.00000      -   150   55s
   641   484  140.00000   20  315          -  140.00000      -   124   62s
   675   507  140.00000   37  473          -  140.00000      -   126   65s
   724   527  140.00000   23  228          -  140.00000      -   143   70s
   794   560  140.00000   21  392          -  140.00000      -   152   75s
   869   592 infeasible   56               -  140.00000      -   166   80s
   931   623  140.00000   42  305          -  140.00000      -   169   85s
  1003   649 infeasible   35               -  140.00000      -   180   90s
  1092   697  140.00000   59  260          -  140.00000      -   184   95s
  1192   729 infeasible   41               -  140.00000      -   190  100s
  1286   770  140.00000   34  224          -  140.00000      -   191  105s
  1384   809  140.00000   49  242          -  140.00000      -   197  110s
  1442   828  140.00000   37  388          -  140.00000      -   204  115s
  1534   871 infeasible   58               -  140.00000      -   208  120s
  1599   889  140.00000   45  461          -  140.00000      -   215  125s
  1686   919  140.00000   51  341          -  140.00000      -   223  130s
  1758   935 infeasible   52               -  140.00000      -   230  135s
  1806   957  140.00000   42  370          -  140.00000      -   230  144s
  1826   968 infeasible   54               -  140.00000      -   230  145s
  1971  1029  140.00000   57  255          -  140.00000      -   235  150s
  2097  1097  140.00000   35  329          -  140.00000      -   240  155s
  2242  1208  140.00000   19  369          -  140.00000      -   244  160s
  2432  1346  140.00000   29  369          -  140.00000      -   246  165s
  2549  1429 infeasible   64               -  140.00000      -   253  170s
  2666  1524  140.00000   48  254          -  140.00000      -   255  175s
  2790  1616  140.00000   35  294          -  140.00000      -   257  180s
  2899  1693 infeasible   34               -  140.00000      -   261  185s
  2980  1732 infeasible   35               -  140.00000      -   263  190s
  3070  1800  140.00000   47  278          -  140.00000      -   267  195s
  3193  1901  140.00000   48  334          -  140.00000      -   268  200s
  3252  1936  140.00000   46  353          -  140.00000      -   274  205s
  3400  2060  140.00000   44  323          -  140.00000      -   275  210s
  3558  2164  140.00000   51  312          -  140.00000      -   277  215s
  3686  2248  140.00000   41  319          -  140.00000      -   281  220s
  3830  2358 infeasible   66               -  140.00000      -   285  225s
  3988  2474  140.00000   51  337          -  140.00000      -   286  230s
  4098  2550 infeasible   69               -  140.00000      -   291  235s
  4157  2578 infeasible   63               -  140.00000      -   298  240s
  4237  2628  140.00000   53  432          -  140.00000      -   301  248s
  4282  2655  140.00000   35  339          -  140.00000      -   300  250s
  4388  2711  140.00000   35  285          -  140.00000      -   303  255s
  4493  2782  140.00000   41  332          -  140.00000      -   308  260s
  4595  2844  140.00000   54  409          -  140.00000      -   310  265s
  4696  2905  140.00000   41  343          -  140.00000      -   312  270s
  4833  2978  140.00000   40  324          -  140.00000      -   312  275s
  4934  3047  140.00000   39  360          -  140.00000      -   314  280s
  5051  3108  140.00000   42  330          -  140.00000      -   314  285s
  5146  3175  140.00000   57  316          -  140.00000      -   315  290s
  5230  3217 infeasible   38               -  140.00000      -   319  295s
  5334  3303  140.00000   55  220          -  140.00000      -   320  300s
  5423  3330 infeasible   71               -  140.00000      -   326  305s
  5562  3363  140.00000   73  245          -  140.00000      -   330  310s
  5667  3424  140.00000   37  331          -  140.00000      -   334  315s
  5778  3483  140.00000   44  331          -  140.00000      -   335  320s
  5857  3532 infeasible   54               -  140.00000      -   339  325s
  5966  3599  140.00000   63  437          -  140.00000      -   341  330s
  6018  3627  140.00000   44  364          -  140.00000      -   343  339s
  6030  3633 infeasible   51               -  140.00000      -   343  340s
  6164  3673 infeasible   54               -  140.00000      -   344  345s
  6261  3722 infeasible   45               -  140.00000      -   348  350s
  6391  3776 infeasible   41               -  140.00000      -   349  355s
  6562  3899  140.00000   57  272          -  140.00000      -   348  360s
  6706  3997  140.00000   66  307          -  140.00000      -   350  365s
  6780  4023  140.00000   50  311          -  140.00000      -   354  370s
  6899  4112  140.00000   68  330          -  140.00000      -   355  375s
  7015  4180 infeasible   41               -  140.00000      -   356  380s
  7116  4243  140.00000   64  405          -  140.00000      -   356  385s
  7217  4310  140.00000   54  305          -  140.00000      -   357  390s
  7318  4379 infeasible   76               -  140.00000      -   358  395s
  7445  4450  140.00000   36  261          -  140.00000      -   359  400s
  7564  4543  140.00000   53  338          -  140.00000      -   358  405s
  7656  4607  140.00000   53  187          -  140.00000      -   359  410s
  7784  4697  140.00000   40  397          -  140.00000      -   358  415s
  7906  4787  140.00000   49  420          -  140.00000      -   358  420s
  8026  4887  140.00000   61  316          -  140.00000      -   357  425s
  8133  4958  140.00000   39  288          -  140.00000      -   358  430s
  8281  5070  140.00000   39  288          -  140.00000      -   357  435s
  8432  5167  140.00000   37  351          -  140.00000      -   356  440s
  8516  5215  140.00000   39  354          -  140.00000      -   358  445s
  8623  5302 infeasible   52               -  140.00000      -   359  450s
  8684  5335  140.00000   35  233          -  140.00000      -   360  459s
  8697  5348  140.00000   43  197          -  140.00000      -   360  460s
  8801  5424  140.00000   58  352          -  140.00000      -   360  465s
  8953  5534  140.00000   59  354          -  140.00000      -   359  470s
  9041  5574  140.00000   44  344          -  140.00000      -   362  475s
  9149  5642 infeasible   44               -  140.00000      -   363  480s
  9285  5738  140.00000   73  301          -  140.00000      -   364  485s
  9372  5773 infeasible   60               -  140.00000      -   367  490s
  9482  5819  140.00000   54  304          -  140.00000      -   368  495s
  9594  5897  140.00000   51  337          -  140.00000      -   369  500s
  9652  5919  140.00000   43  390          -  140.00000      -   371  505s
  9767  6004 infeasible   60               -  140.00000      -   372  510s
  9851  6050  140.00000   60  278          -  140.00000      -   374  515s
  9924  6085  140.00000   79  423          -  140.00000      -   376  520s
 10010  6113  140.00000   67  245          -  140.00000      -   377  525s
 10092  6151  140.00000   55  252          -  140.00000      -   379  530s
 10198  6205  140.00000   68  357          -  140.00000      -   380  535s
 10202  6207 infeasible   68               -  140.00000      -   380  621s
 10260  6237  140.00000   61  301          -  140.00000      -   381  625s
 10351  6258  140.00000   63  285          -  140.00000      -   382  630s
 10442  6301  140.00000   61  323          -  140.00000      -   384  635s
 10592  6425  140.00000   85  266          -  140.00000      -   383  640s
 10795  6564 infeasible   85               -  140.00000      -   381  645s
 10928  6633 infeasible   75               -  140.00000      -   382  650s
 10982  6637  140.00000   62  361          -  140.00000      -   382  658s
 11031  6656 infeasible   69               -  140.00000      -   382  660s
 11188  6721  140.00000   65  177          -  140.00000      -   383  665s
 11354  6765 infeasible   84               -  140.00000      -   383  670s
 11494  6789 infeasible   82               -  140.00000      -   384  675s
 11678  6833  140.00000   78  219          -  140.00000      -   385  680s
 11833  6846 infeasible   86               -  140.00000      -   386  685s
 11956  6851  140.00000   70  262          -  140.00000      -   388  690s
 12071  6877 infeasible   78               -  140.00000      -   391  695s
 12220  6898 infeasible   88               -  140.00000      -   392  700s
 12376  6954  140.00000   90  191          -  140.00000      -   393  705s
 12611  7013 infeasible   89               -  140.00000      -   392  710s
 12753  7011 infeasible   89               -  140.00000      -   393  715s
 12899  7061  140.00000   68  206          -  140.00000      -   394  720s
 13013  7113 infeasible   90               -  140.00000      -   396  725s
H13121  7133                     134.0000000  140.00000  4.48%   394  726s
 13251  7177 infeasible  112       134.00000  140.00000  4.48%   393  730s
H13258  7148                     135.0000000  140.00000  3.70%   394  730s
H13285  7144                     136.0000000  140.00000  2.94%   394  731s
 13472  7129 infeasible   87       136.00000  140.00000  2.94%   392  735s
H13502  7117                     137.0000000  140.00000  2.19%   391  735s
 13580  7163  140.00000   90  231  137.00000  140.00000  2.19%   392  740s
 13722  7194 infeasible   82       137.00000  140.00000  2.19%   392  745s
 13854  7226  140.00000   85  160  137.00000  140.00000  2.19%   392  750s
 13979  7264  140.00000   76  253  137.00000  140.00000  2.19%   393  755s
H14031  7178                     139.0000000  140.00000  0.72%   392  757s
 14035  7179  140.00000   38  237  139.00000  140.00000  0.72%   392  760s
 14038  7181  140.00000   35  130  139.00000  140.00000  0.72%   392  765s
 14042  7184  140.00000   50  196  139.00000  140.00000  0.72%   392  770s
 14048  7188  140.00000   58  228  139.00000  140.00000  0.72%   392  776s
 14051  7190  140.00000   53  297  139.00000  140.00000  0.72%   392  780s
 14054  7192  140.00000   49  285  139.00000  140.00000  0.72%   392  785s
 14080  7209 infeasible   35       139.00000  140.00000  0.72%   398  790s
 14119  7235  140.00000   55  313  139.00000  140.00000  0.72%   398  795s
 14177  7250 infeasible   80       139.00000  140.00000  0.72%   397  800s
 14212  7273  140.00000   45  270  139.00000  140.00000  0.72%   397  805s
 14252  7298  140.00000   65  242  139.00000  140.00000  0.72%   396  810s
 14300  7308  140.00000   33  315  139.00000  140.00000  0.72%   396  815s
 14346  7331  140.00000   56  321  139.00000  140.00000  0.72%   395  820s
 14393  7328  140.00000   32  132  139.00000  140.00000  0.72%   395  825s
 14438  7358  140.00000   54  318  139.00000  140.00000  0.72%   395  830s
 14491  7375  140.00000   79  181  139.00000  140.00000  0.72%   394  835s
 14549  7404  140.00000   57  135  139.00000  140.00000  0.72%   393  840s
 14607  7427  140.00000   52  320  139.00000  140.00000  0.72%   392  845s
 14646  7441 infeasible   71       139.00000  140.00000  0.72%   392  850s
 14696  7446 infeasible   93       139.00000  140.00000  0.72%   391  855s
 14743  7469  140.00000   54  317  139.00000  140.00000  0.72%   391  860s
 14795  7500  140.00000   80  203  139.00000  140.00000  0.72%   390  865s
 14817  7503  140.00000   89  245  139.00000  140.00000  0.72%   390  870s
 14845  7509  140.00000  102  192  139.00000  140.00000  0.72%   389  875s
 14895  7513  140.00000   55  268  139.00000  140.00000  0.72%   389  880s
 14950  7535  140.00000   58   89  139.00000  140.00000  0.72%   388  885s
 14980  7543  140.00000   67  152  139.00000  140.00000  0.72%   387  890s
 15018  7561  140.00000   92  300  139.00000  140.00000  0.72%   386  895s
 15034  7565  140.00000   98  298  139.00000  140.00000  0.72%   386  902s
H15056  6499                     140.0000000  140.00000  0.00%   386  904s

Cutting planes:
  GUB cover: 1
  RLT: 14
  BQP: 17

Explored 15057 nodes (5947875 simplex iterations) in 904.34 seconds (1091.12 work units)
Thread count was 1 (of 8 available processors)

Solution count 6: 140 139 137 ... 134

Optimal solution found (tolerance 1.00e-03)
Best objective 1.400000000000e+02, best bound 1.400000000000e+02, gap 0.0000%
