
Gurobi 11.0.1 (win64) logging started Thu Mar 14 08:04:40 2024

Set parameter LogFile to value "C:\Projetos\Job_Rotation_Algorithms\Outputs\GurobiLogs\gurobi_log-output-20_wee-c43-BorbaRittModel-NoExtraConstraint-2.log"
Gurobi Optimizer version 11.0.1 build v11.0.1rc0 (win64 - Windows 10.0 (19045.2))

CPU model: 11th Gen Intel(R) Core(TM) i7-1165G7 @ 2.80GHz, instruction set [SSE2|AVX|AVX2|AVX512]
Thread count: 4 physical cores, 8 logical processors, using up to 1 threads


Gurobi 11.0.1 (win64) logging started Fri Mar 15 00:42:06 2024

Set parameter LogFile to value "C:\Projetos\Job_Rotation_Algorithms\Outputs\GurobiLogs\gurobi_log-output-20_wee-c43-BorbaRittModel-NoExtraConstraint-2.log"
Gurobi Optimizer version 11.0.1 build v11.0.1rc0 (win64 - Windows 10.0 (19045.2))

CPU model: 11th Gen Intel(R) Core(TM) i7-1165G7 @ 2.80GHz, instruction set [SSE2|AVX|AVX2|AVX512]
Thread count: 4 physical cores, 8 logical processors, using up to 1 threads


Gurobi 11.0.1 (win64) logging started Tue Mar 19 09:18:26 2024

Set parameter LogFile to value "C:\Projetos\Job_Rotation_Algorithms\Outputs\GurobiLogs\gurobi_log-output-20_wee-c43-BorbaRittModel-NoExtraConstraint-2.log"
Gurobi Optimizer version 11.0.1 build v11.0.1rc0 (win64 - Windows 10.0 (19045.2))

CPU model: 11th Gen Intel(R) Core(TM) i7-1165G7 @ 2.80GHz, instruction set [SSE2|AVX|AVX2|AVX512]
Thread count: 4 physical cores, 8 logical processors, using up to 1 threads


Gurobi 11.0.1 (win64) logging started Mon Apr  1 12:44:27 2024

Set parameter LogFile to value "C:\Projetos\Job_Rotation_Algorithms\Outputs\GurobiLogs\gurobi_log-output-20_wee-c43-BorbaRittModel-NoExtraConstraint-2.log"
Gurobi Optimizer version 11.0.1 build v11.0.1rc0 (win64 - Windows 10.0 (19045.2))

CPU model: 11th Gen Intel(R) Core(TM) i7-1165G7 @ 2.80GHz, instruction set [SSE2|AVX|AVX2|AVX512]
Thread count: 4 physical cores, 8 logical processors, using up to 1 threads


Gurobi 11.0.1 (win64) logging started Mon Apr  1 21:32:21 2024

Set parameter LogFile to value "C:\Projetos\Job_Rotation_Algorithms\Outputs\GurobiLogs\gurobi_log-output-20_wee-c43-BorbaRittModel-NoExtraConstraint-2.log"
Gurobi Optimizer version 11.0.1 build v11.0.1rc0 (win64 - Windows 10.0 (19045.2))

CPU model: 11th Gen Intel(R) Core(TM) i7-1165G7 @ 2.80GHz, instruction set [SSE2|AVX|AVX2|AVX512]
Thread count: 4 physical cores, 8 logical processors, using up to 1 threads


Gurobi 11.0.1 (win64) logging started Thu Apr  4 23:30:12 2024

Set parameter LogFile to value "C:\Projetos\Job_Rotation_Algorithms\Outputs\GurobiLogs\gurobi_log-output-20_wee-c43-BorbaRittModel-NoExtraConstraint-2.log"
Gurobi Optimizer version 11.0.1 build v11.0.1rc0 (win64 - Windows 10.0 (19045.2))

CPU model: 11th Gen Intel(R) Core(TM) i7-1165G7 @ 2.80GHz, instruction set [SSE2|AVX|AVX2|AVX512]
Thread count: 4 physical cores, 8 logical processors, using up to 1 threads


Gurobi 11.0.1 (win64) logging started Sat Apr  6 12:59:09 2024

Set parameter LogFile to value "C:\Projetos\Job_Rotation_Algorithms\Outputs\GurobiLogs\gurobi_log-output-20_wee-c43-BorbaRittModel-NoExtraConstraint-2.log"
Gurobi Optimizer version 11.0.1 build v11.0.1rc0 (win64 - Windows 10.0 (19045.2))

CPU model: 11th Gen Intel(R) Core(TM) i7-1165G7 @ 2.80GHz, instruction set [SSE2|AVX|AVX2|AVX512]
Thread count: 4 physical cores, 8 logical processors, using up to 1 threads


Gurobi 11.0.1 (win64) logging started Sun Apr  7 02:32:42 2024

Set parameter LogFile to value "C:\Projetos\Job_Rotation_Algorithms\Outputs\GurobiLogs\gurobi_log-output-20_wee-c43-BorbaRittModel-NoExtraConstraint-2.log"
Gurobi Optimizer version 11.0.1 build v11.0.1rc0 (win64 - Windows 10.0 (19045.2))

CPU model: 11th Gen Intel(R) Core(TM) i7-1165G7 @ 2.80GHz, instruction set [SSE2|AVX|AVX2|AVX512]
Thread count: 4 physical cores, 8 logical processors, using up to 1 threads


Gurobi 11.0.1 (win64) logging started Sun Apr  7 09:45:34 2024

Set parameter LogFile to value "C:\Projetos\Job_Rotation_Algorithms\Outputs\GurobiLogs\gurobi_log-output-20_wee-c43-BorbaRittModel-NoExtraConstraint-2.log"
Gurobi Optimizer version 11.0.1 build v11.0.1rc0 (win64 - Windows 10.0 (19045.2))

CPU model: 11th Gen Intel(R) Core(TM) i7-1165G7 @ 2.80GHz, instruction set [SSE2|AVX|AVX2|AVX512]
Thread count: 4 physical cores, 8 logical processors, using up to 1 threads


Gurobi 11.0.1 (win64) logging started Tue Apr  9 08:03:56 2024

Set parameter LogFile to value "C:\Projetos\Job_Rotation_Algorithms\Outputs\GurobiLogs\gurobi_log-output-20_wee-c43-BorbaRittModel-NoExtraConstraint-2.log"
Gurobi Optimizer version 11.0.1 build v11.0.1rc0 (win64 - Windows 10.0 (19045.2))

CPU model: 11th Gen Intel(R) Core(TM) i7-1165G7 @ 2.80GHz, instruction set [SSE2|AVX|AVX2|AVX512]
Thread count: 4 physical cores, 8 logical processors, using up to 1 threads


Gurobi 11.0.1 (win64) logging started Wed Apr 10 17:33:04 2024

Set parameter LogFile to value "C:\Projetos\Job_Rotation_Algorithms\Outputs\GurobiLogs\gurobi_log-output-20_wee-c43-BorbaRittModel-NoExtraConstraint-2.log"
Gurobi Optimizer version 11.0.1 build v11.0.1rc0 (win64 - Windows 10.0 (19045.2))

CPU model: 11th Gen Intel(R) Core(TM) i7-1165G7 @ 2.80GHz, instruction set [SSE2|AVX|AVX2|AVX512]
Thread count: 4 physical cores, 8 logical processors, using up to 1 threads


Gurobi 11.0.1 (win64) logging started Thu Apr 11 01:38:58 2024

Set parameter LogFile to value "C:\Projetos\Job_Rotation_Algorithms\Outputs\GurobiLogs\gurobi_log-output-20_wee-c43-BorbaRittModel-NoExtraConstraint-2.log"
Gurobi Optimizer version 11.0.1 build v11.0.1rc0 (win64 - Windows 10.0 (19045.2))

CPU model: 11th Gen Intel(R) Core(TM) i7-1165G7 @ 2.80GHz, instruction set [SSE2|AVX|AVX2|AVX512]
Thread count: 4 physical cores, 8 logical processors, using up to 1 threads


Gurobi 11.0.1 (win64) logging started Wed Apr 17 01:38:11 2024

Set parameter LogFile to value "C:\Projetos\Job_Rotation_Algorithms\Outputs\GurobiLogs\gurobi_log-output-20_wee-c43-BorbaRittModel-NoExtraConstraint-2.log"
Gurobi Optimizer version 11.0.1 build v11.0.1rc0 (win64 - Windows 10.0 (19045.2))

CPU model: 11th Gen Intel(R) Core(TM) i7-1165G7 @ 2.80GHz, instruction set [SSE2|AVX|AVX2|AVX512]
Thread count: 4 physical cores, 8 logical processors, using up to 1 threads

WLS license 901038 - registered to Bitka Analytics
Optimize a model with 14786 rows, 2157 columns and 46333 nonzeros
Model fingerprint: 0x20a4e9bb
Variable types: 2 continuous, 2155 integer (2155 binary)
Coefficient statistics:
  Matrix range     [1e+00, 3e+01]
  Objective range  [1e+00, 1e+00]
  Bounds range     [1e+00, 9e+01]
  RHS range        [1e+00, 9e+01]
Presolve removed 1 rows and 1 columns
Presolve time: 0.05s
Presolved: 14785 rows, 2156 columns, 46331 nonzeros
Variable types: 0 continuous, 2156 integer (2155 binary)
Root relaxation presolved: 14785 rows, 2156 columns, 46331 nonzeros


Root relaxation: objective 1.500000e+02, 4046 iterations, 0.60 seconds (0.71 work units)

    Nodes    |    Current Node    |     Objective Bounds      |     Work
 Expl Unexpl |  Obj  Depth IntInf | Incumbent    BestBd   Gap | It/Node Time

     0     0  150.00000    0  484          -  150.00000      -     -    3s
     0     0  150.00000    0  712          -  150.00000      -     -    3s
     0     0  150.00000    0  692          -  150.00000      -     -    3s
     0     0  150.00000    0  472          -  150.00000      -     -    8s
     0     0  150.00000    0  451          -  150.00000      -     -    8s
     0     0  150.00000    0  563          -  150.00000      -     -   10s
     0     0  150.00000    0  515          -  150.00000      -     -   10s
     0     0  150.00000    0  341          -  150.00000      -     -   12s
     0     0  150.00000    0  353          -  150.00000      -     -   12s
     0     0  150.00000    0  406          -  150.00000      -     -   13s
     0     0  150.00000    0  406          -  150.00000      -     -   13s
     0     0  150.00000    0  457          -  150.00000      -     -   14s
     0     0  150.00000    0  453          -  150.00000      -     -   14s
     0     0  150.00000    0  239          -  150.00000      -     -   16s
     0     0  150.00000    0  443          -  150.00000      -     -   16s
     0     0  150.00000    0  238          -  150.00000      -     -   17s
     0     0  150.00000    0  238          -  150.00000      -     -   18s
     0     2  150.00000    0  238          -  150.00000      -     -   20s
   131   118  150.00000   81  235          -  150.00000      -   174   25s
   202   163  150.00000   10  424          -  150.00000      -   250   30s
   318   246  150.00000   44  366          -  150.00000      -   220   35s
   423   326  150.00000   13  430          -  150.00000      -   218   40s
   559   432  150.00000    6  296          -  150.00000      -   206   45s
   594   465  150.00000   43  425          -  150.00000      -   205   51s
   598   468  150.00000    7  376          -  150.00000      -   203   56s
   602   470  150.00000   21  226          -  150.00000      -   202   61s
   606   473  150.00000   18  201          -  150.00000      -   201   65s
   612   477  150.00000   78  458          -  150.00000      -   199   70s
   616   482  150.00000   10  352          -  150.00000      -   139   75s
   657   509  150.00000   31  279          -  150.00000      -   142   80s
   723   547  150.00000   63  217          -  150.00000      -   150   85s
   813   595  150.00000   47  269          -  150.00000      -   154   90s
   906   623  150.00000   31  230          -  150.00000      -   164   95s
   985   658  150.00000   41  280          -  150.00000      -   176  100s
  1042   680  150.00000   69  310          -  150.00000      -   193  108s
  1060   672  150.00000   65  285          -  150.00000      -   198  110s
  1124   660 infeasible   72               -  150.00000      -   217  115s
  1206   691  150.00000   40  217          -  150.00000      -   227  120s
  1289   718  150.00000   47  262          -  150.00000      -   237  125s
  1332   747  149.00000   63  367          -  150.00000      -   253  130s
  1400   772  150.00000   62  299          -  150.00000      -   262  135s
  1466   796  147.90717   93  412          -  150.00000      -   263  140s
  1586   834  150.00000   33  225          -  150.00000      -   258  145s
  1701   911  150.00000   86  339          -  150.00000      -   260  150s
  1817   966 infeasible   85               -  150.00000      -   263  155s
  1938  1021 infeasible   83               -  150.00000      -   270  160s
  2073  1087  150.00000   89  361          -  150.00000      -   273  165s
  2136  1130  150.00000  115  407          -  150.00000      -   279  170s
  2207  1171 infeasible   59               -  150.00000      -   286  175s
  2342  1260  150.00000   90  330          -  150.00000      -   286  180s
  2435  1303 infeasible   43               -  150.00000      -   289  185s
  2581  1423  150.00000   66  306          -  150.00000      -   291  190s
  2663  1487 infeasible  102               -  150.00000      -   293  195s
  2769  1539  150.00000   51  211          -  150.00000      -   297  200s
  2897  1639  150.00000   86  314          -  150.00000      -   300  205s
  3044  1748  150.00000   54  181          -  150.00000      -   301  210s
  3190  1854  150.00000   78  271          -  150.00000      -   305  215s
  3297  1925  150.00000   91  309          -  150.00000      -   307  220s
  3439  2023  150.00000   87  143          -  150.00000      -   311  225s
  3591  2085 infeasible   91               -  150.00000      -   316  230s
  3765  2125  150.00000  101  281          -  150.00000      -   319  235s
  3930  2144 infeasible   94               -  150.00000      -   323  240s
  4043  2213  150.00000   86  281          -  150.00000      -   325  245s
  4165  2277 infeasible  100               -  150.00000      -   331  250s
  4322  2344  150.00000   93  249          -  150.00000      -   332  255s
  4431  2391 infeasible   87               -  150.00000      -   336  260s
  4491  2427  150.00000   98  307          -  150.00000      -   337  265s
  4636  2512 infeasible   95               -  150.00000      -   339  270s
  4800  2610  150.00000  100  244          -  150.00000      -   339  275s
  4929  2631 infeasible   98               -  150.00000      -   342  280s
  5082  2678  150.00000   91  254          -  150.00000      -   343  285s
  5211  2707  150.00000   83  312          -  150.00000      -   347  290s
  5333  2769  150.00000   85  136          -  150.00000      -   350  295s
  5479  2813  150.00000   86  187          -  150.00000      -   351  300s
  5648  2908  150.00000   84  252          -  150.00000      -   353  305s
  5818  3008  150.00000   93  169          -  150.00000      -   355  310s
  5970  3082 infeasible  103               -  150.00000      -   359  315s
  6037  3099  150.00000   88  203          -  150.00000      -   361  321s
  6203  3169  150.00000  114  158          -  150.00000      -   361  325s
  6362  3222 infeasible   93               -  150.00000      -   362  330s
  6479  3259  150.00000   88  194          -  150.00000      -   364  335s
  6582  3288  150.00000  109  252          -  150.00000      -   366  340s
  6700  3296 infeasible   95               -  150.00000      -   368  345s
  6835  3368 infeasible  100               -  150.00000      -   368  350s
  6992  3436  150.00000  101  244          -  150.00000      -   368  355s
  7125  3517 infeasible  110               -  150.00000      -   370  360s
  7329  3635  150.00000   95  233          -  150.00000      -   368  365s
  7480  3722 infeasible  111               -  150.00000      -   369  370s
  7598  3742  150.00000   87  215          -  150.00000      -   370  375s
  7710  3782 infeasible  100               -  150.00000      -   373  380s
  7827  3809  149.97459  106  264          -  150.00000      -   375  385s
  7979  3833 infeasible  101               -  150.00000      -   377  390s
  8093  3862 infeasible  106               -  150.00000      -   378  395s
  8124  3867  150.00000  103  152          -  150.00000      -   379  402s
  8176  3867  150.00000   98  187          -  150.00000      -   381  405s
  8335  3920  150.00000   95  157          -  150.00000      -   381  410s
  8495  3964  150.00000   93  196          -  150.00000      -   382  415s
  8632  3991  150.00000  109  131          -  150.00000      -   384  420s
  8767  3975  150.00000   96  237          -  150.00000      -   386  425s
  8914  4050  150.00000  107  234          -  150.00000      -   386  430s
  9007  4053 infeasible   91               -  150.00000      -   388  435s
  9108  4097  150.00000  103  160          -  150.00000      -   390  440s
  9227  4142  150.00000   99  168          -  150.00000      -   391  445s
  9358  4181  150.00000  106  189          -  150.00000      -   392  450s
  9448  4225  150.00000   81  221          -  150.00000      -   394  455s
  9586  4287  150.00000   93  247          -  150.00000      -   394  460s
  9707  4340 infeasible  104               -  150.00000      -   395  465s
  9827  4373  150.00000   93  252          -  150.00000      -   397  470s
  9951  4417 infeasible   96               -  150.00000      -   398  475s
 10099  4443  150.00000   80  294          -  150.00000      -   398  480s
 10202  4498  150.00000   91  183          -  150.00000      -   398  571s
 10288  4528  150.00000   93  165          -  150.00000      -   399  575s
 10385  4589  150.00000   90  356          -  150.00000      -   401  580s
 10488  4651  150.00000  117  286          -  150.00000      -   401  585s
 10561  4683 infeasible   91               -  150.00000      -   404  590s
 10710  4710 infeasible   96               -  150.00000      -   404  595s
 10733  4715  150.00000   98  223          -  150.00000      -   404  604s
 10751  4715 infeasible   97               -  150.00000      -   405  605s
 10882  4750 infeasible  123               -  150.00000      -   406  610s
 11035  4781  150.00000  101  191          -  150.00000      -   407  615s
 11241  4825 infeasible   97               -  150.00000      -   406  620s
 11377  4865  143.81909  106  242          -  150.00000      -   408  625s
 11515  4849  150.00000   89  198          -  150.00000      -   409  630s
 11665  4883  150.00000   95  216          -  150.00000      -   410  635s
 11821  4904 infeasible   93               -  150.00000      -   410  640s
 11943  4906  150.00000   88  248          -  150.00000      -   412  645s
 12111  4968  149.48279  101  351          -  150.00000      -   411  650s
 12252  4976 infeasible   94               -  150.00000      -   412  655s
 12368  5020  150.00000   81  243          -  150.00000      -   412  660s
 12515  5123  150.00000   85  266          -  150.00000      -   411  665s
 12630  5145 infeasible   99               -  150.00000      -   412  670s
 12759  5224  150.00000   98  242          -  150.00000      -   412  675s
 12865  5290  149.86846  108  353          -  150.00000      -   413  680s
 12993  5322  150.00000   96  238          -  150.00000      -   413  685s
 13097  5370 infeasible   76               -  150.00000      -   414  690s
 13181  5400  150.00000   79  345          -  150.00000      -   415  695s
 13281  5444  150.00000   87  242          -  150.00000      -   416  700s
 13379  5493  149.19512   90  291          -  150.00000      -   417  705s
 13478  5515  150.00000  110  218          -  150.00000      -   418  710s
 13602  5519  150.00000   96  250          -  150.00000      -   418  715s
 13733  5618  150.00000   82  258          -  150.00000      -   418  720s
 13817  5616 infeasible  103               -  150.00000      -   419  725s
 13908  5669 infeasible   96               -  150.00000      -   420  730s
 14047  5788 infeasible   99               -  150.00000      -   418  735s
 14189  5900  150.00000   79  264          -  150.00000      -   417  740s
 14357  6042  150.00000   88  352          -  150.00000      -   415  745s
 14500  6143  150.00000   85  267          -  150.00000      -   415  750s
 14651  6230  150.00000   49  265          -  150.00000      -   415  755s
 14757  6318  150.00000   57  279          -  150.00000      -   414  762s
 14823  6374 infeasible   87               -  150.00000      -   414  765s
 14965  6486  150.00000   71  288          -  150.00000      -   413  770s
 15073  6568  150.00000   53  424          -  150.00000      -   413  775s
 15205  6682  150.00000   55  286          -  150.00000      -   412  780s
 15337  6800  150.00000   90  212          -  150.00000      -   411  785s
 15471  6906  150.00000   69  286          -  150.00000      -   411  790s
 15610  7011  150.00000   57  310          -  150.00000      -   410  795s
 15747  7128  150.00000   93  312          -  150.00000      -   410  800s
 15899  7236 infeasible   93               -  150.00000      -   409  805s
 16043  7338  150.00000   51  234          -  150.00000      -   409  810s
 16226  7493 infeasible   55               -  150.00000      -   408  815s
 16380  7619  150.00000   91  343          -  150.00000      -   407  820s
 16501  7708  150.00000   37  188          -  150.00000      -   407  825s
 16696  7853  150.00000   79  286          -  150.00000      -   405  830s
 16824  7947  150.00000   48  311          -  150.00000      -   405  840s
 16972  8045  150.00000   37  342          -  150.00000      -   405  845s
 17139  8158 infeasible   58               -  150.00000      -   404  850s
 17335  8320  150.00000   64  304          -  150.00000      -   403  855s
 17490  8437  150.00000   43  344          -  150.00000      -   403  860s
 17683  8600  150.00000   42  329          -  150.00000      -   401  865s
 17832  8717  150.00000   65  310          -  150.00000      -   401  870s
 17928  8781  150.00000   50  264          -  150.00000      -   402  875s
 18077  8888  150.00000   45  285          -  150.00000      -   401  880s
 18229  8994 infeasible  115               -  150.00000      -   401  885s
 18328  9077  150.00000   88  337          -  150.00000      -   401  890s
 18409  9130  150.00000   61  398          -  150.00000      -   402  895s
 18496  9203  150.00000  107  348          -  150.00000      -   402  900s
 18596  9277  150.00000   82  309          -  150.00000      -   403  905s
 18756  9367  150.00000   42  269          -  150.00000      -   402  910s
 18928  9515  150.00000   94  279          -  150.00000      -   401  915s
 19088  9625  150.00000   67  303          -  150.00000      -   401  920s
 19265  9772  150.00000  107  278          -  150.00000      -   400  925s
 19412  9897  150.00000  102  293          -  150.00000      -   399  930s
 19488  9953  150.00000   61  318          -  150.00000      -   399  935s
 19602 10053  150.00000  103  315          -  150.00000      -   400  940s
 19671 10092  150.00000   42  280          -  150.00000      -   400  945s
 19758 10145  150.00000   46  260          -  150.00000      -   401  950s
 19841 10210  150.00000   92  273          -  150.00000      -   401  960s
 19949 10282 infeasible   80               -  150.00000      -   401  965s
 20097 10400 infeasible   98               -  150.00000      -   401  970s
 20229 10488 infeasible   77               -  150.00000      -   401  975s
 20411 10636  150.00000   98  267          -  150.00000      -   399  980s
 20556 10745  150.00000   95  302          -  150.00000      -   399  985s
 20710 10867  150.00000   95  241          -  150.00000      -   398  990s
 20803 10946  150.00000   53  296          -  150.00000      -   398  995s
 20909 11042  149.80805  114  336          -  150.00000      -   398 1000s
 21038 11139  150.00000   83  252          -  150.00000      -   398 1005s
 21152 11240  149.00000  133  299          -  150.00000      -   398 1010s
 21334 11382  150.00000   88  235          -  150.00000      -   397 1015s
 21453 11483  150.00000   34  279          -  150.00000      -   397 1020s
 21647 11665  150.00000   39  329          -  150.00000      -   396 1025s
 21881 11849  150.00000   70  268          -  150.00000      -   395 1030s
 22057 11983  150.00000   98  278          -  150.00000      -   395 1035s
 22188 12074  150.00000   49  347          -  150.00000      -   394 1040s
 22277 12133 infeasible   98               -  150.00000      -   395 1045s
 22459 12271 infeasible   99               -  150.00000      -   394 1050s
 22635 12389 infeasible  105               -  150.00000      -   393 1055s
 22870 12580  150.00000  115  296          -  150.00000      -   392 1060s
 23015 12685  150.00000   85  239          -  150.00000      -   392 1065s
 23248 12852  150.00000   62  203          -  150.00000      -   390 1070s
 23439 12985  150.00000   70  231          -  150.00000      -   390 1075s
 23514 13044  150.00000  107  277          -  150.00000      -   389 1083s
 23581 13089  150.00000   89  222          -  150.00000      -   389 1085s
 23747 13224  150.00000  108  345          -  150.00000      -   389 1090s
 23895 13320 infeasible  124               -  150.00000      -   389 1095s
 24079 13448  150.00000   81  323          -  150.00000      -   389 1100s
 24269 13586  150.00000  108  295          -  150.00000      -   388 1105s
 24500 13747 infeasible  111               -  150.00000      -   387 1110s
 24683 13846  150.00000   97  248          -  150.00000      -   387 1115s
 24869 13958  150.00000  101  351          -  150.00000      -   387 1120s
 25077 14064  150.00000   53  172          -  150.00000      -   387 1125s
 25272 14193  150.00000   83  298          -  150.00000      -   386 1130s
 25426 14295 infeasible  127               -  150.00000      -   386 1135s
 25563 14394 infeasible  112               -  150.00000      -   386 1140s
 25678 14475 infeasible   97               -  150.00000      -   386 1145s
 25839 14604  150.00000   94  195          -  150.00000      -   386 1150s
 26053 14748 infeasible   82               -  150.00000      -   385 1155s
 26229 14876  150.00000   72  273          -  150.00000      -   384 1160s
 26353 14958  150.00000   64  268          -  150.00000      -   384 1165s
 26482 15053  150.00000  104  280          -  150.00000      -   385 1170s
 26619 15132  150.00000   68  183          -  150.00000      -   385 1175s
 26773 15222  150.00000   61  252          -  150.00000      -   385 1180s
 26939 15316  150.00000   99  251          -  150.00000      -   384 1185s
 27163 15456  150.00000   98  248          -  150.00000      -   384 1190s
 27339 15536 infeasible   99               -  150.00000      -   383 1195s
 27466 15611  150.00000   81  323          -  150.00000      -   383 1200s
 27579 15650  150.00000   89  218          -  150.00000      -   383 1211s
 27688 15699 infeasible   88               -  150.00000      -   384 1215s
 27823 15780  150.00000   67  250          -  150.00000      -   384 1220s
 28039 15922  150.00000   94  281          -  150.00000      -   383 1225s
 28148 15991 infeasible   97               -  150.00000      -   383 1230s
 28324 16103  150.00000   94  337          -  150.00000      -   383 1235s
 28519 16232  150.00000  121  267          -  150.00000      -   383 1240s
 28671 16326  150.00000   97  299          -  150.00000      -   383 1245s
 28814 16391  150.00000  100  338          -  150.00000      -   383 1250s
 29015 16496 infeasible  110               -  150.00000      -   383 1255s
 29171 16588  150.00000   95  306          -  150.00000      -   383 1260s
 29318 16689  150.00000   68  347          -  150.00000      -   383 1265s
 29463 16768  150.00000   47  288          -  150.00000      -   384 1270s
 29598 16879  150.00000  118  353          -  150.00000      -   384 1275s
 29724 16971  150.00000  132  295          -  150.00000      -   384 1280s
 29889 17084  150.00000   89  341          -  150.00000      -   383 1285s
 30029 17190  150.00000  108  291          -  150.00000      -   383 1290s
 30187 17290  150.00000   70  375          -  150.00000      -   383 1295s
 30387 17420  150.00000  113  302          -  150.00000      -   382 1300s
 30542 17499  150.00000   77  273          -  150.00000      -   383 1305s
 30734 17623  150.00000   92  330          -  150.00000      -   382 1310s
 30891 17734  150.00000   60  279          -  150.00000      -   382 1315s
 31069 17868  150.00000   69  225          -  150.00000      -   382 1320s
 31243 18010 infeasible  109               -  150.00000      -   382 1325s
 31432 18141  150.00000   93  335          -  150.00000      -   381 1330s
 31608 18279 infeasible  114               -  150.00000      -   381 1335s
 31743 18366 infeasible   92               -  150.00000      -   381 1340s
 31914 18477  150.00000   93  277          -  150.00000      -   381 1345s
 32039 18556  150.00000   67  349          -  150.00000      -   381 1350s
 32084 18595  150.00000   86  356          -  150.00000      -   381 1356s
 32108 18617  150.00000   98  431          -  150.00000      -   381 1360s
 32226 18699  150.00000   93  286          -  150.00000      -   381 1365s
 32275 18712 infeasible  110               -  150.00000      -   381 1370s
 32434 18839 infeasible  114               -  150.00000      -   381 1375s
 32597 18970  150.00000   76  282          -  150.00000      -   380 1380s
 32762 19087  150.00000   69  252          -  150.00000      -   380 1385s
 32878 19163  150.00000   63  202          -  150.00000      -   380 1390s
 32980 19245  150.00000  120  280          -  150.00000      -   380 1400s
 33090 19325  150.00000  110  329          -  150.00000      -   380 1405s
 33256 19453  150.00000  117  320          -  150.00000      -   380 1410s
 33395 19536  150.00000  114  288          -  150.00000      -   380 1415s
 33577 19656  150.00000   86  218          -  150.00000      -   380 1420s
 33782 19801 infeasible  122               -  150.00000      -   379 1425s
 33935 19918  150.00000   83  428          -  150.00000      -   379 1430s
 34004 19955 infeasible  121               -  150.00000      -   379 1435s
 34132 20055  150.00000   95  234          -  150.00000      -   379 1440s
 34282 20129  150.00000   72  203          -  150.00000      -   379 1445s
 34460 20255  150.00000  104  327          -  150.00000      -   379 1450s
 34594 20355  150.00000  103  304          -  150.00000      -   379 1455s
 34711 20422  150.00000   83  293          -  150.00000      -   380 1460s
 34914 20555 infeasible  112               -  150.00000      -   379 1465s
 35074 20673  150.00000   89  245          -  150.00000      -   379 1470s
 35223 20788  150.00000   94  294          -  150.00000      -   379 1475s
 35424 20949  150.00000  112  288          -  150.00000      -   378 1480s
 35510 21001 infeasible   53               -  150.00000      -   379 1485s
 35650 21113  150.00000  130  364          -  150.00000      -   378 1490s
 35788 21195  150.00000   82  342          -  150.00000      -   379 1495s
 35977 21312  150.00000   92  230          -  150.00000      -   379 1500s
 36031 21358  150.00000  111  208          -  150.00000      -   379 1508s
 36089 21362  150.00000   88  236          -  150.00000      -   379 1510s
 36213 21436  150.00000  115  323          -  150.00000      -   379 1515s
 36338 21529  150.00000  125  317          -  150.00000      -   380 1520s
 36460 21625  150.00000  114  369          -  150.00000      -   380 1525s
 36590 21701 infeasible  117               -  150.00000      -   380 1530s
 36813 21840 infeasible   98               -  150.00000      -   380 1535s
 37043 22012  150.00000  129  319          -  150.00000      -   379 1540s
 37204 22099  150.00000   84  251          -  150.00000      -   379 1545s
 37375 22216 infeasible  116               -  150.00000      -   379 1550s
 37544 22325  150.00000   44  237          -  150.00000      -   379 1555s
 37715 22464  150.00000   84  201          -  150.00000      -   379 1560s
 37930 22613  150.00000   79  177          -  150.00000      -   379 1565s
 38125 22762 infeasible  123               -  150.00000      -   378 1570s
 38319 22898  150.00000   81  196          -  150.00000      -   378 1575s
 38473 23006 infeasible  109               -  150.00000      -   378 1580s
 38612 23107  150.00000   75  261          -  150.00000      -   378 1585s
 38808 23235  150.00000   62  210          -  150.00000      -   378 1590s
 38967 23338 infeasible   96               -  150.00000      -   378 1595s
 39125 23448  150.00000   91  322          -  150.00000      -   378 1600s
 39299 23568  150.00000   78  289          -  150.00000      -   378 1605s
 39453 23690  150.00000  111  209          -  150.00000      -   378 1610s
 39616 23777 infeasible  114               -  150.00000      -   378 1615s
 39779 23868 infeasible  100               -  150.00000      -   378 1620s
 39917 23930  150.00000  106  328          -  150.00000      -   378 1625s
 40106 24059  150.00000   91  205          -  150.00000      -   378 1630s
 40115 24064  150.00000   93  227          -  150.00000      -   378 1637s
 40204 24121 infeasible  105               -  150.00000      -   378 1640s
 40360 24233  150.00000  111  284          -  150.00000      -   378 1645s
 40462 24297  150.00000  126  359          -  150.00000      -   379 1650s
 40583 24356 infeasible  102               -  150.00000      -   379 1655s
 40743 24412 infeasible   95               -  150.00000      -   379 1660s
 40876 24489 infeasible  114               -  150.00000      -   379 1665s
 41055 24612  150.00000  112  334          -  150.00000      -   379 1670s
 41209 24696  150.00000   71  240          -  150.00000      -   379 1675s
 41374 24807 infeasible  106               -  150.00000      -   379 1680s
 41500 24859 infeasible   69               -  150.00000      -   380 1685s
 41666 24999  150.00000   81  275          -  150.00000      -   379 1690s
 41805 25098 infeasible   81               -  150.00000      -   379 1695s
 41990 25229 infeasible  125               -  150.00000      -   379 1700s
 42110 25309  150.00000   62  207          -  150.00000      -   380 1705s
 42286 25429  150.00000   97  333          -  150.00000      -   380 1710s
 42468 25569  150.00000   91  187          -  150.00000      -   379 1715s
 42681 25704 infeasible   86               -  150.00000      -   379 1720s
 42947 25896  150.00000   73  257          -  150.00000      -   379 1725s
 43190 26021 infeasible   89               -  150.00000      -   378 1730s
 43333 26116 infeasible   89               -  150.00000      -   378 1735s
 43512 26215  150.00000   86  309          -  150.00000      -   378 1740s
 43648 26295  150.00000  103  215          -  150.00000      -   378 1745s
 43827 26418  150.00000  104  224          -  150.00000      -   378 1750s
 43961 26484 infeasible  112               -  150.00000      -   379 1755s
 44146 26591 infeasible   81               -  150.00000      -   379 1760s
 44319 26690  150.00000   95  356          -  150.00000      -   379 1765s
 44344 26715  150.00000  105  280          -  150.00000      -   379 1772s
 44390 26741  150.00000  121  396          -  150.00000      -   379 1775s
 44543 26840  150.00000   98  307          -  150.00000      -   379 1780s
 44687 26922  150.00000   88  352          -  150.00000      -   379 1785s
 44859 27030  150.00000   71  178          -  150.00000      -   379 1790s
 45048 27119  150.00000   86  288          -  150.00000      -   379 1795s
 45244 27243  150.00000   80  270          -  150.00000      -   378 1800s
 45382 27347  150.00000  100  366          -  150.00000      -   379 1805s
 45539 27464  150.00000   90  168          -  150.00000      -   379 1810s
 45712 27573  150.00000  100  263          -  150.00000      -   379 1815s
 45843 27660  150.00000   90  261          -  150.00000      -   379 1820s
 45969 27738 infeasible  123               -  150.00000      -   379 1825s
 46146 27871  150.00000   80  334          -  150.00000      -   379 1830s
 46304 27987  150.00000   80  176          -  150.00000      -   379 1835s
 46460 28105  150.00000  112  327          -  150.00000      -   379 1840s
 46601 28146 infeasible   90               -  150.00000      -   379 1845s
 46712 28185  150.00000   86  338          -  150.00000      -   380 1850s
 46885 28232 infeasible   96               -  150.00000      -   380 1855s
 47058 28271  150.00000   83  305          -  150.00000      -   380 1860s
 47213 28364 infeasible   99               -  150.00000      -   380 1865s
 47346 28453 infeasible  115               -  150.00000      -   380 1870s
 47454 28511 infeasible   84               -  150.00000      -   380 1875s
 47602 28573  150.00000   74  212          -  150.00000      -   380 1885s
 47765 28672  150.00000   90  372          -  150.00000      -   380 1890s
 47899 28722  150.00000  108  290          -  150.00000      -   380 1895s
 48078 28823  150.00000   95  372          -  150.00000      -   380 1900s
 48226 28895  150.00000   92  310          -  150.00000      -   380 1905s
 48378 28989  150.00000   77  232          -  150.00000      -   380 1910s
 48530 29095 infeasible  103               -  150.00000      -   380 1915s
 48688 29171 infeasible   85               -  150.00000      -   380 1920s
 48843 29254 infeasible  108               -  150.00000      -   380 1925s
 48978 29295  150.00000  101  324          -  150.00000      -   381 1930s
 49120 29333 infeasible   72               -  150.00000      -   381 1935s
 49343 29426  150.00000   78  259          -  150.00000      -   380 1940s
 49579 29484 infeasible   71               -  150.00000      -   380 1945s
 49782 29631  150.00000   90  318          -  150.00000      -   380 1950s
 49987 29750  150.00000   88  247          -  150.00000      -   380 1955s
 50160 29855 infeasible   83               -  150.00000      -   379 1960s
 50327 29986  150.00000  116  301          -  150.00000      -   379 1965s
 50459 30082  150.00000  103  275          -  150.00000      -   380 1970s
 50624 30179  150.00000   78  191          -  150.00000      -   380 1975s
 50794 30285  150.00000   78  288          -  150.00000      -   380 1980s
 50993 30410  150.00000  102  269          -  150.00000      -   379 1985s
 51136 30491  150.00000   77  216          -  150.00000      -   379 1995s
 51280 30589 infeasible   97               -  150.00000      -   380 2000s
 51454 30713  150.00000   85  325          -  150.00000      -   380 2005s
 51622 30801 infeasible   87               -  150.00000      -   380 2010s
 51780 30891  150.00000   82  254          -  150.00000      -   380 2015s
 51965 31002 infeasible   92               -  150.00000      -   380 2020s
 52113 31110  150.00000  129  318          -  150.00000      -   380 2025s
 52286 31187  150.00000   88  228          -  150.00000      -   380 2030s
 52445 31244  150.00000   90  240          -  150.00000      -   380 2035s
 52641 31344 infeasible   92               -  150.00000      -   380 2040s
 52849 31450 infeasible   87               -  150.00000      -   379 2045s
 53042 31515  150.00000   84  268          -  150.00000      -   379 2050s
 53215 31582  150.00000   90  278          -  150.00000      -   379 2055s
 53395 31708 infeasible  110               -  150.00000      -   379 2060s
 53557 31800 infeasible   96               -  150.00000      -   379 2065s
 53730 31921 infeasible   95               -  150.00000      -   379 2070s
 53906 31997 infeasible   94               -  150.00000      -   379 2075s
 54075 32036  150.00000   64  199          -  150.00000      -   379 2080s
 54265 32130 infeasible   67               -  150.00000      -   379 2085s
 54458 32225 infeasible   75               -  150.00000      -   379 2090s
 54636 32339  150.00000   74  254          -  150.00000      -   379 2095s
 54836 32489 infeasible  103               -  150.00000      -   378 2100s
 54977 32576 infeasible  114               -  150.00000      -   379 2105s
 55136 32673  150.00000   89  302          -  150.00000      -   379 2110s
 55257 32728 infeasible   75               -  150.00000      -   379 2115s
 55263 32732  150.00000   57  185          -  150.00000      -   379 2120s
 55325 32768  150.00000   64  199          -  150.00000      -   379 2125s
 55451 32860  150.00000   98  387          -  150.00000      -   379 2130s
 55538 32927 infeasible   82               -  150.00000      -   379 2135s
 55747 33084  150.00000   84  264          -  150.00000      -   379 2140s
 55926 33227  150.00000   99  279          -  150.00000      -   379 2145s
 56116 33371  150.00000   78  291          -  150.00000      -   379 2150s
 56239 33468  150.00000  129  286          -  150.00000      -   379 2155s
 56411 33566  150.00000  106  237          -  150.00000      -   379 2160s
 56595 33682  150.00000   39  244          -  150.00000      -   379 2165s
 56773 33830 infeasible   79               -  150.00000      -   379 2170s
 56935 33956 infeasible  123               -  150.00000      -   379 2175s
 57120 34101  150.00000   75  268          -  150.00000      -   379 2180s
 57326 34245  150.00000  107  213          -  150.00000      -   379 2185s
 57453 34308  150.00000   85  269          -  150.00000      -   379 2190s
 57581 34408  150.00000   70  256          -  150.00000      -   379 2195s
 57812 34547  150.00000   66  248          -  150.00000      -   379 2200s
 58013 34682  150.00000  116  232          -  150.00000      -   378 2205s
 58146 34781 infeasible  113               -  150.00000      -   379 2210s
 58361 34920  150.00000   88  301          -  150.00000      -   378 2215s
 58497 35006  150.00000   83  243          -  150.00000      -   378 2220s
 58626 35081 infeasible   72               -  150.00000      -   378 2225s
 58802 35201 infeasible   76               -  150.00000      -   379 2230s
 58998 35299 infeasible   90               -  150.00000      -   378 2235s
 59164 35415  150.00000  100  250          -  150.00000      -   378 2240s
 59301 35504  150.00000   75  260          -  150.00000      -   379 2250s
 59413 35564 infeasible   86               -  150.00000      -   379 2255s
 59588 35681  150.00000   97  318          -  150.00000      -   379 2260s
 59733 35744 infeasible   96               -  150.00000      -   379 2265s
 59860 35821 infeasible   89               -  150.00000      -   379 2270s
 60003 35888 infeasible   92               -  150.00000      -   379 2275s
 60133 35954  150.00000   86  253          -  150.00000      -   379 2280s
 60270 36015  150.00000   78  249          -  150.00000      -   380 2285s
 60391 36072  150.00000  106  315          -  150.00000      -   380 2290s
 60533 36122 infeasible   98               -  150.00000      -   380 2295s
 60658 36157 infeasible   78               -  150.00000      -   380 2300s
 60807 36226  150.00000   93  282          -  150.00000      -   380 2305s
 60937 36291  150.00000   89  337          -  150.00000      -   381 2310s
 61099 36381  150.00000   75  216          -  150.00000      -   381 2315s
 61253 36509  150.00000  109  372          -  150.00000      -   381 2320s
 61396 36588  150.00000   89  274          -  150.00000      -   381 2325s
 61552 36702  150.00000   67  199          -  150.00000      -   381 2330s
 61722 36804 infeasible   85               -  150.00000      -   381 2335s
 61899 36905 infeasible   77               -  150.00000      -   381 2340s
 62079 37029  150.00000  101  304          -  150.00000      -   381 2345s
 62218 37098  150.00000   65  208          -  150.00000      -   381 2350s
 62363 37195  150.00000   78  214          -  150.00000      -   381 2355s
 62540 37300  150.00000   95  272          -  150.00000      -   380 2360s
 62683 37359 infeasible   84               -  150.00000      -   381 2365s
 62830 37440 infeasible  113               -  150.00000      -   381 2370s
 63000 37522  150.00000   67  176          -  150.00000      -   381 2380s
 63187 37647  150.00000   72  166          -  150.00000      -   380 2385s
 63328 37726  150.00000   89  303          -  150.00000      -   381 2390s
 63516 37840  150.00000   81  247          -  150.00000      -   380 2395s
 63647 37921  150.00000   96  282          -  150.00000      -   381 2400s
 63830 38026  150.00000  101  262          -  150.00000      -   381 2405s
 64019 38145  150.00000   93  227          -  150.00000      -   380 2410s
 64140 38210 infeasible   92               -  150.00000      -   381 2415s
 64278 38294 infeasible   93               -  150.00000      -   381 2420s
 64428 38368  150.00000  107  302          -  150.00000      -   381 2425s
 64591 38463  150.00000   67  224          -  150.00000      -   381 2430s
 64765 38583 infeasible   99               -  150.00000      -   381 2435s
 64982 38736 infeasible  141               -  150.00000      -   381 2440s
 65132 38818 infeasible   96               -  150.00000      -   381 2445s
 65265 38891 infeasible   87               -  150.00000      -   381 2450s
 65453 38991  150.00000  117  286          -  150.00000      -   381 2455s
 65564 39046  150.00000  101  163          -  150.00000      -   381 2460s
 65749 39105  150.00000   72  325          -  150.00000      -   381 2465s
 65906 39208 infeasible   95               -  150.00000      -   381 2470s
 66011 39265  150.00000   88  197          -  150.00000      -   381 2475s
 66021 39275  150.00000   90  222          -  150.00000      -   381 2481s
 66099 39311 infeasible   92               -  150.00000      -   381 2485s
 66273 39415  150.00000   63  239          -  150.00000      -   381 2490s
 66451 39555  150.00000   79  233          -  150.00000      -   381 2495s
 66614 39658  150.00000   91  267          -  150.00000      -   381 2500s
 66775 39741  150.00000   96  245          -  150.00000      -   382 2505s
 66921 39817  150.00000   89  292          -  150.00000      -   382 2510s
 67079 39895  150.00000  107  281          -  150.00000      -   382 2515s
 67239 39961  150.00000   75  263          -  150.00000      -   382 2520s
 67428 40052 infeasible  100               -  150.00000      -   382 2525s
 67629 40193  150.00000   96  205          -  150.00000      -   382 2530s
 67828 40336  150.00000  104  341          -  150.00000      -   381 2535s
 68020 40442 infeasible   75               -  150.00000      -   381 2540s
 68260 40620  150.00000  113  298          -  150.00000      -   381 2545s
 68455 40683  150.00000   88  336          -  150.00000      -   381 2550s
 68626 40780  150.00000   80  230          -  150.00000      -   381 2555s
 68858 40958  150.00000  122  218          -  150.00000      -   381 2560s
 69062 41070  150.00000   74  285          -  150.00000      -   380 2565s
 69254 41188  150.00000   83  315          -  150.00000      -   380 2570s
 69499 41327 infeasible   82               -  150.00000      -   380 2575s
 69657 41445  150.00000  103  310          -  150.00000      -   380 2580s
 69841 41545  150.00000   94  283          -  150.00000      -   380 2585s
 69986 41630  150.00000   67  275          -  150.00000      -   380 2590s
 70233 41761 infeasible   90               -  150.00000      -   380 2595s
 70417 41881  150.00000   93  268          -  150.00000      -   380 2600s
 70541 41945  150.00000   76  204          -  150.00000      -   380 2609s
 70569 41957  150.00000   77  282          -  150.00000      -   380 2610s
 70781 42077  150.00000   95  267          -  150.00000      -   380 2615s
 70988 42176  150.00000   99  276          -  150.00000      -   380 2620s
 71086 42226  150.00000   84  254          -  150.00000      -   380 2625s
 71276 42284  150.00000   99  242          -  150.00000      -   380 2630s
 71443 42383  150.00000   85  258          -  150.00000      -   380 2635s
 71581 42459  150.00000   81  260          -  150.00000      -   380 2640s
 71753 42575  150.00000  109  285          -  150.00000      -   380 2645s
 71913 42655 infeasible  100               -  150.00000      -   380 2650s
 72068 42764  150.00000  108  344          -  150.00000      -   380 2655s
 72201 42833  150.00000   86  350          -  150.00000      -   380 2660s
 72341 42937  150.00000  121  307          -  150.00000      -   380 2665s
 72477 43019  150.00000   86  283          -  150.00000      -   380 2670s
 72661 43117 infeasible   81               -  150.00000      -   381 2675s
 72804 43190 infeasible   94               -  150.00000      -   381 2680s
 72983 43261  150.00000   83  245          -  150.00000      -   381 2685s
 73133 43339 infeasible   89               -  150.00000      -   381 2690s
 73302 43432 infeasible   96               -  150.00000      -   381 2695s
 73418 43496 infeasible   73               -  150.00000      -   381 2700s
 73566 43582 infeasible   83               -  150.00000      -   381 2705s
 73712 43664 infeasible   88               -  150.00000      -   381 2710s
 73877 43755  150.00000   85  290          -  150.00000      -   381 2715s
 73911 43769  150.00000   95  243          -  150.00000      -   381 2725s
 74048 43788 infeasible   89               -  150.00000      -   381 2730s
 74180 43848  150.00000   96  240          -  150.00000      -   382 2735s
 74313 43911 infeasible  104               -  150.00000      -   382 2740s
 74476 44020  150.00000  108  263          -  150.00000      -   382 2745s
 74606 44076  150.00000   81  243          -  150.00000      -   382 2750s
 74790 44184  150.00000   84  301          -  150.00000      -   382 2755s
 74963 44305  150.00000   89  228          -  150.00000      -   382 2760s
 75134 44312 infeasible   75               -  150.00000      -   382 2765s
 75323 44397 infeasible   93               -  150.00000      -   382 2770s
 75519 44473  150.00000   76  316          -  150.00000      -   382 2775s
 75716 44556  150.00000   95  294          -  150.00000      -   382 2780s
 75907 44635 infeasible   93               -  150.00000      -   382 2785s
 76109 44709 infeasible   69               -  150.00000      -   382 2790s
 76290 44794 infeasible   88               -  150.00000      -   382 2795s
 76522 44872 infeasible   88               -  150.00000      -   381 2800s
 76695 44943 infeasible   89               -  150.00000      -   381 2805s
 76841 45017  150.00000   70  235          -  150.00000      -   382 2810s
 76984 45052  150.00000   80  316          -  150.00000      -   382 2815s
 77189 45183 infeasible   89               -  150.00000      -   382 2820s
 77369 45289  150.00000   88  287          -  150.00000      -   382 2825s
 77583 45389 infeasible  114               -  150.00000      -   382 2830s
 77773 45489  150.00000  112  279          -  150.00000      -   381 2835s
 77940 45562 infeasible   82               -  150.00000      -   382 2840s
 78084 45614  150.00000   83  280          -  150.00000      -   382 2845s
 78248 45691  150.00000   76  190          -  150.00000      -   382 2850s
 78396 45731  150.00000   84  277          -  150.00000      -   382 2855s
 78583 45794  150.00000   89  222          -  150.00000      -   382 2860s
 78722 45809 infeasible   80               -  150.00000      -   382 2865s
 78880 45859  150.00000   83  226          -  150.00000      -   382 2870s
 79051 45958 infeasible   83               -  150.00000      -   382 2875s
 79169 46014 infeasible   84               -  150.00000      -   382 2880s
 79236 46033  150.00000   72  169          -  150.00000      -   382 2885s
 79389 46120  150.00000  115  360          -  150.00000      -   383 2890s
 79546 46159  150.00000   83  278          -  150.00000      -   383 2895s
 79721 46226  150.00000   80  288          -  150.00000      -   383 2900s
 79905 46334 infeasible  111               -  150.00000      -   382 2905s
 80068 46385 infeasible   92               -  150.00000      -   383 2910s
 80250 46509  150.00000   85  260          -  150.00000      -   383 2915s
 80421 46628 infeasible   70               -  150.00000      -   382 2920s
 80626 46757  150.00000   68  284          -  150.00000      -   382 2925s
 80701 46804  150.00000   84  255          -  150.00000      -   382 2930s
 80879 46914 infeasible  114               -  150.00000      -   382 2935s
 81042 47039  150.00000  128  344          -  150.00000      -   382 2940s
 81183 47116  150.00000  121  342          -  150.00000      -   382 2945s
 81377 47212  150.00000   73  352          -  150.00000      -   382 2950s
 81536 47305 infeasible   91               -  150.00000      -   382 2955s
 81694 47419 infeasible  114               -  150.00000      -   382 2960s
 81838 47519  150.00000   71  212          -  150.00000      -   382 2965s
 81985 47616 infeasible   98               -  150.00000      -   382 2970s
 82155 47706  150.00000   96  323          -  150.00000      -   382 2975s
 82352 47833  150.00000   85  285          -  150.00000      -   382 2980s
 82481 47926  150.00000   85  265          -  150.00000      -   383 2992s
 82562 47973 infeasible  105               -  150.00000      -   383 2995s
 82694 48081 infeasible  121               -  150.00000      -   383 3000s
 82839 48170  150.00000   87  289          -  150.00000      -   383 3005s
 82987 48278 infeasible  111               -  150.00000      -   383 3010s
 83128 48389  150.00000  116  343          -  150.00000      -   383 3015s
 83286 48469  150.00000  100  257          -  150.00000      -   383 3020s
 83427 48548 infeasible  118               -  150.00000      -   383 3025s
 83576 48655  150.00000  105  322          -  150.00000      -   383 3030s
 83731 48768  150.00000  105  253          -  150.00000      -   383 3035s
 83855 48852  150.00000  101  241          -  150.00000      -   383 3040s
 83977 48910  150.00000   99  304          -  150.00000      -   383 3045s
 84111 48990 infeasible  122               -  150.00000      -   384 3050s
 84251 49074 infeasible  130               -  150.00000      -   384 3055s
 84362 49129 infeasible   73               -  150.00000      -   384 3060s
 84536 49249 infeasible   91               -  150.00000      -   384 3065s
 84706 49347  150.00000   85  315          -  150.00000      -   384 3070s
 84829 49440  150.00000   72  270          -  150.00000      -   384 3075s
 85000 49537 infeasible   75               -  150.00000      -   384 3080s
 85113 49602  150.00000  110  346          -  150.00000      -   384 3085s
 85277 49686 infeasible   79               -  150.00000      -   384 3090s
 85462 49785 infeasible   86               -  150.00000      -   384 3095s
 85615 49850 infeasible  107               -  150.00000      -   384 3100s
 85802 49989 infeasible   96               -  150.00000      -   384 3105s
 85961 50088  150.00000   67  332          -  150.00000      -   384 3110s
 86119 50160 infeasible   70               -  150.00000      -   384 3115s
 86272 50259  150.00000  110  329          -  150.00000      -   384 3120s
 86434 50351  150.00000   69  270          -  150.00000      -   384 3125s
 86615 50450 infeasible  100               -  150.00000      -   384 3130s
 86708 50515  150.00000   84  291          -  150.00000      -   384 3140s
 86839 50606  150.00000   76  264          -  150.00000      -   384 3145s
 87005 50714 infeasible   94               -  150.00000      -   384 3150s
 87191 50830 infeasible  121               -  150.00000      -   384 3155s
 87395 50932 infeasible   90               -  150.00000      -   384 3160s
 87560 51035  150.00000   79  243          -  150.00000      -   384 3165s
 87675 51098  150.00000   63  263          -  150.00000      -   384 3170s
 87846 51221  150.00000   83  336          -  150.00000      -   384 3175s
 88030 51321  150.00000   76  244          -  150.00000      -   384 3180s
 88204 51393 infeasible   81               -  150.00000      -   384 3185s
 88415 51506  150.00000   94  261          -  150.00000      -   384 3190s
 88588 51617  150.00000   94  366          -  150.00000      -   384 3195s
 88725 51656  150.00000   78  277          -  150.00000      -   384 3200s
 88848 51751  150.00000   89  364          -  150.00000      -   384 3205s
 88998 51873 infeasible  106               -  150.00000      -   384 3210s
 89160 51967 infeasible   59               -  150.00000      -   384 3215s
 89352 52073  150.00000  107  366          -  150.00000      -   384 3220s
 89459 52150  150.00000   57  324          -  150.00000      -   384 3225s
 89643 52278 infeasible  103               -  150.00000      -   384 3230s
 89853 52406 infeasible   54               -  150.00000      -   384 3235s
 90020 52509  150.00000   64  306          -  150.00000      -   384 3240s
 90115 52546 infeasible   71               -  150.00000      -   384 3245s
 90277 52620  150.00000  101  299          -  150.00000      -   384 3250s
 90416 52719  150.00000  124  316          -  150.00000      -   384 3255s
 90571 52814 infeasible  109               -  150.00000      -   384 3260s
 90752 52949 infeasible  105               -  150.00000      -   384 3265s
 90946 53071 infeasible   88               -  150.00000      -   384 3270s
 91137 53224  150.00000   72  241          -  150.00000      -   384 3275s
 91309 53328 infeasible   70               -  150.00000      -   384 3280s
 91424 53403 infeasible   81               -  150.00000      -   384 3285s
 91461 53420  150.00000   77  242          -  150.00000      -   384 3290s
 91593 53504  150.00000   61  255          -  150.00000      -   384 3295s
 91726 53605  150.00000   88  296          -  150.00000      -   385 3300s
 91864 53697  150.00000  104  303          -  150.00000      -   385 3305s
 92000 53765  150.00000   53  344          -  150.00000      -   385 3310s
 92113 53840  150.00000   65  231          -  150.00000      -   385 3315s
 92314 53989 infeasible   79               -  150.00000      -   385 3320s
 92483 54116  149.00000   95  319          -  150.00000      -   385 3325s
 92565 54178  150.00000   85  218          -  150.00000      -   385 3330s
 92724 54291 infeasible  102               -  150.00000      -   385 3335s
 92881 54396  150.00000   87  274          -  150.00000      -   385 3340s
 93024 54469 infeasible   85               -  150.00000      -   385 3345s
 93226 54583 infeasible  117               -  150.00000      -   385 3350s
 93439 54718  150.00000   67  216          -  150.00000      -   384 3355s
 93641 54858  150.00000   94  303          -  150.00000      -   384 3360s
 93815 54968 infeasible   82               -  150.00000      -   384 3365s
 94024 55101  150.00000  103  316          -  150.00000      -   384 3370s
 94189 55208 infeasible   89               -  150.00000      -   384 3375s
 94386 55315  149.57830  101  228          -  150.00000      -   384 3380s
 94488 55391  150.00000   94  324          -  150.00000      -   384 3385s
 94678 55509  150.00000   76  246          -  150.00000      -   384 3390s
 94869 55662 infeasible  105               -  150.00000      -   384 3395s
 95095 55830 infeasible   99               -  150.00000      -   384 3400s
 95283 55958  150.00000  117  292          -  150.00000      -   384 3405s
 95443 56078  150.00000   73  219          -  150.00000      -   384 3410s
 95638 56229 infeasible  122               -  150.00000      -   384 3415s
 95862 56365  150.00000   78  295          -  150.00000      -   384 3420s
 95987 56442  150.00000   79  302          -  150.00000      -   384 3427s
 96107 56492  150.00000   78  235          -  150.00000      -   384 3430s
 96244 56593 infeasible  133               -  150.00000      -   384 3435s
 96509 56730 infeasible  119               -  150.00000      -   383 3440s
 96693 56842  150.00000   76  291          -  150.00000      -   383 3445s
 96856 56961  150.00000  105  312          -  150.00000      -   383 3450s
 96995 57050  149.42408  110  390          -  150.00000      -   384 3455s
 97176 57163  150.00000  108  271          -  150.00000      -   384 3460s
 97313 57242 infeasible  112               -  150.00000      -   384 3465s
 97473 57312 infeasible   97               -  150.00000      -   384 3470s
 97607 57354 infeasible   89               -  150.00000      -   384 3475s
 97759 57430 infeasible   96               -  150.00000      -   384 3480s
 97865 57490  150.00000   74  292          -  150.00000      -   384 3491s
 98025 57598  150.00000   78  308          -  150.00000      -   384 3495s
 98235 57706  150.00000  104  265          -  150.00000      -   384 3500s
 98423 57828 infeasible   86               -  150.00000      -   384 3505s
 98546 57881 infeasible   82               -  150.00000      -   384 3510s
 98715 57958 infeasible   75               -  150.00000      -   384 3515s
 98923 58094  150.00000   63  238          -  150.00000      -   384 3520s
 99087 58222  150.00000   60  342          -  150.00000      -   384 3525s
 99292 58345 infeasible   77               -  150.00000      -   384 3530s
 99498 58493  150.00000   80  357          -  150.00000      -   384 3535s
 99652 58609 infeasible  120               -  150.00000      -   384 3540s
 99840 58733  150.00000   81  242          -  150.00000      -   384 3545s
 100022 58841  150.00000   93  367          -  150.00000      -   383 3550s
 100225 58936  150.00000   86  274          -  150.00000      -   383 3555s
 100400 59041 infeasible  113               -  150.00000      -   383 3560s
 100612 59207  150.00000  106  246          -  150.00000      -   383 3565s
 100781 59310 infeasible  116               -  150.00000      -   383 3570s
 100928 59391  150.00000   75  249          -  150.00000      -   383 3575s
 101097 59482  150.00000  122  256          -  150.00000      -   384 3580s
 101259 59552 infeasible   97               -  150.00000      -   384 3585s
 101423 59642  150.00000   66  200          -  150.00000      -   384 3590s
 101625 59790 infeasible   77               -  150.00000      -   384 3595s

Cutting planes:
  Gomory: 2
  Cover: 2
  MIR: 2
  StrongCG: 2
  Flow cover: 43
  Zero half: 14
  RLT: 45
  BQP: 62

Explored 101816 nodes (39229055 simplex iterations) in 3600.00 seconds (4885.79 work units)
Thread count was 1 (of 8 available processors)

Solution count 0

Time limit reached
Best objective -, best bound 1.500000000000e+02, gap -
