
Gurobi 11.0.1 (win64) logging started Mon Apr  1 12:49:15 2024

Set parameter LogFile to value "C:\Projetos\Job_Rotation_Algorithms\Outputs\GurobiLogs\gurobi_log-output-52_ton-c64-BorbaRittModel-NoExtraConstraint-2.log"
Gurobi Optimizer version 11.0.1 build v11.0.1rc0 (win64 - Windows 10.0 (19045.2))

CPU model: 11th Gen Intel(R) Core(TM) i7-1165G7 @ 2.80GHz, instruction set [SSE2|AVX|AVX2|AVX512]
Thread count: 4 physical cores, 8 logical processors, using up to 1 threads


Gurobi 11.0.1 (win64) logging started Mon Apr  1 21:37:06 2024

Set parameter LogFile to value "C:\Projetos\Job_Rotation_Algorithms\Outputs\GurobiLogs\gurobi_log-output-52_ton-c64-BorbaRittModel-NoExtraConstraint-2.log"
Gurobi Optimizer version 11.0.1 build v11.0.1rc0 (win64 - Windows 10.0 (19045.2))

CPU model: 11th Gen Intel(R) Core(TM) i7-1165G7 @ 2.80GHz, instruction set [SSE2|AVX|AVX2|AVX512]
Thread count: 4 physical cores, 8 logical processors, using up to 1 threads


Gurobi 11.0.1 (win64) logging started Thu Apr  4 23:34:31 2024

Set parameter LogFile to value "C:\Projetos\Job_Rotation_Algorithms\Outputs\GurobiLogs\gurobi_log-output-52_ton-c64-BorbaRittModel-NoExtraConstraint-2.log"
Gurobi Optimizer version 11.0.1 build v11.0.1rc0 (win64 - Windows 10.0 (19045.2))

CPU model: 11th Gen Intel(R) Core(TM) i7-1165G7 @ 2.80GHz, instruction set [SSE2|AVX|AVX2|AVX512]
Thread count: 4 physical cores, 8 logical processors, using up to 1 threads


Gurobi 11.0.1 (win64) logging started Sat Apr  6 13:04:35 2024

Set parameter LogFile to value "C:\Projetos\Job_Rotation_Algorithms\Outputs\GurobiLogs\gurobi_log-output-52_ton-c64-BorbaRittModel-NoExtraConstraint-2.log"
Gurobi Optimizer version 11.0.1 build v11.0.1rc0 (win64 - Windows 10.0 (19045.2))

CPU model: 11th Gen Intel(R) Core(TM) i7-1165G7 @ 2.80GHz, instruction set [SSE2|AVX|AVX2|AVX512]
Thread count: 4 physical cores, 8 logical processors, using up to 1 threads


Gurobi 11.0.1 (win64) logging started Sun Apr  7 02:36:58 2024

Set parameter LogFile to value "C:\Projetos\Job_Rotation_Algorithms\Outputs\GurobiLogs\gurobi_log-output-52_ton-c64-BorbaRittModel-NoExtraConstraint-2.log"
Gurobi Optimizer version 11.0.1 build v11.0.1rc0 (win64 - Windows 10.0 (19045.2))

CPU model: 11th Gen Intel(R) Core(TM) i7-1165G7 @ 2.80GHz, instruction set [SSE2|AVX|AVX2|AVX512]
Thread count: 4 physical cores, 8 logical processors, using up to 1 threads


Gurobi 11.0.1 (win64) logging started Sun Apr  7 09:49:55 2024

Set parameter LogFile to value "C:\Projetos\Job_Rotation_Algorithms\Outputs\GurobiLogs\gurobi_log-output-52_ton-c64-BorbaRittModel-NoExtraConstraint-2.log"
Gurobi Optimizer version 11.0.1 build v11.0.1rc0 (win64 - Windows 10.0 (19045.2))

CPU model: 11th Gen Intel(R) Core(TM) i7-1165G7 @ 2.80GHz, instruction set [SSE2|AVX|AVX2|AVX512]
Thread count: 4 physical cores, 8 logical processors, using up to 1 threads


Gurobi 11.0.1 (win64) logging started Tue Apr  9 08:08:36 2024

Set parameter LogFile to value "C:\Projetos\Job_Rotation_Algorithms\Outputs\GurobiLogs\gurobi_log-output-52_ton-c64-BorbaRittModel-NoExtraConstraint-2.log"
Gurobi Optimizer version 11.0.1 build v11.0.1rc0 (win64 - Windows 10.0 (19045.2))

CPU model: 11th Gen Intel(R) Core(TM) i7-1165G7 @ 2.80GHz, instruction set [SSE2|AVX|AVX2|AVX512]
Thread count: 4 physical cores, 8 logical processors, using up to 1 threads


Gurobi 11.0.1 (win64) logging started Wed Apr 10 17:38:29 2024

Set parameter LogFile to value "C:\Projetos\Job_Rotation_Algorithms\Outputs\GurobiLogs\gurobi_log-output-52_ton-c64-BorbaRittModel-NoExtraConstraint-2.log"
Gurobi Optimizer version 11.0.1 build v11.0.1rc0 (win64 - Windows 10.0 (19045.2))

CPU model: 11th Gen Intel(R) Core(TM) i7-1165G7 @ 2.80GHz, instruction set [SSE2|AVX|AVX2|AVX512]
Thread count: 4 physical cores, 8 logical processors, using up to 1 threads


Gurobi 11.0.1 (win64) logging started Thu Apr 11 01:43:32 2024

Set parameter LogFile to value "C:\Projetos\Job_Rotation_Algorithms\Outputs\GurobiLogs\gurobi_log-output-52_ton-c64-BorbaRittModel-NoExtraConstraint-2.log"
Gurobi Optimizer version 11.0.1 build v11.0.1rc0 (win64 - Windows 10.0 (19045.2))

CPU model: 11th Gen Intel(R) Core(TM) i7-1165G7 @ 2.80GHz, instruction set [SSE2|AVX|AVX2|AVX512]
Thread count: 4 physical cores, 8 logical processors, using up to 1 threads


Gurobi 11.0.1 (win64) logging started Sun Apr 21 03:00:16 2024

Set parameter LogFile to value "C:\Projetos\Job_Rotation_Algorithms\Outputs\GurobiLogs\gurobi_log-output-52_ton-c64-BorbaRittModel-NoExtraConstraint-2.log"
Gurobi Optimizer version 11.0.1 build v11.0.1rc0 (win64 - Windows 10.0 (19045.2))

CPU model: 11th Gen Intel(R) Core(TM) i7-1165G7 @ 2.80GHz, instruction set [SSE2|AVX|AVX2|AVX512]
Thread count: 4 physical cores, 8 logical processors, using up to 1 threads


Gurobi 11.0.1 (win64) logging started Fri Apr 26 07:42:16 2024

Set parameter LogFile to value "C:\Projetos\Job_Rotation_Algorithms\Outputs\GurobiLogs\gurobi_log-output-52_ton-c64-BorbaRittModel-NoExtraConstraint-2.log"
Gurobi Optimizer version 11.0.1 build v11.0.1rc0 (win64 - Windows 10.0 (19045.2))

CPU model: 11th Gen Intel(R) Core(TM) i7-1165G7 @ 2.80GHz, instruction set [SSE2|AVX|AVX2|AVX512]
Thread count: 4 physical cores, 8 logical processors, using up to 1 threads


Gurobi 11.0.1 (win64) logging started Sat Apr 27 04:33:37 2024

Set parameter LogFile to value "C:\Projetos\Job_Rotation_Algorithms\Outputs\GurobiLogs\gurobi_log-output-52_ton-c64-BorbaRittModel-NoExtraConstraint-2.log"
Gurobi Optimizer version 11.0.1 build v11.0.1rc0 (win64 - Windows 10.0 (19045.2))

CPU model: 11th Gen Intel(R) Core(TM) i7-1165G7 @ 2.80GHz, instruction set [SSE2|AVX|AVX2|AVX512]
Thread count: 4 physical cores, 8 logical processors, using up to 1 threads


Gurobi 11.0.1 (win64) logging started Sat Apr 27 14:51:37 2024

Set parameter LogFile to value "C:\Projetos\Job_Rotation_Algorithms\Outputs\GurobiLogs\gurobi_log-output-52_ton-c64-BorbaRittModel-NoExtraConstraint-2.log"
Gurobi Optimizer version 11.0.1 build v11.0.1rc0 (win64 - Windows 10.0 (19045.2))

CPU model: 11th Gen Intel(R) Core(TM) i7-1165G7 @ 2.80GHz, instruction set [SSE2|AVX|AVX2|AVX512]
Thread count: 4 physical cores, 8 logical processors, using up to 1 threads


Gurobi 11.0.1 (win64) logging started Thu May  2 02:59:24 2024

Set parameter LogFile to value "C:\Projetos\Job_Rotation_Algorithms\Outputs\GurobiLogs\gurobi_log-output-52_ton-c64-BorbaRittModel-NoExtraConstraint-2.log"
Gurobi Optimizer version 11.0.1 build v11.0.1rc0 (win64 - Windows 10.0 (19045.2))

CPU model: 11th Gen Intel(R) Core(TM) i7-1165G7 @ 2.80GHz, instruction set [SSE2|AVX|AVX2|AVX512]
Thread count: 4 physical cores, 8 logical processors, using up to 1 threads

WLS license 901038 - registered to Bitka Analytics
Optimize a model with 39237 rows, 3354 columns and 120694 nonzeros
Model fingerprint: 0xdea9bc4d
Variable types: 2 continuous, 3352 integer (3352 binary)
Coefficient statistics:
  Matrix range     [1e+00, 2e+02]
  Objective range  [1e+00, 1e+00]
  Bounds range     [1e+00, 1e+02]
  RHS range        [1e+00, 1e+02]
Presolve removed 2795 rows and 139 columns
Presolve time: 0.31s
Presolved: 36442 rows, 3215 columns, 112126 nonzeros
Variable types: 0 continuous, 3215 integer (3214 binary)
Root relaxation presolved: 3215 rows, 39657 columns, 115341 nonzeros


Root relaxation: objective 1.400000e+02, 2066 iterations, 0.13 seconds (0.15 work units)

    Nodes    |    Current Node    |     Objective Bounds      |     Work
 Expl Unexpl |  Obj  Depth IntInf | Incumbent    BestBd   Gap | It/Node Time

     0     0  140.00000    0  340          -  140.00000      -     -    4s
     0     0  140.00000    0  557          -  140.00000      -     -    6s
     0     0  140.00000    0  549          -  140.00000      -     -    6s
     0     0  140.00000    0  325          -  140.00000      -     -   13s
     0     0  140.00000    0  333          -  140.00000      -     -   13s
     0     0  140.00000    0  478          -  140.00000      -     -   21s
     0     0  140.00000    0  475          -  140.00000      -     -   21s
     0     0  140.00000    0  548          -  140.00000      -     -   26s
     0     0  140.00000    0  539          -  140.00000      -     -   26s
     0     0  140.00000    0  417          -  140.00000      -     -   30s
     0     0  140.00000    0  616          -  140.00000      -     -   31s
     0     0  140.00000    0  385          -  140.00000      -     -   36s
     0     0  140.00000    0  385          -  140.00000      -     -   38s
     0     2  140.00000    0  385          -  140.00000      -     -   44s
     9    11  140.00000    6  208          -  140.00000      -   628   45s
   101   103  140.00000   66  360          -  140.00000      -   230   50s
   203   189  140.00000   25  432          -  140.00000      -   212   55s
   322   286  140.00000   21  296          -  140.00000      -   195   60s
   450   391  140.00000   19  361          -  140.00000      -   178   65s
   549   476  140.00000   21  295          -  140.00000      -   181   70s
   560   485  140.00000   42  365          -  140.00000      -   179   84s
   561   486  140.00000   14  409          -  140.00000      -   179   85s
   562   486  140.00000   28  524          -  140.00000      -   178   93s
   564   488  140.00000   71  418          -  140.00000      -   178  105s
   566   489  140.00000   92  419          -  140.00000      -   177  120s
   568   490  140.00000   50  477          -  140.00000      -   177  126s
   570   492  140.00000   64  457          -  140.00000      -   176  132s
   572   493  140.00000   23  261          -  140.00000      -   175  137s
   574   494  140.00000   97  629          -  140.00000      -   175  144s
   575   495  140.00000   21  567          -  140.00000      -   174  145s
   576   496  140.00000   32  528          -  140.00000      -   174  152s
   578   497  140.00000   64  336          -  140.00000      -   174  164s
   579   498  140.00000   61  301          -  140.00000      -   173  168s
   580   498  140.00000   57  301          -  140.00000      -   173  171s
   582   502  140.00000   16  276          -  140.00000      -   331  175s
   594   510  140.00000   22  270          -  140.00000      -   327  180s
   596   511  140.00000   23  334          -  140.00000      -   327  186s
   647   541 infeasible   49               -  140.00000      -   321  190s
   710   573  140.00000   35  283          -  140.00000      -   310  195s
   778   616  140.00000   69  351          -  140.00000      -   303  200s
   833   641  140.00000   43  352          -  140.00000      -   304  205s
   887   665  140.00000   70  380          -  140.00000      -   304  210s
   954   696  140.00000   53  380          -  140.00000      -   302  215s
  1016   725  140.00000   50  292          -  140.00000      -   303  220s
  1117   774  140.00000   55  296          -  140.00000      -   292  225s
  1207   812  140.00000   34  269          -  140.00000      -   288  230s
  1251   838  140.00000   56  293          -  140.00000      -   286  238s
  1300   858  140.00000   75  298          -  140.00000      -   280  240s
  1401   890  140.00000   72  428          -  140.00000      -   275  245s
  1502   935  140.00000   59  431          -  140.00000      -   273  250s
  1586   979  140.00000   49  313          -  140.00000      -   272  255s
  1673  1023 infeasible   84               -  140.00000      -   271  260s
  1776  1072  140.00000   76  355          -  140.00000      -   269  265s
  1880  1129  140.00000   75  391          -  140.00000      -   266  270s
  1962  1166  140.00000   52  226          -  140.00000      -   266  275s
  2064  1208 infeasible   67               -  140.00000      -   264  280s
  2166  1248  140.00000   57  255          -  140.00000      -   264  285s
  2239  1307  140.00000   78  401          -  140.00000      -   266  290s
  2302  1344 infeasible   54               -  140.00000      -   269  295s
  2393  1423  140.00000   69  240          -  140.00000      -   269  300s
  2481  1485  140.00000   61  289          -  140.00000      -   270  305s
  2557  1537  140.00000   62  295          -  140.00000      -   272  310s
  2631  1575  140.00000   60  383          -  140.00000      -   274  315s
  2703  1623  140.00000   34  364          -  140.00000      -   275  320s
  2806  1708  140.00000   84  259          -  140.00000      -   273  325s
  2930  1804  140.00000   69  302          -  140.00000      -   269  330s
  2932  1806  140.00000   70  344          -  140.00000      -   270  340s
  2996  1838 infeasible   89               -  140.00000      -   271  345s
  3086  1884  140.00000   95  332          -  140.00000      -   271  350s
  3181  1951  140.00000   78  424          -  140.00000      -   271  355s
  3284  2026  140.00000   72  269          -  140.00000      -   270  360s
  3390  2098  140.00000   78  329          -  140.00000      -   269  365s
  3474  2162  140.00000   67  363          -  140.00000      -   271  370s
  3572  2248  140.00000   76  284          -  140.00000      -   272  375s
  3671  2285 infeasible   68               -  140.00000      -   273  380s
  3761  2327 infeasible   83               -  140.00000      -   274  385s
  3862  2400  140.00000   75  354          -  140.00000      -   274  390s
  3936  2444  140.00000   76  389          -  140.00000      -   275  395s
  4004  2490 infeasible   94               -  140.00000      -   276  400s
  4083  2537 infeasible   81               -  140.00000      -   278  405s
  4166  2590  140.00000   74  290          -  140.00000      -   278  410s
  4249  2637 infeasible   72               -  140.00000      -   280  415s
  4345  2701  140.00000   92  304          -  140.00000      -   280  420s
  4424  2726  140.00000   50  262          -  140.00000      -   282  425s
  4553  2799  140.00000   75  292          -  140.00000      -   280  430s
  4641  2841  140.00000   75  366          -  140.00000      -   280  435s
  4704  2854  140.00000   67  262          -  140.00000      -   283  440s
  4771  2897  140.00000   52  327          -  140.00000      -   285  445s
  4843  2953 infeasible   85               -  140.00000      -   286  450s
  4921  2983 infeasible   62               -  140.00000      -   288  455s
  5019  3045  140.00000   59  304          -  140.00000      -   288  460s
  5127  3119  140.00000   69  233          -  140.00000      -   288  465s
  5247  3191  140.00000  110  285          -  140.00000      -   287  470s
  5384  3300  140.00000   85  257          -  140.00000      -   286  475s
  5431  3335  139.00000   97  461          -  140.00000      -   288  480s
  5504  3384 infeasible   43               -  140.00000      -   290  485s
  5601  3473  140.00000   79  539          -  140.00000      -   290  490s
  5711  3547  140.00000   90  317          -  140.00000      -   290  495s
  5859  3645 infeasible   69               -  140.00000      -   288  500s
  5956  3692 infeasible   68               -  140.00000      -   289  505s
  6085  3767 infeasible   65               -  140.00000      -   288  510s
  6125  3801  140.00000   79  325          -  140.00000      -   288  515s
  6187  3821  140.00000   67  395          -  140.00000      -   289  520s
  6274  3862  140.00000   64  519          -  140.00000      -   290  525s
  6366  3938  140.00000   46  354          -  140.00000      -   290  530s
  6482  4002  140.00000   63  362          -  140.00000      -   289  535s
  6571  4077  140.00000   40  361          -  140.00000      -   289  540s
  6671  4173  140.00000   64  351          -  140.00000      -   289  545s
  6780  4262  140.00000   87  384          -  140.00000      -   288  550s
  6872  4334  140.00000   56  314          -  140.00000      -   288  555s
  6985  4409  140.00000   52  256          -  140.00000      -   288  560s
  7073  4467  140.00000   45  318          -  140.00000      -   288  565s
  7099  4493  140.00000   54  284          -  140.00000      -   288  573s
  7143  4517  140.00000   55  214          -  140.00000      -   288  575s
  7232  4592  140.00000   65  303          -  140.00000      -   288  580s
  7296  4630  140.00000   97  431          -  140.00000      -   289  585s
  7371  4671  140.00000   86  342          -  140.00000      -   289  590s
  7430  4708  140.00000   60  361          -  140.00000      -   290  595s
  7535  4779  140.00000   71  359          -  140.00000      -   290  600s
  7655  4879  140.00000   74  397          -  140.00000      -   289  605s
  7730  4916  140.00000   51  263          -  140.00000      -   290  610s
  7855  4997 infeasible   68               -  140.00000      -   289  615s
  7967  5079 infeasible   96               -  140.00000      -   289  620s
  8064  5150  140.00000   63  249          -  140.00000      -   289  625s
  8154  5200 infeasible  100               -  140.00000      -   290  630s
  8267  5293 infeasible   91               -  140.00000      -   290  635s
  8387  5371  140.00000   63  371          -  140.00000      -   289  640s
  8470  5418  140.00000   55  344          -  140.00000      -   290  645s
  8594  5504  140.00000   71  370          -  140.00000      -   290  650s
  8689  5561  140.00000   74  303          -  140.00000      -   290  655s
  8829  5643  140.00000   66  326          -  140.00000      -   289  660s
  8940  5706  140.00000   63  309          -  140.00000      -   289  665s
  9079  5797 infeasible   73               -  140.00000      -   289  670s
  9193  5845 infeasible   82               -  140.00000      -   289  675s
  9336  5934  140.00000   60  234          -  140.00000      -   288  680s
  9406  5992  140.00000   90  279          -  140.00000      -   288  696s
  9452  6012  140.00000  108  415          -  140.00000      -   289  700s
  9559  6081  140.00000   87  325          -  140.00000      -   289  705s
  9668  6156  140.00000   74  372          -  140.00000      -   288  710s
  9778  6212  140.00000   75  436          -  140.00000      -   288  715s
  9874  6264  140.00000   78  266          -  140.00000      -   289  720s
  9979  6327  140.00000   76  383          -  140.00000      -   288  725s
 10078  6392  140.00000   72  413          -  140.00000      -   288  730s
 10176  6474  140.00000   82  294          -  140.00000      -   288  735s
 10202  6488  140.00000   59  290          -  140.00000      -   288  917s
 10252  6528  140.00000   65  229          -  140.00000      -   288  920s
 10355  6595  140.00000   55  388          -  140.00000      -   288  925s
 10462  6680  140.00000   77  291          -  140.00000      -   288  930s
 10568  6750  140.00000   67  420          -  140.00000      -   288  935s
 10655  6809  140.00000   66  454          -  140.00000      -   288  940s
 10733  6851  139.00000   97  355          -  140.00000      -   289  945s
 10814  6894  140.00000   72  501          -  140.00000      -   289  950s
 10901  6949  140.00000   69  357          -  140.00000      -   289  955s
 10964  6974  140.00000   57  386          -  140.00000      -   290  960s
 11052  7032 infeasible   69               -  140.00000      -   290  965s
 11155  7119  140.00000   89  288          -  140.00000      -   290  970s
 11220  7160  140.00000   86  393          -  140.00000      -   291  975s
 11276  7200  140.00000   86  382          -  140.00000      -   291  980s
 11369  7259  140.00000   62  353          -  140.00000      -   291  985s
 11435  7285  140.00000   63  383          -  140.00000      -   292  990s
 11504  7320  140.00000   84  454          -  140.00000      -   293  995s
 11578  7358 infeasible   73               -  140.00000      -   293 1000s
 11676  7422  140.00000   66  390          -  140.00000      -   293 1005s
 11768  7466  140.00000   71  335          -  140.00000      -   293 1010s
 11874  7524 infeasible   72               -  140.00000      -   293 1015s
 11953  7567 infeasible   83               -  140.00000      -   294 1020s
 12011  7603  140.00000   81  513          -  140.00000      -   295 1025s
 12086  7656  140.00000   94  348          -  140.00000      -   295 1030s
 12175  7697  140.00000   83  359          -  140.00000      -   295 1035s
 12267  7755  140.00000   89  385          -  140.00000      -   296 1040s
 12370  7824  140.00000   88  363          -  140.00000      -   296 1045s
 12498  7902  140.00000   69  294          -  140.00000      -   296 1050s
 12606  7990  140.00000   83  350          -  140.00000      -   296 1055s
 12704  8040  140.00000   93  406          -  140.00000      -   297 1060s
 12796  8094  140.00000   88  330          -  140.00000      -   297 1065s
 12904  8166  140.00000   54  239          -  140.00000      -   297 1070s
 13011  8243  140.00000   74  314          -  140.00000      -   297 1075s
 13133  8317  140.00000  100  334          -  140.00000      -   297 1080s
 13250  8382  140.00000   60  332          -  140.00000      -   297 1085s
 13354  8442  140.00000   58  236          -  140.00000      -   297 1090s
 13461  8509  140.00000   72  277          -  140.00000      -   297 1095s
 13569  8607  140.00000   86  278          -  140.00000      -   297 1100s
 13606  8626  140.00000   77  241          -  140.00000      -   297 1113s
 13649  8653  140.00000   88  289          -  140.00000      -   296 1115s
 13748  8712  140.00000   64  267          -  140.00000      -   296 1120s
 13836  8784 infeasible   64               -  140.00000      -   297 1125s
 13954  8862 infeasible   46               -  140.00000      -   296 1130s
 14077  8949  140.00000   64  335          -  140.00000      -   296 1135s
 14145  8995  140.00000   34  305          -  140.00000      -   296 1140s
 14251  9095  140.00000   80  384          -  140.00000      -   296 1145s
 14341  9149 infeasible   55               -  140.00000      -   296 1150s
 14427  9209 infeasible   62               -  140.00000      -   296 1155s
 14481  9247 infeasible   88               -  140.00000      -   297 1160s
 14579  9317  140.00000   61  326          -  140.00000      -   297 1165s
 14660  9368  140.00000   50  369          -  140.00000      -   297 1170s
 14741  9409 infeasible   71               -  140.00000      -   297 1175s
 14838  9484  140.00000   88  333          -  140.00000      -   297 1180s
 14936  9546  140.00000   62  322          -  140.00000      -   297 1185s
 15041  9625  140.00000   80  296          -  140.00000      -   297 1190s
 15128  9682  140.00000   65  336          -  140.00000      -   297 1195s
 15215  9733 infeasible   96               -  140.00000      -   297 1200s
 15314  9802  140.00000   67  437          -  140.00000      -   297 1205s
 15421  9887  140.00000   86  375          -  140.00000      -   297 1210s
 15475  9899  140.00000   46  332          -  140.00000      -   298 1215s
 15576  9964  140.00000   65  407          -  140.00000      -   298 1220s
 15636  9994  140.00000   91  468          -  140.00000      -   299 1225s
 15713 10055  139.00000   82  391          -  140.00000      -   299 1230s
 15824 10112  140.00000   81  415          -  140.00000      -   299 1235s
 15915 10173  140.00000  102  438          -  140.00000      -   299 1240s
 16003 10209 infeasible   73               -  140.00000      -   300 1245s
 16112 10290  140.00000   77  330          -  140.00000      -   299 1250s
 16221 10385  140.00000   91  449          -  140.00000      -   299 1255s
 16355 10471  140.00000   76  346          -  140.00000      -   299 1260s
 16448 10508  140.00000   80  319          -  140.00000      -   299 1265s
 16527 10561  140.00000   53  229          -  140.00000      -   299 1270s
 16638 10642  140.00000   58  286          -  140.00000      -   299 1275s
 16724 10694 infeasible   78               -  140.00000      -   300 1280s
 16851 10793  140.00000   65  300          -  140.00000      -   299 1285s
 16995 10887  140.00000   59  231          -  140.00000      -   299 1290s
 17124 10970 infeasible   83               -  140.00000      -   298 1295s
 17196 11006 infeasible   69               -  140.00000      -   299 1300s
 17333 11091  140.00000   66  239          -  140.00000      -   298 1305s
 17445 11163  140.00000   77  356          -  140.00000      -   298 1310s
 17586 11250 infeasible   82               -  140.00000      -   298 1315s
 17683 11299  140.00000   57  269          -  140.00000      -   298 1328s
 17727 11341  140.00000   73  310          -  140.00000      -   297 1330s
 17836 11406 infeasible   90               -  140.00000      -   297 1335s
 17973 11471  140.00000   73  379          -  140.00000      -   297 1340s
 18088 11532 infeasible   72               -  140.00000      -   297 1345s
 18214 11610  140.00000   62  401          -  140.00000      -   296 1350s
 18333 11687  140.00000   69  491          -  140.00000      -   296 1355s
 18477 11789 infeasible   93               -  140.00000      -   296 1360s
 18575 11845  140.00000   87  327          -  140.00000      -   295 1365s
 18670 11886  140.00000   76  417          -  140.00000      -   296 1370s
 18780 11960  140.00000   87  354          -  140.00000      -   295 1375s
 18850 11996  140.00000   80  435          -  140.00000      -   296 1380s
 18941 12057  140.00000   86  338          -  140.00000      -   296 1385s
 19030 12120  140.00000   80  282          -  140.00000      -   296 1390s
 19147 12189 infeasible   85               -  140.00000      -   296 1395s
 19230 12252  140.00000   62  434          -  140.00000      -   296 1400s
 19331 12325  140.00000   66  300          -  140.00000      -   296 1405s
 19416 12360  140.00000   84  337          -  140.00000      -   296 1410s
 19513 12389  140.00000   71  248          -  140.00000      -   296 1415s
 19570 12408 infeasible   82               -  140.00000      -   297 1420s
 19652 12468  140.00000   76  310          -  140.00000      -   297 1425s
 19739 12529 infeasible   84               -  140.00000      -   297 1430s
 19833 12587  140.00000   62  305          -  140.00000      -   297 1435s
 19921 12641 infeasible   84               -  140.00000      -   297 1440s
 20020 12698  140.00000   64  220          -  140.00000      -   297 1445s
 20114 12752  140.00000   64  321          -  140.00000      -   297 1450s
 20199 12789 infeasible   75               -  140.00000      -   297 1455s
 20289 12859  140.00000   81  321          -  140.00000      -   297 1460s
 20404 12922 infeasible   79               -  140.00000      -   297 1465s
 20500 12960  140.00000   84  380          -  140.00000      -   297 1470s
 20612 13012  140.00000   98  444          -  140.00000      -   297 1475s
 20713 13055  140.00000   62  347          -  140.00000      -   297 1480s
 20797 13107  140.00000   71  399          -  140.00000      -   297 1485s
 20872 13136  140.00000   65  341          -  140.00000      -   297 1490s
 20934 13142 infeasible   62               -  140.00000      -   298 1495s
 21044 13206  140.00000   83  418          -  140.00000      -   298 1500s
 21112 13230  140.00000   90  422          -  140.00000      -   298 1505s
 21221 13301  140.00000   83  431          -  140.00000      -   298 1510s
 21305 13351  140.00000   81  262          -  140.00000      -   298 1515s
 21313 13355  140.00000   82  291          -  140.00000      -   298 1527s
 21345 13375 infeasible   96               -  140.00000      -   298 1530s
 21415 13389 infeasible   86               -  140.00000      -   299 1535s
 21478 13422  140.00000   63  444          -  140.00000      -   299 1540s
 21582 13506  140.00000   60  314          -  140.00000      -   299 1545s
 21718 13608 infeasible   85               -  140.00000      -   299 1550s
 21816 13658  140.00000   62  341          -  140.00000      -   299 1555s
 21913 13717  140.00000   78  260          -  140.00000      -   299 1560s
 22030 13794 infeasible   61               -  140.00000      -   299 1565s
 22132 13868  140.00000   66  431          -  140.00000      -   299 1570s
 22260 13954 infeasible   93               -  140.00000      -   299 1575s
 22327 13995 infeasible   88               -  140.00000      -   299 1580s
 22456 14080 infeasible   66               -  140.00000      -   299 1585s
 22555 14153  140.00000   61  314          -  140.00000      -   299 1590s
 22699 14261 infeasible   81               -  140.00000      -   299 1595s
 22796 14312  140.00000   58  400          -  140.00000      -   299 1600s
 22896 14366  140.00000   83  290          -  140.00000      -   299 1605s
 22983 14414  140.00000  109  230          -  140.00000      -   299 1610s
 23103 14496  140.00000   73  317          -  140.00000      -   299 1615s
 23209 14574  140.00000   63  398          -  140.00000      -   299 1620s
 23314 14639  140.00000   83  350          -  140.00000      -   299 1625s
 23415 14706  140.00000   86  338          -  140.00000      -   299 1630s
 23481 14744 infeasible  112               -  140.00000      -   300 1635s
 23570 14791  140.00000   74  443          -  140.00000      -   300 1640s
 23699 14852 infeasible   92               -  140.00000      -   300 1645s
 23846 14947  140.00000  103  302          -  140.00000      -   299 1650s
 23966 15021  140.00000   72  382          -  140.00000      -   299 1655s
 24064 15103  140.00000   98  361          -  140.00000      -   299 1660s
 24148 15137 infeasible   86               -  140.00000      -   299 1665s
 24292 15225 infeasible   88               -  140.00000      -   299 1670s
 24439 15304  140.00000  119  331          -  140.00000      -   299 1675s
 24555 15342  140.00000  106  298          -  140.00000      -   299 1680s
 24663 15356  140.00000  109  261          -  140.00000      -   299 1685s
 24784 15359 infeasible  114               -  140.00000      -   298 1690s
 24903 15362 infeasible   91               -  140.00000      -   298 1695s
 25015 15412  140.00000  102  286          -  140.00000      -   298 1700s
 25119 15468  140.00000  114  303          -  140.00000      -   298 1705s
 25251 15528 infeasible   90               -  140.00000      -   298 1710s
 25412 15635 infeasible  131               -  140.00000      -   297 1715s
 25505 15684  140.00000   89  254          -  140.00000      -   297 1720s
 25622 15727 infeasible  111               -  140.00000      -   297 1725s
 25730 15783  140.00000  123  259          -  140.00000      -   297 1730s
 25803 15806 infeasible  128               -  140.00000      -   298 1735s
 25871 15830  140.00000  120  295          -  140.00000      -   298 1740s
 25927 15846 infeasible  132               -  140.00000      -   299 1745s
 25954 15847  140.00000  120  299          -  140.00000      -   299 1759s
 25963 15854  140.00000  126  365          -  140.00000      -   300 1760s
 26066 15905  140.00000  123  306          -  140.00000      -   300 1765s
 26129 15930 infeasible  117               -  140.00000      -   300 1770s
 26228 15969  140.00000  150  235          -  140.00000      -   301 1775s
 26313 15998  140.00000  116  269          -  140.00000      -   301 1780s
 26380 16015  140.00000  114  322          -  140.00000      -   302 1785s
 26456 16033 infeasible  150               -  140.00000      -   302 1790s
 26553 16062 infeasible  127               -  140.00000      -   303 1795s
 26636 16071  140.00000  121  273          -  140.00000      -   303 1800s
 26706 16083  140.00000  112  226          -  140.00000      -   304 1805s
 26804 16113  140.00000  107  253          -  140.00000      -   305 1810s
 26895 16156  140.00000  110  282          -  140.00000      -   305 1815s
 26994 16195  140.00000  120  281          -  140.00000      -   305 1820s
 27046 16207  140.00000  112  240          -  140.00000      -   306 1825s
 27119 16210 infeasible  110               -  140.00000      -   307 1830s
 27190 16241  140.00000  126  275          -  140.00000      -   308 1835s
 27263 16248  140.00000  110  224          -  140.00000      -   308 1840s
 27383 16320 infeasible  142               -  140.00000      -   308 1845s
 27437 16336  140.00000  127  279          -  140.00000      -   309 1850s
 27487 16342  140.00000  130  247          -  140.00000      -   310 1855s
 27555 16360  140.00000  139  319          -  140.00000      -   311 1860s
 27633 16362  140.00000  121  315          -  140.00000      -   311 1865s
 27706 16385 infeasible  139               -  140.00000      -   312 1870s
 27765 16382 infeasible  131               -  140.00000      -   313 1875s
 27841 16400 infeasible  135               -  140.00000      -   313 1880s
 27927 16426 infeasible  133               -  140.00000      -   314 1885s
 28003 16430  139.00000  130  260          -  140.00000      -   314 1890s
 28080 16449  140.00000  121  381          -  140.00000      -   315 1895s
 28150 16473 infeasible  129               -  140.00000      -   315 1900s
 28213 16472 infeasible  121               -  140.00000      -   316 1905s
 28275 16482  140.00000  110  278          -  140.00000      -   316 1910s
 28368 16515 infeasible  120               -  140.00000      -   317 1915s
 28462 16515  140.00000  105  359          -  140.00000      -   317 1920s
 28532 16529  140.00000  100  300          -  140.00000      -   317 1925s
 28634 16575  139.00000  103  319          -  140.00000      -   317 1930s
 28736 16641  140.00000   90  277          -  140.00000      -   318 1935s
 28851 16712  140.00000  117  339          -  140.00000      -   317 1940s
 28931 16760  140.00000  114  307          -  140.00000      -   318 1945s
 29066 16825  140.00000  111  323          -  140.00000      -   317 1950s
 29162 16871  140.00000   87  367          -  140.00000      -   317 1955s
 29306 16929 infeasible  113               -  140.00000      -   317 1960s
 29432 16971 infeasible  116               -  140.00000      -   317 1965s
 29483 16988  140.00000  110  281          -  140.00000      -   317 1981s
 29552 17009 infeasible  115               -  140.00000      -   317 1985s
 29686 17007  140.00000  110  280          -  140.00000      -   317 1990s
 29787 17026  140.00000  103  281          -  140.00000      -   317 1995s
 29919 17092  140.00000  116  248          -  140.00000      -   317 2000s
 30030 17125  140.00000  131  313          -  140.00000      -   317 2005s
 30143 17150 infeasible  121               -  140.00000      -   317 2010s
 30248 17163 infeasible  110               -  140.00000      -   317 2015s
 30350 17215 infeasible  134               -  140.00000      -   317 2020s
 30485 17254  140.00000  130  288          -  140.00000      -   317 2025s
 30608 17271  140.00000   90  350          -  140.00000      -   317 2030s
 30704 17311 infeasible  114               -  140.00000      -   317 2035s
 30812 17375  140.00000   52  310          -  140.00000      -   316 2040s
 30929 17448  140.00000   76  308          -  140.00000      -   316 2045s
 31036 17515 infeasible   90               -  140.00000      -   316 2050s
 31174 17593 infeasible   83               -  140.00000      -   316 2055s
 31264 17637 infeasible   80               -  140.00000      -   315 2060s
 31395 17716  140.00000   69  352          -  140.00000      -   315 2065s
 31507 17762  140.00000   54  286          -  140.00000      -   315 2070s
 31602 17839  140.00000   92  460          -  140.00000      -   315 2075s
 31702 17905 infeasible   81               -  140.00000      -   315 2080s
 31791 17960  140.00000   71  401          -  140.00000      -   315 2085s
 31915 18040 infeasible   94               -  140.00000      -   315 2090s
 32044 18113  140.00000   62  316          -  140.00000      -   314 2095s
 32155 18184  140.00000   83  374          -  140.00000      -   314 2100s
 32284 18269  140.00000   80  377          -  140.00000      -   314 2105s
 32410 18341  140.00000   67  314          -  140.00000      -   314 2110s
 32485 18386 infeasible  102               -  140.00000      -   314 2115s
 32603 18444  140.00000   92  289          -  140.00000      -   313 2120s
 32735 18548 infeasible   87               -  140.00000      -   313 2125s
 32887 18646  140.00000   86  370          -  140.00000      -   313 2130s
 33015 18732  140.00000   81  337          -  140.00000      -   312 2135s
 33137 18814  140.00000   70  337          -  140.00000      -   312 2140s
 33237 18844  140.00000   82  506          -  140.00000      -   312 2145s
 33298 18883  140.00000  109  371          -  140.00000      -   312 2150s
 33386 18939  140.00000   93  351          -  140.00000      -   312 2155s
 33472 18995 infeasible   91               -  140.00000      -   313 2160s
 33566 19063  140.00000   96  432          -  140.00000      -   313 2165s
 33653 19124 infeasible   79               -  140.00000      -   313 2170s
 33767 19186 infeasible   93               -  140.00000      -   313 2175s
 33858 19219  140.00000   80  373          -  140.00000      -   313 2180s
 33938 19241 infeasible   87               -  140.00000      -   313 2185s
 34026 19271 infeasible   90               -  140.00000      -   313 2190s
 34083 19294  140.00000   92  268          -  140.00000      -   313 2195s
 34201 19362  140.00000   95  386          -  140.00000      -   313 2200s
 34291 19398  140.00000   80  294          -  140.00000      -   313 2205s
 34394 19463  140.00000   88  367          -  140.00000      -   313 2210s
 34504 19557  140.00000   95  393          -  140.00000      -   313 2215s
 34625 19626  140.00000   69  272          -  140.00000      -   313 2220s
 34692 19645 infeasible   96               -  140.00000      -   313 2225s
 34775 19684  140.00000   75  346          -  140.00000      -   313 2230s
 34876 19739  140.00000   87  384          -  140.00000      -   313 2235s
 34956 19793 infeasible  110               -  140.00000      -   313 2240s
 34995 19812  140.00000   80  323          -  140.00000      -   313 2253s
 35029 19840 infeasible   94               -  140.00000      -   313 2255s
 35156 19905 infeasible   57               -  140.00000      -   313 2260s
 35243 19944  140.00000   78  363          -  140.00000      -   313 2265s
 35322 19987  140.00000   64  318          -  140.00000      -   313 2270s
 35388 20017  140.00000   69  366          -  140.00000      -   314 2275s
 35474 20067  140.00000   82  400          -  140.00000      -   314 2280s
 35586 20131  140.00000   63  330          -  140.00000      -   314 2285s
 35690 20187  140.00000   97  379          -  140.00000      -   314 2290s
 35791 20236 infeasible   87               -  140.00000      -   314 2295s
 35896 20297  140.00000   74  320          -  140.00000      -   314 2300s
 35998 20357  140.00000   73  267          -  140.00000      -   314 2305s
 36084 20377  140.00000   67  291          -  140.00000      -   314 2310s
 36164 20411 infeasible   70               -  140.00000      -   314 2315s
 36242 20445 infeasible   70               -  140.00000      -   314 2320s
 36370 20515  140.00000   85  356          -  140.00000      -   314 2325s
 36457 20576  140.00000   86  390          -  140.00000      -   314 2330s
 36525 20604 infeasible   76               -  140.00000      -   314 2335s
 36647 20688  140.00000   83  376          -  140.00000      -   314 2340s
 36700 20729  140.00000  108  401          -  140.00000      -   314 2345s
 36791 20794 infeasible  105               -  140.00000      -   314 2350s
 36934 20905  140.00000  124  311          -  140.00000      -   314 2355s
 37053 20966 infeasible   85               -  140.00000      -   314 2360s
 37184 21055  140.00000   79  334          -  140.00000      -   314 2365s
 37299 21106  140.00000   82  426          -  140.00000      -   314 2370s
 37415 21190  140.00000   83  376          -  140.00000      -   314 2375s
 37528 21279  140.00000   93  383          -  140.00000      -   313 2380s
 37663 21378  140.00000   89  294          -  140.00000      -   313 2385s
 37744 21425 infeasible   73               -  140.00000      -   313 2390s
 37833 21472 infeasible   67               -  140.00000      -   313 2395s
 37952 21539  140.00000   93  285          -  140.00000      -   313 2400s
 38035 21582  140.00000   71  417          -  140.00000      -   313 2405s
 38162 21653  140.00000   79  374          -  140.00000      -   313 2410s
 38288 21741 infeasible   88               -  140.00000      -   313 2415s
 38367 21794  140.00000   77  325          -  140.00000      -   313 2420s
 38471 21854  140.00000   75  463          -  140.00000      -   313 2425s
 38579 21924  140.00000   78  493          -  140.00000      -   313 2430s
 38644 21947 infeasible   82               -  140.00000      -   313 2435s
 38787 21980  140.00000   71  307          -  140.00000      -   313 2440s
 38902 22019  140.00000   80  430          -  140.00000      -   313 2445s
 38952 22051  140.00000  105  400          -  140.00000      -   313 2450s
 39025 22092  140.00000   85  352          -  140.00000      -   313 2455s
 39084 22115 infeasible   75               -  140.00000      -   314 2460s
 39155 22144  140.00000   82  463          -  140.00000      -   314 2465s
 39241 22186 infeasible   94               -  140.00000      -   314 2470s
 39295 22198  140.00000   74  270          -  140.00000      -   314 2491s
 39368 22249  140.00000   82  351          -  140.00000      -   314 2495s
 39447 22284  140.00000   69  369          -  140.00000      -   314 2500s
 39565 22356  140.00000   89  407          -  140.00000      -   314 2505s
 39669 22390  140.00000   81  343          -  140.00000      -   314 2510s
 39785 22446 infeasible   82               -  140.00000      -   314 2515s
 39898 22501 infeasible   77               -  140.00000      -   314 2520s
 40045 22598  140.00000   87  282          -  140.00000      -   313 2525s
 40151 22656  140.00000  103  373          -  140.00000      -   313 2530s
 40265 22716  140.00000   90  288          -  140.00000      -   313 2535s
 40352 22761 infeasible   89               -  140.00000      -   313 2540s
 40460 22789 infeasible   75               -  140.00000      -   313 2545s
 40576 22863  140.00000  101  332          -  140.00000      -   313 2550s
 40671 22896 infeasible   83               -  140.00000      -   313 2555s
 40776 22969  140.00000   95  317          -  140.00000      -   313 2560s
 40897 23050  140.00000   86  399          -  140.00000      -   313 2565s
 40970 23093 infeasible   90               -  140.00000      -   313 2570s
 41144 23179 infeasible  100               -  140.00000      -   312 2575s
 41274 23221 infeasible  101               -  140.00000      -   312 2580s
 41426 23253 infeasible   99               -  140.00000      -   312 2585s
 41538 23261  140.00000   90  272          -  140.00000      -   312 2590s
 41695 23250  140.00000  101  282          -  140.00000      -   312 2595s
 41829 23288  140.00000   73  400          -  140.00000      -   311 2600s
 41945 23370 infeasible   79               -  140.00000      -   311 2605s
 42086 23457 infeasible   72               -  140.00000      -   311 2610s
 42217 23524  140.00000   61  272          -  140.00000      -   311 2615s
 42304 23559  140.00000   67  340          -  140.00000      -   311 2620s
 42407 23612  140.00000   67  265          -  140.00000      -   311 2625s
 42483 23638  140.00000   76  334          -  140.00000      -   311 2630s
 42604 23725  140.00000   74  305          -  140.00000      -   311 2635s
 42720 23777  140.00000   35  340          -  140.00000      -   311 2640s
 42834 23865 infeasible   62               -  140.00000      -   311 2645s
 42949 23924  140.00000   73  335          -  140.00000      -   311 2650s
 43086 24013 infeasible   88               -  140.00000      -   310 2655s
 43172 24065  140.00000   64  335          -  140.00000      -   310 2660s
 43297 24148 infeasible   58               -  140.00000      -   310 2665s
 43430 24203 infeasible   65               -  140.00000      -   310 2670s
 43535 24236 infeasible   64               -  140.00000      -   310 2675s
 43643 24310  140.00000   84  314          -  140.00000      -   310 2680s
 43749 24358  140.00000   68  431          -  140.00000      -   310 2685s
 43838 24391 infeasible   59               -  140.00000      -   310 2690s
 43934 24417 infeasible   70               -  140.00000      -   310 2695s
 44060 24491 infeasible   90               -  140.00000      -   310 2700s
 44178 24525 infeasible   68               -  140.00000      -   310 2705s
 44264 24543  140.00000   58  333          -  140.00000      -   310 2710s
 44358 24583  140.00000   71  409          -  140.00000      -   310 2715s
 44470 24649  140.00000   64  297          -  140.00000      -   310 2720s
 44566 24699  140.00000   55  216          -  140.00000      -   310 2725s
 44654 24749 infeasible   69               -  140.00000      -   310 2730s
 44781 24816  140.00000   92  351          -  140.00000      -   310 2735s
 44907 24852 infeasible   62               -  140.00000      -   310 2740s
 45032 24907 infeasible   71               -  140.00000      -   310 2745s
 45127 24930  140.00000   61  384          -  140.00000      -   310 2750s
 45243 24996 infeasible   81               -  140.00000      -   310 2755s
 45367 25032  140.00000   67  200          -  140.00000      -   309 2760s
 45453 25072 infeasible   79               -  140.00000      -   309 2765s
 45530 25093  140.00000   66  352          -  140.00000      -   310 2770s
 45622 25141  140.00000   83  379          -  140.00000      -   310 2775s
 45714 25177 infeasible   85               -  140.00000      -   310 2780s
 45802 25219  140.00000   72  385          -  140.00000      -   310 2785s
 45887 25242 infeasible   71               -  140.00000      -   310 2790s
 45978 25273  140.00000   69  439          -  140.00000      -   310 2795s
 46085 25298 infeasible   67               -  140.00000      -   310 2800s
 46220 25337  140.00000   61  308          -  140.00000      -   310 2805s
 46326 25369  140.00000   67  422          -  140.00000      -   310 2810s
 46416 25373  140.00000   65  296          -  140.00000      -   310 2815s
 46493 25392  140.00000   68  260          -  140.00000      -   310 2832s
 46567 25402  140.00000   67  337          -  140.00000      -   310 2835s
 46655 25434  140.00000   66  269          -  140.00000      -   310 2840s
 46729 25474 infeasible   82               -  140.00000      -   310 2845s
 46842 25495  140.00000   64  474          -  140.00000      -   310 2850s
 46940 25551  140.00000   71  367          -  140.00000      -   310 2855s
 47015 25576  140.00000   62  291          -  140.00000      -   310 2860s
 47111 25626  140.00000   73  360          -  140.00000      -   310 2865s
 47187 25658  140.00000   74  493          -  140.00000      -   310 2870s
 47269 25692  140.00000   74  356          -  140.00000      -   310 2875s
 47378 25755  140.00000   67  380          -  140.00000      -   310 2880s
 47465 25800 infeasible   89               -  140.00000      -   310 2885s
 47534 25811  140.00000   83  399          -  140.00000      -   310 2890s
 47617 25826 infeasible   75               -  140.00000      -   310 2895s
 47668 25857 infeasible   92               -  140.00000      -   311 2900s
 47767 25928  140.00000   96  320          -  140.00000      -   311 2905s
 47829 25960  139.00000  112  421          -  140.00000      -   311 2910s
 47942 26007 infeasible   71               -  140.00000      -   311 2915s
 48046 26047  140.00000   69  340          -  140.00000      -   311 2920s
 48128 26111 infeasible   83               -  140.00000      -   311 2925s
 48235 26186  140.00000   80  329          -  140.00000      -   311 2930s
 48354 26273  140.00000   79  433          -  140.00000      -   311 2935s
 48462 26319  140.00000   69  399          -  140.00000      -   311 2940s
 48614 26423 infeasible   86               -  140.00000      -   311 2945s
 48718 26493  140.00000   72  433          -  140.00000      -   310 2950s
 48871 26602  140.00000   64  368          -  140.00000      -   310 2955s
 48981 26686 infeasible   87               -  140.00000      -   310 2960s
 49047 26708 infeasible   71               -  140.00000      -   310 2965s
 49164 26777  140.00000   75  366          -  140.00000      -   310 2970s
 49273 26852  140.00000   70  377          -  140.00000      -   310 2975s
 49392 26909 infeasible   73               -  140.00000      -   310 2980s
 49567 27018  140.00000   62  275          -  140.00000      -   309 2985s
 49692 27087  140.00000   62  244          -  140.00000      -   309 2990s
 49788 27139  140.00000   63  382          -  140.00000      -   309 2995s
 49888 27169  140.00000   60  397          -  140.00000      -   309 3000s
 50002 27225 infeasible   58               -  140.00000      -   309 3005s
 50100 27251 infeasible   69               -  140.00000      -   309 3010s
 50213 27260  140.00000  111  246          -  140.00000      -   309 3015s
 50322 27309 infeasible   69               -  140.00000      -   309 3020s
 50413 27336 infeasible   80               -  140.00000      -   309 3025s
 50491 27368  140.00000   63  409          -  140.00000      -   309 3030s
 50586 27413 infeasible   78               -  140.00000      -   309 3035s
 50670 27439  140.00000   81  485          -  140.00000      -   309 3040s
 50771 27474 infeasible   77               -  140.00000      -   309 3045s
 50855 27500 infeasible   71               -  140.00000      -   310 3050s
 50940 27535  140.00000   81  268          -  140.00000      -   310 3055s
 51015 27570 infeasible   84               -  140.00000      -   310 3060s
 51097 27584  140.00000   76  287          -  140.00000      -   310 3065s
 51127 27586  140.00000   71  291          -  140.00000      -   310 3077s
 51179 27604  140.00000   76  300          -  140.00000      -   310 3080s
 51276 27649 infeasible   82               -  140.00000      -   310 3085s
 51355 27668 infeasible   74               -  140.00000      -   310 3090s
 51489 27728  140.00000   62  430          -  140.00000      -   310 3095s
 51562 27779  140.00000   73  353          -  140.00000      -   310 3100s
 51648 27819 infeasible   77               -  140.00000      -   310 3105s
 51749 27862  140.00000   77  396          -  140.00000      -   310 3110s
 51856 27899 infeasible   86               -  140.00000      -   310 3115s
 51944 27921 infeasible  101               -  140.00000      -   310 3120s
 52094 28007 infeasible   86               -  140.00000      -   310 3125s
 52235 28104 infeasible   69               -  140.00000      -   309 3130s
 52371 28196  140.00000   81  302          -  140.00000      -   309 3135s
 52513 28294 infeasible   72               -  140.00000      -   309 3140s
 52647 28374 infeasible   55               -  140.00000      -   309 3145s
 52805 28488  140.00000   52  450          -  140.00000      -   309 3150s
 52910 28563  140.00000   62  380          -  140.00000      -   308 3155s
 53028 28647  140.00000   83  376          -  140.00000      -   308 3160s
 53166 28749 infeasible   69               -  140.00000      -   308 3165s
 53303 28854  140.00000   91  280          -  140.00000      -   308 3170s
 53403 28918  140.00000   51  397          -  140.00000      -   308 3175s
 53545 29048  140.00000   83  403          -  140.00000      -   308 3180s
 53670 29133 infeasible   77               -  140.00000      -   308 3185s
 53832 29265  140.00000   64  310          -  140.00000      -   307 3190s
 53941 29302  140.00000   86  430          -  140.00000      -   307 3195s
 54053 29348  140.00000   67  352          -  140.00000      -   307 3200s
 54143 29390  140.00000   83  266          -  140.00000      -   307 3205s
 54275 29442  140.00000   91  336          -  140.00000      -   307 3210s
 54388 29467 infeasible   85               -  140.00000      -   307 3215s
 54449 29472  140.00000   75  457          -  140.00000      -   307 3220s
 54576 29531  140.00000   72  350          -  140.00000      -   307 3225s
 54680 29571  140.00000   75  443          -  140.00000      -   307 3230s
 54826 29629 infeasible   67               -  140.00000      -   307 3235s
 54933 29692  140.00000  104  395          -  140.00000      -   307 3240s
 55046 29743  140.00000   68  327          -  140.00000      -   307 3245s
 55161 29794  140.00000   77  252          -  140.00000      -   307 3250s
 55254 29847 infeasible   93               -  140.00000      -   307 3255s
 55364 29881  140.00000   83  312          -  140.00000      -   307 3260s
 55445 29900  140.00000   88  335          -  140.00000      -   307 3265s
 55472 29907  140.00000   85  376          -  140.00000      -   307 3282s
 55505 29922 infeasible   96               -  140.00000      -   307 3285s
 55596 29965  140.00000  102  369          -  140.00000      -   307 3290s
 55673 29990  140.00000   84  332          -  140.00000      -   307 3295s
 55758 30045  140.00000  108  447          -  140.00000      -   307 3300s
 55835 30074 infeasible  101               -  140.00000      -   307 3305s
 55921 30110  140.00000   92  286          -  140.00000      -   307 3310s
 55986 30151 infeasible   96               -  140.00000      -   307 3315s
 56066 30199  140.00000   83  300          -  140.00000      -   307 3320s
 56142 30235  140.00000  103  425          -  140.00000      -   308 3325s
 56241 30272  140.00000   93  421          -  140.00000      -   308 3330s
 56308 30293  140.00000   88  346          -  140.00000      -   308 3335s
 56392 30317  140.00000   84  208          -  140.00000      -   308 3340s
 56482 30357 infeasible   98               -  140.00000      -   308 3345s
 56557 30394 infeasible  100               -  140.00000      -   308 3350s
 56631 30430  140.00000   89  372          -  140.00000      -   308 3355s
 56695 30444 infeasible   89               -  140.00000      -   308 3360s
 56773 30476 infeasible   84               -  140.00000      -   308 3365s
 56874 30535  140.00000   89  403          -  140.00000      -   308 3370s
 56998 30629  140.00000   80  359          -  140.00000      -   308 3375s
 57075 30678  140.00000   76  274          -  140.00000      -   308 3380s
 57153 30726  140.00000   79  314          -  140.00000      -   309 3385s
 57243 30786 infeasible   88               -  140.00000      -   309 3390s
 57306 30811 infeasible   97               -  140.00000      -   309 3395s
 57385 30862 infeasible  100               -  140.00000      -   309 3400s
 57473 30894  140.00000   77  492          -  140.00000      -   309 3405s
 57559 30924  140.00000   96  469          -  140.00000      -   309 3410s
 57606 30943  140.00000   96  375          -  140.00000      -   309 3415s
 57649 30950  140.00000   79  525          -  140.00000      -   310 3420s
 57704 30961  140.00000   85  483          -  140.00000      -   310 3425s
 57782 30985  140.00000   33  439          -  140.00000      -   310 3430s
 57902 31079  140.00000   90  369          -  140.00000      -   310 3435s
 57966 31133 infeasible  111               -  140.00000      -   310 3440s
 58107 31220 infeasible   93               -  140.00000      -   310 3445s
 58167 31246 infeasible   80               -  140.00000      -   310 3450s
 58296 31331  140.00000   59  329          -  140.00000      -   310 3455s
 58423 31418  140.00000   66  319          -  140.00000      -   310 3460s
 58540 31491  140.00000   72  327          -  140.00000      -   310 3465s
 58635 31544  140.00000   69  338          -  140.00000      -   310 3470s
 58743 31602 infeasible   79               -  140.00000      -   310 3475s
 58841 31654 infeasible   60               -  140.00000      -   310 3480s
 58946 31703 infeasible   64               -  140.00000      -   309 3485s
 59028 31725 infeasible   63               -  140.00000      -   310 3490s
 59112 31767  140.00000   61  362          -  140.00000      -   310 3495s
 59232 31799  140.00000   98  436          -  140.00000      -   310 3500s
 59319 31844  140.00000   64  292          -  140.00000      -   310 3505s
 59446 31917  140.00000   79  356          -  140.00000      -   310 3510s
 59592 32019 infeasible   70               -  140.00000      -   309 3515s
 59715 32094 infeasible   91               -  140.00000      -   309 3520s
 59828 32171  140.00000   80  313          -  140.00000      -   309 3525s
 59911 32226  140.00000   83  328          -  140.00000      -   309 3530s
 60043 32302  140.00000   79  434          -  140.00000      -   309 3535s
 60135 32350  140.00000   70  349          -  140.00000      -   309 3540s
 60286 32457  140.00000   94  364          -  140.00000      -   309 3545s
 60368 32519  140.00000   96  341          -  140.00000      -   309 3550s
 60456 32557 infeasible   84               -  140.00000      -   309 3555s
 60525 32578  140.00000   82  384          -  140.00000      -   309 3569s
 60545 32590  140.00000   71  253          -  140.00000      -   309 3570s
 60649 32658 infeasible   90               -  140.00000      -   309 3575s
 60718 32699 infeasible   95               -  140.00000      -   309 3580s
 60826 32733 infeasible   90               -  140.00000      -   309 3585s
 60909 32750 infeasible   86               -  140.00000      -   309 3590s
 60976 32785  140.00000   93  317          -  140.00000      -   309 3595s

Cutting planes:
  Lift-and-project: 1
  Cover: 3
  Clique: 5
  MIR: 2
  Flow cover: 7
  Zero half: 3
  RLT: 40
  BQP: 48

Explored 61072 nodes (19081936 simplex iterations) in 3600.00 seconds (4550.43 work units)
Thread count was 1 (of 8 available processors)

Solution count 0

Time limit reached
Best objective -, best bound 1.400000000000e+02, gap -
