
Gurobi 11.0.1 (win64) logging started Fri Mar 22 01:07:42 2024

Set parameter LogFile to value "C:\Projetos\Job_Rotation_Algorithms\Outputs\GurobiLogs\gurobi_log-output-31_ton-c175-CostaMirallesModel-NoExtraConstraint-2.log"
Gurobi Optimizer version 11.0.1 build v11.0.1rc0 (win64 - Windows 10.0 (19045.2))

CPU model: 11th Gen Intel(R) Core(TM) i7-1165G7 @ 2.80GHz, instruction set [SSE2|AVX|AVX2|AVX512]
Thread count: 4 physical cores, 8 logical processors, using up to 1 threads

WLS license 901039 - registered to Bitka Analytics
Optimize a model with 2763 rows, 13096 columns and 198446 nonzeros
Model fingerprint: 0x5fe1909a
Variable types: 2 continuous, 13094 integer (13094 binary)
Coefficient statistics:
  Matrix range     [1e+00, 3e+02]
  Objective range  [1e+00, 1e+00]
  Bounds range     [1e+00, 4e+02]
  RHS range        [1e+00, 4e+02]
Presolve added 561 rows and 0 columns
Presolve removed 0 rows and 198 columns
Presolve time: 0.86s
Presolved: 3324 rows, 12898 columns, 102555 nonzeros
Variable types: 0 continuous, 12898 integer (12297 binary)

Root relaxation: objective 1.400000e+02, 3979 iterations, 0.31 seconds (0.46 work units)

    Nodes    |    Current Node    |     Objective Bounds      |     Work
 Expl Unexpl |  Obj  Depth IntInf | Incumbent    BestBd   Gap | It/Node Time

     0     0  140.00000    0   79          -  140.00000      -     -    1s
     0     0  140.00000    0 1018          -  140.00000      -     -    2s
     0     0  140.00000    0 1155          -  140.00000      -     -    3s
     0     0  140.00000    0 1019          -  140.00000      -     -    3s
     0     0  140.00000    0 1000          -  140.00000      -     -    3s
     0     0  140.00000    0  102          -  140.00000      -     -    6s
     0     0  140.00000    0  536          -  140.00000      -     -    7s
     0     0  140.00000    0  498          -  140.00000      -     -    7s
     0     0  140.00000    0  497          -  140.00000      -     -    7s
     0     0  140.00000    0  184          -  140.00000      -     -    8s
     0     0  140.00000    0  210          -  140.00000      -     -    8s
     0     0  140.00000    0  213          -  140.00000      -     -    8s
     0     0  140.00000    0  212          -  140.00000      -     -    8s
     0     0  140.00000    0  212          -  140.00000      -     -    8s
     0     0  140.00000    0  212          -  140.00000      -     -    8s
     0     0  140.00000    0  123          -  140.00000      -     -    9s
     0     0  140.00000    0  212          -  140.00000      -     -    9s
     0     0  140.00000    0  152          -  140.00000      -     -   10s
     0     0  140.00000    0  152          -  140.00000      -     -   10s
     0     2  140.00000    0  141          -  140.00000      -     -   11s
   117    81  140.00000   55  173          -  140.00000      -   161   15s
   241   138  140.00000   13  788          -  140.00000      -   235   20s
   396   265  140.00000   53  292          -  140.00000      -   246   25s
   629   395  140.00000   30  179          -  140.00000      -   223   30s
   694   422  140.00000   22 1000          -  140.00000      -   218   40s
   699   425  140.00000    3  128          -  140.00000      -   216   45s
   705   429  140.00000   25  139          -  140.00000      -   214   51s
   724   444  140.00000   19  379          -  140.00000      -   320   55s
   777   477  140.00000   45  301          -  140.00000      -   308   60s
   838   495  140.00000   42  134          -  140.00000      -   305   65s
   982   540  140.00000   52  181          -  140.00000      -   285   70s
  1064   524  140.00000   51  254          -  140.00000      -   280   75s
  1187   515  140.00000   67  338          -  140.00000      -   268   80s
  1358   596  140.00000   56  178          -  140.00000      -   250   85s
  1385   605  140.00000   63  195          -  140.00000      -   250   96s
  1414   602  140.00000   46  212          -  140.00000      -   250  100s
  1460   628  140.00000   67  217          -  140.00000      -   250  105s
  1632   602 infeasible   66               -  140.00000      -   236  110s
  1759   569  140.00000   44  385          -  140.00000      -   229  115s
  1855   571  140.00000   54  157          -  140.00000      -   229  120s
  2016   536  140.00000   62  267          -  140.00000      -   221  125s
  2170   557 infeasible   50               -  140.00000      -   216  130s
  2347   646 infeasible   56               -  140.00000      -   212  135s
  2505   690 infeasible   77               -  140.00000      -   208  140s
  2709   760  140.00000   45  341          -  140.00000      -   201  145s
  2873   780 infeasible   75               -  140.00000      -   198  150s
  3019   830  140.00000   71  137          -  140.00000      -   198  155s
  3237   940 infeasible   79               -  140.00000      -   194  160s
  3471   917  140.00000   47  273          -  140.00000      -   188  165s
  3616   954 infeasible   79               -  140.00000      -   188  170s
  3806  1001  139.00000   69  320          -  140.00000      -   186  175s
  3999  1036 infeasible   73               -  140.00000      -   185  180s
  4185  1018  140.00000   61  317          -  140.00000      -   184  185s
  4424  1037 infeasible   77               -  140.00000      -   180  190s
  4638  1019 infeasible   60               -  140.00000      -   179  195s
  4817  1040 infeasible   71               -  140.00000      -   178  200s
  5032  1186  140.00000   70  106          -  140.00000      -   177  205s
  5101  1215  140.00000   46  220          -  140.00000      -   178  210s
  5313  1308  140.00000   74  320          -  140.00000      -   176  215s
  5480  1417 infeasible   64               -  140.00000      -   176  220s
  5677  1526 infeasible   57               -  140.00000      -   176  225s
  5945  1672 infeasible   55               -  140.00000      -   174  230s
  6184  1791 infeasible   59               -  140.00000      -   173  235s
  6449  1884  140.00000   61   99          -  140.00000      -   171  240s
  6768  2020  140.00000   49  610          -  140.00000      -   167  245s
  6989  2116  140.00000   65  364          -  140.00000      -   167  250s
  7282  2200 infeasible   50               -  140.00000      -   164  255s
  7524  2285 infeasible   50               -  140.00000      -   163  260s
  7798  2382  140.00000   67  212          -  140.00000      -   161  265s
  8168  2516 infeasible   58               -  140.00000      -   157  270s
  8436  2615 infeasible   59               -  140.00000      -   156  275s
  8735  2704  140.00000   50  161          -  140.00000      -   154  280s
  9102  2810 infeasible   68               -  140.00000      -   152  285s
  9485  2933 infeasible   62               -  140.00000      -   149  290s
  9755  2993 infeasible   65               -  140.00000      -   149  295s
 10049  3092 infeasible   72               -  140.00000      -   148  300s
 10202  3150  140.00000   53  215          -  140.00000      -   147  356s
 10401  3243  140.00000   59  175          -  140.00000      -   147  360s
 10775  3401 infeasible   87               -  140.00000      -   145  365s
 11087  3513 infeasible   68               -  140.00000      -   144  370s
 11271  3571  140.00000   45  359          -  140.00000      -   145  375s
 11509  3672  140.00000   42  300          -  140.00000      -   145  380s
 11779  3805  140.00000   49  228          -  140.00000      -   145  385s
 12015  3877 infeasible   80               -  140.00000      -   145  390s
 12271  3956 infeasible   62               -  140.00000      -   145  395s
 12453  4036  138.91631   74  337          -  140.00000      -   146  400s
 12672  4090 infeasible   69               -  140.00000      -   146  405s
 12886  4110  139.00000   65  213          -  140.00000      -   147  410s
 13149  4205 infeasible   57               -  140.00000      -   147  415s
 13286  4268  140.00000   43  239          -  140.00000      -   146  423s
 13297  4275  140.00000   45  235          -  140.00000      -   146  425s
 13358  4311  140.00000   38  250          -  140.00000      -   147  430s
 13538  4377  140.00000   54  240          -  140.00000      -   148  435s
 13655  4360 infeasible   54               -  140.00000      -   149  440s
 13794  4362 infeasible   60               -  140.00000      -   149  445s
 13935  4365 infeasible   69               -  140.00000      -   150  450s
 14087  4370  140.00000   49  294          -  140.00000      -   150  455s
 14178  4375  139.00000   71  178          -  140.00000      -   151  460s
 14292  4381 infeasible   63               -  140.00000      -   152  465s
 14506  4399 infeasible   60               -  140.00000      -   152  470s
 14604  4388 infeasible   54               -  140.00000      -   153  475s
 14712  4406  140.00000   58  286          -  140.00000      -   154  480s
 14903  4425 infeasible   65               -  140.00000      -   154  485s
 15136  4421 infeasible   62               -  140.00000      -   154  490s
 15303  4437  140.00000   63  409          -  140.00000      -   154  496s
 15407  4432  140.00000   50  254          -  140.00000      -   154  500s
 15536  4429  140.00000   53  460          -  140.00000      -   155  505s
 15679  4443  140.00000   56  169          -  140.00000      -   155  510s
 15969  4496 infeasible   95               -  140.00000      -   154  515s
 16273  4502 infeasible   56               -  140.00000      -   154  520s
 16451  4524 infeasible   61               -  140.00000      -   154  525s
 16614  4556  140.00000   47  480          -  140.00000      -   154  530s
 16756  4624 infeasible   67               -  140.00000      -   155  535s
 16953  4666  140.00000   66  263          -  140.00000      -   155  540s
 17118  4666 infeasible   64               -  140.00000      -   156  545s
 17324  4668 infeasible   50               -  140.00000      -   156  550s
 17551  4716 infeasible   53               -  140.00000      -   155  555s
 17697  4727 infeasible   60               -  140.00000      -   156  560s
 17906  4798 infeasible   70               -  140.00000      -   156  565s
 18058  4836  140.00000   41  171          -  140.00000      -   157  570s
 18419  4941 infeasible   59               -  140.00000      -   156  575s
 18596  4953  140.00000   57  530          -  140.00000      -   156  580s
 18721  4948 infeasible   61               -  140.00000      -   156  585s
 18843  4944  140.00000   52  428          -  140.00000      -   157  590s
 18900  4951  140.00000   55  263          -  140.00000      -   157  602s
 18908  4949  140.00000   54  304          -  140.00000      -   157  605s
 18923  4950 infeasible   58               -  140.00000      -   158  610s
 18940  4945  140.00000   54  312          -  140.00000      -   158  615s
 18965  4948 infeasible   60               -  140.00000      -   159  620s
 19069  4947 infeasible   67               -  140.00000      -   160  625s
 19192  4970 infeasible   56               -  140.00000      -   161  630s
 19305  4990 infeasible   60               -  140.00000      -   162  635s
 19427  5019 infeasible   76               -  140.00000      -   162  640s
 19594  5072 infeasible   70               -  140.00000      -   163  645s
 19803  5105 infeasible   57               -  140.00000      -   162  650s
 19995  5083  140.00000   56  191          -  140.00000      -   162  655s
 20236  5145 infeasible   59               -  140.00000      -   162  660s
 20410  5173 infeasible   50               -  140.00000      -   161  665s
 20597  5192  140.00000   49  148          -  140.00000      -   161  670s
 20804  5225 infeasible   55               -  140.00000      -   161  675s
 20942  5229 infeasible   65               -  140.00000      -   162  680s
 21056  5224 infeasible   51               -  140.00000      -   162  685s
 21156  5216 infeasible   56               -  140.00000      -   163  690s
 21284  5220 infeasible   50               -  140.00000      -   163  695s
 21425  5233 infeasible   70               -  140.00000      -   163  700s
 21745  5401 infeasible   64               -  140.00000      -   162  705s
 22135  5512 infeasible   66               -  140.00000      -   161  710s
 22646  5671  140.00000   83  138          -  140.00000      -   159  715s
 23249  5778 infeasible   92               -  140.00000      -   156  720s
 23863  5904  140.00000   87  157          -  140.00000      -   153  725s
 24353  5998 infeasible   86               -  140.00000      -   152  730s
 24972  6105  140.00000   86  195          -  140.00000      -   149  735s
 25505  6215  140.00000   86  106          -  140.00000      -   147  741s
 26086  6353  140.00000   76  109          -  140.00000      -   145  745s
 26808  6461 infeasible   89               -  140.00000      -   143  750s
 27362  6553 infeasible   76               -  140.00000      -   141  755s
 27962  6696 infeasible   94               -  140.00000      -   139  760s
 28467  6756 infeasible   83               -  140.00000      -   138  765s
 28965  6887 infeasible  101               -  140.00000      -   137  770s
 29447  7016  140.00000   78  174          -  140.00000      -   136  775s
 29742  7173  140.00000   70  116          -  140.00000      -   135  780s
 30125  7340 infeasible   81               -  140.00000      -   135  785s
 30562  7538 infeasible   67               -  140.00000      -   134  790s
 30781  7644  140.00000   67  132          -  140.00000      -   133  795s
 31357  7883 infeasible   96               -  140.00000      -   132  800s
 31915  8101  140.00000  110  203          -  140.00000      -   131  805s
 32562  8281  140.00000   57  142          -  140.00000      -   130  810s
 33001  8419 infeasible   89               -  140.00000      -   129  815s
 33525  8592  139.80722   72  333          -  140.00000      -   128  820s
 33885  8719 infeasible   70               -  140.00000      -   128  825s
 34339  8896  140.00000   77  255          -  140.00000      -   127  830s
 34832  9038 infeasible  102               -  140.00000      -   126  835s
 35255  9125  140.00000   99  114          -  140.00000      -   126  840s
 35610  9222  139.96298   83  371          -  140.00000      -   126  845s
 35839  9317  140.00000   80  220          -  140.00000      -   125  850s
 36285  9553  140.00000   88  244          -  140.00000      -   125  855s
 36798  9806  140.00000   73  104          -  140.00000      -   124  860s
 37120  9859  140.00000   93  165          -  140.00000      -   124  865s
 37682 10052 infeasible   76               -  140.00000      -   123  870s
 38163 10158  140.00000   79  189          -  140.00000      -   122  875s
 38403 10225  140.00000   82  165          -  140.00000      -   122  884s
 38412 10222 infeasible   78               -  140.00000      -   122  885s
 38487 10217 infeasible   79               -  140.00000      -   122  890s
 39214 10353 infeasible   98               -  140.00000      -   121  895s
 40131 10430 infeasible   80               -  140.00000      -   118  900s
 40711 10674  140.00000   63  256          -  140.00000      -   118  905s
 40980 10773 infeasible   82               -  140.00000      -   117  910s
 41682 11013 infeasible   85               -  140.00000      -   116  915s
 42274 11165  140.00000   81  189          -  140.00000      -   116  920s
 42665 11247 infeasible   97               -  140.00000      -   115  925s
 43082 11349  140.00000   46  162          -  140.00000      -   115  930s
 43667 11601 infeasible  107               -  140.00000      -   114  935s
 44325 11686 infeasible   98               -  140.00000      -   113  940s
 45040 11866 infeasible   84               -  140.00000      -   112  945s
 45756 12006  140.00000   78   94          -  140.00000      -   112  950s
 46097 12043  140.00000   80  249          -  140.00000      -   111  955s
 46751 12186 infeasible  100               -  140.00000      -   110  960s
 47267 12274  140.00000   77  302          -  140.00000      -   110  965s
 47857 12347 infeasible   97               -  140.00000      -   109  970s
 48380 12482  140.00000  101  242          -  140.00000      -   109  975s
 48813 12601  140.00000   82  172          -  140.00000      -   109  980s
 49426 12734  140.00000   81  212          -  140.00000      -   108  985s
 50102 12889 infeasible   78               -  140.00000      -   108  990s
 50712 13000 infeasible   79               -  140.00000      -   107  995s
 51010 13095  140.00000   72  238          -  140.00000      -   107 1000s
 51646 13177 infeasible   92               -  140.00000      -   106 1005s
 52378 13293 infeasible   88               -  140.00000      -   105 1010s
 53154 13430 infeasible   72               -  140.00000      -   104 1015s
 53899 13633 infeasible   95               -  140.00000      -   103 1020s
 54580 13747  140.00000   84  164          -  140.00000      -   103 1025s
 55284 13933 infeasible  105               -  140.00000      -   102 1030s
 55899 14091  140.00000   71  123          -  140.00000      -   102 1035s
 56343 14244  140.00000   73  261          -  140.00000      -   101 1040s
 56930 14352 infeasible   85               -  140.00000      -   101 1045s
 57545 14415 infeasible   84               -  140.00000      -   101 1050s
 58204 14624 infeasible   82               -  140.00000      -   100 1055s
 59012 14851  140.00000   72  323          -  140.00000      -   100 1060s
 59669 15050 infeasible   84               -  140.00000      -  99.1 1065s
 60201 15195  140.00000   84  252          -  140.00000      -  99.0 1070s
 60552 15337  140.00000   67  151          -  140.00000      -  99.1 1075s
 60962 15495 infeasible   69               -  140.00000      -  99.0 1080s
 61266 15608  140.00000   75  268          -  140.00000      -  98.9 1085s
 61817 15800  140.00000   83  168          -  140.00000      -  98.7 1090s
 62371 15924  140.00000   87  155          -  140.00000      -  98.5 1095s
 62664 15911  139.89523  107  229          -  140.00000      -  98.3 1103s
 62691 15906  140.00000   84   79          -  140.00000      -  98.4 1105s
 62815 15937  140.00000   58   95          -  140.00000      -  98.5 1110s
 63280 16037  140.00000   87  132          -  140.00000      -  98.4 1115s
 63660 16099 infeasible   70               -  140.00000      -  98.4 1120s
 63997 16201  140.00000   59  268          -  140.00000      -  98.5 1125s
 64338 16272 infeasible   69               -  140.00000      -  98.5 1130s
 64795 16392  140.00000   94  160          -  140.00000      -  98.4 1135s
 65092 16494 infeasible   77               -  140.00000      -  98.5 1140s
 65502 16591 infeasible   95               -  140.00000      -  98.5 1145s
 66094 16700 infeasible   74               -  140.00000      -  98.1 1150s
 66313 16743 infeasible   70               -  140.00000      -  98.1 1155s
 66499 16792  140.00000   58  305          -  140.00000      -  98.2 1160s
 66707 16855 infeasible   81               -  140.00000      -  98.3 1165s
 67035 16900 infeasible   86               -  140.00000      -  98.3 1170s
 67452 16933 infeasible   72               -  140.00000      -  98.2 1175s
 67710 16963  140.00000   85  163          -  140.00000      -  98.3 1180s
 68070 17025  140.00000   91  355          -  140.00000      -  98.3 1185s
 68355 17025 infeasible   86               -  140.00000      -  98.4 1190s
 68632 17048 infeasible   81               -  140.00000      -  98.6 1195s
 68825 17086 infeasible   71               -  140.00000      -  98.8 1200s
 69095 17078 infeasible   97               -  140.00000      -  98.9 1205s
 69463 17051 infeasible   80               -  140.00000      -  99.0 1210s
 69881 17126  140.00000   77  120          -  140.00000      -  98.9 1215s
 70241 17126 infeasible   72               -  140.00000      -  99.0 1220s
 70674 17151  140.00000   79  256          -  140.00000      -  98.9 1225s
 71102 17269 infeasible   79               -  140.00000      -  98.9 1230s
 71345 17298  140.00000   80  258          -  140.00000      -  99.1 1242s
 71379 17284 infeasible   91               -  140.00000      -  99.2 1245s
 71424 17287  140.00000   84   97          -  140.00000      -  99.2 1250s
 71711 17370 infeasible   87               -  140.00000      -  99.2 1255s
 72233 17538  140.00000   70  155          -  140.00000      -  99.1 1260s
 72894 17692 infeasible   82               -  140.00000      -  98.7 1265s
 73403 17777  140.00000   60  199          -  140.00000      -  98.5 1270s
 73879 17884 infeasible   75               -  140.00000      -  98.4 1275s
 74210 17905 infeasible   74               -  140.00000      -  98.6 1280s
 74709 18033  140.00000   86  290          -  140.00000      -  98.5 1285s
 75059 18084 infeasible  119               -  140.00000      -  98.6 1290s
 75634 18187  140.00000   73  283          -  140.00000      -  98.3 1295s
 75965 18240  140.00000   76  389          -  140.00000      -  98.4 1300s
 76287 18310  140.00000   86  188          -  140.00000      -  98.5 1305s
 76572 18356  140.00000   75  226          -  140.00000      -  98.4 1310s
 76950 18426  140.00000   71  212          -  140.00000      -  98.5 1315s
 77340 18520 infeasible   72               -  140.00000      -  98.5 1320s
 77712 18652  140.00000   78  250          -  140.00000      -  98.5 1325s
 78157 18748 infeasible   87               -  140.00000      -  98.5 1330s
 78621 18830  140.00000   62  245          -  140.00000      -  98.4 1335s
 79123 18929 infeasible   77               -  140.00000      -  98.3 1340s
 79699 18953 infeasible   70               -  140.00000      -  98.0 1345s
 80091 18969 infeasible   68               -  140.00000      -  98.1 1350s
 80488 18958 infeasible   70               -  140.00000      -  98.1 1355s
 80871 18898 infeasible   87               -  140.00000      -  98.2 1360s
 81267 18941  139.00000   88  198          -  140.00000      -  98.2 1365s
 81616 19005  140.00000   74  183          -  140.00000      -  98.1 1370s
 82103 19137  140.00000   69  285          -  140.00000      -  98.0 1375s
 82483 19289 infeasible   68               -  140.00000      -  98.0 1380s
 82782 19425  140.00000   50   83          -  140.00000      -  98.0 1385s
 83182 19601  140.00000   52  111          -  140.00000      -  98.0 1390s
 83628 19764  140.00000   58  240          -  140.00000      -  97.9 1395s
 84056 19985  140.00000   57  368          -  140.00000      -  97.9 1400s
 84454 20146 infeasible   78               -  140.00000      -  97.8 1405s
 84951 20308 infeasible   57               -  140.00000      -  97.7 1410s
 85396 20507 infeasible   60               -  140.00000      -  97.7 1415s
 85837 20651 infeasible   49               -  140.00000      -  97.7 1420s
 86291 20839  139.00000   56  122          -  140.00000      -  97.6 1425s
 86591 20907 infeasible   58               -  140.00000      -  97.7 1430s
 86842 20984 infeasible   60               -  140.00000      -  97.7 1435s
 87195 21107  140.00000   60  145          -  140.00000      -  97.8 1440s
 87706 21344 infeasible   80               -  140.00000      -  97.6 1445s
 88189 21393 infeasible   89               -  140.00000      -  97.5 1450s
 88735 21508  140.00000   53  204          -  140.00000      -  97.3 1455s
 89050 21619  140.00000   48  118          -  140.00000      -  97.3 1460s
 89368 21763 infeasible   57               -  140.00000      -  97.4 1465s
 89927 21960 infeasible   70               -  140.00000      -  97.2 1470s
 90289 22089  140.00000   60   78          -  140.00000      -  97.2 1475s
 90784 22190 infeasible   60               -  140.00000      -  97.1 1480s
 91334 22340 infeasible   65               -  140.00000      -  96.9 1485s
 91818 22443  140.00000   72  388          -  140.00000      -  96.8 1491s
 92185 22457 infeasible   65               -  140.00000      -  96.6 1495s
 92659 22625  140.00000   68  136          -  140.00000      -  96.5 1500s
 93168 22762  140.00000   50  108          -  140.00000      -  96.4 1505s
 93700 22883  140.00000   49  324          -  140.00000      -  96.2 1510s
 94115 23115 infeasible   70               -  140.00000      -  96.2 1515s
 94627 23275 infeasible   64               -  140.00000      -  96.1 1520s
 94681 23306  140.00000   74  418          -  140.00000      -  96.1 1528s
 94701 23304  140.00000   49  331          -  140.00000      -  96.1 1531s
 94746 23311  140.00000   55  105          -  140.00000      -  96.1 1535s
 95039 23460  140.00000   54  490          -  140.00000      -  96.2 1540s
 95458 23616 infeasible   76               -  140.00000      -  96.1 1545s
 95875 23715 infeasible   68               -  140.00000      -  96.1 1550s
 96335 23882 infeasible   67               -  140.00000      -  96.0 1555s
 96862 23932  140.00000   61  347          -  140.00000      -  95.9 1560s
 97097 24018  140.00000   53  107          -  140.00000      -  95.9 1565s
 97825 24267  140.00000   80  180          -  140.00000      -  95.6 1570s
 98448 24403 infeasible   68               -  140.00000      -  95.3 1575s
 99192 24534 infeasible   90               -  140.00000      -  95.0 1580s
 99862 24660 infeasible   67               -  140.00000      -  94.8 1585s
 100540 24721 infeasible   97               -  140.00000      -  94.5 1590s
 101118 24788 infeasible  102               -  140.00000      -  94.4 1595s
 101710 24818 infeasible   70               -  140.00000      -  94.2 1600s
 102020 24901 infeasible   56               -  140.00000      -  94.2 1606s
 102262 24934 infeasible   60               -  140.00000      -  94.2 1610s
 102564 25052 infeasible   71               -  140.00000      -  94.3 1615s
 102939 25195  140.00000   63  220          -  140.00000      -  94.3 1620s
 103428 25371 infeasible   60               -  140.00000      -  94.2 1625s
 103835 25492 infeasible   58               -  140.00000      -  94.3 1630s
 104212 25583 infeasible   61               -  140.00000      -  94.3 1635s
 104570 25684  140.00000   70  174          -  140.00000      -  94.4 1640s
 105051 25834 infeasible   65               -  140.00000      -  94.3 1645s
 105444 25972  140.00000   60   84          -  140.00000      -  94.4 1650s
 105925 26079 infeasible   62               -  140.00000      -  94.3 1655s
 106387 26157 infeasible   70               -  140.00000      -  94.3 1660s
 106689 26207  140.00000   45  318          -  140.00000      -  94.4 1665s
 106990 26359  140.00000   61  337          -  140.00000      -  94.5 1670s
 107221 26483  140.00000   89  238          -  140.00000      -  94.5 1675s
 107590 26596 infeasible   71               -  140.00000      -  94.6 1680s
 108161 26781 infeasible   59               -  140.00000      -  94.5 1685s
 108773 26925 infeasible  107               -  140.00000      -  94.3 1690s
 109509 26989 infeasible  105               -  140.00000      -  94.0 1695s
 109940 27083  140.00000   68  438          -  140.00000      -  94.0 1700s
 110357 27130 infeasible   90               -  140.00000      -  94.0 1705s
 110978 27309 infeasible  102               -  140.00000      -  93.8 1710s
 111504 27400 infeasible   80               -  140.00000      -  93.7 1715s
 111943 27614 infeasible   52               -  140.00000      -  93.7 1720s
 112222 27694  140.00000   72  128          -  140.00000      -  93.7 1726s
 112489 27782  140.00000   70  103          -  140.00000      -  93.8 1730s
 112500 27781  139.00000   62  147          -  140.00000      -  93.8 1735s
 112547 27776 infeasible   69               -  140.00000      -  93.8 1740s
 112855 27835 infeasible   60               -  140.00000      -  93.8 1745s
 113199 27940 infeasible   77               -  140.00000      -  93.8 1750s
 113795 28082  140.00000   62  130          -  140.00000      -  93.7 1755s
 114303 28168  140.00000   61  264          -  140.00000      -  93.6 1760s
 115030 28249  140.00000   92   88          -  140.00000      -  93.3 1765s
 115539 28362 infeasible   79               -  140.00000      -  93.3 1770s
 115881 28398  140.00000   53  307          -  140.00000      -  93.3 1775s
 116247 28458 infeasible   80               -  140.00000      -  93.4 1780s
 116634 28479 infeasible   73               -  140.00000      -  93.4 1785s
 117323 28601  140.00000   68  165          -  140.00000      -  93.2 1792s
 117588 28654 infeasible   65               -  140.00000      -  93.2 1795s
 118175 28732 infeasible   76               -  140.00000      -  93.1 1800s
 118766 28895 infeasible   64               -  140.00000      -  92.9 1805s
 119124 28981 infeasible   80               -  140.00000      -  93.0 1810s
 119474 29016 infeasible   75               -  140.00000      -  93.1 1815s
 119858 29073  140.00000   43  380          -  140.00000      -  93.1 1820s
 120292 29263 infeasible   47               -  140.00000      -  93.2 1825s
 120654 29362 infeasible   61               -  140.00000      -  93.2 1830s
 121101 29501 infeasible   98               -  140.00000      -  93.2 1835s
 121453 29572  140.00000   58  275          -  140.00000      -  93.2 1840s
 121854 29681 infeasible   70               -  140.00000      -  93.2 1845s
 122216 29760 infeasible   60               -  140.00000      -  93.2 1850s
 122440 29795 infeasible   55               -  140.00000      -  93.3 1855s
 122797 29862  140.00000   53  346          -  140.00000      -  93.3 1860s
 123218 30094  140.00000   56  513          -  140.00000      -  93.4 1865s
 123641 30290  140.00000   55  296          -  140.00000      -  93.4 1870s
 123788 30330  140.00000   62  257          -  140.00000      -  93.4 1875s
 123905 30372  140.00000   46  334          -  140.00000      -  93.5 1880s
 124385 30565 infeasible   58               -  140.00000      -  93.5 1885s
 124823 30777 infeasible   65               -  140.00000      -  93.5 1890s
 125184 30919 infeasible   59               -  140.00000      -  93.6 1895s
 125582 31035  139.75999   74  337          -  140.00000      -  93.6 1900s
 125896 31093  140.00000   61  347          -  140.00000      -  93.7 1905s
 126117 31208  140.00000   52  203          -  140.00000      -  93.8 1910s
 126455 31345 infeasible   60               -  140.00000      -  93.9 1915s
 126667 31433  140.00000   61  148          -  140.00000      -  94.1 1920s
 126962 31483 infeasible   73               -  140.00000      -  94.2 1925s
 127330 31640  140.00000   61  477          -  140.00000      -  94.2 1930s
 127541 31643 infeasible   67               -  140.00000      -  94.2 1935s
 127923 31677  140.00000   76  330          -  140.00000      -  94.2 1940s
 128184 31712  140.00000   69  261          -  140.00000      -  94.3 1945s
 128196 31720  140.00000   77  236          -  140.00000      -  94.3 1954s
 128204 31712 infeasible   81               -  140.00000      -  94.3 1955s
 128254 31696 infeasible   66               -  140.00000      -  94.4 1960s
 128355 31714  140.00000   78  300          -  140.00000      -  94.5 1965s
 128757 31789  140.00000   68  155          -  140.00000      -  94.5 1970s
 129073 31837 infeasible   75               -  140.00000      -  94.5 1975s
 129393 31982 infeasible   86               -  140.00000      -  94.6 1980s
 129731 32076  140.00000   70  232          -  140.00000      -  94.7 1985s
 130138 32133  137.34969   85  325          -  140.00000      -  94.7 1990s
 130518 32170 infeasible   99               -  140.00000      -  94.7 1995s
 130922 32190  140.00000   87  306          -  140.00000      -  94.7 2000s
 131285 32257  140.00000   59  229          -  140.00000      -  94.7 2005s
 131640 32353  140.00000   97  305          -  140.00000      -  94.8 2010s
 132079 32419 infeasible   74               -  140.00000      -  94.8 2015s
 132480 32488 infeasible   70               -  140.00000      -  94.8 2020s
 132626 32499  140.00000   64  301          -  140.00000      -  94.9 2025s
 133033 32554  140.00000   57  327          -  140.00000      -  94.8 2030s
 133469 32664 infeasible   76               -  140.00000      -  94.8 2035s
 134127 32734  140.00000   65  125          -  140.00000      -  94.6 2040s
 134446 32751 infeasible   50               -  140.00000      -  94.7 2045s
 134744 32800 infeasible   73               -  140.00000      -  94.8 2050s
 135178 32956 infeasible  100               -  140.00000      -  94.7 2055s
 135653 33013  140.00000   48  110          -  140.00000      -  94.7 2060s
 135991 33058  140.00000   94  343          -  140.00000      -  94.7 2065s
 136318 33094 infeasible   82               -  140.00000      -  94.8 2070s
 136791 33144 infeasible   69               -  140.00000      -  94.7 2075s
 137245 33212 infeasible   94               -  140.00000      -  94.7 2080s
 137569 33290  140.00000   72  219          -  140.00000      -  94.8 2085s
 137841 33310 infeasible   60               -  140.00000      -  94.7 2090s
 138232 33369  140.00000   88  180          -  140.00000      -  94.8 2095s
 138606 33396 infeasible   86               -  140.00000      -  94.8 2100s
 138976 33359  140.00000   82  212          -  140.00000      -  94.8 2105s
 139365 33455 infeasible   72               -  140.00000      -  94.9 2110s
 139748 33443  140.00000   63  327          -  140.00000      -  94.9 2115s
 140056 33459 infeasible   58               -  140.00000      -  95.0 2120s
 140520 33506 infeasible   75               -  140.00000      -  94.9 2125s
 141016 33508 infeasible   68               -  140.00000      -  94.9 2130s
 141499 33529  140.00000   73   99          -  140.00000      -  94.9 2135s
 141757 33599 infeasible   74               -  140.00000      -  95.0 2140s
 142142 33589 infeasible   73               -  140.00000      -  95.0 2145s
 142581 33691 infeasible   67               -  140.00000      -  95.1 2150s
 142826 33734  140.00000   62  387          -  140.00000      -  95.2 2155s
 143049 33825 infeasible   75               -  140.00000      -  95.2 2160s
 143576 33951 infeasible   84               -  140.00000      -  95.2 2165s
 144254 34095 infeasible   79               -  140.00000      -  95.0 2170s
 144681 34188 infeasible   57               -  140.00000      -  95.0 2175s
 145085 34244  140.00000   30   93          -  140.00000      -  95.0 2180s
 145432 34441 infeasible   70               -  140.00000      -  95.1 2185s
 145560 34468  140.00000   72  239          -  140.00000      -  95.1 2192s
 145581 34457 infeasible   66               -  140.00000      -  95.1 2195s
 145740 34545 infeasible   59               -  140.00000      -  95.1 2200s
 146148 34727 infeasible   67               -  140.00000      -  95.1 2205s
 146569 34931  140.00000   44  409          -  140.00000      -  95.1 2210s
 146990 35149  140.00000   39  220          -  140.00000      -  95.2 2215s
 147388 35338 infeasible   60               -  140.00000      -  95.2 2220s
 147625 35455 infeasible   57               -  140.00000      -  95.3 2225s
 147902 35564  140.00000   49  191          -  140.00000      -  95.5 2230s
 148094 35616  140.00000   56  154          -  140.00000      -  95.5 2235s
 148543 35755  140.00000   42  196          -  140.00000      -  95.5 2240s
 149092 35986 infeasible   82               -  140.00000      -  95.4 2245s
 149646 36120  140.00000   72  144          -  140.00000      -  95.3 2250s
 149959 36164 infeasible   60               -  140.00000      -  95.4 2255s
 150272 36170 infeasible   82               -  140.00000      -  95.5 2260s
 150657 36285 infeasible   65               -  140.00000      -  95.5 2265s
 150842 36326 infeasible   69               -  140.00000      -  95.6 2270s
 151104 36412 infeasible   79               -  140.00000      -  95.8 2275s
 151419 36461  140.00000   56  420          -  140.00000      -  95.9 2280s
 151742 36597 infeasible   55               -  140.00000      -  95.9 2285s
 152148 36699 infeasible   64               -  140.00000      -  96.0 2290s
 152463 36785 infeasible   67               -  140.00000      -  96.1 2295s
 152875 36852 infeasible  100               -  140.00000      -  96.0 2300s
 153047 36890  140.00000   70   78          -  140.00000      -  96.1 2305s
 153484 37009  140.00000   48  210          -  140.00000      -  96.1 2310s
 153831 37173 infeasible   62               -  140.00000      -  96.2 2315s
 154172 37350  140.00000   53  375          -  140.00000      -  96.2 2320s
 154438 37449  140.00000   59  209          -  140.00000      -  96.3 2325s
 154828 37612 infeasible   69               -  140.00000      -  96.4 2330s
 155152 37732  140.00000   61  241          -  140.00000      -  96.4 2335s
 155524 37838 infeasible   99               -  140.00000      -  96.4 2340s
 155602 37826  140.00000   78  125          -  140.00000      -  96.5 2345s
 156002 37922 infeasible   84               -  140.00000      -  96.5 2350s
 156416 37966 infeasible   59               -  140.00000      -  96.5 2355s
 156814 38100 infeasible   59               -  140.00000      -  96.5 2360s
 157031 38219  140.00000   72  121          -  140.00000      -  96.6 2365s
 157264 38308  140.00000   50  205          -  140.00000      -  96.7 2370s
 157645 38435  137.40754   53  335          -  140.00000      -  96.7 2375s
 157979 38527  140.00000   64  248          -  140.00000      -  96.6 2380s
 158131 38572  140.00000   54  205          -  140.00000      -  96.6 2385s
 158470 38671 infeasible   55               -  140.00000      -  96.7 2390s
 158895 38786  138.00000   68  198          -  140.00000      -  96.6 2395s
 159223 38859  140.00000   44  328          -  140.00000      -  96.7 2400s
 159574 38972 infeasible   69               -  140.00000      -  96.7 2405s
 159843 39068  140.00000   61  161          -  140.00000      -  96.7 2412s
 159863 39078  140.00000   35  238          -  140.00000      -  96.7 2415s
 160132 39223  140.00000   58  391          -  140.00000      -  96.7 2420s
 160408 39383  140.00000   69  220          -  140.00000      -  96.8 2425s
 160738 39515  140.00000   63  241          -  140.00000      -  96.8 2430s
 161106 39646 infeasible   83               -  140.00000      -  96.7 2435s
 161564 39833 infeasible   90               -  140.00000      -  96.7 2440s
 162012 40046  140.00000   60  117          -  140.00000      -  96.6 2445s
 162455 40204  140.00000   71  170          -  140.00000      -  96.6 2450s
 162813 40323 infeasible   88               -  140.00000      -  96.6 2455s
 163200 40484  140.00000   57  137          -  140.00000      -  96.6 2460s
 163385 40558  140.00000   58  464          -  140.00000      -  96.6 2465s
 163809 40757  140.00000   55  314          -  140.00000      -  96.6 2470s
 164213 40939  140.00000   59  226          -  140.00000      -  96.6 2475s
 164751 41101  140.00000   61  341          -  140.00000      -  96.5 2480s
 165012 41188 infeasible   71               -  140.00000      -  96.5 2485s
 165467 41343 infeasible   60               -  140.00000      -  96.4 2490s
 165776 41515  140.00000   60  249          -  140.00000      -  96.5 2495s
 166057 41659 infeasible   76               -  140.00000      -  96.5 2500s
 166329 41826 infeasible   79               -  140.00000      -  96.5 2505s
 166708 41993 infeasible   70               -  140.00000      -  96.5 2510s
 167175 42231  135.58650   82  274          -  140.00000      -  96.5 2515s
 167539 42407  140.00000   75  353          -  140.00000      -  96.5 2520s
 168020 42612 infeasible   94               -  140.00000      -  96.4 2525s
 168333 42664 infeasible   87               -  140.00000      -  96.4 2530s
 168851 42808 infeasible   79               -  140.00000      -  96.3 2535s
 169122 42908 infeasible   78               -  140.00000      -  96.3 2540s
 169777 43068 infeasible   99               -  140.00000      -  96.1 2545s
 170536 43288  140.00000   83  195          -  140.00000      -  95.9 2550s
 171204 43502 infeasible   71               -  140.00000      -  95.7 2555s
 171605 43616  140.00000   70  253          -  140.00000      -  95.7 2567s
 171646 43641  140.00000   61  107          -  140.00000      -  95.7 2570s
 171890 43728  140.00000   72  286          -  140.00000      -  95.7 2575s
 172325 43918 infeasible   70               -  140.00000      -  95.8 2580s
 172779 44024 infeasible   85               -  140.00000      -  95.7 2585s
 173323 44105  140.00000   76  187          -  140.00000      -  95.7 2590s
 173685 44210  140.00000   78  277          -  140.00000      -  95.6 2595s
 174231 44384  140.00000   51  325          -  140.00000      -  95.5 2600s
 174670 44597 infeasible   83               -  140.00000      -  95.5 2605s
 175238 44805  140.00000   58  402          -  140.00000      -  95.4 2610s
 175764 45004 infeasible   75               -  140.00000      -  95.4 2615s
 176189 45127  140.00000   81  209          -  140.00000      -  95.4 2620s
 176594 45265 infeasible   64               -  140.00000      -  95.4 2625s
 177038 45387 infeasible   70               -  140.00000      -  95.4 2630s
 177376 45574 infeasible   76               -  140.00000      -  95.5 2635s
 177787 45750 infeasible   98               -  140.00000      -  95.5 2640s
 178225 45922 infeasible   78               -  140.00000      -  95.5 2645s
 178535 45982  140.00000   78   96          -  140.00000      -  95.5 2651s
 178849 46014  140.00000   83   94          -  140.00000      -  95.5 2655s
 179245 46182  140.00000   73  202          -  140.00000      -  95.5 2660s
 179596 46331 infeasible   92               -  140.00000      -  95.6 2665s
 180070 46480 infeasible   98               -  140.00000      -  95.5 2670s
 180578 46627  139.82273   98  302          -  140.00000      -  95.5 2675s
 181177 46707 infeasible   89               -  140.00000      -  95.4 2680s
 181583 46766 infeasible   70               -  140.00000      -  95.4 2685s
 181965 46855 infeasible   76               -  140.00000      -  95.4 2690s
 182262 46975 infeasible   64               -  140.00000      -  95.5 2695s
 182494 47020 infeasible   68               -  140.00000      -  95.6 2700s
 182896 47102 infeasible   86               -  140.00000      -  95.6 2705s
 183404 47151 infeasible   85               -  140.00000      -  95.5 2710s
 183744 47255 infeasible   81               -  140.00000      -  95.5 2715s
 184265 47372 infeasible   75               -  140.00000      -  95.4 2720s
 184549 47435  140.00000   66  209          -  140.00000      -  95.5 2725s
 184904 47532  139.65411   80  382          -  140.00000      -  95.5 2730s
 185228 47616  140.00000   63  373          -  140.00000      -  95.6 2735s
 185564 47737 infeasible   80               -  140.00000      -  95.6 2740s
 185878 47798 infeasible   73               -  140.00000      -  95.6 2745s
 185889 47800  140.00000   54  239          -  140.00000      -  95.6 2751s
 185925 47818  140.00000   55  272          -  140.00000      -  95.6 2755s
 186140 47893 infeasible   70               -  140.00000      -  95.7 2760s
 186330 47975  140.00000   44  428          -  140.00000      -  95.8 2765s
 186628 48168  140.00000   60  115          -  140.00000      -  95.8 2770s
 186976 48299  140.00000   51  218          -  140.00000      -  95.9 2775s
 187295 48432 infeasible   77               -  140.00000      -  95.9 2780s
 187716 48560 infeasible   84               -  140.00000      -  95.9 2785s
 188178 48668 infeasible   84               -  140.00000      -  95.9 2790s
 188592 48759 infeasible   93               -  140.00000      -  95.9 2795s
 188796 48815 infeasible   76               -  140.00000      -  95.9 2800s
 189067 48885  140.00000   63  169          -  140.00000      -  96.0 2805s
 189390 48966  140.00000   70  171          -  140.00000      -  96.0 2810s
 189743 49014 infeasible   70               -  140.00000      -  96.1 2815s
 190097 49121  140.00000   60  134          -  140.00000      -  96.1 2820s
 190555 49252  140.00000   56  134          -  140.00000      -  96.0 2825s
 190946 49357  140.00000   61  375          -  140.00000      -  96.0 2830s
 191255 49423  140.00000   65  258          -  140.00000      -  96.1 2835s
 191925 49589  140.00000   79  200          -  140.00000      -  95.9 2840s
 192662 49681 infeasible   89               -  140.00000      -  95.7 2845s
 193087 49747 infeasible   57               -  140.00000      -  95.7 2850s
 193319 49814 infeasible   67               -  140.00000      -  95.8 2855s
 193709 49864 infeasible   62               -  140.00000      -  95.8 2860s
 193972 49918 infeasible   78               -  140.00000      -  95.8 2865s
 194335 49992  140.00000   70   74          -  140.00000      -  95.8 2870s
 194650 50068  140.00000   76  320          -  140.00000      -  95.8 2875s
 195182 50128 infeasible   81               -  140.00000      -  95.7 2880s
 195519 50191 infeasible   85               -  140.00000      -  95.8 2885s
 195868 50245 infeasible   79               -  140.00000      -  95.8 2890s
 196116 50313 infeasible   78               -  140.00000      -  95.9 2895s
 196363 50375  140.00000   58  106          -  140.00000      -  95.9 2901s
 196522 50439 infeasible   68               -  140.00000      -  95.9 2905s
 196921 50550  140.00000   70  262          -  140.00000      -  96.0 2910s
 197165 50640 infeasible   69               -  140.00000      -  96.0 2915s
 197361 50704  140.00000   69  386          -  140.00000      -  96.1 2920s
 197548 50775  140.00000   57  343          -  140.00000      -  96.2 2925s
 197763 50854  140.00000   61  179          -  140.00000      -  96.3 2930s
 198130 51031 infeasible  114               -  140.00000      -  96.3 2935s
 198663 51154  140.00000   91  141          -  140.00000      -  96.2 2940s
 199057 51247  140.00000   87  216          -  140.00000      -  96.2 2945s
 199136 51250 infeasible   71               -  140.00000      -  96.2 2950s
 199513 51348 infeasible   50               -  140.00000      -  96.2 2955s
 199733 51465 infeasible   63               -  140.00000      -  96.2 2960s
 199994 51559  140.00000   77  209          -  140.00000      -  96.3 2965s
 200342 51714 infeasible   68               -  140.00000      -  96.3 2970s
 200754 51790  140.00000   56  234          -  140.00000      -  96.3 2975s
 201109 51913  140.00000   71  253          -  140.00000      -  96.3 2980s
 201543 52105 infeasible   68               -  140.00000      -  96.4 2985s
 201893 52187 infeasible   70               -  140.00000      -  96.4 2990s
 202317 52313  140.00000   57  232          -  140.00000      -  96.4 2995s
 202727 52478  140.00000   67  371          -  140.00000      -  96.4 3000s
 203200 52657 infeasible   75               -  140.00000      -  96.4 3005s
 203440 52699  140.00000   66  176          -  140.00000      -  96.3 3010s
 203802 52861 infeasible   61               -  140.00000      -  96.3 3015s
 204040 52916 infeasible   71               -  140.00000      -  96.3 3020s
 204558 52968 infeasible   85               -  140.00000      -  96.3 3025s
 204950 53010  140.00000   76  207          -  140.00000      -  96.3 3030s
 205257 53101 infeasible   76               -  140.00000      -  96.4 3035s
 205567 53127  136.84691   88  303          -  140.00000      -  96.4 3040s
 205951 53112  140.00000   78  232          -  140.00000      -  96.4 3045s
 206212 53196 infeasible   78               -  140.00000      -  96.5 3050s
 206630 53243 infeasible   70               -  140.00000      -  96.5 3055s
 206881 53301  140.00000   51  230          -  140.00000      -  96.6 3067s
 206899 53305 infeasible   57               -  140.00000      -  96.6 3070s
 206958 53302  140.00000   51  305          -  140.00000      -  96.7 3075s
 207310 53403 infeasible   88               -  140.00000      -  96.7 3080s
 207614 53478 infeasible   86               -  140.00000      -  96.7 3085s
 208039 53576  140.00000   71  185          -  140.00000      -  96.8 3090s
 208287 53630 infeasible   85               -  140.00000      -  96.8 3095s
 208802 53811 infeasible   66               -  140.00000      -  96.8 3100s
 209158 53892 infeasible   64               -  140.00000      -  96.8 3105s
 209752 53958 infeasible   72               -  140.00000      -  96.7 3110s
 210239 54006 infeasible   90               -  140.00000      -  96.7 3115s
 210809 54150 infeasible   60               -  140.00000      -  96.6 3120s
 211169 54183 infeasible   97               -  140.00000      -  96.6 3125s
 211574 54196 infeasible   77               -  140.00000      -  96.6 3130s
 212001 54171 infeasible   90               -  140.00000      -  96.6 3135s
 212207 54180 infeasible   88               -  140.00000      -  96.7 3140s
 212431 54217  140.00000   78  288          -  140.00000      -  96.8 3145s
 212628 54239 infeasible   82               -  140.00000      -  96.9 3150s
 212783 54247 infeasible   90               -  140.00000      -  97.0 3155s
 212926 54233 infeasible   86               -  140.00000      -  97.1 3160s
 213223 54218 infeasible   84               -  140.00000      -  97.1 3165s
 213440 54232  140.00000   84  373          -  140.00000      -  97.2 3170s
 213643 54245  140.00000   83  328          -  140.00000      -  97.3 3175s
 213844 54252  140.00000   85  353          -  140.00000      -  97.4 3180s
 214120 54276 infeasible   80               -  140.00000      -  97.5 3185s
 214245 54296 infeasible   89               -  140.00000      -  97.5 3190s
 214499 54307  139.83023   82  310          -  140.00000      -  97.6 3195s
 214728 54391 infeasible  103               -  140.00000      -  97.7 3200s
 215033 54414 infeasible   90               -  140.00000      -  97.8 3205s
 215299 54503  140.00000   81  159          -  140.00000      -  97.8 3210s
 215562 54575  140.00000   74  329          -  140.00000      -  97.9 3215s
 215876 54630 infeasible   94               -  140.00000      -  98.0 3220s
 216191 54625 infeasible   90               -  140.00000      -  98.0 3225s
 216474 54639  140.00000   80  256          -  140.00000      -  98.1 3230s
 216707 54682 infeasible   80               -  140.00000      -  98.2 3235s
 216961 54741  140.00000   80  138          -  140.00000      -  98.2 3240s
 217253 54800  140.00000   92  254          -  140.00000      -  98.3 3245s
 217489 54875 infeasible   87               -  140.00000      -  98.4 3250s
 217803 54916  140.00000  104  183          -  140.00000      -  98.5 3255s
 218130 54945 infeasible   76               -  140.00000      -  98.5 3260s
 218367 54981 infeasible   69               -  140.00000      -  98.6 3265s
 218645 54994 infeasible   60               -  140.00000      -  98.6 3270s
 218668 55001  140.00000   69  252          -  140.00000      -  98.6 3281s
 218693 54986 infeasible   61               -  140.00000      -  98.7 3285s
 218758 54955  139.00000   75  183          -  140.00000      -  98.7 3290s
 218820 54909 infeasible   64               -  140.00000      -  98.7 3295s
 219104 54877 infeasible   84               -  140.00000      -  98.8 3300s
 219393 54907  140.00000   83  184          -  140.00000      -  98.8 3305s
 219835 54935 infeasible   76               -  140.00000      -  98.8 3310s
 220222 54919 infeasible   89               -  140.00000      -  98.8 3315s
 220574 54921 infeasible   73               -  140.00000      -  98.8 3320s
 220901 54908  140.00000   60  127          -  140.00000      -  98.8 3325s
 221251 54913 infeasible   77               -  140.00000      -  98.9 3330s
 221939 54923 infeasible   75               -  140.00000      -  98.7 3335s
 222369 55022 infeasible   70               -  140.00000      -  98.7 3340s
 222896 55083  140.00000   79  243          -  140.00000      -  98.7 3345s
 223135 55115 infeasible   97               -  140.00000      -  98.7 3350s
 223367 55167 infeasible   82               -  140.00000      -  98.8 3355s
 223668 55186  140.00000   69  336          -  140.00000      -  98.9 3360s
 223895 55197 infeasible   58               -  140.00000      -  98.9 3365s
 224162 55228 infeasible   74               -  140.00000      -  99.0 3370s
 224394 55274 infeasible   70               -  140.00000      -  99.0 3375s
 224593 55314 infeasible   78               -  140.00000      -  99.1 3380s
 224864 55306  140.00000   70  198          -  140.00000      -  99.1 3385s
 225104 55311  140.00000   75  322          -  140.00000      -  99.2 3390s
 225415 55320  140.00000   73  232          -  140.00000      -  99.2 3395s
 225835 55334  140.00000   75  160          -  140.00000      -  99.2 3400s
 226143 55342  140.00000   71  199          -  140.00000      -  99.2 3405s
 226454 55400 infeasible   68               -  140.00000      -  99.3 3410s
 226728 55448 infeasible   83               -  140.00000      -  99.3 3415s
 227094 55502 infeasible   79               -  140.00000      -  99.3 3420s
 227412 55564  140.00000   71  190          -  140.00000      -  99.4 3425s
 227761 55581  140.00000   68  230          -  140.00000      -  99.4 3430s
 228099 55626  139.92473   72  325          -  140.00000      -  99.4 3435s
 228405 55699 infeasible   79               -  140.00000      -  99.5 3440s
 228752 55754 infeasible   87               -  140.00000      -  99.5 3445s
 229116 55742  140.00000   50  179          -  140.00000      -  99.5 3450s
 229391 55751  139.00000   54  168          -  140.00000      -  99.5 3455s
 229619 55744 infeasible   85               -  140.00000      -  99.5 3460s
 230190 55744 infeasible   85               -  140.00000      -  99.4 3465s
 230469 55764  140.00000   62  283          -  140.00000      -  99.4 3470s
 230756 55835 infeasible   67               -  140.00000      -  99.5 3475s
 231209 55890 infeasible   63               -  140.00000      -  99.4 3480s
 231504 55940  140.00000   77  263          -  140.00000      -  99.5 3485s
 231760 55926 infeasible   75               -  140.00000      -   100 3490s
 231947 55951 infeasible   74               -  140.00000      -   100 3495s
 232302 55952  138.90558   76  322          -  140.00000      -   100 3500s
 232601 55943  140.00000   68  153          -  140.00000      -   100 3505s
 232960 55930 infeasible   79               -  140.00000      -   100 3510s
 233464 55939 infeasible   96               -  140.00000      -   100 3515s
 233901 55943 infeasible   82               -  140.00000      -   100 3520s
 234222 55923  140.00000   67  102          -  140.00000      -   100 3525s
 234521 55929 infeasible   77               -  140.00000      -   100 3530s
 234733 55937  140.00000   81  189          -  140.00000      -   100 3535s
 235082 55917 infeasible   74               -  140.00000      -   100 3540s
 235226 55900 infeasible   71               -  140.00000      -   100 3545s
 235506 55881 infeasible   53               -  140.00000      -   100 3550s
 235883 55894  140.00000   72  205          -  140.00000      -  99.5 3555s
 236098 55920  140.00000   78  383          -  140.00000      -   100 3560s
 236433 56011  140.00000   79  309          -  140.00000      -   100 3565s
 236696 56032  139.56858   98  249          -  140.00000      -   100 3570s
 237067 56030 infeasible   90               -  140.00000      -   100 3575s
 237402 56024 infeasible   85               -  140.00000      -   100 3580s
 237660 56036  139.84079   75  227          -  140.00000      -   100 3585s
 237936 56084  140.00000   59  113          -  140.00000      -   100 3590s
 238192 56085 infeasible   75               -  140.00000      -   100 3595s

Cutting planes:
  Gomory: 3
  Cover: 151
  Implied bound: 27
  Projected implied bound: 1
  Clique: 137
  MIR: 23
  StrongCG: 15
  Flow cover: 90
  GUB cover: 23
  Zero half: 11
  RLT: 2
  Relax-and-lift: 37

Explored 238425 nodes (23817816 simplex iterations) in 3600.01 seconds (2991.56 work units)
Thread count was 1 (of 8 available processors)

Solution count 0

Time limit reached
Best objective -, best bound 1.400000000000e+02, gap -
