
Gurobi 11.0.1 (win64) logging started Mon Apr  1 12:46:16 2024

Set parameter LogFile to value "C:\Projetos\Job_Rotation_Algorithms\Outputs\GurobiLogs\gurobi_log-output-61_ton-c76-CostaMirallesModel-NoExtraConstraint-2.log"
Gurobi Optimizer version 11.0.1 build v11.0.1rc0 (win64 - Windows 10.0 (19045.2))

CPU model: 11th Gen Intel(R) Core(TM) i7-1165G7 @ 2.80GHz, instruction set [SSE2|AVX|AVX2|AVX512]
Thread count: 4 physical cores, 8 logical processors, using up to 1 threads


Gurobi 11.0.1 (win64) logging started Mon Apr  1 21:34:09 2024

Set parameter LogFile to value "C:\Projetos\Job_Rotation_Algorithms\Outputs\GurobiLogs\gurobi_log-output-61_ton-c76-CostaMirallesModel-NoExtraConstraint-2.log"
Gurobi Optimizer version 11.0.1 build v11.0.1rc0 (win64 - Windows 10.0 (19045.2))

CPU model: 11th Gen Intel(R) Core(TM) i7-1165G7 @ 2.80GHz, instruction set [SSE2|AVX|AVX2|AVX512]
Thread count: 4 physical cores, 8 logical processors, using up to 1 threads


Gurobi 11.0.1 (win64) logging started Thu Apr  4 23:31:51 2024

Set parameter LogFile to value "C:\Projetos\Job_Rotation_Algorithms\Outputs\GurobiLogs\gurobi_log-output-61_ton-c76-CostaMirallesModel-NoExtraConstraint-2.log"
Gurobi Optimizer version 11.0.1 build v11.0.1rc0 (win64 - Windows 10.0 (19045.2))

CPU model: 11th Gen Intel(R) Core(TM) i7-1165G7 @ 2.80GHz, instruction set [SSE2|AVX|AVX2|AVX512]
Thread count: 4 physical cores, 8 logical processors, using up to 1 threads


Gurobi 11.0.1 (win64) logging started Sat Apr  6 13:01:03 2024

Set parameter LogFile to value "C:\Projetos\Job_Rotation_Algorithms\Outputs\GurobiLogs\gurobi_log-output-61_ton-c76-CostaMirallesModel-NoExtraConstraint-2.log"
Gurobi Optimizer version 11.0.1 build v11.0.1rc0 (win64 - Windows 10.0 (19045.2))

CPU model: 11th Gen Intel(R) Core(TM) i7-1165G7 @ 2.80GHz, instruction set [SSE2|AVX|AVX2|AVX512]
Thread count: 4 physical cores, 8 logical processors, using up to 1 threads


Gurobi 11.0.1 (win64) logging started Sun Apr  7 02:34:20 2024

Set parameter LogFile to value "C:\Projetos\Job_Rotation_Algorithms\Outputs\GurobiLogs\gurobi_log-output-61_ton-c76-CostaMirallesModel-NoExtraConstraint-2.log"
Gurobi Optimizer version 11.0.1 build v11.0.1rc0 (win64 - Windows 10.0 (19045.2))

CPU model: 11th Gen Intel(R) Core(TM) i7-1165G7 @ 2.80GHz, instruction set [SSE2|AVX|AVX2|AVX512]
Thread count: 4 physical cores, 8 logical processors, using up to 1 threads


Gurobi 11.0.1 (win64) logging started Sun Apr  7 09:47:13 2024

Set parameter LogFile to value "C:\Projetos\Job_Rotation_Algorithms\Outputs\GurobiLogs\gurobi_log-output-61_ton-c76-CostaMirallesModel-NoExtraConstraint-2.log"
Gurobi Optimizer version 11.0.1 build v11.0.1rc0 (win64 - Windows 10.0 (19045.2))

CPU model: 11th Gen Intel(R) Core(TM) i7-1165G7 @ 2.80GHz, instruction set [SSE2|AVX|AVX2|AVX512]
Thread count: 4 physical cores, 8 logical processors, using up to 1 threads


Gurobi 11.0.1 (win64) logging started Tue Apr  9 08:05:43 2024

Set parameter LogFile to value "C:\Projetos\Job_Rotation_Algorithms\Outputs\GurobiLogs\gurobi_log-output-61_ton-c76-CostaMirallesModel-NoExtraConstraint-2.log"
Gurobi Optimizer version 11.0.1 build v11.0.1rc0 (win64 - Windows 10.0 (19045.2))

CPU model: 11th Gen Intel(R) Core(TM) i7-1165G7 @ 2.80GHz, instruction set [SSE2|AVX|AVX2|AVX512]
Thread count: 4 physical cores, 8 logical processors, using up to 1 threads


Gurobi 11.0.1 (win64) logging started Wed Apr 10 17:35:08 2024

Set parameter LogFile to value "C:\Projetos\Job_Rotation_Algorithms\Outputs\GurobiLogs\gurobi_log-output-61_ton-c76-CostaMirallesModel-NoExtraConstraint-2.log"
Gurobi Optimizer version 11.0.1 build v11.0.1rc0 (win64 - Windows 10.0 (19045.2))

CPU model: 11th Gen Intel(R) Core(TM) i7-1165G7 @ 2.80GHz, instruction set [SSE2|AVX|AVX2|AVX512]
Thread count: 4 physical cores, 8 logical processors, using up to 1 threads


Gurobi 11.0.1 (win64) logging started Thu Apr 11 01:40:44 2024

Set parameter LogFile to value "C:\Projetos\Job_Rotation_Algorithms\Outputs\GurobiLogs\gurobi_log-output-61_ton-c76-CostaMirallesModel-NoExtraConstraint-2.log"
Gurobi Optimizer version 11.0.1 build v11.0.1rc0 (win64 - Windows 10.0 (19045.2))

CPU model: 11th Gen Intel(R) Core(TM) i7-1165G7 @ 2.80GHz, instruction set [SSE2|AVX|AVX2|AVX512]
Thread count: 4 physical cores, 8 logical processors, using up to 1 threads


Gurobi 11.0.1 (win64) logging started Sun Apr 21 02:56:59 2024

Set parameter LogFile to value "C:\Projetos\Job_Rotation_Algorithms\Outputs\GurobiLogs\gurobi_log-output-61_ton-c76-CostaMirallesModel-NoExtraConstraint-2.log"
Gurobi Optimizer version 11.0.1 build v11.0.1rc0 (win64 - Windows 10.0 (19045.2))

CPU model: 11th Gen Intel(R) Core(TM) i7-1165G7 @ 2.80GHz, instruction set [SSE2|AVX|AVX2|AVX512]
Thread count: 4 physical cores, 8 logical processors, using up to 1 threads


Gurobi 11.0.1 (win64) logging started Wed Apr 24 10:30:56 2024

Set parameter LogFile to value "C:\Projetos\Job_Rotation_Algorithms\Outputs\GurobiLogs\gurobi_log-output-61_ton-c76-CostaMirallesModel-NoExtraConstraint-2.log"
Gurobi Optimizer version 11.0.1 build v11.0.1rc0 (win64 - Windows 10.0 (19045.2))

CPU model: 11th Gen Intel(R) Core(TM) i7-1165G7 @ 2.80GHz, instruction set [SSE2|AVX|AVX2|AVX512]
Thread count: 4 physical cores, 8 logical processors, using up to 1 threads

WLS license 901038 - registered to Bitka Analytics
Optimize a model with 5210 rows, 37645 columns and 893595 nonzeros
Model fingerprint: 0xeb8b0909
Variable types: 2 continuous, 37643 integer (37643 binary)
Coefficient statistics:
  Matrix range     [1e+00, 3e+02]
  Objective range  [1e+00, 1e+00]
  Bounds range     [1e+00, 2e+02]
  RHS range        [1e+00, 2e+02]
Presolve removed 48 rows and 1646 columns (presolve time = 5s) ...
Presolve removed 48 rows and 3288 columns (presolve time = 10s) ...
Presolve removed 48 rows and 3288 columns (presolve time = 15s) ...
Presolve added 1438 rows and 0 columns
Presolve removed 0 rows and 6897 columns
Presolve time: 16.05s
Presolved: 6648 rows, 30748 columns, 192022 nonzeros
Variable types: 0 continuous, 30748 integer (29342 binary)

Root simplex log...

Iteration    Objective       Primal Inf.    Dual Inf.      Time
       0    1.0070000e+03   1.491750e+03   0.000000e+00     16s
    6780    1.4000000e+02   0.000000e+00   0.000000e+00     17s

Root relaxation: objective 1.400000e+02, 6780 iterations, 0.92 seconds (0.97 work units)

    Nodes    |    Current Node    |     Objective Bounds      |     Work
 Expl Unexpl |  Obj  Depth IntInf | Incumbent    BestBd   Gap | It/Node Time

     0     0  140.00000    0  138          -  140.00000      -     -   18s
     0     0  140.00000    0  138          -  140.00000      -     -   18s
     0     0  140.00000    0  243          -  140.00000      -     -   25s
     0     0  140.00000    0  294          -  140.00000      -     -   25s
     0     0  140.00000    0  455          -  140.00000      -     -   26s
     0     0  140.00000    0  385          -  140.00000      -     -   26s
     0     0  140.00000    0 1154          -  140.00000      -     -   30s
     0     0  140.00000    0  921          -  140.00000      -     -   30s
     0     0  140.00000    0  873          -  140.00000      -     -   30s
     0     0  140.00000    0  902          -  140.00000      -     -   31s
     0     0  140.00000    0  310          -  140.00000      -     -   38s
     0     0  140.00000    0  325          -  140.00000      -     -   39s
     0     0  140.00000    0  328          -  140.00000      -     -   39s
     0     0  140.00000    0  393          -  140.00000      -     -   39s
     0     0  140.00000    0  937          -  140.00000      -     -   41s
     0     0  140.00000    0  817          -  140.00000      -     -   41s
     0     0  140.00000    0  309          -  140.00000      -     -   46s
     0     0  140.00000    0  389          -  140.00000      -     -   46s
     0     0  140.00000    0  377          -  140.00000      -     -   46s
     0     0  140.00000    0  281          -  140.00000      -     -   50s
     0     0  140.00000    0  308          -  140.00000      -     -   51s
     0     0  140.00000    0  495          -  140.00000      -     -   51s
     0     0  140.00000    0  487          -  140.00000      -     -   51s
     0     0  140.00000    0  358          -  140.00000      -     -   56s
     0     0  140.00000    0  368          -  140.00000      -     -   57s
     0     0  140.00000    0  508          -  140.00000      -     -   57s
     0     0  140.00000    0  503          -  140.00000      -     -   57s
     0     0  140.00000    0  378          -  140.00000      -     -   62s
     0     0  140.00000    0  375          -  140.00000      -     -   62s
     0     0  140.00000    0  375          -  140.00000      -     -   63s
     0     2  140.00000    0  354          -  140.00000      -     -   73s
     9    11  140.00000    5  572          -  140.00000      -   509   75s
    79    81  140.00000   57  633          -  140.00000      -   174   80s
   141   132  140.00000   56  290          -  140.00000      -   206   85s
   227   168  140.00000   49 1312          -  140.00000      -   197   90s
   284   198  140.00000   83  844          -  140.00000      -   229   95s
   318   215  140.00000   62  636          -  140.00000      -   261  100s
   379   238  139.00000  101  658          -  140.00000      -   257  105s
   436   264  139.87114   79 1015          -  140.00000      -   256  110s
   487   295  140.00000   72  627          -  140.00000      -   268  115s
   628   353  139.85013  141  586          -  140.00000      -   223  120s
   795   396  140.00000   64  138          -  140.00000      -   194  166s
   797   397  140.00000   60  229          -  140.00000      -   194  172s
   798   398  140.00000   43  853          -  140.00000      -   193  176s
   799   399  140.00000   85 1115          -  140.00000      -   193  181s
   800   399  140.00000   69  258          -  140.00000      -   193  192s
   803   403  140.00000   78  138          -  140.00000      -   265  195s
   805   404  140.00000   63  214          -  140.00000      -   265  201s
   806   405  140.00000   65 1005          -  140.00000      -   264  205s
   808   406  140.00000   48  307          -  140.00000      -   264  217s
   810   408  140.00000   34  424          -  140.00000      -   263  226s
   812   409  140.00000   10  311          -  140.00000      -   262  237s
   814   410  140.00000   98  296          -  140.00000      -   262  247s
   816   412  140.00000   84  415          -  140.00000      -   261  259s
   817   412  140.00000   26 1526          -  140.00000      -   261  262s
   821   416  140.00000   69  254          -  140.00000      -   463  270s
   823   418  140.00000   60  924          -  140.00000      -   462  277s
   824   418  140.00000   87  321          -  140.00000      -   461  285s
   826   420  140.00000   82  301          -  140.00000      -   460  295s
   828   421  140.00000   21  310          -  140.00000      -   459  304s
   829   422  140.00000   40  793          -  140.00000      -   458  307s
   830   422  140.00000   60  390          -  140.00000      -   458  317s
   832   424  140.00000   54  529          -  140.00000      -   457  328s
   833   424  140.00000   75  931          -  140.00000      -   456  331s
   834   425  140.00000   64  483          -  140.00000      -   456  341s
   836   426  140.00000   48  328          -  140.00000      -   455  349s
   837   429  140.00000   43  326          -  140.00000      -   863  350s
   840   431  140.00000   44  758          -  140.00000      -   862  355s
   849   437  140.00000   49  321          -  140.00000      -   856  360s
   854   440  140.00000   51  380          -  140.00000      -   854  370s
   860   444  140.00000   54  833          -  140.00000      -   859  375s
   874   454  140.00000   61  298          -  140.00000      -   848  380s
   882   459  140.00000   65  302          -  140.00000      -   842  385s
   897   469  140.00000   73  393          -  140.00000      -   833  390s
   910   478  140.00000   79  851          -  140.00000      -   826  395s
   927   489  140.00000   88  715          -  140.00000      -   820  400s
   932   492  140.00000   90  474          -  140.00000      -   821  409s
   933   493  140.00000   91  278          -  140.00000      -   820  421s
   935   494  140.00000   92  163          -  140.00000      -   823  425s
   939   495  140.00000   94  230          -  140.00000      -   824  430s
   941   492 infeasible   95               -  140.00000      -   828  437s
   944   492 infeasible   96               -  140.00000      -   826  441s
   950   490  140.00000   85  517          -  140.00000      -   823  445s
   953   492  140.00000   86  541          -  140.00000      -   822  450s
   971   502  140.00000   95  436          -  140.00000      -   811  455s
  1024   514  140.00000   87  690          -  140.00000      -   774  460s
  1054   530 infeasible  102               -  140.00000      -   764  465s
  1096   528 infeasible  112               -  140.00000      -   742  470s
  1123   540  140.00000   68  826          -  140.00000      -   735  475s
  1162   566  140.00000   84  423          -  140.00000      -   718  480s
  1205   594  140.00000  103  562          -  140.00000      -   698  485s
  1261   632  140.00000  130  436          -  140.00000      -   674  490s
  1282   646  140.00000  138  379          -  140.00000      -   671  495s
  1303   658  140.00000  147  745          -  140.00000      -   667  500s
  1328   655  140.00000  113  560          -  140.00000      -   661  505s
  1362   654  140.00000   61  663          -  140.00000      -   649  510s
  1417   690  140.00000   82  306          -  140.00000      -   633  515s
  1445   705  140.00000   95 1605          -  140.00000      -   632  521s
  1459   712  140.00000  101  587          -  140.00000      -   630  525s
  1495   723 infeasible  122               -  140.00000      -   623  530s
  1539   746  140.00000   88  834          -  140.00000      -   613  535s
  1579   773  140.00000  107  309          -  140.00000      -   604  540s
  1614   790  140.00000  124  371          -  140.00000      -   596  545s
  1645   798  140.00000   77  563          -  140.00000      -   591  550s
  1679   818  140.00000   94  227          -  140.00000      -   584  555s
  1706   827 infeasible  105               -  140.00000      -   580  560s
  1741   839  140.00000   95  614          -  140.00000      -   576  565s
  1778   847 infeasible  112               -  140.00000      -   568  570s
  1806   860  140.00000   92  458          -  140.00000      -   569  575s
  1827   873  140.00000   99  766          -  140.00000      -   566  580s
  1888   891  140.00000   85  232          -  140.00000      -   553  585s
  1936   921  140.00000  110  490          -  140.00000      -   545  590s
  1994   933  140.00000   80  200          -  140.00000      -   534  595s
  2042   961  140.00000  105  662          -  140.00000      -   526  600s
  2102   993  140.00000  127  261          -  140.00000      -   516  605s
  2156  1031  140.00000  144  663          -  140.00000      -   507  610s
  2191  1036  140.00000   81  835          -  140.00000      -   503  615s
  2234  1072 infeasible  110               -  140.00000      -   499  620s
  2282  1106  140.00000  102  327          -  140.00000      -   492  625s
  2299  1114  140.00000  110  236          -  140.00000      -   490  645s
  2307  1118  140.00000   88  594          -  140.00000      -   489  653s
  2309  1120  140.00000   89  603          -  140.00000      -   490  659s
  2310  1121  140.00000   90  541          -  140.00000      -   490  661s
  2345  1151  140.00000  109  270          -  140.00000      -   484  665s
  2389  1181  140.00000   90  500          -  140.00000      -   479  670s
  2412  1197  140.00000   86  548          -  140.00000      -   480  675s
  2446  1227  140.00000  104  731          -  140.00000      -   476  680s
  2478  1247  140.00000   92  253          -  140.00000      -   475  685s
  2523  1280  140.00000   98  640          -  140.00000      -   470  690s
  2549  1305  140.00000  103  648          -  140.00000      -   469  695s
  2599  1348  140.00000  116  443          -  140.00000      -   464  700s
  2653  1374 infeasible  131               -  140.00000      -   458  705s
  2705  1414  140.00000  108  403          -  140.00000      -   452  710s
  2737  1446  140.00000  122  498          -  140.00000      -   453  716s
  2764  1463  140.00000  135  435          -  140.00000      -   451  720s
  2801  1486  140.00000  150  606          -  140.00000      -   448  725s
  2853  1526  140.00000  108 1006          -  140.00000      -   442  730s
  2878  1545  140.00000  122  148          -  140.00000      -   443  735s
  2929  1562 infeasible  126               -  140.00000      -   439  740s
  2990  1583  140.00000  138  630          -  140.00000      -   433  745s
  3038  1611 infeasible  142               -  140.00000      -   429  750s
  3075  1621  140.00000  133  176          -  140.00000      -   427  755s
  3102  1630  140.00000  139  149          -  140.00000      -   427  760s
  3138  1640  140.00000  131  948          -  140.00000      -   425  765s
  3170  1655  140.00000  140  907          -  140.00000      -   423  770s
  3218  1665  140.00000  148  424          -  140.00000      -   420  775s
  3272  1697  140.00000  101  728          -  140.00000      -   416  780s
  3320  1741  139.00000  122  431          -  140.00000      -   421  792s
  3354  1764 infeasible  141               -  140.00000      -   419  795s
  3392  1777  140.00000  110  415          -  140.00000      -   418  800s
  3429  1802  140.00000  123  551          -  140.00000      -   417  805s
  3474  1804  140.00000  131  422          -  140.00000      -   415  810s
  3518  1813  140.00000  134  733          -  140.00000      -   412  815s
  3552  1825  140.00000  142  593          -  140.00000      -   411  820s
  3586  1833  140.00000  109  354          -  140.00000      -   409  825s
  3624  1842 infeasible  102               -  140.00000      -   410  831s
  3668  1870  140.00000  133  527          -  140.00000      -   407  835s
  3737  1912  140.00000   92  483          -  140.00000      -   402  840s
  3755  1929  140.00000  104  353          -  140.00000      -   404  845s
  3796  1937  140.00000  128  853          -  140.00000      -   403  850s
  3834  1947 infeasible  139               -  140.00000      -   402  855s
  3872  1979  140.00000  147  604          -  140.00000      -   401  860s
  3910  1996  140.00000  134  415          -  140.00000      -   400  865s
  3981  2033 infeasible  119               -  140.00000      -   395  870s
  4037  2050  140.00000   81  344          -  140.00000      -   392  875s
  4076  2072  140.00000   65  569          -  140.00000      -   391  880s
  4133  2129  140.00000   92  199          -  140.00000      -   388  885s
  4177  2169  140.00000  116 1085          -  140.00000      -   387  890s
  4215  2184  140.00000  104  648          -  140.00000      -   385  895s
  4246  2206  140.00000  105  824          -  140.00000      -   385  900s
  4284  2232  140.00000  101  634          -  140.00000      -   384  905s
  4346  2271 infeasible  128               -  140.00000      -   381  910s
  4408  2282  140.00000   77  369          -  140.00000      -   377  915s
  4491  2359  140.00000  118  392          -  140.00000      -   374  920s
  4545  2383  140.00000  109  801          -  140.00000      -   371  925s
  4595  2415  140.00000   94  374          -  140.00000      -   369  930s
  4667  2458  140.00000   93  355          -  140.00000      -   366  935s
  4724  2496 infeasible  122               -  140.00000      -   365  940s
  4806  2562 infeasible  132               -  140.00000      -   362  945s
  4892  2624  140.00000  123  322          -  140.00000      -   357  950s
  4942  2635  140.00000   99  506          -  140.00000      -   356  955s
  5001  2670  140.00000   99  475          -  140.00000      -   354  960s
  5098  2732  140.00000   87  308          -  140.00000      -   349  965s
  5101  2735  140.00000   89  304          -  140.00000      -   349  992s
  5140  2772  140.00000  104  650          -  140.00000      -   348  995s
  5185  2795 infeasible  126               -  140.00000      -   347 1000s
  5224  2825  140.00000  114  464          -  140.00000      -   346 1005s
  5281  2856  140.00000  110  759          -  140.00000      -   344 1010s
  5358  2902 infeasible  120               -  140.00000      -   341 1015s
  5441  2944 infeasible  133               -  140.00000      -   338 1020s
  5540  3021  140.00000  127  296          -  140.00000      -   335 1025s
  5589  3040  140.00000  102  236          -  140.00000      -   334 1030s
  5703  3075  140.00000   88  320          -  140.00000      -   329 1035s
  5795  3147  140.00000   97  719          -  140.00000      -   326 1040s
  5892  3221  140.00000  118  795          -  140.00000      -   322 1045s
  5961  3260  140.00000  126  477          -  140.00000      -   321 1050s
  6040  3293  140.00000  112  120          -  140.00000      -   319 1055s
  6097  3333  140.00000  109  639          -  140.00000      -   318 1060s
  6161  3362  140.00000  102  436          -  140.00000      -   318 1065s
  6252  3424  140.00000  108  337          -  140.00000      -   315 1070s
  6346  3490  140.00000  107  545          -  140.00000      -   312 1075s
  6414  3537 infeasible  132               -  140.00000      -   312 1080s
  6464  3557  140.00000   98  312          -  140.00000      -   310 1086s
  6479  3568  140.00000  102  538          -  140.00000      -   311 1091s
  6542  3614  140.00000  128  240          -  140.00000      -   309 1095s
  6671  3684 infeasible  147               -  140.00000      -   306 1100s
  6772  3728  140.00000  130  766          -  140.00000      -   303 1105s
  6877  3789  140.00000  128  424          -  140.00000      -   300 1110s
  6974  3826  140.00000   76  826          -  140.00000      -   297 1115s
  7016  3862  140.00000  104  215          -  140.00000      -   298 1120s
  7073  3891  140.00000  121  473          -  140.00000      -   297 1125s
  7147  3926 infeasible  161               -  140.00000      -   295 1130s
  7232  3969  140.00000  146  743          -  140.00000      -   294 1135s
  7331  4036  140.00000  133  442          -  140.00000      -   292 1140s
  7384  4060 infeasible  121               -  140.00000      -   291 1145s
  7473  4104 infeasible  154               -  140.00000      -   289 1150s
  7562  4136 infeasible  131               -  140.00000      -   288 1155s
  7630  4179  140.00000   75  450          -  140.00000      -   287 1160s
  7676  4225  140.00000  103  209          -  140.00000      -   286 1187s
  7685  4234  140.00000  111  478          -  140.00000      -   286 1191s
  7690  4237 infeasible  113               -  140.00000      -   286 1198s
  7693  4240  140.00000  115  932          -  140.00000      -   286 1204s
  7694  4241  140.00000  115  352          -  140.00000      -   286 1205s
  7726  4266 infeasible  132               -  140.00000      -   287 1211s
  7742  4276  140.00000  135  980          -  140.00000      -   288 1215s
  7777  4298  140.00000  127  532          -  140.00000      -   288 1220s
  7813  4318 infeasible  149               -  140.00000      -   289 1225s
  7852  4335  139.64857  136  840          -  140.00000      -   289 1230s
  7898  4361  140.00000  125  775          -  140.00000      -   289 1235s
  7987  4407  140.00000  105  654          -  140.00000      -   287 1240s
  8048  4436  140.00000  107  506          -  140.00000      -   287 1245s
  8100  4453 infeasible  127               -  140.00000      -   286 1250s
  8200  4521  140.00000   72  286          -  140.00000      -   285 1255s
  8225  4546  140.00000   83  796          -  140.00000      -   286 1260s
  8273  4588  140.00000  110  928          -  140.00000      -   285 1265s
  8309  4617  140.00000  134  288          -  140.00000      -   285 1270s
  8363  4635  140.00000  123  742          -  140.00000      -   285 1275s
  8408  4664 infeasible  145               -  140.00000      -   285 1280s
  8471  4688 infeasible  136               -  140.00000      -   284 1285s
  8497  4703  140.00000   79  789          -  140.00000      -   285 1290s
  8534  4738  140.00000   96  597          -  140.00000      -   285 1295s
  8595  4760  140.00000  130  461          -  140.00000      -   284 1300s
  8643  4793  140.00000   82  242          -  140.00000      -   285 1305s
  8703  4845  140.00000  115  346          -  140.00000      -   284 1310s
  8748  4874  140.00000  119  558          -  140.00000      -   284 1315s
  8781  4900  140.00000  135  184          -  140.00000      -   285 1320s
  8829  4918  140.00000  135  765          -  140.00000      -   285 1325s
  8879  4935  140.00000  105  512          -  140.00000      -   285 1330s
  8961  4975  140.00000  115  893          -  140.00000      -   284 1335s
  9045  5033  140.00000  103  264          -  140.00000      -   282 1340s
  9133  5096  140.00000  106  233          -  140.00000      -   281 1345s
  9211  5143  140.00000  105 1416          -  140.00000      -   281 1350s
  9297  5192  140.00000  102  533          -  140.00000      -   279 1355s
  9341  5222  140.00000  112  287          -  140.00000      -   280 1360s
  9392  5242  140.00000  102  604          -  140.00000      -   282 1366s
  9437  5276  140.00000   92  178          -  140.00000      -   282 1370s
  9492  5309  140.00000   99  766          -  140.00000      -   282 1375s
  9576  5345 infeasible  115               -  140.00000      -   281 1380s
  9700  5422  140.00000  105  738          -  140.00000      -   279 1385s
  9749  5453 infeasible  129               -  140.00000      -   279 1390s
  9833  5500  140.00000  104  222          -  140.00000      -   278 1395s
  9908  5543  140.00000  112  107          -  140.00000      -   278 1400s
  9974  5573  140.00000   92  206          -  140.00000      -   279 1405s
 10034  5612  140.00000   83  506          -  140.00000      -   279 1410s
 10191  5732  140.00000  119  879          -  140.00000      -   276 1415s
 10202  5740  140.00000  124  548          -  140.00000      -   276 1723s
 10235  5752  140.00000  107  641          -  140.00000      -   275 1725s
 10320  5793 infeasible  132               -  140.00000      -   275 1730s
 10388  5830  139.00000  121  397          -  140.00000      -   275 1735s
 10533  5926 infeasible  130               -  140.00000      -   273 1740s
 10662  6000  140.00000  110  399          -  140.00000      -   271 1745s
 10708  6022  140.00000  101  962          -  140.00000      -   272 1750s
 10753  6035  140.00000   85  253          -  140.00000      -   272 1755s
 10915  6137 infeasible  113               -  140.00000      -   270 1760s
 11041  6198  140.00000  115  883          -  140.00000      -   268 1765s
 11201  6307  140.00000   98 1308          -  140.00000      -   266 1770s
 11263  6359 infeasible  132               -  140.00000      -   267 1775s
 11300  6358 infeasible  112               -  140.00000      -   268 1780s
 11357  6390  140.00000  129  415          -  140.00000      -   268 1785s
 11495  6446  140.00000  113  946          -  140.00000      -   267 1790s
 11529  6461  140.00000  106  553          -  140.00000      -   268 1795s
 11648  6525  140.00000  112  141          -  140.00000      -   267 1800s
 11756  6597  140.00000  138  941          -  140.00000      -   266 1805s
 11859  6640  140.00000  116  742          -  140.00000      -   265 1810s
 11960  6690 infeasible  124               -  140.00000      -   264 1815s
 12070  6750 infeasible  145               -  140.00000      -   263 1820s
 12190  6816  140.00000  108 1398          -  140.00000      -   262 1825s
 12221  6827  140.00000  119  738          -  140.00000      -   263 1830s
 12286  6852  139.85170  122  866          -  140.00000      -   263 1835s
 12407  6894  140.00000   83  320          -  140.00000      -   262 1840s
 12500  6981 infeasible  131               -  140.00000      -   261 1845s
 12566  7009  140.00000  109  498          -  140.00000      -   260 1850s
 12663  7056  140.00000  105  558          -  140.00000      -   259 1855s
 12778  7126  140.00000  102  335          -  140.00000      -   259 1861s
 12880  7184  140.00000   89 1400          -  140.00000      -   257 1865s
 12958  7252 infeasible  135               -  140.00000      -   257 1870s
 13025  7289  140.00000  104  720          -  140.00000      -   257 1875s
 13098  7335 infeasible  127               -  140.00000      -   256 1880s
 13146  7361  140.00000  110  900          -  140.00000      -   257 1885s
 13186  7379  140.00000  102  308          -  140.00000      -   258 1890s
 13251  7427  140.00000  102  222          -  140.00000      -   258 1895s
 13331  7464  140.00000  113  574          -  140.00000      -   257 1900s
 13416  7506  140.00000   82  217          -  140.00000      -   257 1905s
 13462  7550  140.00000  112  571          -  140.00000      -   257 1910s
 13570  7619  140.00000   95  252          -  140.00000      -   256 1915s
 13689  7676 infeasible  124               -  140.00000      -   255 1920s
 13774  7734  140.00000  120  458          -  140.00000      -   254 1925s
 13831  7755  140.00000  102  450          -  140.00000      -   255 1930s
 13975  7814 infeasible  127               -  140.00000      -   253 1935s
 14081  7855  140.00000   96  355          -  140.00000      -   252 1940s
 14196  7912  140.00000  128  487          -  140.00000      -   251 1945s
 14300  7957 infeasible  123               -  140.00000      -   251 1950s
 14396  8001  140.00000  105  673          -  140.00000      -   251 1955s
 14423  8017  140.00000   96  890          -  140.00000      -   251 1960s
 14496  8076  139.00000  129  425          -  140.00000      -   251 1965s
 14615  8162  140.00000   93  666          -  140.00000      -   251 1970s
 14721  8248  140.00000  116  617          -  140.00000      -   250 1975s
 14761  8270  139.00000  102  646          -  140.00000      -   251 1986s
 14763  8272  140.00000  101  799          -  140.00000      -   251 1990s
 14871  8343 infeasible  130               -  140.00000      -   251 1995s
 14969  8369  140.00000  101  641          -  140.00000      -   250 2000s
 15120  8465 infeasible  117               -  140.00000      -   249 2005s
 15150  8467  140.00000  108  810          -  140.00000      -   249 2010s
 15219  8518 infeasible  116               -  140.00000      -   249 2015s
 15279  8544  140.00000  103 1026          -  140.00000      -   249 2020s
 15303  8566  140.00000  114  321          -  140.00000      -   249 2047s
 15386  8615  140.00000  108  241          -  140.00000      -   248 2050s
 15456  8663  140.00000  117 1014          -  140.00000      -   248 2055s
 15498  8678  140.00000  106  207          -  140.00000      -   249 2060s
 15566  8710 infeasible  121               -  140.00000      -   249 2065s
 15633  8745  140.00000  120  654          -  140.00000      -   249 2070s
 15674  8770  140.00000  121  368          -  140.00000      -   250 2075s
 15789  8825  140.00000  118  719          -  140.00000      -   249 2080s
 15923  8888  139.55556  119  784          -  140.00000      -   248 2085s
 15934  8891  140.00000  107  838          -  140.00000      -   248 2107s
 15937  8890  140.00000  109  732          -  140.00000      -   248 2111s
 15943  8896  140.00000  115  369          -  140.00000      -   248 2115s
 15958  8901  140.00000  120  529          -  140.00000      -   248 2120s
 15963  8898 infeasible  120               -  140.00000      -   248 2125s
 16064  8948  140.00000  135  390          -  140.00000      -   247 2130s
 16172  9000  140.00000  127  352          -  140.00000      -   246 2135s
 16304  9066  140.00000  106  224          -  140.00000      -   245 2140s
 16372  9102 infeasible  122               -  140.00000      -   246 2145s
 16394  9104  139.00000  120  816          -  140.00000      -   246 2150s
 16448  9132  140.00000  115  653          -  140.00000      -   246 2155s
 16571  9184  140.00000  111  571          -  140.00000      -   245 2160s
 16670  9227 infeasible  117               -  140.00000      -   244 2165s
 16867  9307  140.00000  128  884          -  140.00000      -   242 2170s
 16932  9330 infeasible  122               -  140.00000      -   242 2175s
 16991  9358  140.00000  115  391          -  140.00000      -   242 2180s
 17086  9400  140.00000  110  310          -  140.00000      -   242 2185s
 17184  9448  140.00000  123  496          -  140.00000      -   241 2190s
 17299  9516 infeasible  142               -  140.00000      -   241 2195s
 17404  9570  140.00000  131  423          -  140.00000      -   240 2200s
 17545  9641  140.00000  134  615          -  140.00000      -   239 2205s
 17660  9680 infeasible  129               -  140.00000      -   238 2210s
 17755  9722  140.00000  123 1079          -  140.00000      -   238 2215s
 17894  9774 infeasible  124               -  140.00000      -   237 2220s
 18022  9825  140.00000  141  642          -  140.00000      -   236 2225s
 18149  9854  140.00000  146  665          -  140.00000      -   235 2230s
 18271  9900  140.00000  110  692          -  140.00000      -   234 2235s
 18445  9964 infeasible  146               -  140.00000      -   232 2240s
 18540  9989  140.00000  106  203          -  140.00000      -   232 2245s
 18664 10060 infeasible  124               -  140.00000      -   231 2250s
 18757 10106  140.00000  102  132          -  140.00000      -   231 2255s
 18850 10155 infeasible  131               -  140.00000      -   230 2260s
 18931 10184  140.00000  109 1186          -  140.00000      -   230 2265s
 19049 10257  140.00000  126  487          -  140.00000      -   229 2270s
 19085 10260  140.00000  107  571          -  140.00000      -   230 2275s
 19185 10301  140.00000  131  610          -  140.00000      -   229 2280s
 19271 10324  140.00000   92  368          -  140.00000      -   229 2285s
 19328 10364  140.00000   92  236          -  140.00000      -   229 2290s
 19420 10428 infeasible  131               -  140.00000      -   229 2295s
 19531 10463  140.00000  108  787          -  140.00000      -   228 2300s
 19580 10491  140.00000  102  287          -  140.00000      -   229 2305s
 19592 10503  140.00000  108  841          -  140.00000      -   229 2310s
 19630 10520  140.00000   91 1076          -  140.00000      -   230 2315s
 19674 10563  140.00000  124  596          -  140.00000      -   230 2320s
 19742 10600  140.00000  104  446          -  140.00000      -   230 2325s
 19817 10643  140.00000   95  575          -  140.00000      -   230 2330s
 19880 10683  140.00000  105  412          -  140.00000      -   230 2335s
 19958 10735 infeasible  132               -  140.00000      -   230 2340s
 19983 10746  140.00000   96  389          -  140.00000      -   231 2345s
 20050 10789  140.00000  116  893          -  140.00000      -   230 2350s
 20105 10841  140.00000  145  698          -  140.00000      -   231 2355s
 20211 10893  140.00000  119  757          -  140.00000      -   230 2360s
 20306 10950  140.00000  130  619          -  140.00000      -   230 2365s
 20341 10958  140.00000   98  640          -  140.00000      -   230 2370s
 20404 10994  140.00000  106  367          -  140.00000      -   230 2400s
 20482 11041  140.00000  111  572          -  140.00000      -   230 2405s
 20591 11099  140.00000  104  894          -  140.00000      -   229 2410s
 20637 11131 infeasible  139               -  140.00000      -   230 2415s
 20755 11191  139.00000  127  326          -  140.00000      -   229 2420s
 20865 11226 infeasible  112               -  140.00000      -   229 2425s
 20949 11266 infeasible  144               -  140.00000      -   228 2430s
 21048 11316  140.00000  104  811          -  140.00000      -   228 2435s
 21106 11343  139.00000  124  366          -  140.00000      -   228 2440s
 21224 11412  140.00000  123 1162          -  140.00000      -   228 2445s
 21273 11442  140.00000  122  326          -  140.00000      -   228 2450s
 21317 11459  140.00000  119  532          -  140.00000      -   228 2455s
 21447 11535 infeasible  134               -  140.00000      -   228 2460s
 21487 11561  140.00000  113  621          -  140.00000      -   228 2465s
 21566 11602  140.00000  105  481          -  140.00000      -   228 2470s
 21635 11655  140.00000  102  652          -  140.00000      -   228 2475s
 21685 11687  139.00000  121  417          -  140.00000      -   228 2480s
 21752 11711  140.00000  102  437          -  140.00000      -   228 2486s
 21828 11755  140.00000  102  237          -  140.00000      -   228 2490s
 21906 11806  140.00000  106  863          -  140.00000      -   228 2495s
 21970 11841  139.00000  135  497          -  140.00000      -   228 2500s
 22085 11912  140.00000  111  685          -  140.00000      -   228 2505s
 22213 11983  140.00000  120  592          -  140.00000      -   227 2510s
 22272 12022  140.00000  138  469          -  140.00000      -   227 2515s
 22370 12057  140.00000  135  679          -  140.00000      -   227 2520s
 22459 12087  140.00000  124  351          -  140.00000      -   227 2525s
 22587 12169  140.00000  136  602          -  140.00000      -   226 2530s
 22633 12188  140.00000  112  472          -  140.00000      -   227 2536s
 22691 12218  139.00000  124  439          -  140.00000      -   227 2540s
 22803 12280 infeasible  129               -  140.00000      -   226 2545s
 22966 12373  140.00000  123  455          -  140.00000      -   225 2550s
 23140 12456 infeasible  125               -  140.00000      -   224 2555s
 23174 12459  140.00000  114  339          -  140.00000      -   224 2585s
 23191 12476  140.00000  131  357          -  140.00000      -   224 2590s
 23209 12476 infeasible  113               -  140.00000      -   224 2595s
 23217 12480  140.00000   90  372          -  140.00000      -   224 2600s
 23224 12483  140.00000   94  317          -  140.00000      -   224 2605s
 23240 12485  140.00000   88  933          -  140.00000      -   225 2610s
 23291 12526  140.00000  123  463          -  140.00000      -   225 2615s
 23366 12564  140.00000  137  350          -  140.00000      -   225 2620s
 23452 12588  140.00000  112  572          -  140.00000      -   225 2625s
 23545 12630 infeasible  122               -  140.00000      -   225 2630s
 23620 12666 infeasible  115               -  140.00000      -   224 2635s
 23715 12716 infeasible  143               -  140.00000      -   224 2640s
 23823 12743  140.00000  131  610          -  140.00000      -   224 2645s
 23908 12782 infeasible  112               -  140.00000      -   224 2650s
 23938 12793  140.00000  143  379          -  140.00000      -   224 2655s
 24079 12850  140.00000  115  587          -  140.00000      -   224 2660s
 24194 12902 infeasible  143               -  140.00000      -   223 2665s
 24357 12988 infeasible  130               -  140.00000      -   222 2670s
 24406 13004 infeasible  121               -  140.00000      -   223 2675s
 24458 13050 infeasible  141               -  140.00000      -   223 2680s
 24558 13105  140.00000  130  555          -  140.00000      -   223 2685s
 24682 13166  140.00000  117  661          -  140.00000      -   222 2690s
 24810 13239 infeasible  154               -  140.00000      -   222 2695s
 24894 13283  140.00000  123  797          -  140.00000      -   222 2700s
 25018 13325  140.00000  138  548          -  140.00000      -   221 2705s
 25115 13391  140.00000  135  484          -  140.00000      -   221 2710s
 25269 13488  140.00000  126  418          -  140.00000      -   220 2715s
 25341 13535  140.00000  123  620          -  140.00000      -   220 2720s
 25458 13600  140.00000  102  258          -  140.00000      -   220 2725s
 25490 13611  139.00000  110  565          -  140.00000      -   220 2730s
 25505 13623  139.00000  123  584          -  140.00000      -   220 2756s
 25589 13653  140.00000  104  771          -  140.00000      -   220 2760s
 25652 13686  140.00000  123  552          -  140.00000      -   220 2765s
 25714 13692 infeasible  107               -  140.00000      -   220 2770s
 25789 13725  140.00000   92  325          -  140.00000      -   220 2775s
 25831 13749  140.00000   95 1234          -  140.00000      -   220 2780s
 25888 13791 infeasible  139               -  140.00000      -   220 2785s
 25968 13816  140.00000  120  496          -  140.00000      -   220 2790s
 26055 13873 infeasible  148               -  140.00000      -   220 2795s
 26139 13917 infeasible  124               -  140.00000      -   220 2800s
 26199 13950 infeasible  126               -  140.00000      -   220 2805s
 26307 13995  140.00000  128  715          -  140.00000      -   220 2810s
 26424 14031 infeasible  127               -  140.00000      -   219 2815s
 26512 14054 infeasible  122               -  140.00000      -   219 2820s
 26593 14089 infeasible  126               -  140.00000      -   219 2825s
 26702 14131  139.97049  121 1289          -  140.00000      -   219 2830s
 26811 14178 infeasible  127               -  140.00000      -   219 2835s
 26920 14212  140.00000   97 1174          -  140.00000      -   218 2840s
 26951 14233  139.00000  112  790          -  140.00000      -   219 2847s
 26982 14240 infeasible  118               -  140.00000      -   219 2850s
 27063 14274  140.00000  105  552          -  140.00000      -   219 2855s
 27184 14358  140.00000  107  546          -  140.00000      -   219 2860s
 27285 14429  140.00000  112  214          -  140.00000      -   219 2865s
 27404 14508  140.00000  143  620          -  140.00000      -   218 2870s
 27535 14569  140.00000  103  557          -  140.00000      -   218 2875s
 27600 14616  140.00000  119  598          -  140.00000      -   218 2880s
 27649 14638 infeasible  137               -  140.00000      -   218 2885s
 27668 14637  140.00000  123  444          -  140.00000      -   219 2890s
 27715 14669  140.00000  112  198          -  140.00000      -   219 2895s
 27786 14707  140.00000  133  973          -  140.00000      -   219 2900s
 27924 14790  140.00000  125  876          -  140.00000      -   219 2905s
 27964 14810  140.00000  110  494          -  140.00000      -   219 2910s
 28083 14880  140.00000  102  210          -  140.00000      -   219 2915s
 28182 14939  140.00000  125  472          -  140.00000      -   219 2920s
 28299 15000  140.00000  122  428          -  140.00000      -   218 2925s
 28405 15063 infeasible  136               -  140.00000      -   218 2930s
 28445 15086  140.00000  112  277          -  140.00000      -   219 2935s
 28542 15140  140.00000  122  444          -  140.00000      -   218 2940s
 28654 15201  140.00000   85  363          -  140.00000      -   218 2945s
 28751 15262  140.00000  112  291          -  140.00000      -   218 2950s
 28853 15320 infeasible  112               -  140.00000      -   218 2955s
 28992 15396 infeasible  154               -  140.00000      -   218 2960s
 29156 15463 infeasible  134               -  140.00000      -   217 2965s
 29221 15508  140.00000  132  559          -  140.00000      -   217 2970s
 29316 15561  140.00000  126  435          -  140.00000      -   217 2975s
 29450 15604  140.00000   87 1173          -  140.00000      -   217 2980s
 29495 15637 infeasible  102               -  140.00000      -   217 2985s
 29562 15692  140.00000  140  436          -  140.00000      -   217 2990s
 29570 15692  140.00000  139  301          -  140.00000      -   218 2995s
 29688 15779  140.00000  139  423          -  140.00000      -   218 3000s
 29796 15832 infeasible  112               -  140.00000      -   217 3005s
 29902 15879  140.00000  145  791          -  140.00000      -   217 3010s
 30029 15951  140.00000   96  613          -  140.00000      -   217 3015s
 30078 15987  140.00000  111 1083          -  140.00000      -   217 3021s
 30120 15999  140.00000   85  709          -  140.00000      -   217 3025s
 30132 16003  139.00000   92  766          -  140.00000      -   218 3030s
 30233 16056  140.00000   94  680          -  140.00000      -   218 3035s
 30344 16130  140.00000   88  865          -  140.00000      -   217 3040s
 30417 16183  140.00000   93  742          -  140.00000      -   217 3045s
 30490 16221  140.00000  115  542          -  140.00000      -   217 3050s
 30512 16224 infeasible  111               -  140.00000      -   218 3055s
 30606 16277  140.00000  145  519          -  140.00000      -   217 3084s
 30617 16281  140.00000  152  441          -  140.00000      -   217 3085s
 30651 16294  140.00000   75  323          -  140.00000      -   218 3090s
 30678 16321  140.00000  102  517          -  140.00000      -   218 3095s
 30723 16363  140.00000  131  627          -  140.00000      -   218 3100s
 30735 16371  140.00000  138  810          -  140.00000      -   219 3105s
 30746 16371 infeasible  141               -  140.00000      -   219 3110s
 30766 16381  140.00000   82  410          -  140.00000      -   220 3116s
 30769 16383  139.00000   82  509          -  140.00000      -   220 3121s
 30804 16403  140.00000   92  197          -  140.00000      -   221 3125s
 30891 16452  140.00000  117  416          -  140.00000      -   221 3130s
 30969 16498  140.00000  148  516          -  140.00000      -   220 3135s
 31011 16511  140.00000  102  336          -  140.00000      -   221 3140s
 31036 16528  140.00000  102  331          -  140.00000      -   221 3145s
 31114 16563  140.00000  136  650          -  140.00000      -   221 3150s
 31219 16629  140.00000  140  541          -  140.00000      -   221 3155s
 31287 16662  140.00000  127  500          -  140.00000      -   221 3160s
 31435 16740  140.00000  121  595          -  140.00000      -   220 3165s
 31513 16780  140.00000  121  683          -  140.00000      -   220 3170s
 31637 16867 infeasible  157               -  140.00000      -   219 3175s
 31687 16877  140.00000  108  762          -  140.00000      -   220 3180s
 31754 16919  140.00000  138  512          -  140.00000      -   220 3185s
 31866 16987 infeasible  122               -  140.00000      -   220 3190s
 31905 17011  140.00000  108  576          -  140.00000      -   220 3195s
 31921 17024  140.00000  120  903          -  140.00000      -   221 3200s
 31986 17058 infeasible  112               -  140.00000      -   221 3205s
 32064 17098  140.00000  112  253          -  140.00000      -   221 3211s
 32157 17162  140.00000  137  660          -  140.00000      -   221 3215s
 32215 17197 infeasible  112               -  140.00000      -   221 3221s
 32219 17193 infeasible  113               -  140.00000      -   222 3225s
 32324 17249 infeasible  132               -  140.00000      -   221 3230s
 32363 17271  140.00000  139  709          -  140.00000      -   222 3235s
 32521 17382  140.00000   84  465          -  140.00000      -   221 3240s
 32574 17425  140.00000  112  232          -  140.00000      -   221 3245s
 32666 17486  140.00000   92  202          -  140.00000      -   221 3250s
 32682 17501  140.00000  102  288          -  140.00000      -   222 3256s
 32784 17558 infeasible  113               -  140.00000      -   222 3260s
 32902 17639 infeasible  167               -  140.00000      -   221 3265s
 32967 17692  140.00000  134  419          -  140.00000      -   221 3280s
 32981 17690  140.00000   98  472          -  140.00000      -   221 3286s
 32984 17693  140.00000  101  629          -  140.00000      -   221 3292s
 33073 17744 infeasible  136               -  140.00000      -   221 3295s
 33179 17790  140.00000  115  807          -  140.00000      -   221 3300s
 33243 17837  140.00000  122  342          -  140.00000      -   221 3305s
 33289 17857 infeasible  145               -  140.00000      -   221 3310s
 33363 17892  140.00000  107  748          -  140.00000      -   221 3315s
 33468 17970  140.00000  141  502          -  140.00000      -   220 3320s
 33533 17987 infeasible  113               -  140.00000      -   220 3325s
 33655 18039 infeasible  128               -  140.00000      -   220 3330s
 33785 18094 infeasible  112               -  140.00000      -   220 3335s
 33955 18161  139.00000  116  613          -  140.00000      -   219 3340s
 33991 18183 infeasible  102               -  140.00000      -   220 3345s
 34120 18224 infeasible  140               -  140.00000      -   219 3350s
 34268 18281 infeasible  130               -  140.00000      -   219 3355s
 34364 18339  139.93502  111 1023          -  140.00000      -   219 3360s
 34475 18426  140.00000  128  442          -  140.00000      -   219 3365s
 34613 18505  140.00000  118  602          -  140.00000      -   219 3370s
 34809 18608  140.00000  102  156          -  140.00000      -   218 3375s
 34859 18638  140.00000  118  461          -  140.00000      -   218 3380s
 34933 18682  140.00000  102  421          -  140.00000      -   218 3385s
 35064 18755  140.00000  116  543          -  140.00000      -   218 3390s
 35286 18862 infeasible  130               -  140.00000      -   217 3395s
 35452 18943  140.00000  143  545          -  140.00000      -   216 3400s
 35609 18991  140.00000  136  534          -  140.00000      -   216 3405s
 35707 19052  140.00000  125  444          -  140.00000      -   216 3430s
 35863 19105 infeasible  137               -  140.00000      -   215 3435s
 35915 19130 infeasible  142               -  140.00000      -   215 3440s
 35962 19156  140.00000  142  472          -  140.00000      -   216 3445s
 35996 19159  140.00000  113  418          -  140.00000      -   216 3450s
 36060 19200 infeasible  155               -  140.00000      -   216 3455s
 36119 19228 infeasible  122               -  140.00000      -   216 3460s
 36253 19308  140.00000  127  392          -  140.00000      -   216 3465s
 36350 19343  140.00000  129  457          -  140.00000      -   216 3470s
 36498 19422  140.00000  149  791          -  140.00000      -   216 3475s
 36629 19494 infeasible  124               -  140.00000      -   215 3480s
 36672 19513  139.00000  102  465          -  140.00000      -   216 3485s
 36743 19535 infeasible  112               -  140.00000      -   216 3490s
 36862 19600  140.00000  126  562          -  140.00000      -   216 3495s
 37000 19661  140.00000   99  361          -  140.00000      -   215 3500s
 37057 19687 infeasible  112               -  140.00000      -   216 3506s
 37094 19698  139.00000  113  583          -  140.00000      -   216 3510s
 37257 19774 infeasible  127               -  140.00000      -   215 3515s
 37343 19817 infeasible  129               -  140.00000      -   216 3520s
 37441 19851  140.00000  125  436          -  140.00000      -   216 3525s
 37604 19955  140.00000  122  626          -  140.00000      -   215 3530s
 37665 19991  140.00000  103  287          -  140.00000      -   215 3535s
 37915 20164  140.00000  110  568          -  140.00000      -   214 3540s
 38050 20253  140.00000   93  534          -  140.00000      -   214 3545s
 38242 20385 infeasible  102               -  140.00000      -   213 3550s
 38386 20471  140.00000   96  712          -  140.00000      -   213 3555s
 38625 20594 infeasible  130               -  140.00000      -   212 3560s
 38718 20636  140.00000  121  305          -  140.00000      -   212 3579s
 38720 20634 infeasible  122               -  140.00000      -   212 3580s
 38750 20646 infeasible  133               -  140.00000      -   212 3585s
 38773 20649  140.00000  115  414          -  140.00000      -   212 3590s
 39019 20749  140.00000  111  353          -  140.00000      -   211 3595s

Cutting planes:
  Gomory: 8
  Cover: 196
  Implied bound: 65
  Clique: 82
  MIR: 47
  StrongCG: 56
  Flow cover: 177
  GUB cover: 10
  Zero half: 67
  RLT: 1
  Relax-and-lift: 80
  BQP: 2

Explored 39269 nodes (8252719 simplex iterations) in 3600.00 seconds (2895.74 work units)
Thread count was 1 (of 8 available processors)

Solution count 0

Time limit reached
Best objective -, best bound 1.400000000000e+02, gap -
