
Gurobi 11.0.1 (win64) logging started Mon Apr  1 12:45:35 2024

Set parameter LogFile to value "C:\Projetos\Job_Rotation_Algorithms\Outputs\GurobiLogs\gurobi_log-output-50_wee-c12-CostaMirallesModel-NoExtraConstraint-2.log"
Gurobi Optimizer version 11.0.1 build v11.0.1rc0 (win64 - Windows 10.0 (19045.2))

CPU model: 11th Gen Intel(R) Core(TM) i7-1165G7 @ 2.80GHz, instruction set [SSE2|AVX|AVX2|AVX512]
Thread count: 4 physical cores, 8 logical processors, using up to 1 threads


Gurobi 11.0.1 (win64) logging started Mon Apr  1 21:33:31 2024

Set parameter LogFile to value "C:\Projetos\Job_Rotation_Algorithms\Outputs\GurobiLogs\gurobi_log-output-50_wee-c12-CostaMirallesModel-NoExtraConstraint-2.log"
Gurobi Optimizer version 11.0.1 build v11.0.1rc0 (win64 - Windows 10.0 (19045.2))

CPU model: 11th Gen Intel(R) Core(TM) i7-1165G7 @ 2.80GHz, instruction set [SSE2|AVX|AVX2|AVX512]
Thread count: 4 physical cores, 8 logical processors, using up to 1 threads


Gurobi 11.0.1 (win64) logging started Thu Apr  4 23:31:13 2024

Set parameter LogFile to value "C:\Projetos\Job_Rotation_Algorithms\Outputs\GurobiLogs\gurobi_log-output-50_wee-c12-CostaMirallesModel-NoExtraConstraint-2.log"
Gurobi Optimizer version 11.0.1 build v11.0.1rc0 (win64 - Windows 10.0 (19045.2))

CPU model: 11th Gen Intel(R) Core(TM) i7-1165G7 @ 2.80GHz, instruction set [SSE2|AVX|AVX2|AVX512]
Thread count: 4 physical cores, 8 logical processors, using up to 1 threads


Gurobi 11.0.1 (win64) logging started Sat Apr  6 13:00:20 2024

Set parameter LogFile to value "C:\Projetos\Job_Rotation_Algorithms\Outputs\GurobiLogs\gurobi_log-output-50_wee-c12-CostaMirallesModel-NoExtraConstraint-2.log"
Gurobi Optimizer version 11.0.1 build v11.0.1rc0 (win64 - Windows 10.0 (19045.2))

CPU model: 11th Gen Intel(R) Core(TM) i7-1165G7 @ 2.80GHz, instruction set [SSE2|AVX|AVX2|AVX512]
Thread count: 4 physical cores, 8 logical processors, using up to 1 threads


Gurobi 11.0.1 (win64) logging started Sun Apr  7 02:33:43 2024

Set parameter LogFile to value "C:\Projetos\Job_Rotation_Algorithms\Outputs\GurobiLogs\gurobi_log-output-50_wee-c12-CostaMirallesModel-NoExtraConstraint-2.log"
Gurobi Optimizer version 11.0.1 build v11.0.1rc0 (win64 - Windows 10.0 (19045.2))

CPU model: 11th Gen Intel(R) Core(TM) i7-1165G7 @ 2.80GHz, instruction set [SSE2|AVX|AVX2|AVX512]
Thread count: 4 physical cores, 8 logical processors, using up to 1 threads


Gurobi 11.0.1 (win64) logging started Sun Apr  7 09:46:36 2024

Set parameter LogFile to value "C:\Projetos\Job_Rotation_Algorithms\Outputs\GurobiLogs\gurobi_log-output-50_wee-c12-CostaMirallesModel-NoExtraConstraint-2.log"
Gurobi Optimizer version 11.0.1 build v11.0.1rc0 (win64 - Windows 10.0 (19045.2))

CPU model: 11th Gen Intel(R) Core(TM) i7-1165G7 @ 2.80GHz, instruction set [SSE2|AVX|AVX2|AVX512]
Thread count: 4 physical cores, 8 logical processors, using up to 1 threads


Gurobi 11.0.1 (win64) logging started Tue Apr  9 08:05:05 2024

Set parameter LogFile to value "C:\Projetos\Job_Rotation_Algorithms\Outputs\GurobiLogs\gurobi_log-output-50_wee-c12-CostaMirallesModel-NoExtraConstraint-2.log"
Gurobi Optimizer version 11.0.1 build v11.0.1rc0 (win64 - Windows 10.0 (19045.2))

CPU model: 11th Gen Intel(R) Core(TM) i7-1165G7 @ 2.80GHz, instruction set [SSE2|AVX|AVX2|AVX512]
Thread count: 4 physical cores, 8 logical processors, using up to 1 threads


Gurobi 11.0.1 (win64) logging started Wed Apr 10 17:34:21 2024

Set parameter LogFile to value "C:\Projetos\Job_Rotation_Algorithms\Outputs\GurobiLogs\gurobi_log-output-50_wee-c12-CostaMirallesModel-NoExtraConstraint-2.log"
Gurobi Optimizer version 11.0.1 build v11.0.1rc0 (win64 - Windows 10.0 (19045.2))

CPU model: 11th Gen Intel(R) Core(TM) i7-1165G7 @ 2.80GHz, instruction set [SSE2|AVX|AVX2|AVX512]
Thread count: 4 physical cores, 8 logical processors, using up to 1 threads


Gurobi 11.0.1 (win64) logging started Thu Apr 11 01:40:05 2024

Set parameter LogFile to value "C:\Projetos\Job_Rotation_Algorithms\Outputs\GurobiLogs\gurobi_log-output-50_wee-c12-CostaMirallesModel-NoExtraConstraint-2.log"
Gurobi Optimizer version 11.0.1 build v11.0.1rc0 (win64 - Windows 10.0 (19045.2))

CPU model: 11th Gen Intel(R) Core(TM) i7-1165G7 @ 2.80GHz, instruction set [SSE2|AVX|AVX2|AVX512]
Thread count: 4 physical cores, 8 logical processors, using up to 1 threads


Gurobi 11.0.1 (win64) logging started Sun Apr 21 02:56:14 2024

Set parameter LogFile to value "C:\Projetos\Job_Rotation_Algorithms\Outputs\GurobiLogs\gurobi_log-output-50_wee-c12-CostaMirallesModel-NoExtraConstraint-2.log"
Gurobi Optimizer version 11.0.1 build v11.0.1rc0 (win64 - Windows 10.0 (19045.2))

CPU model: 11th Gen Intel(R) Core(TM) i7-1165G7 @ 2.80GHz, instruction set [SSE2|AVX|AVX2|AVX512]
Thread count: 4 physical cores, 8 logical processors, using up to 1 threads


Gurobi 11.0.1 (win64) logging started Mon Apr 22 11:26:24 2024

Set parameter LogFile to value "C:\Projetos\Job_Rotation_Algorithms\Outputs\GurobiLogs\gurobi_log-output-50_wee-c12-CostaMirallesModel-NoExtraConstraint-2.log"
Gurobi Optimizer version 11.0.1 build v11.0.1rc0 (win64 - Windows 10.0 (19045.2))

CPU model: 11th Gen Intel(R) Core(TM) i7-1165G7 @ 2.80GHz, instruction set [SSE2|AVX|AVX2|AVX512]
Thread count: 4 physical cores, 8 logical processors, using up to 1 threads

WLS license 901038 - registered to Bitka Analytics
Optimize a model with 6088 rows, 49357 columns and 1227737 nonzeros
Model fingerprint: 0x813ee0a7
Variable types: 2 continuous, 49355 integer (49355 binary)
Coefficient statistics:
  Matrix range     [1e+00, 8e+01]
  Objective range  [1e+00, 1e+00]
  Bounds range     [1e+00, 2e+01]
  RHS range        [1e+00, 2e+01]
Presolve added 1929 rows and 0 columns
Presolve removed 0 rows and 29 columns
Presolve time: 4.23s
Presolved: 8017 rows, 49328 columns, 516096 nonzeros
Variable types: 0 continuous, 49328 integer (47428 binary)

Root simplex log...

Iteration    Objective       Primal Inf.    Dual Inf.      Time
       0    1.2170000e+03   1.403813e+03   0.000000e+00      6s
    7330    1.5000000e+02   0.000000e+00   0.000000e+00      8s
    7330    1.5000000e+02   0.000000e+00   0.000000e+00      8s

Root relaxation: objective 1.500000e+02, 7330 iterations, 1.50 seconds (2.10 work units)

    Nodes    |    Current Node    |     Objective Bounds      |     Work
 Expl Unexpl |  Obj  Depth IntInf | Incumbent    BestBd   Gap | It/Node Time

     0     0  150.00000    0  246          -  150.00000      -     -   10s
     0     0  150.00000    0  821          -  150.00000      -     -   10s
     0     0  150.00000    0  821          -  150.00000      -     -   12s
     0     0  150.00000    0  189          -  150.00000      -     -   26s
     0     0  150.00000    0 1178          -  150.00000      -     -   29s
     0     0  150.00000    0 1160          -  150.00000      -     -   29s
     0     0  150.00000    0 1137          -  150.00000      -     -   29s
     0     0  150.00000    0 1112          -  150.00000      -     -   30s
     0     0  150.00000    0  213          -  150.00000      -     -   35s
     0     0  150.00000    0  216          -  150.00000      -     -   35s
     0     0  150.00000    0  219          -  150.00000      -     -   35s
     0     0  150.00000    0  217          -  150.00000      -     -   36s
     0     0  150.00000    0  216          -  150.00000      -     -   36s
     0     0  150.00000    0 1086          -  150.00000      -     -   37s
     0     0  150.00000    0  929          -  150.00000      -     -   37s
     0     0  150.00000    0  233          -  150.00000      -     -   41s
     0     0  150.00000    0  230          -  150.00000      -     -   41s
     0     0  150.00000    0  326          -  150.00000      -     -   41s
     0     0  150.00000    0  260          -  150.00000      -     -   44s
     0     0  150.00000    0  261          -  150.00000      -     -   44s
     0     0  150.00000    0  234          -  150.00000      -     -   45s
     0     2  150.00000    0  227          -  150.00000      -     -   51s
    50    52  150.00000   30  199          -  150.00000      -   281   55s
   133   135  150.00000   80  398          -  150.00000      -   138   60s
   209   181  150.00000  127  613          -  150.00000      -   154   65s
   238   198  150.00000   17  386          -  150.00000      -   211   70s
   305   261  150.00000   57  494          -  150.00000      -   202   75s
   388   332  150.00000  113  553          -  150.00000      -   189   80s
   465   390  150.00000  162  622          -  150.00000      -   191   85s
   524   413  150.00000  140  214          -  150.00000      -   197   90s
   600   460  149.00000  150  821          -  150.00000      -   179  129s
   601   461  150.00000    3  821          -  150.00000      -   179  130s
   602   461  150.00000   34  222          -  150.00000      -   178  137s
   603   462  150.00000  103  987          -  150.00000      -   178  140s
   605   463  150.00000  163  173          -  150.00000      -   177  147s
   607   465  150.00000   21  271          -  150.00000      -   177  156s
   609   466  150.00000   44  194          -  150.00000      -   176  164s
   610   467  150.00000   73  769          -  150.00000      -   176  166s
   611   467  150.00000   43  240          -  150.00000      -   176  171s
   613   469  150.00000   27  204          -  150.00000      -   175  179s
   614   469  150.00000   37  784          -  150.00000      -   175  181s
   615   470  150.00000   46  246          -  150.00000      -   175  187s
   617   471  149.92308  175  232          -  150.00000      -   174  195s
   630   482  150.00000   22  785          -  150.00000      -   649  200s
   634   485  150.00000   24  215          -  150.00000      -   645  221s
   660   502  150.00000   37  263          -  150.00000      -   636  225s
   713   537  150.00000   63  818          -  150.00000      -   610  230s
   756   566  150.00000   85  169          -  150.00000      -   613  235s
   835   617  150.00000  125  454          -  150.00000      -   567  240s
   866   622  150.00000   80  470          -  150.00000      -   555  246s
   873   627  150.00000   83  343          -  150.00000      -   551  250s
   878   630  150.00000   86  446          -  150.00000      -   550  257s
   882   633  150.00000   88  533          -  150.00000      -   548  260s
   888   637  150.00000   91  568          -  150.00000      -   546  265s
   897   643  150.00000   95  187          -  150.00000      -   549  270s
   931   665  150.00000  112  622          -  150.00000      -   543  275s
   976   688  150.00000  137  433          -  150.00000      -   533  280s
  1011   697  150.00000  125  200          -  150.00000      -   526  285s
  1055   719  150.00000  149  460          -  150.00000      -   516  298s
  1067   720  150.00000  158  437          -  150.00000      -   514  301s
  1103   726  150.00000  122  551          -  150.00000      -   502  305s
  1143   752  150.00000  142  320          -  150.00000      -   504  310s
  1188   773 infeasible  164               -  150.00000      -   491  315s
  1200   767  150.00000  118  693          -  150.00000      -   497  322s
  1215   777  150.00000  126  828          -  150.00000      -   497  325s
  1252   798  150.00000  145  269          -  150.00000      -   501  331s
  1279   808  150.00000  161  352          -  150.00000      -   494  336s
  1339   808  150.00000  127  588          -  150.00000      -   475  340s
  1395   839  150.00000  155  365          -  150.00000      -   467  345s
  1441   859  150.00000  182  437          -  150.00000      -   460  350s
  1492   861  150.00000  181  360          -  150.00000      -   454  355s
  1535   863  150.00000  181  333          -  150.00000      -   445  361s
  1570   862 infeasible  201               -  150.00000      -   438  365s
  1593   860 infeasible  134               -  150.00000      -   439  370s
  1630   872  150.00000  138  226          -  150.00000      -   435  375s
  1721   892  150.00000  186  354          -  150.00000      -   415  380s
  1815   907 infeasible  198               -  150.00000      -   398  385s
  1858   913  150.00000  202  291          -  150.00000      -   392  390s
  1904   910 infeasible  224               -  150.00000      -   385  395s
  1957   911  150.00000  198  499          -  150.00000      -   378  400s
  2015   913  150.00000  196  408          -  150.00000      -   370  405s
  2086   953  150.00000   95  351          -  150.00000      -   360  410s
  2131   998  150.00000  111  603          -  150.00000      -   359  415s
  2184  1047  150.00000  135  171          -  150.00000      -   356  420s
  2223  1074  150.00000  150  604          -  150.00000      -   353  425s
  2247  1079  150.00000  108  541          -  150.00000      -   354  430s
  2305  1129  150.00000  138  549          -  150.00000      -   348  435s
  2353  1158  150.00000  117  307          -  150.00000      -   346  440s
  2394  1197  150.00000  136  496          -  150.00000      -   343  445s
  2414  1216  150.00000  146  583          -  150.00000      -   345  450s
  2436  1234  150.00000  154  822          -  150.00000      -   346  455s
  2446  1243  150.00000  158  586          -  150.00000      -   348  460s
  2462  1252 infeasible  165               -  150.00000      -   354  466s
  2502  1279  150.00000  152  341          -  150.00000      -   350  470s
  2570  1343  150.00000  178  282          -  150.00000      -   345  475s
  2600  1368  150.00000  185  457          -  150.00000      -   348  481s
  2625  1389  150.00000  191  530          -  150.00000      -   348  485s
  2644  1399 infeasible  195               -  150.00000      -   352  490s
  2678  1420  150.00000  203  508          -  150.00000      -   352  495s
  2696  1422  150.00000   68  886          -  150.00000      -   356  500s
  2755  1481  150.00000   97  474          -  150.00000      -   355  505s
  2835  1561  150.00000  125  292          -  150.00000      -   350  510s
  2916  1628  150.00000  122  283          -  150.00000      -   343  515s
  2976  1686  150.00000  145  142          -  150.00000      -   341  520s
  3014  1719  150.00000  157  532          -  150.00000      -   340  525s
  3088  1767  150.00000  116  432          -  150.00000      -   336  530s
  3141  1818  150.00000  135  199          -  150.00000      -   335  535s
  3185  1850  150.00000  152  607          -  150.00000      -   334  540s
  3201  1849 infeasible  155               -  150.00000      -   341  546s
  3220  1866  150.00000  112  340          -  150.00000      -   342  550s
  3271  1915  150.00000  128  713          -  150.00000      -   341  555s
  3322  1955  150.00000  146  733          -  150.00000      -   339  561s
  3340  1965  150.00000  155  437          -  150.00000      -   339  565s
  3367  1973 infeasible  174               -  150.00000      -   338  570s
  3415  2011  150.00000  130  400          -  150.00000      -   337  575s
  3469  2045 infeasible  158               -  150.00000      -   334  580s
  3529  2072 infeasible  181               -  150.00000      -   330  585s
  3566  2102  150.00000  120  482          -  150.00000      -   329  590s
  3662  2189  150.00000  149  521          -  150.00000      -   323  595s
  3715  2218 infeasible  175               -  150.00000      -   322  600s
  3770  2266  150.00000  126  374          -  150.00000      -   319  605s
  3885  2323  150.00000  124  520          -  150.00000      -   311  610s
  3944  2364 infeasible  151               -  150.00000      -   310  615s
  3985  2383  150.00000  105  466          -  150.00000      -   310  620s
  4047  2439  150.00000  140  247          -  150.00000      -   308  625s
  4112  2481 infeasible  170               -  150.00000      -   305  630s
  4220  2546  150.00000   94  670          -  150.00000      -   300  635s
  4296  2610  150.00000  125  134          -  150.00000      -   299  640s
  4388  2686  150.00000  149  445          -  150.00000      -   295  645s
  4455  2737  150.00000  166  674          -  150.00000      -   293  650s
  4490  2746  150.00000  115  187          -  150.00000      -   296  655s
  4559  2809  150.00000  147  419          -  150.00000      -   295  660s
  4606  2853  150.00000  166  323          -  150.00000      -   294  665s
  4641  2861 infeasible  177               -  150.00000      -   294  670s
  4678  2891  150.00000  143  536          -  150.00000      -   294  675s
  4721  2922  150.00000  158  502          -  150.00000      -   295  680s
  4788  2975  150.00000  120  369          -  150.00000      -   294  685s
  4856  3039  150.00000  149  219          -  150.00000      -   292  690s
  4897  3072  150.00000  167  682          -  150.00000      -   293  695s
  4919  3086  150.00000  176  463          -  150.00000      -   293  700s
  4960  3103  150.00000  107  319          -  150.00000      -   293  705s
  5033  3167  150.00000  140  353          -  150.00000      -   292  710s
  5063  3176  150.00000   98  373          -  150.00000      -   292  715s
  5101  3212  150.00000  110  608          -  150.00000      -   292  725s
  5146  3255  150.00000  128  408          -  150.00000      -   290  730s
  5163  3270  150.00000  135  409          -  150.00000      -   291  735s
  5194  3279 infeasible  148               -  150.00000      -   292  740s
  5246  3318  150.00000  133  326          -  150.00000      -   291  745s
  5286  3354  150.00000  145  371          -  150.00000      -   292  750s
  5351  3370  150.00000  118  364          -  150.00000      -   290  755s
  5440  3442  150.00000  114  554          -  150.00000      -   288  760s
  5491  3486  150.00000  129  570          -  150.00000      -   287  765s
  5550  3511  150.00000  115  233          -  150.00000      -   287  770s
  5629  3578  150.00000  147  360          -  150.00000      -   286  775s
  5667  3598  150.00000  115  197          -  150.00000      -   287  780s
  5745  3668 infeasible  146               -  150.00000      -   284  785s
  5791  3707  150.00000  164  420          -  150.00000      -   284  790s
  5823  3720  150.00000   95  173          -  150.00000      -   284  795s
  5899  3790  150.00000  126  427          -  150.00000      -   283  800s
  5944  3814  150.00000   95  238          -  150.00000      -   284  811s
  5949  3819  150.00000   98  405          -  150.00000      -   284  815s
  6068  3926  150.00000  134  372          -  150.00000      -   280  820s
  6126  3961  150.00000  146  338          -  150.00000      -   280  825s
  6190  4020  150.00000  169  469          -  150.00000      -   279  830s
  6249  4062 infeasible  185               -  150.00000      -   279  835s
  6302  4088  150.00000  131  221          -  150.00000      -   278  840s
  6403  4165  150.00000  133  488          -  150.00000      -   276  845s
  6448  4189  150.00000  156  523          -  150.00000      -   276  850s
  6489  4202  150.00000  105  179          -  150.00000      -   276  855s
  6597  4297  150.00000  163  423          -  150.00000      -   273  860s
  6682  4351  150.00000  132  459          -  150.00000      -   272  865s
  6703  4368  150.00000  145  382          -  150.00000      -   274  870s
  6792  4419  150.00000  139  406          -  150.00000      -   272  875s
  6886  4458  150.00000  127  284          -  150.00000      -   269  880s
  6934  4504  150.00000  147  617          -  150.00000      -   269  885s
  6965  4527  150.00000  160  393          -  150.00000      -   270  890s
  7069  4576  150.00000  134  561          -  150.00000      -   268  895s
  7137  4619 infeasible  167               -  150.00000      -   267  900s
  7214  4653  150.00000  118  411          -  150.00000      -   265  905s
  7281  4694  150.00000  124  520          -  150.00000      -   264  910s
  7350  4740  150.00000   97  521          -  150.00000      -   264  915s
  7426  4806  150.00000  127  479          -  150.00000      -   263  920s
  7473  4832  150.00000  105  301          -  150.00000      -   263  925s
  7547  4901  150.00000  140  266          -  150.00000      -   262  930s
  7604  4947  150.00000  164  464          -  150.00000      -   262  935s
  7674  4994 infeasible  195               -  150.00000      -   261  940s
  7738  5047  150.00000  115  127          -  150.00000      -   261  945s
  7831  5132  150.00000  154  579          -  150.00000      -   260  950s
  7898  5177  150.00000  136  486          -  150.00000      -   259  955s
  7933  5207  150.00000  149  441          -  150.00000      -   259  960s
  7966  5219 infeasible  159               -  150.00000      -   260  965s
  8034  5278  150.00000  142  623          -  150.00000      -   260  970s
  8085  5324  150.00000  159  736          -  150.00000      -   260  975s
  8100  5330 infeasible  165               -  150.00000      -   262  980s
  8106  5328  150.00000  124  375          -  150.00000      -   264  985s
  8151  5366  150.00000  141  587          -  150.00000      -   264  990s
  8185  5373 infeasible  165               -  150.00000      -   264  995s
  8204  5387  150.00000  131  397          -  150.00000      -   264 1018s
  8205  5388  150.00000  132  515          -  150.00000      -   264 1024s
  8206  5389  150.00000  132  418          -  150.00000      -   264 1031s
  8207  5390  150.00000  131  408          -  150.00000      -   264 1035s
  8224  5402  150.00000  138  495          -  150.00000      -   264 1040s
  8300  5436 infeasible  125               -  150.00000      -   263 1045s
  8347  5460  150.00000  138  241          -  150.00000      -   263 1050s
  8386  5492 infeasible  152               -  150.00000      -   263 1055s
  8400  5501  150.00000  155  366          -  150.00000      -   265 1061s
  8442  5523  150.00000  145  175          -  150.00000      -   266 1067s
  8451  5531  150.00000  145  386          -  150.00000      -   267 1072s
  8467  5546  150.00000  154  798          -  150.00000      -   267 1075s
  8470  5545  150.00000  154  646          -  150.00000      -   269 1081s
  8511  5551  150.00000   68  270          -  150.00000      -   269 1085s
  8569  5609  150.00000   97  226          -  150.00000      -   269 1090s
  8668  5703  150.00000  143  428          -  150.00000      -   267 1095s
  8705  5738  150.00000  161  332          -  150.00000      -   267 1100s
  8718  5751  150.00000  166  727          -  150.00000      -   268 1106s
  8740  5759 infeasible  175               -  150.00000      -   268 1110s
  8762  5759  150.00000  183  493          -  150.00000      -   268 1115s
  8783  5766  150.00000  163  743          -  150.00000      -   269 1120s
  8806  5773  150.00000  170  705          -  150.00000      -   270 1125s
  8831  5785  150.00000  164  571          -  150.00000      -   270 1130s
  8853  5804  150.00000  171  609          -  150.00000      -   270 1135s
  8872  5820  150.00000  178  525          -  150.00000      -   271 1141s
  8918  5846  150.00000   98  452          -  150.00000      -   271 1145s
  8962  5884  150.00000  115  224          -  150.00000      -   271 1150s
  9025  5939  150.00000  142  712          -  150.00000      -   270 1155s
  9062  5969  150.00000  156  612          -  150.00000      -   270 1160s
  9087  5980  150.00000   99  363          -  150.00000      -   271 1165s
  9146  6033  150.00000  119  557          -  150.00000      -   271 1170s
  9182  6060 infeasible  136               -  150.00000      -   271 1175s
  9243  6099  150.00000  121  364          -  150.00000      -   270 1180s
  9297  6149  150.00000  145  203          -  150.00000      -   270 1185s
  9352  6181  150.00000  127  663          -  150.00000      -   270 1190s
  9382  6194 infeasible  138               -  150.00000      -   270 1195s
  9431  6228  150.00000  142  407          -  150.00000      -   270 1200s
  9514  6282  150.00000  126  523          -  150.00000      -   269 1205s
  9564  6323  150.00000  143  543          -  150.00000      -   269 1210s
  9590  6332  150.00000  127  380          -  150.00000      -   270 1215s
  9671  6387  150.00000  140  553          -  150.00000      -   269 1220s
  9690  6404  150.00000  148  362          -  150.00000      -   270 1225s
  9719  6419  150.00000  163  338          -  150.00000      -   269 1230s
  9767  6437  150.00000  165  232          -  150.00000      -   269 1235s
  9853  6492  150.00000  146  181          -  150.00000      -   268 1240s
  9933  6535  150.00000  116  390          -  150.00000      -   267 1245s
  9981  6554 infeasible  165               -  150.00000      -   267 1250s
 10053  6591  150.00000  155  310          -  150.00000      -   266 1255s
 10116  6636  150.00000  135  164          -  150.00000      -   266 1260s
 10177  6679 infeasible  135               -  150.00000      -   266 1265s
 10202  6686  150.00000  133  490          -  150.00000      -   266 1509s
 10203  6687  150.00000  134  571          -  150.00000      -   266 1510s
 10297  6754  150.00000  134  559          -  150.00000      -   265 1515s
 10359  6799  150.00000  130  490          -  150.00000      -   265 1520s
 10416  6844 infeasible  152               -  150.00000      -   265 1525s
 10480  6894 infeasible  155               -  150.00000      -   265 1530s
 10542  6920  150.00000  141  316          -  150.00000      -   264 1535s
 10635  6985  150.00000  140  573          -  150.00000      -   264 1540s
 10676  7020  150.00000  159  426          -  150.00000      -   265 1545s
 10755  7055  150.00000  122  492          -  150.00000      -   264 1550s
 10784  7077 infeasible  137               -  150.00000      -   265 1555s
 10864  7136  150.00000  146  331          -  150.00000      -   264 1560s
 10936  7180  150.00000  137  772          -  150.00000      -   264 1565s
 11002  7218  150.00000  134  396          -  150.00000      -   264 1570s
 11067  7259  150.00000  123  545          -  150.00000      -   264 1575s
 11116  7302 infeasible  143               -  150.00000      -   264 1580s
 11180  7346  150.00000  136  469          -  150.00000      -   264 1585s
 11212  7369 infeasible  152               -  150.00000      -   264 1590s
 11261  7375  150.00000   99  364          -  150.00000      -   264 1595s
 11356  7450  150.00000  105  178          -  150.00000      -   264 1600s
 11436  7529  150.00000  142  368          -  150.00000      -   263 1605s
 11531  7590 infeasible  189               -  150.00000      -   262 1610s
 11650  7703  150.00000  153  505          -  150.00000      -   261 1615s
 11711  7754 infeasible  167               -  150.00000      -   260 1620s
 11750  7762  150.00000  105  323          -  150.00000      -   261 1625s
 11813  7823  150.00000  137  527          -  150.00000      -   261 1630s
 11885  7872  150.00000  149  508          -  150.00000      -   261 1635s
 11937  7903 infeasible  175               -  150.00000      -   260 1640s
 11986  7929  150.00000  146  369          -  150.00000      -   260 1645s
 12070  7978  150.00000  140  435          -  150.00000      -   260 1650s
 12110  7993 infeasible  159               -  150.00000      -   260 1655s
 12147  8006 infeasible  155               -  150.00000      -   260 1660s
 12175  8020  150.00000  115  141          -  150.00000      -   261 1665s
 12223  8065  150.00000  132  508          -  150.00000      -   262 1670s
 12252  8080 infeasible  138               -  150.00000      -   263 1675s
 12329  8146  150.00000  156  448          -  150.00000      -   262 1680s
 12369  8165  150.00000  135  220          -  150.00000      -   262 1685s
 12436  8215  150.00000  133  247          -  150.00000      -   262 1690s
 12514  8278 infeasible  164               -  150.00000      -   262 1695s
 12589  8331  150.00000  155  437          -  150.00000      -   262 1700s
 12707  8394  150.00000  137  422          -  150.00000      -   260 1705s
 12810  8460 infeasible  148               -  150.00000      -   259 1710s
 12896  8526  150.00000  153  398          -  150.00000      -   258 1715s
 12937  8551  150.00000  130  407          -  150.00000      -   259 1720s
 13019  8622 infeasible  161               -  150.00000      -   258 1725s
 13086  8656 infeasible  149               -  150.00000      -   258 1730s
 13195  8735  150.00000   97  411          -  150.00000      -   257 1735s
 13258  8794  150.00000  125  142          -  150.00000      -   257 1740s
 13315  8848  150.00000  151  451          -  150.00000      -   258 1745s
 13326  8857  150.00000  155  232          -  150.00000      -   258 1750s
 13375  8894  150.00000  172  670          -  150.00000      -   258 1755s
 13401  8901 infeasible  179               -  150.00000      -   258 1760s
 13473  8963  150.00000  142  435          -  150.00000      -   258 1765s
 13563  9019  150.00000  132  360          -  150.00000      -   257 1770s
 13649  9082  150.00000  146  433          -  150.00000      -   256 1775s
 13655  9087  150.00000  143  388          -  150.00000      -   256 1780s
 13658  9090  150.00000  149  554          -  150.00000      -   256 1785s
 13692  9114 infeasible  153               -  150.00000      -   257 1790s
 13711  9113 infeasible  153               -  150.00000      -   258 1795s
 13787  9160  150.00000  110  329          -  150.00000      -   257 1800s
 13903  9212  150.00000  116  428          -  150.00000      -   256 1805s
 13989  9276  150.00000  139  522          -  150.00000      -   255 1810s
 14030  9315  150.00000  158  583          -  150.00000      -   256 1815s
 14064  9334 infeasible  152               -  150.00000      -   256 1820s
 14106  9360  150.00000  165  392          -  150.00000      -   256 1825s
 14201  9401  150.00000  111  444          -  150.00000      -   255 1830s
 14263  9458  150.00000  135  170          -  150.00000      -   255 1835s
 14301  9481 infeasible  145               -  150.00000      -   256 1840s
 14339  9498  150.00000  150  412          -  150.00000      -   256 1845s
 14360  9502  150.00000  139  764          -  150.00000      -   256 1850s
 14373  9514  150.00000  145  348          -  150.00000      -   257 1855s
 14393  9517 infeasible  151               -  150.00000      -   258 1860s
 14448  9554  150.00000  123  531          -  150.00000      -   257 1865s
 14522  9611 infeasible  135               -  150.00000      -   257 1870s
 14589  9655  150.00000  125  217          -  150.00000      -   257 1875s
 14647  9708  150.00000  148  536          -  150.00000      -   257 1880s
 14690  9727  150.00000  169  686          -  150.00000      -   257 1885s
 14748  9754  150.00000  135  168          -  150.00000      -   257 1890s
 14796  9796 infeasible  151               -  150.00000      -   258 1895s
 14887  9847 infeasible  135               -  150.00000      -   257 1900s
 14888  9848  150.00000  116  157          -  150.00000      -   257 1919s
 14890  9848 infeasible  117               -  150.00000      -   257 1920s
 14895  9853  150.00000  120  230          -  150.00000      -   257 1925s
 14899  9857  150.00000  122  274          -  150.00000      -   257 1930s
 14952  9900  150.00000  141  321          -  150.00000      -   257 1935s
 15035  9948  150.00000  120  158          -  150.00000      -   256 1941s
 15119 10000  150.00000  129  447          -  150.00000      -   255 1945s
 15213 10046 infeasible  145               -  150.00000      -   255 1950s
 15286 10075 infeasible  135               -  150.00000      -   255 1955s
 15303 10084  150.00000  143  555          -  150.00000      -   255 1964s
 15308 10082 infeasible  145               -  150.00000      -   255 1965s
 15369 10116  150.00000  125  360          -  150.00000      -   255 1970s
 15480 10168 infeasible  147               -  150.00000      -   254 1975s
 15529 10184  150.00000  120  716          -  150.00000      -   254 1980s
 15602 10236  150.00000  145  180          -  150.00000      -   254 1985s
 15643 10249  150.00000  132  301          -  150.00000      -   254 1990s
 15697 10273 infeasible  135               -  150.00000      -   254 1996s
 15704 10271 infeasible  135               -  150.00000      -   255 2000s
 15762 10290 infeasible  115               -  150.00000      -   255 2005s
 15837 10330  150.00000  144  445          -  150.00000      -   255 2010s
 15919 10364  150.00000  155  235          -  150.00000      -   254 2015s
 15996 10399 infeasible  137               -  150.00000      -   254 2020s
 16025 10426  150.00000  132  443          -  150.00000      -   255 2025s
 16100 10479  150.00000  130  549          -  150.00000      -   254 2030s
 16150 10524  150.00000  150  294          -  150.00000      -   254 2035s
 16229 10550  150.00000  144  616          -  150.00000      -   254 2040s
 16261 10555 infeasible  155               -  150.00000      -   254 2045s
 16279 10563  150.00000  144  748          -  150.00000      -   254 2050s
 16331 10604 infeasible  165               -  150.00000      -   254 2055s
 16356 10615 infeasible  173               -  150.00000      -   255 2060s
 16402 10625 infeasible  154               -  150.00000      -   255 2065s
 16428 10630 infeasible  164               -  150.00000      -   255 2070s
 16479 10675  150.00000  128  419          -  150.00000      -   255 2075s
 16577 10766  150.00000  168  375          -  150.00000      -   254 2080s
 16683 10837  150.00000  145  198          -  150.00000      -   254 2085s
 16826 10900 infeasible  171               -  150.00000      -   252 2090s
 16914 10945  150.00000  144  549          -  150.00000      -   252 2095s
 16942 10959  150.00000  126  575          -  150.00000      -   252 2100s
 16986 10994  150.00000  149  506          -  150.00000      -   253 2105s
 17055 11038  150.00000  136  223          -  150.00000      -   252 2110s
 17124 11064  150.00000  123  270          -  150.00000      -   252 2115s
 17153 11085  150.00000  135  281          -  150.00000      -   253 2120s
 17222 11116  150.00000  139  279          -  150.00000      -   252 2125s
 17303 11136  150.00000  138  385          -  150.00000      -   252 2130s
 17369 11189  150.00000  161  579          -  150.00000      -   252 2135s
 17419 11212  150.00000  153  565          -  150.00000      -   252 2140s
 17469 11247  150.00000  149  278          -  150.00000      -   252 2145s
 17540 11286  150.00000  173  462          -  150.00000      -   252 2150s
 17590 11323  150.00000  193  919          -  150.00000      -   252 2155s
 17629 11342  150.00000  121  471          -  150.00000      -   252 2160s
 17766 11458  150.00000  133  312          -  150.00000      -   251 2165s
 17810 11482  150.00000  130  549          -  150.00000      -   251 2170s
 17883 11526  150.00000   95  162          -  150.00000      -   251 2176s
 17927 11570  150.00000  117  602          -  150.00000      -   251 2180s
 17969 11592  150.00000  113  294          -  150.00000      -   251 2185s
 18021 11631  150.00000  145  198          -  150.00000      -   251 2190s
 18098 11676  150.00000  133  543          -  150.00000      -   251 2195s
 18127 11698  150.00000  146  452          -  150.00000      -   251 2200s
 18167 11714  150.00000  151  505          -  150.00000      -   252 2205s
 18232 11746  150.00000  125  170          -  150.00000      -   252 2210s
 18291 11776  150.00000  135  440          -  150.00000      -   252 2215s
 18321 11784  150.00000  130  469          -  150.00000      -   252 2220s
 18353 11806  150.00000  151  509          -  150.00000      -   253 2225s
 18377 11814 infeasible  163               -  150.00000      -   253 2230s
 18440 11842 infeasible  182               -  150.00000      -   253 2235s
 18497 11874  150.00000  147  578          -  150.00000      -   252 2240s
 18588 11921 infeasible  157               -  150.00000      -   252 2245s
 18688 11969  150.00000  137  353          -  150.00000      -   251 2250s
 18756 12010  150.00000  162  365          -  150.00000      -   251 2255s
 18812 12050  150.00000  145  155          -  150.00000      -   251 2260s
 18862 12072 infeasible  174               -  150.00000      -   251 2265s
 18935 12100  150.00000  153  408          -  150.00000      -   251 2270s
 18998 12128  150.00000  130  377          -  150.00000      -   250 2275s
 19082 12184  150.00000  179  630          -  150.00000      -   250 2280s
 19146 12204  150.00000  125  224          -  150.00000      -   250 2285s
 19223 12263  150.00000  161  705          -  150.00000      -   249 2290s
 19286 12293  150.00000  148  462          -  150.00000      -   249 2295s
 19354 12338 infeasible  174               -  150.00000      -   249 2300s
 19392 12365 infeasible  165               -  150.00000      -   250 2306s
 19436 12387  150.00000  155  203          -  150.00000      -   250 2311s
 19496 12429  150.00000  183  521          -  150.00000      -   249 2315s
 19560 12462  150.00000  155  103          -  150.00000      -   249 2320s
 19647 12485 infeasible  165               -  150.00000      -   249 2325s
 19700 12522 infeasible  174               -  150.00000      -   249 2330s
 19701 12522  150.00000  175  448          -  150.00000      -   249 2348s
 19702 12523  150.00000  176  401          -  150.00000      -   249 2350s
 19717 12538  150.00000  186  207          -  150.00000      -   248 2355s
 19831 12602  149.90527  159  605          -  150.00000      -   248 2360s
 19944 12656  150.00000  162  581          -  150.00000      -   247 2365s
 20085 12738  150.00000  164  342          -  150.00000      -   246 2370s
 20164 12762 infeasible  176               -  150.00000      -   245 2375s
 20272 12795  150.00000  157  165          -  150.00000      -   245 2380s
 20372 12807  150.00000  158  512          -  150.00000      -   244 2385s
 20404 12827  150.00000  173  397          -  150.00000      -   244 2394s
 20405 12827  150.00000  173  703          -  150.00000      -   244 2395s
 20494 12847 infeasible  174               -  150.00000      -   244 2400s
 20560 12853  150.00000  155  485          -  150.00000      -   243 2405s
 20641 12890  150.00000  174  853          -  150.00000      -   243 2410s
 20669 12904  150.00000  127  339          -  150.00000      -   243 2415s
 20694 12921  150.00000  136  517          -  150.00000      -   244 2420s
 20758 12957  150.00000  131  378          -  150.00000      -   243 2425s
 20819 13006 infeasible  155               -  150.00000      -   243 2430s
 20876 13018  150.00000  112  211          -  150.00000      -   243 2435s
 20955 13056 infeasible  145               -  150.00000      -   243 2440s
 20994 13081  150.00000  155  304          -  150.00000      -   243 2445s
 21069 13135 infeasible  151               -  150.00000      -   243 2450s
 21123 13156  150.00000  135  446          -  150.00000      -   243 2455s
 21150 13172 infeasible  148               -  150.00000      -   243 2460s
 21199 13198  150.00000  139  585          -  150.00000      -   243 2465s
 21262 13225  150.00000  143  527          -  150.00000      -   243 2470s
 21320 13257  150.00000  113  336          -  150.00000      -   243 2475s
 21408 13341  150.00000  140  385          -  150.00000      -   243 2480s
 21498 13396  150.00000  186  375          -  150.00000      -   243 2485s
 21661 13473  150.00000  186  323          -  150.00000      -   241 2490s
 21716 13489  150.00000  108  324          -  150.00000      -   241 2495s
 21804 13571  150.00000  144  457          -  150.00000      -   241 2500s
 21922 13661  150.00000  138  440          -  150.00000      -   240 2506s
 21966 13699  150.00000  157  519          -  150.00000      -   240 2510s
 21994 13713  149.00000  173  706          -  150.00000      -   241 2515s
 22028 13715  150.00000  171  636          -  150.00000      -   241 2520s
 22069 13730  150.00000  176  273          -  150.00000      -   241 2525s
 22235 13831  150.00000  179  704          -  150.00000      -   239 2530s
 22318 13890  150.00000  137  536          -  150.00000      -   239 2535s
 22394 13926 infeasible  145               -  150.00000      -   239 2540s
 22466 13962 infeasible  163               -  150.00000      -   238 2545s
 22511 13979  150.00000  176  402          -  150.00000      -   238 2550s
 22648 14070  150.00000  136  268          -  150.00000      -   237 2555s
 22718 14132 infeasible  165               -  150.00000      -   237 2560s
 22782 14141 infeasible  178               -  150.00000      -   237 2565s
 22848 14155 infeasible  175               -  150.00000      -   237 2570s
 22906 14169  150.00000  144  558          -  150.00000      -   236 2575s
 22971 14193 infeasible  139               -  150.00000      -   236 2580s
 23058 14239  150.00000  169  338          -  150.00000      -   236 2585s
 23111 14265  150.00000  151  354          -  150.00000      -   236 2590s
 23187 14315  150.00000  144  388          -  150.00000      -   235 2595s
 23238 14356  150.00000  172  497          -  150.00000      -   235 2600s
 23317 14396  150.00000  159  398          -  150.00000      -   235 2605s
 23395 14414  150.00000  167  678          -  150.00000      -   235 2610s
 23470 14448  150.00000  162  330          -  150.00000      -   234 2615s
 23625 14525  150.00000  115  138          -  150.00000      -   233 2620s
 23725 14590  150.00000  116  311          -  150.00000      -   233 2625s
 23815 14657  150.00000  124  684          -  150.00000      -   233 2630s
 23861 14696  150.00000  146  397          -  150.00000      -   233 2635s
 23922 14728  150.00000  126  534          -  150.00000      -   233 2640s
 24013 14786  150.00000  146  296          -  150.00000      -   233 2645s
 24053 14801  150.00000  140  183          -  150.00000      -   233 2650s
 24097 14821  150.00000  123  319          -  150.00000      -   233 2655s
 24176 14880  150.00000  145  149          -  150.00000      -   233 2660s
 24215 14908  150.00000  164  589          -  150.00000      -   233 2665s
 24333 14957  150.00000  165  155          -  150.00000      -   233 2670s
 24368 14983  150.00000  175  212          -  150.00000      -   233 2675s
 24392 14999  150.00000  185  153          -  150.00000      -   233 2681s
 24421 15009 infeasible  184               -  150.00000      -   233 2685s
 24449 15015 infeasible  195               -  150.00000      -   234 2690s
 24473 15028  150.00000  177  352          -  150.00000      -   234 2695s
 24560 15072 infeasible  175               -  150.00000      -   234 2700s
 24616 15088  150.00000  159  408          -  150.00000      -   234 2705s
 24649 15115 infeasible  170               -  150.00000      -   234 2710s
 24688 15125 infeasible  193               -  150.00000      -   234 2715s
 24771 15198  150.00000  150  489          -  150.00000      -   234 2720s
 24818 15223  150.00000  166  515          -  150.00000      -   234 2725s
 24890 15254  150.00000  142  314          -  150.00000      -   234 2730s
 24959 15296 infeasible  145               -  150.00000      -   234 2735s
 24996 15299  150.00000  138  283          -  150.00000      -   234 2740s
 25060 15340  150.00000  171  762          -  150.00000      -   234 2745s
 25133 15370  150.00000  155  199          -  150.00000      -   234 2750s
 25150 15371 infeasible  177               -  150.00000      -   234 2755s
 25218 15398  150.00000  142  780          -  150.00000      -   234 2760s
 25269 15410 infeasible  163               -  150.00000      -   234 2766s
 25329 15447  150.00000  155  324          -  150.00000      -   234 2770s
 25401 15473 infeasible  153               -  150.00000      -   234 2775s
 25499 15526 infeasible  157               -  150.00000      -   234 2780s
 25505 15527  150.00000  157  694          -  150.00000      -   234 2787s
 25534 15534  150.00000  148  429          -  150.00000      -   234 2790s
 25616 15567  150.00000  151  490          -  150.00000      -   234 2795s
 25687 15605 infeasible  175               -  150.00000      -   234 2800s
 25689 15605  150.00000  121  177          -  150.00000      -   234 2816s
 25694 15610  150.00000  123  270          -  150.00000      -   234 2821s
 25698 15614  150.00000  125  293          -  150.00000      -   234 2826s
 25803 15699  150.00000  163  470          -  150.00000      -   233 2830s
 25857 15731 infeasible  185               -  150.00000      -   234 2835s
 25887 15740 infeasible  193               -  150.00000      -   233 2840s
 25989 15793  150.00000  139  254          -  150.00000      -   233 2845s
 26069 15858  150.00000  157  416          -  150.00000      -   233 2850s
 26130 15884  150.00000  165  158          -  150.00000      -   233 2855s
 26168 15885 infeasible  165               -  150.00000      -   234 2860s
 26262 15956 infeasible  168               -  150.00000      -   233 2865s
 26374 16022  150.00000  175  113          -  150.00000      -   233 2871s
 26428 16045 infeasible  193               -  150.00000      -   233 2875s
 26525 16099  150.00000  138  399          -  150.00000      -   233 2880s
 26722 16231  150.00000  169  346          -  150.00000      -   231 2885s
 26829 16296 infeasible  185               -  150.00000      -   231 2890s
 26897 16324 infeasible  160               -  150.00000      -   231 2895s
 27009 16386 infeasible  165               -  150.00000      -   231 2900s
 27092 16448 infeasible  185               -  150.00000      -   231 2905s
 27198 16487 infeasible  165               -  150.00000      -   231 2910s
 27252 16514  150.00000  165  134          -  150.00000      -   232 2915s
 27351 16583 infeasible  175               -  150.00000      -   232 2920s
 27426 16606  150.00000  164  324          -  150.00000      -   232 2925s
 27502 16651  150.00000  172  556          -  150.00000      -   232 2930s
 27549 16686 infeasible  185               -  150.00000      -   232 2935s
 27589 16702  150.00000  205  356          -  150.00000      -   232 2940s
 27681 16737  150.00000  155  146          -  150.00000      -   232 2945s
 27754 16766 infeasible  147               -  150.00000      -   233 2950s
 27802 16783 infeasible  158               -  150.00000      -   233 2955s
 27853 16822  150.00000  181  621          -  150.00000      -   233 2960s
 27916 16853  150.00000  156  507          -  150.00000      -   233 2965s
 27965 16862  150.00000  159  557          -  150.00000      -   233 2970s
 28071 16933 infeasible  155               -  150.00000      -   233 2975s
 28161 16934  150.00000  140  546          -  150.00000      -   233 2980s
 28271 16999  150.00000  162  672          -  150.00000      -   233 2985s
 28363 17060 infeasible  164               -  150.00000      -   233 2990s
 28458 17104  150.00000  144  355          -  150.00000      -   232 2995s
 28538 17147 infeasible  148               -  150.00000      -   233 3000s
 28673 17249 infeasible  159               -  150.00000      -   232 3005s
 28770 17294  150.00000  152  641          -  150.00000      -   232 3010s
 28834 17326 infeasible  185               -  150.00000      -   233 3015s
 28915 17388  150.00000  171  355          -  150.00000      -   233 3020s
 29040 17467  150.00000  166  774          -  150.00000      -   232 3025s
 29110 17498 infeasible  168               -  150.00000      -   232 3030s
 29209 17544  150.00000  152  676          -  150.00000      -   232 3035s
 29317 17613  150.00000  167  399          -  150.00000      -   232 3040s
 29389 17648  150.00000  185  278          -  150.00000      -   232 3045s
 29498 17703  150.00000  184  575          -  150.00000      -   232 3050s
 29615 17752  150.00000  137  353          -  150.00000      -   231 3055s
 29690 17816  150.00000  175  234          -  150.00000      -   232 3060s
 29774 17848  150.00000  185  457          -  150.00000      -   232 3065s
 29807 17855 infeasible  199               -  150.00000      -   232 3070s
 29893 17898 infeasible  198               -  150.00000      -   232 3075s
 30016 17961 infeasible  185               -  150.00000      -   231 3080s
 30182 18067  150.00000  200  437          -  150.00000      -   230 3085s
 30276 18116  150.00000  188  560          -  150.00000      -   230 3090s
 30370 18156  150.00000  177  668          -  150.00000      -   230 3095s
 30555 18250  150.00000  218  319          -  150.00000      -   229 3100s
 30606 18273 infeasible  215               -  150.00000      -   229 3107s
 30640 18279  150.00000  207  160          -  150.00000      -   229 3122s
 30645 18280  150.00000  210  200          -  150.00000      -   229 3125s
 30657 18282  150.00000  212  142          -  150.00000      -   229 3130s
 30803 18337  150.00000  153  458          -  150.00000      -   228 3135s
 30939 18377 infeasible  215               -  150.00000      -   228 3140s
 31111 18453  150.00000  176  575          -  150.00000      -   227 3145s
 31293 18551  150.00000  214  275          -  150.00000      -   226 3150s
 31445 18600 infeasible  212               -  150.00000      -   225 3155s
 31624 18651  150.00000  201  401          -  150.00000      -   225 3160s
 31773 18695 infeasible  216               -  150.00000      -   224 3165s
 31955 18758 infeasible  228               -  150.00000      -   223 3170s
 32080 18777 infeasible  217               -  150.00000      -   223 3175s
 32216 18813  150.00000  204  169          -  150.00000      -   222 3180s
 32312 18846  150.00000  207  412          -  150.00000      -   222 3185s
 32443 18872 infeasible  212               -  150.00000      -   221 3190s
 32560 18890  150.00000  219  382          -  150.00000      -   221 3195s
 32643 18923  150.00000  165  267          -  150.00000      -   221 3200s
 32688 18945  150.00000  190  476          -  150.00000      -   221 3205s
 32767 18986  150.00000  181  543          -  150.00000      -   221 3210s
 32788 19004  150.00000  189  292          -  150.00000      -   221 3215s
 32868 19026 infeasible  200               -  150.00000      -   221 3220s
 32916 19030  150.00000  194  603          -  150.00000      -   221 3225s
 33093 19069 infeasible  215               -  150.00000      -   220 3230s
 33251 19095 infeasible  217               -  150.00000      -   220 3235s
 33451 19123  150.00000  141  769          -  150.00000      -   219 3240s
 33511 19144  150.00000  136  447          -  150.00000      -   219 3245s
 33595 19157  150.00000  101  268          -  150.00000      -   219 3250s
 33669 19227  150.00000  150  659          -  150.00000      -   219 3255s
 33723 19246  150.00000  116  321          -  150.00000      -   220 3260s
 33787 19298  150.00000  149  710          -  150.00000      -   220 3265s
 33835 19317 infeasible  165               -  150.00000      -   220 3270s
 33913 19348 infeasible  159               -  150.00000      -   220 3275s
 34036 19398 infeasible  151               -  150.00000      -   220 3280s
 34095 19422 infeasible  156               -  150.00000      -   220 3285s
 34197 19450  150.00000  145  309          -  150.00000      -   220 3290s
 34335 19502 infeasible  146               -  150.00000      -   220 3295s
 34369 19511  150.00000  142  632          -  150.00000      -   220 3300s
 34455 19562 infeasible  155               -  150.00000      -   220 3305s
 34499 19583  150.00000  115  424          -  150.00000      -   220 3310s
 34579 19659  150.00000  151  616          -  150.00000      -   220 3315s
 34637 19674 infeasible  211               -  150.00000      -   221 3320s
 34693 19701  150.00000  124  518          -  150.00000      -   221 3325s
 34747 19710 infeasible  124               -  150.00000      -   221 3330s
 34887 19775  150.00000  136  651          -  150.00000      -   221 3335s
 34965 19790 infeasible  141               -  150.00000      -   221 3340s
 35080 19843  150.00000  116  141          -  150.00000      -   221 3345s
 35245 19961 infeasible  155               -  150.00000      -   221 3350s
 35384 20046  150.00000  146  669          -  150.00000      -   220 3355s
 35476 20090  150.00000  129  324          -  150.00000      -   220 3360s
 35578 20151  150.00000  144  360          -  150.00000      -   220 3365s
 35683 20201 infeasible  144               -  150.00000      -   220 3370s
 35707 20219  150.00000  141  370          -  150.00000      -   220 3376s
 35825 20285  150.00000  124  376          -  150.00000      -   220 3380s
 35954 20367 infeasible  129               -  150.00000      -   220 3385s
 36042 20420  150.00000  143  382          -  150.00000      -   220 3390s
 36186 20490 infeasible  148               -  150.00000      -   220 3395s
 36243 20489 infeasible  145               -  150.00000      -   220 3400s
 36326 20533 infeasible  151               -  150.00000      -   220 3405s
 36400 20555 infeasible  162               -  150.00000      -   220 3410s
 36489 20629  150.00000  153  564          -  150.00000      -   220 3415s
 36598 20708  150.00000  133  392          -  150.00000      -   220 3420s
 36741 20787 infeasible  155               -  150.00000      -   220 3425s
 36904 20885 infeasible  144               -  150.00000      -   219 3430s
 37053 20963 infeasible  147               -  150.00000      -   219 3435s
 37158 21033  150.00000  135  256          -  150.00000      -   219 3440s
 37196 21053  150.00000  170  436          -  150.00000      -   219 3458s
 37199 21052  150.00000  170  372          -  150.00000      -   219 3462s
 37207 21054 infeasible  175               -  150.00000      -   219 3466s
 37216 21063  150.00000  180  401          -  150.00000      -   219 3470s
 37333 21104 infeasible  179               -  150.00000      -   219 3475s
 37429 21149  150.00000  163  433          -  150.00000      -   219 3480s
 37538 21221 infeasible  139               -  150.00000      -   219 3485s
 37668 21275  150.00000  171  350          -  150.00000      -   219 3490s
 37797 21330  150.00000  160  313          -  150.00000      -   219 3495s
 37925 21404  149.99142  221  481          -  150.00000      -   218 3500s
 38074 21476  150.00000  195  130          -  150.00000      -   218 3505s
 38157 21496  150.00000  197  510          -  150.00000      -   218 3510s
 38275 21538  150.00000  146  387          -  150.00000      -   218 3515s
 38359 21578 infeasible  165               -  150.00000      -   218 3520s
 38363 21575  150.00000  162  541          -  150.00000      -   218 3525s
 38442 21619  150.00000  163  392          -  150.00000      -   218 3530s
 38563 21667 infeasible  165               -  150.00000      -   218 3535s
 38666 21709  150.00000  159  469          -  150.00000      -   218 3540s
 38749 21751 infeasible  145               -  150.00000      -   218 3545s
 38853 21807  150.00000  145  132          -  150.00000      -   218 3550s
 39071 21896 infeasible  154               -  150.00000      -   217 3555s
 39220 21956  150.00000  168  536          -  150.00000      -   217 3560s
 39311 21998 infeasible  148               -  150.00000      -   217 3565s
 39479 22069  150.00000  167  383          -  150.00000      -   217 3570s
 39561 22100  150.00000  135   89          -  150.00000      -   217 3575s
 39608 22131 infeasible  159               -  150.00000      -   217 3580s
 39741 22208 infeasible  153               -  150.00000      -   217 3585s
 39802 22249 infeasible  165               -  150.00000      -   217 3590s
 39866 22283  150.00000  169  281          -  150.00000      -   217 3595s

Cutting planes:
  Gomory: 46
  Cover: 311
  Implied bound: 30
  Clique: 65
  MIR: 30
  StrongCG: 26
  Flow cover: 129
  GUB cover: 1
  Zero half: 33
  Network: 1
  RLT: 2
  Relax-and-lift: 51

Explored 39942 nodes (8699698 simplex iterations) in 3600.00 seconds (2479.68 work units)
Thread count was 1 (of 8 available processors)

Solution count 0

Time limit reached
Best objective -, best bound 1.500000000000e+02, gap -
