
Gurobi 11.0.1 (win64) logging started Thu Mar 14 08:02:03 2024

Set parameter LogFile to value "C:\Projetos\Job_Rotation_Algorithms\Outputs\GurobiLogs\gurobi_log-output-4_ros-c19-BorbaRittModel-NoExtraConstraint-2.log"
Gurobi Optimizer version 11.0.1 build v11.0.1rc0 (win64 - Windows 10.0 (19045.2))

CPU model: 11th Gen Intel(R) Core(TM) i7-1165G7 @ 2.80GHz, instruction set [SSE2|AVX|AVX2|AVX512]
Thread count: 4 physical cores, 8 logical processors, using up to 1 threads


Gurobi 11.0.1 (win64) logging started Fri Mar 15 00:39:30 2024

Set parameter LogFile to value "C:\Projetos\Job_Rotation_Algorithms\Outputs\GurobiLogs\gurobi_log-output-4_ros-c19-BorbaRittModel-NoExtraConstraint-2.log"
Gurobi Optimizer version 11.0.1 build v11.0.1rc0 (win64 - Windows 10.0 (19045.2))

CPU model: 11th Gen Intel(R) Core(TM) i7-1165G7 @ 2.80GHz, instruction set [SSE2|AVX|AVX2|AVX512]
Thread count: 4 physical cores, 8 logical processors, using up to 1 threads


Gurobi 11.0.1 (win64) logging started Sat Mar 16 12:25:49 2024

Set parameter LogFile to value "C:\Projetos\Job_Rotation_Algorithms\Outputs\GurobiLogs\gurobi_log-output-4_ros-c19-BorbaRittModel-NoExtraConstraint-2.log"
Gurobi Optimizer version 11.0.1 build v11.0.1rc0 (win64 - Windows 10.0 (19045.2))

CPU model: 11th Gen Intel(R) Core(TM) i7-1165G7 @ 2.80GHz, instruction set [SSE2|AVX|AVX2|AVX512]
Thread count: 4 physical cores, 8 logical processors, using up to 1 threads


Gurobi 11.0.1 (win64) logging started Sat Mar 16 22:31:51 2024

Set parameter LogFile to value "C:\Projetos\Job_Rotation_Algorithms\Outputs\GurobiLogs\gurobi_log-output-4_ros-c19-BorbaRittModel-NoExtraConstraint-2.log"
Gurobi Optimizer version 11.0.1 build v11.0.1rc0 (win64 - Windows 10.0 (19045.2))

CPU model: 11th Gen Intel(R) Core(TM) i7-1165G7 @ 2.80GHz, instruction set [SSE2|AVX|AVX2|AVX512]
Thread count: 4 physical cores, 8 logical processors, using up to 1 threads

WLS license 901039 - registered to Bitka Analytics
Optimize a model with 802 rows, 293 columns and 2583 nonzeros
Model fingerprint: 0x89bbc395
Variable types: 2 continuous, 291 integer (291 binary)
Coefficient statistics:
  Matrix range     [1e+00, 1e+01]
  Objective range  [1e+00, 1e+00]
  Bounds range     [1e+00, 4e+01]
  RHS range        [1e+00, 4e+01]
Presolve removed 5 rows and 5 columns
Presolve time: 0.02s
Presolved: 797 rows, 288 columns, 2573 nonzeros
Variable types: 0 continuous, 288 integer (287 binary)

Root relaxation: objective 5.000000e+01, 515 iterations, 0.00 seconds (0.01 work units)

    Nodes    |    Current Node    |     Objective Bounds      |     Work
 Expl Unexpl |  Obj  Depth IntInf | Incumbent    BestBd   Gap | It/Node Time

     0     0   50.00000    0  128          -   50.00000      -     -    0s
     0     0   50.00000    0  124          -   50.00000      -     -    0s
     0     0   50.00000    0  114          -   50.00000      -     -    0s
     0     0   50.00000    0  114          -   50.00000      -     -    0s
     0     0   50.00000    0  109          -   50.00000      -     -    0s
     0     0   50.00000    0  111          -   50.00000      -     -    0s
     0     0   50.00000    0   82          -   50.00000      -     -    0s
     0     0   50.00000    0   97          -   50.00000      -     -    0s
     0     0   50.00000    0   92          -   50.00000      -     -    0s
     0     0   50.00000    0   96          -   50.00000      -     -    0s
     0     0   50.00000    0   93          -   50.00000      -     -    0s
     0     0   50.00000    0   93          -   50.00000      -     -    0s
     0     2   50.00000    0   83          -   50.00000      -     -    0s
* 1471   275              25      27.0000000   50.00000  85.2%  32.0    3s
H 1582   209                      36.0000000   50.00000  38.9%  35.9    3s
H 1663   197                      37.0000000   50.00000  35.1%  37.7    4s
  1933   147   49.73770   30  107   37.00000   50.00000  35.1%  47.7    5s
  3404    87   48.66667   35  124   37.00000   49.08967  32.7%  70.4   10s

Cutting planes:
  Gomory: 1
  Flow cover: 11
  Zero half: 3
  RLT: 10
  BQP: 3

Explored 3676 nodes (288800 simplex iterations) in 10.73 seconds (10.73 work units)
Thread count was 1 (of 8 available processors)

Solution count 3: 37 36 27 

Optimal solution found (tolerance 1.00e-03)
Best objective 3.700000000000e+01, best bound 3.700000000000e+01, gap 0.0000%
