
Gurobi 11.0.1 (win64) logging started Mon Apr  1 12:43:25 2024

Set parameter LogFile to value "C:\Projetos\Job_Rotation_Algorithms\Outputs\GurobiLogs\gurobi_log-output-7_ton-c103-BorbaRittModel-NoExtraConstraint-2.log"
Gurobi Optimizer version 11.0.1 build v11.0.1rc0 (win64 - Windows 10.0 (19045.2))

CPU model: 11th Gen Intel(R) Core(TM) i7-1165G7 @ 2.80GHz, instruction set [SSE2|AVX|AVX2|AVX512]
Thread count: 4 physical cores, 8 logical processors, using up to 1 threads


Gurobi 11.0.1 (win64) logging started Mon Apr  1 21:31:20 2024

Set parameter LogFile to value "C:\Projetos\Job_Rotation_Algorithms\Outputs\GurobiLogs\gurobi_log-output-7_ton-c103-BorbaRittModel-NoExtraConstraint-2.log"
Gurobi Optimizer version 11.0.1 build v11.0.1rc0 (win64 - Windows 10.0 (19045.2))

CPU model: 11th Gen Intel(R) Core(TM) i7-1165G7 @ 2.80GHz, instruction set [SSE2|AVX|AVX2|AVX512]
Thread count: 4 physical cores, 8 logical processors, using up to 1 threads


Gurobi 11.0.1 (win64) logging started Thu Apr  4 23:29:15 2024

Set parameter LogFile to value "C:\Projetos\Job_Rotation_Algorithms\Outputs\GurobiLogs\gurobi_log-output-7_ton-c103-BorbaRittModel-NoExtraConstraint-2.log"
Gurobi Optimizer version 11.0.1 build v11.0.1rc0 (win64 - Windows 10.0 (19045.2))

CPU model: 11th Gen Intel(R) Core(TM) i7-1165G7 @ 2.80GHz, instruction set [SSE2|AVX|AVX2|AVX512]
Thread count: 4 physical cores, 8 logical processors, using up to 1 threads


Gurobi 11.0.1 (win64) logging started Sat Apr  6 12:57:58 2024

Set parameter LogFile to value "C:\Projetos\Job_Rotation_Algorithms\Outputs\GurobiLogs\gurobi_log-output-7_ton-c103-BorbaRittModel-NoExtraConstraint-2.log"
Gurobi Optimizer version 11.0.1 build v11.0.1rc0 (win64 - Windows 10.0 (19045.2))

CPU model: 11th Gen Intel(R) Core(TM) i7-1165G7 @ 2.80GHz, instruction set [SSE2|AVX|AVX2|AVX512]
Thread count: 4 physical cores, 8 logical processors, using up to 1 threads


Gurobi 11.0.1 (win64) logging started Sun Apr  7 02:31:43 2024

Set parameter LogFile to value "C:\Projetos\Job_Rotation_Algorithms\Outputs\GurobiLogs\gurobi_log-output-7_ton-c103-BorbaRittModel-NoExtraConstraint-2.log"
Gurobi Optimizer version 11.0.1 build v11.0.1rc0 (win64 - Windows 10.0 (19045.2))

CPU model: 11th Gen Intel(R) Core(TM) i7-1165G7 @ 2.80GHz, instruction set [SSE2|AVX|AVX2|AVX512]
Thread count: 4 physical cores, 8 logical processors, using up to 1 threads


Gurobi 11.0.1 (win64) logging started Sun Apr  7 09:44:37 2024

Set parameter LogFile to value "C:\Projetos\Job_Rotation_Algorithms\Outputs\GurobiLogs\gurobi_log-output-7_ton-c103-BorbaRittModel-NoExtraConstraint-2.log"
Gurobi Optimizer version 11.0.1 build v11.0.1rc0 (win64 - Windows 10.0 (19045.2))

CPU model: 11th Gen Intel(R) Core(TM) i7-1165G7 @ 2.80GHz, instruction set [SSE2|AVX|AVX2|AVX512]
Thread count: 4 physical cores, 8 logical processors, using up to 1 threads


Gurobi 11.0.1 (win64) logging started Tue Apr  9 08:02:56 2024

Set parameter LogFile to value "C:\Projetos\Job_Rotation_Algorithms\Outputs\GurobiLogs\gurobi_log-output-7_ton-c103-BorbaRittModel-NoExtraConstraint-2.log"
Gurobi Optimizer version 11.0.1 build v11.0.1rc0 (win64 - Windows 10.0 (19045.2))

CPU model: 11th Gen Intel(R) Core(TM) i7-1165G7 @ 2.80GHz, instruction set [SSE2|AVX|AVX2|AVX512]
Thread count: 4 physical cores, 8 logical processors, using up to 1 threads


Gurobi 11.0.1 (win64) logging started Wed Apr 10 17:31:54 2024

Set parameter LogFile to value "C:\Projetos\Job_Rotation_Algorithms\Outputs\GurobiLogs\gurobi_log-output-7_ton-c103-BorbaRittModel-NoExtraConstraint-2.log"
Gurobi Optimizer version 11.0.1 build v11.0.1rc0 (win64 - Windows 10.0 (19045.2))

CPU model: 11th Gen Intel(R) Core(TM) i7-1165G7 @ 2.80GHz, instruction set [SSE2|AVX|AVX2|AVX512]
Thread count: 4 physical cores, 8 logical processors, using up to 1 threads


Gurobi 11.0.1 (win64) logging started Thu Apr 11 01:37:58 2024

Set parameter LogFile to value "C:\Projetos\Job_Rotation_Algorithms\Outputs\GurobiLogs\gurobi_log-output-7_ton-c103-BorbaRittModel-NoExtraConstraint-2.log"
Gurobi Optimizer version 11.0.1 build v11.0.1rc0 (win64 - Windows 10.0 (19045.2))

CPU model: 11th Gen Intel(R) Core(TM) i7-1165G7 @ 2.80GHz, instruction set [SSE2|AVX|AVX2|AVX512]
Thread count: 4 physical cores, 8 logical processors, using up to 1 threads


Gurobi 11.0.1 (win64) logging started Fri Apr 12 12:23:59 2024

Set parameter LogFile to value "C:\Projetos\Job_Rotation_Algorithms\Outputs\GurobiLogs\gurobi_log-output-7_ton-c103-BorbaRittModel-NoExtraConstraint-2.log"
Gurobi Optimizer version 11.0.1 build v11.0.1rc0 (win64 - Windows 10.0 (19045.2))

CPU model: 11th Gen Intel(R) Core(TM) i7-1165G7 @ 2.80GHz, instruction set [SSE2|AVX|AVX2|AVX512]
Thread count: 4 physical cores, 8 logical processors, using up to 1 threads

WLS license 901038 - registered to Bitka Analytics
Optimize a model with 14662 rows, 2051 columns and 45927 nonzeros
Model fingerprint: 0xdfed57ec
Variable types: 2 continuous, 2049 integer (2049 binary)
Coefficient statistics:
  Matrix range     [1e+00, 2e+02]
  Objective range  [1e+00, 1e+00]
  Bounds range     [1e+00, 2e+02]
  RHS range        [1e+00, 2e+02]
Presolve removed 420 rows and 28 columns
Presolve time: 0.09s
Presolved: 14242 rows, 2023 columns, 44632 nonzeros
Variable types: 0 continuous, 2023 integer (2022 binary)
Root relaxation presolved: 14242 rows, 2023 columns, 44632 nonzeros


Root relaxation: objective 1.400000e+02, 3890 iterations, 0.64 seconds (0.70 work units)

    Nodes    |    Current Node    |     Objective Bounds      |     Work
 Expl Unexpl |  Obj  Depth IntInf | Incumbent    BestBd   Gap | It/Node Time

     0     0  140.00000    0  473          -  140.00000      -     -    1s
     0     0  140.00000    0  716          -  140.00000      -     -    2s
     0     0  140.00000    0  688          -  140.00000      -     -    2s
     0     0  140.00000    0  573          -  140.00000      -     -    6s
     0     0  140.00000    0  590          -  140.00000      -     -    6s
     0     0  140.00000    0  586          -  140.00000      -     -    8s
     0     0  140.00000    0  591          -  140.00000      -     -    8s
     0     0  140.00000    0  569          -  140.00000      -     -   11s
     0     0  140.00000    0  545          -  140.00000      -     -   11s
     0     0  140.00000    0  544          -  140.00000      -     -   12s
     0     0  140.00000    0  532          -  140.00000      -     -   12s
     0     0  140.00000    0  515          -  140.00000      -     -   14s
     0     0  140.00000    0  515          -  140.00000      -     -   15s
     0     2  140.00000    0  515          -  140.00000      -     -   19s
     3     5  140.00000    2  426          -  140.00000      -  1685   20s
   200   122  140.00000   76  401          -  140.00000      -   153   25s
   460   185  140.00000   48  352          -  140.00000      -   150   30s
   718   273  140.00000   25  452          -  140.00000      -   147   35s
   813   352  140.00000   34  463          -  140.00000      -   158   40s
   816   354  140.00000   28  490          -  140.00000      -   157   47s
   818   356  140.00000    3  529          -  140.00000      -   157   50s
   822   358  140.00000   27  479          -  140.00000      -   156   55s
   828   362  140.00000   91  417          -  140.00000      -   155   61s
   834   366  140.00000   57  451          -  140.00000      -   154   66s
   837   370  140.00000   14  332          -  140.00000      -  89.8   70s
   853   381  140.00000   22  263          -  140.00000      -  90.3   75s
   957   420  140.00000   23  299          -  140.00000      -   103   80s
  1040   450  140.00000   25  314          -  140.00000      -   117   85s
  1107   472  140.00000   22  280          -  140.00000      -   129   90s
  1201   487  140.00000   26  421          -  140.00000      -   143   95s
  1297   529  140.00000   47  258          -  140.00000      -   151  100s
  1373   548  140.00000   52  430          -  140.00000      -   163  105s
  1458   568 infeasible   64               -  140.00000      -   177  110s
  1533   580  140.00000   70  312          -  140.00000      -   184  118s
  1568   586  140.00000   49  303          -  140.00000      -   183  120s
  1689   608  140.00000   49  336          -  140.00000      -   190  125s
  1766   624  140.00000   43  460          -  140.00000      -   200  130s
  1829   634 infeasible   68               -  140.00000      -   208  135s
  1917   660 infeasible   59               -  140.00000      -   212  140s
  2060   724  140.00000   52  494          -  140.00000      -   212  145s
  2156   784  140.00000   46  429          -  140.00000      -   214  150s
  2220   824 infeasible   48               -  140.00000      -   218  155s
  2308   886  140.00000   48  359          -  140.00000      -   222  160s
  2395   947  140.00000   30  310          -  140.00000      -   224  165s
  2493  1011 infeasible   54               -  140.00000      -   225  170s
  2573  1059  140.00000   48  260          -  140.00000      -   227  175s
  2691  1135  140.00000   68  312          -  140.00000      -   229  180s
  2780  1188 infeasible   67               -  140.00000      -   234  185s
  2939  1303  140.00000   65  429          -  140.00000      -   231  190s
  3069  1393  140.00000   37  326          -  140.00000      -   230  195s
  3179  1451  140.00000   33  404          -  140.00000      -   233  200s
  3272  1522  140.00000   69  381          -  140.00000      -   236  205s
  3337  1563 infeasible   29               -  140.00000      -   240  210s
  3365  1589  140.00000   46  401          -  140.00000      -   240  215s
  3447  1645  140.00000   35  384          -  140.00000      -   245  220s
  3536  1714  140.00000   52  346          -  140.00000      -   249  225s
  3623  1783 infeasible   81               -  140.00000      -   251  230s
  3717  1831 infeasible   61               -  140.00000      -   255  235s
  3838  1892 infeasible   63               -  140.00000      -   259  240s
  3960  1976 infeasible   67               -  140.00000      -   260  245s
  4122  2086  140.00000   39  311          -  140.00000      -   259  250s
  4210  2150  140.00000   49  406          -  140.00000      -   262  255s
  4332  2210 infeasible   72               -  140.00000      -   265  260s
  4423  2263  140.00000   50  315          -  140.00000      -   268  265s
  4533  2297  140.00000   20  343          -  140.00000      -   269  270s
  4663  2385  140.00000   50  328          -  140.00000      -   268  275s
  4796  2432  140.00000   52  317          -  140.00000      -   269  280s
  4801  2429  140.00000   38  407          -  140.00000      -   270  285s
  4937  2511  140.00000   61  293          -  140.00000      -   269  290s
  5049  2575 infeasible   62               -  140.00000      -   270  295s
  5191  2661  140.00000   59  397          -  140.00000      -   272  300s
  5363  2755  140.00000   48  368          -  140.00000      -   272  305s
  5437  2803  139.00000   54  431          -  140.00000      -   275  310s
  5509  2841 infeasible   56               -  140.00000      -   278  315s
  5624  2904 infeasible   55               -  140.00000      -   280  320s
  5752  2970 infeasible   51               -  140.00000      -   283  325s
  5828  3004  140.00000   65  337          -  140.00000      -   286  330s
  5938  3018 infeasible   63               -  140.00000      -   289  335s
  6068  3066  140.00000   59  307          -  140.00000      -   290  340s
  6170  3096 infeasible   54               -  140.00000      -   291  345s
  6271  3157 infeasible   67               -  140.00000      -   293  350s
  6371  3207  140.00000   47  295          -  140.00000      -   294  355s
  6478  3262  140.00000   48  418          -  140.00000      -   296  360s
  6590  3330  140.00000   50  379          -  140.00000      -   296  365s
  6701  3385  140.00000   37  343          -  140.00000      -   298  370s
  6743  3415  139.00000   60  370          -  140.00000      -   299  381s
  6861  3481 infeasible   66               -  140.00000      -   297  385s
  6966  3532  140.00000   50  362          -  140.00000      -   298  390s
  7105  3603 infeasible   54               -  140.00000      -   298  395s
  7248  3692  140.00000   47  467          -  140.00000      -   298  400s
  7367  3765 infeasible   50               -  140.00000      -   298  405s
  7441  3807 infeasible   40               -  140.00000      -   299  410s
  7573  3857 infeasible   58               -  140.00000      -   298  415s
  7699  3933 infeasible   45               -  140.00000      -   299  420s
  7819  3983 infeasible   53               -  140.00000      -   299  425s
  7967  4041 infeasible   74               -  140.00000      -   300  430s
  8102  4094  140.00000   59  310          -  140.00000      -   301  435s
  8191  4129  140.00000   72  351          -  140.00000      -   304  440s
  8300  4152  140.00000   49  382          -  140.00000      -   305  445s
  8418  4200  140.00000   61  338          -  140.00000      -   307  450s
  8529  4273  140.00000   38  381          -  140.00000      -   307  455s
  8650  4356  140.00000   71  353          -  140.00000      -   307  460s
  8781  4437  140.00000   56  355          -  140.00000      -   308  465s
  8888  4480  140.00000   47  358          -  140.00000      -   308  470s
  9030  4566  140.00000   48  406          -  140.00000      -   308  475s
  9130  4638  140.00000   39  275          -  140.00000      -   309  480s
  9278  4722 infeasible   60               -  140.00000      -   308  485s
  9379  4761 infeasible   72               -  140.00000      -   309  490s
  9504  4820  140.00000   56  350          -  140.00000      -   310  495s
  9622  4882 infeasible   49               -  140.00000      -   310  500s
  9723  4933 infeasible   45               -  140.00000      -   311  505s
  9871  5001 infeasible   56               -  140.00000      -   311  510s
 10032  5064  140.00000   49  335          -  140.00000      -   311  515s
 10131  5105 infeasible   75               -  140.00000      -   312  520s
 10202  5144  140.00000   49  491          -  140.00000      -   312  615s
 10252  5168  140.00000   46  382          -  140.00000      -   314  620s
 10391  5237  140.00000   66  359          -  140.00000      -   315  625s
 10468  5282  140.00000   39  288          -  140.00000      -   315  633s
 10501  5311  140.00000   65  389          -  140.00000      -   315  635s
 10607  5367  140.00000   46  375          -  140.00000      -   316  640s
 10708  5422 infeasible   62               -  140.00000      -   317  645s
 10806  5474  140.00000   68  362          -  140.00000      -   318  650s
 10902  5522  140.00000   56  399          -  140.00000      -   318  655s
 10969  5561 infeasible   55               -  140.00000      -   319  660s
 11036  5584 infeasible   52               -  140.00000      -   320  665s
 11117  5631  140.00000   51  404          -  140.00000      -   321  670s
 11214  5676  140.00000   40  320          -  140.00000      -   322  675s
 11307  5723  140.00000   48  370          -  140.00000      -   323  680s
 11395  5755  140.00000   76  344          -  140.00000      -   324  685s
 11469  5783  140.00000   21  395          -  140.00000      -   325  690s
 11566  5860  140.00000   36  397          -  140.00000      -   324  695s
 11689  5953 infeasible   73               -  140.00000      -   324  700s
 11793  5999 infeasible   68               -  140.00000      -   325  705s
 11916  6056 infeasible   62               -  140.00000      -   325  710s
 12001  6095  140.00000   62  396          -  140.00000      -   326  715s
 12090  6142  140.00000   65  407          -  140.00000      -   327  720s
 12182  6188  140.00000   60  297          -  140.00000      -   328  725s
 12307  6253  140.00000   74  399          -  140.00000      -   329  738s
 12321  6259  140.00000   82  343          -  140.00000      -   329  740s
 12406  6292 infeasible   66               -  140.00000      -   330  745s
 12491  6337 infeasible   55               -  140.00000      -   331  750s
 12590  6388 infeasible   53               -  140.00000      -   331  755s
 12693  6449  140.00000   39  348          -  140.00000      -   332  760s
 12798  6490 infeasible   57               -  140.00000      -   333  765s
 12897  6521 infeasible   67               -  140.00000      -   333  770s
 13034  6574  140.00000   45  294          -  140.00000      -   334  775s
 13130  6592 infeasible   59               -  140.00000      -   335  780s
 13220  6588 infeasible   54               -  140.00000      -   336  785s
 13313  6603  139.81308   71  364          -  140.00000      -   337  790s
 13418  6624 infeasible   69               -  140.00000      -   338  795s
 13553  6689 infeasible   53               -  140.00000      -   337  800s
 13678  6768  140.00000   59  348          -  140.00000      -   337  805s
 13781  6819 infeasible   39               -  140.00000      -   337  810s
 13887  6863 infeasible   64               -  140.00000      -   338  815s
 14019  6925 infeasible   48               -  140.00000      -   337  820s
 14157  6987  140.00000   46  435          -  140.00000      -   337  825s
 14257  7039  140.00000   54  456          -  140.00000      -   337  830s
 14332  7054 infeasible   56               -  140.00000      -   338  835s
 14417  7077  140.00000   56  343          -  140.00000      -   339  840s
 14529  7113 infeasible   39               -  140.00000      -   339  845s
 14681  7175  140.00000   54  263          -  140.00000      -   339  850s
 14824  7218 infeasible   47               -  140.00000      -   339  855s
 14933  7265  140.00000   66  396          -  140.00000      -   340  860s
 15083  7315  140.00000   50  308          -  140.00000      -   340  865s
 15208  7340 infeasible   44               -  140.00000      -   340  870s
 15370  7390 infeasible   63               -  140.00000      -   340  875s
 15501  7451 infeasible   65               -  140.00000      -   340  880s
 15598  7484  140.00000   51  408          -  140.00000      -   341  885s
 15727  7535  140.00000   47  228          -  140.00000      -   341  895s
 15844  7586  140.00000   55  325          -  140.00000      -   341  900s
 15985  7651  140.00000   54  275          -  140.00000      -   341  905s
 16119  7703 infeasible   67               -  140.00000      -   341  910s
 16240  7740  140.00000   63  395          -  140.00000      -   341  915s
 16402  7822  140.00000   56  335          -  140.00000      -   341  920s
 16488  7870  140.00000   50  269          -  140.00000      -   341  925s
 16600  7942  140.00000   62  314          -  140.00000      -   341  930s
 16731  7981  140.00000   58  280          -  140.00000      -   341  935s
 16854  8006  140.00000   56  380          -  140.00000      -   341  940s
 16927  8041  140.00000   71  353          -  140.00000      -   342  945s
 17027  8067 infeasible   64               -  140.00000      -   342  950s
 17146  8106  140.00000   58  281          -  140.00000      -   342  955s
 17226  8114  140.00000   71  340          -  140.00000      -   343  960s
 17347  8125 infeasible   64               -  140.00000      -   343  965s
 17456  8144  140.00000   59  285          -  140.00000      -   344  970s
 17587  8169 infeasible   61               -  140.00000      -   344  975s
 17677  8187  140.00000   66  357          -  140.00000      -   345  980s
 17816  8214 infeasible   57               -  140.00000      -   345  985s
 17920  8208  140.00000   54  358          -  140.00000      -   345  993s
 17954  8212  139.00000   65  300          -  140.00000      -   345  995s
 18080  8212 infeasible   50               -  140.00000      -   345 1000s
 18216  8232 infeasible   49               -  140.00000      -   345 1005s
 18349  8277  140.00000   52  317          -  140.00000      -   345 1010s
 18463  8301  140.00000   65  318          -  140.00000      -   345 1015s
 18586  8326 infeasible   54               -  140.00000      -   346 1020s
 18691  8361 infeasible   54               -  140.00000      -   346 1025s
 18812  8394  140.00000   48  348          -  140.00000      -   346 1030s
 18939  8425  140.00000   46  241          -  140.00000      -   347 1035s
 19072  8454  140.00000   57  305          -  140.00000      -   347 1040s
 19207  8481  140.00000   44  398          -  140.00000      -   347 1045s
 19327  8509 infeasible   65               -  140.00000      -   347 1050s
 19446  8536  140.00000   57  393          -  140.00000      -   347 1055s
 19592  8588 infeasible   48               -  140.00000      -   347 1060s
 19681  8627  140.00000   65  429          -  140.00000      -   348 1065s
 19764  8668 infeasible   54               -  140.00000      -   347 1070s
 19897  8725  140.00000   58  380          -  140.00000      -   348 1075s
 20048  8794  140.00000   47  293          -  140.00000      -   347 1080s
 20207  8857 infeasible   59               -  140.00000      -   347 1085s
 20363  8921  140.00000   50  329          -  140.00000      -   347 1090s
 20474  8966  140.00000   48  270          -  140.00000      -   347 1095s
 20615  9031 infeasible   57               -  140.00000      -   348 1100s
 20758  9038 infeasible   53               -  140.00000      -   347 1105s
 20882  9106 infeasible   62               -  140.00000      -   348 1110s
 20884  9108  140.00000   62  382          -  140.00000      -   348 1116s
 20982  9156 infeasible   52               -  140.00000      -   347 1120s
 21108  9218 infeasible   65               -  140.00000      -   347 1125s
 21227  9271  140.00000   50  343          -  140.00000      -   348 1130s
 21369  9343 infeasible   64               -  140.00000      -   348 1135s
 21528  9422 infeasible   64               -  140.00000      -   348 1140s
 21684  9480 infeasible   47               -  140.00000      -   347 1145s
 21767  9507 infeasible   63               -  140.00000      -   348 1150s
 21921  9571  140.00000   46  311          -  140.00000      -   348 1155s
 22082  9634  140.00000   58  365          -  140.00000      -   348 1160s
 22237  9733  140.00000   82  389          -  140.00000      -   348 1165s
 22399  9829  140.00000   64  396          -  140.00000      -   347 1170s
 22524  9906  139.00000   60  400          -  140.00000      -   346 1175s
 22596  9954 infeasible   61               -  140.00000      -   347 1180s
 22736 10036  140.00000   50  457          -  140.00000      -   346 1185s
 22862 10134  140.00000   55  342          -  140.00000      -   346 1190s
 22984 10220 infeasible   63               -  140.00000      -   345 1195s
 23093 10299 infeasible   67               -  140.00000      -   345 1200s
 23237 10395  140.00000   41  333          -  140.00000      -   345 1205s
 23387 10489  140.00000   55  362          -  140.00000      -   344 1210s
 23509 10569 infeasible   58               -  140.00000      -   344 1215s
 23647 10649 infeasible   77               -  140.00000      -   344 1220s
 23757 10711 infeasible   60               -  140.00000      -   345 1225s
 23773 10717  140.00000   67  478          -  140.00000      -   345 1234s
 23782 10720  140.00000   41  310          -  140.00000      -   345 1235s
 23924 10808 infeasible   95               -  140.00000      -   345 1240s
 24038 10884  140.00000   72  397          -  140.00000      -   345 1245s
 24161 10965  140.00000   70  404          -  140.00000      -   345 1250s
 24249 11001 infeasible   66               -  140.00000      -   346 1255s
 24391 11087  140.00000   54  253          -  140.00000      -   346 1260s
 24491 11135  140.00000   48  277          -  140.00000      -   346 1265s
 24629 11189  140.00000   60  320          -  140.00000      -   346 1270s
 24763 11247 infeasible   62               -  140.00000      -   346 1275s
 24862 11292  140.00000   60  259          -  140.00000      -   346 1280s
 24995 11363 infeasible   62               -  140.00000      -   346 1285s
 25115 11407 infeasible   61               -  140.00000      -   347 1290s
 25237 11455  139.00000   61  362          -  140.00000      -   347 1295s
 25353 11501 infeasible   64               -  140.00000      -   347 1300s
 25465 11545  140.00000   67  409          -  140.00000      -   348 1305s
 25569 11597 infeasible   72               -  140.00000      -   348 1310s
 25691 11637 infeasible   67               -  140.00000      -   348 1315s
 25801 11681 infeasible   63               -  140.00000      -   348 1320s
 25912 11720 infeasible   61               -  140.00000      -   349 1325s
 25989 11749 infeasible   69               -  140.00000      -   349 1330s
 26103 11783  140.00000   56  323          -  140.00000      -   349 1335s
 26226 11828 infeasible   65               -  140.00000      -   350 1340s
 26325 11881 infeasible   65               -  140.00000      -   350 1345s
 26421 11901 infeasible   58               -  140.00000      -   350 1350s
 26524 11940 infeasible   59               -  140.00000      -   350 1355s
 26619 11987  139.00000   58  439          -  140.00000      -   351 1360s
 26704 12018  140.00000   58  391          -  140.00000      -   351 1365s
 26823 12083  140.00000   55  350          -  140.00000      -   351 1370s
 26875 12097  140.00000   56  349          -  140.00000      -   351 1378s
 26903 12107  140.00000   54  383          -  140.00000      -   351 1380s
 27033 12181  140.00000   63  370          -  140.00000      -   351 1385s
 27145 12219 infeasible   67               -  140.00000      -   352 1390s
 27259 12259  140.00000   54  336          -  140.00000      -   352 1395s
 27359 12307  139.00000   63  441          -  140.00000      -   352 1400s
 27448 12336 infeasible   61               -  140.00000      -   353 1405s
 27563 12377 infeasible   68               -  140.00000      -   353 1410s
 27654 12406  140.00000   62  277          -  140.00000      -   354 1415s
 27736 12424  139.00000   56  386          -  140.00000      -   354 1420s
 27825 12447 infeasible   55               -  140.00000      -   355 1425s
 27937 12469  138.91640   56  348          -  140.00000      -   355 1430s
 28036 12478 infeasible   58               -  140.00000      -   355 1435s
 28172 12528 infeasible   59               -  140.00000      -   355 1440s
 28312 12574  140.00000   58  388          -  140.00000      -   355 1445s
 28413 12615 infeasible   46               -  140.00000      -   356 1450s
 28516 12662 infeasible   67               -  140.00000      -   356 1455s
 28636 12708 infeasible   65               -  140.00000      -   356 1460s
 28743 12763  140.00000   64  349          -  140.00000      -   356 1465s
 28838 12794 infeasible   63               -  140.00000      -   357 1470s
 28947 12853 infeasible   58               -  140.00000      -   357 1475s
 29046 12906  140.00000   62  447          -  140.00000      -   357 1480s
 29176 12968 infeasible   59               -  140.00000      -   357 1485s
 29313 13055  140.00000   40  281          -  140.00000      -   356 1490s
 29417 13119  140.00000   66  370          -  140.00000      -   356 1504s
 29427 13123  140.00000   37  401          -  140.00000      -   356 1505s
 29548 13204  140.00000   57  328          -  140.00000      -   356 1510s
 29691 13287  140.00000   50  261          -  140.00000      -   356 1515s
 29840 13348 infeasible   64               -  140.00000      -   356 1520s
 29981 13433  140.00000   55  487          -  140.00000      -   356 1525s
 30030 13456  140.00000   55  255          -  140.00000      -   356 1530s
 30165 13489  140.00000   64  349          -  140.00000      -   356 1535s
 30250 13504  140.00000   42  396          -  140.00000      -   356 1540s
 30428 13622  140.00000   70  303          -  140.00000      -   356 1545s
 30538 13670  140.00000   61  320          -  140.00000      -   356 1550s
 30671 13741  140.00000   63  413          -  140.00000      -   356 1555s
 30789 13781  140.00000   73  362          -  140.00000      -   357 1560s
 30902 13848 infeasible  107               -  140.00000      -   357 1565s
 31019 13911  140.00000   37  327          -  140.00000      -   357 1570s
 31155 13995 infeasible   54               -  140.00000      -   357 1575s
 31251 14055  140.00000   57  407          -  140.00000      -   358 1580s
 31362 14100  140.00000   56  427          -  140.00000      -   358 1585s
 31471 14141 infeasible   51               -  140.00000      -   358 1590s
 31569 14177  140.00000   57  329          -  140.00000      -   358 1595s
 31697 14237 infeasible   52               -  140.00000      -   358 1600s
 31787 14251  140.00000   54  409          -  140.00000      -   359 1605s
 31904 14298  140.00000   51  312          -  140.00000      -   359 1610s
 32034 14350  140.00000   58  337          -  140.00000      -   359 1615s
 32163 14387  140.00000   52  306          -  140.00000      -   359 1620s
 32290 14408 infeasible   49               -  140.00000      -   359 1625s
 32425 14473 infeasible   57               -  140.00000      -   359 1630s
 32556 14528  140.00000   67  259          -  140.00000      -   359 1635s
 32694 14604  140.00000   56  254          -  140.00000      -   359 1640s
 32803 14631 infeasible   66               -  140.00000      -   360 1645s
 32910 14652 infeasible   62               -  140.00000      -   360 1650s
 32995 14663  140.00000   52  335          -  140.00000      -   360 1655s
 33098 14710  140.00000   59  361          -  140.00000      -   361 1660s
 33219 14761 infeasible   78               -  140.00000      -   361 1665s
 33317 14781 infeasible   68               -  140.00000      -   361 1670s
 33400 14796 infeasible   84               -  140.00000      -   362 1675s
 33500 14810  140.00000   62  284          -  140.00000      -   362 1680s
 33608 14850  140.00000   58  351          -  140.00000      -   362 1685s
 33712 14880 infeasible   69               -  140.00000      -   363 1690s
 33743 14885  140.00000   59  295          -  140.00000      -   363 1699s
 33754 14890  140.00000   63  339          -  140.00000      -   363 1700s
 33890 14912 infeasible   51               -  140.00000      -   363 1705s
 33953 14953 infeasible   73               -  140.00000      -   363 1710s
 34062 15016  140.00000   60  384          -  140.00000      -   363 1715s
 34187 15081 infeasible   58               -  140.00000      -   363 1720s
 34290 15126  140.00000   52  305          -  140.00000      -   364 1725s
 34404 15202  140.00000   70  341          -  140.00000      -   364 1730s
 34520 15252 infeasible   63               -  140.00000      -   364 1735s
 34606 15292 infeasible   60               -  140.00000      -   365 1740s
 34716 15326  140.00000   58  363          -  140.00000      -   365 1745s
 34831 15357 infeasible   61               -  140.00000      -   365 1750s
 34934 15392 infeasible   74               -  140.00000      -   365 1755s
 35061 15433 infeasible   64               -  140.00000      -   366 1760s
 35154 15470 infeasible   68               -  140.00000      -   366 1765s
 35285 15509  140.00000   70  308          -  140.00000      -   366 1770s
 35419 15563  140.00000   66  269          -  140.00000      -   366 1775s
 35540 15600 infeasible   73               -  140.00000      -   366 1780s
 35655 15635  140.00000   66  298          -  140.00000      -   367 1785s
 35743 15675  140.00000   62  309          -  140.00000      -   367 1790s
 35825 15701 infeasible   75               -  140.00000      -   368 1795s
 35919 15741 infeasible   64               -  140.00000      -   368 1800s
 36037 15771  140.00000   70  339          -  140.00000      -   368 1805s
 36140 15808 infeasible   64               -  140.00000      -   369 1810s
 36226 15832  140.00000   58  283          -  140.00000      -   369 1815s
 36349 15895  140.00000   61  363          -  140.00000      -   369 1820s
 36454 15950  140.00000   61  369          -  140.00000      -   369 1825s
 36625 16057  140.00000   45  345          -  140.00000      -   369 1830s
 36731 16101  140.00000   60  410          -  140.00000      -   369 1835s
 36852 16180 infeasible   75               -  140.00000      -   369 1840s
 36934 16220  140.00000   63  287          -  140.00000      -   369 1851s
 37001 16241 infeasible   56               -  140.00000      -   369 1855s
 37146 16276  140.00000   55  319          -  140.00000      -   369 1860s
 37273 16311  140.00000   56  450          -  140.00000      -   369 1865s
 37368 16330  140.00000   52  341          -  140.00000      -   369 1870s
 37465 16369  140.00000   60  317          -  140.00000      -   370 1875s
 37576 16428  140.00000   69  405          -  140.00000      -   370 1880s
 37685 16473 infeasible   57               -  140.00000      -   370 1885s
 37847 16577 infeasible   63               -  140.00000      -   370 1890s
 38007 16669  140.00000   48  307          -  140.00000      -   369 1895s
 38118 16724  140.00000   61  385          -  140.00000      -   369 1900s
 38301 16803  140.00000   62  386          -  140.00000      -   369 1905s
 38464 16852  140.00000   59  310          -  140.00000      -   369 1910s
 38618 16878 infeasible   61               -  140.00000      -   369 1915s
 38775 16911  140.00000   60  351          -  140.00000      -   368 1920s
 38933 16955  140.00000   61  287          -  140.00000      -   368 1925s
 39090 17030 infeasible   65               -  140.00000      -   368 1930s
 39278 17070  140.00000   52  280          -  140.00000      -   368 1935s
 39398 17094 infeasible   60               -  140.00000      -   368 1940s
 39525 17151 infeasible   59               -  140.00000      -   368 1945s
 39633 17189  140.00000   46  402          -  140.00000      -   368 1950s
 39746 17260  140.00000   65  344          -  140.00000      -   368 1955s
 39889 17349 infeasible   69               -  140.00000      -   368 1960s
 40020 17418  140.00000   46  357          -  140.00000      -   368 1965s
 40192 17506  140.00000   57  239          -  140.00000      -   368 1970s
 40344 17572 infeasible   54               -  140.00000      -   368 1975s
 40447 17607 infeasible   65               -  140.00000      -   368 1980s
 40647 17707  140.00000   59  311          -  140.00000      -   368 1985s
 40792 17762 infeasible   77               -  140.00000      -   368 1990s
 41003 17781  140.00000   58  378          -  140.00000      -   367 1995s
 41128 17832 infeasible   72               -  140.00000      -   367 2000s
 41225 17887  140.00000   71  360          -  140.00000      -   367 2005s
 41304 17904 infeasible   63               -  140.00000      -   368 2010s
 41384 17926 infeasible   68               -  140.00000      -   368 2015s
 41487 17953  140.00000   66  447          -  140.00000      -   368 2027s
 41541 17961  140.00000   54  307          -  140.00000      -   368 2030s
 41658 17982 infeasible   66               -  140.00000      -   368 2035s
 41780 18016 infeasible   65               -  140.00000      -   368 2040s
 41895 18063 infeasible   71               -  140.00000      -   369 2045s
 42025 18095 infeasible   80               -  140.00000      -   369 2050s
 42131 18111 infeasible   76               -  140.00000      -   369 2055s
 42249 18139 infeasible   62               -  140.00000      -   370 2060s
 42376 18158  140.00000   69  388          -  140.00000      -   370 2065s
 42479 18191  140.00000   78  306          -  140.00000      -   370 2070s
 42598 18224  140.00000   58  299          -  140.00000      -   370 2075s
 42722 18266  140.00000   60  280          -  140.00000      -   370 2080s
 42827 18289 infeasible   61               -  140.00000      -   371 2085s
 42916 18310 infeasible   66               -  140.00000      -   371 2090s
 43042 18330 infeasible   60               -  140.00000      -   371 2095s
 43176 18346 infeasible   56               -  140.00000      -   371 2100s
 43270 18380 infeasible   62               -  140.00000      -   371 2105s
 43376 18390  140.00000   78  315          -  140.00000      -   372 2110s
 43454 18402  140.00000   66  347          -  140.00000      -   372 2115s
 43541 18417 infeasible   71               -  140.00000      -   372 2120s
 43668 18444  140.00000   64  294          -  140.00000      -   373 2125s
 43797 18485 infeasible   61               -  140.00000      -   373 2130s
 43946 18544 infeasible   55               -  140.00000      -   373 2135s
 44055 18559  140.00000   55  354          -  140.00000      -   373 2140s
 44149 18589 infeasible   70               -  140.00000      -   373 2145s
 44246 18626 infeasible   62               -  140.00000      -   373 2150s
 44362 18664  140.00000   61  363          -  140.00000      -   373 2155s
 44488 18676 infeasible   65               -  140.00000      -   373 2160s
 44588 18712 infeasible   72               -  140.00000      -   374 2165s
 44620 18716  140.00000   57  240          -  140.00000      -   374 2175s
 44711 18727  140.00000   57  257          -  140.00000      -   374 2180s
 44817 18745 infeasible   53               -  140.00000      -   374 2185s
 44966 18784  140.00000   60  254          -  140.00000      -   374 2190s
 45086 18814 infeasible   59               -  140.00000      -   374 2195s
 45201 18813  140.00000   57  327          -  140.00000      -   374 2200s
 45291 18859 infeasible   68               -  140.00000      -   374 2205s
 45388 18892  140.00000   56  267          -  140.00000      -   374 2210s
 45472 18930  140.00000   69  384          -  140.00000      -   375 2215s
 45573 18981 infeasible   62               -  140.00000      -   375 2220s
 45686 19032 infeasible   56               -  140.00000      -   375 2225s
 45798 19070  140.00000   52  325          -  140.00000      -   375 2230s
 45896 19108  140.00000   58  330          -  140.00000      -   375 2235s
 45972 19126  140.00000   52  276          -  140.00000      -   375 2240s
 46068 19154  140.00000   56  339          -  140.00000      -   376 2245s
 46158 19206 infeasible   65               -  140.00000      -   376 2250s
 46248 19220  140.00000   58  359          -  140.00000      -   376 2255s
 46333 19249 infeasible   72               -  140.00000      -   376 2260s
 46426 19260 infeasible   66               -  140.00000      -   377 2265s
 46520 19300 infeasible   70               -  140.00000      -   377 2270s
 46585 19329  140.00000   60  371          -  140.00000      -   377 2275s
 46692 19368  140.00000   79  248          -  140.00000      -   377 2280s
 46776 19386  140.00000   60  344          -  140.00000      -   377 2285s
 46842 19420  140.00000   68  326          -  140.00000      -   378 2290s
 46907 19419  139.00000   76  314          -  140.00000      -   378 2295s
 46990 19434  140.00000   69  351          -  140.00000      -   378 2300s
 47102 19466 infeasible   63               -  140.00000      -   378 2305s
 47205 19495  140.00000   74  293          -  140.00000      -   378 2310s
 47314 19532  140.00000   68  327          -  140.00000      -   379 2315s
 47428 19552  140.00000   62  352          -  140.00000      -   379 2320s
 47510 19584  140.00000   65  305          -  140.00000      -   379 2325s
 47548 19590  140.00000   64  260          -  140.00000      -   379 2338s
 47587 19587 infeasible   69               -  140.00000      -   379 2340s
 47667 19597  140.00000   66  392          -  140.00000      -   379 2345s
 47722 19616 infeasible   65               -  140.00000      -   379 2350s
 47803 19631  140.00000   60  274          -  140.00000      -   379 2355s
 47898 19654  140.00000   57  316          -  140.00000      -   379 2360s
 47988 19684  140.00000   65  367          -  140.00000      -   380 2365s
 48071 19675 infeasible   56               -  140.00000      -   380 2370s
 48157 19689 infeasible   68               -  140.00000      -   380 2375s
 48238 19714 infeasible   62               -  140.00000      -   380 2380s
 48309 19743  140.00000   63  368          -  140.00000      -   380 2385s
 48385 19747 infeasible   65               -  140.00000      -   380 2390s
 48493 19771 infeasible   60               -  140.00000      -   380 2395s
 48558 19776  140.00000   57  328          -  140.00000      -   381 2400s
 48643 19799  140.00000   59  299          -  140.00000      -   381 2405s
 48716 19820  140.00000   62  381          -  140.00000      -   381 2410s
 48785 19829 infeasible   53               -  140.00000      -   381 2415s
 48868 19858  140.00000   60  342          -  140.00000      -   381 2420s
 48971 19883 infeasible   57               -  140.00000      -   381 2425s
 49061 19913  140.00000   70  291          -  140.00000      -   381 2430s
 49169 19929  140.00000   47  307          -  140.00000      -   381 2435s
 49264 19962  140.00000   51  293          -  140.00000      -   381 2440s
 49347 19975  140.00000   53  261          -  140.00000      -   382 2445s
 49437 20001  140.00000   60  339          -  140.00000      -   382 2450s
 49535 20041 infeasible   67               -  140.00000      -   382 2455s
 49642 20066  140.00000   62  349          -  140.00000      -   382 2460s
 49725 20091  140.00000   47  382          -  140.00000      -   382 2465s
 49879 20121 infeasible   52               -  140.00000      -   381 2470s
 50007 20117 infeasible   52               -  140.00000      -   381 2475s
 50077 20131 infeasible   61               -  140.00000      -   381 2480s
 50178 20150 infeasible   84               -  140.00000      -   381 2485s
 50285 20173  140.00000   53  372          -  140.00000      -   381 2490s
 50379 20215  139.00000   50  375          -  140.00000      -   381 2495s
 50484 20254 infeasible   60               -  140.00000      -   381 2500s
 50599 20295 infeasible   82               -  140.00000      -   381 2505s
 50709 20357 infeasible   62               -  140.00000      -   381 2510s
 50796 20412 infeasible   80               -  140.00000      -   382 2515s
 50890 20470 infeasible   77               -  140.00000      -   382 2520s
 50970 20522  140.00000   85  373          -  140.00000      -   382 2525s
 51049 20561  140.00000   71  313          -  140.00000      -   382 2530s
 51139 20607  140.00000   63  329          -  140.00000      -   382 2535s
 51190 20636  140.00000   58  268          -  140.00000      -   382 2549s
 51197 20635  140.00000   52  222          -  140.00000      -   382 2550s
 51272 20664  140.00000   63  355          -  140.00000      -   382 2555s
 51344 20684 infeasible   62               -  140.00000      -   382 2560s
 51445 20741 infeasible   69               -  140.00000      -   382 2565s
 51550 20788  140.00000   66  376          -  140.00000      -   382 2570s
 51657 20811  140.00000   76  257          -  140.00000      -   382 2575s
 51779 20869  140.00000   60  291          -  140.00000      -   382 2580s
 51891 20905 infeasible   67               -  140.00000      -   382 2585s
 52061 21023 infeasible   66               -  140.00000      -   382 2590s
 52178 21080  140.00000   53  319          -  140.00000      -   382 2595s
 52241 21117 infeasible   89               -  140.00000      -   382 2600s
 52349 21177  140.00000   68  268          -  140.00000      -   382 2605s
 52494 21250  140.00000   50  237          -  140.00000      -   382 2610s
 52578 21302 infeasible   90               -  140.00000      -   382 2615s
 52698 21358  140.00000   60  214          -  140.00000      -   382 2620s
 52809 21389 infeasible   69               -  140.00000      -   382 2625s
 52939 21431  140.00000   60  307          -  140.00000      -   382 2630s
 53043 21465  140.00000   55  278          -  140.00000      -   382 2635s
 53157 21507  140.00000   64  307          -  140.00000      -   382 2640s
 53239 21539  140.00000   64  366          -  140.00000      -   382 2645s
 53358 21624  140.00000   70  351          -  140.00000      -   382 2650s
 53463 21637  140.00000   52  296          -  140.00000      -   382 2655s
 53567 21665 infeasible   73               -  140.00000      -   382 2660s
 53708 21744  140.00000   53  386          -  140.00000      -   382 2665s
 53796 21772 infeasible   78               -  140.00000      -   382 2670s
 53910 21848 infeasible   72               -  140.00000      -   382 2675s
 53986 21886 infeasible   87               -  140.00000      -   382 2680s
 54112 21946 infeasible   72               -  140.00000      -   382 2685s
 54210 21992 infeasible   69               -  140.00000      -   382 2690s
 54305 22039 infeasible   92               -  140.00000      -   382 2695s
 54415 22085 infeasible   58               -  140.00000      -   382 2700s
 54518 22136  140.00000   66  223          -  140.00000      -   382 2705s
 54618 22182  140.00000   85  317          -  140.00000      -   382 2710s
 54699 22209 infeasible   68               -  140.00000      -   382 2715s
 54812 22272  140.00000   75  301          -  140.00000      -   382 2720s
 54897 22305  140.00000   88  362          -  140.00000      -   383 2725s
 55002 22346 infeasible   86               -  140.00000      -   383 2730s
 55120 22396  140.00000   72  328          -  140.00000      -   383 2735s
 55213 22425  140.00000   83  326          -  140.00000      -   383 2740s
 55313 22469  140.00000   82  401          -  140.00000      -   383 2745s
 55399 22495 infeasible   82               -  140.00000      -   383 2750s
 55505 22517 infeasible   63               -  140.00000      -   383 2755s
 55594 22562  140.00000   65  380          -  140.00000      -   383 2760s
 55707 22609 infeasible   79               -  140.00000      -   383 2765s
 55743 22623  140.00000   62  318          -  140.00000      -   383 2777s
 55800 22652 infeasible   57               -  140.00000      -   383 2780s
 55882 22710  140.00000   70  312          -  140.00000      -   383 2785s
 55998 22720 infeasible   58               -  140.00000      -   383 2790s
 56077 22753  140.00000   70  442          -  140.00000      -   383 2795s
 56178 22776 infeasible   72               -  140.00000      -   383 2800s
 56285 22839  140.00000   81  293          -  140.00000      -   383 2805s
 56382 22882 infeasible   84               -  140.00000      -   383 2810s
 56516 22930  140.00000   65  293          -  140.00000      -   383 2815s
 56650 22986 infeasible   83               -  140.00000      -   383 2820s
 56758 23016 infeasible   78               -  140.00000      -   383 2825s
 56888 23072  140.00000   81  335          -  140.00000      -   383 2830s
 56965 23095  140.00000   80  320          -  140.00000      -   383 2835s
 57025 23109  140.00000   73  361          -  140.00000      -   383 2840s
 57116 23142 infeasible   76               -  140.00000      -   384 2845s
 57205 23167  140.00000   66  342          -  140.00000      -   384 2850s
 57289 23193  140.00000   80  406          -  140.00000      -   384 2855s
 57367 23223 infeasible   86               -  140.00000      -   384 2860s
 57482 23256 infeasible   67               -  140.00000      -   384 2865s
 57584 23288  140.00000   73  304          -  140.00000      -   384 2870s
 57670 23316 infeasible   79               -  140.00000      -   384 2875s
 57758 23328 infeasible   62               -  140.00000      -   384 2880s
 57870 23372  140.00000   70  348          -  140.00000      -   384 2885s
 57989 23417  140.00000   71  360          -  140.00000      -   384 2890s
 58069 23433 infeasible   69               -  140.00000      -   384 2895s
 58173 23451  140.00000   66  304          -  140.00000      -   384 2900s
 58293 23487  140.00000   71  262          -  140.00000      -   384 2905s
 58430 23534 infeasible   63               -  140.00000      -   384 2910s
 58545 23601  140.00000   76  392          -  140.00000      -   384 2915s
 58641 23659  140.00000   56  314          -  140.00000      -   384 2920s
 58768 23714  140.00000   65  274          -  140.00000      -   384 2925s
 58865 23749  140.00000   79  368          -  140.00000      -   384 2930s
 58989 23807  140.00000   70  321          -  140.00000      -   384 2935s
 59093 23859  140.00000   55  324          -  140.00000      -   384 2940s
 59203 23913  140.00000   68  328          -  140.00000      -   384 2945s
 59296 23954 infeasible   91               -  140.00000      -   385 2950s
 59401 23973 infeasible   80               -  140.00000      -   385 2955s
 59514 24040 infeasible   73               -  140.00000      -   385 2960s
 59597 24089 infeasible   73               -  140.00000      -   385 2965s
 59733 24161  140.00000   62  349          -  140.00000      -   385 2970s
 59821 24209  140.00000   67  301          -  140.00000      -   385 2975s
 59836 24218  140.00000   76  352          -  140.00000      -   385 2984s
 59853 24223  140.00000   55  370          -  140.00000      -   385 2985s
 59977 24297  140.00000   67  326          -  140.00000      -   385 2990s
 60103 24355  140.00000   61  370          -  140.00000      -   385 2995s
 60228 24366  140.00000   46  339          -  140.00000      -   385 3000s
 60390 24434 infeasible   63               -  140.00000      -   385 3005s
 60521 24473 infeasible   68               -  140.00000      -   385 3010s
 60653 24511 infeasible   68               -  140.00000      -   385 3015s
 60777 24559 infeasible   65               -  140.00000      -   384 3020s
 60915 24621 infeasible   64               -  140.00000      -   384 3025s
 61040 24682  140.00000   58  359          -  140.00000      -   384 3030s
 61200 24792  140.00000   62  372          -  140.00000      -   384 3035s
 61306 24854  139.00000   72  371          -  140.00000      -   384 3040s
 61435 24921 infeasible   64               -  140.00000      -   384 3045s
 61599 25015  140.00000   55  291          -  140.00000      -   384 3050s
 61733 25069  140.00000   51  262          -  140.00000      -   384 3055s
 61876 25140  140.00000   58  386          -  140.00000      -   384 3060s
 62009 25195 infeasible   77               -  140.00000      -   384 3065s
 62110 25238  140.00000   63  350          -  140.00000      -   384 3070s
 62238 25274  140.00000   72  398          -  140.00000      -   384 3075s
 62350 25304 infeasible   60               -  140.00000      -   384 3080s
 62493 25369  140.00000   68  322          -  140.00000      -   384 3085s
 62656 25448  140.00000   71  314          -  140.00000      -   384 3090s
 62790 25480  140.00000   71  309          -  140.00000      -   384 3095s
 62913 25525 infeasible   77               -  140.00000      -   384 3100s
 63046 25556 infeasible   50               -  140.00000      -   384 3105s
 63206 25656  140.00000   69  284          -  140.00000      -   384 3110s
 63315 25699  140.00000   63  299          -  140.00000      -   384 3115s
 63468 25764  140.00000   59  319          -  140.00000      -   384 3120s
 63595 25813  140.00000   74  288          -  140.00000      -   384 3125s
 63706 25838  140.00000   62  265          -  140.00000      -   384 3130s
 63801 25855  140.00000   45  348          -  140.00000      -   384 3135s
 63922 25924  140.00000   68  335          -  140.00000      -   384 3140s
 64004 25938 infeasible   44               -  140.00000      -   384 3145s
 64120 26006  140.00000   64  345          -  140.00000      -   384 3159s
 64123 26009  140.00000   67  311          -  140.00000      -   384 3160s
 64255 26061 infeasible   66               -  140.00000      -   384 3165s
 64404 26130  140.00000   51  280          -  140.00000      -   384 3170s
 64564 26172 infeasible   60               -  140.00000      -   384 3175s
 64731 26233  140.00000   63  253          -  140.00000      -   384 3180s
 64895 26243 infeasible   59               -  140.00000      -   384 3185s
 65001 26265  140.00000   70  331          -  140.00000      -   384 3190s
 65172 26288 infeasible   48               -  140.00000      -   384 3195s
 65305 26321 infeasible   56               -  140.00000      -   384 3200s
 65434 26356 infeasible   59               -  140.00000      -   384 3205s
 65552 26382  140.00000   58  278          -  140.00000      -   384 3210s
 65656 26378 infeasible   66               -  140.00000      -   384 3215s
 65785 26373  140.00000   67  283          -  140.00000      -   384 3220s
 65909 26385 infeasible   74               -  140.00000      -   384 3225s
 66034 26404 infeasible   56               -  140.00000      -   384 3230s
 66153 26403 infeasible   61               -  140.00000      -   384 3235s
 66313 26381 infeasible   63               -  140.00000      -   384 3240s
 66505 26375 infeasible   59               -  140.00000      -   384 3245s
 66653 26353 infeasible   59               -  140.00000      -   384 3250s
 66813 26369 infeasible   62               -  140.00000      -   384 3255s
 66948 26368 infeasible   56               -  140.00000      -   384 3260s
 67113 26483  140.00000   77  307          -  140.00000      -   383 3265s
 67236 26512 infeasible   57               -  140.00000      -   384 3270s
 67398 26556 infeasible   60               -  140.00000      -   383 3275s
 67523 26547  140.00000   60  288          -  140.00000      -   384 3280s
 67642 26568  140.00000   55  307          -  140.00000      -   384 3285s
 67795 26631  140.00000   58  340          -  140.00000      -   384 3290s
 67911 26685  140.00000   63  249          -  140.00000      -   384 3295s
 68018 26734  140.00000   61  326          -  140.00000      -   384 3300s
 68143 26783 infeasible   62               -  140.00000      -   384 3305s
 68305 26865  140.00000   62  374          -  140.00000      -   384 3310s
 68446 26906  140.00000   81  331          -  140.00000      -   384 3315s
 68551 26939  140.00000   55  321          -  140.00000      -   384 3320s
 68704 26952  140.00000   65  372          -  140.00000      -   384 3325s
 68803 26993 infeasible   76               -  140.00000      -   384 3330s
 68921 27029 infeasible   67               -  140.00000      -   384 3335s
 69084 27080  140.00000   75  357          -  140.00000      -   384 3340s
 69218 27118  140.00000   70  313          -  140.00000      -   384 3345s
 69356 27148 infeasible   74               -  140.00000      -   384 3350s
 69455 27165 infeasible   78               -  140.00000      -   384 3355s
 69561 27181  140.00000   75  331          -  140.00000      -   384 3360s
 69657 27199  140.00000   69  297          -  140.00000      -   385 3376s
 69745 27219 infeasible   75               -  140.00000      -   384 3380s
 69851 27241  140.00000   80  392          -  140.00000      -   385 3385s
 69949 27257  140.00000   68  284          -  140.00000      -   385 3390s
 70033 27297  140.00000   89  266          -  140.00000      -   385 3395s
 70118 27316  140.00000   88  392          -  140.00000      -   385 3400s
 70225 27317  140.00000   63  327          -  140.00000      -   385 3405s
 70348 27346  140.00000   57  274          -  140.00000      -   385 3410s
 70492 27390  140.00000   59  329          -  140.00000      -   385 3415s
 70624 27448  140.00000   62  313          -  140.00000      -   385 3420s
 70755 27509 infeasible   71               -  140.00000      -   385 3425s
 70869 27555 infeasible   92               -  140.00000      -   386 3430s
 70998 27612 infeasible   84               -  140.00000      -   386 3435s
 71126 27662 infeasible   75               -  140.00000      -   386 3440s
 71240 27708  140.00000   78  317          -  140.00000      -   386 3445s
 71369 27761  140.00000   79  335          -  140.00000      -   386 3450s
 71439 27783 infeasible   90               -  140.00000      -   386 3455s
 71487 27777 infeasible   81               -  140.00000      -   387 3460s
 71609 27815  140.00000   73  247          -  140.00000      -   387 3465s
 71755 27835 infeasible   69               -  140.00000      -   387 3470s
 71905 27887  140.00000   81  328          -  140.00000      -   387 3475s
 72007 27901  140.00000   74  323          -  140.00000      -   387 3480s
 72140 27950  140.00000   76  306          -  140.00000      -   387 3485s
 72279 27999 infeasible   80               -  140.00000      -   387 3490s
 72420 28052  140.00000   71  376          -  140.00000      -   387 3495s
 72520 28096 infeasible   60               -  140.00000      -   387 3500s
 72638 28128  140.00000   63  328          -  140.00000      -   387 3505s
 72790 28212  140.00000   77  354          -  140.00000      -   387 3510s
 72900 28264  140.00000   75  321          -  140.00000      -   387 3515s
 73011 28307  140.00000   68  372          -  140.00000      -   387 3520s
 73104 28324 infeasible   72               -  140.00000      -   387 3525s
 73211 28349  140.00000   69  354          -  140.00000      -   388 3530s
 73292 28376  140.00000   70  422          -  140.00000      -   388 3535s
 73378 28416  140.00000   73  423          -  140.00000      -   388 3540s
 73444 28432 infeasible   64               -  140.00000      -   388 3545s
 73527 28455 infeasible   81               -  140.00000      -   388 3550s
 73650 28496 infeasible   68               -  140.00000      -   388 3555s
 73769 28531  140.00000   63  394          -  140.00000      -   388 3560s
 73859 28573 infeasible   76               -  140.00000      -   389 3565s
 73996 28654  140.00000   67  412          -  140.00000      -   389 3570s
 74090 28696  140.00000   61  311          -  140.00000      -   389 3575s
 74178 28746 infeasible   63               -  140.00000      -   389 3580s
 74324 28786 infeasible   56               -  140.00000      -   389 3585s
 74456 28792 infeasible   58               -  140.00000      -   389 3590s
 74565 28791  140.00000   49  320          -  140.00000      -   389 3595s
 74688 28856  140.00000   60  246          -  140.00000      -   389 3600s

Cutting planes:
  Gomory: 1
  Cover: 1
  MIR: 1
  Flow cover: 5
  Zero half: 2
  RLT: 6
  BQP: 2

Explored 74689 nodes (29243981 simplex iterations) in 3600.00 seconds (4326.18 work units)
Thread count was 1 (of 8 available processors)

Solution count 0

Time limit reached
Best objective -, best bound 1.400000000000e+02, gap -
