
Gurobi 11.0.1 (win64) logging started Mon Apr  1 12:50:48 2024

Set parameter LogFile to value "C:\Projetos\Job_Rotation_Algorithms\Outputs\GurobiLogs\gurobi_log-output-74_ton-c97-BorbaRittModel-NoExtraConstraint-2.log"
Gurobi Optimizer version 11.0.1 build v11.0.1rc0 (win64 - Windows 10.0 (19045.2))

CPU model: 11th Gen Intel(R) Core(TM) i7-1165G7 @ 2.80GHz, instruction set [SSE2|AVX|AVX2|AVX512]
Thread count: 4 physical cores, 8 logical processors, using up to 1 threads


Gurobi 11.0.1 (win64) logging started Mon Apr  1 21:38:33 2024

Set parameter LogFile to value "C:\Projetos\Job_Rotation_Algorithms\Outputs\GurobiLogs\gurobi_log-output-74_ton-c97-BorbaRittModel-NoExtraConstraint-2.log"
Gurobi Optimizer version 11.0.1 build v11.0.1rc0 (win64 - Windows 10.0 (19045.2))

CPU model: 11th Gen Intel(R) Core(TM) i7-1165G7 @ 2.80GHz, instruction set [SSE2|AVX|AVX2|AVX512]
Thread count: 4 physical cores, 8 logical processors, using up to 1 threads


Gurobi 11.0.1 (win64) logging started Thu Apr  4 23:35:56 2024

Set parameter LogFile to value "C:\Projetos\Job_Rotation_Algorithms\Outputs\GurobiLogs\gurobi_log-output-74_ton-c97-BorbaRittModel-NoExtraConstraint-2.log"
Gurobi Optimizer version 11.0.1 build v11.0.1rc0 (win64 - Windows 10.0 (19045.2))

CPU model: 11th Gen Intel(R) Core(TM) i7-1165G7 @ 2.80GHz, instruction set [SSE2|AVX|AVX2|AVX512]
Thread count: 4 physical cores, 8 logical processors, using up to 1 threads


Gurobi 11.0.1 (win64) logging started Sat Apr  6 13:06:24 2024

Set parameter LogFile to value "C:\Projetos\Job_Rotation_Algorithms\Outputs\GurobiLogs\gurobi_log-output-74_ton-c97-BorbaRittModel-NoExtraConstraint-2.log"
Gurobi Optimizer version 11.0.1 build v11.0.1rc0 (win64 - Windows 10.0 (19045.2))

CPU model: 11th Gen Intel(R) Core(TM) i7-1165G7 @ 2.80GHz, instruction set [SSE2|AVX|AVX2|AVX512]
Thread count: 4 physical cores, 8 logical processors, using up to 1 threads


Gurobi 11.0.1 (win64) logging started Sun Apr  7 02:38:20 2024

Set parameter LogFile to value "C:\Projetos\Job_Rotation_Algorithms\Outputs\GurobiLogs\gurobi_log-output-74_ton-c97-BorbaRittModel-NoExtraConstraint-2.log"
Gurobi Optimizer version 11.0.1 build v11.0.1rc0 (win64 - Windows 10.0 (19045.2))

CPU model: 11th Gen Intel(R) Core(TM) i7-1165G7 @ 2.80GHz, instruction set [SSE2|AVX|AVX2|AVX512]
Thread count: 4 physical cores, 8 logical processors, using up to 1 threads


Gurobi 11.0.1 (win64) logging started Sun Apr  7 09:51:18 2024

Set parameter LogFile to value "C:\Projetos\Job_Rotation_Algorithms\Outputs\GurobiLogs\gurobi_log-output-74_ton-c97-BorbaRittModel-NoExtraConstraint-2.log"
Gurobi Optimizer version 11.0.1 build v11.0.1rc0 (win64 - Windows 10.0 (19045.2))

CPU model: 11th Gen Intel(R) Core(TM) i7-1165G7 @ 2.80GHz, instruction set [SSE2|AVX|AVX2|AVX512]
Thread count: 4 physical cores, 8 logical processors, using up to 1 threads


Gurobi 11.0.1 (win64) logging started Wed Apr 10 17:40:14 2024

Set parameter LogFile to value "C:\Projetos\Job_Rotation_Algorithms\Outputs\GurobiLogs\gurobi_log-output-74_ton-c97-BorbaRittModel-NoExtraConstraint-2.log"
Gurobi Optimizer version 11.0.1 build v11.0.1rc0 (win64 - Windows 10.0 (19045.2))

CPU model: 11th Gen Intel(R) Core(TM) i7-1165G7 @ 2.80GHz, instruction set [SSE2|AVX|AVX2|AVX512]
Thread count: 4 physical cores, 8 logical processors, using up to 1 threads


Gurobi 11.0.1 (win64) logging started Thu Apr 11 01:44:59 2024

Set parameter LogFile to value "C:\Projetos\Job_Rotation_Algorithms\Outputs\GurobiLogs\gurobi_log-output-74_ton-c97-BorbaRittModel-NoExtraConstraint-2.log"
Gurobi Optimizer version 11.0.1 build v11.0.1rc0 (win64 - Windows 10.0 (19045.2))

CPU model: 11th Gen Intel(R) Core(TM) i7-1165G7 @ 2.80GHz, instruction set [SSE2|AVX|AVX2|AVX512]
Thread count: 4 physical cores, 8 logical processors, using up to 1 threads


Gurobi 11.0.1 (win64) logging started Sun Apr 21 03:01:57 2024

Set parameter LogFile to value "C:\Projetos\Job_Rotation_Algorithms\Outputs\GurobiLogs\gurobi_log-output-74_ton-c97-BorbaRittModel-NoExtraConstraint-2.log"
Gurobi Optimizer version 11.0.1 build v11.0.1rc0 (win64 - Windows 10.0 (19045.2))

CPU model: 11th Gen Intel(R) Core(TM) i7-1165G7 @ 2.80GHz, instruction set [SSE2|AVX|AVX2|AVX512]
Thread count: 4 physical cores, 8 logical processors, using up to 1 threads


Gurobi 11.0.1 (win64) logging started Fri Apr 26 07:43:53 2024

Set parameter LogFile to value "C:\Projetos\Job_Rotation_Algorithms\Outputs\GurobiLogs\gurobi_log-output-74_ton-c97-BorbaRittModel-NoExtraConstraint-2.log"
Gurobi Optimizer version 11.0.1 build v11.0.1rc0 (win64 - Windows 10.0 (19045.2))

CPU model: 11th Gen Intel(R) Core(TM) i7-1165G7 @ 2.80GHz, instruction set [SSE2|AVX|AVX2|AVX512]
Thread count: 4 physical cores, 8 logical processors, using up to 1 threads


Gurobi 11.0.1 (win64) logging started Sat Apr 27 04:35:02 2024

Set parameter LogFile to value "C:\Projetos\Job_Rotation_Algorithms\Outputs\GurobiLogs\gurobi_log-output-74_ton-c97-BorbaRittModel-NoExtraConstraint-2.log"
Gurobi Optimizer version 11.0.1 build v11.0.1rc0 (win64 - Windows 10.0 (19045.2))

CPU model: 11th Gen Intel(R) Core(TM) i7-1165G7 @ 2.80GHz, instruction set [SSE2|AVX|AVX2|AVX512]
Thread count: 4 physical cores, 8 logical processors, using up to 1 threads


Gurobi 11.0.1 (win64) logging started Sat Apr 27 14:53:09 2024

Set parameter LogFile to value "C:\Projetos\Job_Rotation_Algorithms\Outputs\GurobiLogs\gurobi_log-output-74_ton-c97-BorbaRittModel-NoExtraConstraint-2.log"
Gurobi Optimizer version 11.0.1 build v11.0.1rc0 (win64 - Windows 10.0 (19045.2))

CPU model: 11th Gen Intel(R) Core(TM) i7-1165G7 @ 2.80GHz, instruction set [SSE2|AVX|AVX2|AVX512]
Thread count: 4 physical cores, 8 logical processors, using up to 1 threads


Gurobi 11.0.1 (win64) logging started Sun May  5 13:20:49 2024

Set parameter LogFile to value "C:\Projetos\Job_Rotation_Algorithms\Outputs\GurobiLogs\gurobi_log-output-74_ton-c97-BorbaRittModel-NoExtraConstraint-2.log"
Gurobi Optimizer version 11.0.1 build v11.0.1rc0 (win64 - Windows 10.0 (19045.2))

CPU model: 11th Gen Intel(R) Core(TM) i7-1165G7 @ 2.80GHz, instruction set [SSE2|AVX|AVX2|AVX512]
Thread count: 4 physical cores, 8 logical processors, using up to 1 threads

WLS license 901038 - registered to Bitka Analytics
Optimize a model with 47356 rows, 3735 columns and 145559 nonzeros
Model fingerprint: 0xeb574955
Variable types: 2 continuous, 3733 integer (3733 binary)
Coefficient statistics:
  Matrix range     [1e+00, 3e+02]
  Objective range  [1e+00, 1e+00]
  Bounds range     [1e+00, 2e+02]
  RHS range        [1e+00, 2e+02]
Presolve removed 5265 rows and 193 columns
Presolve time: 0.40s
Presolved: 42091 rows, 3542 columns, 129509 nonzeros
Variable types: 0 continuous, 3542 integer (3541 binary)
Root relaxation presolved: 3542 rows, 45633 columns, 133051 nonzeros


Root relaxation: objective 1.400000e+02, 8348 iterations, 0.68 seconds (0.78 work units)

    Nodes    |    Current Node    |     Objective Bounds      |     Work
 Expl Unexpl |  Obj  Depth IntInf | Incumbent    BestBd   Gap | It/Node Time

     0     0  140.00000    0  580          -  140.00000      -     -    3s
     0     0  140.00000    0  790          -  140.00000      -     -    5s
     0     0  140.00000    0  736          -  140.00000      -     -    5s
     0     0  140.00000    0  424          -  140.00000      -     -   19s
     0     0  140.00000    0  405          -  140.00000      -     -   19s
     0     0  140.00000    0  683          -  140.00000      -     -   30s
     0     0  140.00000    0  667          -  140.00000      -     -   31s
     0     0  140.00000    0  647          -  140.00000      -     -   39s
     0     0  140.00000    0  714          -  140.00000      -     -   41s
     0     0  140.00000    0  356          -  140.00000      -     -   46s
     0     0  140.00000    0  305          -  140.00000      -     -   46s
     0     0  140.00000    0  326          -  140.00000      -     -   50s
     0     0  140.00000    0  323          -  140.00000      -     -   50s
     0     0  140.00000    0  401          -  140.00000      -     -   63s
     0     0  140.00000    0  510          -  140.00000      -     -   65s
     0     0  140.00000    0  511          -  140.00000      -     -   71s
     0     0  140.00000    0  365          -  140.00000      -     -   75s
     0     2  140.00000    0  365          -  140.00000      -     -   82s
    17    19  140.00000   11  289          -  140.00000      -   459   85s
   104   106  140.00000   67  391          -  140.00000      -   210   90s
   188   172  140.00000   64  416          -  140.00000      -   195   95s
   255   219  140.00000   66  306          -  140.00000      -   207  100s
   334   277  140.00000   18  365          -  140.00000      -   203  105s
   404   347  140.00000   60  419          -  140.00000      -   198  110s
   519   418  140.00000  125  288          -  140.00000      -   181  115s
   590   466  140.00000  118  589          -  140.00000      -   173  122s
   591   467  140.00000   35  527          -  140.00000      -   173  137s
   593   468  140.00000   74  342          -  140.00000      -   173  150s
   595   470  140.00000   59  445          -  140.00000      -   172  155s
   597   471  140.00000   45  519          -  140.00000      -   171  164s
   598   472  140.00000   33  596          -  140.00000      -   171  168s
   599   472  140.00000   60  638          -  140.00000      -   171  180s
   601   474  140.00000   41  515          -  140.00000      -   170  194s
   602   474  140.00000   65  516          -  140.00000      -   170  199s
   603   475  140.00000   43  664          -  140.00000      -   170  207s
   604   476  140.00000   64  623          -  140.00000      -   169  210s
   605   476  140.00000   36  359          -  140.00000      -   169  215s
   607   478  140.00000   58  728          -  140.00000      -   169  229s
   608   478  140.00000   41  715          -  140.00000      -   168  231s
   609   479  140.00000   63  310          -  140.00000      -   168  238s
   610   480  140.00000   60  258          -  140.00000      -   168  240s
   611   480  140.00000   72  258          -  140.00000      -   167  249s
   612   483  140.00000   16  228          -  140.00000      -   323  252s
   623   490  140.00000   21  194          -  140.00000      -   321  255s
   633   497  140.00000   26  240          -  140.00000      -   321  267s
   658   510 infeasible   39               -  140.00000      -   327  271s
   688   528  140.00000   54  279          -  140.00000      -   327  275s
   729   541  140.00000   72  280          -  140.00000      -   321  280s
   760   550  140.00000   87  353          -  140.00000      -   323  285s
   808   574  140.00000   41  260          -  140.00000      -   312  290s
   867   605  140.00000   71  363          -  140.00000      -   304  295s
   927   635  140.00000   45  378          -  140.00000      -   295  300s
   959   654  140.00000   61  384          -  140.00000      -   292  305s
  1003   682  140.00000   83  366          -  140.00000      -   291  310s
  1060   702  140.00000   31  246          -  140.00000      -   288  315s
  1134   751  140.00000   68  268          -  140.00000      -   278  320s
  1197   771 infeasible  100               -  140.00000      -   277  325s
  1229   780  140.00000   33  335          -  140.00000      -   283  330s
  1285   818  140.00000   61  266          -  140.00000      -   278  346s
  1344   853  139.00000   91  348          -  140.00000      -   272  350s
  1410   869  140.00000   52  341          -  140.00000      -   268  355s
  1469   900  140.00000   81  358          -  140.00000      -   266  360s
  1497   905 infeasible   92               -  140.00000      -   272  365s
  1548   939  140.00000   54  343          -  140.00000      -   269  370s
  1615   966 infeasible   87               -  140.00000      -   267  375s
  1670   988  140.00000   53  302          -  140.00000      -   266  380s
  1749  1007  140.00000   49  320          -  140.00000      -   265  385s
  1826  1048 infeasible   80               -  140.00000      -   264  390s
  1880  1068  140.00000   98  345          -  140.00000      -   264  395s
  1904  1076  140.00000  107  359          -  140.00000      -   268  400s
  1954  1084 infeasible   52               -  140.00000      -   271  405s
  2013  1105  140.00000   73  375          -  140.00000      -   273  410s
  2063  1124  140.00000   34  289          -  140.00000      -   275  415s
  2156  1209  140.00000   72  402          -  140.00000      -   273  420s
  2208  1249  140.00000   95  435          -  140.00000      -   274  425s
  2317  1332  140.00000   60  441          -  140.00000      -   269  430s
  2395  1384  140.00000   30  261          -  140.00000      -   267  435s
  2500  1483  140.00000   81  400          -  140.00000      -   263  440s
  2518  1495  140.00000   87  304          -  140.00000      -   270  445s
  2597  1552  140.00000   51  391          -  140.00000      -   270  450s
  2671  1594  140.00000   54  250          -  140.00000      -   270  455s
  2735  1652  139.00000   85  379          -  140.00000      -   271  460s
  2809  1700  140.00000   60  413          -  140.00000      -   273  465s
  2864  1725 infeasible   83               -  140.00000      -   275  470s
  2977  1830 infeasible   87               -  140.00000      -   273  475s
  3017  1862  140.00000  100  359          -  140.00000      -   276  480s
  3087  1900  140.00000  109  248          -  140.00000      -   278  485s
  3155  1946 infeasible   47               -  140.00000      -   279  490s
  3258  2007  140.00000   82  320          -  140.00000      -   278  495s
  3352  2077  140.00000   60  312          -  140.00000      -   277  500s
  3446  2151  140.00000  100  279          -  140.00000      -   275  505s
  3529  2182  140.00000   95  240          -  140.00000      -   275  510s
  3597  2210  140.00000  101  273          -  140.00000      -   276  515s
  3652  2249  140.00000  113  263          -  140.00000      -   278  520s
  3714  2281  140.00000   57  407          -  140.00000      -   279  525s
  3760  2317  140.00000   43  277          -  140.00000      -   280  530s
  3862  2387  140.00000  100  291          -  140.00000      -   279  543s
  3882  2397  140.00000  112  274          -  140.00000      -   278  545s
  3934  2429  140.00000  132  427          -  140.00000      -   280  550s
  4043  2526  140.00000   68  328          -  140.00000      -   277  555s
  4137  2600  140.00000   99  380          -  140.00000      -   276  560s
  4224  2661  140.00000   63  418          -  140.00000      -   276  565s
  4314  2741  140.00000  102  305          -  140.00000      -   275  570s
  4349  2752  140.00000  106  365          -  140.00000      -   278  575s
  4459  2830  140.00000   85  311          -  140.00000      -   277  580s
  4557  2890 infeasible  112               -  140.00000      -   275  585s
  4633  2914 infeasible   98               -  140.00000      -   276  590s
  4705  2964 infeasible   66               -  140.00000      -   277  595s
  4742  2981 infeasible   47               -  140.00000      -   278  600s
  4816  3045  140.00000   88  362          -  140.00000      -   277  605s
  4890  3091  140.00000   64  299          -  140.00000      -   277  610s
  4943  3132  140.00000   88  253          -  140.00000      -   278  615s
  5030  3195  140.00000  102  236          -  140.00000      -   278  620s
  5100  3223  140.00000  102  232          -  140.00000      -   279  625s
  5158  3225  140.00000   98  229          -  140.00000      -   281  630s
  5225  3206  140.00000   40  194          -  140.00000      -   281  635s
  5317  3288 infeasible   72               -  140.00000      -   280  640s
  5397  3288  140.00000   98  185          -  140.00000      -   280  645s
  5471  3344  140.00000   85  315          -  140.00000      -   280  650s
  5547  3370 infeasible  101               -  140.00000      -   281  655s
  5666  3451  139.00000   83  288          -  140.00000      -   278  660s
  5713  3470  140.00000   41  273          -  140.00000      -   279  665s
  5816  3573  140.00000   84  296          -  140.00000      -   277  670s
  5921  3656  140.00000   75  316          -  140.00000      -   276  675s
  6011  3714  140.00000  108  277          -  140.00000      -   275  680s
  6143  3812  140.00000   99  271          -  140.00000      -   273  685s
  6229  3860  140.00000   77  452          -  140.00000      -   272  690s
  6295  3906 infeasible   63               -  140.00000      -   272  695s
  6323  3930  140.00000   75  361          -  140.00000      -   273  711s
  6353  3940 infeasible   93               -  140.00000      -   273  715s
  6395  3970  140.00000   55  391          -  140.00000      -   275  720s
  6457  4026  140.00000   85  330          -  140.00000      -   274  725s
  6506  4041 infeasible   87               -  140.00000      -   276  730s
  6537  4050  140.00000   97  288          -  140.00000      -   278  735s
  6589  4072  139.00000   93  332          -  140.00000      -   280  740s
  6651  4092  140.00000   48  421          -  140.00000      -   281  745s
  6733  4158  140.00000   90  251          -  140.00000      -   280  750s
  6812  4225 infeasible   71               -  140.00000      -   279  755s
  6842  4241 infeasible   83               -  140.00000      -   281  760s
  6902  4251  140.00000   91  236          -  140.00000      -   282  765s
  6990  4317  140.00000   29  320          -  140.00000      -   281  770s
  7099  4426  140.00000   80  305          -  140.00000      -   280  775s
  7144  4467 infeasible   95               -  140.00000      -   281  780s
  7171  4484  140.00000  104  397          -  140.00000      -   282  785s
  7225  4524  140.00000   33  242          -  140.00000      -   283  790s
  7306  4599  140.00000   63  486          -  140.00000      -   283  795s
  7368  4643  140.00000   45  400          -  140.00000      -   283  800s
  7441  4698  140.00000   77  359          -  140.00000      -   283  805s
  7546  4773 infeasible   81               -  140.00000      -   282  810s
  7669  4876 infeasible   82               -  140.00000      -   280  815s
  7761  4934  140.00000   64  365          -  140.00000      -   280  820s
  7820  4975  140.00000   95  335          -  140.00000      -   280  825s
  7898  5025 infeasible   71               -  140.00000      -   280  830s
  7997  5088  140.00000   59  281          -  140.00000      -   280  835s
  8116  5177  140.00000   24  268          -  140.00000      -   278  840s
  8253  5306  140.00000   82  277          -  140.00000      -   276  845s
  8380  5417  140.00000   59  342          -  140.00000      -   275  850s
  8483  5514  140.00000   84  407          -  140.00000      -   275  855s
  8588  5571 infeasible  118               -  140.00000      -   274  860s
  8704  5679  140.00000   71  435          -  140.00000      -   273  865s
  8777  5724  140.00000  103  337          -  140.00000      -   273  870s
  8878  5817  140.00000   76  405          -  140.00000      -   272  875s
  8966  5879  140.00000   56  325          -  140.00000      -   272  880s
  9095  5966  140.00000  119  294          -  140.00000      -   271  885s
  9171  6014  140.00000   82  336          -  140.00000      -   271  890s
  9257  6082  140.00000   72  314          -  140.00000      -   271  895s
  9367  6180 infeasible   74               -  140.00000      -   270  900s
  9417  6218  140.00000   98  286          -  140.00000      -   271  905s
  9522  6299 infeasible   76               -  140.00000      -   270  910s
  9557  6318  140.00000   42  310          -  140.00000      -   271  915s
  9661  6404  140.00000   90  390          -  140.00000      -   271  920s
  9741  6464  140.00000   74  332          -  140.00000      -   271  925s
  9795  6498  140.00000   48  319          -  140.00000      -   271  930s
  9922  6609  140.00000   93  335          -  140.00000      -   270  935s
  9975  6630  140.00000   31  226          -  140.00000      -   271  940s
 10111  6756 infeasible   86               -  140.00000      -   270  945s
 10112  6757  140.00000   86  369          -  140.00000      -   270  961s
 10171  6784  140.00000   45  234          -  140.00000      -   270  965s
 10202  6815  140.00000   60  449          -  140.00000      -   270 1201s
 10248  6857  140.00000   80  430          -  140.00000      -   270 1205s
 10337  6928  140.00000   82  385          -  140.00000      -   270 1210s
 10372  6951  139.00000   95  358          -  140.00000      -   271 1215s
 10465  7030  140.00000   83  335          -  140.00000      -   270 1220s
 10520  7071 infeasible  105               -  140.00000      -   271 1225s
 10599  7138  140.00000   74  436          -  140.00000      -   271 1230s
 10663  7180 infeasible  103               -  140.00000      -   271 1235s
 10734  7243  140.00000   70  364          -  140.00000      -   271 1240s
 10778  7285  139.00000   88  426          -  140.00000      -   272 1245s
 10802  7303  139.00000   95  321          -  140.00000      -   273 1250s
 10853  7326  140.00000   45  395          -  140.00000      -   274 1255s
 10953  7414 infeasible   85               -  140.00000      -   273 1260s
 11048  7505  139.00000   83  360          -  140.00000      -   272 1265s
 11095  7528 infeasible  101               -  140.00000      -   273 1270s
 11156  7567  140.00000   60  310          -  140.00000      -   273 1275s
 11242  7629  140.00000   47  365          -  140.00000      -   273 1280s
 11336  7721 infeasible   87               -  140.00000      -   272 1285s
 11422  7793  140.00000   83  388          -  140.00000      -   272 1290s
 11472  7823 infeasible   99               -  140.00000      -   272 1295s
 11550  7895  140.00000   82  288          -  140.00000      -   272 1300s
 11624  7947  140.00000   50  378          -  140.00000      -   272 1305s
 11712  8035  140.00000   78  349          -  140.00000      -   271 1310s
 11788  8111  140.00000   83  419          -  140.00000      -   271 1315s
 11843  8148  140.00000   94  335          -  140.00000      -   272 1320s
 11897  8176  140.00000   58  405          -  140.00000      -   272 1325s
 11970  8241  140.00000   92  330          -  140.00000      -   272 1330s
 11995  8258 infeasible   97               -  140.00000      -   273 1335s
 12044  8289  140.00000   58  393          -  140.00000      -   274 1340s
 12110  8331 infeasible   87               -  140.00000      -   274 1345s
 12155  8368 infeasible  113               -  140.00000      -   274 1350s
 12173  8370  140.00000  116  376          -  140.00000      -   275 1355s
 12238  8425  140.00000   78  363          -  140.00000      -   275 1360s
 12283  8458 infeasible   92               -  140.00000      -   276 1365s
 12303  8470  140.00000  100  406          -  140.00000      -   277 1370s
 12353  8508  140.00000   75  446          -  140.00000      -   277 1375s
 12419  8548  140.00000   49  347          -  140.00000      -   277 1380s
 12513  8630  140.00000   94  261          -  140.00000      -   276 1385s
 12584  8679  140.00000  118  277          -  140.00000      -   276 1390s
 12641  8714  140.00000   65  280          -  140.00000      -   277 1395s
 12728  8779 infeasible  106               -  140.00000      -   276 1400s
 12768  8791 infeasible  115               -  140.00000      -   277 1405s
 12851  8844 infeasible   82               -  140.00000      -   277 1410s
 12935  8918 infeasible   90               -  140.00000      -   276 1415s
 12992  8957  140.00000   61  305          -  140.00000      -   277 1420s
 13047  9000  140.00000   90  399          -  140.00000      -   277 1425s
 13117  9046  140.00000   69  384          -  140.00000      -   277 1430s
 13190  9111  140.00000   93  414          -  140.00000      -   278 1435s
 13231  9122 infeasible  103               -  140.00000      -   278 1440s
 13304  9183  140.00000   60  378          -  140.00000      -   278 1445s
 13388  9247  140.00000   47  327          -  140.00000      -   278 1450s
 13468  9317  139.00000   89  398          -  140.00000      -   278 1455s
 13524  9359  139.00000  107  340          -  140.00000      -   279 1460s
 13609  9422  140.00000   62  273          -  140.00000      -   278 1465s
 13703  9492 infeasible  106               -  140.00000      -   278 1470s
 13800  9573  140.00000   73  385          -  140.00000      -   278 1475s
 13856  9605  140.00000   44  268          -  140.00000      -   278 1480s
 13954  9687 infeasible   87               -  140.00000      -   278 1485s
 14057  9778 infeasible   84               -  140.00000      -   278 1490s
 14109  9824  140.00000   62  330          -  140.00000      -   277 1507s
 14149  9840 infeasible   80               -  140.00000      -   278 1510s
 14249  9920 infeasible   85               -  140.00000      -   277 1515s
 14364 10011  140.00000   84  393          -  140.00000      -   277 1520s
 14422 10049 infeasible  103               -  140.00000      -   277 1525s
 14516 10111  140.00000   77  332          -  140.00000      -   277 1530s
 14575 10158 infeasible   95               -  140.00000      -   278 1535s
 14675 10242  140.00000   78  423          -  140.00000      -   278 1540s
 14778 10327 infeasible   87               -  140.00000      -   278 1545s
 14884 10415  140.00000   69  301          -  140.00000      -   278 1550s
 14980 10499 infeasible   91               -  140.00000      -   278 1555s
 15073 10558  140.00000   84  319          -  140.00000      -   277 1560s
 15122 10585  140.00000  100  384          -  140.00000      -   278 1565s
 15180 10609  140.00000   50  289          -  140.00000      -   278 1570s
 15271 10688  140.00000   90  382          -  140.00000      -   278 1575s
 15315 10696  140.00000   48  285          -  140.00000      -   279 1580s
 15389 10762  140.00000   89  414          -  140.00000      -   279 1585s
 15483 10840  140.00000   84  397          -  140.00000      -   278 1590s
 15525 10856  140.00000   50  348          -  140.00000      -   279 1595s
 15618 10941 infeasible   93               -  140.00000      -   279 1600s
 15692 10975  140.00000   41  323          -  140.00000      -   279 1605s
 15810 11081  140.00000   95  359          -  140.00000      -   279 1610s
 15894 11123 infeasible  126               -  140.00000      -   279 1615s
 15990 11195  140.00000   69  366          -  140.00000      -   279 1620s
 16043 11218 infeasible   90               -  140.00000      -   279 1625s
 16155 11322  140.00000   72  453          -  140.00000      -   279 1630s
 16266 11409  140.00000   79  338          -  140.00000      -   279 1635s
 16338 11467 infeasible  108               -  140.00000      -   279 1640s
 16460 11577  140.00000   80  371          -  140.00000      -   279 1645s
 16504 11615  140.00000  100  452          -  140.00000      -   279 1650s
 16530 11637  140.00000  105  439          -  140.00000      -   280 1655s
 16610 11699  140.00000   68  266          -  140.00000      -   280 1660s
 16716 11783  140.00000   50  298          -  140.00000      -   279 1665s
 16812 11867 infeasible   95               -  140.00000      -   279 1670s
 16948 11991 infeasible   86               -  140.00000      -   278 1675s
 17009 12044 infeasible  109               -  140.00000      -   278 1680s
 17095 12100  140.00000   67  255          -  140.00000      -   278 1685s
 17179 12148  140.00000   48  303          -  140.00000      -   278 1690s
 17291 12246  140.00000   92  350          -  140.00000      -   278 1695s
 17407 12314  140.00000   57  320          -  140.00000      -   277 1700s
 17537 12440  140.00000   86  326          -  140.00000      -   276 1705s
 17604 12477  140.00000   53  338          -  140.00000      -   276 1710s
 17704 12577  140.00000  101  383          -  140.00000      -   276 1715s
 17753 12598 infeasible   58               -  140.00000      -   276 1720s
 17857 12676 infeasible  103               -  140.00000      -   276 1725s
 17958 12747  140.00000   85  322          -  140.00000      -   275 1730s
 18024 12781  140.00000  109  283          -  140.00000      -   276 1735s
 18115 12856  140.00000   83  365          -  140.00000      -   275 1740s
 18151 12884  140.00000  105  346          -  140.00000      -   276 1745s
 18172 12891 infeasible  112               -  140.00000      -   276 1750s
 18250 12959  140.00000   77  381          -  140.00000      -   276 1755s
 18308 12995  140.00000   96  413          -  140.00000      -   276 1760s
 18387 13046  140.00000   67  339          -  140.00000      -   276 1765s
 18438 13095  140.00000   96  359          -  140.00000      -   276 1785s
 18463 13104 infeasible  108               -  140.00000      -   277 1790s
 18564 13181  140.00000   89  341          -  140.00000      -   276 1795s
 18616 13223 infeasible  106               -  140.00000      -   277 1800s
 18704 13267  140.00000   65  383          -  140.00000      -   276 1805s
 18794 13327  140.00000   56  358          -  140.00000      -   276 1810s
 18877 13400  139.00000   91  411          -  140.00000      -   276 1815s
 18911 13412 infeasible  106               -  140.00000      -   277 1820s
 18966 13443  140.00000   61  232          -  140.00000      -   277 1825s
 19047 13496 infeasible   98               -  140.00000      -   277 1830s
 19137 13580 infeasible   89               -  140.00000      -   277 1835s
 19245 13668  140.00000   85  421          -  140.00000      -   276 1840s
 19342 13733  140.00000   68  267          -  140.00000      -   276 1845s
 19469 13828  140.00000   57  324          -  140.00000      -   275 1850s
 19548 13883 infeasible   95               -  140.00000      -   275 1855s
 19633 13928  140.00000   67  318          -  140.00000      -   275 1860s
 19741 14002  140.00000   62  233          -  140.00000      -   274 1865s
 19831 14082 infeasible  104               -  140.00000      -   274 1870s
 19943 14178  140.00000   91  313          -  140.00000      -   274 1875s
 20012 14229 infeasible  118               -  140.00000      -   274 1880s
 20110 14311  140.00000   93  291          -  140.00000      -   273 1885s
 20169 14340 infeasible  114               -  140.00000      -   273 1890s
 20248 14413  140.00000   89  303          -  140.00000      -   273 1895s
 20299 14436 infeasible  108               -  140.00000      -   274 1900s
 20366 14487 infeasible   71               -  140.00000      -   273 1905s
 20448 14553  140.00000  101  433          -  140.00000      -   273 1910s
 20522 14617  140.00000   74  330          -  140.00000      -   273 1915s
 20593 14682  140.00000  104  357          -  140.00000      -   273 1920s
 20682 14737  140.00000   69  279          -  140.00000      -   273 1925s
 20775 14818  140.00000   97  277          -  140.00000      -   273 1930s
 20881 14894  140.00000   72  239          -  140.00000      -   272 1935s
 20959 14966 infeasible  108               -  140.00000      -   272 1940s
 21000 14987 infeasible  119               -  140.00000      -   273 1945s
 21100 15069  140.00000   86  359          -  140.00000      -   272 1950s
 21176 15117  140.00000   65  416          -  140.00000      -   272 1955s
 21281 15192 infeasible  100               -  140.00000      -   272 1960s
 21318 15217 infeasible  118               -  140.00000      -   272 1965s
 21433 15306  140.00000   99  323          -  140.00000      -   272 1970s
 21530 15365  140.00000   82  296          -  140.00000      -   272 1975s
 21621 15426 infeasible   93               -  140.00000      -   271 1980s
 21704 15475  140.00000   74  281          -  140.00000      -   271 1985s
 21797 15558 infeasible  112               -  140.00000      -   271 1990s
 21909 15650  140.00000   73  462          -  140.00000      -   271 1995s
 22032 15751 infeasible   67               -  140.00000      -   270 2000s
 22108 15811  139.00000  103  354          -  140.00000      -   270 2005s
 22166 15853  140.00000   44  330          -  140.00000      -   271 2010s
 22284 15947  140.00000  100  333          -  140.00000      -   270 2015s
 22384 16009  140.00000   48  337          -  140.00000      -   270 2020s
 22464 16075 infeasible   80               -  140.00000      -   270 2025s
 22488 16092  138.26194   94  410          -  140.00000      -   270 2030s
 22503 16100  138.26067  100  416          -  140.00000      -   271 2035s
 22609 16170  140.00000   71  326          -  140.00000      -   270 2040s
 22706 16241  140.00000   67  317          -  140.00000      -   270 2045s
 22802 16299  140.00000   29  337          -  140.00000      -   270 2050s
 22909 16378  140.00000   81  383          -  140.00000      -   270 2055s
 23042 16495  140.00000   93  294          -  140.00000      -   269 2060s
 23134 16565 infeasible   55               -  140.00000      -   269 2065s
 23217 16632  140.00000   96  409          -  140.00000      -   269 2070s
 23287 16684  140.00000   52  345          -  140.00000      -   269 2075s
 23372 16765  140.00000   90  360          -  140.00000      -   269 2080s
 23447 16816  140.00000   44  309          -  140.00000      -   269 2085s
 23590 16943  140.00000  103  348          -  140.00000      -   268 2090s
 23636 16969 infeasible  121               -  140.00000      -   269 2095s
 23699 17006  140.00000   50  374          -  140.00000      -   269 2100s
 23796 17101  140.00000   96  303          -  140.00000      -   269 2105s
 23852 17147 infeasible  106               -  140.00000      -   269 2110s
 23939 17220  140.00000   65  309          -  140.00000      -   269 2115s
 24024 17295  140.00000  111  358          -  140.00000      -   269 2137s
 24069 17318 infeasible  127               -  140.00000      -   269 2140s
 24178 17403 infeasible   78               -  140.00000      -   269 2145s
 24296 17513  140.00000   64  297          -  140.00000      -   268 2150s
 24418 17625 infeasible   98               -  140.00000      -   268 2155s
 24514 17689  140.00000  133  263          -  140.00000      -   268 2160s
 24613 17758  140.00000   67  426          -  140.00000      -   267 2165s
 24698 17807 infeasible  102               -  140.00000      -   267 2170s
 24797 17888  140.00000   77  329          -  140.00000      -   267 2175s
 24872 17957  140.00000  112  331          -  140.00000      -   267 2180s
 24945 18012  140.00000   52  238          -  140.00000      -   267 2185s
 25036 18081 infeasible   92               -  140.00000      -   267 2190s
 25146 18161  140.00000   72  310          -  140.00000      -   267 2195s
 25277 18272  140.00000   71  242          -  140.00000      -   267 2200s
 25367 18342 infeasible  108               -  140.00000      -   267 2205s
 25480 18441  140.00000   82  308          -  140.00000      -   266 2210s
 25542 18489  140.00000   46  422          -  140.00000      -   266 2215s
 25669 18598 infeasible   94               -  140.00000      -   266 2220s
 25773 18684 infeasible   85               -  140.00000      -   266 2225s
 25839 18730  140.00000   50  395          -  140.00000      -   266 2230s
 25935 18814  140.00000   27  272          -  140.00000      -   266 2235s
 26041 18916  139.00000   88  334          -  140.00000      -   266 2240s
 26092 18955  140.00000  102  360          -  140.00000      -   266 2245s
 26205 19056  140.00000   61  258          -  140.00000      -   266 2250s
 26306 19143 infeasible  105               -  140.00000      -   265 2255s
 26354 19173  140.00000   46  394          -  140.00000      -   266 2260s
 26451 19256  140.00000   87  368          -  140.00000      -   266 2265s
 26526 19309  140.00000   60  327          -  140.00000      -   266 2270s
 26612 19391  140.00000   99  508          -  140.00000      -   266 2275s
 26659 19420  140.00000  119  430          -  140.00000      -   266 2280s
 26721 19470  140.00000   65  362          -  140.00000      -   266 2287s
 26739 19484  140.00000   73  424          -  140.00000      -   266 2290s
 26823 19536  140.00000   70  434          -  140.00000      -   266 2295s
 26914 19601  140.00000   68  316          -  140.00000      -   266 2300s
 26978 19649  140.00000  100  331          -  140.00000      -   266 2305s
 27054 19703 infeasible   62               -  140.00000      -   266 2310s
 27141 19780  140.00000  105  441          -  140.00000      -   266 2315s
 27195 19814  140.00000  130  388          -  140.00000      -   267 2320s
 27295 19898  139.00000   83  531          -  140.00000      -   267 2325s
 27357 19946  139.00000  110  351          -  140.00000      -   267 2330s
 27461 20026 infeasible   82               -  140.00000      -   267 2335s
 27522 20063  140.00000  109  425          -  140.00000      -   267 2340s
 27582 20095  140.00000   41  281          -  140.00000      -   267 2345s
 27703 20204  140.00000   90  335          -  140.00000      -   267 2350s
 27829 20300  140.00000  127  387          -  140.00000      -   266 2355s
 27942 20387  140.00000   91  401          -  140.00000      -   266 2360s
 28016 20443  140.00000   56  331          -  140.00000      -   266 2365s
 28107 20522  140.00000  108  394          -  140.00000      -   266 2370s
 28205 20604  140.00000   71  313          -  140.00000      -   266 2375s
 28299 20654  140.00000   52  413          -  140.00000      -   266 2380s
 28404 20753  140.00000  103  323          -  140.00000      -   266 2385s
 28506 20841  140.00000   75  361          -  140.00000      -   266 2390s
 28589 20922  140.00000  110  440          -  140.00000      -   265 2395s
 28620 20939 infeasible  124               -  140.00000      -   266 2400s
 28700 21017  140.00000   82  418          -  140.00000      -   266 2405s
 28743 21046  140.00000  103  387          -  140.00000      -   266 2410s
 28776 21061 infeasible  119               -  140.00000      -   266 2415s
 28870 21147  140.00000   84  432          -  140.00000      -   266 2420s
 28954 21213  140.00000  116  400          -  140.00000      -   266 2425s
 28991 21238 infeasible  131               -  140.00000      -   267 2430s
 29086 21323  140.00000   71  382          -  140.00000      -   267 2435s
 29149 21358 infeasible   98               -  140.00000      -   267 2440s
 29244 21421  140.00000   93  446          -  140.00000      -   267 2445s
 29309 21462  140.00000   42  269          -  140.00000      -   267 2450s
 29404 21555  140.00000   83  350          -  140.00000      -   267 2455s
 29482 21621  140.00000  120  421          -  140.00000      -   267 2478s
 29496 21633  140.00000  128  403          -  140.00000      -   267 2480s
 29525 21642  140.00000  140  390          -  140.00000      -   267 2485s
 29580 21685  140.00000   64  245          -  140.00000      -   267 2490s
 29673 21748  140.00000   52  290          -  140.00000      -   267 2495s
 29793 21860  140.00000   99  434          -  140.00000      -   267 2500s
 29869 21910  140.00000   65  409          -  140.00000      -   267 2505s
 29954 21981 infeasible  103               -  140.00000      -   267 2510s
 29973 21992  140.00000  108  315          -  140.00000      -   267 2515s
 29992 21997  140.00000   41  420          -  140.00000      -   268 2520s
 30072 22069 infeasible   87               -  140.00000      -   268 2525s
 30148 22135  140.00000   72  402          -  140.00000      -   268 2530s
 30236 22219  140.00000  113  352          -  140.00000      -   267 2535s
 30269 22230  140.00000  122  320          -  140.00000      -   268 2540s
 30319 22258  140.00000   50  275          -  140.00000      -   268 2545s
 30414 22331 infeasible   98               -  140.00000      -   268 2550s
 30436 22339  140.00000  102  489          -  140.00000      -   268 2555s
 30510 22391  140.00000   72  432          -  140.00000      -   268 2560s
 30601 22474  140.00000  109  320          -  140.00000      -   268 2565s
 30635 22492  139.00000  124  291          -  140.00000      -   269 2570s
 30733 22576  140.00000   94  470          -  140.00000      -   268 2575s
 30772 22613  140.00000  108  359          -  140.00000      -   269 2580s
 30793 22628 infeasible  114               -  140.00000      -   269 2585s
 30836 22655  140.00000   55  269          -  140.00000      -   269 2590s
 30930 22721 infeasible  102               -  140.00000      -   269 2595s
 31043 22808  140.00000   57  317          -  140.00000      -   269 2600s
 31156 22901 infeasible   88               -  140.00000      -   268 2605s
 31250 22969  140.00000   54  394          -  140.00000      -   268 2610s
 31356 23059  140.00000  104  384          -  140.00000      -   268 2615s
 31400 23085 infeasible  118               -  140.00000      -   268 2620s
 31514 23189  140.00000   78  316          -  140.00000      -   268 2625s
 31636 23289  140.00000   61  456          -  140.00000      -   268 2630s
 31725 23346 infeasible   90               -  140.00000      -   268 2635s
 31812 23381 infeasible   47               -  140.00000      -   267 2640s
 31902 23447 infeasible   96               -  140.00000      -   267 2645s
 32002 23531  140.00000   68  347          -  140.00000      -   267 2650s
 32084 23611  140.00000  104  410          -  140.00000      -   267 2655s
 32128 23625 infeasible  116               -  140.00000      -   267 2660s
 32213 23702  140.00000   76  446          -  140.00000      -   267 2665s
 32334 23799 infeasible   73               -  140.00000      -   267 2670s
 32431 23886  140.00000  109  359          -  140.00000      -   267 2675s
 32477 23922 infeasible  119               -  140.00000      -   267 2680s
 32548 23973  140.00000   63  312          -  140.00000      -   267 2685s
 32576 23999  140.00000   78  453          -  140.00000      -   267 2690s
 32678 24071 infeasible   85               -  140.00000      -   267 2695s
 32785 24156  140.00000   84  449          -  140.00000      -   267 2700s
 32868 24209  140.00000  123  437          -  140.00000      -   267 2705s
 32959 24288  140.00000   95  351          -  140.00000      -   267 2710s
 33002 24315  139.00000  108  343          -  140.00000      -   267 2715s
 33126 24399  140.00000   93  414          -  140.00000      -   267 2720s
 33245 24496  140.00000   97  394          -  140.00000      -   266 2725s
 33319 24544  140.00000  109  285          -  140.00000      -   267 2730s
 33380 24583  140.00000   43  419          -  140.00000      -   267 2735s
 33486 24687  140.00000   98  423          -  140.00000      -   266 2740s
 33529 24702 infeasible  113               -  140.00000      -   267 2745s
 33627 24788  140.00000   68  327          -  140.00000      -   267 2750s
 33676 24801 infeasible  121               -  140.00000      -   267 2755s
 33731 24818  140.00000  117  330          -  140.00000      -   267 2760s
 33787 24850 infeasible   49               -  140.00000      -   268 2765s
 33847 24896  140.00000   84  392          -  140.00000      -   268 2770s
 33902 24911  140.00000  118  336          -  140.00000      -   268 2775s
 34004 24999  140.00000   83  427          -  140.00000      -   268 2780s
 34061 25042 infeasible  116               -  140.00000      -   268 2785s
 34068 25045 infeasible  115               -  140.00000      -   268 2790s
 34122 25077  140.00000   49  426          -  140.00000      -   269 2795s
 34215 25162  140.00000   81  369          -  140.00000      -   268 2800s
 34259 25194  140.00000   94  550          -  140.00000      -   269 2805s
 34277 25200  140.00000   99  517          -  140.00000      -   269 2832s
 34323 25228  140.00000   69  300          -  140.00000      -   269 2835s
 34402 25277  140.00000   44  372          -  140.00000      -   269 2840s
 34486 25347  140.00000   95  338          -  140.00000      -   268 2845s
 34575 25404  140.00000   32  403          -  140.00000      -   268 2850s
 34656 25479  140.00000   70  375          -  140.00000      -   268 2855s
 34757 25570 infeasible   94               -  140.00000      -   268 2860s
 34807 25586  140.00000   50  333          -  140.00000      -   268 2865s
 34885 25654  140.00000   92  444          -  140.00000      -   268 2870s
 34927 25660 infeasible  106               -  140.00000      -   269 2875s
 35017 25728  140.00000   82  369          -  140.00000      -   269 2880s
 35081 25772 infeasible   99               -  140.00000      -   269 2885s
 35110 25789  140.00000   56  314          -  140.00000      -   269 2890s
 35183 25844  140.00000   95  363          -  140.00000      -   269 2895s
 35259 25900  140.00000   85  442          -  140.00000      -   269 2900s
 35356 25953  140.00000   74  408          -  140.00000      -   269 2905s
 35412 26003  140.00000  101  397          -  140.00000      -   269 2910s
 35462 26033 infeasible  126               -  140.00000      -   270 2915s
 35531 26082  140.00000   81  309          -  140.00000      -   270 2920s
 35586 26121 infeasible  105               -  140.00000      -   270 2925s
 35707 26220  140.00000   96  327          -  140.00000      -   269 2930s
 35787 26272 infeasible   65               -  140.00000      -   269 2935s
 35838 26315  140.00000   92  381          -  140.00000      -   270 2940s
 35943 26398  140.00000   64  421          -  140.00000      -   269 2945s
 36029 26464  140.00000  102  382          -  140.00000      -   269 2950s
 36093 26496  140.00000  118  366          -  140.00000      -   270 2955s
 36150 26525  140.00000  123  488          -  140.00000      -   270 2960s
 36179 26538 infeasible  140               -  140.00000      -   270 2965s
 36244 26559 infeasible  119               -  140.00000      -   270 2970s
 36298 26603 infeasible  123               -  140.00000      -   270 2975s
 36356 26651  140.00000   77  323          -  140.00000      -   270 2980s
 36437 26732  140.00000  101  304          -  140.00000      -   270 2985s
 36489 26776  140.00000  119  394          -  140.00000      -   271 2990s
 36568 26837  140.00000   89  344          -  140.00000      -   271 2995s
 36666 26913 infeasible   94               -  140.00000      -   271 3000s
 36728 26947  140.00000  123  224          -  140.00000      -   271 3005s
 36838 27027  140.00000   83  298          -  140.00000      -   270 3010s
 36893 27060  139.00000   74  443          -  140.00000      -   271 3015s
 36981 27134  140.00000  123  331          -  140.00000      -   271 3020s
 37058 27181 infeasible   96               -  140.00000      -   271 3025s
 37147 27252  140.00000   74  424          -  140.00000      -   271 3030s
 37174 27267  140.00000   88  349          -  140.00000      -   271 3035s
 37249 27314 infeasible  121               -  140.00000      -   271 3040s
 37353 27404  140.00000   80  411          -  140.00000      -   271 3045s
 37392 27429 infeasible   93               -  140.00000      -   271 3050s
 37473 27468  140.00000  118  375          -  140.00000      -   271 3055s
 37538 27497  140.00000   90  372          -  140.00000      -   271 3060s
 37583 27522 infeasible  110               -  140.00000      -   271 3065s
 37698 27629  140.00000  105  324          -  140.00000      -   271 3070s
 37785 27692  140.00000   93  341          -  140.00000      -   271 3075s
 37856 27731 infeasible  114               -  140.00000      -   271 3080s
 37957 27778  140.00000   93  407          -  140.00000      -   271 3085s
 38032 27819  140.00000  108  328          -  140.00000      -   272 3090s
 38175 27940  140.00000   85  349          -  140.00000      -   271 3095s
 38269 28016  140.00000   62  358          -  140.00000      -   271 3100s
 38362 28089  140.00000   95  265          -  140.00000      -   271 3105s
 38432 28147 infeasible  126               -  140.00000      -   271 3110s
 38509 28204  140.00000   95  488          -  140.00000      -   271 3115s
 38550 28221 infeasible  118               -  140.00000      -   272 3120s
 38659 28310  140.00000  108  352          -  140.00000      -   272 3125s
 38764 28403  140.00000   99  322          -  140.00000      -   272 3130s
 38840 28437  140.00000   85  369          -  140.00000      -   272 3135s
 38932 28485 infeasible   87               -  140.00000      -   272 3142s
 38957 28500 infeasible   97               -  140.00000      -   272 3145s
 39020 28541  140.00000   76  441          -  140.00000      -   272 3150s
 39117 28608  140.00000   84  390          -  140.00000      -   272 3155s
 39175 28638 infeasible  111               -  140.00000      -   273 3160s
 39244 28691  140.00000   96  325          -  140.00000      -   273 3165s
 39336 28747 infeasible   86               -  140.00000      -   273 3170s
 39448 28841  140.00000  119  369          -  140.00000      -   273 3175s
 39482 28873  139.00000  126  289          -  140.00000      -   273 3180s
 39574 28941  140.00000   95  311          -  140.00000      -   273 3185s
 39646 28997  140.00000   88  444          -  140.00000      -   273 3190s
 39705 29016 infeasible   72               -  140.00000      -   273 3195s
 39804 29089  140.00000  102  390          -  140.00000      -   273 3200s
 39884 29143  140.00000   84  370          -  140.00000      -   273 3205s
 39983 29230  140.00000  131  372          -  140.00000      -   273 3210s
 40032 29245  140.00000   51  252          -  140.00000      -   273 3215s
 40102 29275 infeasible   63               -  140.00000      -   273 3220s
 40189 29356  140.00000  109  426          -  140.00000      -   273 3225s
 40265 29408  140.00000   74  306          -  140.00000      -   273 3230s
 40349 29478  140.00000  119  371          -  140.00000      -   273 3235s
 40445 29534  140.00000   85  321          -  140.00000      -   273 3240s
 40516 29585  140.00000  118  320          -  140.00000      -   273 3245s
 40578 29625 infeasible   98               -  140.00000      -   273 3250s
 40683 29706 infeasible   85               -  140.00000      -   273 3255s
 40768 29753 infeasible   95               -  140.00000      -   273 3260s
 40854 29817  140.00000   81  385          -  140.00000      -   273 3265s
 40960 29913  140.00000  111  446          -  140.00000      -   273 3270s
 41036 29965  140.00000   77  301          -  140.00000      -   273 3275s
 41117 30020  140.00000   50  263          -  140.00000      -   273 3280s
 41223 30120  140.00000  104  402          -  140.00000      -   273 3285s
 41289 30160  140.00000   69  309          -  140.00000      -   273 3290s
 41374 30241  140.00000  106  348          -  140.00000      -   273 3295s
 41430 30285  140.00000   76  316          -  140.00000      -   273 3314s
 41436 30289  140.00000   79  371          -  140.00000      -   273 3315s
 41516 30339 infeasible   73               -  140.00000      -   273 3320s
 41637 30436  140.00000   83  439          -  140.00000      -   273 3325s
 41703 30492 infeasible  110               -  140.00000      -   273 3330s
 41763 30526 infeasible   78               -  140.00000      -   273 3335s
 41838 30589  140.00000  110  425          -  140.00000      -   273 3340s
 41918 30643 infeasible   78               -  140.00000      -   273 3345s
 41998 30693  140.00000   46  310          -  140.00000      -   273 3350s
 42120 30813  140.00000  103  369          -  140.00000      -   273 3355s
 42217 30880 infeasible   60               -  140.00000      -   273 3360s
 42310 30951  140.00000  104  361          -  140.00000      -   273 3365s
 42432 31041 infeasible   77               -  140.00000      -   273 3370s
 42495 31082 infeasible  101               -  140.00000      -   273 3375s
 42597 31162  140.00000   95  343          -  140.00000      -   273 3380s
 42631 31188  140.00000  110  460          -  140.00000      -   273 3385s
 42648 31199  140.00000  115  358          -  140.00000      -   273 3390s
 42705 31218 infeasible  101               -  140.00000      -   274 3395s
 42808 31301  140.00000   66  349          -  140.00000      -   274 3400s
 42909 31384 infeasible  114               -  140.00000      -   274 3405s
 43016 31483  140.00000   77  393          -  140.00000      -   273 3410s
 43093 31526 infeasible  107               -  140.00000      -   273 3415s
 43199 31614  140.00000   93  404          -  140.00000      -   273 3420s
 43269 31654 infeasible   47               -  140.00000      -   274 3425s
 43361 31728 infeasible   87               -  140.00000      -   273 3430s
 43439 31756  140.00000   66  348          -  140.00000      -   273 3435s
 43515 31818  140.00000   70  291          -  140.00000      -   274 3440s
 43622 31907  140.00000   70  350          -  140.00000      -   273 3445s
 43696 31973  140.00000  108  365          -  140.00000      -   273 3450s
 43761 32010  140.00000   48  342          -  140.00000      -   274 3455s
 43870 32101  140.00000  101  431          -  140.00000      -   273 3460s
 43899 32112  140.00000  112  416          -  140.00000      -   274 3465s
 44008 32209  140.00000   89  334          -  140.00000      -   274 3470s
 44065 32242  140.00000  114  423          -  140.00000      -   274 3475s
 44135 32294  140.00000   68  314          -  140.00000      -   274 3480s
 44212 32349 infeasible  100               -  140.00000      -   274 3485s
 44317 32434  140.00000   76  342          -  140.00000      -   274 3490s
 44399 32504  139.00000  107  459          -  140.00000      -   274 3495s
 44446 32533  139.00000  124  411          -  140.00000      -   274 3500s
 44529 32602  139.00000   87  405          -  140.00000      -   274 3505s
 44619 32670  140.00000   57  320          -  140.00000      -   274 3510s
 44719 32732 infeasible   94               -  140.00000      -   274 3515s
 44814 32815  140.00000   87  415          -  140.00000      -   274 3520s
 44887 32862  140.00000   37  382          -  140.00000      -   274 3525s
 44978 32913 infeasible   83               -  140.00000      -   274 3530s
 45060 32989  140.00000   61  490          -  140.00000      -   274 3535s
 45157 33074  140.00000  119  377          -  140.00000      -   274 3540s
 45210 33103  140.00000   44  266          -  140.00000      -   274 3545s
 45321 33204  140.00000  101  430          -  140.00000      -   274 3550s
 45361 33234  140.00000  124  425          -  140.00000      -   274 3555s
 45460 33317 infeasible   81               -  140.00000      -   274 3560s
 45591 33414 infeasible   77               -  140.00000      -   274 3565s
 45724 33531  140.00000   96  393          -  140.00000      -   274 3570s
 45756 33545  140.00000  110  452          -  140.00000      -   274 3575s
 45766 33545  140.00000   39  208          -  140.00000      -   274 3592s
 45874 33651  140.00000   94  367          -  140.00000      -   274 3595s

Cutting planes:
  Lift-and-project: 1
  Cover: 5
  Clique: 2
  MIR: 2
  StrongCG: 1
  Flow cover: 36
  Zero half: 9
  RLT: 63
  BQP: 95

Explored 45922 nodes (12845398 simplex iterations) in 3600.01 seconds (4435.60 work units)
Thread count was 1 (of 8 available processors)

Solution count 0

Time limit reached
Best objective -, best bound 1.400000000000e+02, gap -
