
Gurobi 11.0.1 (win64) logging started Wed Mar 13 20:00:53 2024

Set parameter LogFile to value "C:\Projetos\Job_Rotation_Algorithms\Outputs\GurobiLogs\gurobi_log-output-38_wee-c46-CostaMirallesModel-NoExtraConstraint-2.log"
Gurobi Optimizer version 11.0.1 build v11.0.1rc0 (win64 - Windows 10.0 (19045.2))

CPU model: 11th Gen Intel(R) Core(TM) i7-1165G7 @ 2.80GHz, instruction set [SSE2|AVX|AVX2|AVX512]
Thread count: 4 physical cores, 8 logical processors, using up to 1 threads


Gurobi 11.0.1 (win64) logging started Thu Mar 14 07:59:09 2024

Set parameter LogFile to value "C:\Projetos\Job_Rotation_Algorithms\Outputs\GurobiLogs\gurobi_log-output-38_wee-c46-CostaMirallesModel-NoExtraConstraint-2.log"
Gurobi Optimizer version 11.0.1 build v11.0.1rc0 (win64 - Windows 10.0 (19045.2))

CPU model: 11th Gen Intel(R) Core(TM) i7-1165G7 @ 2.80GHz, instruction set [SSE2|AVX|AVX2|AVX512]
Thread count: 4 physical cores, 8 logical processors, using up to 1 threads


Gurobi 11.0.1 (win64) logging started Fri Mar 15 00:36:37 2024

Set parameter LogFile to value "C:\Projetos\Job_Rotation_Algorithms\Outputs\GurobiLogs\gurobi_log-output-38_wee-c46-CostaMirallesModel-NoExtraConstraint-2.log"
Gurobi Optimizer version 11.0.1 build v11.0.1rc0 (win64 - Windows 10.0 (19045.2))

CPU model: 11th Gen Intel(R) Core(TM) i7-1165G7 @ 2.80GHz, instruction set [SSE2|AVX|AVX2|AVX512]
Thread count: 4 physical cores, 8 logical processors, using up to 1 threads


Gurobi 11.0.1 (win64) logging started Mon Mar 18 21:17:31 2024

Set parameter LogFile to value "C:\Projetos\Job_Rotation_Algorithms\Outputs\GurobiLogs\gurobi_log-output-38_wee-c46-CostaMirallesModel-NoExtraConstraint-2.log"
Gurobi Optimizer version 11.0.1 build v11.0.1rc0 (win64 - Windows 10.0 (19045.2))

CPU model: 11th Gen Intel(R) Core(TM) i7-1165G7 @ 2.80GHz, instruction set [SSE2|AVX|AVX2|AVX512]
Thread count: 4 physical cores, 8 logical processors, using up to 1 threads

WLS license 901039 - registered to Bitka Analytics
Optimize a model with 3180 rows, 17241 columns and 270879 nonzeros
Model fingerprint: 0x3fd2d6db
Variable types: 2 continuous, 17239 integer (17239 binary)
Coefficient statistics:
  Matrix range     [1e+00, 8e+01]
  Objective range  [1e+00, 1e+00]
  Bounds range     [1e+00, 9e+01]
  RHS range        [1e+00, 9e+01]
Presolve added 979 rows and 548 columns
Presolve time: 0.86s
Presolved: 4159 rows, 17789 columns, 122015 nonzeros
Variable types: 0 continuous, 17789 integer (17122 binary)

Root relaxation: objective 1.500000e+02, 4520 iterations, 0.29 seconds (0.39 work units)

    Nodes    |    Current Node    |     Objective Bounds      |     Work
 Expl Unexpl |  Obj  Depth IntInf | Incumbent    BestBd   Gap | It/Node Time

     0     0  150.00000    0  158          -  150.00000      -     -    2s
     0     0  150.00000    0  370          -  150.00000      -     -    2s
     0     0  150.00000    0  370          -  150.00000      -     -    2s
     0     0  150.00000    0  118          -  150.00000      -     -    5s
     0     0  150.00000    0  892          -  150.00000      -     -    6s
     0     0  150.00000    0  789          -  150.00000      -     -    6s
     0     0  150.00000    0  780          -  150.00000      -     -    6s
     0     0  150.00000    0  785          -  150.00000      -     -    6s
     0     0  150.00000    0  153          -  150.00000      -     -    8s
     0     0  150.00000    0  539          -  150.00000      -     -    8s
     0     0  150.00000    0  486          -  150.00000      -     -    8s
     0     0  150.00000    0  115          -  150.00000      -     -    9s
     0     0  150.00000    0  400          -  150.00000      -     -    9s
     0     0  150.00000    0  373          -  150.00000      -     -    9s
     0     0  150.00000    0  135          -  150.00000      -     -   10s
     0     0  150.00000    0  131          -  150.00000      -     -   10s
     0     2  150.00000    0  125          -  150.00000      -     -   13s
    36    38  150.00000   23  589          -  150.00000      -   193   15s
   128   124  150.00000   80  336          -  150.00000      -   300   20s
   326   276  150.00000  131  141          -  150.00000      -   209   25s
   448   322 infeasible   71               -  150.00000      -   245   30s
   553   390  150.00000   92  521          -  150.00000      -   264   35s
   638   440  150.00000   77  370          -  150.00000      -   261   47s
   642   443  150.00000  124  761          -  150.00000      -   259   50s
   646   445  150.00000   55  382          -  150.00000      -   258   55s
   649   447  150.00000   58  184          -  150.00000      -   256   60s
   653   450  150.00000   22  139          -  150.00000      -   255   65s
   658   455  150.00000   18  539          -  150.00000      -   474   73s
   727   501  150.00000   52  557          -  150.00000      -   441   75s
   775   533  150.00000   76  584          -  150.00000      -   456   80s
   793   545  150.00000   85  239          -  150.00000      -   456   85s
   813   559  150.00000   95  226          -  150.00000      -   462   90s
   842   566  150.00000   24  221          -  150.00000      -   460   95s
   942   633  150.00000   74  544          -  150.00000      -   450  100s
   985   659  150.00000   96  272          -  150.00000      -   478  105s
  1011   665 infeasible  105               -  150.00000      -   489  110s
  1053   663 infeasible  105               -  150.00000      -   488  115s
  1152   718  150.00000   67  142          -  150.00000      -   476  120s
  1273   769  150.00000   45  110          -  150.00000      -   458  125s
  1338   800 infeasible   74               -  150.00000      -   465  130s
  1387   816 infeasible   66               -  150.00000      -   475  135s
  1457   828  150.00000   65  218          -  150.00000      -   470  140s
  1527   854 infeasible   69               -  150.00000      -   462  145s
  1609   881  150.00000   69  310          -  150.00000      -   456  150s
  1669   904  150.00000   61  290          -  150.00000      -   452  155s
  1735   934  150.00000   61  293          -  150.00000      -   449  160s
  1809   964  150.00000   65  116          -  150.00000      -   448  165s
  1881   986  150.00000   62  430          -  150.00000      -   441  170s
  1964   992 infeasible   70               -  150.00000      -   435  175s
  2024  1026  150.00000   75  259          -  150.00000      -   439  180s
  2080  1051 infeasible   60               -  150.00000      -   438  185s
  2157  1085  150.00000   49  344          -  150.00000      -   437  190s
  2248  1131  150.00000   62  306          -  150.00000      -   429  195s
  2344  1178  150.00000   77  282          -  150.00000      -   422  200s
  2455  1253  150.00000   73  233          -  150.00000      -   410  205s
  2564  1345  150.00000   95  213          -  150.00000      -   402  210s
  2639  1375 infeasible   85               -  150.00000      -   399  215s
  2724  1446  150.00000  112  398          -  150.00000      -   394  220s
  2782  1483  150.00000   82  291          -  150.00000      -   395  225s
  2852  1523  150.00000   68  303          -  150.00000      -   392  230s
  2907  1554  149.71614   91  643          -  150.00000      -   391  237s
  2916  1559  150.00000   71  308          -  150.00000      -   391  240s
  2987  1614  150.00000   77  329          -  150.00000      -   392  245s
  3058  1658  150.00000   73  261          -  150.00000      -   390  250s
  3152  1730  150.00000  105  254          -  150.00000      -   386  255s
  3226  1760  150.00000   68  203          -  150.00000      -   383  260s
  3300  1814 infeasible   81               -  150.00000      -   381  265s
  3381  1856 infeasible   85               -  150.00000      -   380  270s
  3477  1902  150.00000   95  216          -  150.00000      -   375  275s
  3532  1942 infeasible   93               -  150.00000      -   376  280s
  3568  1941 infeasible   92               -  150.00000      -   379  285s
  3636  1964 infeasible   79               -  150.00000      -   378  290s
  3685  1983  150.00000   88  335          -  150.00000      -   377  295s
  3687  1985  150.00000   89  265          -  150.00000      -   377  307s
  3691  1981 infeasible   87               -  150.00000      -   378  311s
  3704  1984  150.00000   90  244          -  150.00000      -   378  315s
  3719  1989  150.00000   95  219          -  150.00000      -   381  320s
  3734  1998 infeasible  105               -  150.00000      -   384  325s
  3763  1999  150.00000   77  273          -  150.00000      -   382  330s
  3811  2026 infeasible   88               -  150.00000      -   382  335s
  3853  2039 infeasible   94               -  150.00000      -   383  340s
  3896  2051 infeasible   97               -  150.00000      -   384  345s
  3939  2063 infeasible  103               -  150.00000      -   384  350s
  4013  2097 infeasible   95               -  150.00000      -   381  355s
  4080  2128 infeasible   74               -  150.00000      -   380  360s
  4118  2146  150.00000   91  330          -  150.00000      -   382  365s
  4190  2185  150.00000   79  293          -  150.00000      -   381  370s
  4297  2243  150.00000   68  452          -  150.00000      -   378  375s
  4382  2288 infeasible  103               -  150.00000      -   375  380s
  4451  2331  150.00000  104  395          -  150.00000      -   375  385s
  4535  2386  150.00000   85  120          -  150.00000      -   373  390s
  4638  2437 infeasible  105               -  150.00000      -   369  395s
  4720  2487  150.00000  109  380          -  150.00000      -   368  400s
  4805  2526 infeasible   98               -  150.00000      -   367  405s
  4850  2542  149.96950   85  343          -  150.00000      -   371  410s
  4890  2556  149.98113   95  266          -  150.00000      -   373  415s
  4966  2579  150.00000   87  272          -  150.00000      -   373  420s
  5034  2602 infeasible  105               -  150.00000      -   374  425s
  5091  2613 infeasible   95               -  150.00000      -   374  430s
  5192  2643  150.00000   90  341          -  150.00000      -   370  435s
  5234  2669  150.00000   65  247          -  150.00000      -   374  441s
  5262  2680  150.00000   70  477          -  150.00000      -   375  445s
  5313  2704  150.00000   62  278          -  150.00000      -   376  450s
  5368  2745  150.00000   75  245          -  150.00000      -   378  455s
  5464  2787 infeasible   85               -  150.00000      -   377  460s
  5536  2829  150.00000   76  399          -  150.00000      -   376  465s
  5605  2864  150.00000   68  329          -  150.00000      -   376  470s
  5702  2915  150.00000   70  222          -  150.00000      -   373  475s
  5760  2934 infeasible   65               -  150.00000      -   374  480s
  5804  2962  148.00000   85  350          -  150.00000      -   376  485s
  5916  2987 infeasible   71               -  150.00000      -   372  490s
  5989  3030  150.00000   85  188          -  150.00000      -   373  495s
  6028  3059 infeasible  104               -  150.00000      -   374  500s
  6117  3125  150.00000  139  308          -  150.00000      -   372  505s
  6184  3148  150.00000  112  252          -  150.00000      -   372  510s
  6261  3186  150.00000   85  104          -  150.00000      -   371  515s
  6310  3227  150.00000  112  423          -  150.00000      -   371  520s
  6329  3236 infeasible  121               -  150.00000      -   373  525s
  6413  3286 infeasible  105               -  150.00000      -   371  530s
  6441  3298  150.00000  105  258          -  150.00000      -   375  535s
  6467  3315  149.52726  117  414          -  150.00000      -   377  540s
  6531  3353  150.00000  122  266          -  150.00000      -   376  545s
  6557  3361 infeasible  133               -  150.00000      -   379  550s
  6594  3385  150.00000  105  242          -  150.00000      -   380  555s
  6636  3406 infeasible  125               -  150.00000      -   382  560s
  6675  3424  150.00000  123  288          -  150.00000      -   382  565s
  6721  3444 infeasible  152               -  150.00000      -   382  570s
  6766  3450  150.00000  127  259          -  150.00000      -   382  575s
  6782  3453 infeasible  135               -  150.00000      -   385  580s
  6803  3464  150.00000  106  223          -  150.00000      -   387  585s
  6841  3480  150.00000  108  417          -  150.00000      -   389  590s
  6887  3496 infeasible  129               -  150.00000      -   389  595s
  6921  3507  150.00000   95  199          -  150.00000      -   391  600s
  6971  3540 infeasible  119               -  150.00000      -   392  605s
  7033  3557 infeasible  109               -  150.00000      -   392  610s
  7060  3576  150.00000  113  319          -  150.00000      -   394  615s
  7123  3604 infeasible  112               -  150.00000      -   393  620s
  7174  3634  150.00000  117  302          -  150.00000      -   393  625s
  7246  3662  150.00000  117  524          -  150.00000      -   393  630s
  7281  3672 infeasible  135               -  150.00000      -   394  635s
  7349  3699  150.00000   86  396          -  150.00000      -   393  640s
  7416  3727 infeasible   94               -  150.00000      -   393  645s
  7464  3727 infeasible   95               -  150.00000      -   394  650s
  7473  3726  150.00000   89  244          -  150.00000      -   394  664s
  7477  3722 infeasible   90               -  150.00000      -   394  665s
  7495  3736 infeasible  101               -  150.00000      -   394  670s
  7523  3752  150.00000   99  382          -  150.00000      -   394  675s
  7542  3753 infeasible  103               -  150.00000      -   394  680s
  7597  3763 infeasible  115               -  150.00000      -   394  685s
  7649  3756 infeasible  112               -  150.00000      -   394  690s
  7689  3750 infeasible  104               -  150.00000      -   395  695s
  7747  3747  150.00000   95  235          -  150.00000      -   394  700s
  7798  3748  147.57819  101  331          -  150.00000      -   394  705s
  7863  3760  149.58200  111  286          -  150.00000      -   393  710s
  7914  3762 infeasible   90               -  150.00000      -   394  715s
  7966  3754 infeasible   86               -  150.00000      -   393  720s
  8022  3752  150.00000   79  581          -  150.00000      -   393  725s
  8104  3813  150.00000  124  354          -  150.00000      -   392  730s
  8172  3840  150.00000  123  296          -  150.00000      -   392  735s
  8245  3884  150.00000   96  330          -  150.00000      -   392  740s
  8313  3927  150.00000  105  147          -  150.00000      -   393  745s
  8376  3973  150.00000  115  194          -  150.00000      -   394  750s
  8409  3993 infeasible  132               -  150.00000      -   394  755s
  8486  4036  150.00000  111  319          -  150.00000      -   393  760s
  8555  4052  150.00000  104  246          -  150.00000      -   393  765s
  8647  4108  150.00000  129  283          -  150.00000      -   392  770s
  8683  4131  150.00000  151  398          -  150.00000      -   393  775s
  8754  4167  150.00000  113  527          -  150.00000      -   392  780s
  8791  4192 infeasible  138               -  150.00000      -   394  785s
  8847  4235  150.00000  125  247          -  150.00000      -   394  790s
  8880  4256  150.00000  135  242          -  150.00000      -   396  795s
  8920  4266 infeasible  105               -  150.00000      -   397  800s
  8993  4306  150.00000  111  214          -  150.00000      -   396  805s
  9003  4312 infeasible  115               -  150.00000      -   400  810s
  9014  4320  149.00000  118  365          -  150.00000      -   401  815s
  9080  4347  150.00000  115  226          -  150.00000      -   401  820s
  9133  4372  150.00000  104  393          -  150.00000      -   401  825s
  9156  4393  150.00000  115  237          -  150.00000      -   403  830s
  9201  4416  150.00000  102  521          -  150.00000      -   403  835s
  9259  4449  150.00000  115  148          -  150.00000      -   404  840s
  9304  4486 infeasible  143               -  150.00000      -   404  845s
  9375  4499 infeasible  126               -  150.00000      -   403  850s
  9421  4511  150.00000  116  253          -  150.00000      -   404  855s
  9460  4521 infeasible  115               -  150.00000      -   406  860s
  9489  4518 infeasible  125               -  150.00000      -   408  865s
  9526  4510  150.00000  117  522          -  150.00000      -   408  870s
  9590  4547  150.00000  135  164          -  150.00000      -   409  875s
  9607  4561  149.98923  145  404          -  150.00000      -   411  880s
  9637  4575  149.63750  157  478          -  150.00000      -   412  885s
  9692  4610  150.00000  165  327          -  150.00000      -   413  890s
  9730  4604  150.00000  141  324          -  150.00000      -   413  895s
  9809  4619  150.00000  135  218          -  150.00000      -   411  900s
  9869  4642  150.00000  160  429          -  150.00000      -   411  905s
  9902  4650 infeasible  175               -  150.00000      -   412  910s
  9958  4645  150.00000  165  304          -  150.00000      -   412  915s
  9994  4652  148.68737  178  554          -  150.00000      -   412  920s
 10102  4666  150.00000  139  551          -  150.00000      -   410  925s
 10173  4692  150.00000  125  110          -  150.00000      -   410  930s
 10202  4704  150.00000  134  483          -  150.00000      -   409 1097s
 10241  4723  150.00000  115  171          -  150.00000      -   410 1100s
 10329  4758  150.00000  133  418          -  150.00000      -   409 1105s
 10385  4764  150.00000  135  225          -  150.00000      -   410 1110s
 10429  4775  150.00000  135  198          -  150.00000      -   410 1115s
 10559  4818 infeasible  194               -  150.00000      -   406 1120s
 10658  4882  150.00000   85  176          -  150.00000      -   405 1125s
 10712  4923  147.00000  111  475          -  150.00000      -   405 1130s
 10776  4967  150.00000   91  466          -  150.00000      -   404 1135s
 10844  5010  150.00000   55   84          -  150.00000      -   404 1140s
 10923  5078  150.00000   85  285          -  150.00000      -   403 1145s
 10982  5115  150.00000   85  170          -  150.00000      -   403 1150s
 11044  5150  150.00000   97  522          -  150.00000      -   403 1166s
 11049  5153  150.00000   99  578          -  150.00000      -   403 1170s
 11066  5156  150.00000   82  282          -  150.00000      -   403 1175s
 11103  5183  150.00000   66  212          -  150.00000      -   403 1180s
 11183  5237 infeasible   90               -  150.00000      -   402 1185s
 11257  5279  150.00000   78  303          -  150.00000      -   401 1190s
 11315  5306 infeasible   69               -  150.00000      -   401 1195s
 11352  5323  150.00000   81  484          -  150.00000      -   402 1200s
 11422  5355 infeasible   84               -  150.00000      -   402 1205s
 11513  5362  150.00000  129  317          -  150.00000      -   400 1210s
 11604  5397 infeasible  155               -  150.00000      -   400 1216s
 11638  5417  150.00000   86  396          -  150.00000      -   400 1220s
 11668  5430  150.00000   86  374          -  150.00000      -   401 1225s
 11744  5454  150.00000  144  355          -  150.00000      -   400 1230s
 11778  5469 infeasible  135               -  150.00000      -   401 1235s
 11867  5484  150.00000  147  377          -  150.00000      -   400 1240s
 11948  5512  150.00000  134  429          -  150.00000      -   400 1245s
 12013  5534  150.00000  155  264          -  150.00000      -   400 1250s
 12088  5564  150.00000  135  237          -  150.00000      -   400 1255s
 12166  5610 infeasible  151               -  150.00000      -   400 1260s
 12264  5635  150.00000  145  282          -  150.00000      -   400 1268s
 12298  5651 infeasible  164               -  150.00000      -   399 1270s
 12352  5688 infeasible  155               -  150.00000      -   400 1275s
 12419  5686  150.00000  154  434          -  150.00000      -   400 1280s
 12493  5711 infeasible  142               -  150.00000      -   399 1285s
 12560  5703 infeasible  137               -  150.00000      -   399 1290s
 12627  5709 infeasible  148               -  150.00000      -   399 1295s
 12685  5713 infeasible  145               -  150.00000      -   399 1300s
 12727  5715 infeasible  153               -  150.00000      -   400 1305s
 12795  5745 infeasible  153               -  150.00000      -   400 1310s
 12834  5758 infeasible  134               -  150.00000      -   400 1315s
 12883  5757 infeasible  135               -  150.00000      -   401 1320s
 12972  5762 infeasible   75               -  150.00000      -   400 1325s
 13006  5769  150.00000   93  283          -  150.00000      -   400 1330s
 13055  5776 infeasible   81               -  150.00000      -   401 1335s
 13112  5796 infeasible  145               -  150.00000      -   401 1340s
 13207  5811 infeasible  123               -  150.00000      -   400 1345s
 13238  5829  150.00000  104  500          -  150.00000      -   400 1350s
 13288  5846  150.00000  129  386          -  150.00000      -   400 1355s
 13343  5841  147.34548  128  532          -  150.00000      -   400 1360s
 13372  5852  150.00000  125  299          -  150.00000      -   401 1365s
 13446  5895  150.00000   85  144          -  150.00000      -   401 1370s
 13546  5941  150.00000   75  182          -  150.00000      -   400 1375s
 13588  5967 infeasible  103               -  150.00000      -   400 1380s
 13629  6002  150.00000   96  242          -  150.00000      -   401 1385s
 13688  6039 infeasible  108               -  150.00000      -   401 1390s
 13755  6053 infeasible  105               -  150.00000      -   401 1395s
 13819  6058  150.00000  102  244          -  150.00000      -   401 1400s
 13899  6081 infeasible  121               -  150.00000      -   400 1405s
 13971  6074 infeasible  108               -  150.00000      -   399 1410s
 14026  6066 infeasible  105               -  150.00000      -   400 1415s
 14061  6064 infeasible  103               -  150.00000      -   400 1420s
 14112  6052 infeasible   98               -  150.00000      -   400 1425s
 14175  6058 infeasible  110               -  150.00000      -   400 1430s
 14213  6039 infeasible  109               -  150.00000      -   400 1435s
 14248  6036  150.00000  105  141          -  150.00000      -   401 1440s
 14271  6028  150.00000   98  429          -  150.00000      -   402 1445s
 14333  6044 infeasible  105               -  150.00000      -   402 1450s
 14396  6041 infeasible  109               -  150.00000      -   402 1455s
 14434  6037  150.00000  114  276          -  150.00000      -   402 1460s
 14487  6056 infeasible  129               -  150.00000      -   402 1465s
 14538  6046  150.00000  122  473          -  150.00000      -   402 1470s
 14585  6045 infeasible  122               -  150.00000      -   402 1475s
 14635  6052  150.00000  120  595          -  150.00000      -   402 1480s
 14669  6046  150.00000  115  339          -  150.00000      -   403 1485s
 14707  6058  150.00000  115  251          -  150.00000      -   403 1490s
 14749  6068  150.00000  125  245          -  150.00000      -   404 1495s
 14822  6051 infeasible  121               -  150.00000      -   403 1500s
 14884  6032  150.00000  104  265          -  150.00000      -   402 1517s
 14899  6037  150.00000  111  305          -  150.00000      -   402 1520s
 14926  6038  150.00000  115  151          -  150.00000      -   403 1525s
 14952  6028 infeasible  101               -  150.00000      -   403 1530s
 14977  6037 infeasible  110               -  150.00000      -   403 1535s
 15019  6040 infeasible  116               -  150.00000      -   403 1540s
 15062  6021 infeasible   93               -  150.00000      -   403 1545s
 15116  6042  150.00000   98  341          -  150.00000      -   403 1550s
 15173  6049 infeasible  111               -  150.00000      -   403 1555s
 15215  6075 infeasible  105               -  150.00000      -   403 1560s
 15273  6086 infeasible  103               -  150.00000      -   403 1565s
 15298  6096  131.46988  110  291          -  150.00000      -   403 1570s
 15345  6112  150.00000   82  230          -  150.00000      -   403 1575s
 15366  6112 infeasible   85               -  150.00000      -   404 1580s
 15391  6121  150.00000   86  402          -  150.00000      -   405 1585s
 15449  6137  150.00000   51  210          -  150.00000      -   404 1590s
 15531  6197  150.00000   56  147          -  150.00000      -   405 1595s
 15631  6274  150.00000   85  164          -  150.00000      -   404 1600s
 15712  6335  150.00000   99  252          -  150.00000      -   403 1605s
 15807  6386 infeasible  103               -  150.00000      -   402 1610s
 15915  6446 infeasible   81               -  150.00000      -   401 1615s
 15971  6490  150.00000   65  151          -  150.00000      -   402 1620s
 16030  6543  150.00000   95  177          -  150.00000      -   402 1625s
 16058  6556 infeasible  111               -  150.00000      -   403 1630s
 16119  6595 infeasible   85               -  150.00000      -   403 1635s
 16252  6659  150.00000   75  190          -  150.00000      -   401 1640s
 16329  6706  150.00000  105  174          -  150.00000      -   401 1645s
 16379  6733 infeasible   85               -  150.00000      -   402 1650s
 16440  6769  150.00000  106  459          -  150.00000      -   402 1655s
 16523  6805  150.00000   85  218          -  150.00000      -   401 1661s
 16662  6838 infeasible  109               -  150.00000      -   399 1665s
 16818  6865  150.00000  114  377          -  150.00000      -   397 1670s
 16838  6870  150.00000   70  186          -  150.00000      -   398 1675s
 16880  6884  148.54809  122  487          -  150.00000      -   398 1680s
 16903  6883  145.99918  121  566          -  150.00000      -   399 1685s
 16946  6904  150.00000  131  453          -  150.00000      -   399 1690s
 17053  6986 infeasible  102               -  150.00000      -   398 1695s
 17115  7015  150.00000   95  218          -  150.00000      -   398 1700s
 17224  7080 infeasible   83               -  150.00000      -   397 1705s
 17330  7164 infeasible  114               -  150.00000      -   396 1710s
 17447  7256 infeasible   81               -  150.00000      -   395 1715s
 17532  7307  150.00000   96  238          -  150.00000      -   395 1720s
 17584  7331  150.00000   85  129          -  150.00000      -   395 1725s
 17656  7385  150.00000  109  371          -  150.00000      -   395 1730s
 17732  7439  150.00000   88  377          -  150.00000      -   395 1735s
 17936  7569  150.00000   82  262          -  150.00000      -   392 1740s
 17998  7606  150.00000  118  226          -  150.00000      -   392 1745s
 18041  7627  150.00000  107  284          -  150.00000      -   392 1750s
 18148  7684 infeasible  103               -  150.00000      -   391 1755s
 18271  7747 infeasible   96               -  150.00000      -   390 1760s
 18374  7805  150.00000   73  308          -  150.00000      -   389 1765s
 18480  7862  150.00000   87  236          -  150.00000      -   388 1770s
 18538  7894 infeasible   91               -  150.00000      -   389 1775s
 18588  7925 infeasible  125               -  150.00000      -   389 1780s
 18668  7955  150.00000   95  118          -  150.00000      -   389 1785s
 18769  8003  150.00000   95  249          -  150.00000      -   388 1790s
 18853  8051 infeasible  103               -  150.00000      -   387 1795s
 18973  8140  150.00000   79  344          -  150.00000      -   387 1800s
 19104  8200 infeasible  100               -  150.00000      -   385 1805s
 19202  8253  150.00000  103  261          -  150.00000      -   385 1810s
 19417  8309 infeasible   99               -  150.00000      -   382 1815s
 19774  8372 infeasible  121               -  150.00000      -   376 1820s
 20038  8351 infeasible  115               -  150.00000      -   372 1825s
 20358  8351 infeasible  114               -  150.00000      -   367 1830s
 20530  8344 infeasible  121               -  150.00000      -   364 1835s
 20723  8372  150.00000  113  249          -  150.00000      -   362 1840s
 20830  8361 infeasible  112               -  150.00000      -   361 1845s
 20890  8359 infeasible  105               -  150.00000      -   362 1850s
 20977  8375  150.00000  105  116          -  150.00000      -   361 1855s
 21033  8382 infeasible   98               -  150.00000      -   361 1860s
 21048  8382  150.00000  113  391          -  150.00000      -   361 1868s
 21057  8377  150.00000   95  202          -  150.00000      -   361 1870s
 21078  8376  150.00000   97  203          -  150.00000      -   361 1875s
 21097  8369 infeasible  105               -  150.00000      -   362 1880s
 21210  8381 infeasible  113               -  150.00000      -   361 1885s
 21326  8388 infeasible  134               -  150.00000      -   359 1890s
 21513  8386 infeasible  114               -  150.00000      -   357 1895s
 21684  8399 infeasible  126               -  150.00000      -   356 1900s
 21882  8397 infeasible  136               -  150.00000      -   354 1905s
 21981  8373 infeasible  115               -  150.00000      -   353 1910s
 22093  8385  150.00000   91  287          -  150.00000      -   352 1915s
 22202  8410  149.80416  123  540          -  150.00000      -   352 1920s
 22317  8419 infeasible  115               -  150.00000      -   351 1925s
 22448  8436 infeasible  105               -  150.00000      -   350 1930s
 22609  8459 infeasible  105               -  150.00000      -   349 1935s
 22724  8469  150.00000  108  311          -  150.00000      -   348 1940s
 22821  8448 infeasible   95               -  150.00000      -   348 1945s
 23020  8498 infeasible  124               -  150.00000      -   346 1950s
 23311  8505 infeasible  125               -  150.00000      -   342 1955s
 23460  8496 infeasible  133               -  150.00000      -   341 1960s
 23599  8509 infeasible  113               -  150.00000      -   340 1965s
 23734  8532 infeasible  102               -  150.00000      -   339 1970s
 23822  8518 infeasible  112               -  150.00000      -   339 1975s
 23873  8508  150.00000   75  256          -  150.00000      -   339 1980s
 23963  8549  150.00000  110  287          -  150.00000      -   339 1985s
 24128  8600 infeasible  111               -  150.00000      -   338 1990s
 24331  8610 infeasible  123               -  150.00000      -   336 1995s
 24516  8649 infeasible  113               -  150.00000      -   334 2000s
 24668  8679 infeasible  114               -  150.00000      -   333 2005s
 24790  8681 infeasible  108               -  150.00000      -   332 2010s
 24958  8675 infeasible   84               -  150.00000      -   331 2015s
 25115  8660 infeasible   99               -  150.00000      -   330 2020s
 25228  8672 infeasible  102               -  150.00000      -   329 2025s
 25376  8665 infeasible   95               -  150.00000      -   328 2030s
 25460  8681 infeasible  103               -  150.00000      -   328 2035s
 25505  8698  150.00000  100  256          -  150.00000      -   328 2040s
 25568  8695  145.16332   94  324          -  150.00000      -   329 2045s
 25679  8732  150.00000   85  164          -  150.00000      -   328 2050s
 25718  8737 infeasible   94               -  150.00000      -   329 2055s
 25805  8767  150.00000  103  414          -  150.00000      -   329 2060s
 25933  8756 infeasible   87               -  150.00000      -   328 2065s
 26020  8754  150.00000   81  291          -  150.00000      -   328 2070s
 26107  8756 infeasible   88               -  150.00000      -   328 2075s
 26221  8760 infeasible  112               -  150.00000      -   327 2080s
 26296  8762  150.00000  120  284          -  150.00000      -   327 2093s
 26310  8748 infeasible  106               -  150.00000      -   326 2095s
 26341  8739  150.00000   92  293          -  150.00000      -   327 2100s
 26364  8752  150.00000  100  257          -  150.00000      -   327 2105s
 26394  8754 infeasible  106               -  150.00000      -   327 2110s
 26506  8769 infeasible  126               -  150.00000      -   326 2115s
 26577  8803  149.00000  113  365          -  150.00000      -   326 2120s
 26630  8820  150.00000  107  318          -  150.00000      -   327 2125s
 26687  8805  150.00000   85  175          -  150.00000      -   327 2130s
 26775  8833 infeasible   77               -  150.00000      -   327 2135s
 26874  8842  150.00000   67  405          -  150.00000      -   327 2140s
 26950  8894 infeasible  102               -  150.00000      -   327 2145s
 26986  8898 infeasible  105               -  150.00000      -   327 2150s
 27129  8922 infeasible  120               -  150.00000      -   327 2155s
 27300  8926 infeasible  121               -  150.00000      -   325 2160s
 27483  8931 infeasible  124               -  150.00000      -   324 2165s
 27605  8956 infeasible   84               -  150.00000      -   323 2170s
 27667  8975 infeasible   95               -  150.00000      -   324 2175s
 27795  9015 infeasible   75               -  150.00000      -   323 2180s
 27858  9054  150.00000   86  280          -  150.00000      -   323 2185s
 27934  9080 infeasible   89               -  150.00000      -   323 2190s
 28047  9105  145.65630   91  413          -  150.00000      -   323 2195s
 28161  9133 infeasible   96               -  150.00000      -   323 2200s
 28228  9149 infeasible  104               -  150.00000      -   323 2205s
 28323  9161 infeasible  105               -  150.00000      -   323 2210s
 28411  9165 infeasible  113               -  150.00000      -   322 2215s
 28546  9207  150.00000  115  562          -  150.00000      -   322 2222s
 28551  9208 infeasible  115               -  150.00000      -   323 2225s
 28617  9242  150.00000   74  418          -  150.00000      -   322 2230s
 28669  9260  150.00000   91  386          -  150.00000      -   323 2235s
 28703  9270  150.00000   90  410          -  150.00000      -   323 2240s
 28773  9306 infeasible  105               -  150.00000      -   323 2245s
 28833  9313  150.00000   96  396          -  150.00000      -   323 2250s
 28872  9329  150.00000  115  252          -  150.00000      -   323 2255s
 28903  9329  150.00000  115  211          -  150.00000      -   324 2261s
 28910  9324  150.00000  109  245          -  150.00000      -   325 2265s
 28935  9345  149.69673  125  480          -  150.00000      -   325 2270s
 28956  9349  150.00000  115  138          -  150.00000      -   326 2275s
 28975  9359  150.00000  125  268          -  150.00000      -   326 2280s
 28997  9359  147.81247  125  528          -  150.00000      -   327 2285s
 29047  9382  150.00000  115  227          -  150.00000      -   327 2290s
 29111  9421 infeasible   92               -  150.00000      -   327 2295s
 29173  9427 infeasible  105               -  150.00000      -   327 2300s
 29295  9450 infeasible   85               -  150.00000      -   327 2305s
 29380  9464  150.00000   83  550          -  150.00000      -   327 2310s
 29433  9492  150.00000  111  444          -  150.00000      -   327 2315s
 29507  9532  150.00000  115  217          -  150.00000      -   327 2320s
 29577  9567 infeasible  105               -  150.00000      -   327 2325s
 29621  9580  149.82735  116  449          -  150.00000      -   328 2330s
 29703  9615  150.00000  102  209          -  150.00000      -   327 2335s
 29741  9633  150.00000  114  422          -  150.00000      -   328 2340s
 29751  9635  150.00000  114  443          -  150.00000      -   329 2345s
 29797  9644 infeasible  116               -  150.00000      -   329 2350s
 29884  9711 infeasible   93               -  150.00000      -   329 2355s
 29967  9760 infeasible   95               -  150.00000      -   329 2360s
 30072  9848  150.00000  117  267          -  150.00000      -   329 2365s
 30150  9880  150.00000   77  258          -  150.00000      -   329 2370s
 30223  9927 infeasible   95               -  150.00000      -   329 2375s
 30331 10008 infeasible   90               -  150.00000      -   329 2380s
 30429 10061  150.00000   57  375          -  150.00000      -   328 2385s
 30510 10126 infeasible   85               -  150.00000      -   329 2391s
 30550 10156  150.00000   91  596          -  150.00000      -   329 2395s
 30606 10168  150.00000   94  369          -  150.00000      -   329 2401s
 30671 10218  150.00000   44  117          -  150.00000      -   329 2412s
 30698 10245  150.00000   67  271          -  150.00000      -   329 2415s
 30804 10323 infeasible  105               -  150.00000      -   328 2420s
 30964 10416  150.00000   85  219          -  150.00000      -   327 2425s
 31074 10476  150.00000   97  369          -  150.00000      -   327 2430s
 31159 10519 infeasible  106               -  150.00000      -   327 2435s
 31313 10613 infeasible  105               -  150.00000      -   327 2440s
 31454 10703  150.00000   79  385          -  150.00000      -   327 2445s
 31537 10755  150.00000   65  108          -  150.00000      -   327 2450s
 31640 10840  150.00000   75  254          -  150.00000      -   326 2455s
 31724 10880 infeasible   99               -  150.00000      -   326 2460s
 31869 10974 infeasible  104               -  150.00000      -   326 2465s
 31953 11028  150.00000   83  360          -  150.00000      -   326 2470s
 32091 11093  150.00000   75  128          -  150.00000      -   325 2475s
 32141 11124  150.00000   73  376          -  150.00000      -   326 2480s
 32225 11180 infeasible  118               -  150.00000      -   326 2485s
 32283 11213 infeasible  112               -  150.00000      -   326 2490s
 32370 11264  150.00000  114  305          -  150.00000      -   326 2495s
 32481 11319  150.00000   85  272          -  150.00000      -   326 2500s
 32609 11385  149.93333   94  424          -  150.00000      -   325 2505s
 32679 11418  150.00000   60  372          -  150.00000      -   326 2510s
 32834 11549  150.00000   83  342          -  150.00000      -   325 2515s
 32912 11602  150.00000   83  347          -  150.00000      -   325 2520s
 32991 11640 infeasible   99               -  150.00000      -   325 2525s
 33116 11714 infeasible  102               -  150.00000      -   325 2530s
 33267 11810  150.00000  125  253          -  150.00000      -   324 2535s
 33382 11876  150.00000   78  215          -  150.00000      -   324 2540s
 33445 11922 infeasible   90               -  150.00000      -   324 2545s
 33534 11979  150.00000   96  349          -  150.00000      -   324 2550s
 33620 12029 infeasible  115               -  150.00000      -   324 2555s
 33673 12064  150.00000  127  464          -  150.00000      -   324 2560s
 33744 12094  150.00000   97  231          -  150.00000      -   324 2565s
 33827 12131  150.00000   68  319          -  150.00000      -   324 2570s
 33953 12213  150.00000   75  103          -  150.00000      -   324 2575s
 34093 12305 infeasible  105               -  150.00000      -   323 2580s
 34170 12345  150.00000   69  202          -  150.00000      -   323 2585s
 34257 12409 infeasible  110               -  150.00000      -   323 2590s
 34398 12513 infeasible  112               -  150.00000      -   323 2595s
 34515 12592  150.00000  125  286          -  150.00000      -   323 2600s
 34638 12653  150.00000   85  262          -  150.00000      -   322 2605s
 34718 12697  150.00000  121  440          -  150.00000      -   322 2610s
 34859 12753  150.00000   97  194          -  150.00000      -   322 2615s
 34947 12794  150.00000   92  286          -  150.00000      -   322 2620s
 35101 12876  148.58167  108  336          -  150.00000      -   321 2625s
 35171 12919 infeasible   95               -  150.00000      -   321 2630s
 35224 12940  150.00000   58  434          -  150.00000      -   321 2646s
 35255 12969  150.00000   77  196          -  150.00000      -   321 2650s
 35283 12997  150.00000   92  363          -  150.00000      -   321 2655s
 35374 13068 infeasible   95               -  150.00000      -   321 2660s
 35488 13143  149.00000   87  336          -  150.00000      -   321 2665s
 35564 13174 infeasible  105               -  150.00000      -   321 2670s
 35620 13202  150.00000   66  137          -  150.00000      -   321 2675s
 35707 13261  150.00000   91  267          -  150.00000      -   321 2680s
 35791 13296  150.00000   85  199          -  150.00000      -   321 2685s
 35819 13309 infeasible   95               -  150.00000      -   322 2690s
 35875 13347  150.00000   97  215          -  150.00000      -   322 2695s
 35962 13394  150.00000   94  343          -  150.00000      -   322 2700s
 36018 13431  150.00000   95  151          -  150.00000      -   322 2705s
 36076 13466  150.00000   91  355          -  150.00000      -   322 2710s
 36089 13470  150.00000   87  352          -  150.00000      -   323 2715s
 36155 13504 infeasible  105               -  150.00000      -   323 2720s
 36227 13549  150.00000  101  325          -  150.00000      -   323 2725s
 36323 13612  150.00000  110  221          -  150.00000      -   323 2730s
 36414 13668  150.00000  105  171          -  150.00000      -   323 2735s
 36528 13756  150.00000  113  258          -  150.00000      -   323 2740s
 36633 13805 infeasible   93               -  150.00000      -   322 2745s
 36652 13808  150.00000   94  384          -  150.00000      -   323 2750s
 36682 13827  150.00000  107  355          -  150.00000      -   323 2755s
 36754 13864  150.00000  106  252          -  150.00000      -   323 2760s
 36829 13912 infeasible  105               -  150.00000      -   323 2766s
 36884 13940  150.00000  101  406          -  150.00000      -   323 2770s
 36933 13967  149.13887  120  577          -  150.00000      -   324 2775s
 36982 13994  150.00000   84  314          -  150.00000      -   324 2780s
 37100 14051  150.00000   97  343          -  150.00000      -   324 2785s
 37187 14097  150.00000   95  234          -  150.00000      -   324 2790s
 37267 14146  150.00000  109  403          -  150.00000      -   324 2795s
 37333 14174 infeasible   85               -  150.00000      -   324 2800s
 37436 14236  150.00000  108  264          -  150.00000      -   324 2805s
 37490 14244 infeasible  107               -  150.00000      -   324 2810s
 37522 14263 infeasible  105               -  150.00000      -   324 2815s
 37607 14324 infeasible  125               -  150.00000      -   324 2820s
 37653 14330 infeasible   93               -  150.00000      -   325 2825s
 37744 14363  150.00000   85  219          -  150.00000      -   325 2830s
 37852 14434  150.00000   67  432          -  150.00000      -   325 2835s
 37923 14485 infeasible  104               -  150.00000      -   325 2840s
 38002 14531 infeasible  107               -  150.00000      -   325 2845s
 38103 14590  137.35783  108  369          -  150.00000      -   325 2850s
 38181 14615  150.00000   93  293          -  150.00000      -   325 2855s
 38258 14646 infeasible   99               -  150.00000      -   325 2860s
 38339 14697  150.00000   95  238          -  150.00000      -   325 2866s
 38356 14706 infeasible  103               -  150.00000      -   325 2870s
 38455 14745 infeasible   95               -  150.00000      -   325 2875s
 38553 14802 infeasible  115               -  150.00000      -   325 2880s
 38634 14819  150.00000   85  191          -  150.00000      -   325 2885s
 38758 14902  150.00000   92  294          -  150.00000      -   324 2890s
 38835 14934  150.00000   81  640          -  150.00000      -   324 2895s
 38860 14955  150.00000   94  265          -  150.00000      -   325 2900s
 38918 14995  150.00000   92  338          -  150.00000      -   325 2905s
 38943 15001  147.33361   89  606          -  150.00000      -   326 2910s
 39096 15074  150.00000   93  550          -  150.00000      -   325 2915s
 39128 15097  150.00000  105  278          -  150.00000      -   325 2920s
 39214 15143  150.00000  117  417          -  150.00000      -   325 2925s
 39313 15175 infeasible  115               -  150.00000      -   325 2930s
 39404 15231  150.00000  123  296          -  150.00000      -   325 2935s
 39495 15267 infeasible  135               -  150.00000      -   325 2940s
 39602 15316 infeasible   96               -  150.00000      -   325 2945s
 39633 15331 infeasible   91               -  150.00000      -   325 2950s
 39736 15408  149.00000  101  455          -  150.00000      -   325 2955s
 39867 15484  150.00000  105  117          -  150.00000      -   325 2960s
 39978 15561  150.00000  100  346          -  150.00000      -   324 2965s
 40090 15617 infeasible   95               -  150.00000      -   324 2970s
 40092 15617  150.00000   97  228          -  150.00000      -   324 2976s
 40104 15615  150.00000   86  212          -  150.00000      -   324 2980s
 40146 15647  150.00000  106  370          -  150.00000      -   324 2985s
 40279 15727  150.00000   83  354          -  150.00000      -   324 2990s
 40386 15793 infeasible   95               -  150.00000      -   324 2995s
 40503 15856  150.00000  109  394          -  150.00000      -   324 3000s
 40619 15928  150.00000   88  325          -  150.00000      -   323 3005s
 40748 15982 infeasible   97               -  150.00000      -   323 3010s
 40808 16026 infeasible   96               -  150.00000      -   323 3016s
 40878 16053  150.00000   85  262          -  150.00000      -   323 3020s
 40958 16105 infeasible   95               -  150.00000      -   323 3025s
 41080 16185  150.00000   74  233          -  150.00000      -   323 3030s
 41209 16296  150.00000  105  155          -  150.00000      -   323 3035s
 41330 16365  150.00000   85  154          -  150.00000      -   322 3040s
 41445 16445  150.00000   95  188          -  150.00000      -   322 3045s
 41573 16511  150.00000   86  298          -  150.00000      -   322 3050s
 41722 16616  150.00000  132  302          -  150.00000      -   321 3055s
 41845 16676  150.00000   86  311          -  150.00000      -   321 3060s
 41991 16773 infeasible  116               -  150.00000      -   321 3065s
 42091 16820 infeasible   97               -  150.00000      -   321 3070s
 42227 16921  149.00000   75  369          -  150.00000      -   321 3075s
 42309 16952  150.00000   56  480          -  150.00000      -   320 3080s
 42378 17006  149.94801   99  497          -  150.00000      -   320 3085s
 42435 17033  149.00000   96  354          -  150.00000      -   321 3090s
 42530 17085  150.00000   85  214          -  150.00000      -   321 3095s
 42703 17142 infeasible   94               -  150.00000      -   320 3100s
 42834 17240  150.00000  105  190          -  150.00000      -   320 3106s
 42950 17331  150.00000  111  382          -  150.00000      -   320 3110s
 43070 17415  150.00000   75  240          -  150.00000      -   320 3115s
 43106 17439  150.00000   98  319          -  150.00000      -   320 3120s
 43236 17504  150.00000   76  392          -  150.00000      -   320 3134s
 43237 17505  150.00000   77  317          -  150.00000      -   320 3135s
 43258 17524  150.00000   94  280          -  150.00000      -   320 3140s
 43272 17528  150.00000   96  230          -  150.00000      -   320 3145s
 43329 17548  149.97991  109  523          -  150.00000      -   320 3150s
 43387 17586  150.00000   75  178          -  150.00000      -   320 3155s
 43520 17682 infeasible  112               -  150.00000      -   320 3160s
 43753 17778 infeasible  119               -  150.00000      -   319 3165s
 43999 17915 infeasible   94               -  150.00000      -   318 3170s
 44088 17980  150.00000   95  207          -  150.00000      -   318 3175s
 44139 17995  150.00000   79  346          -  150.00000      -   318 3180s
 44189 18027  150.00000   94  350          -  150.00000      -   319 3185s
 44213 18037 infeasible   85               -  150.00000      -   319 3190s
 44265 18063  150.00000   65  127          -  150.00000      -   319 3195s
 44408 18164  150.00000   89  338          -  150.00000      -   319 3200s
 44489 18216 infeasible  104               -  150.00000      -   319 3205s
 44564 18265  150.00000   85  197          -  150.00000      -   320 3210s
 44663 18321 infeasible   92               -  150.00000      -   320 3215s
 44784 18386 infeasible  102               -  150.00000      -   319 3220s
 44909 18445 infeasible  103               -  150.00000      -   319 3225s
 45014 18510  150.00000   77  298          -  150.00000      -   319 3230s
 45055 18527  150.00000   71  612          -  150.00000      -   319 3235s
 45093 18554  150.00000   79  271          -  150.00000      -   319 3240s
 45182 18612 infeasible   65               -  150.00000      -   319 3245s
 45231 18646  150.00000   75  176          -  150.00000      -   320 3250s
 45290 18685  150.00000   91  260          -  150.00000      -   320 3255s
 45390 18744 infeasible  115               -  150.00000      -   320 3261s
 45464 18779  150.00000  105  138          -  150.00000      -   320 3265s
 45536 18810  150.00000   77  441          -  150.00000      -   320 3270s
 45573 18826  150.00000   94  512          -  150.00000      -   320 3275s
 45682 18894  150.00000  113  565          -  150.00000      -   320 3280s
 45769 18945  150.00000   91  323          -  150.00000      -   320 3285s
 45904 19039  150.00000  105  243          -  150.00000      -   320 3290s
 45981 19080  150.00000   93  302          -  150.00000      -   320 3295s
 46117 19159  150.00000   97  268          -  150.00000      -   320 3300s
 46263 19251  150.00000   94  241          -  150.00000      -   319 3305s
 46330 19290  150.00000   98  284          -  150.00000      -   320 3310s
 46433 19330  150.00000   75  280          -  150.00000      -   319 3315s
 46547 19406 infeasible  115               -  150.00000      -   319 3320s
 46691 19484 infeasible   85               -  150.00000      -   319 3325s
 46784 19525  149.00000  103  294          -  150.00000      -   319 3330s
 46882 19567  150.00000   87  405          -  150.00000      -   319 3335s
 47005 19595  150.00000   95  239          -  150.00000      -   319 3340s
 47140 19607 infeasible  105               -  150.00000      -   319 3345s
 47253 19581  150.00000  113  431          -  150.00000      -   319 3350s
 47350 19587 infeasible  117               -  150.00000      -   318 3355s
 47450 19578 infeasible  125               -  150.00000      -   318 3360s
 47543 19600 infeasible  135               -  150.00000      -   318 3365s
 47635 19620 infeasible  144               -  150.00000      -   318 3370s
 47743 19626  150.00000   95  161          -  150.00000      -   318 3375s
 47847 19675 infeasible  102               -  150.00000      -   317 3380s
 47875 19655 infeasible  117               -  150.00000      -   318 3385s
 47987 19680 infeasible  139               -  150.00000      -   318 3390s
 48095 19707  150.00000  108  252          -  150.00000      -   317 3402s
 48115 19699 infeasible  105               -  150.00000      -   317 3405s
 48142 19694  150.00000   98  292          -  150.00000      -   317 3410s
 48182 19700 infeasible  112               -  150.00000      -   317 3415s
 48319 19744  150.00000  105  188          -  150.00000      -   317 3420s
 48388 19780 infeasible  121               -  150.00000      -   317 3425s
 48447 19782  150.00000  106  233          -  150.00000      -   317 3430s
 48517 19786 infeasible  115               -  150.00000      -   317 3435s
 48576 19796 infeasible  115               -  150.00000      -   318 3440s
 48655 19794 infeasible  115               -  150.00000      -   318 3445s
 48694 19789  150.00000  114  370          -  150.00000      -   318 3450s
 48779 19813 infeasible  113               -  150.00000      -   318 3455s
 48841 19816 infeasible  119               -  150.00000      -   318 3460s
 48888 19803  150.00000  107  409          -  150.00000      -   318 3465s
 48948 19809  150.00000  115  165          -  150.00000      -   318 3470s
 49045 19790  150.00000  119  431          -  150.00000      -   318 3475s
 49096 19780 infeasible  110               -  150.00000      -   318 3480s
 49148 19769 infeasible  114               -  150.00000      -   318 3485s
 49234 19770 infeasible   97               -  150.00000      -   318 3490s
 49321 19804  150.00000  112  228          -  150.00000      -   318 3495s
 49383 19791  144.72908  112  368          -  150.00000      -   318 3500s
 49494 19842  150.00000  110  295          -  150.00000      -   318 3505s
 49586 19846  150.00000   99  301          -  150.00000      -   317 3510s
 49651 19874  150.00000  127  356          -  150.00000      -   317 3515s
 49768 19904 infeasible  120               -  150.00000      -   317 3520s
 49903 19903 infeasible  115               -  150.00000      -   317 3525s
 50048 19906  150.00000  118  299          -  150.00000      -   316 3530s
 50150 19904 infeasible  115               -  150.00000      -   316 3535s
 50203 19904 infeasible  115               -  150.00000      -   316 3540s
 50251 19894 infeasible  106               -  150.00000      -   317 3545s
 50370 19889 infeasible  105               -  150.00000      -   316 3550s
 50444 19899 infeasible  115               -  150.00000      -   316 3555s
 50541 19896  150.00000  105  141          -  150.00000      -   316 3560s
 50619 19899 infeasible  115               -  150.00000      -   316 3565s
 50693 19913 infeasible  103               -  150.00000      -   316 3570s
 50756 19922  150.00000  100  413          -  150.00000      -   316 3575s
 50812 19929  150.00000  100  272          -  150.00000      -   316 3580s
 50858 19920  150.00000  105  116          -  150.00000      -   316 3585s
 50919 19943 infeasible  120               -  150.00000      -   316 3590s
 50972 19949  150.00000  105  234          -  150.00000      -   317 3595s

Cutting planes:
  Gomory: 11
  Cover: 115
  Implied bound: 8
  Clique: 103
  MIR: 27
  StrongCG: 10
  Flow cover: 82
  GUB cover: 2
  Zero half: 24
  RLT: 3
  Relax-and-lift: 33

Explored 51010 nodes (16165435 simplex iterations) in 3600.02 seconds (3100.90 work units)
Thread count was 1 (of 8 available processors)

Solution count 0

Time limit reached
Best objective -, best bound 1.500000000000e+02, gap -
