
Gurobi 11.0.1 (win64) logging started Wed Mar 13 10:31:28 2024

Set parameter LogFile to value "C:\Projetos\Job_Rotation_Algorithms\Outputs\GurobiLogs\gurobi_log-output-18_ros-c21-BorbaRittModel-NoExtraConstraint-2.log"
Gurobi Optimizer version 11.0.1 build v11.0.1rc0 (win64 - Windows 10.0 (19045.2))

CPU model: 11th Gen Intel(R) Core(TM) i7-1165G7 @ 2.80GHz, instruction set [SSE2|AVX|AVX2|AVX512]
Thread count: 4 physical cores, 8 logical processors, using up to 1 threads

WLS license 901038 - registered to Bitka Analytics
Optimize a model with 751 rows, 284 columns and 2418 nonzeros
Model fingerprint: 0xce061a27
Variable types: 2 continuous, 282 integer (282 binary)
Coefficient statistics:
  Matrix range     [1e+00, 1e+01]
  Objective range  [1e+00, 1e+00]
  Bounds range     [1e+00, 4e+01]
  RHS range        [1e+00, 4e+01]
Presolve removed 7 rows and 7 columns
Presolve time: 0.00s
Presolved: 744 rows, 277 columns, 2404 nonzeros
Variable types: 0 continuous, 277 integer (276 binary)
Found heuristic solution: objective 27.0000000

Root relaxation: objective 5.000000e+01, 374 iterations, 0.00 seconds (0.01 work units)

    Nodes    |    Current Node    |     Objective Bounds      |     Work
 Expl Unexpl |  Obj  Depth IntInf | Incumbent    BestBd   Gap | It/Node Time

     0     0   50.00000    0   83   27.00000   50.00000  85.2%     -    0s
H    0     0                      32.0000000   50.00000  56.3%     -    0s
     0     0   50.00000    0  104   32.00000   50.00000  56.2%     -    0s
     0     0   50.00000    0  108   32.00000   50.00000  56.2%     -    0s
     0     0   50.00000    0  103   32.00000   50.00000  56.2%     -    0s
     0     0   50.00000    0  103   32.00000   50.00000  56.2%     -    0s
     0     0   50.00000    0  100   32.00000   50.00000  56.2%     -    0s
     0     0   50.00000    0   80   32.00000   50.00000  56.2%     -    0s
     0     0   50.00000    0   95   32.00000   50.00000  56.2%     -    0s
     0     0   50.00000    0   90   32.00000   50.00000  56.2%     -    0s
     0     0   50.00000    0   89   32.00000   50.00000  56.2%     -    0s
     0     2   50.00000    0   89   32.00000   50.00000  56.2%     -    0s
H   81    62                      33.0000000   50.00000  51.5%  35.6    0s
H  288   142                      36.0000000   50.00000  38.9%  33.5    0s
H  447   193                      43.0000000   50.00000  16.3%  34.5    0s
H  458   198                      44.0000000   50.00000  13.6%  33.9    0s
*  459   193              32      45.0000000   50.00000  11.1%  33.8    0s
H 1252   315                      47.0000000   50.00000  6.38%  47.8    2s
  2335   169     cutoff   21        47.00000   50.00000  6.38%  60.7    5s
H 2485    82                      49.0000000   50.00000  2.04%  62.2    5s

Cutting planes:
  Flow cover: 6
  GUB cover: 1
  Zero half: 1
  RLT: 11
  BQP: 6

Explored 2608 nodes (169318 simplex iterations) in 6.01 seconds (5.92 work units)
Thread count was 1 (of 8 available processors)

Solution count 9: 49 47 45 ... 27

Optimal solution found (tolerance 1.00e-03)
Best objective 4.900000000000e+01, best bound 4.900000000000e+01, gap 0.0000%
