
Gurobi 11.0.1 (win64) logging started Mon Apr  1 12:44:53 2024

Set parameter LogFile to value "C:\Projetos\Job_Rotation_Algorithms\Outputs\GurobiLogs\gurobi_log-output-40_ton-c198-CostaMirallesModel-NoExtraConstraint-2.log"
Gurobi Optimizer version 11.0.1 build v11.0.1rc0 (win64 - Windows 10.0 (19045.2))

CPU model: 11th Gen Intel(R) Core(TM) i7-1165G7 @ 2.80GHz, instruction set [SSE2|AVX|AVX2|AVX512]
Thread count: 4 physical cores, 8 logical processors, using up to 1 threads


Gurobi 11.0.1 (win64) logging started Mon Apr  1 21:32:49 2024

Set parameter LogFile to value "C:\Projetos\Job_Rotation_Algorithms\Outputs\GurobiLogs\gurobi_log-output-40_ton-c198-CostaMirallesModel-NoExtraConstraint-2.log"
Gurobi Optimizer version 11.0.1 build v11.0.1rc0 (win64 - Windows 10.0 (19045.2))

CPU model: 11th Gen Intel(R) Core(TM) i7-1165G7 @ 2.80GHz, instruction set [SSE2|AVX|AVX2|AVX512]
Thread count: 4 physical cores, 8 logical processors, using up to 1 threads


Gurobi 11.0.1 (win64) logging started Thu Apr  4 23:30:34 2024

Set parameter LogFile to value "C:\Projetos\Job_Rotation_Algorithms\Outputs\GurobiLogs\gurobi_log-output-40_ton-c198-CostaMirallesModel-NoExtraConstraint-2.log"
Gurobi Optimizer version 11.0.1 build v11.0.1rc0 (win64 - Windows 10.0 (19045.2))

CPU model: 11th Gen Intel(R) Core(TM) i7-1165G7 @ 2.80GHz, instruction set [SSE2|AVX|AVX2|AVX512]
Thread count: 4 physical cores, 8 logical processors, using up to 1 threads


Gurobi 11.0.1 (win64) logging started Sat Apr  6 12:59:35 2024

Set parameter LogFile to value "C:\Projetos\Job_Rotation_Algorithms\Outputs\GurobiLogs\gurobi_log-output-40_ton-c198-CostaMirallesModel-NoExtraConstraint-2.log"
Gurobi Optimizer version 11.0.1 build v11.0.1rc0 (win64 - Windows 10.0 (19045.2))

CPU model: 11th Gen Intel(R) Core(TM) i7-1165G7 @ 2.80GHz, instruction set [SSE2|AVX|AVX2|AVX512]
Thread count: 4 physical cores, 8 logical processors, using up to 1 threads


Gurobi 11.0.1 (win64) logging started Sun Apr  7 02:33:05 2024

Set parameter LogFile to value "C:\Projetos\Job_Rotation_Algorithms\Outputs\GurobiLogs\gurobi_log-output-40_ton-c198-CostaMirallesModel-NoExtraConstraint-2.log"
Gurobi Optimizer version 11.0.1 build v11.0.1rc0 (win64 - Windows 10.0 (19045.2))

CPU model: 11th Gen Intel(R) Core(TM) i7-1165G7 @ 2.80GHz, instruction set [SSE2|AVX|AVX2|AVX512]
Thread count: 4 physical cores, 8 logical processors, using up to 1 threads


Gurobi 11.0.1 (win64) logging started Sun Apr  7 09:45:57 2024

Set parameter LogFile to value "C:\Projetos\Job_Rotation_Algorithms\Outputs\GurobiLogs\gurobi_log-output-40_ton-c198-CostaMirallesModel-NoExtraConstraint-2.log"
Gurobi Optimizer version 11.0.1 build v11.0.1rc0 (win64 - Windows 10.0 (19045.2))

CPU model: 11th Gen Intel(R) Core(TM) i7-1165G7 @ 2.80GHz, instruction set [SSE2|AVX|AVX2|AVX512]
Thread count: 4 physical cores, 8 logical processors, using up to 1 threads


Gurobi 11.0.1 (win64) logging started Tue Apr  9 08:04:25 2024

Set parameter LogFile to value "C:\Projetos\Job_Rotation_Algorithms\Outputs\GurobiLogs\gurobi_log-output-40_ton-c198-CostaMirallesModel-NoExtraConstraint-2.log"
Gurobi Optimizer version 11.0.1 build v11.0.1rc0 (win64 - Windows 10.0 (19045.2))

CPU model: 11th Gen Intel(R) Core(TM) i7-1165G7 @ 2.80GHz, instruction set [SSE2|AVX|AVX2|AVX512]
Thread count: 4 physical cores, 8 logical processors, using up to 1 threads


Gurobi 11.0.1 (win64) logging started Wed Apr 10 17:33:30 2024

Set parameter LogFile to value "C:\Projetos\Job_Rotation_Algorithms\Outputs\GurobiLogs\gurobi_log-output-40_ton-c198-CostaMirallesModel-NoExtraConstraint-2.log"
Gurobi Optimizer version 11.0.1 build v11.0.1rc0 (win64 - Windows 10.0 (19045.2))

CPU model: 11th Gen Intel(R) Core(TM) i7-1165G7 @ 2.80GHz, instruction set [SSE2|AVX|AVX2|AVX512]
Thread count: 4 physical cores, 8 logical processors, using up to 1 threads


Gurobi 11.0.1 (win64) logging started Thu Apr 11 01:39:25 2024

Set parameter LogFile to value "C:\Projetos\Job_Rotation_Algorithms\Outputs\GurobiLogs\gurobi_log-output-40_ton-c198-CostaMirallesModel-NoExtraConstraint-2.log"
Gurobi Optimizer version 11.0.1 build v11.0.1rc0 (win64 - Windows 10.0 (19045.2))

CPU model: 11th Gen Intel(R) Core(TM) i7-1165G7 @ 2.80GHz, instruction set [SSE2|AVX|AVX2|AVX512]
Thread count: 4 physical cores, 8 logical processors, using up to 1 threads


Gurobi 11.0.1 (win64) logging started Sat Apr 20 10:37:09 2024

Set parameter LogFile to value "C:\Projetos\Job_Rotation_Algorithms\Outputs\GurobiLogs\gurobi_log-output-40_ton-c198-CostaMirallesModel-NoExtraConstraint-2.log"
Gurobi Optimizer version 11.0.1 build v11.0.1rc0 (win64 - Windows 10.0 (19045.2))

CPU model: 11th Gen Intel(R) Core(TM) i7-1165G7 @ 2.80GHz, instruction set [SSE2|AVX|AVX2|AVX512]
Thread count: 4 physical cores, 8 logical processors, using up to 1 threads

WLS license 901038 - registered to Bitka Analytics
Optimize a model with 2765 rows, 13138 columns and 196848 nonzeros
Model fingerprint: 0xd4537b91
Variable types: 2 continuous, 13136 integer (13136 binary)
Coefficient statistics:
  Matrix range     [1e+00, 3e+02]
  Objective range  [1e+00, 1e+00]
  Bounds range     [1e+00, 4e+02]
  RHS range        [1e+00, 4e+02]
Presolve added 455 rows and 0 columns
Presolve removed 0 rows and 340 columns
Presolve time: 0.97s
Presolved: 3220 rows, 12798 columns, 100600 nonzeros
Variable types: 0 continuous, 12798 integer (12211 binary)

Root relaxation: objective 1.400000e+02, 3552 iterations, 0.27 seconds (0.33 work units)

    Nodes    |    Current Node    |     Objective Bounds      |     Work
 Expl Unexpl |  Obj  Depth IntInf | Incumbent    BestBd   Gap | It/Node Time

     0     0  140.00000    0   99          -  140.00000      -     -    1s
     0     0  140.00000    0  100          -  140.00000      -     -    1s
     0     0  140.00000    0  100          -  140.00000      -     -    1s
     0     0  140.00000    0   92          -  140.00000      -     -    4s
     0     0  140.00000    0  824          -  140.00000      -     -    5s
     0     0  140.00000    0  875          -  140.00000      -     -    5s
     0     0  140.00000    0  148          -  140.00000      -     -    7s
     0     0  140.00000    0  155          -  140.00000      -     -    7s
     0     0  140.00000    0  126          -  140.00000      -     -    7s
     0     0  140.00000    0  267          -  140.00000      -     -    7s
     0     0  140.00000    0  141          -  140.00000      -     -    8s
     0     0  140.00000    0  136          -  140.00000      -     -    8s
     0     2  140.00000    0  136          -  140.00000      -     -   10s
   249   192  140.00000   70  268          -  140.00000      -   134   15s
   501   307 infeasible   44               -  140.00000      -   161   20s
   719   405  140.00000   51  507          -  140.00000      -   159   25s
   723   408  140.00000   43  100          -  140.00000      -   162   30s
   730   413  140.00000   52  189          -  140.00000      -   160   36s
   734   415  140.00000   42  188          -  140.00000      -   159   40s
   751   429  140.00000   18  139          -  140.00000      -   242   45s
   856   478  140.00000   36  197          -  140.00000      -   226   50s
   941   494  140.00000   46  156          -  140.00000      -   215   55s
  1080   497 infeasible   57               -  140.00000      -   205   60s
  1269   486  140.00000   50  228          -  140.00000      -   189   65s
  1494   489  140.00000   69   83          -  140.00000      -   172   70s
  1721   463 infeasible   55               -  140.00000      -   162   75s
  1928   421 infeasible   52               -  140.00000      -   155   80s
  2196   472  140.00000   66  114          -  140.00000      -   145   85s
  2420   503  140.00000   51   82          -  140.00000      -   139   90s
  2771   601 infeasible   58               -  140.00000      -   131   95s
  3134   639 infeasible   57               -  140.00000      -   124  100s
  3538   655  140.00000   67   89          -  140.00000      -   116  105s
  3645   694  140.00000   57  149          -  140.00000      -   115  113s
  3655   696  140.00000   57  192          -  140.00000      -   115  115s
  3695   692  140.00000   66   68          -  140.00000      -   116  120s
  3936   765 infeasible   81               -  140.00000      -   114  125s
  4257   810  140.00000   59  206          -  140.00000      -   112  130s
  4664   849  139.84103   94  209          -  140.00000      -   106  135s
  4935   948  140.00000   39  130          -  140.00000      -   104  140s
  5101  1025  140.00000   72   98          -  140.00000      -   104  149s
  5145  1020 infeasible   74               -  140.00000      -   104  150s
  5366  1077 infeasible   66               -  140.00000      -   103  155s
  5592  1132  140.00000   46  286          -  140.00000      -   103  160s
  5831  1224  140.00000   45  388          -  140.00000      -   102  165s
  6063  1334  140.00000   54  208          -  140.00000      -   101  170s
  6279  1477  140.00000   78  339          -  140.00000      -   101  175s
  6540  1588  140.00000   56  293          -  140.00000      -   100  180s
  6766  1683 infeasible   81               -  140.00000      -   101  185s
  6982  1803  140.00000   72  344          -  140.00000      -   101  190s
  7211  1956  140.00000   69  231          -  140.00000      -   102  195s
  7478  2079 infeasible   81               -  140.00000      -   101  200s
  7786  2214  140.00000   68  294          -  140.00000      -   101  205s
  8028  2315 infeasible   79               -  140.00000      -   102  210s
  8348  2487 infeasible   87               -  140.00000      -   102  215s
  8667  2668 infeasible   85               -  140.00000      -   102  220s
  9099  2840  140.00000   75   79          -  140.00000      -   101  225s
  9513  2963 infeasible   94               -  140.00000      -   100  230s
  9793  3052 infeasible   77               -  140.00000      -   100  235s
 10043  3123  140.00000   75  374          -  140.00000      -   100  240s
 10202  3182  140.00000  101  140          -  140.00000      -   100  287s
 10422  3224 infeasible   67               -  140.00000      -   100  290s
 10925  3402 infeasible   94               -  140.00000      -  98.2  295s
 11316  3461 infeasible   90               -  140.00000      -  97.4  300s
 11687  3555  140.00000   80  194          -  140.00000      -  96.5  305s
 11958  3635 infeasible   79               -  140.00000      -  96.6  310s
 12270  3718  140.00000   70  179          -  140.00000      -  96.2  315s
 12556  3806 infeasible   77               -  140.00000      -  96.0  320s
 13018  3876  140.00000   51  153          -  140.00000      -  94.5  325s
 13401  4008 infeasible   77               -  140.00000      -  93.8  330s
 13829  4102  140.00000   71  165          -  140.00000      -  92.9  335s
 14204  4170 infeasible   80               -  140.00000      -  92.3  340s
 14482  4252  140.00000   72  283          -  140.00000      -  91.9  351s
 14497  4251  140.00000   63  190          -  140.00000      -  92.0  355s
 14549  4282 infeasible   88               -  140.00000      -  92.1  360s
 14955  4385 infeasible   96               -  140.00000      -  91.3  365s
 15303  4487  140.00000   96  245          -  140.00000      -  90.5  373s
 15468  4515 infeasible   80               -  140.00000      -  90.1  375s
 15878  4646 infeasible   79               -  140.00000      -  89.5  380s
 16317  4759 infeasible   78               -  140.00000      -  88.9  385s
 16735  4839 infeasible   88               -  140.00000      -  88.3  390s
 17390  5061 infeasible   87               -  140.00000      -  86.7  395s
 17983  5218 infeasible   87               -  140.00000      -  85.6  400s
 18484  5469  140.00000   65  174          -  140.00000      -  85.1  405s
 18967  5683 infeasible   92               -  140.00000      -  84.5  410s
 19512  5926 infeasible   95               -  140.00000      -  83.9  415s
 20030  6119  140.00000   86  459          -  140.00000      -  83.3  420s
 20404  6222  140.00000   74  314          -  140.00000      -  83.0  428s
 20520  6289 infeasible   82               -  140.00000      -  82.9  430s
 21149  6583 infeasible  112               -  140.00000      -  82.0  435s
 21693  6852 infeasible   96               -  140.00000      -  81.4  440s
 22252  7071  140.00000   67  188          -  140.00000      -  80.9  445s
 22870  7337 infeasible  104               -  140.00000      -  80.2  450s
 23422  7577  140.00000   87  224          -  140.00000      -  79.8  455s
 23846  7693 infeasible   86               -  140.00000      -  79.6  460s
 24462  7906 infeasible  104               -  140.00000      -  78.9  465s
 24970  8121 infeasible   87               -  140.00000      -  78.7  470s
 25390  8309 infeasible   99               -  140.00000      -  78.8  475s
 25505  8347  140.00000   94  162          -  140.00000      -  78.6  480s
 25907  8496 infeasible   88               -  140.00000      -  78.5  485s
 26397  8620  140.00000   77  254          -  140.00000      -  78.2  490s
 26840  8742  140.00000   68  151          -  140.00000      -  78.0  495s
 27206  8853  140.00000   83  203          -  140.00000      -  78.1  500s
 27626  9019  140.00000   82  167          -  140.00000      -  78.0  505s
 28011  9090 infeasible   87               -  140.00000      -  77.9  510s
 28377  9117 infeasible   79               -  140.00000      -  77.9  515s
 28754  9203 infeasible   86               -  140.00000      -  77.8  520s
 29104  9303 infeasible   89               -  140.00000      -  77.7  525s
 29551  9387  140.00000   73  100          -  140.00000      -  77.5  530s
 29881  9442 infeasible   76               -  140.00000      -  77.6  535s
 30276  9547 infeasible   86               -  140.00000      -  77.6  540s
 30605  9644 infeasible   78               -  140.00000      -  77.7  545s
 30619  9654  140.00000   86  273          -  140.00000      -  77.7  550s
 31075  9764  140.00000  105  287          -  140.00000      -  77.6  555s
 31573  9916 infeasible   98               -  140.00000      -  77.3  560s
 31974  9980  140.00000   75  203          -  140.00000      -  77.4  565s
 32302 10105  140.00000   94  218          -  140.00000      -  77.4  570s
 32649 10164 infeasible   81               -  140.00000      -  77.4  575s
 32969 10210  140.00000   86  183          -  140.00000      -  77.5  580s
 33331 10281  140.00000   90  334          -  140.00000      -  77.5  585s
 33625 10363 infeasible   86               -  140.00000      -  77.6  590s
 33738 10403  140.00000   73  247          -  140.00000      -  77.6  602s
 33766 10399  140.00000   95  207          -  140.00000      -  77.7  605s
 33832 10421 infeasible   85               -  140.00000      -  77.8  610s
 34150 10490 infeasible   96               -  140.00000      -  77.8  615s
 34565 10553 infeasible   86               -  140.00000      -  77.6  620s
 34917 10629 infeasible   94               -  140.00000      -  77.6  625s
 35352 10707  140.00000   98  202          -  140.00000      -  77.4  630s
 35707 10771  140.00000   81  203          -  140.00000      -  77.2  638s
 35876 10823  140.00000   98  211          -  140.00000      -  77.1  640s
 36361 10919 infeasible  104               -  140.00000      -  76.9  645s
 36773 11023 infeasible  129               -  140.00000      -  76.9  650s
 37319 11125  140.00000   77  107          -  140.00000      -  76.5  655s
 37741 11255 infeasible   91               -  140.00000      -  76.6  660s
 38188 11312 infeasible  101               -  140.00000      -  76.5  665s
 38638 11426 infeasible   97               -  140.00000      -  76.4  670s
 39041 11458 infeasible  102               -  140.00000      -  76.4  675s
 39608 11563  140.00000   93  348          -  140.00000      -  76.1  680s
 40247 11634 infeasible  100               -  140.00000      -  75.5  685s
 40801 11687  140.00000  100   90          -  140.00000      -  75.3  690s
 40819 11690 infeasible  105               -  140.00000      -  75.3  695s
 41324 11748 infeasible  110               -  140.00000      -  75.1  700s
 41778 11820 infeasible   80               -  140.00000      -  75.0  705s
 42211 11889 infeasible   94               -  140.00000      -  75.0  710s
 42747 11957 infeasible   83               -  140.00000      -  74.7  715s
 43178 12077  140.00000   89  353          -  140.00000      -  74.7  720s
 43599 12219 infeasible   86               -  140.00000      -  74.7  725s
 44144 12361  140.00000   84  214          -  140.00000      -  74.4  730s
 44557 12466  140.00000   97  329          -  140.00000      -  74.5  735s
 44902 12515 infeasible   87               -  140.00000      -  74.6  740s
 45296 12669 infeasible   98               -  140.00000      -  74.5  745s
 45826 12836  140.00000   77  212          -  140.00000      -  74.4  750s
 45909 12885  140.00000   58  342          -  140.00000      -  74.3  755s
 46402 13046  140.00000   82  144          -  140.00000      -  74.2  760s
 46908 13148 infeasible   98               -  140.00000      -  74.0  765s
 47356 13249 infeasible  112               -  140.00000      -  73.9  770s
 47850 13394  140.00000   87  171          -  140.00000      -  73.8  775s
 48237 13554  140.00000   65  325          -  140.00000      -  73.8  780s
 48528 13685 infeasible   83               -  140.00000      -  74.0  785s
 48848 13769  140.00000   70  218          -  140.00000      -  74.1  790s
 49177 13889  139.42353   77  259          -  140.00000      -  74.2  795s
 49566 13962  140.00000   69  299          -  140.00000      -  74.2  800s
 50043 14096 infeasible   91               -  140.00000      -  74.0  805s
 50527 14193  140.00000  102  304          -  140.00000      -  73.9  810s
 50896 14232  140.00000   69  302          -  140.00000      -  73.9  815s
 51010 14252  140.00000   75  356          -  140.00000      -  74.0  822s
 51140 14266 infeasible   81               -  140.00000      -  74.1  825s
 51367 14291  140.00000   68  128          -  140.00000      -  74.3  830s
 51562 14356  140.00000   60   87          -  140.00000      -  74.6  835s
 52034 14518 infeasible   72               -  140.00000      -  74.5  840s
 52395 14614  140.00000   80  114          -  140.00000      -  74.5  845s
 52783 14667  140.00000  102  349          -  140.00000      -  74.5  850s
 53150 14717 infeasible   80               -  140.00000      -  74.5  855s
 53501 14822  140.00000   74   99          -  140.00000      -  74.6  860s
 53822 14879 infeasible   63               -  140.00000      -  74.7  865s
 54182 14959 infeasible   81               -  140.00000      -  74.8  870s
 54569 15062  140.00000   67  195          -  140.00000      -  74.8  875s
 55172 15188 infeasible  120               -  140.00000      -  74.4  880s
 55787 15317 infeasible   91               -  140.00000      -  74.0  885s
 56111 15398  139.00000  101  166          -  140.00000      -  73.8  892s
 56275 15383  140.00000  107  177          -  140.00000      -  73.7  903s
 56310 15356 infeasible   95               -  140.00000      -  73.7  905s
 56343 15367 infeasible   66               -  140.00000      -  73.8  910s
 56466 15411  140.00000   83  229          -  140.00000      -  73.9  915s
 56966 15527  140.00000   69  118          -  140.00000      -  73.7  920s
 57562 15686 infeasible   94               -  140.00000      -  73.4  925s
 58186 15782  140.00000   76   92          -  140.00000      -  73.1  930s
 58734 15874 infeasible   71               -  140.00000      -  72.9  935s
 59258 15907 infeasible   92               -  140.00000      -  72.7  940s
 59926 15973 infeasible   77               -  140.00000      -  72.3  945s
 60576 16061 infeasible  103               -  140.00000      -  72.0  950s
 61127 16091  140.00000   63  197          -  140.00000      -  71.7  955s
 61212 16111 infeasible   82               -  140.00000      -  71.7  960s
 61706 16256 infeasible   92               -  140.00000      -  71.5  965s
 62162 16363 infeasible  102               -  140.00000      -  71.4  970s
 62469 16424  140.00000   70  209          -  140.00000      -  71.6  975s
 62918 16566 infeasible   72               -  140.00000      -  71.6  980s
 63371 16780  137.00000   70  131          -  140.00000      -  71.5  985s
 63767 16890  140.00000   66  214          -  140.00000      -  71.5  990s
 64262 17044  140.00000   55  129          -  140.00000      -  71.4  995s
 64724 17238  140.00000   61  178          -  140.00000      -  71.4 1000s
 65353 17493 infeasible  115               -  140.00000      -  71.2 1005s
 65951 17616 infeasible  109               -  140.00000      -  71.0 1010s
 66313 17657 infeasible  107               -  140.00000      -  70.8 1017s
 66598 17711 infeasible  109               -  140.00000      -  70.7 1020s
 67120 17809 infeasible   81               -  140.00000      -  70.6 1025s
 67593 18026  140.00000   71  194          -  140.00000      -  70.6 1030s
 68177 18224 infeasible   94               -  140.00000      -  70.4 1035s
 68668 18418  140.00000   80  224          -  140.00000      -  70.4 1040s
 69135 18573 infeasible   81               -  140.00000      -  70.3 1045s
 69737 18794  140.00000   82  160          -  140.00000      -  70.2 1050s
 70301 18954  140.00000   87  235          -  140.00000      -  70.1 1055s
 70820 19116  140.00000   63   68          -  140.00000      -  70.0 1060s
 71356 19301 infeasible  108               -  140.00000      -  69.9 1065s
 71414 19325  140.00000   87  204          -  140.00000      -  69.9 1070s
 71868 19533  140.00000   71  119          -  140.00000      -  69.9 1075s
 72353 19727  140.00000   66  103          -  140.00000      -  69.9 1080s
 72825 19889 infeasible   83               -  140.00000      -  69.9 1085s
 73340 20069 infeasible   87               -  140.00000      -  69.8 1090s
 73834 20157 infeasible   85               -  140.00000      -  69.8 1095s
 74315 20344  140.00000  105  167          -  140.00000      -  69.8 1100s
 74806 20387 infeasible  100               -  140.00000      -  69.8 1105s
 75271 20470 infeasible  109               -  140.00000      -  69.7 1110s
 75832 20507 infeasible   91               -  140.00000      -  69.6 1115s
 76302 20544 infeasible   89               -  140.00000      -  69.6 1120s
 76515 20619  140.00000   96  240          -  140.00000      -  69.6 1127s
 76802 20681 infeasible   92               -  140.00000      -  69.5 1130s
 77359 20787  140.00000   74  221          -  140.00000      -  69.4 1135s
 77863 20891 infeasible  121               -  140.00000      -  69.3 1140s
 78467 20961 infeasible  114               -  140.00000      -  69.0 1145s
 78949 20996  140.00000   85  234          -  140.00000      -  68.9 1150s
 79461 21095  140.00000  113  182          -  140.00000      -  68.8 1155s
 80014 21171 infeasible  108               -  140.00000      -  68.7 1160s
 80571 21229  140.00000   78  433          -  140.00000      -  68.5 1165s
 81076 21357  140.00000   96  116          -  140.00000      -  68.4 1170s
 81550 21436  139.85769  105  218          -  140.00000      -  68.3 1175s
 81616 21448  140.00000   99  162          -  140.00000      -  68.3 1180s
 82045 21487 infeasible  102               -  140.00000      -  68.2 1185s
 82555 21592  140.00000   94  161          -  140.00000      -  68.0 1190s
 83100 21679  140.00000   91  100          -  140.00000      -  67.9 1195s
 83604 21742  140.00000   79  245          -  140.00000      -  67.8 1200s
 84007 21818  140.00000  108  134          -  140.00000      -  67.7 1212s
 84038 21807 infeasible   80               -  140.00000      -  67.7 1215s
 84071 21814  140.00000   77  196          -  140.00000      -  67.8 1220s
 84295 21866 infeasible   77               -  140.00000      -  67.7 1225s
 84844 21942 infeasible  108               -  140.00000      -  67.6 1230s
 85429 22029 infeasible  102               -  140.00000      -  67.4 1235s
 86076 22109 infeasible  105               -  140.00000      -  67.2 1240s
 86612 22089 infeasible   89               -  140.00000      -  67.0 1245s
 86717 22103 infeasible  104               -  140.00000      -  67.0 1250s
 87218 22151 infeasible   95               -  140.00000      -  66.8 1255s
 87634 22280 infeasible   94               -  140.00000      -  66.8 1260s
 88169 22403 infeasible   91               -  140.00000      -  66.7 1265s
 88615 22442 infeasible   88               -  140.00000      -  66.7 1270s
 89084 22478 infeasible   80               -  140.00000      -  66.7 1275s
 89541 22531  140.00000   77  237          -  140.00000      -  66.6 1280s
 90058 22668 infeasible   94               -  140.00000      -  66.6 1285s
 90599 22734 infeasible  100               -  140.00000      -  66.5 1290s
 91031 22758 infeasible   83               -  140.00000      -  66.4 1295s
 91533 22904  140.00000   79  188          -  140.00000      -  66.4 1300s
 91818 22953  140.00000   82  203          -  140.00000      -  66.4 1307s
 92082 23044 infeasible  102               -  140.00000      -  66.3 1310s
 92434 23081  139.89091   81  397          -  140.00000      -  66.4 1315s
 92806 23168  139.62495  100  237          -  140.00000      -  66.4 1320s
 93264 23318 infeasible  107               -  140.00000      -  66.4 1325s
 93695 23419 infeasible  109               -  140.00000      -  66.4 1330s
 94167 23471 infeasible   99               -  140.00000      -  66.4 1335s
 94677 23655  140.00000   95  166          -  140.00000      -  66.3 1340s
 95321 23786  140.00000   91   91          -  140.00000      -  66.2 1345s
 95910 23962 infeasible   88               -  140.00000      -  66.1 1350s
 96478 24039 infeasible  122               -  140.00000      -  66.0 1355s
 96919 24146  140.00000   97  304          -  140.00000      -  65.9 1363s
 97129 24183 infeasible  102               -  140.00000      -  65.8 1365s
 97634 24250 infeasible   90               -  140.00000      -  65.8 1370s
 98016 24323 infeasible   95               -  140.00000      -  65.8 1375s
 98457 24399 infeasible  103               -  140.00000      -  65.8 1380s
 98983 24516 infeasible   94               -  140.00000      -  65.7 1385s
 99465 24593 infeasible   80               -  140.00000      -  65.7 1390s
 99929 24780 infeasible  102               -  140.00000      -  65.7 1395s
 100403 24981 infeasible   98               -  140.00000      -  65.7 1400s
 100840 25089 infeasible   90               -  140.00000      -  65.8 1405s
 101199 25181  140.00000   84  251          -  140.00000      -  65.9 1410s
 101638 25336 infeasible   96               -  140.00000      -  65.9 1415s
 101907 25431  140.00000   77  131          -  140.00000      -  66.1 1420s
 102020 25459 infeasible   82               -  140.00000      -  66.1 1426s
 102420 25566 infeasible   90               -  140.00000      -  66.0 1430s
 102895 25727  140.00000   84  255          -  140.00000      -  66.0 1435s
 103433 25891  140.00000   62  273          -  140.00000      -  66.0 1440s
 103759 25982 infeasible   91               -  140.00000      -  66.1 1445s
 104180 26131 infeasible   77               -  140.00000      -  66.1 1450s
 104591 26310  140.00000   77  170          -  140.00000      -  66.1 1455s
 104991 26442 infeasible   70               -  140.00000      -  66.1 1460s
 105420 26633  140.00000   64  101          -  140.00000      -  66.2 1465s
 105896 26824  140.00000   72  141          -  140.00000      -  66.1 1470s
 106426 26924 infeasible   89               -  140.00000      -  66.1 1475s
 106923 27047 infeasible  107               -  140.00000      -  66.0 1480s
 107121 27088  140.00000   95  192          -  140.00000      -  66.0 1486s
 107374 27139 infeasible   82               -  140.00000      -  66.0 1490s
 107422 27161  140.00000   87  272          -  140.00000      -  66.0 1500s
 107463 27166  140.00000   70  167          -  140.00000      -  66.1 1505s
 107504 27173 infeasible   73               -  140.00000      -  66.1 1510s
 107912 27301 infeasible  107               -  140.00000      -  66.1 1515s
 108455 27445 infeasible   94               -  140.00000      -  66.0 1520s
 108899 27501 infeasible   74               -  140.00000      -  65.9 1525s
 109396 27605  140.00000   87  214          -  140.00000      -  65.9 1530s
 109858 27801 infeasible   85               -  140.00000      -  65.9 1535s
 110362 27956  140.00000   75  192          -  140.00000      -  65.9 1540s
 110741 28048 infeasible   90               -  140.00000      -  65.9 1545s
 111132 28156  140.00000   70   86          -  140.00000      -  66.0 1550s
 111598 28244 infeasible   79               -  140.00000      -  65.9 1555s
 112049 28306 infeasible   91               -  140.00000      -  65.9 1560s
 112222 28338 infeasible   85               -  140.00000      -  65.9 1566s
 112500 28332  140.00000   70  151          -  140.00000      -  65.9 1570s
 112926 28391 infeasible   98               -  140.00000      -  65.9 1575s
 113413 28437 infeasible   81               -  140.00000      -  65.8 1580s
 113851 28472 infeasible   89               -  140.00000      -  65.7 1585s
 114289 28607 infeasible   97               -  140.00000      -  65.7 1590s
 114599 28657 infeasible   70               -  140.00000      -  65.8 1595s
 115081 28774  140.00000   77  193          -  140.00000      -  65.7 1600s
 115414 28788 infeasible   93               -  140.00000      -  65.8 1605s
 115820 28850 infeasible   96               -  140.00000      -  65.8 1610s
 116187 28937  140.00000   74  183          -  140.00000      -  65.8 1615s
 116563 29009 infeasible   85               -  140.00000      -  65.9 1620s
 116824 29063 infeasible   67               -  140.00000      -  66.0 1625s
 117052 29118  140.00000   66  252          -  140.00000      -  66.1 1630s
 117323 29140 infeasible   85               -  140.00000      -  66.1 1638s
 117438 29162 infeasible   81               -  140.00000      -  66.1 1640s
 117805 29233 infeasible   98               -  140.00000      -  66.1 1645s
 118165 29337  140.00000   79  180          -  140.00000      -  66.2 1650s
 118570 29460 infeasible  105               -  140.00000      -  66.2 1655s
 119111 29591 infeasible  103               -  140.00000      -  66.1 1660s
 119688 29690 infeasible   97               -  140.00000      -  66.0 1665s
 120124 29866 infeasible   94               -  140.00000      -  65.9 1670s
 120524 29990 infeasible  109               -  140.00000      -  65.9 1675s
 121025 30135 infeasible  103               -  140.00000      -  65.9 1680s
 121611 30375 infeasible  130               -  140.00000      -  65.8 1685s
 122068 30446 infeasible  105               -  140.00000      -  65.8 1690s
 122424 30552  140.00000  132   96          -  140.00000      -  65.7 1698s
 122571 30553  140.00000   86  253          -  140.00000      -  65.7 1700s
 123062 30636 infeasible  136               -  140.00000      -  65.6 1705s
 123521 30666 infeasible  115               -  140.00000      -  65.6 1710s
 124144 30733 infeasible  123               -  140.00000      -  65.4 1715s
 124744 30772  140.00000  125  108          -  140.00000      -  65.2 1720s
 125288 30880  140.00000  106  234          -  140.00000      -  65.1 1725s
 125758 31000  140.00000  104  269          -  140.00000      -  65.1 1730s
 126184 31157  140.00000  112  140          -  140.00000      -  65.1 1735s
 126748 31282 infeasible  113               -  140.00000      -  65.1 1740s
 127297 31397 infeasible  137               -  140.00000      -  65.0 1745s
 127525 31436 infeasible  126               -  140.00000      -  65.0 1752s
 127771 31519  140.00000  111  200          -  140.00000      -  65.0 1755s
 128265 31684 infeasible  134               -  140.00000      -  65.0 1760s
 128740 31778  140.00000  102  191          -  140.00000      -  65.0 1765s
 129247 31870 infeasible  131               -  140.00000      -  64.9 1770s
 129821 31967  140.00000   81  182          -  140.00000      -  64.9 1775s
 130333 32160 infeasible  111               -  140.00000      -  64.8 1780s
 130850 32202 infeasible  122               -  140.00000      -  64.8 1785s
 131485 32453 infeasible  110               -  140.00000      -  64.7 1790s
 132023 32640  140.00000  124  136          -  140.00000      -  64.7 1795s
 132603 32704 infeasible  109               -  140.00000      -  64.6 1800s
 132626 32721  140.00000  125  111          -  140.00000      -  64.6 1805s
 133044 32823 infeasible  121               -  140.00000      -  64.6 1810s
 133628 32924 infeasible  121               -  140.00000      -  64.5 1815s
 133828 32970  140.00000  118   77          -  140.00000      -  64.5 1827s
 133883 32921 infeasible  109               -  140.00000      -  64.5 1830s
 133927 32937  140.00000   93  158          -  140.00000      -  64.5 1835s
 134076 32992  140.00000   98  228          -  140.00000      -  64.6 1840s
 134688 33141 infeasible  113               -  140.00000      -  64.5 1845s
 135235 33272 infeasible  106               -  140.00000      -  64.4 1850s
 135758 33360 infeasible  121               -  140.00000      -  64.4 1855s
 136191 33401 infeasible  120               -  140.00000      -  64.4 1860s
 136566 33487  140.00000  107  210          -  140.00000      -  64.4 1865s
 136998 33529 infeasible   90               -  140.00000      -  64.4 1870s
 137499 33620 infeasible  146               -  140.00000      -  64.4 1875s
 137727 33621 infeasible  111               -  140.00000      -  64.4 1883s
 137914 33647 infeasible  117               -  140.00000      -  64.4 1885s
 138385 33680 infeasible  112               -  140.00000      -  64.4 1890s
 138720 33780 infeasible  101               -  140.00000      -  64.4 1895s
 139164 33774  140.00000  110  140          -  140.00000      -  64.4 1900s
 139539 33817 infeasible  120               -  140.00000      -  64.5 1905s
 139908 33936  140.00000   94  374          -  140.00000      -  64.6 1910s
 140310 34101 infeasible  100               -  140.00000      -  64.6 1915s
 140772 34359  140.00000   81  187          -  140.00000      -  64.6 1920s
 141179 34544  140.00000   87  264          -  140.00000      -  64.6 1925s
 141649 34726 infeasible  115               -  140.00000      -  64.6 1930s
 142163 34950  140.00000   83  291          -  140.00000      -  64.6 1935s
 142544 35125  140.00000  108  197          -  140.00000      -  64.6 1940s
 142828 35225  140.00000   95  107          -  140.00000      -  64.7 1948s
 142974 35277 infeasible   96               -  140.00000      -  64.7 1950s
 143406 35459 infeasible  100               -  140.00000      -  64.7 1955s
 143916 35651 infeasible  108               -  140.00000      -  64.7 1960s
 144315 35748 infeasible   80               -  140.00000      -  64.7 1965s
 144765 35902 infeasible  102               -  140.00000      -  64.7 1970s
 145177 36022 infeasible   98               -  140.00000      -  64.7 1975s
 145665 36152 infeasible   98               -  140.00000      -  64.7 1980s
 146021 36288  140.00000   74  416          -  140.00000      -  64.8 1985s
 146397 36410  140.00000   65  459          -  140.00000      -  64.8 1990s
 146771 36565 infeasible   90               -  140.00000      -  64.9 1995s
 147282 36812  140.00000  100  175          -  140.00000      -  64.9 2000s
 147744 36994 infeasible   89               -  140.00000      -  64.9 2005s
 147929 37058 infeasible   88               -  140.00000      -  64.9 2011s
 148177 37115  140.00000   82  129          -  140.00000      -  64.9 2015s
 148550 37248 infeasible   94               -  140.00000      -  65.0 2020s
 148983 37403  140.00000   65  233          -  140.00000      -  65.0 2025s
 149514 37649  140.00000   69  191          -  140.00000      -  65.0 2030s
 149997 37855 infeasible   82               -  140.00000      -  65.0 2035s
 150378 38038  140.00000   73  339          -  140.00000      -  65.1 2040s
 150818 38228 infeasible   90               -  140.00000      -  65.1 2045s
 151234 38358  140.00000   82  248          -  140.00000      -  65.2 2050s
 151542 38441 infeasible   82               -  140.00000      -  65.2 2055s
 151913 38568  140.00000   72  230          -  140.00000      -  65.3 2060s
 152379 38753  140.00000   64  226          -  140.00000      -  65.3 2065s
 152844 38926 infeasible   89               -  140.00000      -  65.4 2070s
 153030 38988  140.00000   84  221          -  140.00000      -  65.4 2076s
 153307 39046 infeasible   93               -  140.00000      -  65.4 2080s
 153695 39210 infeasible   71               -  140.00000      -  65.5 2085s
 154075 39297 infeasible   98               -  140.00000      -  65.5 2090s
 154516 39367  140.00000   78  117          -  140.00000      -  65.5 2095s
 154934 39455  140.00000   86  158          -  140.00000      -  65.5 2100s
 155319 39552 infeasible   95               -  140.00000      -  65.5 2105s
 155856 39630 infeasible   97               -  140.00000      -  65.5 2110s
 156190 39635  140.00000   94  127          -  140.00000      -  65.5 2115s
 156533 39656  140.00000   83  124          -  140.00000      -  65.6 2120s
 156788 39672  140.00000   83  131          -  140.00000      -  65.6 2133s
 156796 39670 infeasible   83               -  140.00000      -  65.6 2135s
 156829 39671 infeasible   83               -  140.00000      -  65.7 2140s
 156870 39666 infeasible   80               -  140.00000      -  65.7 2145s
 157001 39678 infeasible   84               -  140.00000      -  65.8 2150s
 157345 39716  139.20000   92  326          -  140.00000      -  65.8 2155s
 157772 39766 infeasible   97               -  140.00000      -  65.8 2160s
 158131 39824  140.00000   98  165          -  140.00000      -  65.8 2169s
 158196 39833  140.00000   95  190          -  140.00000      -  65.8 2170s
 158633 39885  140.00000   67  135          -  140.00000      -  65.8 2175s
 159097 39978  140.00000   90  142          -  140.00000      -  65.8 2180s
 159393 39998 infeasible  111               -  140.00000      -  65.9 2185s
 159777 40092 infeasible  101               -  140.00000      -  65.9 2190s
 160110 40168 infeasible  103               -  140.00000      -  66.0 2195s
 160454 40209 infeasible  104               -  140.00000      -  66.0 2200s
 160787 40348  140.00000   64  215          -  140.00000      -  66.1 2205s
 161154 40563 infeasible   81               -  140.00000      -  66.1 2210s
 161454 40683 infeasible   79               -  140.00000      -  66.2 2215s
 161833 40862 infeasible   92               -  140.00000      -  66.2 2220s
 162251 40980  140.00000   82  191          -  140.00000      -  66.2 2225s
 162643 41057 infeasible  112               -  140.00000      -  66.3 2230s
 163028 41204 infeasible  106               -  140.00000      -  66.3 2235s
 163232 41288  140.00000   70  313          -  140.00000      -  66.3 2242s
 163413 41371  140.00000   87  275          -  140.00000      -  66.3 2245s
 163896 41546  140.00000   85  354          -  140.00000      -  66.3 2250s
 164276 41645  140.00000   81  245          -  140.00000      -  66.4 2255s
 164739 41778  140.00000   81  140          -  140.00000      -  66.4 2260s
 165118 41876  140.00000   92  233          -  140.00000      -  66.4 2265s
 165609 42016  140.00000   88  230          -  140.00000      -  66.4 2270s
 165931 42108  140.00000   74  224          -  140.00000      -  66.4 2275s
 166381 42250  140.00000   72   52          -  140.00000      -  66.4 2280s
 166775 42320 infeasible   90               -  140.00000      -  66.5 2285s
 167183 42404 infeasible   92               -  140.00000      -  66.5 2290s
 167560 42499 infeasible   84               -  140.00000      -  66.5 2295s
 167985 42636 infeasible   91               -  140.00000      -  66.5 2300s
 168333 42758 infeasible   85               -  140.00000      -  66.5 2308s
 168498 42757 infeasible   88               -  140.00000      -  66.5 2310s
 168818 42835  140.00000   75  184          -  140.00000      -  66.6 2315s
 169250 42920  140.00000   85  225          -  140.00000      -  66.6 2320s
 169635 42994 infeasible   84               -  140.00000      -  66.7 2325s
 170077 43145  140.00000  103  130          -  140.00000      -  66.7 2330s
 170667 43227  139.00000   90  157          -  140.00000      -  66.6 2335s
 170998 43312 infeasible   80               -  140.00000      -  66.7 2340s
 171369 43440 infeasible  108               -  140.00000      -  66.8 2345s
 171639 43510 infeasible   90               -  140.00000      -  66.8 2350s
 172064 43606  140.00000   85  252          -  140.00000      -  66.8 2355s
 172451 43626 infeasible   88               -  140.00000      -  66.8 2360s
 172974 43738 infeasible   85               -  140.00000      -  66.8 2365s
 173423 43830  140.00000   90  248          -  140.00000      -  66.8 2370s
 173436 43835 infeasible   98               -  140.00000      -  66.8 2375s
 173909 43916 infeasible   98               -  140.00000      -  66.8 2380s
 174266 44043  140.00000   90  357          -  140.00000      -  66.8 2385s
 174641 44128 infeasible  101               -  140.00000      -  66.9 2390s
 174986 44150  140.00000   91   78          -  140.00000      -  66.9 2395s
 175419 44285  140.00000   77  204          -  140.00000      -  66.9 2400s
 175741 44331  140.00000  105  192          -  140.00000      -  67.0 2405s
 176092 44459 infeasible   75               -  140.00000      -  67.0 2410s
 176395 44546 infeasible   68               -  140.00000      -  67.1 2415s
 176680 44635  140.00000   77  221          -  140.00000      -  67.1 2420s
 177012 44715  140.00000   81  334          -  140.00000      -  67.2 2425s
 177121 44718  140.00000   76  342          -  140.00000      -  67.2 2436s
 177152 44707  140.00000   77  166          -  140.00000      -  67.2 2440s
 177195 44712  140.00000   42  161          -  140.00000      -  67.2 2445s
 177328 44782  140.00000   63  178          -  140.00000      -  67.3 2450s
 177563 44880  140.00000   61  321          -  140.00000      -  67.3 2455s
 177818 45000 infeasible   66               -  140.00000      -  67.4 2460s
 178191 45114 infeasible   83               -  140.00000      -  67.4 2465s
 178517 45156 infeasible   81               -  140.00000      -  67.4 2470s
 178535 45167  140.00000   88  354          -  140.00000      -  67.4 2475s
 178871 45240  140.00000   71  321          -  140.00000      -  67.5 2480s
 179197 45322 infeasible   82               -  140.00000      -  67.5 2485s
 179551 45416 infeasible   75               -  140.00000      -  67.6 2490s
 179997 45677 infeasible   71               -  140.00000      -  67.6 2495s
 180325 45843  139.87320   78  300          -  140.00000      -  67.7 2500s
 180824 45980 infeasible   66               -  140.00000      -  67.6 2505s
 181171 46085  140.00000   75  293          -  140.00000      -  67.7 2510s
 181552 46220 infeasible   70               -  140.00000      -  67.7 2515s
 181880 46343  140.00000   67  266          -  140.00000      -  67.8 2520s
 182278 46458  140.00000   78  264          -  140.00000      -  67.8 2525s
 182720 46645 infeasible   68               -  140.00000      -  67.9 2530s
 183107 46773 infeasible   72               -  140.00000      -  67.9 2535s
 183501 46948 infeasible   72               -  140.00000      -  67.9 2540s
 183636 46979 infeasible   84               -  140.00000      -  67.9 2546s
 183865 47057  140.00000   65  242          -  140.00000      -  68.0 2550s
 184244 47171 infeasible   79               -  140.00000      -  68.0 2555s
 184620 47311 infeasible   99               -  140.00000      -  68.1 2560s
 184988 47449 infeasible   83               -  140.00000      -  68.1 2565s
 185440 47599 infeasible   87               -  140.00000      -  68.1 2570s
 185821 47660 infeasible   85               -  140.00000      -  68.2 2575s
 186276 47822 infeasible   95               -  140.00000      -  68.2 2580s
 186854 47842 infeasible   97               -  140.00000      -  68.1 2585s
 187348 47906  140.00000   57  268          -  140.00000      -  68.1 2590s
 187841 48117 infeasible   72               -  140.00000      -  68.1 2595s
 188252 48251 infeasible   75               -  140.00000      -  68.1 2600s
 188737 48443  140.00000   76  149          -  140.00000      -  68.1 2608s
 188862 48476 infeasible   85               -  140.00000      -  68.1 2610s
 189427 48622  140.00000   80  206          -  140.00000      -  68.0 2615s
 190074 48804  140.00000   91  211          -  140.00000      -  68.0 2620s
 190716 48886  140.00000   80  287          -  140.00000      -  67.9 2625s
 191249 48986 infeasible   81               -  140.00000      -  67.9 2630s
 191728 49029 infeasible   76               -  140.00000      -  67.8 2635s
 192266 49121 infeasible  110               -  140.00000      -  67.8 2640s
 192574 49252 infeasible  100               -  140.00000      -  67.9 2645s
 192844 49364 infeasible   74               -  140.00000      -  67.9 2650s
 193210 49432 infeasible  103               -  140.00000      -  68.0 2655s
 193589 49563 infeasible  103               -  140.00000      -  68.0 2660s
 193838 49606 infeasible  108               -  140.00000      -  68.0 2667s
 194064 49649 infeasible  106               -  140.00000      -  68.0 2670s
 194646 49635 infeasible  106               -  140.00000      -  67.9 2675s
 195039 49738 infeasible   79               -  140.00000      -  68.0 2680s
 195381 49801  140.00000   90  180          -  140.00000      -  68.0 2685s
 195820 49846  140.00000   70  258          -  140.00000      -  68.0 2690s
 196272 49869  140.00000   98  246          -  140.00000      -  68.0 2695s
 196680 49936 infeasible  103               -  140.00000      -  68.0 2700s
 196998 49951 infeasible   82               -  140.00000      -  68.1 2705s
 197255 50008 infeasible  101               -  140.00000      -  68.1 2710s
 197683 50106 infeasible   83               -  140.00000      -  68.2 2715s
 198143 50314 infeasible   85               -  140.00000      -  68.2 2720s
 198546 50440  140.00000   70  149          -  140.00000      -  68.2 2725s
 198824 50494  140.00000   65  272          -  140.00000      -  68.2 2735s
 198872 50492 infeasible   68               -  140.00000      -  68.3 2740s
 198939 50505  140.00000   92  185          -  140.00000      -  68.3 2748s
 199043 50532  140.00000   91  195          -  140.00000      -  68.3 2750s
 199425 50622 infeasible   77               -  140.00000      -  68.3 2755s
 199736 50686  140.00000   71  131          -  140.00000      -  68.4 2760s
 199960 50716 infeasible   85               -  140.00000      -  68.5 2765s
 200222 50801 infeasible   79               -  140.00000      -  68.5 2770s
 200489 50848  139.54341   95  229          -  140.00000      -  68.6 2775s
 200825 50914 infeasible   93               -  140.00000      -  68.6 2780s
 201127 50983 infeasible   84               -  140.00000      -  68.7 2785s
 201400 51063 infeasible   90               -  140.00000      -  68.7 2790s
 201670 51124 infeasible   80               -  140.00000      -  68.8 2795s
 202030 51205 infeasible   92               -  140.00000      -  68.8 2800s
 202418 51399 infeasible   90               -  140.00000      -  68.8 2805s
 202853 51567 infeasible   96               -  140.00000      -  68.9 2810s
 203204 51659  140.00000   81  224          -  140.00000      -  68.9 2815s
 203582 51731 infeasible   77               -  140.00000      -  68.9 2820s
 203923 51848  140.00000   66  174          -  140.00000      -  68.9 2825s
 204040 51916  140.00000   86  216          -  140.00000      -  68.9 2831s
 204428 52064 infeasible   88               -  140.00000      -  68.9 2835s
 204975 52190  139.88682   86  232          -  140.00000      -  68.9 2840s
 205484 52317 infeasible   90               -  140.00000      -  68.9 2845s
 205930 52379 infeasible   75               -  140.00000      -  68.9 2850s
 206420 52466  140.00000   83  183          -  140.00000      -  68.9 2855s
 206721 52565  140.00000   68  403          -  140.00000      -  68.9 2860s
 207056 52677  140.00000   79  157          -  140.00000      -  69.0 2865s
 207445 52875  140.00000   80  292          -  140.00000      -  69.0 2870s
 207850 52999 infeasible   91               -  140.00000      -  69.0 2875s
 208167 53082 infeasible   90               -  140.00000      -  69.1 2880s
 208432 53151 infeasible   84               -  140.00000      -  69.1 2885s
 208705 53233 infeasible   85               -  140.00000      -  69.2 2890s
 209012 53348 infeasible   93               -  140.00000      -  69.2 2895s
 209141 53381 infeasible   92               -  140.00000      -  69.2 2902s
 209292 53420  140.00000   75  196          -  140.00000      -  69.2 2905s
 209576 53538  140.00000   88  180          -  140.00000      -  69.3 2910s
 209864 53619  140.00000   79  107          -  140.00000      -  69.4 2915s
 210149 53677 infeasible   95               -  140.00000      -  69.4 2920s
 210574 53823  140.00000   78   96          -  140.00000      -  69.4 2925s
 210991 53985 infeasible   85               -  140.00000      -  69.5 2930s
 211355 54032  140.00000   78   98          -  140.00000      -  69.5 2935s
 211356 54033  140.00000   78  110          -  140.00000      -  69.5 2943s
 211370 54031 infeasible   76               -  140.00000      -  69.5 2945s
 211441 53986  140.00000   65  299          -  140.00000      -  69.5 2950s
 211498 53957 infeasible   68               -  140.00000      -  69.6 2955s
 211746 53994 infeasible   77               -  140.00000      -  69.6 2960s
 212014 54052 infeasible   76               -  140.00000      -  69.6 2965s
 212377 54150  140.00000   79  504          -  140.00000      -  69.7 2970s
 212686 54229 infeasible   90               -  140.00000      -  69.7 2975s
 212990 54292 infeasible   80               -  140.00000      -  69.7 2980s
 213243 54345 infeasible   79               -  140.00000      -  69.8 2985s
 213562 54406 infeasible   87               -  140.00000      -  69.8 2990s
 213855 54445 infeasible   70               -  140.00000      -  69.9 2995s
 214192 54574 infeasible   86               -  140.00000      -  69.9 3000s
 214242 54587 infeasible   89               -  140.00000      -  69.9 3005s
 214553 54681 infeasible   82               -  140.00000      -  69.9 3010s
 214848 54749  139.91311   82  293          -  140.00000      -  70.0 3015s
 215108 54867 infeasible   77               -  140.00000      -  70.1 3020s
 215425 54998  140.00000   60  125          -  140.00000      -  70.1 3025s
 215783 55127  140.00000   68  198          -  140.00000      -  70.2 3030s
 216079 55229  140.00000   76  344          -  140.00000      -  70.3 3035s
 216337 55320 infeasible   82               -  140.00000      -  70.3 3040s
 216647 55381 infeasible   83               -  140.00000      -  70.4 3045s
 216943 55435 infeasible   72               -  140.00000      -  70.4 3050s
 217360 55577 infeasible   78               -  140.00000      -  70.4 3055s
 217643 55690  140.00000   72  364          -  140.00000      -  70.5 3060s
 217920 55812 infeasible   81               -  140.00000      -  70.6 3065s
 218230 55879 infeasible   87               -  140.00000      -  70.6 3070s
 218672 56071  139.49078   79  298          -  140.00000      -  70.7 3075s
 219031 56148  140.00000   81  179          -  140.00000      -  70.7 3080s
 219343 56260 infeasible   85               -  140.00000      -  70.7 3089s
 219391 56263 infeasible  101               -  140.00000      -  70.7 3090s
 219758 56313 infeasible   75               -  140.00000      -  70.8 3095s
 220043 56340  140.00000   77   92          -  140.00000      -  70.8 3100s
 220323 56411 infeasible   91               -  140.00000      -  70.9 3105s
 220600 56499 infeasible   90               -  140.00000      -  70.9 3110s
 220932 56587  140.00000   82  209          -  140.00000      -  71.0 3115s
 221226 56635 infeasible   80               -  140.00000      -  71.0 3120s
 221563 56807  140.00000   72  186          -  140.00000      -  71.1 3125s
 221883 56923  140.00000   67  150          -  140.00000      -  71.1 3130s
 222268 57099  140.00000   78  169          -  140.00000      -  71.2 3135s
 222650 57284  140.00000   74  365          -  140.00000      -  71.2 3140s
 222920 57389 infeasible   94               -  140.00000      -  71.3 3145s
 223261 57498 infeasible   99               -  140.00000      -  71.3 3150s
 223618 57610 infeasible   87               -  140.00000      -  71.4 3155s
 223974 57714 infeasible   83               -  140.00000      -  71.4 3160s
 224319 57853 infeasible   99               -  140.00000      -  71.4 3165s
 224444 57869  140.00000   79  239          -  140.00000      -  71.4 3171s
 224632 57921 infeasible   95               -  140.00000      -  71.5 3175s
 224965 58010  140.00000   76  161          -  140.00000      -  71.5 3180s
 225333 58075 infeasible   90               -  140.00000      -  71.6 3185s
 225646 58139 infeasible   90               -  140.00000      -  71.6 3190s
 225733 58157  140.00000   84  262          -  140.00000      -  71.6 3200s
 225770 58150 infeasible   82               -  140.00000      -  71.6 3205s
 225809 58153 infeasible   74               -  140.00000      -  71.7 3210s
 226255 58316 infeasible   83               -  140.00000      -  71.6 3215s
 226735 58435  140.00000   94  438          -  140.00000      -  71.6 3220s
 227100 58513 infeasible   96               -  140.00000      -  71.7 3225s
 227409 58591  140.00000   89  274          -  140.00000      -  71.7 3230s
 227847 58692 infeasible   81               -  140.00000      -  71.7 3235s
 228262 58877  140.00000  106  231          -  140.00000      -  71.7 3240s
 228738 59038 infeasible   98               -  140.00000      -  71.7 3245s
 229137 59179  140.00000   86  336          -  140.00000      -  71.7 3250s
 229545 59315 infeasible   89               -  140.00000      -  71.7 3259s
 229633 59350  140.00000   76  137          -  140.00000      -  71.7 3260s
 230116 59463 infeasible   85               -  140.00000      -  71.7 3265s
 230584 59563 infeasible   86               -  140.00000      -  71.7 3270s
 230969 59616 infeasible   81               -  140.00000      -  71.7 3275s
 231457 59728  140.00000   91  163          -  140.00000      -  71.7 3280s
 231919 59799  140.00000   96  142          -  140.00000      -  71.7 3285s
 232376 59944  140.00000   93  214          -  140.00000      -  71.7 3290s
 232832 60019 infeasible   86               -  140.00000      -  71.7 3295s
 233159 60124 infeasible   95               -  140.00000      -  71.8 3300s
 233515 60210 infeasible   85               -  140.00000      -  71.8 3305s
 233963 60289  140.00000   80  105          -  140.00000      -  71.8 3310s
 234379 60361  140.00000   86  192          -  140.00000      -  71.8 3315s
 234646 60414  140.00000   86  179          -  140.00000      -  71.8 3324s
 234662 60416 infeasible   79               -  140.00000      -  71.8 3325s
 234913 60494  140.00000   81  381          -  140.00000      -  71.9 3330s
 235219 60566  140.00000   90  311          -  140.00000      -  71.9 3335s
 235609 60618 infeasible   98               -  140.00000      -  71.9 3340s
 235994 60746 infeasible   88               -  140.00000      -  71.9 3345s
 236275 60797 infeasible   93               -  140.00000      -  72.0 3350s
 236693 60910 infeasible   97               -  140.00000      -  72.0 3355s
 237012 60978 infeasible   96               -  140.00000      -  72.0 3360s
 237367 61031 infeasible   86               -  140.00000      -  72.0 3365s
 237746 61136  140.00000   89  176          -  140.00000      -  72.1 3370s
 238212 61206 infeasible  101               -  140.00000      -  72.0 3375s
 238667 61247 infeasible   88               -  140.00000      -  72.0 3380s
 239084 61304  140.00000   76  197          -  140.00000      -  72.0 3385s
 239510 61378 infeasible  102               -  140.00000      -  72.0 3390s
 239747 61423 infeasible   83               -  140.00000      -  72.0 3398s
 239994 61497 infeasible  114               -  140.00000      -  72.0 3400s
 240377 61633 infeasible   83               -  140.00000      -  72.0 3405s
 240820 61703 infeasible  104               -  140.00000      -  72.0 3410s
 241248 61735  140.00000   67   99          -  140.00000      -  72.0 3415s
 241567 61766 infeasible   80               -  140.00000      -  72.0 3420s
 241841 61834 infeasible   83               -  140.00000      -  72.0 3425s
 242150 61923  140.00000   79  204          -  140.00000      -  72.1 3430s
 242534 62043  140.00000   74   79          -  140.00000      -  72.1 3435s
 242819 62123 infeasible   90               -  140.00000      -  72.1 3440s
 243136 62185 infeasible   81               -  140.00000      -  72.2 3445s
 243419 62236  140.00000   78  283          -  140.00000      -  72.2 3450s
 243679 62328  140.00000   80  200          -  140.00000      -  72.3 3455s
 243937 62412 infeasible   78               -  140.00000      -  72.3 3460s
 244204 62463  140.00000   73  124          -  140.00000      -  72.3 3465s
 244516 62521 infeasible  100               -  140.00000      -  72.4 3470s
 244848 62535  138.56876  112  496          -  140.00000      -  72.4 3479s
 244873 62531 infeasible   79               -  140.00000      -  72.4 3480s
 245151 62563 infeasible   96               -  140.00000      -  72.4 3485s
 245416 62613 infeasible   89               -  140.00000      -  72.4 3490s
 245653 62643 infeasible  117               -  140.00000      -  72.4 3495s
 245729 62658  140.00000   92  242          -  140.00000      -  72.5 3506s
 245745 62654 infeasible   75               -  140.00000      -  72.5 3510s
 245768 62653 infeasible   72               -  140.00000      -  72.5 3515s
 245870 62692 infeasible   80               -  140.00000      -  72.5 3520s
 246096 62757 infeasible   72               -  140.00000      -  72.6 3525s
 246327 62850 infeasible   80               -  140.00000      -  72.6 3530s
 246553 62889 infeasible  103               -  140.00000      -  72.7 3535s
 246905 62928 infeasible   89               -  140.00000      -  72.7 3540s
 247177 63011  140.00000   76  193          -  140.00000      -  72.7 3545s
 247450 63161  140.00000   75  239          -  140.00000      -  72.8 3550s
 247840 63318  140.00000   86  190          -  140.00000      -  72.8 3555s
 248209 63452 infeasible   92               -  140.00000      -  72.8 3560s
 248509 63456 infeasible   68               -  140.00000      -  72.8 3565s
 248839 63555 infeasible  105               -  140.00000      -  72.9 3570s
 249116 63615 infeasible   67               -  140.00000      -  72.9 3575s
 249474 63703 infeasible   76               -  140.00000      -  72.9 3580s
 249770 63751 infeasible   94               -  140.00000      -  72.9 3585s
 249949 63779  140.00000  111  194          -  140.00000      -  73.0 3593s
 250065 63774  140.00000   63  238          -  140.00000      -  73.0 3595s

Cutting planes:
  Gomory: 4
  Cover: 106
  Implied bound: 14
  Projected implied bound: 1
  Clique: 141
  MIR: 14
  StrongCG: 5
  Flow cover: 41
  GUB cover: 21
  Zero half: 14
  Network: 1
  Relax-and-lift: 28

Explored 250428 nodes (18279593 simplex iterations) in 3600.01 seconds (2475.16 work units)
Thread count was 1 (of 8 available processors)

Solution count 0

Time limit reached
Best objective -, best bound 1.400000000000e+02, gap -
