
Gurobi 11.0.1 (win64) logging started Mon Apr  1 12:43:24 2024

Set parameter LogFile to value "C:\Projetos\Job_Rotation_Algorithms\Outputs\GurobiLogs\gurobi_log-output-69_wee-c19-BorbaRittModel-NoExtraConstraint-2.log"
Gurobi Optimizer version 11.0.1 build v11.0.1rc0 (win64 - Windows 10.0 (19045.2))

CPU model: 11th Gen Intel(R) Core(TM) i7-1165G7 @ 2.80GHz, instruction set [SSE2|AVX|AVX2|AVX512]
Thread count: 4 physical cores, 8 logical processors, using up to 1 threads


Gurobi 11.0.1 (win64) logging started Mon Apr  1 21:31:19 2024

Set parameter LogFile to value "C:\Projetos\Job_Rotation_Algorithms\Outputs\GurobiLogs\gurobi_log-output-69_wee-c19-BorbaRittModel-NoExtraConstraint-2.log"
Gurobi Optimizer version 11.0.1 build v11.0.1rc0 (win64 - Windows 10.0 (19045.2))

CPU model: 11th Gen Intel(R) Core(TM) i7-1165G7 @ 2.80GHz, instruction set [SSE2|AVX|AVX2|AVX512]
Thread count: 4 physical cores, 8 logical processors, using up to 1 threads


Gurobi 11.0.1 (win64) logging started Thu Apr  4 23:29:14 2024

Set parameter LogFile to value "C:\Projetos\Job_Rotation_Algorithms\Outputs\GurobiLogs\gurobi_log-output-69_wee-c19-BorbaRittModel-NoExtraConstraint-2.log"
Gurobi Optimizer version 11.0.1 build v11.0.1rc0 (win64 - Windows 10.0 (19045.2))

CPU model: 11th Gen Intel(R) Core(TM) i7-1165G7 @ 2.80GHz, instruction set [SSE2|AVX|AVX2|AVX512]
Thread count: 4 physical cores, 8 logical processors, using up to 1 threads


Gurobi 11.0.1 (win64) logging started Sat Apr  6 12:57:57 2024

Set parameter LogFile to value "C:\Projetos\Job_Rotation_Algorithms\Outputs\GurobiLogs\gurobi_log-output-69_wee-c19-BorbaRittModel-NoExtraConstraint-2.log"
Gurobi Optimizer version 11.0.1 build v11.0.1rc0 (win64 - Windows 10.0 (19045.2))

CPU model: 11th Gen Intel(R) Core(TM) i7-1165G7 @ 2.80GHz, instruction set [SSE2|AVX|AVX2|AVX512]
Thread count: 4 physical cores, 8 logical processors, using up to 1 threads


Gurobi 11.0.1 (win64) logging started Sun Apr  7 02:31:43 2024

Set parameter LogFile to value "C:\Projetos\Job_Rotation_Algorithms\Outputs\GurobiLogs\gurobi_log-output-69_wee-c19-BorbaRittModel-NoExtraConstraint-2.log"
Gurobi Optimizer version 11.0.1 build v11.0.1rc0 (win64 - Windows 10.0 (19045.2))

CPU model: 11th Gen Intel(R) Core(TM) i7-1165G7 @ 2.80GHz, instruction set [SSE2|AVX|AVX2|AVX512]
Thread count: 4 physical cores, 8 logical processors, using up to 1 threads


Gurobi 11.0.1 (win64) logging started Sun Apr  7 09:44:36 2024

Set parameter LogFile to value "C:\Projetos\Job_Rotation_Algorithms\Outputs\GurobiLogs\gurobi_log-output-69_wee-c19-BorbaRittModel-NoExtraConstraint-2.log"
Gurobi Optimizer version 11.0.1 build v11.0.1rc0 (win64 - Windows 10.0 (19045.2))

CPU model: 11th Gen Intel(R) Core(TM) i7-1165G7 @ 2.80GHz, instruction set [SSE2|AVX|AVX2|AVX512]
Thread count: 4 physical cores, 8 logical processors, using up to 1 threads


Gurobi 11.0.1 (win64) logging started Tue Apr  9 08:02:55 2024

Set parameter LogFile to value "C:\Projetos\Job_Rotation_Algorithms\Outputs\GurobiLogs\gurobi_log-output-69_wee-c19-BorbaRittModel-NoExtraConstraint-2.log"
Gurobi Optimizer version 11.0.1 build v11.0.1rc0 (win64 - Windows 10.0 (19045.2))

CPU model: 11th Gen Intel(R) Core(TM) i7-1165G7 @ 2.80GHz, instruction set [SSE2|AVX|AVX2|AVX512]
Thread count: 4 physical cores, 8 logical processors, using up to 1 threads


Gurobi 11.0.1 (win64) logging started Wed Apr 10 17:31:54 2024

Set parameter LogFile to value "C:\Projetos\Job_Rotation_Algorithms\Outputs\GurobiLogs\gurobi_log-output-69_wee-c19-BorbaRittModel-NoExtraConstraint-2.log"
Gurobi Optimizer version 11.0.1 build v11.0.1rc0 (win64 - Windows 10.0 (19045.2))

CPU model: 11th Gen Intel(R) Core(TM) i7-1165G7 @ 2.80GHz, instruction set [SSE2|AVX|AVX2|AVX512]
Thread count: 4 physical cores, 8 logical processors, using up to 1 threads


Gurobi 11.0.1 (win64) logging started Thu Apr 11 01:37:58 2024

Set parameter LogFile to value "C:\Projetos\Job_Rotation_Algorithms\Outputs\GurobiLogs\gurobi_log-output-69_wee-c19-BorbaRittModel-NoExtraConstraint-2.log"
Gurobi Optimizer version 11.0.1 build v11.0.1rc0 (win64 - Windows 10.0 (19045.2))

CPU model: 11th Gen Intel(R) Core(TM) i7-1165G7 @ 2.80GHz, instruction set [SSE2|AVX|AVX2|AVX512]
Thread count: 4 physical cores, 8 logical processors, using up to 1 threads


Gurobi 11.0.1 (win64) logging started Fri Apr 12 10:23:47 2024

Set parameter LogFile to value "C:\Projetos\Job_Rotation_Algorithms\Outputs\GurobiLogs\gurobi_log-output-69_wee-c19-BorbaRittModel-NoExtraConstraint-2.log"
Gurobi Optimizer version 11.0.1 build v11.0.1rc0 (win64 - Windows 10.0 (19045.2))

CPU model: 11th Gen Intel(R) Core(TM) i7-1165G7 @ 2.80GHz, instruction set [SSE2|AVX|AVX2|AVX512]
Thread count: 4 physical cores, 8 logical processors, using up to 1 threads

WLS license 901038 - registered to Bitka Analytics
Optimize a model with 59391 rows, 4424 columns and 182288 nonzeros
Model fingerprint: 0x3101d05d
Variable types: 2 continuous, 4422 integer (4422 binary)
Coefficient statistics:
  Matrix range     [1e+00, 5e+01]
  Objective range  [1e+00, 1e+00]
  Bounds range     [1e+00, 4e+01]
  RHS range        [1e+00, 4e+01]
Presolve removed 21369 rows and 1009 columns
Presolve time: 0.99s
Presolved: 38022 rows, 3415 columns, 116838 nonzeros
Variable types: 0 continuous, 3415 integer (3414 binary)
Root relaxation presolved: 3415 rows, 41437 columns, 120253 nonzeros


Root relaxation: objective 1.500000e+02, 2070 iterations, 0.16 seconds (0.17 work units)

    Nodes    |    Current Node    |     Objective Bounds      |     Work
 Expl Unexpl |  Obj  Depth IntInf | Incumbent    BestBd   Gap | It/Node Time

     0     0  150.00000    0  572          -  150.00000      -     -    3s
     0     0  150.00000    0  794          -  150.00000      -     -    5s
     0     0  150.00000    0  742          -  150.00000      -     -    5s
     0     0  150.00000    0  728          -  150.00000      -     -   20s
     0     0  150.00000    0  713          -  150.00000      -     -   21s
     0     0  150.00000    0  814          -  150.00000      -     -   32s
     0     0  150.00000    0  773          -  150.00000      -     -   33s
     0     0  150.00000    0  829          -  150.00000      -     -   45s
     0     0  150.00000    0  786          -  150.00000      -     -   45s
     0     0  150.00000    0  696          -  150.00000      -     -   60s
     0     0  150.00000    0  739          -  150.00000      -     -   61s
     0     0  150.00000    0  816          -  150.00000      -     -   77s
     0     0  150.00000    0  816          -  150.00000      -     -   85s
     0     2  150.00000    0  816          -  150.00000      -     -  106s
    29    31  150.00000   18  571          -  150.00000      -   660  110s
    71    73  150.00000   45  473          -  150.00000      -   413  115s
   121   122  150.00000   78  424          -  150.00000      -   369  120s
   179   180  150.00000  114  393          -  150.00000      -   347  125s
   234   229  150.00000   78  433          -  150.00000      -   341  130s
   293   278  150.00000  114  447          -  150.00000      -   338  135s
   343   312  150.00000  102  424          -  150.00000      -   352  140s
   397   359  149.61390  137  510          -  150.00000      -   368  145s
   455   395  150.00000  104  476          -  150.00000      -   363  150s
   509   431  150.00000   97  543          -  150.00000      -   373  155s
   569   479  150.00000   95  548          -  150.00000      -   353  163s
   570   480  150.00000   90  414          -  150.00000      -   353  177s
   572   481  150.00000   90  383          -  150.00000      -   352  188s
   574   483  150.00000   55  475          -  150.00000      -   350  198s
   576   484  150.00000   94  450          -  150.00000      -   349  208s
   577   485  149.00000  119  448          -  150.00000      -   349  210s
   578   485  150.00000  107  463          -  150.00000      -   348  216s
   580   487  150.00000   86  326          -  150.00000      -   347  231s
   582   488  146.76404  137  587          -  150.00000      -   346  244s
   583   489  150.00000  114  612          -  150.00000      -   345  248s
   584   489  150.00000   57  385          -  150.00000      -   344  254s
   585   490  150.00000   39  610          -  150.00000      -   344  256s
   586   491  150.00000   20  548          -  150.00000      -   343  268s
   587   491  149.75364  102  730          -  150.00000      -   343  272s
   588   492  150.00000   98  736          -  150.00000      -   342  286s
   589   493  150.00000  103  513          -  150.00000      -   341  296s
   590   493  150.00000   32  513          -  150.00000      -   341  301s
   591   496  150.00000   11  461          -  150.00000      -   358  310s
   601   503  150.00000   16  455          -  150.00000      -   359  315s
   607   507  150.00000   19  447          -  150.00000      -   360  325s
   626   519  150.00000   28  586          -  150.00000      -   365  330s
   652   537  150.00000   41  381          -  150.00000      -   373  335s
   682   555  150.00000   56  415          -  150.00000      -   379  340s
   708   568  150.00000   69  478          -  150.00000      -   387  345s
   721   577  150.00000   76  681          -  150.00000      -   400  350s
   738   584  150.00000   84  424          -  150.00000      -   411  355s
   755   591  150.00000   92  392          -  150.00000      -   418  360s
   772   595  150.00000  100  401          -  150.00000      -   428  365s
   790   605  150.00000  109  442          -  150.00000      -   433  370s
   800   611  150.00000  114  526          -  150.00000      -   435  394s
   802   613  150.00000  115  476          -  150.00000      -   436  395s
   813   620  150.00000  121  760          -  150.00000      -   448  401s
   819   620  150.00000  124  657          -  150.00000      -   455  405s
   837   622  150.00000   18  413          -  150.00000      -   456  410s
   865   641  150.00000   32  584          -  150.00000      -   460  415s
   883   651 infeasible   41               -  150.00000      -   471  420s
   900   662  150.00000   50  501          -  150.00000      -   478  425s
   915   672  150.00000   57  454          -  150.00000      -   487  430s
   934   683  150.00000   67  480          -  150.00000      -   494  435s
   951   694  150.00000   75  474          -  150.00000      -   502  440s
   967   705  150.00000   83  491          -  150.00000      -   507  445s
   975   708  150.00000   87  669          -  150.00000      -   522  451s
   979   707 infeasible   89               -  150.00000      -   527  455s
   985   703  150.00000   21  374          -  150.00000      -   538  460s
  1022   727  150.00000   39  398          -  150.00000      -   539  465s
  1047   744  150.00000   52  518          -  150.00000      -   544  470s
  1065   756  150.00000   61  483          -  150.00000      -   551  475s
  1082   765 infeasible   69               -  150.00000      -   557  480s
  1100   767  150.00000   21  361          -  150.00000      -   564  485s
  1133   787  150.00000   38  405          -  150.00000      -   559  490s
  1164   808  150.00000   53  479          -  150.00000      -   556  495s
  1185   822  150.00000   64  549          -  150.00000      -   557  500s
  1207   837  150.00000   75  474          -  150.00000      -   559  505s
  1224   846  150.00000   83  417          -  150.00000      -   565  510s
  1240   857  150.00000   91  457          -  150.00000      -   569  515s
  1260   868  150.00000  101  482          -  150.00000      -   571  520s
  1280   881  150.00000  111  483          -  150.00000      -   573  525s
  1292   889  150.00000  117  519          -  150.00000      -   579  530s
  1295   889 infeasible  119               -  150.00000      -   589  535s
  1303   891 infeasible  123               -  150.00000      -   595  540s
  1309   891  150.00000  126  524          -  150.00000      -   601  545s
  1312   889  150.00000  127  630          -  150.00000      -   609  550s
  1333   899  150.00000   41  415          -  150.00000      -   613  555s
  1359   916  150.00000   54  419          -  150.00000      -   617  560s
  1390   937  150.00000   70  457          -  150.00000      -   615  565s
  1416   954  150.00000   83  473          -  150.00000      -   617  570s
  1439   969  150.00000   94  448          -  150.00000      -   619  575s
  1466   987  150.00000  108  466          -  150.00000      -   618  580s
  1484   995  150.00000  117  406          -  150.00000      -   623  585s
  1502  1007  150.00000  126  421          -  150.00000      -   627  590s
  1515  1008 infeasible  132               -  150.00000      -   634  595s
  1540  1021  150.00000   43  412          -  150.00000      -   635  600s
  1567  1039  150.00000   57  473          -  150.00000      -   637  605s
  1591  1055  150.00000   69  483          -  150.00000      -   638  610s
  1614  1070  150.00000   80  431          -  150.00000      -   640  615s
  1638  1086  150.00000   92  464          -  150.00000      -   641  620s
  1656  1098  150.00000  101  505          -  150.00000      -   644  625s
  1670  1105  150.00000  108  527          -  150.00000      -   649  630s
  1681  1113  150.00000  114  589          -  150.00000      -   654  635s
  1687  1117  150.00000  117  695          -  150.00000      -   658  640s
  1694  1119 infeasible  120               -  150.00000      -   663  645s
  1699  1123  149.98614  123  686          -  150.00000      -   669  650s
  1710  1120  149.90714  128  686          -  150.00000      -   675  655s
  1726  1123  150.00000   31  390          -  150.00000      -   678  660s
  1751  1139  150.00000   43  427          -  150.00000      -   677  665s
  1782  1160  150.00000   59  466          -  150.00000      -   674  670s
  1804  1173  150.00000   70  475          -  150.00000      -   674  675s
  1818  1182  150.00000   77  516          -  150.00000      -   679  680s
  1833  1192  150.00000   84  616          -  150.00000      -   681  685s
  1847  1201  150.00000   91  535          -  150.00000      -   683  690s
  1854  1206  150.00000   95  732          -  150.00000      -   689  695s
  1863  1208  149.00000   99  630          -  150.00000      -   693  700s
  1871  1213  148.89572  103  737          -  150.00000      -   698  705s
  1889  1217 infeasible  112               -  150.00000      -   701  710s
  1912  1211  146.80866  114  568          -  150.00000      -   704  715s
  1940  1203  150.00000   29  412          -  150.00000      -   702  720s
  1969  1223  150.00000   44  461          -  150.00000      -   699  725s
  1990  1237  150.00000   54  421          -  150.00000      -   700  730s
  2006  1247  150.00000   62  464          -  150.00000      -   702  735s
  2023  1259  150.00000   71  521          -  150.00000      -   704  740s
  2041  1269 infeasible   80               -  150.00000      -   704  745s
  2054  1277  150.00000   86  617          -  150.00000      -   707  750s
  2062  1281  150.00000   90  538          -  150.00000      -   710  755s
  2064  1282  150.00000   91  526          -  150.00000      -   710  784s
  2065  1283  150.00000   92  559          -  150.00000      -   711  785s
  2074  1286  150.00000   95  596          -  150.00000      -   713  790s
  2080  1288  150.00000   98  605          -  150.00000      -   718  795s
  2085  1293  150.00000  101  744          -  150.00000      -   724  800s
  2090  1292  150.00000  102  766          -  150.00000      -   728  805s
  2099  1289 infeasible  103               -  150.00000      -   733  810s
  2121  1309  150.00000   40  489          -  150.00000      -   729  815s
  2151  1339  150.00000   63  397          -  150.00000      -   726  820s
  2171  1359  150.00000   75  430          -  150.00000      -   726  825s
  2199  1387  150.00000   87  448          -  150.00000      -   724  830s
  2223  1411  150.00000  100  467          -  150.00000      -   722  835s
  2238  1426  150.00000  104  490          -  150.00000      -   724  840s
  2249  1437  150.00000  110  553          -  150.00000      -   726  845s
  2261  1445 infeasible  115               -  150.00000      -   728  850s
  2273  1453 infeasible  120               -  150.00000      -   730  855s
  2282  1460  150.00000  121  533          -  150.00000      -   733  860s
  2289  1465  150.00000  124  755          -  150.00000      -   740  867s
  2291  1467  150.00000  124  643          -  150.00000      -   742  870s
  2299  1475  150.00000  128  600          -  150.00000      -   745  875s
  2310  1486  150.00000  134  656          -  150.00000      -   747  880s
  2322  1496 infeasible  144               -  150.00000      -   748  885s
  2343  1499  150.00000   27  423          -  150.00000      -   749  890s
  2376  1532  150.00000   46  457          -  150.00000      -   744  895s
  2404  1560  150.00000   67  499          -  150.00000      -   741  900s
  2426  1582  150.00000   78  528          -  150.00000      -   741  905s
  2443  1597  150.00000   87  478          -  150.00000      -   740  910s
  2460  1612 infeasible   96               -  150.00000      -   741  915s
  2471  1621  150.00000   96  675          -  150.00000      -   743  920s
  2482  1628  150.00000  101  594          -  150.00000      -   747  925s
  2489  1629 infeasible  105               -  150.00000      -   752  930s
  2497  1633  147.60513  106  744          -  150.00000      -   755  935s
  2503  1633  149.00000  105  577          -  150.00000      -   759  940s
  2515  1631  150.00000   32  420          -  150.00000      -   762  945s
  2550  1664 infeasible   56               -  150.00000      -   758  950s
  2584  1698  150.00000   77  443          -  150.00000      -   753  955s
  2610  1722  150.00000   95  463          -  150.00000      -   752  960s
  2622  1734  150.00000  100  520          -  150.00000      -   753  965s
  2627  1737 infeasible  103               -  150.00000      -   754  970s
  2638  1746 infeasible  110               -  150.00000      -   755  975s
  2647  1751  150.00000  112  632          -  150.00000      -   757  980s
  2660  1762 infeasible  116               -  150.00000      -   758  985s
  2665  1757 infeasible  117               -  150.00000      -   761  991s
  2668  1756  150.00000   35  413          -  150.00000      -   765  995s
  2704  1792  150.00000   60  431          -  150.00000      -   759 1000s
  2730  1816  150.00000   74  440          -  150.00000      -   758 1005s
  2758  1844  150.00000   92  484          -  150.00000      -   756 1010s
  2775  1859  150.00000  100  502          -  150.00000      -   757 1015s
  2784  1866  150.00000  107  678          -  150.00000      -   760 1020s
  2791  1871  149.94949  109  756          -  150.00000      -   764 1025s
  2800  1876  149.35061  113  760          -  150.00000      -   766 1030s
  2809  1877 infeasible  113               -  150.00000      -   770 1035s
  2843  1901  150.00000   50  451          -  150.00000      -   765 1040s
  2872  1930  150.00000   71  424          -  150.00000      -   763 1045s
  2904  1962  150.00000   88  429          -  150.00000      -   759 1050s
  2928  1974  150.00000   95  441          -  150.00000      -   759 1055s
  2952  1986  150.00000   46  467          -  150.00000      -   758 1060s
  2982  2014  150.00000   65  532          -  150.00000      -   755 1065s
  3007  2039  150.00000   82  519          -  150.00000      -   753 1070s
  3028  2060  150.00000   90  523          -  150.00000      -   753 1075s
  3041  2071  150.00000   97  608          -  150.00000      -   755 1080s
  3052  2070 infeasible   99               -  150.00000      -   757 1085s
  3067  2075 infeasible  103               -  150.00000      -   758 1090s
  3080  2088  150.00000  111  613          -  150.00000      -   759 1095s
  3088  2092  150.00000  111  615          -  150.00000      -   761 1100s
  3099  2101  150.00000  116  668          -  150.00000      -   763 1105s
  3106  2106  150.00000  117  684          -  150.00000      -   766 1110s
  3116  2108 infeasible  122               -  150.00000      -   768 1116s
  3136  2126  150.00000   46  681          -  150.00000      -   767 1121s
  3159  2149  150.00000   62  528          -  150.00000      -   765 1125s
  3182  2172  150.00000   78  458          -  150.00000      -   765 1130s
  3206  2194  150.00000   90  538          -  150.00000      -   765 1135s
  3226  2212  150.00000   97  517          -  150.00000      -   765 1140s
  3243  2223  150.00000  108  484          -  150.00000      -   765 1145s
  3254  2226 infeasible  113               -  150.00000      -   767 1150s
  3266  2232 infeasible  121               -  150.00000      -   769 1155s
  3291  2251  150.00000   42  416          -  150.00000      -   766 1160s
  3318  2278  150.00000   57  469          -  150.00000      -   764 1165s
  3341  2301  150.00000   68  492          -  150.00000      -   764 1170s
  3361  2321  150.00000   80  580          -  150.00000      -   763 1175s
  3376  2334  150.00000   89  454          -  150.00000      -   765 1180s
  3400  2358  150.00000  100  538          -  150.00000      -   763 1185s
  3412  2368 infeasible  109               -  150.00000      -   764 1190s
  3422  2376  150.00000  112  523          -  150.00000      -   766 1195s
  3432  2384  148.40843  117  811          -  150.00000      -   768 1200s
  3442  2390 infeasible  121               -  150.00000      -   771 1205s
  3448  2388 infeasible  121               -  150.00000      -   774 1210s
  3469  2391  150.00000   33  398          -  150.00000      -   773 1215s
  3505  2425  150.00000   63  435          -  150.00000      -   769 1220s
  3534  2450  150.00000   83  435          -  150.00000      -   767 1225s
  3553  2469  150.00000   91  432          -  150.00000      -   767 1230s
  3563  2473 infeasible   97               -  150.00000      -   770 1235s
  3572  2474  150.00000   33  412          -  150.00000      -   772 1240s
  3611  2513  150.00000   58  427          -  150.00000      -   768 1245s
  3636  2532  150.00000   66  477          -  150.00000      -   767 1250s
  3660  2550 infeasible   79               -  150.00000      -   767 1255s
  3671  2553 infeasible   81               -  150.00000      -   768 1260s
  3703  2577  150.00000   33  406          -  150.00000      -   765 1265s
  3739  2613  150.00000   54  407          -  150.00000      -   760 1270s
  3763  2637  150.00000   69  533          -  150.00000      -   759 1275s
  3778  2652  150.00000   76  551          -  150.00000      -   759 1280s
  3797  2671  150.00000   88  468          -  150.00000      -   759 1285s
  3808  2682  150.00000   96  663          -  150.00000      -   760 1290s
  3816  2688  150.00000  100  639          -  150.00000      -   762 1295s
  3824  2696  149.28580  106  706          -  150.00000      -   765 1301s
  3827  2699  150.00000  107  635          -  150.00000      -   767 1305s
  3833  2701  150.00000  110  716          -  150.00000      -   770 1310s
  3835  2703  150.00000  111  769          -  150.00000      -   771 1347s
  3839  2707  149.76829  112  761          -  150.00000      -   772 1350s
  3852  2714  149.54847  113  779          -  150.00000      -   773 1355s
  3865  2723  148.91834  118  798          -  150.00000      -   776 1360s
  3887  2737  148.23720  126  732          -  150.00000      -   775 1365s
  3911  2749 infeasible  129               -  150.00000      -   774 1370s
  3934  2762  150.00000   46  387          -  150.00000      -   773 1375s
  3970  2796  150.00000   69  416          -  150.00000      -   769 1380s
  3999  2811  150.00000   54  478          -  150.00000      -   767 1385s
  4030  2838  150.00000   72  433          -  150.00000      -   764 1390s
  4059  2867  150.00000   91  461          -  150.00000      -   762 1395s
  4080  2886  150.00000  102  507          -  150.00000      -   761 1400s
  4111  2905 infeasible   60               -  150.00000      -   759 1405s
  4147  2941  150.00000   83  422          -  150.00000      -   755 1410s
  4168  2950 infeasible   90               -  150.00000      -   755 1415s
  4202  2970  150.00000   61  414          -  150.00000      -   752 1420s
  4224  2992  150.00000   70  451          -  150.00000      -   752 1425s
  4249  3017  150.00000   84  475          -  150.00000      -   751 1430s
  4261  3027  150.00000   89  630          -  150.00000      -   752 1435s
  4272  3034  150.00000   98  565          -  150.00000      -   753 1440s
  4312  3062  150.00000   71  472          -  150.00000      -   749 1445s
  4340  3086  150.00000   89  429          -  150.00000      -   747 1450s
  4365  3111  150.00000  106  532          -  150.00000      -   746 1455s
  4374  3118  150.00000  108  507          -  150.00000      -   748 1460s
  4390  3130  150.00000  117  545          -  150.00000      -   748 1465s
  4403  3137  150.00000  122  619          -  150.00000      -   750 1471s
  4414  3142  150.00000  128  573          -  150.00000      -   751 1475s
  4428  3146 infeasible  132               -  150.00000      -   752 1480s
  4435  3149  149.16106  135  742          -  150.00000      -   754 1485s
  4441  3149 infeasible  137               -  150.00000      -   756 1490s
  4457  3155  150.00000   53  421          -  150.00000      -   757 1495s
  4490  3184 infeasible   77               -  150.00000      -   754 1500s
  4522  3206 infeasible   95               -  150.00000      -   752 1505s
  4563  3237  150.00000   49  406          -  150.00000      -   748 1510s
  4599  3273  150.00000   74  460          -  150.00000      -   744 1515s
  4605  3279  150.00000   74  627          -  150.00000      -   747 1520s
  4620  3292 infeasible   83               -  150.00000      -   748 1526s
  4630  3302  149.88958   90  703          -  150.00000      -   749 1530s
  4640  3312  149.84715   94  640          -  150.00000      -   751 1535s
  4660  3332  150.00000  108  523          -  150.00000      -   750 1540s
  4675  3341  150.00000  114  572          -  150.00000      -   750 1545s
  4685  3345  148.83481  119  640          -  150.00000      -   752 1550s
  4713  3355 infeasible  126               -  150.00000      -   751 1555s
  4733  3367  146.75969  132  610          -  150.00000      -   750 1560s
  4758  3370  150.00000   27  427          -  150.00000      -   749 1565s
  4795  3407  150.00000   48  432          -  150.00000      -   746 1570s
  4821  3433  150.00000   65  436          -  150.00000      -   744 1575s
  4845  3453  150.00000   75  432          -  150.00000      -   744 1580s
  4868  3476  150.00000   91  494          -  150.00000      -   743 1585s
  4882  3486  150.00000   97  465          -  150.00000      -   744 1590s
  4901  3495  150.00000  100  395          -  150.00000      -   744 1595s
  4931  3515  150.00000   41  470          -  150.00000      -   742 1600s
  4977  3561  150.00000   78  486          -  150.00000      -   737 1605s
  4998  3578  150.00000   89  486          -  150.00000      -   737 1610s
  5015  3587  150.00000   97  466          -  150.00000      -   737 1615s
  5026  3588  150.00000  100  712          -  150.00000      -   739 1620s
  5065  3615  150.00000   45  368          -  150.00000      -   735 1625s
  5100  3650  150.00000   71  468          -  150.00000      -   732 1630s
  5120  3666  150.00000   86  403          -  150.00000      -   731 1635s
  5145  3687  150.00000   97  427          -  150.00000      -   730 1640s
  5167  3703 infeasible  109               -  150.00000      -   731 1646s
  5177  3705  150.00000  112  490          -  150.00000      -   731 1650s
  5185  3705  150.00000  116  464          -  150.00000      -   733 1655s
  5225  3737  150.00000   50  391          -  150.00000      -   730 1660s
  5258  3770  150.00000   72  438          -  150.00000      -   728 1665s
  5279  3787 infeasible   85               -  150.00000      -   728 1670s
  5305  3795  150.00000   55  481          -  150.00000      -   727 1675s
  5336  3826  150.00000   76  464          -  150.00000      -   725 1680s
  5369  3859  150.00000   97  442          -  150.00000      -   722 1685s
  5382  3870  150.00000  101  453          -  150.00000      -   724 1690s
  5400  3886  150.00000  108  577          -  150.00000      -   724 1695s
  5414  3894  150.00000  112  560          -  150.00000      -   724 1700s
  5423  3889 infeasible  115               -  150.00000      -   726 1705s
  5455  3917  150.00000   74  360          -  150.00000      -   724 1710s
  5478  3926 infeasible   85               -  150.00000      -   724 1715s
  5517  3961  150.00000   57  444          -  150.00000      -   721 1720s
  5537  3975 infeasible   68               -  150.00000      -   721 1725s
  5557  3991 infeasible   76               -  150.00000      -   721 1730s
  5584  4018  150.00000   91  390          -  150.00000      -   720 1735s
  5601  4035  150.00000   97  538          -  150.00000      -   721 1740s
  5621  4055  150.00000  108  476          -  150.00000      -   721 1745s
  5635  4067 infeasible  114               -  150.00000      -   722 1750s
  5648  4080  150.00000  124  597          -  150.00000      -   722 1755s
  5661  4093  150.00000  128  682          -  150.00000      -   723 1760s
  5671  4099 infeasible  134               -  150.00000      -   724 1765s
  5678  4096 infeasible  134               -  150.00000      -   726 1770s
  5720  4138  150.00000   55  375          -  150.00000      -   723 1775s
  5748  4166  150.00000   76  439          -  150.00000      -   721 1780s
  5772  4190  150.00000   89  474          -  150.00000      -   720 1785s
  5798  4214  150.00000  108  528          -  150.00000      -   719 1790s
  5813  4227  150.00000  117  500          -  150.00000      -   720 1795s
  5831  4235  150.00000  125  504          -  150.00000      -   720 1800s
  5843  4239 infeasible  131               -  150.00000      -   721 1805s
  5858  4242 infeasible  137               -  150.00000      -   721 1810s
  5869  4243  150.00000  141  470          -  150.00000      -   723 1815s
  5902  4266  150.00000   59  464          -  150.00000      -   721 1820s
  5925  4287  150.00000   73  444          -  150.00000      -   720 1825s
  5951  4311 infeasible   89               -  150.00000      -   719 1830s
  5978  4338  150.00000  108  411          -  150.00000      -   718 1835s
  5992  4346  150.00000  115  540          -  150.00000      -   719 1840s
  6002  4350 infeasible  121               -  150.00000      -   721 1846s
  6008  4354  150.00000  122  614          -  150.00000      -   722 1850s
  6018  4360  149.88374  129  718          -  150.00000      -   723 1855s
  6027  4365  149.92591  132  737          -  150.00000      -   725 1860s
  6034  4366 infeasible  135               -  150.00000      -   726 1865s
  6059  4375  150.00000   59  421          -  150.00000      -   725 1870s
  6080  4396  150.00000   63  501          -  150.00000      -   724 1875s
  6110  4426  150.00000   82  438          -  150.00000      -   723 1880s
  6137  4453  150.00000   97  465          -  150.00000      -   722 1885s
  6155  4471  150.00000  104  434          -  150.00000      -   722 1890s
  6174  4488  150.00000  115  448          -  150.00000      -   722 1895s
  6182  4490 infeasible  117               -  150.00000      -   725 1900s
  6194  4496  150.00000  122  488          -  150.00000      -   726 1905s
  6205  4507  149.52012  126  681          -  150.00000      -   727 1910s
  6222  4520  149.83374  137  665          -  150.00000      -   727 1915s
  6233  4521  150.00000  139  545          -  150.00000      -   728 1920s
  6247  4523  150.00000   78  552          -  150.00000      -   729 1925s
  6265  4539  150.00000   89  611          -  150.00000      -   729 1930s
  6291  4553  150.00000   90  402          -  150.00000      -   728 1935s
  6317  4561 infeasible  102               -  150.00000      -   728 1940s
  6350  4592  150.00000   66  381          -  150.00000      -   726 1945s
  6388  4630  150.00000   96  438          -  150.00000      -   724 1950s
  6414  4656  150.00000  111  442          -  150.00000      -   723 1955s
  6431  4669 infeasible  119               -  150.00000      -   723 1960s
  6447  4671  150.00000   31  387          -  150.00000      -   724 1965s
  6477  4701  150.00000   52  451          -  150.00000      -   722 1993s
  6484  4708  150.00000   57  488          -  150.00000      -   721 1995s
  6515  4737  150.00000   83  490          -  150.00000      -   720 2000s
  6537  4759  150.00000   94  476          -  150.00000      -   719 2005s
  6560  4778  150.00000  101  430          -  150.00000      -   719 2010s
  6581  4791 infeasible  113               -  150.00000      -   718 2015s
  6600  4808 infeasible  123               -  150.00000      -   718 2020s
  6614  4822  150.00000  134  589          -  150.00000      -   718 2025s
  6626  4832 infeasible  143               -  150.00000      -   719 2030s
  6634  4834 infeasible  143               -  150.00000      -   720 2035s
  6648  4844  150.00000   36  415          -  150.00000      -   721 2040s
  6684  4880  150.00000   54  433          -  150.00000      -   719 2045s
  6726  4922  150.00000   82  485          -  150.00000      -   716 2050s
  6759  4955  150.00000  100  514          -  150.00000      -   714 2055s
  6781  4975  150.00000  113  493          -  150.00000      -   714 2060s
  6804  4998  150.00000  118  463          -  150.00000      -   714 2065s
  6817  5007 infeasible  127               -  150.00000      -   715 2070s
  6829  5015  150.00000  134  541          -  150.00000      -   715 2075s
  6848  5020  150.00000   39  387          -  150.00000      -   715 2080s
  6887  5059  150.00000   68  413          -  150.00000      -   713 2085s
  6918  5090  150.00000   85  410          -  150.00000      -   712 2090s
  6947  5119  150.00000  107  416          -  150.00000      -   711 2095s
  6967  5137  150.00000  117  466          -  150.00000      -   711 2100s
  6984  5150  150.00000  125  469          -  150.00000      -   711 2105s
  6995  5157  150.00000  132  599          -  150.00000      -   712 2110s
  7018  5166  150.00000   39  441          -  150.00000      -   711 2115s
  7052  5200  150.00000   62  492          -  150.00000      -   710 2120s
  7084  5232  150.00000   84  433          -  150.00000      -   708 2125s
  7113  5255  150.00000  102  398          -  150.00000      -   707 2130s
  7133  5273  150.00000  110  418          -  150.00000      -   707 2135s
  7153  5291  150.00000  123  454          -  150.00000      -   707 2140s
  7160  5292  150.00000  125  528          -  150.00000      -   709 2145s
  7169  5297 infeasible  130               -  150.00000      -   710 2150s
  7180  5304 infeasible  137               -  150.00000      -   711 2155s
  7190  5314  150.00000  141  580          -  150.00000      -   711 2160s
  7204  5326  150.00000  148  660          -  150.00000      -   712 2166s
  7208  5328  149.64329  147  617          -  150.00000      -   713 2170s
  7215  5329 infeasible  149               -  150.00000      -   714 2175s
  7220  5324 infeasible  149               -  150.00000      -   716 2180s
  7242  5346  150.00000   70  473          -  150.00000      -   716 2185s
  7273  5375  150.00000   88  468          -  150.00000      -   714 2190s
  7297  5397  150.00000  100  454          -  150.00000      -   714 2195s
  7315  5411  150.00000  115  494          -  150.00000      -   714 2200s
  7334  5414 infeasible  123               -  150.00000      -   714 2205s
  7342  5416 infeasible  125               -  150.00000      -   716 2210s
  7347  5415  150.00000   62  686          -  150.00000      -   718 2216s
  7372  5440  150.00000   80  491          -  150.00000      -   717 2220s
  7391  5459  150.00000   89  473          -  150.00000      -   717 2225s
  7420  5478  150.00000  106  481          -  150.00000      -   716 2230s
  7459  5509  150.00000   50  420          -  150.00000      -   714 2235s
  7484  5534  150.00000   67  435          -  150.00000      -   713 2240s
  7515  5565  150.00000   85  457          -  150.00000      -   712 2245s
  7537  5587  150.00000   91  496          -  150.00000      -   712 2250s
  7559  5609  150.00000  107  390          -  150.00000      -   712 2255s
  7568  5614  150.00000  113  433          -  150.00000      -   713 2260s
  7584  5630  150.00000  120  439          -  150.00000      -   713 2265s
  7598  5642  150.00000  125  589          -  150.00000      -   713 2270s
  7610  5642 infeasible  133               -  150.00000      -   715 2275s
  7620  5644 infeasible  135               -  150.00000      -   716 2280s
  7642  5658  150.00000   66  430          -  150.00000      -   716 2285s
  7668  5674  150.00000   69  488          -  150.00000      -   715 2290s
  7700  5694 infeasible   88               -  150.00000      -   714 2295s
  7731  5709  150.00000   70  408          -  150.00000      -   713 2300s
  7766  5744  150.00000   88  516          -  150.00000      -   711 2305s
  7805  5765  150.00000   63  443          -  150.00000      -   709 2310s
  7825  5785  150.00000   71  383          -  150.00000      -   709 2315s
  7850  5804 infeasible   83               -  150.00000      -   709 2320s
  7867  5813 infeasible   62               -  150.00000      -   709 2325s
  7899  5835  150.00000   46  419          -  150.00000      -   707 2330s
  7941  5877  150.00000   57  419          -  150.00000      -   705 2335s
  7965  5895  150.00000   70  368          -  150.00000      -   705 2340s
  7992  5920  150.00000   87  427          -  150.00000      -   704 2345s
  8012  5936 infeasible   91               -  150.00000      -   704 2350s
  8026  5946 infeasible   95               -  150.00000      -   705 2355s
  8041  5959  150.00000   98  420          -  150.00000      -   705 2360s
  8054  5968 infeasible  104               -  150.00000      -   706 2365s
  8061  5973  150.00000  101  687          -  150.00000      -   707 2370s
  8071  5973  150.00000  105  456          -  150.00000      -   708 2375s
  8095  5983 infeasible  112               -  150.00000      -   707 2380s
  8105  5981  150.00000  116  516          -  150.00000      -   708 2385s
  8130  6000  150.00000   60  493          -  150.00000      -   708 2390s
  8164  6034  150.00000   86  474          -  150.00000      -   707 2395s
  8198  6066  150.00000  104  441          -  150.00000      -   706 2400s
  8218  6080  150.00000  112  448          -  150.00000      -   706 2405s
  8239  6095 infeasible  121               -  150.00000      -   706 2410s
  8254  6108  150.00000  125  460          -  150.00000      -   706 2415s
  8275  6119 infeasible  135               -  150.00000      -   707 2421s
  8281  6119  150.00000   32  372          -  150.00000      -   708 2447s
  8302  6140  150.00000   49  431          -  150.00000      -   707 2450s
  8328  6166  150.00000   69  479          -  150.00000      -   706 2455s
  8357  6195  150.00000   85  429          -  150.00000      -   705 2460s
  8381  6215  150.00000  101  495          -  150.00000      -   705 2465s
  8409  6243  150.00000  113  471          -  150.00000      -   704 2470s
  8420  6250  150.00000  117  496          -  150.00000      -   705 2475s
  8430  6254 infeasible  122               -  150.00000      -   707 2481s
  8438  6256 infeasible  120               -  150.00000      -   708 2486s
  8444  6256 infeasible  124               -  150.00000      -   708 2490s
  8465  6269  150.00000   48  392          -  150.00000      -   708 2495s
  8504  6308  150.00000   74  420          -  150.00000      -   707 2500s
  8541  6345  150.00000   95  437          -  150.00000      -   705 2505s
  8559  6359  150.00000  107  440          -  150.00000      -   706 2510s
  8585  6385  150.00000  115  458          -  150.00000      -   705 2515s
  8602  6400  150.00000  123  565          -  150.00000      -   706 2520s
  8621  6417  150.00000  132  541          -  150.00000      -   706 2525s
  8634  6426  150.00000  137  513          -  150.00000      -   706 2530s
  8642  6428  150.00000  138  571          -  150.00000      -   707 2535s
  8660  6432  150.00000   54  451          -  150.00000      -   707 2540s
  8711  6483  150.00000   95  408          -  150.00000      -   705 2545s
  8739  6507 infeasible  113               -  150.00000      -   704 2550s
  8767  6531  150.00000  124  428          -  150.00000      -   704 2555s
  8788  6552  150.00000  134  482          -  150.00000      -   704 2560s
  8805  6567  150.00000  142  539          -  150.00000      -   704 2565s
  8824  6584  150.00000  150  515          -  150.00000      -   704 2570s
  8835  6589 infeasible  152               -  150.00000      -   705 2575s
  8848  6584  150.00000  152  479          -  150.00000      -   706 2580s
  8870  6598  150.00000   53  502          -  150.00000      -   706 2585s
  8911  6639  150.00000   84  477          -  150.00000      -   704 2590s
  8936  6664  150.00000   98  477          -  150.00000      -   704 2595s
  8949  6677  150.00000  107  678          -  150.00000      -   705 2600s
  8961  6687  150.00000  115  651          -  150.00000      -   705 2605s
  8975  6699  150.00000  124  629          -  150.00000      -   705 2610s
  8986  6704 infeasible  132               -  150.00000      -   706 2615s
  8995  6705 infeasible  137               -  150.00000      -   707 2620s
  9010  6714  150.00000   47  387          -  150.00000      -   707 2625s
  9057  6761  150.00000   83  397          -  150.00000      -   705 2630s
  9089  6793  150.00000   98  413          -  150.00000      -   704 2635s
  9111  6811  150.00000  108  439          -  150.00000      -   705 2640s
  9136  6828  150.00000  113  431          -  150.00000      -   705 2645s
  9158  6850  150.00000  124  584          -  150.00000      -   705 2650s
  9168  6860  150.00000  129  574          -  150.00000      -   705 2655s
  9178  6868  150.00000  132  618          -  150.00000      -   706 2660s
  9187  6877  150.00000  136  510          -  150.00000      -   707 2665s
  9197  6883 infeasible  140               -  150.00000      -   708 2670s
  9202  6886  150.00000  142  567          -  150.00000      -   709 2675s
  9213  6891 infeasible  148               -  150.00000      -   710 2680s
  9220  6890 infeasible  151               -  150.00000      -   711 2685s
  9248  6914  150.00000   55  525          -  150.00000      -   710 2690s
  9286  6952  150.00000   87  460          -  150.00000      -   709 2695s
  9309  6975  150.00000   99  541          -  150.00000      -   708 2700s
  9330  6994  150.00000  112  759          -  150.00000      -   709 2706s
  9346  7008  150.00000  122  516          -  150.00000      -   709 2710s
  9351  7011 infeasible  123               -  150.00000      -   710 2715s
  9367  7025  150.00000  131  576          -  150.00000      -   710 2720s
  9385  7041  150.00000  143  613          -  150.00000      -   710 2725s
  9396  7052  150.00000  149  570          -  150.00000      -   711 2730s
  9401  7051 infeasible  150               -  150.00000      -   713 2735s
  9411  7049  150.00000   25  484          -  150.00000      -   713 2740s
  9439  7075  150.00000   47  492          -  150.00000      -   713 2745s
  9460  7094  150.00000   62  488          -  150.00000      -   713 2750s
  9479  7111  150.00000   71  498          -  150.00000      -   713 2755s
  9506  7134  150.00000   87  422          -  150.00000      -   712 2760s
  9528  7156  150.00000   92  420          -  150.00000      -   712 2765s
  9546  7168  150.00000  102  474          -  150.00000      -   712 2770s
  9568  7190  150.00000  112  457          -  150.00000      -   712 2775s
  9588  7208  150.00000  124  525          -  150.00000      -   712 2780s
  9599  7219  150.00000  130  620          -  150.00000      -   713 2785s
  9611  7227  150.00000  139  556          -  150.00000      -   713 2790s
  9615  7227  150.00000  140  624          -  150.00000      -   715 2795s
  9623  7223 infeasible  141               -  150.00000      -   716 2800s
  9657  7257  150.00000   73  498          -  150.00000      -   715 2805s
  9675  7275  150.00000   84  584          -  150.00000      -   716 2810s
  9695  7295  150.00000  100  550          -  150.00000      -   716 2815s
  9702  7298  150.00000  102  533          -  150.00000      -   717 2820s
  9717  7313  150.00000  114  536          -  150.00000      -   717 2825s
  9728  7320  149.25623  117  736          -  150.00000      -   718 2830s
  9733  7319 infeasible  116               -  150.00000      -   719 2835s
  9739  7315  150.00000   35  426          -  150.00000      -   719 2863s
  9752  7328  150.00000   47  399          -  150.00000      -   719 2865s
  9798  7374  150.00000   81  463          -  150.00000      -   717 2870s
  9823  7399  150.00000   93  458          -  150.00000      -   717 2875s
  9848  7422  150.00000  107  519          -  150.00000      -   717 2880s
  9878  7450  150.00000  126  551          -  150.00000      -   716 2885s
  9890  7460  150.00000  128  452          -  150.00000      -   717 2890s
  9900  7462 infeasible  132               -  150.00000      -   718 2895s
  9906  7456 infeasible  131               -  150.00000      -   719 2900s
  9945  7491  150.00000   62  438          -  150.00000      -   718 2905s
  9970  7516  150.00000   79  402          -  150.00000      -   718 2910s
  9981  7527  150.00000   83  522          -  150.00000      -   718 2915s
 10008  7544  150.00000   65  373          -  150.00000      -   718 2920s
 10043  7577  150.00000   88  450          -  150.00000      -   717 2925s
 10073  7601  150.00000  105  438          -  150.00000      -   717 2930s
 10105  7623  150.00000   67  420          -  150.00000      -   716 2935s
 10140  7658  150.00000   84  412          -  150.00000      -   715 2940s
 10173  7689  150.00000  103  490          -  150.00000      -   715 2945s
 10191  7701 infeasible  111               -  150.00000      -   715 2950s
 10202  7700 infeasible  114               -  150.00000      -   716 3279s
 10204  7702  150.00000   55  500          -  150.00000      -   716 3280s
 10232  7730  150.00000   75  462          -  150.00000      -   716 3285s
 10260  7758  150.00000   90  548          -  150.00000      -   715 3290s
 10297  7793  150.00000  115  479          -  150.00000      -   714 3295s
 10322  7806  150.00000   54  459          -  150.00000      -   714 3300s
 10359  7841  150.00000   81  459          -  150.00000      -   713 3305s
 10385  7867  150.00000   93  417          -  150.00000      -   712 3310s
 10410  7890  150.00000  102  431          -  150.00000      -   712 3315s
 10436  7916  150.00000  115  505          -  150.00000      -   712 3320s
 10450  7926  150.00000  125  587          -  150.00000      -   713 3325s
 10468  7930 infeasible  136               -  150.00000      -   713 3330s
 10504  7962  150.00000   80  487          -  150.00000      -   712 3335s
 10550  8006  150.00000  109  479          -  150.00000      -   711 3340s
 10574  8030  150.00000  123  388          -  150.00000      -   711 3345s
 10595  8049  150.00000  132  519          -  150.00000      -   711 3350s
 10612  8060 infeasible  140               -  150.00000      -   712 3355s
 10627  8063  150.00000   89  485          -  150.00000      -   712 3360s
 10653  8089  150.00000  101  518          -  150.00000      -   712 3365s
 10667  8101  150.00000  110  595          -  150.00000      -   713 3370s
 10684  8108 infeasible  119               -  150.00000      -   714 3375s
 10709  8119  150.00000   99  434          -  150.00000      -   714 3380s
 10742  8152  150.00000  120  597          -  150.00000      -   714 3385s
 10761  8165 infeasible  131               -  150.00000      -   714 3390s
 10779  8171  150.00000   97  419          -  150.00000      -   715 3395s
 10807  8199  150.00000  112  546          -  150.00000      -   715 3400s
 10831  8219  150.00000  128  714          -  150.00000      -   715 3405s
 10840  8224 infeasible  133               -  150.00000      -   716 3410s
 10844  8226  150.00000  133  622          -  150.00000      -   717 3415s
 10850  8226 infeasible  136               -  150.00000      -   718 3420s
 10858  8224  150.00000   92  487          -  150.00000      -   719 3425s
 10893  8259  150.00000  115  531          -  150.00000      -   719 3430s
 10903  8269  150.00000  117  602          -  150.00000      -   720 3435s
 10915  8281  150.00000  126  675          -  150.00000      -   720 3440s
 10921  8287  150.00000  127  701          -  150.00000      -   721 3445s
 10928  8294  150.00000  128  663          -  150.00000      -   722 3450s
 10937  8299 infeasible  134               -  150.00000      -   723 3456s
 10948  8302 infeasible  133               -  150.00000      -   724 3460s
 10965  8309 infeasible  139               -  150.00000      -   725 3465s
 10987  8317  149.03882  149  631          -  150.00000      -   725 3470s
 11011  8335  150.00000  117  525          -  150.00000      -   725 3475s
 11037  8359  150.00000  131  557          -  150.00000      -   725 3480s
 11054  8370 infeasible  141               -  150.00000      -   726 3485s
 11060  8370 infeasible  142               -  150.00000      -   727 3490s
 11073  8379  150.00000  107  595          -  150.00000      -   728 3495s
 11098  8402  150.00000  121  491          -  150.00000      -   728 3500s
 11126  8418 infeasible  133               -  150.00000      -   728 3505s
 11142  8410  150.00000  105  451          -  150.00000      -   728 3510s
 11169  8433 infeasible  122               -  150.00000      -   728 3515s
 11210  8460  150.00000   71  437          -  150.00000      -   727 3520s
 11241  8489 infeasible   92               -  150.00000      -   726 3525s
 11262  8508 infeasible  109               -  150.00000      -   726 3530s
 11281  8523  150.00000  115  477          -  150.00000      -   727 3535s
 11302  8544  150.00000  128  522          -  150.00000      -   727 3540s
 11317  8545  150.00000   42  392          -  150.00000      -   727 3545s
 11359  8587  150.00000   68  479          -  150.00000      -   726 3550s
 11396  8622  150.00000   92  402          -  150.00000      -   725 3555s
 11427  8651  150.00000  107  384          -  150.00000      -   724 3560s
 11456  8680  150.00000  119  470          -  150.00000      -   724 3565s
 11479  8699  150.00000  132  507          -  150.00000      -   724 3570s
 11490  8708  150.00000  137  474          -  150.00000      -   725 3575s
 11496  8708 infeasible  138               -  150.00000      -   726 3580s
 11528  8734  150.00000   48  465          -  150.00000      -   725 3585s
 11566  8772  150.00000   74  441          -  150.00000      -   724 3590s
 11593  8791 infeasible   90               -  150.00000      -   724 3595s
 11623  8821  150.00000  102  445          -  150.00000      -   723 3600s

Cutting planes:
  Gomory: 2
  Lift-and-project: 4
  Cover: 1
  Clique: 4
  MIR: 9
  StrongCG: 3
  Flow cover: 27
  Zero half: 16
  RLT: 48
  BQP: 66

Explored 11624 nodes (8735639 simplex iterations) in 3600.01 seconds (4540.37 work units)
Thread count was 1 (of 8 available processors)

Solution count 0

Time limit reached
Best objective -, best bound 1.500000000000e+02, gap -
