
Gurobi 11.0.1 (win64) logging started Wed Mar 13 19:41:03 2024

Set parameter LogFile to value "C:\Projetos\Job_Rotation_Algorithms\Outputs\GurobiLogs\gurobi_log-output-22_wee-c46-CostaMirallesModel-NoExtraConstraint-2.log"
Gurobi Optimizer version 11.0.1 build v11.0.1rc0 (win64 - Windows 10.0 (19045.2))

CPU model: 11th Gen Intel(R) Core(TM) i7-1165G7 @ 2.80GHz, instruction set [SSE2|AVX|AVX2|AVX512]
Thread count: 4 physical cores, 8 logical processors, using up to 1 threads


Gurobi 11.0.1 (win64) logging started Thu Mar 14 01:57:24 2024

Set parameter LogFile to value "C:\Projetos\Job_Rotation_Algorithms\Outputs\GurobiLogs\gurobi_log-output-22_wee-c46-CostaMirallesModel-NoExtraConstraint-2.log"
Gurobi Optimizer version 11.0.1 build v11.0.1rc0 (win64 - Windows 10.0 (19045.2))

CPU model: 11th Gen Intel(R) Core(TM) i7-1165G7 @ 2.80GHz, instruction set [SSE2|AVX|AVX2|AVX512]
Thread count: 4 physical cores, 8 logical processors, using up to 1 threads

WLS license 901039 - registered to Bitka Analytics
Optimize a model with 3183 rows, 17310 columns and 271212 nonzeros
Model fingerprint: 0x3f0f2458
Variable types: 2 continuous, 17308 integer (17308 binary)
Coefficient statistics:
  Matrix range     [1e+00, 8e+01]
  Objective range  [1e+00, 1e+00]
  Bounds range     [1e+00, 9e+01]
  RHS range        [1e+00, 9e+01]
Presolve added 911 rows and 304 columns
Presolve time: 0.86s
Presolved: 4094 rows, 17614 columns, 122948 nonzeros
Variable types: 0 continuous, 17614 integer (16943 binary)

Root relaxation: objective 1.500000e+02, 4057 iterations, 0.22 seconds (0.28 work units)

    Nodes    |    Current Node    |     Objective Bounds      |     Work
 Expl Unexpl |  Obj  Depth IntInf | Incumbent    BestBd   Gap | It/Node Time

     0     0  150.00000    0  120          -  150.00000      -     -    1s
     0     0  150.00000    0  146          -  150.00000      -     -    1s
     0     0  150.00000    0  146          -  150.00000      -     -    1s
     0     0  150.00000    0  123          -  150.00000      -     -    4s
     0     0  150.00000    0  731          -  150.00000      -     -    5s
     0     0  150.00000    0  557          -  150.00000      -     -    5s
     0     0  150.00000    0  121          -  150.00000      -     -    6s
     0     0  150.00000    0  195          -  150.00000      -     -    6s
     0     0  150.00000    0  139          -  150.00000      -     -    7s
     0     0  150.00000    0  249          -  150.00000      -     -    7s
     0     0  150.00000    0  161          -  150.00000      -     -    8s
     0     0  150.00000    0  132          -  150.00000      -     -    8s
     0     2  150.00000    0  121          -  150.00000      -     -   11s
   100    96  150.00000   61  639          -  150.00000      -   252   15s
   232   187  150.00000   70  173          -  150.00000      -   261   20s
   379   306  150.00000   75  247          -  150.00000      -   250   25s
   507   422  150.00000   71  588          -  150.00000      -   274   30s
   581   459  150.00000   90  414          -  150.00000      -   287   35s
   593   467  150.00000   82  904          -  150.00000      -   283   40s
   597   470  150.00000   68  137          -  150.00000      -   281   45s
   601   472  150.00000   39  153          -  150.00000      -   279   50s
   605   475  150.00000   68  151          -  150.00000      -   277   55s
   620   487  150.00000   22  172          -  150.00000      -   507   61s
   706   542  150.00000   65  474          -  150.00000      -   484   65s
   721   547  150.00000   73  314          -  150.00000      -   486   70s
   757   561  150.00000   64  294          -  150.00000      -   482   75s
   783   577  150.00000   77  293          -  150.00000      -   481   80s
   812   578  150.00000   92  366          -  150.00000      -   487   85s
   897   611  150.00000   74  148          -  150.00000      -   470   90s
   947   628  150.00000   69  405          -  150.00000      -   469   95s
  1000   645  150.00000   65  366          -  150.00000      -   473  100s
  1058   639  150.00000   78  265          -  150.00000      -   472  105s
  1117   650  150.00000   84  216          -  150.00000      -   474  110s
  1154   649 infeasible   94               -  150.00000      -   481  115s
  1206   651 infeasible   43               -  150.00000      -   484  120s
  1331   613  150.00000   42  220          -  150.00000      -   454  125s
  1465   581  150.00000   52  295          -  150.00000      -   428  130s
  1615   564  150.00000   31  230          -  150.00000      -   402  135s
  1754   582  150.00000   70  342          -  150.00000      -   385  140s
  1837   580  150.00000   52  478          -  150.00000      -   381  145s
  1898   604  150.00000   60  214          -  150.00000      -   383  150s
  1920   618  150.00000   69  260          -  150.00000      -   383  164s
  1923   620  150.00000   71  267          -  150.00000      -   383  165s
  1935   624 infeasible   76               -  150.00000      -   386  170s
  1958   627  150.00000   59  219          -  150.00000      -   388  175s
  1981   640 infeasible   70               -  150.00000      -   389  180s
  2031   655 infeasible   93               -  150.00000      -   391  185s
  2088   647  150.00000   86  367          -  150.00000      -   394  190s
  2146   644 infeasible   90               -  150.00000      -   391  195s
  2206   649 infeasible   85               -  150.00000      -   392  200s
  2250   649  150.00000   84  271          -  150.00000      -   396  205s
  2299   673  149.00000   92  412          -  150.00000      -   397  210s
  2346   669  149.00000   91  335          -  150.00000      -   398  215s
  2389   688 infeasible   74               -  150.00000      -   400  220s
  2433   710  150.00000   82  317          -  150.00000      -   403  225s
  2458   706 infeasible   79               -  150.00000      -   405  230s
  2511   736  150.00000   79  290          -  150.00000      -   406  235s
  2572   760 infeasible   81               -  150.00000      -   406  240s
  2609   787  150.00000   84  259          -  150.00000      -   409  245s
  2640   798  150.00000   74  233          -  150.00000      -   411  250s
  2664   805  144.56266   95  501          -  150.00000      -   414  255s
  2745   815  150.00000  107  329          -  150.00000      -   408  260s
  2829   828  150.00000   61  333          -  150.00000      -   404  265s
  2870   851  150.00000   59  232          -  150.00000      -   407  270s
  2943   892 infeasible   73               -  150.00000      -   406  275s
  3020   950  150.00000   80  335          -  150.00000      -   404  280s
  3056   955 infeasible   92               -  150.00000      -   405  285s
  3127  1019  150.00000   98  321          -  150.00000      -   403  290s
  3194  1060  150.00000   64  274          -  150.00000      -   403  295s
  3248  1100  150.00000   89  257          -  150.00000      -   402  300s
  3294  1096 infeasible   90               -  150.00000      -   403  305s
  3352  1101 infeasible   95               -  150.00000      -   403  310s
  3408  1092  150.00000   86  275          -  150.00000      -   403  315s
  3449  1092  150.00000   87  306          -  150.00000      -   403  320s
  3515  1093  150.00000   81  260          -  150.00000      -   401  325s
  3544  1088 infeasible   86               -  150.00000      -   404  330s
  3593  1090  150.00000   84  174          -  150.00000      -   404  335s
  3653  1085  150.00000   82  322          -  150.00000      -   403  340s
  3695  1095 infeasible   94               -  150.00000      -   405  345s
  3742  1105  145.75748   73  603          -  150.00000      -   405  350s
  3824  1130 infeasible   72               -  150.00000      -   402  355s
  3890  1153 infeasible  101               -  150.00000      -   399  360s
  3940  1194  150.00000   85  510          -  150.00000      -   397  365s
  3980  1203  150.00000   73  297          -  150.00000      -   398  370s
  4026  1216  150.00000   90  264          -  150.00000      -   399  375s
  4086  1206 infeasible   87               -  150.00000      -   398  380s
  4134  1216  150.00000   74  219          -  150.00000      -   397  385s
  4198  1222 infeasible   90               -  150.00000      -   397  390s
  4333  1228 infeasible   88               -  150.00000      -   388  395s
  4462  1230 infeasible   83               -  150.00000      -   382  400s
  4585  1240  150.00000   68  394          -  150.00000      -   376  405s
  4684  1270 infeasible   65               -  150.00000      -   372  410s
  4733  1285 infeasible   77               -  150.00000      -   373  415s
  4780  1296  150.00000   84  315          -  150.00000      -   374  420s
  4859  1292  150.00000   86  364          -  150.00000      -   372  425s
  4903  1297  150.00000   84  189          -  150.00000      -   375  430s
  4970  1336  149.94439   94  495          -  150.00000      -   373  435s
  5040  1363  150.00000   74  315          -  150.00000      -   373  440s
  5101  1362  150.00000   71  422          -  150.00000      -   370  445s
  5171  1352  150.00000   95  366          -  150.00000      -   369  450s
  5259  1359  150.00000   82  350          -  150.00000      -   367  455s
  5351  1404  150.00000   83  532          -  150.00000      -   364  460s
  5440  1459  150.00000   73  396          -  150.00000      -   363  465s
  5503  1484  150.00000   70  343          -  150.00000      -   362  470s
  5556  1521  150.00000   82  264          -  150.00000      -   363  475s
  5636  1536  150.00000   65  508          -  150.00000      -   362  480s
  5687  1561  150.00000   62  228          -  150.00000      -   362  485s
  5752  1596  150.00000   84  259          -  150.00000      -   362  490s
  5759  1599  150.00000   89  450          -  150.00000      -   362  495s
  5780  1604 infeasible   88               -  150.00000      -   363  500s
  5853  1646  150.00000   82  397          -  150.00000      -   361  505s
  5931  1679  150.00000   87  271          -  150.00000      -   359  510s
  5997  1711  150.00000   68  355          -  150.00000      -   359  515s
  6065  1748 infeasible   84               -  150.00000      -   359  520s
  6138  1790  150.00000   89  290          -  150.00000      -   358  525s
  6194  1800 infeasible   74               -  150.00000      -   358  530s
  6254  1823  150.00000   67  441          -  150.00000      -   358  535s
  6342  1873  150.00000   76  578          -  150.00000      -   357  540s
  6400  1900 infeasible   84               -  150.00000      -   358  545s
  6499  1950 infeasible   88               -  150.00000      -   356  550s
  6553  1959 infeasible   84               -  150.00000      -   357  555s
  6668  2002  150.00000   90  321          -  150.00000      -   354  560s
  6782  1987 infeasible   81               -  150.00000      -   351  565s
  6856  1997  150.00000   80  401          -  150.00000      -   350  570s
  6922  2001 infeasible   85               -  150.00000      -   350  575s
  6968  2000  150.00000   88  338          -  150.00000      -   351  580s
  7010  2018 infeasible   94               -  150.00000      -   353  585s
  7076  2036  150.00000  109  285          -  150.00000      -   352  590s
  7109  2028  150.00000  104  267          -  150.00000      -   354  595s
  7150  2023 infeasible  107               -  150.00000      -   355  600s
  7203  2024 infeasible   95               -  150.00000      -   354  605s
  7264  2011  150.00000   94  208          -  150.00000      -   354  610s
  7265  2012  150.00000   95  213          -  150.00000      -   354  616s
  7279  2008  150.00000   93  292          -  150.00000      -   355  620s
  7298  1995 infeasible   87               -  150.00000      -   357  625s
  7316  1995  150.00000   94  172          -  150.00000      -   357  630s
  7376  1999  150.00000  102  451          -  150.00000      -   356  635s
  7454  2015 infeasible   89               -  150.00000      -   356  640s
  7475  2018  150.00000   94  249          -  150.00000      -   358  645s
  7542  2025 infeasible   87               -  150.00000      -   357  650s
  7565  2014  150.00000   93  409          -  150.00000      -   359  655s
  7607  2016 infeasible   91               -  150.00000      -   359  660s
  7644  2009  150.00000   94  295          -  150.00000      -   360  665s
  7710  2019 infeasible  109               -  150.00000      -   360  670s
  7768  2027  150.00000   94  185          -  150.00000      -   361  675s
  7819  2036 infeasible   95               -  150.00000      -   361  680s
  7876  2038 infeasible   94               -  150.00000      -   361  685s
  7924  2022 infeasible   97               -  150.00000      -   361  690s
  7955  2009  150.00000   94  201          -  150.00000      -   363  695s
  7993  2026 infeasible  119               -  150.00000      -   364  700s
  8072  2034 infeasible  104               -  150.00000      -   364  705s
  8105  2036  150.00000   99  324          -  150.00000      -   365  710s
  8175  2053  150.00000  116  340          -  150.00000      -   364  715s
  8226  2054  150.00000   93  338          -  150.00000      -   364  720s
  8294  2063 infeasible  102               -  150.00000      -   364  725s
  8356  2058 infeasible   98               -  150.00000      -   364  730s
  8413  2061 infeasible   98               -  150.00000      -   364  735s
  8489  2058 infeasible   91               -  150.00000      -   364  740s
  8517  2034 infeasible   89               -  150.00000      -   365  745s
  8589  2041 infeasible  104               -  150.00000      -   365  750s
  8719  2075 infeasible  104               -  150.00000      -   362  755s
  8757  2060 infeasible  105               -  150.00000      -   363  760s
  8861  2058 infeasible  107               -  150.00000      -   360  765s
  8947  2054 infeasible  112               -  150.00000      -   359  770s
  9016  2050 infeasible  104               -  150.00000      -   359  775s
  9045  2048  150.00000  101  186          -  150.00000      -   359  789s
  9047  2046 infeasible  102               -  150.00000      -   359  790s
  9073  2040 infeasible  102               -  150.00000      -   360  795s
  9100  2039 infeasible  106               -  150.00000      -   361  800s
  9116  2037 infeasible  117               -  150.00000      -   362  805s
  9142  2027 infeasible  114               -  150.00000      -   363  810s
  9162  2023  150.00000  108  219          -  150.00000      -   364  815s
  9198  2027 infeasible   92               -  150.00000      -   365  820s
  9263  2037 infeasible  134               -  150.00000      -   365  825s
  9366  2038 infeasible  128               -  150.00000      -   363  830s
  9452  2035 infeasible  131               -  150.00000      -   362  835s
  9513  2024 infeasible  109               -  150.00000      -   362  840s
  9548  2023 infeasible  117               -  150.00000      -   363  845s
  9591  2034 infeasible   97               -  150.00000      -   363  850s
  9639  2022 infeasible  111               -  150.00000      -   364  855s
  9715  2031 infeasible  127               -  150.00000      -   363  860s
  9751  2018  150.00000  104  250          -  150.00000      -   364  865s
  9808  2010 infeasible   97               -  150.00000      -   364  870s
  9834  2026  150.00000   74  232          -  150.00000      -   366  875s
  9891  2056  150.00000   73  426          -  150.00000      -   366  880s
  9928  2048 infeasible   72               -  150.00000      -   367  885s
  9963  2047  150.00000   70  315          -  150.00000      -   368  890s
 10002  2054 infeasible   84               -  150.00000      -   369  895s
 10052  2056  150.00000   83  381          -  150.00000      -   369  900s
 10088  2047 infeasible   81               -  150.00000      -   370  905s
 10154  2049 infeasible   81               -  150.00000      -   370  910s
 10202  2056 infeasible   80               -  150.00000      -   370 1082s
 10229  2064  150.00000   79  347          -  150.00000      -   370 1085s
 10275  2064  150.00000   90  351          -  150.00000      -   371 1090s
 10307  2058 infeasible   84               -  150.00000      -   373 1095s
 10332  2061 infeasible   84               -  150.00000      -   375 1100s
 10365  2053 infeasible   82               -  150.00000      -   375 1105s
 10387  2043  150.00000   75  338          -  150.00000      -   377 1110s
 10434  2052  150.00000   74  141          -  150.00000      -   377 1115s
 10502  2049 infeasible   79               -  150.00000      -   377 1120s
 10554  2059 infeasible   88               -  150.00000      -   378 1125s
 10616  2067 infeasible   81               -  150.00000      -   377 1130s
 10717  2089 infeasible   89               -  150.00000      -   375 1135s
 10823  2097 infeasible   84               -  150.00000      -   373 1140s
 10923  2099 infeasible  106               -  150.00000      -   372 1145s
 11024  2089 infeasible   88               -  150.00000      -   370 1150s
 11124  2087 infeasible   94               -  150.00000      -   369 1155s
 11288  2109 infeasible   97               -  150.00000      -   366 1160s
 11380  2099 infeasible  111               -  150.00000      -   364 1165s
 11449  2085  150.00000   87  341          -  150.00000      -   364 1170s
 11518  2074  150.00000   92  238          -  150.00000      -   363 1175s
 11676  2096 infeasible   74               -  150.00000      -   361 1180s
 11706  2098 infeasible   74               -  150.00000      -   362 1185s
 11744  2094 infeasible   87               -  150.00000      -   362 1190s
 11805  2094 infeasible   87               -  150.00000      -   362 1195s
 11870  2097  150.00000   91  326          -  150.00000      -   361 1200s
 11925  2098 infeasible   82               -  150.00000      -   362 1205s
 11951  2098 infeasible   84               -  150.00000      -   362 1210s
 11985  2102  150.00000   77  367          -  150.00000      -   363 1215s
 12032  2106  150.00000   84  258          -  150.00000      -   363 1220s
 12077  2110 infeasible   84               -  150.00000      -   364 1225s
 12104  2107 infeasible   84               -  150.00000      -   364 1230s
 12129  2105  150.00000   81  434          -  150.00000      -   365 1235s
 12166  2097  150.00000   83  444          -  150.00000      -   366 1240s
 12213  2092  150.00000   85  351          -  150.00000      -   365 1245s
 12234  2089  150.00000   74  170          -  150.00000      -   366 1256s
 12245  2094  150.00000   80  296          -  150.00000      -   366 1260s
 12266  2101 infeasible   82               -  150.00000      -   366 1265s
 12296  2106  143.96988   89  458          -  150.00000      -   366 1270s
 12373  2113  150.00000   89  379          -  150.00000      -   365 1275s
 12461  2096  150.00000   80  400          -  150.00000      -   364 1280s
 12513  2102 infeasible   83               -  150.00000      -   365 1285s
 12604  2123  150.00000   92  288          -  150.00000      -   364 1290s
 12712  2121 infeasible   94               -  150.00000      -   362 1295s
 12759  2114 infeasible   89               -  150.00000      -   363 1300s
 12799  2100  150.00000   80  432          -  150.00000      -   363 1305s
 12887  2107 infeasible   92               -  150.00000      -   363 1310s
 12967  2100 infeasible   86               -  150.00000      -   362 1315s
 13031  2117 infeasible   93               -  150.00000      -   362 1320s
 13084  2131 infeasible   75               -  150.00000      -   362 1325s
 13117  2142 infeasible   77               -  150.00000      -   363 1330s
 13154  2140 infeasible   79               -  150.00000      -   363 1335s
 13201  2137  150.00000   74  301          -  150.00000      -   363 1340s
 13251  2139  150.00000   82  258          -  150.00000      -   363 1345s
 13332  2139 infeasible   74               -  150.00000      -   362 1350s
 13415  2141 infeasible   92               -  150.00000      -   361 1355s
 13486  2135  150.00000   76  449          -  150.00000      -   361 1360s
 13549  2160  150.00000   83  404          -  150.00000      -   361 1365s
 13608  2160 infeasible   88               -  150.00000      -   361 1370s
 13644  2154 infeasible   80               -  150.00000      -   361 1375s
 13685  2157  150.00000   81  348          -  150.00000      -   362 1380s
 13754  2159 infeasible   84               -  150.00000      -   362 1385s
 13790  2151  150.00000   78  455          -  150.00000      -   363 1390s
 13859  2156  150.00000   89  411          -  150.00000      -   362 1395s
 13924  2165  150.00000  101  453          -  150.00000      -   362 1400s
 13987  2166 infeasible   93               -  150.00000      -   361 1405s
 14022  2157  150.00000   90  419          -  150.00000      -   362 1410s
 14101  2163  150.00000   99  327          -  150.00000      -   361 1415s
 14167  2167 infeasible   95               -  150.00000      -   361 1420s
 14221  2170  150.00000   84  245          -  150.00000      -   361 1425s
 14286  2188 infeasible  100               -  150.00000      -   361 1430s
 14323  2189 infeasible   82               -  150.00000      -   362 1435s
 14376  2173 infeasible   91               -  150.00000      -   362 1440s
 14403  2166  150.00000   84  256          -  150.00000      -   362 1445s
 14427  2157  150.00000   95  275          -  150.00000      -   363 1458s
 14432  2158  150.00000   96  464          -  150.00000      -   363 1460s
 14456  2156  150.00000   87  336          -  150.00000      -   364 1465s
 14479  2149  150.00000   80  450          -  150.00000      -   364 1470s
 14502  2156 infeasible   92               -  150.00000      -   364 1475s
 14573  2173 infeasible  102               -  150.00000      -   364 1480s
 14617  2167 infeasible  101               -  150.00000      -   364 1485s
 14656  2163 infeasible   90               -  150.00000      -   364 1490s
 14712  2180 infeasible   76               -  150.00000      -   365 1495s
 14779  2193 infeasible   80               -  150.00000      -   365 1500s
 14809  2185 infeasible   77               -  150.00000      -   365 1505s
 14841  2184 infeasible   80               -  150.00000      -   365 1510s
 14885  2193  150.00000   84  217          -  150.00000      -   366 1515s
 14941  2201 infeasible  100               -  150.00000      -   366 1520s
 15015  2214  150.00000   78  481          -  150.00000      -   366 1525s
 15067  2211 infeasible   78               -  150.00000      -   366 1530s
 15125  2191  150.00000   83  361          -  150.00000      -   366 1535s
 15153  2192  150.00000   87  222          -  150.00000      -   367 1540s
 15210  2198 infeasible   94               -  150.00000      -   367 1545s
 15246  2186 infeasible   84               -  150.00000      -   368 1550s
 15299  2188 infeasible   83               -  150.00000      -   368 1555s
 15324  2201 infeasible   96               -  150.00000      -   368 1560s
 15361  2195 infeasible   94               -  150.00000      -   369 1565s
 15415  2203 infeasible  100               -  150.00000      -   369 1570s
 15479  2193 infeasible   92               -  150.00000      -   369 1575s
 15563  2191 infeasible   84               -  150.00000      -   368 1580s
 15595  2187 infeasible   84               -  150.00000      -   369 1585s
 15636  2183 infeasible   83               -  150.00000      -   369 1590s
 15701  2189  150.00000   84  235          -  150.00000      -   369 1595s
 15737  2197 infeasible   92               -  150.00000      -   370 1600s
 15846  2232 infeasible  121               -  150.00000      -   369 1605s
 15891  2209 infeasible  104               -  150.00000      -   370 1610s
 15934  2191  150.00000   86  506          -  150.00000      -   370 1615s
 16013  2187 infeasible   94               -  150.00000      -   370 1620s
 16052  2186 infeasible   84               -  150.00000      -   370 1625s
 16080  2186 infeasible   83               -  150.00000      -   371 1630s
 16116  2181 infeasible   80               -  150.00000      -   372 1635s
 16196  2183 infeasible   80               -  150.00000      -   371 1640s
 16307  2188 infeasible   77               -  150.00000      -   370 1645s
 16373  2194  150.00000   83  458          -  150.00000      -   370 1650s
 16422  2191  150.00000   93  396          -  150.00000      -   370 1655s
 16451  2182 infeasible   74               -  150.00000      -   371 1660s
 16480  2183 infeasible   70               -  150.00000      -   372 1665s
 16520  2192 infeasible   81               -  150.00000      -   372 1670s
 16580  2209 infeasible   94               -  150.00000      -   372 1675s
 16641  2210 infeasible   70               -  150.00000      -   372 1680s
 16695  2215 infeasible   79               -  150.00000      -   373 1685s
 16752  2214 infeasible   79               -  150.00000      -   372 1690s
 16785  2214 infeasible   80               -  150.00000      -   372 1695s
 16811  2208 infeasible   74               -  150.00000      -   373 1700s
 16874  2228  150.00000   68  366          -  150.00000      -   373 1705s
 16876  2230  150.00000   70  444          -  150.00000      -   373 1712s
 16886  2226 infeasible   70               -  150.00000      -   373 1715s
 16903  2233  149.83495   72  509          -  150.00000      -   373 1720s
 16974  2255  150.00000   60  289          -  150.00000      -   373 1725s
 17055  2314 infeasible   84               -  150.00000      -   373 1731s
 17095  2323  150.00000   93  284          -  150.00000      -   373 1735s
 17213  2321 infeasible   94               -  150.00000      -   371 1740s
 17285  2314 infeasible   70               -  150.00000      -   371 1745s
 17338  2314  150.00000   80  329          -  150.00000      -   371 1750s
 17406  2315 infeasible   76               -  150.00000      -   371 1755s
 17456  2321  150.00000   75  208          -  150.00000      -   371 1760s
 17504  2339 infeasible   65               -  150.00000      -   371 1765s
 17534  2342  150.00000   74  195          -  150.00000      -   372 1770s
 17588  2355  148.00000   94  298          -  150.00000      -   372 1775s
 17659  2342 infeasible   91               -  150.00000      -   372 1780s
 17720  2349 infeasible   79               -  150.00000      -   372 1785s
 17792  2364 infeasible   84               -  150.00000      -   371 1790s
 17844  2362  148.00000   84  250          -  150.00000      -   371 1795s
 17933  2377 infeasible   92               -  150.00000      -   370 1800s
 17999  2378 infeasible   95               -  150.00000      -   370 1805s
 18060  2382 infeasible   74               -  150.00000      -   370 1810s
 18107  2410 infeasible   97               -  150.00000      -   371 1815s
 18149  2435 infeasible   98               -  150.00000      -   371 1820s
 18206  2450  150.00000   83  348          -  150.00000      -   371 1825s
 18242  2460  150.00000   81  588          -  150.00000      -   371 1830s
 18316  2484 infeasible   94               -  150.00000      -   371 1835s
 18348  2482  150.00000   90  558          -  150.00000      -   371 1840s
 18377  2477  150.00000   86  508          -  150.00000      -   372 1845s
 18388  2482  150.00000   88  489          -  150.00000      -   372 1856s
 18408  2482  150.00000   88  533          -  150.00000      -   372 1860s
 18427  2487  150.00000   96  347          -  150.00000      -   372 1865s
 18461  2501 infeasible  114               -  150.00000      -   372 1870s
 18494  2491 infeasible  103               -  150.00000      -   372 1875s
 18537  2485 infeasible   94               -  150.00000      -   372 1880s
 18563  2487 infeasible  103               -  150.00000      -   373 1885s
 18604  2487 infeasible  109               -  150.00000      -   373 1890s
 18649  2506 infeasible   94               -  150.00000      -   374 1895s
 18683  2520  150.00000  115  280          -  150.00000      -   374 1900s
 18786  2557 infeasible   86               -  150.00000      -   373 1905s
 18812  2563 infeasible   89               -  150.00000      -   374 1910s
 18836  2555 infeasible   84               -  150.00000      -   375 1915s
 18860  2563 infeasible   87               -  150.00000      -   375 1920s
 18898  2558 infeasible   88               -  150.00000      -   376 1925s
 18939  2558  150.00000   84  269          -  150.00000      -   376 1930s
 18978  2561 infeasible   89               -  150.00000      -   376 1935s
 19058  2575 infeasible  104               -  150.00000      -   376 1940s
 19119  2572 infeasible  109               -  150.00000      -   376 1945s
 19209  2576  150.00000  104  209          -  150.00000      -   376 1950s
 19274  2573 infeasible  106               -  150.00000      -   376 1955s
 19326  2557 infeasible   89               -  150.00000      -   376 1960s
 19392  2587 infeasible  114               -  150.00000      -   376 1965s
 19480  2574 infeasible  104               -  150.00000      -   375 1970s
 19576  2570 infeasible  104               -  150.00000      -   374 1975s
 19656  2563 infeasible   98               -  150.00000      -   374 1980s
 19724  2558  148.00000   84  285          -  150.00000      -   374 1985s
 19768  2581  150.00000   93  380          -  150.00000      -   374 1990s
 19801  2564 infeasible   94               -  150.00000      -   375 1995s
 19844  2550  148.00000   80  283          -  150.00000      -   375 2000s
 19898  2564  150.00000   66  213          -  150.00000      -   375 2005s
 19973  2571  150.00000   70  217          -  150.00000      -   376 2010s
 20080  2564 infeasible   66               -  150.00000      -   375 2015s
 20142  2586  150.00000   74  368          -  150.00000      -   376 2020s
 20176  2597  150.00000   84  260          -  150.00000      -   376 2025s
 20238  2604  148.00000   84  329          -  150.00000      -   376 2030s
 20294  2619  150.00000   73  418          -  150.00000      -   377 2035s
 20324  2637  150.00000   73  332          -  150.00000      -   377 2040s
 20397  2681 infeasible   81               -  150.00000      -   377 2045s
 20423  2675 infeasible   97               -  150.00000      -   377 2050s
 20448  2669 infeasible   98               -  150.00000      -   378 2055s
 20503  2687  150.00000   74  155          -  150.00000      -   378 2060s
 20532  2702  150.00000   65  244          -  150.00000      -   378 2065s
 20577  2737  146.48695   93  411          -  150.00000      -   379 2070s
 20624  2760  150.00000   84  268          -  150.00000      -   379 2075s
 20649  2777  150.00000  102  171          -  150.00000      -   379 2086s
 20669  2773 infeasible  102               -  150.00000      -   379 2090s
 20689  2774 infeasible  100               -  150.00000      -   379 2095s
 20710  2773 infeasible   81               -  150.00000      -   380 2100s
 20766  2770 infeasible  103               -  150.00000      -   380 2105s
 20792  2765 infeasible   97               -  150.00000      -   381 2110s
 20818  2761  150.00000   87  274          -  150.00000      -   381 2115s
 20871  2796 infeasible  124               -  150.00000      -   381 2120s
 20910  2785  150.00000  112  399          -  150.00000      -   381 2125s
 20965  2786 infeasible  126               -  150.00000      -   381 2130s
 20998  2781 infeasible  108               -  150.00000      -   381 2135s
 21044  2796  150.00000   95  366          -  150.00000      -   382 2140s
 21126  2820  150.00000   83  234          -  150.00000      -   381 2145s
 21158  2812 infeasible   80               -  150.00000      -   382 2150s
 21190  2813 infeasible   77               -  150.00000      -   382 2155s
 21240  2829  150.00000   94  239          -  150.00000      -   382 2160s
 21294  2836  150.00000   76  356          -  150.00000      -   382 2165s
 21347  2860  150.00000   74  209          -  150.00000      -   382 2170s
 21365  2868 infeasible   82               -  150.00000      -   383 2175s
 21454  2912  150.00000   79  480          -  150.00000      -   382 2180s
 21502  2928  150.00000   94  185          -  150.00000      -   382 2185s
 21618  2931 infeasible  101               -  150.00000      -   381 2190s
 21647  2924  150.00000   92  383          -  150.00000      -   382 2195s
 21701  2935 infeasible   92               -  150.00000      -   381 2200s
 21762  2936 infeasible   98               -  150.00000      -   381 2205s
 21824  2954 infeasible   78               -  150.00000      -   381 2210s
 21882  2982 infeasible   74               -  150.00000      -   382 2215s
 21916  2988 infeasible   74               -  150.00000      -   382 2220s
 21941  2973 infeasible   88               -  150.00000      -   382 2225s
 21979  2983  150.00000   91  381          -  150.00000      -   383 2230s
 22001  2973  150.00000   88  355          -  150.00000      -   383 2235s
 22045  2973 infeasible   79               -  150.00000      -   383 2240s
 22098  2968  150.00000   84  166          -  150.00000      -   384 2245s
 22131  2973 infeasible   84               -  150.00000      -   384 2250s
 22170  2974 infeasible   89               -  150.00000      -   384 2255s
 22188  2969 infeasible   84               -  150.00000      -   385 2260s
 22211  2967  150.00000   81  488          -  150.00000      -   386 2265s
 22229  2961 infeasible   81               -  150.00000      -   386 2270s
 22271  2979 infeasible   74               -  150.00000      -   387 2275s
 22282  2970  150.00000   87  258          -  150.00000      -   387 2284s
 22283  2971  150.00000   88  261          -  150.00000      -   387 2285s
 22313  2973 infeasible  102               -  150.00000      -   387 2290s
 22336  2970  150.00000   85  238          -  150.00000      -   387 2295s
 22394  2998  150.00000   94  279          -  150.00000      -   387 2300s
 22435  2988  147.09728   88  359          -  150.00000      -   388 2305s
 22502  3010  145.91919   91  644          -  150.00000      -   387 2310s
 22541  3009  145.18814   94  360          -  150.00000      -   387 2315s
 22589  3006  150.00000   75  276          -  150.00000      -   387 2320s
 22610  3021  150.00000   84  282          -  150.00000      -   388 2325s
 22669  3019  150.00000   84  271          -  150.00000      -   388 2330s
 22734  3020 infeasible   79               -  150.00000      -   387 2335s
 22787  3044  149.06880   83  401          -  150.00000      -   388 2340s
 22880  3091  150.00000   84  296          -  150.00000      -   387 2345s
 22976  3109  150.00000   80  418          -  150.00000      -   386 2350s
 23002  3119  150.00000   89  388          -  150.00000      -   386 2355s
 23048  3106  150.00000   80  439          -  150.00000      -   387 2360s
 23122  3135  150.00000   79  382          -  150.00000      -   386 2365s
 23184  3139  150.00000   78  418          -  150.00000      -   386 2370s
 23230  3149 infeasible   83               -  150.00000      -   386 2375s
 23283  3169 infeasible  103               -  150.00000      -   386 2380s
 23321  3173  150.00000  107  311          -  150.00000      -   386 2385s
 23364  3166 infeasible  104               -  150.00000      -   387 2390s
 23399  3157  142.88899   87  583          -  150.00000      -   387 2395s
 23426  3150 infeasible   84               -  150.00000      -   387 2400s
 23467  3173 infeasible  103               -  150.00000      -   387 2405s
 23503  3196  150.00000  104  164          -  150.00000      -   388 2410s
 23520  3187 infeasible  100               -  150.00000      -   389 2415s
 23548  3185 infeasible   94               -  150.00000      -   389 2420s
 23592  3203 infeasible  114               -  150.00000      -   389 2425s
 23648  3182  150.00000   92  306          -  150.00000      -   389 2430s
 23713  3197 infeasible  100               -  150.00000      -   389 2435s
 23773  3195 infeasible  113               -  150.00000      -   389 2440s
 23867  3209 infeasible  108               -  150.00000      -   389 2445s
 23921  3184  150.00000   96  335          -  150.00000      -   389 2450s
 23962  3199  150.00000   98  289          -  150.00000      -   389 2463s
 23970  3191 infeasible  109               -  150.00000      -   389 2465s
 23996  3181  150.00000   90  274          -  150.00000      -   389 2470s
 24024  3191 infeasible  104               -  150.00000      -   390 2475s
 24048  3196 infeasible  101               -  150.00000      -   390 2480s
 24116  3199  150.00000  114  306          -  150.00000      -   390 2485s
 24183  3216  150.00000   73  344          -  150.00000      -   390 2490s
 24253  3236 infeasible   93               -  150.00000      -   390 2495s
 24346  3269  150.00000   77  323          -  150.00000      -   389 2500s
 24380  3279 infeasible   88               -  150.00000      -   389 2505s
 24420  3288 infeasible   93               -  150.00000      -   389 2510s
 24469  3289  150.00000   75  280          -  150.00000      -   389 2515s
 24530  3320 infeasible  103               -  150.00000      -   389 2520s
 24565  3333 infeasible   94               -  150.00000      -   390 2525s
 24645  3352 infeasible  113               -  150.00000      -   389 2530s
 24840  3365 infeasible  118               -  150.00000      -   387 2535s
 24905  3352  150.00000  109  293          -  150.00000      -   387 2540s
 25042  3364 infeasible  125               -  150.00000      -   386 2545s
 25207  3353 infeasible  116               -  150.00000      -   384 2550s
 25375  3373 infeasible  135               -  150.00000      -   382 2555s
 25466  3355 infeasible  120               -  150.00000      -   382 2560s
 25534  3354 infeasible  122               -  150.00000      -   381 2565s
 25619  3342 infeasible  105               -  150.00000      -   381 2570s
 25707  3366 infeasible  105               -  150.00000      -   380 2575s
 25779  3340 infeasible  102               -  150.00000      -   380 2580s
 25838  3343  150.00000   83  404          -  150.00000      -   380 2585s
 25892  3350 infeasible  100               -  150.00000      -   380 2590s
 25955  3339 infeasible  107               -  150.00000      -   380 2595s
 26056  3348 infeasible  114               -  150.00000      -   379 2600s
 26163  3373  150.00000  120  332          -  150.00000      -   378 2605s
 26295  3376 infeasible  126               -  150.00000      -   377 2610s
 26383  3369 infeasible  123               -  150.00000      -   377 2615s
 26505  3353 infeasible  121               -  150.00000      -   376 2620s
 26626  3357 infeasible  124               -  150.00000      -   375 2625s
 26718  3366 infeasible  131               -  150.00000      -   375 2630s
 26807  3346 infeasible  120               -  150.00000      -   374 2635s
 26885  3354 infeasible  119               -  150.00000      -   374 2640s
 26993  3340 infeasible  112               -  150.00000      -   373 2645s
 27083  3364  150.00000  102  513          -  150.00000      -   372 2650s
 27118  3353 infeasible   94               -  150.00000      -   373 2655s
 27189  3355  150.00000  104  285          -  150.00000      -   373 2660s
 27274  3345 infeasible  111               -  150.00000      -   372 2665s
 27344  3349 infeasible  105               -  150.00000      -   372 2670s
 27427  3338 infeasible  106               -  150.00000      -   372 2675s
 27560  3356 infeasible  104               -  150.00000      -   371 2680s
 27568  3354  150.00000  101  350          -  150.00000      -   370 2687s
 27592  3344  150.00000  107  262          -  150.00000      -   370 2690s
 27631  3351  150.00000  120  208          -  150.00000      -   370 2695s
 27704  3354 infeasible  113               -  150.00000      -   370 2700s
 27793  3361 infeasible  137               -  150.00000      -   370 2705s
 27967  3369 infeasible  159               -  150.00000      -   368 2710s
 28074  3356 infeasible  116               -  150.00000      -   367 2715s
 28166  3342 infeasible  114               -  150.00000      -   367 2720s
 28232  3353 infeasible  127               -  150.00000      -   367 2725s
 28286  3359 infeasible   84               -  150.00000      -   367 2730s
 28326  3359 infeasible   82               -  150.00000      -   367 2735s
 28387  3379  150.00000   81  591          -  150.00000      -   367 2740s
 28469  3403 infeasible   84               -  150.00000      -   367 2745s
 28496  3398  150.00000   78  438          -  150.00000      -   367 2750s
 28548  3414 infeasible   82               -  150.00000      -   367 2755s
 28603  3420 infeasible   84               -  150.00000      -   367 2760s
 28652  3433 infeasible   78               -  150.00000      -   367 2765s
 28708  3428  150.00000   85  252          -  150.00000      -   367 2770s
 28750  3436 infeasible   86               -  150.00000      -   367 2775s
 28846  3440  150.00000   75  276          -  150.00000      -   367 2780s
 28912  3451 infeasible   94               -  150.00000      -   367 2785s
 28966  3460  150.00000   83  438          -  150.00000      -   367 2790s
 29033  3485  150.00000   74  144          -  150.00000      -   367 2795s
 29068  3504  150.00000   94  308          -  150.00000      -   367 2800s
 29114  3497 infeasible   91               -  150.00000      -   367 2805s
 29151  3498 infeasible  101               -  150.00000      -   367 2810s
 29191  3494 infeasible   90               -  150.00000      -   368 2815s
 29240  3503 infeasible   94               -  150.00000      -   368 2820s
 29259  3502  150.00000   84  208          -  150.00000      -   368 2825s
 29324  3508 infeasible   80               -  150.00000      -   368 2830s
 29377  3491 infeasible   81               -  150.00000      -   368 2835s
 29403  3485  150.00000   78  469          -  150.00000      -   369 2840s
 29430  3488  150.00000   76  326          -  150.00000      -   369 2851s
 29435  3493  149.90028   79  474          -  150.00000      -   369 2855s
 29458  3500 infeasible   83               -  150.00000      -   369 2860s
 29504  3512 infeasible  103               -  150.00000      -   369 2865s
 29538  3500 infeasible   87               -  150.00000      -   370 2870s
 29682  3521 infeasible   89               -  150.00000      -   369 2875s
 29798  3531  150.00000   96  357          -  150.00000      -   368 2880s
 29860  3518  150.00000   86  252          -  150.00000      -   368 2885s
 29940  3519  148.00000   84  294          -  150.00000      -   368 2890s
 30019  3525  150.00000   76  364          -  150.00000      -   368 2895s
 30066  3539 infeasible   94               -  150.00000      -   368 2900s
 30112  3537 infeasible   83               -  150.00000      -   368 2905s
 30144  3538 infeasible   80               -  150.00000      -   368 2910s
 30208  3539 infeasible   73               -  150.00000      -   368 2915s
 30252  3539  150.00000   78  302          -  150.00000      -   368 2920s
 30332  3552  150.00000   86  272          -  150.00000      -   368 2925s
 30403  3561  150.00000   57  367          -  150.00000      -   368 2930s
 30467  3610  148.66654   83  412          -  150.00000      -   368 2935s
 30500  3626  150.00000   74  140          -  150.00000      -   368 2940s
 30564  3674 infeasible  108               -  150.00000      -   368 2945s
 30610  3663 infeasible  108               -  150.00000      -   368 2951s
 30649  3670 infeasible  115               -  150.00000      -   368 2955s
 30713  3681  150.00000   86  438          -  150.00000      -   368 2960s
 30753  3683 infeasible   87               -  150.00000      -   368 2965s
 30784  3688  150.00000   88  358          -  150.00000      -   368 2970s
 30811  3681  150.00000   85  643          -  150.00000      -   369 2975s
 30838  3678  150.00000   84  249          -  150.00000      -   369 2980s
 30877  3691 infeasible   84               -  150.00000      -   369 2985s
 30973  3683 infeasible   84               -  150.00000      -   369 2990s
 31060  3712 infeasible   97               -  150.00000      -   368 2995s
 31092  3713  150.00000   69  407          -  150.00000      -   369 3000s
 31123  3712  141.20625   72  377          -  150.00000      -   369 3005s
 31165  3718 infeasible   73               -  150.00000      -   369 3010s
 31234  3731 infeasible   95               -  150.00000      -   369 3015s
 31272  3717  150.00000   75  614          -  150.00000      -   369 3020s
 31319  3724  150.00000   74  218          -  150.00000      -   369 3025s
 31345  3716  150.00000   76  244          -  150.00000      -   370 3030s
 31372  3714  150.00000   74  220          -  150.00000      -   370 3035s
 31409  3712 infeasible   82               -  150.00000      -   370 3040s
 31450  3713 infeasible   80               -  150.00000      -   370 3045s
 31482  3716  150.00000   73  407          -  150.00000      -   370 3050s
 31487  3713  150.00000   72  480          -  150.00000      -   371 3055s
 31496  3710 infeasible   72               -  150.00000      -   371 3061s
 31517  3716  150.00000   75  463          -  150.00000      -   371 3065s
 31536  3713  150.00000   84  292          -  150.00000      -   372 3070s
 31560  3724 infeasible   82               -  150.00000      -   372 3075s
 31584  3720 infeasible   78               -  150.00000      -   372 3080s
 31615  3725 infeasible   84               -  150.00000      -   373 3085s
 31649  3723  150.00000   77  439          -  150.00000      -   373 3090s
 31679  3717 infeasible   78               -  150.00000      -   373 3095s
 31687  3711  150.00000   82  537          -  150.00000      -   373 3106s
 31695  3715  150.00000   86  397          -  150.00000      -   374 3110s
 31717  3723  150.00000   91  370          -  150.00000      -   374 3115s
 31730  3726 infeasible   96               -  150.00000      -   374 3120s
 31765  3717  150.00000   91  352          -  150.00000      -   374 3125s
 31785  3709  150.00000   82  364          -  150.00000      -   375 3130s
 31806  3714  150.00000   74  225          -  150.00000      -   375 3135s
 31835  3719 infeasible   80               -  150.00000      -   375 3140s
 31866  3716 infeasible   76               -  150.00000      -   375 3145s
 31901  3709 infeasible   74               -  150.00000      -   376 3150s
 31955  3718  150.00000   70  416          -  150.00000      -   376 3155s
 31982  3722 infeasible   82               -  150.00000      -   376 3160s
 32004  3726  150.00000   80  488          -  150.00000      -   376 3165s
 32071  3744 infeasible   84               -  150.00000      -   376 3170s
 32105  3749 infeasible   91               -  150.00000      -   376 3175s
 32132  3748 infeasible   88               -  150.00000      -   376 3180s
 32150  3736  150.00000   80  374          -  150.00000      -   377 3185s
 32182  3754  150.00000   52  337          -  150.00000      -   377 3190s
 32237  3780 infeasible   79               -  150.00000      -   377 3195s
 32285  3774 infeasible   75               -  150.00000      -   378 3200s
 32357  3786  142.04327   86  388          -  150.00000      -   377 3205s
 32399  3771 infeasible   70               -  150.00000      -   378 3210s
 32444  3799  146.13908   82  606          -  150.00000      -   378 3215s
 32505  3842  150.00000   81  268          -  150.00000      -   378 3220s
 32573  3886  150.00000   93  542          -  150.00000      -   377 3225s
 32634  3905 infeasible   90               -  150.00000      -   377 3230s
 32673  3920 infeasible   93               -  150.00000      -   378 3235s
 32741  3920  150.00000   93  369          -  150.00000      -   378 3240s
 32803  3920 infeasible   99               -  150.00000      -   377 3245s
 32839  3915  150.00000   94  242          -  150.00000      -   378 3250s
 32893  3917  150.00000   94  294          -  150.00000      -   378 3255s
 32946  3944  150.00000   86  174          -  150.00000      -   378 3260s
 33052  4011  150.00000   98  439          -  150.00000      -   377 3265s
 33104  4049 infeasible  114               -  150.00000      -   377 3270s
 33134  4043  145.06041  104  465          -  150.00000      -   378 3275s
 33163  4038 infeasible  115               -  150.00000      -   378 3280s
 33164  4039  150.00000  115  390          -  150.00000      -   378 3289s
 33166  4039  143.60200  116  402          -  150.00000      -   378 3290s
 33179  4036  147.42193  114  476          -  150.00000      -   378 3295s
 33194  4041  138.66121  109  470          -  150.00000      -   378 3300s
 33214  4039  150.00000   99  292          -  150.00000      -   378 3305s
 33258  4047 infeasible  104               -  150.00000      -   379 3310s
 33277  4046 infeasible  103               -  150.00000      -   379 3315s
 33337  4053 infeasible  109               -  150.00000      -   379 3320s
 33411  4052 infeasible  105               -  150.00000      -   379 3325s
 33532  4062 infeasible  111               -  150.00000      -   378 3330s
 33592  4029 infeasible  102               -  150.00000      -   378 3335s
 33629  4032 infeasible  103               -  150.00000      -   378 3340s
 33702  4066  150.00000   92  507          -  150.00000      -   378 3345s
 33759  4074 infeasible   97               -  150.00000      -   378 3350s
 33813  4074 infeasible   94               -  150.00000      -   378 3355s
 33848  4058  145.19409  112  379          -  150.00000      -   378 3360s
 33884  4068 infeasible  124               -  150.00000      -   378 3365s
 33922  4077 infeasible  124               -  150.00000      -   378 3370s
 33993  4110 infeasible  112               -  150.00000      -   378 3375s
 34036  4106 infeasible  114               -  150.00000      -   378 3380s
 34076  4102 infeasible  114               -  150.00000      -   378 3385s
 34109  4091 infeasible  110               -  150.00000      -   378 3390s
 34165  4123 infeasible  135               -  150.00000      -   378 3395s
 34209  4101 infeasible  117               -  150.00000      -   378 3400s
 34296  4119  150.00000  118  348          -  150.00000      -   378 3405s
 34402  4123 infeasible  118               -  150.00000      -   377 3410s
 34463  4116 infeasible  117               -  150.00000      -   377 3415s
 34513  4113 infeasible  127               -  150.00000      -   377 3420s
 34566  4112  145.45689  114  380          -  150.00000      -   377 3425s
 34653  4121  150.00000  126  349          -  150.00000      -   377 3430s
 34699  4105  150.00000   99  388          -  150.00000      -   377 3435s
 34738  4100  150.00000   98  384          -  150.00000      -   377 3440s
 34774  4102  149.93408  104  566          -  150.00000      -   377 3445s
 34802  4102  150.00000  104  288          -  150.00000      -   377 3450s
 34845  4092 infeasible  101               -  150.00000      -   377 3455s
 34873  4081 infeasible   89               -  150.00000      -   377 3460s
 34905  4091  147.58414   93  532          -  150.00000      -   378 3465s
 34963  4097 infeasible   92               -  150.00000      -   377 3470s
 34968  4100  149.37103   97  566          -  150.00000      -   378 3479s
 34972  4098 infeasible   95               -  150.00000      -   378 3480s
 34989  4097  150.00000   97  318          -  150.00000      -   377 3485s
 35002  4090 infeasible  107               -  150.00000      -   378 3490s
 35018  4084  147.69709   86  541          -  150.00000      -   378 3495s
 35053  4072 infeasible  109               -  150.00000      -   378 3500s
 35091  4069 infeasible   89               -  150.00000      -   379 3505s
 35161  4087 infeasible   96               -  150.00000      -   378 3510s
 35193  4095 infeasible  100               -  150.00000      -   379 3515s
 35228  4098  150.00000   94  262          -  150.00000      -   379 3520s
 35275  4129  150.00000  104  261          -  150.00000      -   379 3525s
 35355  4125 infeasible  109               -  150.00000      -   379 3530s
 35409  4110 infeasible   97               -  150.00000      -   379 3535s
 35438  4107 infeasible   88               -  150.00000      -   379 3540s
 35476  4112  150.00000   94  265          -  150.00000      -   379 3545s
 35510  4103  150.00000   92  348          -  150.00000      -   379 3550s
 35553  4094  137.58998   90  349          -  150.00000      -   379 3555s
 35590  4098  142.87965   93  545          -  150.00000      -   380 3560s
 35613  4094  150.00000   88  550          -  150.00000      -   380 3565s
 35655  4095 infeasible   90               -  150.00000      -   380 3570s
 35690  4098  146.55367   91  501          -  150.00000      -   380 3575s
 35722  4102  150.00000  105  284          -  150.00000      -   380 3581s
 35765  4118 infeasible  104               -  150.00000      -   380 3585s
 35814  4123 infeasible  104               -  150.00000      -   380 3590s
 35846  4117 infeasible  112               -  150.00000      -   381 3595s

Cutting planes:
  Gomory: 6
  Cover: 98
  Implied bound: 21
  Clique: 91
  MIR: 12
  StrongCG: 4
  Flow cover: 64
  GUB cover: 3
  Zero half: 17
  Network: 1
  Relax-and-lift: 33

Explored 35901 nodes (13680103 simplex iterations) in 3600.05 seconds (3306.01 work units)
Thread count was 1 (of 8 available processors)

Solution count 0

Time limit reached
Best objective -, best bound 1.500000000000e+02, gap -
