
Gurobi 11.0.1 (win64) logging started Thu Mar 14 08:04:51 2024

Set parameter LogFile to value "C:\Projetos\Job_Rotation_Algorithms\Outputs\GurobiLogs\gurobi_log-output-36_wee-c57-CostaMirallesModel-NoExtraConstraint-2.log"
Gurobi Optimizer version 11.0.1 build v11.0.1rc0 (win64 - Windows 10.0 (19045.2))

CPU model: 11th Gen Intel(R) Core(TM) i7-1165G7 @ 2.80GHz, instruction set [SSE2|AVX|AVX2|AVX512]
Thread count: 4 physical cores, 8 logical processors, using up to 1 threads


Gurobi 11.0.1 (win64) logging started Fri Mar 15 00:42:18 2024

Set parameter LogFile to value "C:\Projetos\Job_Rotation_Algorithms\Outputs\GurobiLogs\gurobi_log-output-36_wee-c57-CostaMirallesModel-NoExtraConstraint-2.log"
Gurobi Optimizer version 11.0.1 build v11.0.1rc0 (win64 - Windows 10.0 (19045.2))

CPU model: 11th Gen Intel(R) Core(TM) i7-1165G7 @ 2.80GHz, instruction set [SSE2|AVX|AVX2|AVX512]
Thread count: 4 physical cores, 8 logical processors, using up to 1 threads


Gurobi 11.0.1 (win64) logging started Tue Mar 19 09:18:36 2024

Set parameter LogFile to value "C:\Projetos\Job_Rotation_Algorithms\Outputs\GurobiLogs\gurobi_log-output-36_wee-c57-CostaMirallesModel-NoExtraConstraint-2.log"
Gurobi Optimizer version 11.0.1 build v11.0.1rc0 (win64 - Windows 10.0 (19045.2))

CPU model: 11th Gen Intel(R) Core(TM) i7-1165G7 @ 2.80GHz, instruction set [SSE2|AVX|AVX2|AVX512]
Thread count: 4 physical cores, 8 logical processors, using up to 1 threads


Gurobi 11.0.1 (win64) logging started Mon Apr  1 12:44:47 2024

Set parameter LogFile to value "C:\Projetos\Job_Rotation_Algorithms\Outputs\GurobiLogs\gurobi_log-output-36_wee-c57-CostaMirallesModel-NoExtraConstraint-2.log"
Gurobi Optimizer version 11.0.1 build v11.0.1rc0 (win64 - Windows 10.0 (19045.2))

CPU model: 11th Gen Intel(R) Core(TM) i7-1165G7 @ 2.80GHz, instruction set [SSE2|AVX|AVX2|AVX512]
Thread count: 4 physical cores, 8 logical processors, using up to 1 threads


Gurobi 11.0.1 (win64) logging started Mon Apr  1 21:32:43 2024

Set parameter LogFile to value "C:\Projetos\Job_Rotation_Algorithms\Outputs\GurobiLogs\gurobi_log-output-36_wee-c57-CostaMirallesModel-NoExtraConstraint-2.log"
Gurobi Optimizer version 11.0.1 build v11.0.1rc0 (win64 - Windows 10.0 (19045.2))

CPU model: 11th Gen Intel(R) Core(TM) i7-1165G7 @ 2.80GHz, instruction set [SSE2|AVX|AVX2|AVX512]
Thread count: 4 physical cores, 8 logical processors, using up to 1 threads


Gurobi 11.0.1 (win64) logging started Thu Apr  4 23:30:29 2024

Set parameter LogFile to value "C:\Projetos\Job_Rotation_Algorithms\Outputs\GurobiLogs\gurobi_log-output-36_wee-c57-CostaMirallesModel-NoExtraConstraint-2.log"
Gurobi Optimizer version 11.0.1 build v11.0.1rc0 (win64 - Windows 10.0 (19045.2))

CPU model: 11th Gen Intel(R) Core(TM) i7-1165G7 @ 2.80GHz, instruction set [SSE2|AVX|AVX2|AVX512]
Thread count: 4 physical cores, 8 logical processors, using up to 1 threads


Gurobi 11.0.1 (win64) logging started Sat Apr  6 12:59:30 2024

Set parameter LogFile to value "C:\Projetos\Job_Rotation_Algorithms\Outputs\GurobiLogs\gurobi_log-output-36_wee-c57-CostaMirallesModel-NoExtraConstraint-2.log"
Gurobi Optimizer version 11.0.1 build v11.0.1rc0 (win64 - Windows 10.0 (19045.2))

CPU model: 11th Gen Intel(R) Core(TM) i7-1165G7 @ 2.80GHz, instruction set [SSE2|AVX|AVX2|AVX512]
Thread count: 4 physical cores, 8 logical processors, using up to 1 threads


Gurobi 11.0.1 (win64) logging started Sun Apr  7 02:33:00 2024

Set parameter LogFile to value "C:\Projetos\Job_Rotation_Algorithms\Outputs\GurobiLogs\gurobi_log-output-36_wee-c57-CostaMirallesModel-NoExtraConstraint-2.log"
Gurobi Optimizer version 11.0.1 build v11.0.1rc0 (win64 - Windows 10.0 (19045.2))

CPU model: 11th Gen Intel(R) Core(TM) i7-1165G7 @ 2.80GHz, instruction set [SSE2|AVX|AVX2|AVX512]
Thread count: 4 physical cores, 8 logical processors, using up to 1 threads


Gurobi 11.0.1 (win64) logging started Sun Apr  7 09:45:52 2024

Set parameter LogFile to value "C:\Projetos\Job_Rotation_Algorithms\Outputs\GurobiLogs\gurobi_log-output-36_wee-c57-CostaMirallesModel-NoExtraConstraint-2.log"
Gurobi Optimizer version 11.0.1 build v11.0.1rc0 (win64 - Windows 10.0 (19045.2))

CPU model: 11th Gen Intel(R) Core(TM) i7-1165G7 @ 2.80GHz, instruction set [SSE2|AVX|AVX2|AVX512]
Thread count: 4 physical cores, 8 logical processors, using up to 1 threads


Gurobi 11.0.1 (win64) logging started Tue Apr  9 08:04:18 2024

Set parameter LogFile to value "C:\Projetos\Job_Rotation_Algorithms\Outputs\GurobiLogs\gurobi_log-output-36_wee-c57-CostaMirallesModel-NoExtraConstraint-2.log"
Gurobi Optimizer version 11.0.1 build v11.0.1rc0 (win64 - Windows 10.0 (19045.2))

CPU model: 11th Gen Intel(R) Core(TM) i7-1165G7 @ 2.80GHz, instruction set [SSE2|AVX|AVX2|AVX512]
Thread count: 4 physical cores, 8 logical processors, using up to 1 threads


Gurobi 11.0.1 (win64) logging started Wed Apr 10 17:33:24 2024

Set parameter LogFile to value "C:\Projetos\Job_Rotation_Algorithms\Outputs\GurobiLogs\gurobi_log-output-36_wee-c57-CostaMirallesModel-NoExtraConstraint-2.log"
Gurobi Optimizer version 11.0.1 build v11.0.1rc0 (win64 - Windows 10.0 (19045.2))

CPU model: 11th Gen Intel(R) Core(TM) i7-1165G7 @ 2.80GHz, instruction set [SSE2|AVX|AVX2|AVX512]
Thread count: 4 physical cores, 8 logical processors, using up to 1 threads


Gurobi 11.0.1 (win64) logging started Thu Apr 11 01:39:19 2024

Set parameter LogFile to value "C:\Projetos\Job_Rotation_Algorithms\Outputs\GurobiLogs\gurobi_log-output-36_wee-c57-CostaMirallesModel-NoExtraConstraint-2.log"
Gurobi Optimizer version 11.0.1 build v11.0.1rc0 (win64 - Windows 10.0 (19045.2))

CPU model: 11th Gen Intel(R) Core(TM) i7-1165G7 @ 2.80GHz, instruction set [SSE2|AVX|AVX2|AVX512]
Thread count: 4 physical cores, 8 logical processors, using up to 1 threads


Gurobi 11.0.1 (win64) logging started Fri Apr 19 18:41:20 2024

Set parameter LogFile to value "C:\Projetos\Job_Rotation_Algorithms\Outputs\GurobiLogs\gurobi_log-output-36_wee-c57-CostaMirallesModel-NoExtraConstraint-2.log"
Gurobi Optimizer version 11.0.1 build v11.0.1rc0 (win64 - Windows 10.0 (19045.2))

CPU model: 11th Gen Intel(R) Core(TM) i7-1165G7 @ 2.80GHz, instruction set [SSE2|AVX|AVX2|AVX512]
Thread count: 4 physical cores, 8 logical processors, using up to 1 threads

WLS license 901038 - registered to Bitka Analytics
Optimize a model with 3171 rows, 17034 columns and 268560 nonzeros
Model fingerprint: 0xa6a07bf1
Variable types: 2 continuous, 17032 integer (17032 binary)
Coefficient statistics:
  Matrix range     [1e+00, 8e+01]
  Objective range  [1e+00, 1e+00]
  Bounds range     [1e+00, 1e+02]
  RHS range        [1e+00, 1e+02]
Presolve added 955 rows and 493 columns
Presolve time: 1.14s
Presolved: 4126 rows, 17527 columns, 120474 nonzeros
Variable types: 0 continuous, 17527 integer (16890 binary)

Root relaxation: objective 1.500000e+02, 4006 iterations, 0.30 seconds (0.29 work units)

    Nodes    |    Current Node    |     Objective Bounds      |     Work
 Expl Unexpl |  Obj  Depth IntInf | Incumbent    BestBd   Gap | It/Node Time

     0     0  150.00000    0  109          -  150.00000      -     -    2s
     0     0  150.00000    0  107          -  150.00000      -     -    2s
     0     0  150.00000    0  107          -  150.00000      -     -    3s
     0     0  150.00000    0  138          -  150.00000      -     -    4s
     0     0  150.00000    0  447          -  150.00000      -     -    4s
     0     0  150.00000    0  320          -  150.00000      -     -    4s
     0     0  150.00000    0  912          -  150.00000      -     -    5s
     0     0  150.00000    0  734          -  150.00000      -     -    6s
     0     0  150.00000    0  698          -  150.00000      -     -    6s
     0     0  150.00000    0  710          -  150.00000      -     -    6s
     0     0  150.00000    0  676          -  150.00000      -     -    6s
     0     0  150.00000    0  160          -  150.00000      -     -    7s
     0     0  150.00000    0  258          -  150.00000      -     -    7s
     0     0  150.00000    0  280          -  150.00000      -     -    7s
     0     0  150.00000    0  283          -  150.00000      -     -    7s
     0     0  150.00000    0  283          -  150.00000      -     -    7s
     0     0  150.00000    0  276          -  150.00000      -     -    7s
     0     0  150.00000    0  276          -  150.00000      -     -    7s
     0     0  150.00000    0  275          -  150.00000      -     -    8s
     0     0  150.00000    0  275          -  150.00000      -     -    8s
     0     0  150.00000    0  291          -  150.00000      -     -    8s
     0     0  150.00000    0  151          -  150.00000      -     -    8s
     0     0  150.00000    0  148          -  150.00000      -     -    8s
     0     0  150.00000    0  546          -  150.00000      -     -    9s
     0     0  150.00000    0  356          -  150.00000      -     -    9s
     0     0  150.00000    0  336          -  150.00000      -     -    9s
     0     0  150.00000    0  135          -  150.00000      -     -   10s
     0     0  150.00000    0  142          -  150.00000      -     -   10s
     0     0  150.00000    0  144          -  150.00000      -     -   10s
     0     0  150.00000    0  144          -  150.00000      -     -   10s
     0     0  150.00000    0  143          -  150.00000      -     -   10s
     0     0  150.00000    0  144          -  150.00000      -     -   10s
     0     0  150.00000    0  290          -  150.00000      -     -   10s
     0     0  150.00000    0  236          -  150.00000      -     -   10s
     0     0  150.00000    0  235          -  150.00000      -     -   10s
     0     0  150.00000    0  223          -  150.00000      -     -   10s
     0     0  150.00000    0  139          -  150.00000      -     -   11s
     0     0  150.00000    0  339          -  150.00000      -     -   12s
     0     0  150.00000    0  337          -  150.00000      -     -   12s
     0     0  150.00000    0  115          -  150.00000      -     -   13s
     0     0  150.00000    0  306          -  150.00000      -     -   13s
     0     0  150.00000    0  274          -  150.00000      -     -   13s
     0     0  150.00000    0  149          -  150.00000      -     -   13s
     0     0  150.00000    0  122          -  150.00000      -     -   14s
     0     2  150.00000    0  111          -  150.00000      -     -   18s
    50    52  150.00000   30  102          -  150.00000      -   278   20s
   153   138  150.00000   45  797          -  150.00000      -   284   25s
   218   191  150.00000    5  860          -  150.00000      -   320   30s
   308   272  150.00000   59  576          -  150.00000      -   325   35s
   404   345  150.00000   65  636          -  150.00000      -   311   40s
   505   407  150.00000   58  121          -  150.00000      -   296   45s
   585   467  150.00000   24  107          -  150.00000      -   268   56s
   590   470  150.00000   59  154          -  150.00000      -   265   61s
   594   473  150.00000   52  194          -  150.00000      -   263   66s
   598   476  150.00000   38  156          -  150.00000      -   262   71s
   606   483  150.00000   15  173          -  150.00000      -   535   80s
   708   551  150.00000   66  469          -  150.00000      -   501   85s
   752   571  150.00000   51  225          -  150.00000      -   501   90s
   777   582  150.00000   63  274          -  150.00000      -   502   95s
   806   579 infeasible   74               -  150.00000      -   501  100s
   843   596  150.00000   62  136          -  150.00000      -   492  105s
   886   619 infeasible   84               -  150.00000      -   479  110s
   974   656  150.00000   81  296          -  150.00000      -   454  115s
  1037   669  150.00000   74  222          -  150.00000      -   445  120s
  1074   684 infeasible   92               -  150.00000      -   448  125s
  1125   701  149.94193   85  453          -  150.00000      -   446  130s
  1197   737  150.00000   76  314          -  150.00000      -   437  135s
  1283   747  150.00000   77  195          -  150.00000      -   421  140s
  1352   749 infeasible   82               -  150.00000      -   416  145s
  1437   770 infeasible   72               -  150.00000      -   404  150s
  1536   784  150.00000   57  346          -  150.00000      -   389  155s
  1652   823  150.00000   80  356          -  150.00000      -   373  160s
  1696   850  150.00000   99  306          -  150.00000      -   374  165s
  1812   876  150.00000   74  153          -  150.00000      -   360  170s
  1960   893  150.00000   79  261          -  150.00000      -   343  175s
  2097   956 infeasible   94               -  150.00000      -   329  180s
  2281  1020  150.00000   86  141          -  150.00000      -   311  185s
  2385  1065  150.00000   19  198          -  150.00000      -   305  190s
  2468  1137  150.00000   74  244          -  150.00000      -   305  195s
  2554  1194  150.00000   46  409          -  150.00000      -   303  200s
  2663  1280  150.00000   66  249          -  150.00000      -   298  205s
  2762  1351  150.00000   92  189          -  150.00000      -   295  210s
  2882  1437 infeasible  112               -  150.00000      -   288  215s
  2939  1474  150.00000   65  128          -  150.00000      -   287  220s
  3061  1567  150.00000   77  183          -  150.00000      -   281  225s
  3093  1587  150.00000   98  216          -  150.00000      -   279  237s
  3109  1593  150.00000   40  174          -  150.00000      -   278  240s
  3136  1620  150.00000   57  165          -  150.00000      -   278  245s
  3167  1649  150.00000   73  263          -  150.00000      -   277  250s
  3322  1741  150.00000   98  218          -  150.00000      -   268  255s
  3411  1803  150.00000   95  181          -  150.00000      -   266  260s
  3543  1903  150.00000   62  188          -  150.00000      -   260  265s
  3626  1969  150.00000   62  148          -  150.00000      -   258  270s
  3779  2083  150.00000   87  299          -  150.00000      -   252  275s
  3895  2160  150.00000   41  463          -  150.00000      -   247  280s
  4009  2230 infeasible   72               -  150.00000      -   245  285s
  4177  2343 infeasible  128               -  150.00000      -   239  290s
  4291  2415  150.00000   35   92          -  150.00000      -   236  295s
  4382  2491 infeasible   91               -  150.00000      -   235  300s
  4482  2555  150.00000   77  245          -  150.00000      -   232  305s
  4598  2637  150.00000   77  177          -  150.00000      -   230  310s
  4717  2722 infeasible  110               -  150.00000      -   227  315s
  4816  2806  150.00000   62   97          -  150.00000      -   226  320s
  4876  2860  150.00000   89  289          -  150.00000      -   226  325s
  4911  2891  150.00000  105  386          -  150.00000      -   226  330s
  4979  2927  150.00000   51  204          -  150.00000      -   225  335s
  5055  2996  150.00000   91  167          -  150.00000      -   225  340s
  5101  3020  150.00000  112  258          -  150.00000      -   225  347s
  5163  3044  150.00000   78  302          -  150.00000      -   223  350s
  5251  3111  150.00000   62  266          -  150.00000      -   223  355s
  5389  3215 infeasible  112               -  150.00000      -   221  360s
  5553  3309 infeasible  113               -  150.00000      -   217  365s
  5692  3412 infeasible   88               -  150.00000      -   215  370s
  5796  3484  150.00000   78  260          -  150.00000      -   213  375s
  5931  3575 infeasible  100               -  150.00000      -   213  380s
  6130  3690 infeasible   84               -  150.00000      -   209  385s
  6306  3812  150.00000   53  347          -  150.00000      -   206  390s
  6476  3926  150.00000   61  456          -  150.00000      -   204  395s
  6614  4040  150.00000   95  294          -  150.00000      -   203  400s
  6763  4136  150.00000   64  338          -  150.00000      -   202  405s
  6907  4246 infeasible  113               -  150.00000      -   201  410s
  7065  4360  150.00000   77  250          -  150.00000      -   199  415s
  7170  4439  150.00000   72  189          -  150.00000      -   199  420s
  7403  4572  150.00000   91  242          -  150.00000      -   196  425s
  7679  4760  150.00000   91  293          -  150.00000      -   192  430s
  7888  4869  150.00000   70  249          -  150.00000      -   190  435s
  8121  5003  150.00000   87  181          -  150.00000      -   187  440s
  8350  5152  150.00000  103  191          -  150.00000      -   184  445s
  8588  5291 infeasible   93               -  150.00000      -   182  450s
  8742  5372 infeasible   76               -  150.00000      -   181  455s
  8929  5453  150.00000   36  423          -  150.00000      -   179  460s
  9059  5537  150.00000   56  344          -  150.00000      -   179  465s
  9192  5623 infeasible  105               -  150.00000      -   178  470s
  9309  5668 infeasible   94               -  150.00000      -   178  475s
  9454  5762  150.00000   63  126          -  150.00000      -   178  480s
  9542  5817  150.00000   61  207          -  150.00000      -   179  485s
  9794  5996 infeasible  102               -  150.00000      -   176  490s
  9927  6087  150.00000   82  225          -  150.00000      -   176  495s
 10088  6169  150.00000   87  271          -  150.00000      -   175  500s
 10202  6238  150.00000   91  277          -  150.00000      -   174  596s
 10327  6318  149.00000  104  231          -  150.00000      -   173  600s
 10501  6405  150.00000   91  287          -  150.00000      -   172  605s
 10691  6529  150.00000   73  210          -  150.00000      -   170  610s
 10876  6662  150.00000   75  277          -  150.00000      -   169  615s
 11006  6741  150.00000   78  202          -  150.00000      -   169  620s
 11155  6851 infeasible   98               -  150.00000      -   168  625s
 11399  6999  150.00000   85  300          -  150.00000      -   166  630s
 11581  7079  150.00000   64  224          -  150.00000      -   165  635s
 11703  7144 infeasible   95               -  150.00000      -   165  640s
 11832  7214 infeasible  114               -  150.00000      -   165  645s
 11945  7255  150.00000   88  165          -  150.00000      -   165  650s
 12054  7308  150.00000   74  376          -  150.00000      -   165  655s
 12185  7378  150.00000   95  195          -  150.00000      -   164  660s
 12325  7448 infeasible   92               -  150.00000      -   164  665s
 12400  7470  150.00000   80  251          -  150.00000      -   164  670s
 12532  7509  150.00000   87  180          -  150.00000      -   164  675s
 12645  7577  150.00000   72   79          -  150.00000      -   164  680s
 12781  7655  150.00000   73  463          -  150.00000      -   164  685s
 12846  7696  147.63047   94  239          -  150.00000      -   165  690s
 12956  7746 infeasible  107               -  150.00000      -   165  695s
 13094  7824  150.00000   91  229          -  150.00000      -   164  700s
 13123  7847  150.00000  103  192          -  150.00000      -   164  705s
 13156  7866 infeasible  115               -  150.00000      -   164  710s
 13320  7969  150.00000   95  248          -  150.00000      -   164  715s
 13497  8080  150.00000   82  204          -  150.00000      -   164  720s
 13623  8149  150.00000   72  139          -  150.00000      -   164  725s
 13709  8213  150.00000  103  296          -  150.00000      -   164  730s
 13820  8275  150.00000   82  144          -  150.00000      -   164  735s
 13919  8328 infeasible   85               -  150.00000      -   164  740s
 14007  8389  150.00000   86  437          -  150.00000      -   164  745s
 14049  8408 infeasible  104               -  150.00000      -   165  750s
 14203  8515  150.00000   92  220          -  150.00000      -   165  755s
 14333  8590  150.00000   72  122          -  150.00000      -   164  760s
 14527  8682  150.00000   75  130          -  150.00000      -   164  765s
 14692  8797  150.00000   98  169          -  150.00000      -   164  770s
 14859  8862 infeasible  139               -  150.00000      -   163  775s
 14980  8917  150.00000   82  222          -  150.00000      -   163  780s
 15070  8969  150.00000   81  243          -  150.00000      -   164  785s
 15281  9100  150.00000   74  107          -  150.00000      -   163  790s
 15328  9140 infeasible  102               -  150.00000      -   163  795s
 15482  9220  150.00000   75  224          -  150.00000      -   163  800s
 15638  9336 infeasible   96               -  150.00000      -   162  805s
 15805  9426  150.00000   76  309          -  150.00000      -   162  810s
 15815  9436  150.00000   83  170          -  150.00000      -   162  819s
 15819  9436 infeasible   84               -  150.00000      -   162  820s
 15842  9447  150.00000   98  222          -  150.00000      -   162  825s
 15856  9445 infeasible  102               -  150.00000      -   163  830s
 15875  9457 infeasible   82               -  150.00000      -   163  835s
 15949  9496  150.00000   91  252          -  150.00000      -   163  840s
 16151  9639  150.00000   58  300          -  150.00000      -   163  845s
 16296  9734  150.00000   45   91          -  150.00000      -   163  850s
 16518  9863 infeasible   87               -  150.00000      -   162  855s
 16602  9911  150.00000  103  316          -  150.00000      -   162  860s
 16774 10018 infeasible  100               -  150.00000      -   162  865s
 16969 10139 infeasible   97               -  150.00000      -   161  870s
 17205 10286  150.00000   88  214          -  150.00000      -   161  875s
 17475 10474  150.00000   94  398          -  150.00000      -   159  880s
 17596 10538 infeasible  100               -  150.00000      -   159  885s
 17766 10641  150.00000   84  322          -  150.00000      -   159  890s
 18033 10800 infeasible  102               -  150.00000      -   158  895s
 18240 10890  150.00000   87  343          -  150.00000      -   157  900s
 18376 10978 infeasible  107               -  150.00000      -   157  905s
 18601 11097  150.00000  100  219          -  150.00000      -   157  910s
 18903 11271  150.00000  108  195          -  150.00000      -   155  915s
 19161 11376 infeasible  115               -  150.00000      -   154  920s
 19335 11454  150.00000   93  282          -  150.00000      -   154  925s
 19694 11645  150.00000  100  162          -  150.00000      -   152  930s
 19878 11726 infeasible  115               -  150.00000      -   152  935s
 20185 11888  150.00000  101  219          -  150.00000      -   151  940s
 20404 12002  150.00000  101  194          -  150.00000      -   150  947s
 20689 12145 infeasible  106               -  150.00000      -   149  950s
 21086 12346  150.00000  110  129          -  150.00000      -   147  955s
 21409 12473 infeasible  127               -  150.00000      -   145  960s
 21748 12598 infeasible  121               -  150.00000      -   144  965s
 22020 12676 infeasible  128               -  150.00000      -   143  970s
 22243 12770 infeasible  111               -  150.00000      -   143  975s
 22453 12905 infeasible   76               -  150.00000      -   142  980s
 22683 13035  150.00000   43  160          -  150.00000      -   142  985s
 23022 13264  150.00000   88  508          -  150.00000      -   140  990s
 23241 13410  150.00000   88  239          -  150.00000      -   140  995s
 23430 13540  150.00000   74  267          -  150.00000      -   140 1000s
 23674 13729  150.00000  122  232          -  150.00000      -   139 1005s
 23891 13863  150.00000  104  217          -  150.00000      -   139 1010s
 24124 14013 infeasible  142               -  150.00000      -   139 1015s
 24316 14131  150.00000   82  292          -  150.00000      -   139 1020s
 24508 14267  150.00000   83  282          -  150.00000      -   139 1025s
 24696 14371 infeasible   89               -  150.00000      -   139 1030s
 24858 14464  150.00000   58  299          -  150.00000      -   139 1035s
 25056 14588  150.00000   81  339          -  150.00000      -   139 1040s
 25252 14713  150.00000   94  353          -  150.00000      -   138 1045s
 25394 14814 infeasible  119               -  150.00000      -   139 1050s
 25505 14882  150.00000   97  212          -  150.00000      -   139 1056s
 25564 14910  150.00000   69  301          -  150.00000      -   139 1063s
 25568 14914  150.00000   72  233          -  150.00000      -   139 1065s
 25661 14975  150.00000  103  261          -  150.00000      -   138 1070s
 25829 15080  150.00000   89  295          -  150.00000      -   138 1075s
 26073 15244  150.00000   88  224          -  150.00000      -   138 1080s
 26213 15311  150.00000   83  178          -  150.00000      -   138 1085s
 26353 15386 infeasible   94               -  150.00000      -   138 1090s
 26481 15436  150.00000   83  153          -  150.00000      -   138 1095s
 26608 15483  150.00000   75  252          -  150.00000      -   138 1100s
 26729 15542  150.00000   86  119          -  150.00000      -   138 1105s
 26836 15628 infeasible   92               -  150.00000      -   139 1110s
 26925 15677  150.00000   51  287          -  150.00000      -   139 1115s
 27201 15870 infeasible  139               -  150.00000      -   138 1120s
 27347 15962 infeasible  102               -  150.00000      -   138 1125s
 27491 16047 infeasible  101               -  150.00000      -   138 1130s
 27608 16078  145.16297   98  537          -  150.00000      -   138 1135s
 27735 16145  150.00000   97  201          -  150.00000      -   138 1140s
 27831 16193  150.00000   98  312          -  150.00000      -   138 1145s
 27933 16252  149.06215  114  293          -  150.00000      -   139 1150s
 28005 16286 infeasible  112               -  150.00000      -   139 1155s
 28108 16319  150.00000   94  319          -  150.00000      -   139 1160s
 28181 16369  150.00000  118  207          -  150.00000      -   139 1165s
 28300 16430 infeasible  122               -  150.00000      -   139 1170s
 28524 16540 infeasible   98               -  150.00000      -   138 1175s
 28692 16658 infeasible  104               -  150.00000      -   138 1180s
 28820 16724 infeasible  114               -  150.00000      -   138 1185s
 29032 16872  150.00000  112  117          -  150.00000      -   138 1190s
 29274 17011  150.00000   46  398          -  150.00000      -   138 1195s
 29558 17210 infeasible  112               -  150.00000      -   137 1200s
 29667 17257 infeasible  100               -  150.00000      -   137 1205s
 29717 17300  150.00000   69  329          -  150.00000      -   137 1210s
 29851 17382  150.00000   71  205          -  150.00000      -   137 1215s
 30032 17493  150.00000   66  261          -  150.00000      -   137 1220s
 30187 17587  150.00000   48  253          -  150.00000      -   137 1225s
 30428 17740 infeasible  104               -  150.00000      -   136 1230s
 30580 17785 infeasible  114               -  150.00000      -   136 1235s
 30641 17787  150.00000  104  209          -  150.00000      -   136 1240s
 30869 17864 infeasible  105               -  150.00000      -   136 1245s
 31124 17981 infeasible  104               -  150.00000      -   135 1250s
 31300 18040  150.00000  110  249          -  150.00000      -   135 1255s
 31389 18079  150.00000   92  284          -  150.00000      -   135 1260s
 31481 18141  150.00000  111  284          -  150.00000      -   135 1265s
 31537 18170 infeasible  100               -  150.00000      -   136 1270s
 31602 18187  134.76096  107  255          -  150.00000      -   136 1275s
 31695 18230  150.00000   82  107          -  150.00000      -   136 1280s
 31804 18307  150.00000   84  256          -  150.00000      -   136 1285s
 31817 18314  150.00000   90  488          -  150.00000      -   136 1295s
 31838 18319 infeasible   98               -  150.00000      -   136 1300s
 31874 18342  150.00000  101  295          -  150.00000      -   136 1305s
 32000 18378  150.00000  116  134          -  150.00000      -   136 1310s
 32218 18458 infeasible  102               -  150.00000      -   136 1315s
 32340 18470 infeasible  102               -  150.00000      -   136 1320s
 32479 18545  150.00000  122  290          -  150.00000      -   136 1325s
 32623 18639  150.00000  123  197          -  150.00000      -   136 1330s
 32762 18702 infeasible   92               -  150.00000      -   136 1335s
 32888 18760  150.00000   88  385          -  150.00000      -   136 1340s
 33004 18812 infeasible   92               -  150.00000      -   136 1345s
 33161 18870 infeasible  108               -  150.00000      -   136 1350s
 33313 18977  150.00000  106  334          -  150.00000      -   136 1355s
 33516 19118 infeasible  143               -  150.00000      -   136 1360s
 33717 19263 infeasible  111               -  150.00000      -   136 1365s
 34024 19451  150.00000  110  407          -  150.00000      -   135 1370s
 34304 19624  150.00000   91  154          -  150.00000      -   135 1375s
 34618 19845 infeasible  113               -  150.00000      -   134 1380s
 34889 20022  150.00000   78  244          -  150.00000      -   134 1385s
 35061 20130  150.00000   73  215          -  150.00000      -   134 1390s
 35261 20258  150.00000   83  236          -  150.00000      -   134 1395s
 35589 20427  150.00000   83  231          -  150.00000      -   133 1400s
 35707 20513  150.00000   99  248          -  150.00000      -   133 1406s
 35834 20552  150.00000   72   71          -  150.00000      -   133 1410s
 36025 20693 infeasible  120               -  150.00000      -   133 1415s
 36198 20775 infeasible   92               -  150.00000      -   133 1420s
 36312 20840  150.00000   92  103          -  150.00000      -   133 1425s
 36547 20963  150.00000   96  238          -  150.00000      -   133 1430s
 36648 21007  150.00000   62  102          -  150.00000      -   133 1435s
 36894 21189  150.00000   74  308          -  150.00000      -   133 1440s
 37029 21277  150.00000   86  238          -  150.00000      -   133 1445s
 37200 21367 infeasible   91               -  150.00000      -   133 1450s
 37331 21406  150.00000   78  375          -  150.00000      -   133 1455s
 37447 21488 infeasible   93               -  150.00000      -   133 1460s
 37612 21579 infeasible   99               -  150.00000      -   133 1465s
 37686 21634  149.06203  114  395          -  150.00000      -   133 1470s
 37788 21678  150.00000   89  266          -  150.00000      -   134 1475s
 37884 21728  148.03046   99  298          -  150.00000      -   134 1480s
 38005 21803  150.00000  103  192          -  150.00000      -   134 1485s
 38145 21883  150.00000   97  397          -  150.00000      -   134 1490s
 38252 21930  150.00000   93  270          -  150.00000      -   134 1495s
 38342 21991  150.00000   87  252          -  150.00000      -   134 1500s
 38522 22088 infeasible  103               -  150.00000      -   134 1505s
 38626 22134  150.00000   60  332          -  150.00000      -   134 1510s
 38645 22139  150.00000   69  360          -  150.00000      -   134 1520s
 38677 22161 infeasible   75               -  150.00000      -   134 1525s
 38801 22212  150.00000  117  260          -  150.00000      -   134 1530s
 38935 22288  149.00000   96  151          -  150.00000      -   134 1535s
 39056 22344 infeasible  131               -  150.00000      -   134 1540s
 39137 22393  150.00000   89  252          -  150.00000      -   135 1545s
 39314 22466 infeasible  109               -  150.00000      -   135 1550s
 39484 22586  147.87288   84  303          -  150.00000      -   135 1555s
 39538 22596 infeasible  108               -  150.00000      -   135 1560s
 39749 22652 infeasible  118               -  150.00000      -   135 1565s
 39922 22733 infeasible  104               -  150.00000      -   135 1570s
 40078 22791  150.00000   88  154          -  150.00000      -   135 1575s
 40272 22922  150.00000  107  374          -  150.00000      -   134 1580s
 40453 23040 infeasible  116               -  150.00000      -   134 1585s
 40704 23206 infeasible   92               -  150.00000      -   134 1590s
 40808 23273  150.00000   59  160          -  150.00000      -   134 1595s
 41126 23492  150.00000  104  293          -  150.00000      -   134 1600s
 41304 23593  150.00000   58  379          -  150.00000      -   133 1605s
 41458 23660 infeasible   70               -  150.00000      -   133 1610s
 41566 23724  150.00000   73  334          -  150.00000      -   134 1615s
 41716 23803 infeasible  104               -  150.00000      -   134 1620s
 41842 23864 infeasible   94               -  150.00000      -   134 1625s
 42045 24002  150.00000   82  199          -  150.00000      -   133 1630s
 42329 24185  150.00000   88  466          -  150.00000      -   133 1635s
 42535 24308  150.00000   89  253          -  150.00000      -   133 1640s
 42826 24456  150.00000   77  334          -  150.00000      -   133 1645s
 43059 24618  150.00000   96  350          -  150.00000      -   133 1650s
 43271 24762  150.00000  111  231          -  150.00000      -   132 1655s
 43457 24839  150.00000  102  180          -  150.00000      -   132 1660s
 43659 24980 infeasible  102               -  150.00000      -   132 1665s
 43817 25056  147.95128  128  246          -  150.00000      -   132 1670s
 44053 25176  146.86293  115  184          -  150.00000      -   132 1675s
 44258 25289 infeasible  106               -  150.00000      -   132 1680s
 44457 25409 infeasible   94               -  150.00000      -   132 1685s
 44712 25596  150.00000   92  213          -  150.00000      -   131 1690s
 45045 25714 infeasible  107               -  150.00000      -   131 1695s
 45398 25886 infeasible  124               -  150.00000      -   130 1700s
 45645 25966  150.00000  121  275          -  150.00000      -   130 1705s
 45868 26049  150.00000   81  237          -  150.00000      -   130 1710s
 45955 26105 infeasible   98               -  150.00000      -   130 1715s
 46040 26142  150.00000   78  449          -  150.00000      -   130 1720s
 46142 26196  150.00000  101  178          -  150.00000      -   130 1728s
 46150 26198  150.00000   67  174          -  150.00000      -   130 1730s
 46303 26307 infeasible   86               -  150.00000      -   130 1735s
 46474 26422  150.00000   94  275          -  150.00000      -   130 1740s
 46667 26523 infeasible  101               -  150.00000      -   130 1745s
 46783 26595 infeasible   86               -  150.00000      -   130 1750s
 46965 26709  150.00000   82  222          -  150.00000      -   130 1755s
 47149 26827  148.63767  101  337          -  150.00000      -   130 1760s
 47252 26876 infeasible  104               -  150.00000      -   130 1765s
 47366 26922 infeasible   82               -  150.00000      -   130 1770s
 47500 27000 infeasible   89               -  150.00000      -   130 1775s
 47651 27094 infeasible   99               -  150.00000      -   130 1780s
 47853 27246  150.00000  128  219          -  150.00000      -   130 1785s
 48158 27387  150.00000  106  217          -  150.00000      -   130 1790s
 48421 27552 infeasible   91               -  150.00000      -   130 1795s
 48613 27656 infeasible  120               -  150.00000      -   130 1800s
 48845 27754 infeasible   93               -  150.00000      -   130 1805s
 49109 27917 infeasible  105               -  150.00000      -   129 1810s
 49426 28072 infeasible  101               -  150.00000      -   129 1815s
 49693 28210  150.00000  118  153          -  150.00000      -   129 1820s
 49808 28245 infeasible   90               -  150.00000      -   129 1825s
 49970 28315  150.00000  110  184          -  150.00000      -   129 1830s
 50325 28465 infeasible  102               -  150.00000      -   128 1835s
 50608 28589 infeasible  100               -  150.00000      -   128 1840s
 50801 28710  150.00000   82  217          -  150.00000      -   128 1845s
 50992 28836  150.00000   82  205          -  150.00000      -   128 1850s
 51053 28876  150.00000   84  285          -  150.00000      -   128 1855s
 51231 29004 infeasible  130               -  150.00000      -   128 1860s
 51462 29149 infeasible   81               -  150.00000      -   127 1865s
 51469 29148  150.00000   81  240          -  150.00000      -   127 1874s
 51474 29151  150.00000   85  209          -  150.00000      -   127 1875s
 51514 29173 infeasible  108               -  150.00000      -   128 1880s
 51604 29195  150.00000   76  211          -  150.00000      -   128 1885s
 51761 29292  150.00000   56  230          -  150.00000      -   128 1890s
 52020 29452  150.00000   65  184          -  150.00000      -   127 1895s
 52170 29532  150.00000   65  267          -  150.00000      -   128 1900s
 52352 29649 infeasible   83               -  150.00000      -   127 1905s
 52545 29738 infeasible  101               -  150.00000      -   127 1910s
 52774 29798  145.59873   95  313          -  150.00000      -   127 1915s
 53015 29929 infeasible   93               -  150.00000      -   127 1920s
 53115 29970  150.00000   62   95          -  150.00000      -   127 1925s
 53262 30067 infeasible   80               -  150.00000      -   127 1930s
 53384 30136 infeasible  113               -  150.00000      -   127 1935s
 53512 30201  150.00000   65  256          -  150.00000      -   127 1940s
 53620 30264 infeasible  106               -  150.00000      -   127 1945s
 53764 30363 infeasible   93               -  150.00000      -   127 1950s
 53927 30471  150.00000   62  216          -  150.00000      -   128 1955s
 53974 30500 infeasible   89               -  150.00000      -   128 1960s
 54038 30544  150.00000   87  391          -  150.00000      -   128 1965s
 54178 30627  150.00000   83  241          -  150.00000      -   128 1970s
 54339 30742 infeasible   92               -  150.00000      -   128 1975s
 54475 30808 infeasible  106               -  150.00000      -   128 1980s
 54615 30880  150.00000   60  175          -  150.00000      -   128 1985s
 54741 30933 infeasible  106               -  150.00000      -   128 1990s
 54824 30956  149.00000  103  375          -  150.00000      -   128 1995s
 54995 31055  150.00000   70  279          -  150.00000      -   128 2000s
 55118 31126  150.00000   78  258          -  150.00000      -   128 2005s
 55334 31279 infeasible   76               -  150.00000      -   128 2010s
 55425 31342 infeasible  103               -  150.00000      -   128 2015s
 55488 31391  150.00000   65  242          -  150.00000      -   128 2020s
 55594 31468  150.00000   95  427          -  150.00000      -   129 2025s
 55708 31543  150.00000   92  283          -  150.00000      -   129 2030s
 55853 31630 infeasible   80               -  150.00000      -   129 2035s
 55998 31718  150.00000   82  180          -  150.00000      -   129 2040s
 56008 31727  150.00000   84  302          -  150.00000      -   129 2048s
 56020 31737  150.00000   89  254          -  150.00000      -   129 2050s
 56056 31753  150.00000  105  405          -  150.00000      -   129 2055s
 56130 31782  150.00000   73  362          -  150.00000      -   129 2060s
 56250 31856  150.00000   71  365          -  150.00000      -   129 2065s
 56363 31926  150.00000   75  345          -  150.00000      -   129 2070s
 56458 31973  150.00000   73  295          -  150.00000      -   129 2075s
 56506 31998 infeasible   84               -  150.00000      -   129 2080s
 56680 32083  150.00000   64  273          -  150.00000      -   129 2085s
 56767 32128  150.00000   79  298          -  150.00000      -   129 2090s
 56894 32187  150.00000   83  162          -  150.00000      -   129 2095s
 57019 32255  150.00000   77  265          -  150.00000      -   129 2100s
 57167 32372  150.00000   91  266          -  150.00000      -   129 2105s
 57351 32504 infeasible  126               -  150.00000      -   129 2110s
 57503 32581  150.00000   79  167          -  150.00000      -   129 2115s
 57776 32767  150.00000  110  186          -  150.00000      -   129 2120s
 58019 32904  150.00000   76  257          -  150.00000      -   129 2125s
 58271 33079  150.00000  116  176          -  150.00000      -   129 2130s
 58464 33224  150.00000   91  209          -  150.00000      -   129 2135s
 58611 33328 infeasible  112               -  150.00000      -   129 2140s
 58744 33422  150.00000   87  216          -  150.00000      -   129 2145s
 58853 33507 infeasible  109               -  150.00000      -   129 2150s
 59060 33619  150.00000  111  300          -  150.00000      -   129 2155s
 59131 33654 infeasible  124               -  150.00000      -   129 2160s
 59335 33756  150.00000   95  389          -  150.00000      -   129 2165s
 59442 33832  150.00000   91  181          -  150.00000      -   129 2170s
 59557 33912  150.00000   80  406          -  150.00000      -   129 2175s
 59580 33933  150.00000   89  579          -  150.00000      -   129 2180s
 59687 33991 infeasible   89               -  150.00000      -   129 2185s
 59771 34022  150.00000   62  153          -  150.00000      -   129 2190s
 59932 34122  150.00000   79  280          -  150.00000      -   129 2195s
 60083 34186  150.00000   88  384          -  150.00000      -   129 2200s
 60165 34216 infeasible   87               -  150.00000      -   129 2205s
 60209 34222  145.69105   87  237          -  150.00000      -   130 2210s
 60283 34252  150.00000   83  402          -  150.00000      -   130 2215s
 60394 34284  150.00000   60  245          -  150.00000      -   130 2220s
 60553 34407 infeasible   95               -  150.00000      -   130 2225s
 60816 34539 infeasible  110               -  150.00000      -   130 2230s
 61063 34688  150.00000   83  197          -  150.00000      -   129 2235s
 61212 34751  150.00000  105  147          -  150.00000      -   129 2240s
 61413 34821  150.00000  108  192          -  150.00000      -   129 2245s
 61622 34861 infeasible  127               -  150.00000      -   129 2250s
 61938 34919 infeasible  127               -  150.00000      -   129 2255s
 62149 34949  150.00000   89  476          -  150.00000      -   128 2260s
 62241 35024  150.00000  111  183          -  150.00000      -   129 2265s
 62378 35107  150.00000  100  160          -  150.00000      -   129 2275s
 62400 35113  150.00000   58  213          -  150.00000      -   129 2280s
 62639 35289 infeasible   82               -  150.00000      -   129 2285s
 62890 35470 infeasible   90               -  150.00000      -   128 2290s
 63347 35746  150.00000  112  260          -  150.00000      -   128 2295s
 63747 36039  150.00000  102  207          -  150.00000      -   127 2300s
 64097 36228  150.00000  100  175          -  150.00000      -   127 2305s
 64325 36354  150.00000   79  495          -  150.00000      -   127 2310s
 64385 36373  150.00000   65  196          -  150.00000      -   127 2315s
 64596 36468  150.00000  103  319          -  150.00000      -   127 2320s
 64699 36533  150.00000  113  279          -  150.00000      -   127 2325s
 64821 36602  150.00000   70  254          -  150.00000      -   127 2330s
 64972 36697  150.00000   97  203          -  150.00000      -   127 2335s
 65143 36788  150.00000  107  346          -  150.00000      -   127 2340s
 65296 36876 infeasible  117               -  150.00000      -   127 2345s
 65393 36964  150.00000  113  522          -  150.00000      -   127 2350s
 65557 37044 infeasible  104               -  150.00000      -   127 2355s
 65668 37118  149.00000   83  356          -  150.00000      -   127 2360s
 65711 37139 infeasible   82               -  150.00000      -   128 2365s
 65762 37160 infeasible   68               -  150.00000      -   128 2370s
 65806 37183 infeasible   78               -  150.00000      -   128 2375s
 65906 37247 infeasible   93               -  150.00000      -   128 2380s
 66091 37322  150.00000   87  282          -  150.00000      -   128 2385s
 66264 37453 infeasible  127               -  150.00000      -   128 2390s
 66337 37487 infeasible  104               -  150.00000      -   128 2395s
 66543 37598  149.00000   76  346          -  150.00000      -   128 2400s
 66700 37648 infeasible  112               -  150.00000      -   128 2405s
 66875 37728  150.00000   72  252          -  150.00000      -   128 2410s
 66992 37772  150.00000  106  242          -  150.00000      -   128 2415s
 67099 37814  150.00000   73  251          -  150.00000      -   128 2423s
 67107 37814 infeasible   95               -  150.00000      -   128 2425s
 67181 37839  150.00000   94  266          -  150.00000      -   128 2430s
 67322 37918 infeasible  102               -  150.00000      -   128 2435s
 67487 37986  149.00000   93  312          -  150.00000      -   128 2440s
 67684 38105  150.00000   74  387          -  150.00000      -   128 2445s
 67825 38148  150.00000   94  232          -  150.00000      -   128 2450s
 68074 38308  150.00000   92  148          -  150.00000      -   128 2455s
 68342 38513  150.00000   71  398          -  150.00000      -   128 2460s
 68617 38744  150.00000   72   78          -  150.00000      -   128 2465s
 68763 38856  150.00000  108  366          -  150.00000      -   128 2470s
 68917 38948  150.00000   90  151          -  150.00000      -   128 2475s
 69135 39125  150.00000   92  121          -  150.00000      -   128 2480s
 69304 39207  150.00000   98  411          -  150.00000      -   128 2485s
 69485 39329  150.00000   83  527          -  150.00000      -   128 2490s
 69658 39457  150.00000   98  232          -  150.00000      -   128 2495s
 69792 39555  150.00000  103  269          -  150.00000      -   128 2509s
 69797 39552 infeasible  102               -  150.00000      -   128 2510s
 69818 39553  150.00000   99  175          -  150.00000      -   128 2515s
 69851 39558  150.00000   86  311          -  150.00000      -   128 2520s
 69989 39632  150.00000   95  279          -  150.00000      -   128 2525s
 70190 39769  150.00000  110  367          -  150.00000      -   128 2530s
 70353 39888 infeasible   94               -  150.00000      -   128 2535s
 70424 39943 infeasible   92               -  150.00000      -   128 2540s
 70574 40045 infeasible   84               -  150.00000      -   129 2545s
 70766 40176 infeasible  142               -  150.00000      -   128 2550s
 70962 40307  150.00000  151  227          -  150.00000      -   128 2555s
 71198 40467  150.00000  101  207          -  150.00000      -   128 2560s
 71414 40630  150.00000  117  216          -  150.00000      -   128 2565s
 71701 40823 infeasible  130               -  150.00000      -   128 2570s
 72042 41046  150.00000  132  154          -  150.00000      -   128 2575s
 72286 41207 infeasible   85               -  150.00000      -   128 2580s
 72419 41305  150.00000   78  241          -  150.00000      -   128 2585s
 72496 41338  150.00000   63  313          -  150.00000      -   128 2590s
 72693 41475 infeasible   86               -  150.00000      -   128 2595s
 72847 41565  150.00000   88  220          -  150.00000      -   128 2600s
 73057 41665  150.00000  103  150          -  150.00000      -   128 2605s
 73261 41767 infeasible   74               -  150.00000      -   128 2610s
 73459 41845 infeasible  108               -  150.00000      -   128 2615s
 73574 41902  150.00000   96  202          -  150.00000      -   128 2620s
 73696 41958  150.00000   99  236          -  150.00000      -   128 2625s
 73873 42036 infeasible  115               -  150.00000      -   128 2630s
 74038 42096  150.00000  109  245          -  150.00000      -   128 2635s
 74146 42126 infeasible  122               -  150.00000      -   128 2640s
 74294 42171  150.00000   75  267          -  150.00000      -   128 2645s
 74460 42242  150.00000  103  178          -  150.00000      -   128 2650s
 74563 42299 infeasible  122               -  150.00000      -   128 2655s
 74729 42362 infeasible  112               -  150.00000      -   128 2660s
 74914 42452  149.00000  113  274          -  150.00000      -   128 2665s
 75104 42537 infeasible  115               -  150.00000      -   128 2670s
 75283 42594 infeasible  104               -  150.00000      -   128 2675s
 75485 42715  150.00000   94  225          -  150.00000      -   128 2680s
 75627 42767 infeasible  114               -  150.00000      -   128 2685s
 75779 42860 infeasible  116               -  150.00000      -   128 2690s
 75942 42947 infeasible  116               -  150.00000      -   128 2695s
 76106 43031  150.00000   97  365          -  150.00000      -   128 2700s
 76284 43103 infeasible   94               -  150.00000      -   128 2705s
 76430 43157  150.00000  110  263          -  150.00000      -   128 2710s
 76515 43194 infeasible   95               -  150.00000      -   128 2715s
 76600 43227 infeasible  103               -  150.00000      -   128 2720s
 76771 43322 infeasible  127               -  150.00000      -   128 2725s
 76919 43412 infeasible  129               -  150.00000      -   128 2730s
 77056 43499 infeasible  106               -  150.00000      -   128 2735s
 77239 43610 infeasible  101               -  150.00000      -   128 2740s
 77401 43723  150.00000   95  340          -  150.00000      -   128 2745s
 77585 43867 infeasible   94               -  150.00000      -   128 2750s
 77657 43913  150.00000   78  175          -  150.00000      -   128 2755s
 77845 44046 infeasible  132               -  150.00000      -   128 2760s
 78055 44191 infeasible  105               -  150.00000      -   128 2765s
 78262 44296  150.00000  113  267          -  150.00000      -   128 2770s
 78548 44479  150.00000   97  178          -  150.00000      -   128 2775s
 78739 44609  150.00000   91  396          -  150.00000      -   128 2780s
 78856 44668  150.00000   76  252          -  150.00000      -   128 2785s
 79072 44837  147.78032  131  252          -  150.00000      -   128 2790s
 79235 44913  150.00000   94  291          -  150.00000      -   128 2795s
 79380 44981  150.00000   86  281          -  150.00000      -   128 2800s
 79492 45052  150.00000   96  312          -  150.00000      -   128 2805s
 79637 45108  150.00000   83  257          -  150.00000      -   128 2819s
 79641 45104 infeasible   86               -  150.00000      -   128 2820s
 79681 45128 infeasible  128               -  150.00000      -   128 2825s
 79799 45206 infeasible  142               -  150.00000      -   128 2830s
 80011 45314  150.00000  125  217          -  150.00000      -   128 2835s
 80260 45396 infeasible  148               -  150.00000      -   128 2840s
 80450 45437 infeasible  136               -  150.00000      -   128 2845s
 80599 45527  148.80684  145  327          -  150.00000      -   128 2850s
 80749 45592 infeasible  168               -  150.00000      -   128 2855s
 80926 45660 infeasible  122               -  150.00000      -   128 2860s
 81072 45687  150.00000   82  226          -  150.00000      -   128 2865s
 81258 45806 infeasible  133               -  150.00000      -   128 2870s
 81442 45885  150.00000  126  141          -  150.00000      -   128 2875s
 81593 45954 infeasible  136               -  150.00000      -   128 2880s
 81659 45979 infeasible  140               -  150.00000      -   128 2885s
 81870 46057 infeasible  139               -  150.00000      -   127 2890s
 82047 46143  150.00000  132  176          -  150.00000      -   127 2895s
 82245 46195  150.00000   85  470          -  150.00000      -   127 2900s
 82366 46249  150.00000   94  360          -  150.00000      -   127 2905s
 82409 46276 infeasible   95               -  150.00000      -   128 2910s
 82473 46320  150.00000  102  325          -  150.00000      -   128 2916s
 82512 46339 infeasible  112               -  150.00000      -   128 2920s
 82563 46350  150.00000   93  128          -  150.00000      -   128 2925s
 82685 46418 infeasible  110               -  150.00000      -   128 2930s
 82824 46507  150.00000  118  180          -  150.00000      -   128 2935s
 83015 46616 infeasible   93               -  150.00000      -   128 2940s
 83150 46711 infeasible  100               -  150.00000      -   128 2945s
 83433 46826  150.00000   65  239          -  150.00000      -   128 2950s
 83555 46925 infeasible   92               -  150.00000      -   128 2955s
 83658 46964 infeasible  104               -  150.00000      -   128 2960s
 83704 46992  150.00000   95  458          -  150.00000      -   128 2965s
 83747 47020  150.00000   81  393          -  150.00000      -   128 2970s
 83880 47109  150.00000   68  185          -  150.00000      -   128 2975s
 84100 47261  150.00000   63  321          -  150.00000      -   128 2980s
 84194 47315 infeasible  104               -  150.00000      -   128 2985s
 84228 47334  150.00000   82   61          -  150.00000      -   128 2990s
 84392 47413  149.02405   83  601          -  150.00000      -   128 2995s
 84532 47515  150.00000   96  277          -  150.00000      -   128 3000s
 84669 47610  150.00000  101  266          -  150.00000      -   128 3005s
 84892 47724 infeasible  114               -  150.00000      -   128 3010s
 85034 47821  140.36546  149  348          -  150.00000      -   128 3015s
 85264 47930  150.00000  132  189          -  150.00000      -   128 3020s
 85498 48011  150.00000  106  300          -  150.00000      -   128 3025s
 85659 48063  150.00000  109  263          -  150.00000      -   128 3030s
 85960 48182 infeasible  151               -  150.00000      -   128 3035s
 86155 48276 infeasible  128               -  150.00000      -   128 3040s
 86415 48394 infeasible  124               -  150.00000      -   128 3045s
 86521 48418  150.00000   99  320          -  150.00000      -   128 3057s
 86535 48418  150.00000   93  188          -  150.00000      -   128 3060s
 86569 48430 infeasible   84               -  150.00000      -   128 3065s
 86584 48437  150.00000   88  175          -  150.00000      -   128 3070s
 86629 48445  150.00000   72   86          -  150.00000      -   128 3075s
 86686 48498  150.00000  102  191          -  150.00000      -   128 3080s
 86744 48538  150.00000   97  321          -  150.00000      -   128 3085s
 86909 48630  150.00000   72   54          -  150.00000      -   128 3090s
 87084 48759 infeasible  130               -  150.00000      -   128 3095s
 87314 48897  150.00000   92  212          -  150.00000      -   128 3100s
 87565 49061  150.00000   97  244          -  150.00000      -   128 3105s
 87773 49188 infeasible  130               -  150.00000      -   128 3110s
 87855 49232  150.00000   97  229          -  150.00000      -   128 3115s
 87931 49287  150.00000  110  444          -  150.00000      -   128 3120s
 88031 49352  149.72348  109  591          -  150.00000      -   128 3125s
 88079 49372  150.00000  116  305          -  150.00000      -   128 3130s
 88293 49463  150.00000   82   91          -  150.00000      -   128 3135s
 88442 49561  150.00000   92  123          -  150.00000      -   128 3140s
 88618 49637 infeasible   97               -  150.00000      -   128 3145s
 88855 49752 infeasible  112               -  150.00000      -   128 3150s
 88990 49799 infeasible  103               -  150.00000      -   128 3155s
 89151 49905  144.16084  103  384          -  150.00000      -   128 3160s
 89259 49977 infeasible   82               -  150.00000      -   128 3165s
 89333 50043  150.00000   89  541          -  150.00000      -   128 3170s
 89379 50068 infeasible  108               -  150.00000      -   128 3175s
 89435 50079  150.00000   78  374          -  150.00000      -   128 3180s
 89507 50122 infeasible  117               -  150.00000      -   128 3185s
 89595 50140 infeasible  102               -  150.00000      -   128 3190s
 89689 50189  150.00000  101  286          -  150.00000      -   128 3195s
 89807 50280  150.00000   82   97          -  150.00000      -   129 3200s
 89912 50337  150.00000   87  300          -  150.00000      -   129 3205s
 90054 50434  150.00000   91  297          -  150.00000      -   129 3210s
 90241 50562  150.00000  113  196          -  150.00000      -   129 3215s
 90393 50621 infeasible  139               -  150.00000      -   129 3220s
 90513 50667  150.00000   60  178          -  150.00000      -   129 3225s
 90638 50711 infeasible   95               -  150.00000      -   129 3230s
 90749 50755 infeasible  107               -  150.00000      -   129 3235s
 90829 50799  150.00000   70  637          -  150.00000      -   129 3240s
 90904 50858 infeasible   81               -  150.00000      -   129 3245s
 91060 50954 infeasible  102               -  150.00000      -   129 3250s
 91213 51033 infeasible  106               -  150.00000      -   129 3255s
 91351 51133  146.76100   93  395          -  150.00000      -   129 3260s
 91551 51237  149.71631  112  297          -  150.00000      -   129 3265s
 91815 51403 infeasible  124               -  150.00000      -   129 3270s
 92008 51476 infeasible  172               -  150.00000      -   128 3275s
 92300 51599  150.00000  105  267          -  150.00000      -   128 3280s
 92551 51708  150.00000   76  133          -  150.00000      -   128 3285s
 92625 51763 infeasible   90               -  150.00000      -   128 3290s
 92782 51850  150.00000  104  236          -  150.00000      -   128 3295s
 92863 51876 infeasible  103               -  150.00000      -   128 3300s
 93010 51948  150.00000   95  391          -  150.00000      -   128 3305s
 93017 51952  150.00000   97  301          -  150.00000      -   128 3314s
 93022 51957  150.00000  102  289          -  150.00000      -   128 3315s
 93049 51972  150.00000   87  246          -  150.00000      -   128 3320s
 93078 51983 infeasible   98               -  150.00000      -   128 3325s
 93133 52012  150.00000  102  244          -  150.00000      -   128 3330s
 93234 52065 infeasible  116               -  150.00000      -   129 3335s
 93325 52112  140.64178  110  379          -  150.00000      -   129 3340s
 93538 52217  150.00000   85  307          -  150.00000      -   128 3345s
 93655 52315  150.00000  100  496          -  150.00000      -   129 3350s
 93727 52372  150.00000  103  356          -  150.00000      -   129 3355s
 93816 52438  150.00000   96  477          -  150.00000      -   129 3360s
 93998 52556 infeasible  111               -  150.00000      -   129 3365s
 94136 52674  150.00000  113  364          -  150.00000      -   129 3370s
 94251 52733  150.00000   95  212          -  150.00000      -   129 3375s
 94501 52861  150.00000   68  317          -  150.00000      -   129 3380s
 94647 52973  150.00000  105  522          -  150.00000      -   129 3385s
 94797 53054  150.00000   85  374          -  150.00000      -   129 3390s
 94954 53170  150.00000  112  124          -  150.00000      -   129 3395s
 95072 53247 infeasible  135               -  150.00000      -   129 3400s
 95211 53346 infeasible  120               -  150.00000      -   129 3405s
 95396 53473  150.00000  108  330          -  150.00000      -   129 3410s
 95562 53557  150.00000   80  258          -  150.00000      -   129 3415s
 95702 53668  150.00000  107  437          -  150.00000      -   129 3420s
 95806 53760  150.00000  119  441          -  150.00000      -   129 3425s
 95858 53792  150.00000  103  437          -  150.00000      -   130 3430s
 95973 53870 infeasible  129               -  150.00000      -   130 3435s
 96051 53926  150.00000  134  356          -  150.00000      -   130 3440s
 96150 53971 infeasible  135               -  150.00000      -   130 3445s
 96260 54055  150.00000  113  138          -  150.00000      -   130 3450s
 96375 54125  149.29213  122  365          -  150.00000      -   130 3455s
 96545 54229 infeasible  135               -  150.00000      -   130 3460s
 96667 54305  150.00000  119  280          -  150.00000      -   130 3465s
 96859 54426  150.00000  100  206          -  150.00000      -   130 3470s
 96979 54505  150.00000   91  247          -  150.00000      -   130 3475s
 97231 54635  150.00000  103  222          -  150.00000      -   130 3480s
 97556 54842 infeasible  111               -  150.00000      -   130 3485s
 97837 54971  150.00000   98  268          -  150.00000      -   129 3490s
 98094 55097 infeasible   84               -  150.00000      -   129 3495s
 98148 55128  150.00000   74  381          -  150.00000      -   129 3500s
 98312 55206  150.00000   74  220          -  150.00000      -   129 3505s
 98413 55272 infeasible  103               -  150.00000      -   130 3510s
 98522 55310 infeasible   90               -  150.00000      -   130 3515s
 98656 55378  150.00000   63  216          -  150.00000      -   130 3520s
 98861 55520  150.00000   79  286          -  150.00000      -   129 3532s
 98874 55532  148.54222   82  323          -  150.00000      -   129 3535s
 98902 55540  150.00000   78  283          -  150.00000      -   130 3540s
 99019 55609  147.77505   87  476          -  150.00000      -   130 3545s
 99297 55738  150.00000  106  139          -  150.00000      -   129 3550s
 99440 55852  150.00000   92  264          -  150.00000      -   130 3555s
 99544 55916  150.00000   86  388          -  150.00000      -   130 3560s
 99626 55972  149.00000  114  293          -  150.00000      -   130 3565s
 99790 56028  150.00000   95  415          -  150.00000      -   130 3570s
 99984 56158  150.00000   98  223          -  150.00000      -   130 3575s
 100143 56246  150.00000  104  234          -  150.00000      -   130 3580s
 100408 56409  150.00000   94  261          -  150.00000      -   130 3585s
 100637 56521 infeasible   93               -  150.00000      -   129 3590s
 100764 56583  149.25680   81  443          -  150.00000      -   130 3595s

Cutting planes:
  Gomory: 3
  Cover: 120
  Implied bound: 14
  Projected implied bound: 2
  Clique: 129
  MIR: 14
  StrongCG: 4
  Flow cover: 82
  GUB cover: 4
  Zero half: 19
  Network: 2
  RLT: 2
  Relax-and-lift: 37

Explored 100845 nodes (13086147 simplex iterations) in 3600.01 seconds (2557.98 work units)
Thread count was 1 (of 8 available processors)

Solution count 0

Time limit reached
Best objective -, best bound 1.500000000000e+02, gap -
