
Gurobi 11.0.1 (win64) logging started Wed Mar 13 20:00:44 2024

Set parameter LogFile to value "C:\Projetos\Job_Rotation_Algorithms\Outputs\GurobiLogs\gurobi_log-output-24_wee-c49-CostaMirallesModel-NoExtraConstraint-2.log"
Gurobi Optimizer version 11.0.1 build v11.0.1rc0 (win64 - Windows 10.0 (19045.2))

CPU model: 11th Gen Intel(R) Core(TM) i7-1165G7 @ 2.80GHz, instruction set [SSE2|AVX|AVX2|AVX512]
Thread count: 4 physical cores, 8 logical processors, using up to 1 threads


Gurobi 11.0.1 (win64) logging started Thu Mar 14 05:58:41 2024

Set parameter LogFile to value "C:\Projetos\Job_Rotation_Algorithms\Outputs\GurobiLogs\gurobi_log-output-24_wee-c49-CostaMirallesModel-NoExtraConstraint-2.log"
Gurobi Optimizer version 11.0.1 build v11.0.1rc0 (win64 - Windows 10.0 (19045.2))

CPU model: 11th Gen Intel(R) Core(TM) i7-1165G7 @ 2.80GHz, instruction set [SSE2|AVX|AVX2|AVX512]
Thread count: 4 physical cores, 8 logical processors, using up to 1 threads

WLS license 901039 - registered to Bitka Analytics
Optimize a model with 3171 rows, 17034 columns and 268670 nonzeros
Model fingerprint: 0xcdf9b63c
Variable types: 2 continuous, 17032 integer (17032 binary)
Coefficient statistics:
  Matrix range     [1e+00, 8e+01]
  Objective range  [1e+00, 1e+00]
  Bounds range     [1e+00, 1e+02]
  RHS range        [1e+00, 1e+02]
Presolve added 987 rows and 527 columns
Presolve time: 0.81s
Presolved: 4158 rows, 17561 columns, 122954 nonzeros
Variable types: 0 continuous, 17561 integer (16884 binary)

Root relaxation: objective 1.500000e+02, 4746 iterations, 0.28 seconds (0.39 work units)

    Nodes    |    Current Node    |     Objective Bounds      |     Work
 Expl Unexpl |  Obj  Depth IntInf | Incumbent    BestBd   Gap | It/Node Time

     0     0  150.00000    0  115          -  150.00000      -     -    1s
     0     0  150.00000    0  324          -  150.00000      -     -    1s
     0     0  150.00000    0  324          -  150.00000      -     -    1s
     0     0  150.00000    0  143          -  150.00000      -     -    4s
     0     0  150.00000    0  787          -  150.00000      -     -    5s
     0     0  150.00000    0  726          -  150.00000      -     -    5s
     0     0  150.00000    0  124          -  150.00000      -     -    6s
     0     0  150.00000    0  559          -  150.00000      -     -    7s
     0     0  150.00000    0  116          -  150.00000      -     -    8s
     0     0  150.00000    0  117          -  150.00000      -     -    8s
     0     0  150.00000    0  117          -  150.00000      -     -    8s
     0     0  150.00000    0  252          -  150.00000      -     -    8s
     0     0  150.00000    0  143          -  150.00000      -     -    8s
     0     0  150.00000    0  146          -  150.00000      -     -    8s
     0     0  150.00000    0  282          -  150.00000      -     -    9s
     0     0  150.00000    0  177          -  150.00000      -     -   10s
     0     0  150.00000    0  169          -  150.00000      -     -   10s
     0     2  150.00000    0  156          -  150.00000      -     -   13s
    80    82  150.00000   50  264          -  150.00000      -   188   15s
   184   150  150.00000   40  287          -  150.00000      -   284   20s
   249   202  150.00000   37  598          -  150.00000      -   330   25s
   400   337  150.00000   90  241          -  150.00000      -   286   30s
   593   465  150.00000   40  324          -  150.00000      -   228   43s
   596   467  150.00000   33  672          -  150.00000      -   227   45s
   601   470  150.00000   78  518          -  150.00000      -   225   50s
   605   473  150.00000   30  580          -  150.00000      -   224   55s
   615   482  150.00000   16  271          -  150.00000      -   448   69s
   623   487  150.00000   20  236          -  150.00000      -   444   70s
   727   541  149.00000   75  215          -  150.00000      -   403   75s
   773   560  150.00000   29  216          -  150.00000      -   387   80s
   858   613  150.00000   72  164          -  150.00000      -   380   85s
   911   643  150.00000  100  494          -  150.00000      -   387   90s
   937   649  150.00000  110  500          -  150.00000      -   402   95s
   994   654  150.00000   89  279          -  150.00000      -   398  100s
  1064   669  150.00000   96  382          -  150.00000      -   398  105s
  1143   677  150.00000   86  341          -  150.00000      -   386  110s
  1271   713  150.00000   76  142          -  150.00000      -   365  115s
  1377   747  149.26955   85  182          -  150.00000      -   354  120s
  1524   785  150.00000   89  358          -  150.00000      -   336  125s
  1648   827  150.00000   52  103          -  150.00000      -   324  130s
  1752   863 infeasible   92               -  150.00000      -   319  135s
  1854   884 infeasible   62               -  150.00000      -   317  140s
  1930   911 infeasible   77               -  150.00000      -   318  145s
  2086   961  150.00000   75  483          -  150.00000      -   303  150s
  2159   999  150.00000   79  315          -  150.00000      -   307  155s
  2276  1075  150.00000   72  188          -  150.00000      -   302  160s
  2356  1122  150.00000   77  427          -  150.00000      -   303  165s
  2451  1163  150.00000   77  226          -  150.00000      -   300  170s
  2533  1198  150.00000   77  296          -  150.00000      -   299  175s
  2592  1212  150.00000   50  312          -  150.00000      -   302  180s
  2724  1294  150.00000   94  319          -  150.00000      -   294  185s
  2794  1333  150.00000   79  287          -  150.00000      -   294  190s
  2866  1372 infeasible   92               -  150.00000      -   296  195s
  2944  1409 infeasible   92               -  150.00000      -   295  200s
  3006  1448 infeasible   96               -  150.00000      -   296  205s
  3072  1486  148.22222   90  260          -  150.00000      -   297  210s
  3147  1526  147.99927   93  463          -  150.00000      -   297  215s
  3213  1542  150.00000   92  259          -  150.00000      -   297  220s
  3291  1560  150.00000   57  294          -  150.00000      -   296  225s
  3440  1642  150.00000   85  264          -  150.00000      -   290  230s
  3543  1708  150.00000   90  291          -  150.00000      -   287  235s
  3603  1730  150.00000   72  149          -  150.00000      -   288  240s
  3715  1794  150.00000   69  208          -  150.00000      -   286  245s
  3808  1860  150.00000   89  261          -  150.00000      -   284  250s
  3894  1915  150.00000   92  156          -  150.00000      -   285  255s
  3975  1960  150.00000   81  200          -  150.00000      -   286  260s
  4066  2008  150.00000   75  240          -  150.00000      -   286  265s
  4181  2065  150.00000   82  181          -  150.00000      -   286  270s
  4272  2109  150.00000   84  351          -  150.00000      -   284  275s
  4350  2166 infeasible   98               -  150.00000      -   285  280s
  4454  2206  150.00000   79  361          -  150.00000      -   283  285s
  4558  2262 infeasible  108               -  150.00000      -   281  290s
  4683  2309 infeasible   94               -  150.00000      -   279  295s
  4698  2308  150.00000   77  291          -  150.00000      -   278  300s
  4760  2357  150.00000   89  312          -  150.00000      -   276  305s
  4905  2444 infeasible   82               -  150.00000      -   274  310s
  5046  2518  150.00000   58  219          -  150.00000      -   270  315s
  5133  2560  150.00000   70  196          -  150.00000      -   269  320s
  5274  2642 infeasible   81               -  150.00000      -   266  325s
  5426  2735 infeasible   62               -  150.00000      -   263  330s
  5529  2789  150.00000   65  441          -  150.00000      -   263  335s
  5627  2834  150.00000   98  293          -  150.00000      -   263  340s
  5712  2863  150.00000   84  276          -  150.00000      -   262  345s
  5843  2928  150.00000   69  275          -  150.00000      -   260  350s
  6003  3013 infeasible   99               -  150.00000      -   256  355s
  6099  3041  150.00000   24  261          -  150.00000      -   256  360s
  6206  3108  150.00000   91  248          -  150.00000      -   255  365s
  6368  3131  150.00000   69  292          -  150.00000      -   253  370s
  6573  3212 infeasible  102               -  150.00000      -   249  375s
  6678  3253 infeasible   97               -  150.00000      -   249  380s
  6829  3282  150.00000   64  244          -  150.00000      -   247  385s
  6987  3305 infeasible   62               -  150.00000      -   245  390s
  7114  3319 infeasible   93               -  150.00000      -   244  395s
  7263  3372  150.00000   71  385          -  150.00000      -   242  400s
  7433  3429 infeasible   95               -  150.00000      -   240  405s
  7549  3430 infeasible  102               -  150.00000      -   239  410s
  7752  3441  150.00000  110  231          -  150.00000      -   235  421s
  7781  3426  150.00000   93  163          -  150.00000      -   235  425s
  7816  3427  150.00000   98  200          -  150.00000      -   236  430s
  7883  3424 infeasible  102               -  150.00000      -   236  435s
  8114  3456  150.00000   82  203          -  150.00000      -   232  440s
  8247  3478 infeasible  116               -  150.00000      -   230  445s
  8383  3483 infeasible  112               -  150.00000      -   229  450s
  8478  3480  150.00000  108  297          -  150.00000      -   229  455s
  8648  3479  150.00000  108  248          -  150.00000      -   228  460s
  8849  3494 infeasible   99               -  150.00000      -   225  465s
  8940  3504  150.00000  102  255          -  150.00000      -   226  470s
  8964  3496  150.00000   96  378          -  150.00000      -   227  475s
  9010  3502 infeasible   99               -  150.00000      -   229  480s
  9095  3531  150.00000  112  247          -  150.00000      -   229  485s
  9200  3542 infeasible  115               -  150.00000      -   229  490s
  9412  3556 infeasible  122               -  150.00000      -   226  495s
  9628  3561 infeasible  116               -  150.00000      -   223  500s
  9751  3536  150.00000  104  419          -  150.00000      -   223  505s
  9891  3536 infeasible  106               -  150.00000      -   221  510s
 10093  3574  150.00000   84  259          -  150.00000      -   219  515s
 10202  3599  150.00000   89  324          -  150.00000      -   218  618s
 10260  3627  150.00000   93  193          -  150.00000      -   218  620s
 10414  3630 infeasible  101               -  150.00000      -   217  625s
 10566  3697 infeasible  126               -  150.00000      -   217  630s
 10669  3740  150.00000   59  318          -  150.00000      -   217  635s
 10847  3787 infeasible   80               -  150.00000      -   216  640s
 10965  3824  150.00000   77  246          -  150.00000      -   217  645s
 11077  3879  150.00000  104  178          -  150.00000      -   217  650s
 11199  3952  150.00000  105  217          -  150.00000      -   217  655s
 11315  3980 infeasible   99               -  150.00000      -   217  660s
 11527  3980 infeasible  108               -  150.00000      -   215  665s
 11727  3990 infeasible  109               -  150.00000      -   213  670s
 11909  4054  150.00000   89  321          -  150.00000      -   212  675s
 12018  4066 infeasible  102               -  150.00000      -   212  680s
 12176  4132  150.00000   92  259          -  150.00000      -   211  685s
 12326  4147  150.00000   69  258          -  150.00000      -   211  690s
 12451  4156 infeasible   82               -  150.00000      -   211  695s
 12552  4177 infeasible  105               -  150.00000      -   212  700s
 12619  4154 infeasible   82               -  150.00000      -   213  705s
 12749  4183  149.00000   75  277          -  150.00000      -   212  710s
 12797  4185  150.00000   96  180          -  150.00000      -   213  724s
 12804  4182  150.00000   91  253          -  150.00000      -   213  725s
 12832  4200  150.00000  104  329          -  150.00000      -   213  730s
 12865  4211  150.00000   95  254          -  150.00000      -   214  735s
 12926  4239  150.00000  102  172          -  150.00000      -   215  740s
 12989  4239 infeasible  101               -  150.00000      -   215  745s
 13025  4232  150.00000  103  332          -  150.00000      -   217  750s
 13127  4247 infeasible  110               -  150.00000      -   217  755s
 13245  4251 infeasible  120               -  150.00000      -   216  760s
 13310  4260 infeasible  130               -  150.00000      -   217  765s
 13398  4259 infeasible  122               -  150.00000      -   217  770s
 13501  4262 infeasible   76               -  150.00000      -   217  775s
 13584  4284 infeasible   68               -  150.00000      -   218  780s
 13739  4357 infeasible   82               -  150.00000      -   217  785s
 13885  4380  150.00000   80  411          -  150.00000      -   216  790s
 13949  4381  150.00000   70  304          -  150.00000      -   218  795s
 14116  4410 infeasible   69               -  150.00000      -   217  800s
 14259  4452  150.00000   62  283          -  150.00000      -   216  805s
 14429  4486 infeasible   62               -  150.00000      -   216  810s
 14523  4525 infeasible   92               -  150.00000      -   215  815s
 14594  4531  149.00000   88  412          -  150.00000      -   216  820s
 14679  4581  150.00000   91  239          -  150.00000      -   217  825s
 14805  4653  150.00000  114  212          -  150.00000      -   216  830s
 14907  4701 infeasible   88               -  150.00000      -   217  835s
 15006  4757  150.00000   96  378          -  150.00000      -   217  840s
 15071  4762  150.00000   66  330          -  150.00000      -   218  845s
 15150  4816  150.00000   73  289          -  150.00000      -   219  850s
 15272  4899  150.00000   90  264          -  150.00000      -   219  855s
 15303  4923  150.00000  110  290          -  150.00000      -   219  860s
 15398  4972 infeasible  122               -  150.00000      -   220  865s
 15556  5045  150.00000  104  399          -  150.00000      -   219  870s
 15694  5102 infeasible  110               -  150.00000      -   219  875s
 15871  5179 infeasible  122               -  150.00000      -   218  880s
 15979  5235  150.00000   87  199          -  150.00000      -   218  885s
 16097  5303 infeasible   93               -  150.00000      -   218  890s
 16252  5329 infeasible   92               -  150.00000      -   217  895s
 16327  5349  150.00000   97  232          -  150.00000      -   218  900s
 16493  5349  150.00000   98  389          -  150.00000      -   217  905s
 16697  5386 infeasible   95               -  150.00000      -   216  910s
 16864  5381  150.00000   98  319          -  150.00000      -   215  915s
 16980  5398 infeasible   98               -  150.00000      -   215  920s
 17097  5449  150.00000   82  223          -  150.00000      -   215  925s
 17149  5465 infeasible   94               -  150.00000      -   216  930s
 17244  5508 infeasible  109               -  150.00000      -   216  935s
 17341  5523 infeasible   98               -  150.00000      -   217  940s
 17429  5524  149.95433   99  273          -  150.00000      -   217  945s
 17589  5543  150.00000   95  258          -  150.00000      -   216  950s
 17695  5557 infeasible  108               -  150.00000      -   217  955s
 17805  5597  150.00000   87  295          -  150.00000      -   217  960s
 17872  5630  150.00000  112  292          -  150.00000      -   217  965s
 17992  5672 infeasible  102               -  150.00000      -   217  970s
 18136  5726  150.00000  101  143          -  150.00000      -   216  975s
 18259  5783 infeasible  126               -  150.00000      -   216  980s
 18482  5844  150.00000   83  256          -  150.00000      -   215  985s
 18664  5869 infeasible  100               -  150.00000      -   214  990s
 18773  5867 infeasible  103               -  150.00000      -   214  995s
 18884  5870  150.00000   96  318          -  150.00000      -   214 1011s
 18914  5862  150.00000   97  231          -  150.00000      -   215 1015s
 18940  5846 infeasible   88               -  150.00000      -   215 1020s
 18968  5844 infeasible   85               -  150.00000      -   216 1025s
 19002  5842  150.00000   88  270          -  150.00000      -   216 1030s
 19098  5850 infeasible  110               -  150.00000      -   216 1035s
 19211  5841 infeasible  104               -  150.00000      -   216 1040s
 19386  5836  150.00000   82  128          -  150.00000      -   215 1045s
 19492  5896  150.00000  114  463          -  150.00000      -   215 1050s
 19630  5929 infeasible   89               -  150.00000      -   215 1055s
 19704  5939  150.00000   92  199          -  150.00000      -   215 1060s
 19793  5968 infeasible   99               -  150.00000      -   216 1065s
 19988  6007 infeasible  103               -  150.00000      -   215 1070s
 20102  5993 infeasible   93               -  150.00000      -   215 1075s
 20260  6056  150.00000   95  347          -  150.00000      -   215 1080s
 20404  6064  150.00000   93  277          -  150.00000      -   214 1085s
 20537  6067  150.00000   89  262          -  150.00000      -   214 1090s
 20625  6065 infeasible   93               -  150.00000      -   214 1095s
 20715  6066 infeasible   95               -  150.00000      -   215 1100s
 20780  6094 infeasible   92               -  150.00000      -   215 1105s
 20832  6088  150.00000   88  322          -  150.00000      -   216 1110s
 20940  6118 infeasible  100               -  150.00000      -   216 1115s
 21150  6112  150.00000   97  283          -  150.00000      -   215 1120s
 21311  6129  150.00000  116  234          -  150.00000      -   215 1125s
 21528  6164  150.00000   58  372          -  150.00000      -   214 1130s
 21664  6214 infeasible  107               -  150.00000      -   214 1135s
 21769  6264 infeasible  112               -  150.00000      -   214 1140s
 21855  6261 infeasible  114               -  150.00000      -   214 1145s
 22037  6265  150.00000  100  277          -  150.00000      -   213 1150s
 22112  6252 infeasible  106               -  150.00000      -   213 1155s
 22143  6256  146.05892  101  342          -  150.00000      -   214 1160s
 22258  6270 infeasible  102               -  150.00000      -   214 1165s
 22382  6278  150.00000  102  262          -  150.00000      -   214 1170s
 22488  6278 infeasible  111               -  150.00000      -   214 1175s
 22622  6270  150.00000   95  364          -  150.00000      -   213 1180s
 22745  6311  150.00000   42  287          -  150.00000      -   213 1185s
 22972  6357  150.00000   68  355          -  150.00000      -   212 1190s
 23186  6410 infeasible   96               -  150.00000      -   211 1195s
 23458  6480 infeasible  111               -  150.00000      -   209 1200s
 23582  6489 infeasible   95               -  150.00000      -   210 1205s
 23762  6525 infeasible  114               -  150.00000      -   209 1210s
 23918  6524 infeasible  112               -  150.00000      -   208 1215s
 24099  6527  150.00000   86  416          -  150.00000      -   208 1220s
 24228  6560 infeasible  112               -  150.00000      -   208 1225s
 24380  6563 infeasible   75               -  150.00000      -   207 1230s
 24489  6559 infeasible   98               -  150.00000      -   207 1235s
 24717  6567 infeasible  111               -  150.00000      -   206 1240s
 24906  6562 infeasible  103               -  150.00000      -   206 1245s
 25137  6584 infeasible  112               -  150.00000      -   205 1250s
 25350  6583 infeasible  110               -  150.00000      -   204 1255s
 25505  6575  150.00000  109  254          -  150.00000      -   203 1260s
 25787  6573 infeasible  110               -  150.00000      -   202 1265s
 26038  6599 infeasible  125               -  150.00000      -   201 1270s
 26251  6676 infeasible  103               -  150.00000      -   200 1275s
 26375  6678  150.00000   97  202          -  150.00000      -   200 1280s
 26502  6684  150.00000  101  339          -  150.00000      -   200 1285s
 26702  6733  150.00000  108  367          -  150.00000      -   199 1290s
 26817  6758 infeasible  127               -  150.00000      -   199 1295s
 27026  6768 infeasible  110               -  150.00000      -   198 1300s
 27200  6844  150.00000  134  238          -  150.00000      -   198 1305s
 27368  6846 infeasible   92               -  150.00000      -   198 1310s
 27601  6897 infeasible   77               -  150.00000      -   197 1315s
 27693  6930 infeasible  103               -  150.00000      -   197 1320s
 27910  6968  150.00000  112  179          -  150.00000      -   196 1325s
 28165  7001 infeasible  111               -  150.00000      -   195 1330s
 28414  7028 infeasible  106               -  150.00000      -   194 1335s
 28694  7096  150.00000   86  225          -  150.00000      -   193 1340s
 28848  7139 infeasible   92               -  150.00000      -   193 1345s
 28849  7140  150.00000   75  285          -  150.00000      -   193 1351s
 28864  7155  150.00000   86  314          -  150.00000      -   193 1355s
 28915  7190 infeasible  110               -  150.00000      -   194 1360s
 29018  7218 infeasible   82               -  150.00000      -   194 1365s
 29186  7234  150.00000   82  177          -  150.00000      -   194 1370s
 29339  7269  150.00000  109  277          -  150.00000      -   193 1375s
 29407  7249  150.00000   98  307          -  150.00000      -   194 1380s
 29593  7271 infeasible  114               -  150.00000      -   193 1385s
 29804  7271 infeasible  115               -  150.00000      -   193 1390s
 29957  7273  150.00000   98  230          -  150.00000      -   192 1395s
 30139  7248  150.00000   89  304          -  150.00000      -   192 1400s
 30241  7287 infeasible  110               -  150.00000      -   192 1405s
 30437  7330  150.00000  101  265          -  150.00000      -   192 1410s
 30591  7386 infeasible   97               -  150.00000      -   192 1415s
 30679  7398 infeasible  116               -  150.00000      -   192 1420s
 30839  7418  150.00000   85  240          -  150.00000      -   192 1425s
 30919  7433  150.00000  102  259          -  150.00000      -   192 1430s
 31044  7481 infeasible   85               -  150.00000      -   192 1435s
 31211  7530 infeasible   95               -  150.00000      -   192 1440s
 31422  7534 infeasible   97               -  150.00000      -   191 1445s
 31628  7533 infeasible   99               -  150.00000      -   191 1450s
 31835  7527  150.00000   85  242          -  150.00000      -   190 1455s
 31964  7532 infeasible   92               -  150.00000      -   190 1460s
 32133  7541 infeasible  102               -  150.00000      -   190 1465s
 32377  7537 infeasible   98               -  150.00000      -   190 1470s
 32649  7527 infeasible   93               -  150.00000      -   189 1475s
 32814  7534  150.00000   90  301          -  150.00000      -   189 1480s
 33026  7516 infeasible   91               -  150.00000      -   188 1485s
 33235  7536 infeasible   92               -  150.00000      -   188 1490s
 33423  7525 infeasible   95               -  150.00000      -   188 1495s
 33738  7523 infeasible  105               -  150.00000      -   187 1500s
 34018  7530 infeasible  100               -  150.00000      -   186 1505s
 34271  7527  150.00000  103  167          -  150.00000      -   185 1510s
 34615  7528 infeasible  107               -  150.00000      -   184 1515s
 34894  7508 infeasible   81               -  150.00000      -   184 1520s
 35027  7582  150.00000   96  268          -  150.00000      -   184 1536s
 35044  7597  150.00000  107  311          -  150.00000      -   184 1540s
 35065  7610 infeasible  116               -  150.00000      -   184 1545s
 35085  7594 infeasible  108               -  150.00000      -   184 1550s
 35117  7605 infeasible  121               -  150.00000      -   184 1555s
 35184  7640  150.00000  112  254          -  150.00000      -   184 1560s
 35354  7672 infeasible  142               -  150.00000      -   184 1565s
 35422  7646 infeasible  117               -  150.00000      -   184 1570s
 35475  7636 infeasible  114               -  150.00000      -   185 1575s
 35546  7639 infeasible  118               -  150.00000      -   185 1580s
 35608  7663 infeasible  140               -  150.00000      -   185 1585s
 35651  7658 infeasible  145               -  150.00000      -   186 1590s
 35786  7725 infeasible   91               -  150.00000      -   185 1595s
 36104  7743  150.00000  104  266          -  150.00000      -   184 1600s
 36494  7767  150.00000  124  279          -  150.00000      -   183 1605s
 36731  7776 infeasible   95               -  150.00000      -   183 1610s
 36791  7780 infeasible   90               -  150.00000      -   183 1615s
 36835  7782 infeasible   99               -  150.00000      -   184 1620s
 37108  7847  150.00000  138  311          -  150.00000      -   183 1625s
 37322  7924 infeasible   99               -  150.00000      -   182 1630s
 37594  7933 infeasible  112               -  150.00000      -   182 1635s
 37760  7918  148.39147   77  490          -  150.00000      -   182 1640s
 37943  7999  150.00000   92  173          -  150.00000      -   182 1645s
 38034  8069  150.00000   94  369          -  150.00000      -   182 1650s
 38115  8118  150.00000   94  346          -  150.00000      -   182 1655s
 38304  8215  150.00000  104  271          -  150.00000      -   182 1660s
 38595  8261 infeasible   72               -  150.00000      -   181 1665s
 38644  8289 infeasible   92               -  150.00000      -   181 1670s
 38701  8282  150.00000   85  387          -  150.00000      -   182 1675s
 38739  8278  150.00000   87  321          -  150.00000      -   182 1680s
 38843  8322  150.00000  116  250          -  150.00000      -   182 1685s
 39074  8374 infeasible  103               -  150.00000      -   182 1690s
 39255  8375  150.00000  100  264          -  150.00000      -   182 1695s
 39358  8362 infeasible   89               -  150.00000      -   182 1700s
 39459  8382 infeasible  106               -  150.00000      -   182 1705s
 39660  8385 infeasible  122               -  150.00000      -   182 1710s
 39859  8386 infeasible  112               -  150.00000      -   181 1715s
 40078  8385 infeasible   92               -  150.00000      -   181 1720s
 40274  8400 infeasible  103               -  150.00000      -   181 1725s
 40512  8432 infeasible   93               -  150.00000      -   180 1730s
 40796  8446 infeasible  102               -  150.00000      -   180 1735s
 40943  8448 infeasible  101               -  150.00000      -   179 1740s
 41092  8460  150.00000  103  252          -  150.00000      -   179 1745s
 41274  8480 infeasible  128               -  150.00000      -   179 1750s
 41449  8472 infeasible  122               -  150.00000      -   179 1755s
 41560  8489  150.00000  108  431          -  150.00000      -   179 1760s
 41646  8508 infeasible  130               -  150.00000      -   179 1765s
 41725  8500  150.00000  111  361          -  150.00000      -   179 1770s
 41769  8490  150.00000  109  276          -  150.00000      -   180 1775s
 41860  8508 infeasible  130               -  150.00000      -   180 1780s
 41934  8483 infeasible  103               -  150.00000      -   180 1785s
 41984  8451 infeasible  102               -  150.00000      -   180 1790s
 42079  8473 infeasible  111               -  150.00000      -   180 1795s
 42295  8511 infeasible   94               -  150.00000      -   180 1800s
 42482  8511 infeasible   93               -  150.00000      -   180 1805s
 42620  8486 infeasible  109               -  150.00000      -   179 1810s
 42900  8521 infeasible  101               -  150.00000      -   179 1815s
 43132  8545 infeasible  117               -  150.00000      -   178 1820s
 43382  8554 infeasible  119               -  150.00000      -   178 1825s
 43502  8554  150.00000   83  383          -  150.00000      -   178 1830s
 43682  8630 infeasible   85               -  150.00000      -   178 1835s
 43969  8626 infeasible   87               -  150.00000      -   177 1840s
 44186  8601 infeasible  102               -  150.00000      -   176 1845s
 44395  8604 infeasible   90               -  150.00000      -   176 1850s
 44584  8645 infeasible  122               -  150.00000      -   176 1855s
 44823  8665 infeasible   84               -  150.00000      -   175 1860s
 45027  8675 infeasible  135               -  150.00000      -   175 1865s
 45280  8679 infeasible  141               -  150.00000      -   174 1870s
 45530  8684 infeasible   94               -  150.00000      -   174 1875s
 45702  8690  143.16745  107  261          -  150.00000      -   174 1886s
 45743  8655 infeasible  114               -  150.00000      -   174 1890s
 45775  8629 infeasible  111               -  150.00000      -   174 1895s
 45834  8654  150.00000  122  292          -  150.00000      -   174 1900s
 45963  8650 infeasible  122               -  150.00000      -   174 1905s
 46186  8679 infeasible  132               -  150.00000      -   173 1910s
 46431  8668 infeasible  136               -  150.00000      -   173 1915s
 46759  8694 infeasible  158               -  150.00000      -   172 1920s
 46920  8670 infeasible  136               -  150.00000      -   172 1925s
 47149  8727 infeasible   94               -  150.00000      -   171 1930s
 47403  8729 infeasible   90               -  150.00000      -   171 1935s
 47603  8732  150.00000   85  274          -  150.00000      -   171 1940s
 47745  8753 infeasible  105               -  150.00000      -   171 1945s
 47925  8751 infeasible  111               -  150.00000      -   171 1950s
 48104  8756 infeasible  116               -  150.00000      -   171 1955s
 48296  8748 infeasible  109               -  150.00000      -   170 1960s
 48439  8769  150.00000  111  298          -  150.00000      -   170 1965s
 48661  8800  150.00000   97  336          -  150.00000      -   170 1970s
 48897  8830 infeasible  111               -  150.00000      -   170 1975s
 49074  8876 infeasible   90               -  150.00000      -   170 1980s
 49265  8884  150.00000   92  236          -  150.00000      -   170 1985s
 49431  8922 infeasible  106               -  150.00000      -   170 1990s
 49653  8961 infeasible   78               -  150.00000      -   169 1995s
 49797  8977 infeasible   96               -  150.00000      -   169 2000s
 50009  8973 infeasible  108               -  150.00000      -   169 2005s
 50145  8973  150.00000  103  342          -  150.00000      -   169 2010s
 50396  9051  150.00000   97  417          -  150.00000      -   169 2015s
 50525  9058 infeasible  117               -  150.00000      -   169 2020s
 50644  9071 infeasible  102               -  150.00000      -   169 2025s
 50786  9087 infeasible   99               -  150.00000      -   169 2030s
 50918  9095  150.00000   94  245          -  150.00000      -   169 2035s
 51032  9084  150.00000   97  255          -  150.00000      -   169 2040s
 51198  9086 infeasible   92               -  150.00000      -   169 2045s
 51380  9091 infeasible   99               -  150.00000      -   169 2050s
 51479  9075 infeasible  103               -  150.00000      -   169 2055s
 51545  9071 infeasible  104               -  150.00000      -   169 2060s
 51663  9105  150.00000   87  421          -  150.00000      -   169 2065s
 51726  9134 infeasible  103               -  150.00000      -   169 2070s
 51757  9117  150.00000   95  482          -  150.00000      -   170 2082s
 51762  9120 infeasible  100               -  150.00000      -   170 2085s
 51785  9121  150.00000  103  354          -  150.00000      -   170 2090s
 51803  9117  150.00000   91  372          -  150.00000      -   170 2096s
 51848  9121 infeasible  102               -  150.00000      -   170 2100s
 51975  9140 infeasible   95               -  150.00000      -   170 2105s
 52133  9197 infeasible   82               -  150.00000      -   170 2110s
 52200  9214 infeasible  104               -  150.00000      -   170 2115s
 52279  9265 infeasible  105               -  150.00000      -   170 2120s
 52380  9251 infeasible   95               -  150.00000      -   171 2125s
 52507  9265  150.00000   97  239          -  150.00000      -   171 2130s
 52643  9286  150.00000   98  347          -  150.00000      -   171 2135s
 52707  9295  150.00000   84  332          -  150.00000      -   171 2140s
 52884  9343 infeasible  106               -  150.00000      -   171 2145s
 52965  9369 infeasible   99               -  150.00000      -   171 2150s
 53210  9424 infeasible   96               -  150.00000      -   171 2155s
 53392  9460  150.00000  111  244          -  150.00000      -   171 2160s
 53594  9506  150.00000   98  318          -  150.00000      -   170 2165s
 53803  9513 infeasible   80               -  150.00000      -   170 2170s
 53910  9523  150.00000  101  408          -  150.00000      -   170 2175s
 53951  9522 infeasible  111               -  150.00000      -   171 2180s
 54012  9500 infeasible   79               -  150.00000      -   171 2185s
 54326  9555 infeasible  123               -  150.00000      -   170 2190s
 54500  9638 infeasible  107               -  150.00000      -   170 2195s
 54734  9662  150.00000   80  324          -  150.00000      -   170 2200s
 54885  9661  150.00000  104  272          -  150.00000      -   170 2205s
 55093  9672 infeasible  122               -  150.00000      -   170 2210s
 55239  9698  150.00000   98  263          -  150.00000      -   170 2215s
 55387  9712 infeasible  119               -  150.00000      -   170 2220s
 55512  9716 infeasible  114               -  150.00000      -   170 2225s
 55588  9714 infeasible  120               -  150.00000      -   170 2230s
 55672  9724 infeasible  115               -  150.00000      -   170 2235s
 55805  9763  150.00000   81  331          -  150.00000      -   170 2240s
 55917  9821 infeasible   94               -  150.00000      -   170 2245s
 56055  9844 infeasible  112               -  150.00000      -   170 2250s
 56135  9871  150.00000   94  283          -  150.00000      -   170 2255s
 56220  9898 infeasible  108               -  150.00000      -   170 2260s
 56381  9988  150.00000  107  290          -  150.00000      -   170 2265s
 56447 10022  149.94875   99  527          -  150.00000      -   170 2270s
 56555 10067  150.00000   82  191          -  150.00000      -   170 2275s
 56641 10118 infeasible  122               -  150.00000      -   171 2280s
 56860 10260 infeasible   94               -  150.00000      -   170 2285s
 57076 10315 infeasible   91               -  150.00000      -   170 2290s
 57256 10350 infeasible  112               -  150.00000      -   170 2295s
 57328 10357  150.00000   76  290          -  150.00000      -   170 2300s
 57532 10381 infeasible  108               -  150.00000      -   170 2305s
 57750 10485  150.00000  108  332          -  150.00000      -   170 2310s
 57864 10546  150.00000   95  169          -  150.00000      -   170 2315s
 57935 10573  150.00000   96  279          -  150.00000      -   170 2331s
 57953 10559  150.00000   88  295          -  150.00000      -   170 2335s
 57979 10567  150.00000   97  269          -  150.00000      -   171 2340s
 58010 10572  150.00000  107  246          -  150.00000      -   171 2345s
 58028 10568  150.00000  102  227          -  150.00000      -   171 2350s
 58086 10594  150.00000  104  279          -  150.00000      -   171 2355s
 58207 10606  150.00000  110  318          -  150.00000      -   171 2360s
 58362 10647  150.00000  105  455          -  150.00000      -   171 2365s
 58444 10688  150.00000  127  317          -  150.00000      -   171 2370s
 58603 10683 infeasible  130               -  150.00000      -   171 2375s
 58681 10672 infeasible  123               -  150.00000      -   172 2380s
 58760 10667 infeasible  113               -  150.00000      -   172 2385s
 58797 10664 infeasible  120               -  150.00000      -   172 2390s
 58857 10664  150.00000  122  280          -  150.00000      -   172 2396s
 58886 10659  150.00000  114  257          -  150.00000      -   173 2400s
 58932 10662 infeasible  122               -  150.00000      -   173 2405s
 58961 10657  150.00000  114  561          -  150.00000      -   173 2410s
 59025 10645 infeasible  109               -  150.00000      -   173 2415s
 59092 10645 infeasible  112               -  150.00000      -   174 2420s
 59120 10651  150.00000  102  267          -  150.00000      -   174 2425s
 59206 10671 infeasible  122               -  150.00000      -   174 2430s
 59277 10654 infeasible  107               -  150.00000      -   174 2435s
 59376 10668  150.00000  114  314          -  150.00000      -   175 2440s
 59538 10741  150.00000  112  177          -  150.00000      -   175 2445s
 59569 10741 infeasible  116               -  150.00000      -   175 2450s
 59650 10771 infeasible  124               -  150.00000      -   175 2455s
 59745 10766 infeasible  126               -  150.00000      -   175 2460s
 59992 10789 infeasible  162               -  150.00000      -   175 2465s
 60154 10791 infeasible  145               -  150.00000      -   175 2470s
 60299 10775 infeasible  132               -  150.00000      -   175 2475s
 60386 10774 infeasible  145               -  150.00000      -   175 2480s
 60482 10763 infeasible  130               -  150.00000      -   175 2485s
 60541 10760 infeasible  121               -  150.00000      -   175 2490s
 60583 10757 infeasible  132               -  150.00000      -   176 2495s
 60657 10754 infeasible  126               -  150.00000      -   176 2500s
 60759 10754 infeasible  122               -  150.00000      -   176 2505s
 60849 10765 infeasible  130               -  150.00000      -   176 2510s
 60956 10788 infeasible  132               -  150.00000      -   176 2515s
 61013 10782  150.00000  129  353          -  150.00000      -   176 2520s
 61076 10775  150.00000  125  385          -  150.00000      -   177 2525s
 61151 10784 infeasible  131               -  150.00000      -   177 2530s
 61204 10779 infeasible  132               -  150.00000      -   177 2535s
 61284 10791  150.00000  146  301          -  150.00000      -   177 2540s
 61471 10773 infeasible  126               -  150.00000      -   177 2545s
 61503 10755 infeasible  131               -  150.00000      -   177 2550s
 61576 10743  150.00000  122  175          -  150.00000      -   177 2555s
 61647 10732  149.88241  120  247          -  150.00000      -   178 2560s
 61852 10807 infeasible  129               -  150.00000      -   177 2565s
 61968 10819  149.75391  146  370          -  150.00000      -   177 2570s
 62175 10825 infeasible  160               -  150.00000      -   177 2575s
 62243 10811 infeasible  139               -  150.00000      -   177 2580s
 62446 10799 infeasible  124               -  150.00000      -   177 2585s
 62652 10821 infeasible  145               -  150.00000      -   177 2590s
 62776 10872  149.86243  111  433          -  150.00000      -   177 2595s
 62903 10918 infeasible  140               -  150.00000      -   177 2600s
 63109 10947 infeasible  137               -  150.00000      -   177 2605s
 63168 10941 infeasible  132               -  150.00000      -   177 2610s
 63275 10954 infeasible  116               -  150.00000      -   177 2615s
 63361 10950 infeasible  116               -  150.00000      -   177 2620s
 63390 10943 infeasible  132               -  150.00000      -   177 2625s
 63531 10992 infeasible  142               -  150.00000      -   177 2630s
 63563 11005 infeasible  112               -  150.00000      -   178 2635s
 63618 11008 infeasible  122               -  150.00000      -   178 2640s
 63661 11003 infeasible  120               -  150.00000      -   178 2645s
 63699 10999  150.00000  112  181          -  150.00000      -   179 2650s
 63709 10995 infeasible  114               -  150.00000      -   179 2655s
 63752 11000  150.00000  110  399          -  150.00000      -   179 2660s
 63767 10997  150.00000  109  471          -  150.00000      -   179 2674s
 63769 10995 infeasible  110               -  150.00000      -   179 2675s
 63791 10973 infeasible  122               -  150.00000      -   179 2680s
 63809 10965  150.00000  118  318          -  150.00000      -   179 2685s
 63821 10963  149.00000  116  271          -  150.00000      -   180 2690s
 63836 10958 infeasible  116               -  150.00000      -   180 2695s
 63860 10965 infeasible  124               -  150.00000      -   180 2700s
 64072 11012  150.00000  161  267          -  150.00000      -   180 2705s
 64244 11023 infeasible  189               -  150.00000      -   180 2710s
 64365 11039  150.00000   96  336          -  150.00000      -   180 2715s
 64555 11054  150.00000  112  223          -  150.00000      -   179 2720s
 64751 11077 infeasible  132               -  150.00000      -   179 2725s
 64835 11061 infeasible  121               -  150.00000      -   179 2730s
 64965 11058 infeasible  119               -  150.00000      -   179 2735s
 65153 11083 infeasible  112               -  150.00000      -   179 2740s
 65212 11082 infeasible  122               -  150.00000      -   179 2745s
 65320 11099 infeasible  120               -  150.00000      -   180 2750s
 65413 11099  150.00000  112  274          -  150.00000      -   180 2755s
 65613 11096 infeasible  126               -  150.00000      -   180 2760s
 65839 11097 infeasible  127               -  150.00000      -   179 2765s
 66080 11079 infeasible  116               -  150.00000      -   179 2770s
 66230 11132  150.00000  118  285          -  150.00000      -   179 2775s
 66321 11109 infeasible  108               -  150.00000      -   179 2780s
 66357 11123  150.00000  107  291          -  150.00000      -   179 2785s
 66448 11131 infeasible  112               -  150.00000      -   179 2790s
 66535 11148 infeasible  102               -  150.00000      -   179 2795s
 66634 11121 infeasible  109               -  150.00000      -   179 2800s
 66678 11134 infeasible  112               -  150.00000      -   180 2805s
 66747 11141 infeasible  122               -  150.00000      -   180 2810s
 66818 11136 infeasible  124               -  150.00000      -   180 2815s
 66962 11135 infeasible  132               -  150.00000      -   180 2820s
 67045 11145 infeasible  116               -  150.00000      -   180 2825s
 67089 11140 infeasible  121               -  150.00000      -   180 2830s
 67172 11172  150.00000  112  225          -  150.00000      -   181 2835s
 67194 11176  150.00000   96  536          -  150.00000      -   181 2840s
 67223 11185  149.35246  106  467          -  150.00000      -   181 2845s
 67285 11169 infeasible  114               -  150.00000      -   181 2850s
 67325 11161 infeasible  112               -  150.00000      -   181 2855s
 67413 11164 infeasible  114               -  150.00000      -   181 2860s
 67494 11164  150.00000  110  277          -  150.00000      -   182 2865s
 67582 11170  150.00000  112  244          -  150.00000      -   182 2870s
 67624 11167 infeasible  119               -  150.00000      -   182 2875s
 67695 11186 infeasible  122               -  150.00000      -   182 2880s
 67802 11179  150.00000  127  301          -  150.00000      -   182 2885s
 67895 11175 infeasible  131               -  150.00000      -   182 2890s
 67949 11161  150.00000  108  311          -  150.00000      -   183 2895s
 68123 11179 infeasible  124               -  150.00000      -   183 2900s
 68189 11164 infeasible  108               -  150.00000      -   183 2905s
 68301 11168 infeasible  115               -  150.00000      -   183 2910s
 68365 11163  150.00000  106  581          -  150.00000      -   183 2915s
 68533 11178 infeasible  122               -  150.00000      -   183 2920s
 68672 11173 infeasible  118               -  150.00000      -   183 2925s
 68714 11175 infeasible  122               -  150.00000      -   183 2930s
 68752 11170  150.00000  118  280          -  150.00000      -   184 2935s
 68862 11188 infeasible  126               -  150.00000      -   184 2940s
 68947 11171 infeasible  123               -  150.00000      -   184 2945s
 69089 11193 infeasible  125               -  150.00000      -   184 2950s
 69220 11192 infeasible  116               -  150.00000      -   184 2955s
 69362 11188 infeasible  137               -  150.00000      -   184 2960s
 69403 11163 infeasible  112               -  150.00000      -   184 2965s
 69467 11199  150.00000   99  237          -  150.00000      -   184 2970s
 69618 11212  150.00000  117  218          -  150.00000      -   184 2975s
 69767 11219 infeasible  106               -  150.00000      -   184 2980s
 69862 11218 infeasible  108               -  150.00000      -   184 2985s
 70064 11249 infeasible  102               -  150.00000      -   184 2990s
 70138 11241  150.00000   98  317          -  150.00000      -   184 2999s
 70146 11233 infeasible   90               -  150.00000      -   184 3000s
 70184 11243 infeasible   92               -  150.00000      -   184 3005s
 70339 11256 infeasible  115               -  150.00000      -   184 3010s
 70505 11272 infeasible  101               -  150.00000      -   184 3015s
 70691 11293 infeasible  104               -  150.00000      -   184 3020s
 70832 11309 infeasible  124               -  150.00000      -   184 3025s
 70955 11308 infeasible  120               -  150.00000      -   184 3030s
 71150 11323 infeasible  128               -  150.00000      -   184 3035s
 71324 11384 infeasible  102               -  150.00000      -   183 3040s
 71466 11392 infeasible  102               -  150.00000      -   183 3045s
 71727 11463  150.00000   83  302          -  150.00000      -   183 3050s
 71852 11490 infeasible  114               -  150.00000      -   183 3055s
 72027 11503 infeasible  102               -  150.00000      -   183 3060s
 72289 11500 infeasible  115               -  150.00000      -   183 3065s
 72446 11588  147.00000   94  257          -  150.00000      -   182 3070s
 72612 11704  150.00000   93  402          -  150.00000      -   182 3075s
 72672 11725  150.00000   43  206          -  150.00000      -   182 3080s
 72853 11817  150.00000   45  292          -  150.00000      -   182 3085s
 72997 11923  149.00000   84  403          -  150.00000      -   182 3090s
 73178 12034 infeasible   84               -  150.00000      -   182 3095s
 73305 12138  147.00000   93  363          -  150.00000      -   182 3100s
 73418 12197  148.00000   67  281          -  150.00000      -   182 3105s
 73539 12274  148.00000   56  304          -  150.00000      -   182 3110s
 73685 12367  149.00000   77  383          -  150.00000      -   182 3115s
 73778 12413  149.00000   55  381          -  150.00000      -   182 3120s
 73931 12485 infeasible   90               -  150.00000      -   182 3125s
 74065 12560  147.00000   84  349          -  150.00000      -   182 3130s
 74166 12623 infeasible   82               -  150.00000      -   182 3135s
 74323 12676 infeasible   75               -  150.00000      -   182 3140s
 74496 12760  148.00000   78  291          -  150.00000      -   182 3145s
 74571 12780  150.00000   60  281          -  150.00000      -   182 3159s
 74572 12781  149.00000   61  377          -  150.00000      -   182 3160s
 74585 12784  148.84247   65  291          -  150.00000      -   182 3165s
 74621 12810  150.00000   81  321          -  150.00000      -   182 3170s
 74773 12882  147.76468   77  263          -  150.00000      -   182 3175s
 74906 12935 infeasible   82               -  150.00000      -   182 3180s
 75068 13020  149.00000   69  338          -  150.00000      -   182 3185s
 75213 13114  150.00000   85  252          -  150.00000      -   182 3190s
 75373 13203 infeasible   99               -  150.00000      -   182 3195s
 75469 13257  149.00000   57  433          -  150.00000      -   182 3200s
 75627 13354  150.00000   57  352          -  150.00000      -   182 3205s
 75791 13452 infeasible   91               -  150.00000      -   182 3210s
 75888 13519 infeasible   91               -  150.00000      -   182 3215s
 75945 13544  150.00000   86  338          -  150.00000      -   182 3220s
 76042 13582  150.00000  103  328          -  150.00000      -   182 3225s
 76140 13609  150.00000   88  630          -  150.00000      -   182 3230s
 76234 13658  150.00000  121  310          -  150.00000      -   182 3235s
 76295 13667  150.00000   52  136          -  150.00000      -   182 3240s
 76421 13740  149.91456   65  381          -  150.00000      -   182 3245s
 76495 13790  150.00000   83  542          -  150.00000      -   182 3250s
 76533 13800  150.00000   61  313          -  150.00000      -   183 3255s
 76577 13826  150.00000   89  444          -  150.00000      -   183 3260s
 76693 13884  148.00000   87  415          -  150.00000      -   183 3265s
 76783 13945 infeasible   98               -  150.00000      -   183 3270s
 76950 14019  150.00000   85  486          -  150.00000      -   183 3275s
 77081 14082  150.00000   84  610          -  150.00000      -   183 3280s
 77122 14113  149.00000  106  392          -  150.00000      -   183 3285s
 77170 14131 infeasible   92               -  150.00000      -   183 3290s
 77220 14151 infeasible   92               -  150.00000      -   183 3295s
 77339 14192 infeasible  106               -  150.00000      -   183 3300s
 77497 14186 infeasible  102               -  150.00000      -   183 3305s
 77620 14182 infeasible  103               -  150.00000      -   183 3310s
 77802 14192 infeasible  107               -  150.00000      -   183 3315s
 77965 14179 infeasible  106               -  150.00000      -   183 3320s
 78089 14185 infeasible  110               -  150.00000      -   183 3325s
 78240 14188 infeasible  101               -  150.00000      -   183 3330s
 78384 14206  150.00000   94  286          -  150.00000      -   183 3335s
 78491 14202 infeasible   99               -  150.00000      -   183 3340s
 78602 14189 infeasible  101               -  150.00000      -   183 3345s
 78719 14191 infeasible  101               -  150.00000      -   183 3350s
 78862 14224 infeasible  115               -  150.00000      -   183 3355s
 78963 14202 infeasible  105               -  150.00000      -   183 3360s
 79061 14182 infeasible   97               -  150.00000      -   183 3365s
 79185 14186 infeasible  106               -  150.00000      -   183 3370s
 79328 14192 infeasible  114               -  150.00000      -   183 3375s
 79481 14182 infeasible   99               -  150.00000      -   183 3380s
 79642 14189 infeasible  108               -  150.00000      -   183 3385s
 79773 14162 infeasible   90               -  150.00000      -   183 3390s
 79968 14178 infeasible  112               -  150.00000      -   183 3395s
 80109 14189 infeasible  122               -  150.00000      -   183 3400s
 80257 14183 infeasible  122               -  150.00000      -   183 3405s
 80363 14185 infeasible  119               -  150.00000      -   183 3410s
 80463 14205 infeasible  142               -  150.00000      -   183 3415s
 80645 14204  150.00000  157  296          -  150.00000      -   183 3420s
 80741 14173 infeasible  105               -  150.00000      -   183 3425s
 80916 14189 infeasible  126               -  150.00000      -   183 3430s
 81038 14195  150.00000  107  250          -  150.00000      -   183 3435s
 81146 14168 infeasible  104               -  150.00000      -   183 3440s
 81237 14174 infeasible   96               -  150.00000      -   183 3445s
 81375 14198 infeasible  109               -  150.00000      -   183 3450s
 81476 14177 infeasible  131               -  150.00000      -   183 3455s
 81633 14196 infeasible  108               -  150.00000      -   183 3460s
 81732 14194 infeasible  129               -  150.00000      -   183 3465s
 81793 14163  150.00000   96  338          -  150.00000      -   183 3476s
 81816 14164 infeasible   99               -  150.00000      -   183 3480s
 81842 14168  150.00000   71  275          -  150.00000      -   183 3485s
 81860 14172  150.00000   82  219          -  150.00000      -   183 3490s
 81926 14205 infeasible   80               -  150.00000      -   183 3495s
 82021 14197 infeasible   96               -  150.00000      -   183 3500s
 82193 14208 infeasible  109               -  150.00000      -   183 3505s
 82394 14205  150.00000  104  278          -  150.00000      -   183 3510s
 82492 14188 infeasible   99               -  150.00000      -   183 3515s
 82585 14191 infeasible  104               -  150.00000      -   183 3520s
 82761 14203 infeasible  109               -  150.00000      -   183 3525s
 82831 14189 infeasible   98               -  150.00000      -   183 3530s
 82904 14189 infeasible   95               -  150.00000      -   183 3535s
 83021 14192 infeasible  104               -  150.00000      -   183 3540s
 83097 14176 infeasible   92               -  150.00000      -   183 3545s
 83233 14190  150.00000  100  430          -  150.00000      -   183 3550s
 83382 14206  150.00000   71  540          -  150.00000      -   183 3555s
 83409 14226  150.00000   92  256          -  150.00000      -   183 3560s
 83440 14233 infeasible  102               -  150.00000      -   184 3565s
 83495 14237  150.00000  100  368          -  150.00000      -   184 3570s
 83551 14236  150.00000   94  201          -  150.00000      -   184 3575s
 83622 14244 infeasible  112               -  150.00000      -   184 3580s
 83689 14271 infeasible   89               -  150.00000      -   184 3585s
 83751 14299 infeasible  109               -  150.00000      -   184 3590s
 83885 14308 infeasible  111               -  150.00000      -   184 3595s

Cutting planes:
  Gomory: 6
  Cover: 112
  Implied bound: 12
  Clique: 126
  MIR: 27
  StrongCG: 9
  Flow cover: 74
  GUB cover: 7
  Zero half: 18
  Network: 1
  Relax-and-lift: 25

Explored 83963 nodes (15501593 simplex iterations) in 3600.01 seconds (3146.06 work units)
Thread count was 1 (of 8 available processors)

Solution count 0

Time limit reached
Best objective -, best bound 1.500000000000e+02, gap -
