
Gurobi 11.0.1 (win64) logging started Thu Mar 14 08:04:53 2024

Set parameter LogFile to value "C:\Projetos\Job_Rotation_Algorithms\Outputs\GurobiLogs\gurobi_log-output-39_wee-c56-BorbaRittModel-NoExtraConstraint-2.log"
Gurobi Optimizer version 11.0.1 build v11.0.1rc0 (win64 - Windows 10.0 (19045.2))

CPU model: 11th Gen Intel(R) Core(TM) i7-1165G7 @ 2.80GHz, instruction set [SSE2|AVX|AVX2|AVX512]
Thread count: 4 physical cores, 8 logical processors, using up to 1 threads


Gurobi 11.0.1 (win64) logging started Fri Mar 15 00:42:20 2024

Set parameter LogFile to value "C:\Projetos\Job_Rotation_Algorithms\Outputs\GurobiLogs\gurobi_log-output-39_wee-c56-BorbaRittModel-NoExtraConstraint-2.log"
Gurobi Optimizer version 11.0.1 build v11.0.1rc0 (win64 - Windows 10.0 (19045.2))

CPU model: 11th Gen Intel(R) Core(TM) i7-1165G7 @ 2.80GHz, instruction set [SSE2|AVX|AVX2|AVX512]
Thread count: 4 physical cores, 8 logical processors, using up to 1 threads


Gurobi 11.0.1 (win64) logging started Tue Mar 19 09:18:38 2024

Set parameter LogFile to value "C:\Projetos\Job_Rotation_Algorithms\Outputs\GurobiLogs\gurobi_log-output-39_wee-c56-BorbaRittModel-NoExtraConstraint-2.log"
Gurobi Optimizer version 11.0.1 build v11.0.1rc0 (win64 - Windows 10.0 (19045.2))

CPU model: 11th Gen Intel(R) Core(TM) i7-1165G7 @ 2.80GHz, instruction set [SSE2|AVX|AVX2|AVX512]
Thread count: 4 physical cores, 8 logical processors, using up to 1 threads


Gurobi 11.0.1 (win64) logging started Mon Apr  1 12:44:51 2024

Set parameter LogFile to value "C:\Projetos\Job_Rotation_Algorithms\Outputs\GurobiLogs\gurobi_log-output-39_wee-c56-BorbaRittModel-NoExtraConstraint-2.log"
Gurobi Optimizer version 11.0.1 build v11.0.1rc0 (win64 - Windows 10.0 (19045.2))

CPU model: 11th Gen Intel(R) Core(TM) i7-1165G7 @ 2.80GHz, instruction set [SSE2|AVX|AVX2|AVX512]
Thread count: 4 physical cores, 8 logical processors, using up to 1 threads


Gurobi 11.0.1 (win64) logging started Mon Apr  1 21:32:47 2024

Set parameter LogFile to value "C:\Projetos\Job_Rotation_Algorithms\Outputs\GurobiLogs\gurobi_log-output-39_wee-c56-BorbaRittModel-NoExtraConstraint-2.log"
Gurobi Optimizer version 11.0.1 build v11.0.1rc0 (win64 - Windows 10.0 (19045.2))

CPU model: 11th Gen Intel(R) Core(TM) i7-1165G7 @ 2.80GHz, instruction set [SSE2|AVX|AVX2|AVX512]
Thread count: 4 physical cores, 8 logical processors, using up to 1 threads


Gurobi 11.0.1 (win64) logging started Thu Apr  4 23:30:33 2024

Set parameter LogFile to value "C:\Projetos\Job_Rotation_Algorithms\Outputs\GurobiLogs\gurobi_log-output-39_wee-c56-BorbaRittModel-NoExtraConstraint-2.log"
Gurobi Optimizer version 11.0.1 build v11.0.1rc0 (win64 - Windows 10.0 (19045.2))

CPU model: 11th Gen Intel(R) Core(TM) i7-1165G7 @ 2.80GHz, instruction set [SSE2|AVX|AVX2|AVX512]
Thread count: 4 physical cores, 8 logical processors, using up to 1 threads


Gurobi 11.0.1 (win64) logging started Sat Apr  6 12:59:34 2024

Set parameter LogFile to value "C:\Projetos\Job_Rotation_Algorithms\Outputs\GurobiLogs\gurobi_log-output-39_wee-c56-BorbaRittModel-NoExtraConstraint-2.log"
Gurobi Optimizer version 11.0.1 build v11.0.1rc0 (win64 - Windows 10.0 (19045.2))

CPU model: 11th Gen Intel(R) Core(TM) i7-1165G7 @ 2.80GHz, instruction set [SSE2|AVX|AVX2|AVX512]
Thread count: 4 physical cores, 8 logical processors, using up to 1 threads


Gurobi 11.0.1 (win64) logging started Sun Apr  7 02:33:03 2024

Set parameter LogFile to value "C:\Projetos\Job_Rotation_Algorithms\Outputs\GurobiLogs\gurobi_log-output-39_wee-c56-BorbaRittModel-NoExtraConstraint-2.log"
Gurobi Optimizer version 11.0.1 build v11.0.1rc0 (win64 - Windows 10.0 (19045.2))

CPU model: 11th Gen Intel(R) Core(TM) i7-1165G7 @ 2.80GHz, instruction set [SSE2|AVX|AVX2|AVX512]
Thread count: 4 physical cores, 8 logical processors, using up to 1 threads


Gurobi 11.0.1 (win64) logging started Sun Apr  7 09:45:56 2024

Set parameter LogFile to value "C:\Projetos\Job_Rotation_Algorithms\Outputs\GurobiLogs\gurobi_log-output-39_wee-c56-BorbaRittModel-NoExtraConstraint-2.log"
Gurobi Optimizer version 11.0.1 build v11.0.1rc0 (win64 - Windows 10.0 (19045.2))

CPU model: 11th Gen Intel(R) Core(TM) i7-1165G7 @ 2.80GHz, instruction set [SSE2|AVX|AVX2|AVX512]
Thread count: 4 physical cores, 8 logical processors, using up to 1 threads


Gurobi 11.0.1 (win64) logging started Tue Apr  9 08:04:23 2024

Set parameter LogFile to value "C:\Projetos\Job_Rotation_Algorithms\Outputs\GurobiLogs\gurobi_log-output-39_wee-c56-BorbaRittModel-NoExtraConstraint-2.log"
Gurobi Optimizer version 11.0.1 build v11.0.1rc0 (win64 - Windows 10.0 (19045.2))

CPU model: 11th Gen Intel(R) Core(TM) i7-1165G7 @ 2.80GHz, instruction set [SSE2|AVX|AVX2|AVX512]
Thread count: 4 physical cores, 8 logical processors, using up to 1 threads


Gurobi 11.0.1 (win64) logging started Wed Apr 10 17:33:28 2024

Set parameter LogFile to value "C:\Projetos\Job_Rotation_Algorithms\Outputs\GurobiLogs\gurobi_log-output-39_wee-c56-BorbaRittModel-NoExtraConstraint-2.log"
Gurobi Optimizer version 11.0.1 build v11.0.1rc0 (win64 - Windows 10.0 (19045.2))

CPU model: 11th Gen Intel(R) Core(TM) i7-1165G7 @ 2.80GHz, instruction set [SSE2|AVX|AVX2|AVX512]
Thread count: 4 physical cores, 8 logical processors, using up to 1 threads


Gurobi 11.0.1 (win64) logging started Thu Apr 11 01:39:23 2024

Set parameter LogFile to value "C:\Projetos\Job_Rotation_Algorithms\Outputs\GurobiLogs\gurobi_log-output-39_wee-c56-BorbaRittModel-NoExtraConstraint-2.log"
Gurobi Optimizer version 11.0.1 build v11.0.1rc0 (win64 - Windows 10.0 (19045.2))

CPU model: 11th Gen Intel(R) Core(TM) i7-1165G7 @ 2.80GHz, instruction set [SSE2|AVX|AVX2|AVX512]
Thread count: 4 physical cores, 8 logical processors, using up to 1 threads


Gurobi 11.0.1 (win64) logging started Sat Apr 20 06:28:23 2024

Set parameter LogFile to value "C:\Projetos\Job_Rotation_Algorithms\Outputs\GurobiLogs\gurobi_log-output-39_wee-c56-BorbaRittModel-NoExtraConstraint-2.log"
Gurobi Optimizer version 11.0.1 build v11.0.1rc0 (win64 - Windows 10.0 (19045.2))

CPU model: 11th Gen Intel(R) Core(TM) i7-1165G7 @ 2.80GHz, instruction set [SSE2|AVX|AVX2|AVX512]
Thread count: 4 physical cores, 8 logical processors, using up to 1 threads

WLS license 901038 - registered to Bitka Analytics
Optimize a model with 18778 rows, 2451 columns and 58701 nonzeros
Model fingerprint: 0xcb3eb052
Variable types: 2 continuous, 2449 integer (2449 binary)
Coefficient statistics:
  Matrix range     [1e+00, 5e+01]
  Objective range  [1e+00, 1e+00]
  Bounds range     [1e+00, 1e+02]
  RHS range        [1e+00, 1e+02]
Presolve removed 1 rows and 1 columns
Presolve time: 0.09s
Presolved: 18777 rows, 2450 columns, 58699 nonzeros
Variable types: 0 continuous, 2450 integer (2449 binary)
Root relaxation presolved: 18777 rows, 2450 columns, 58699 nonzeros


Root relaxation: objective 1.500000e+02, 3746 iterations, 0.53 seconds (0.62 work units)

    Nodes    |    Current Node    |     Objective Bounds      |     Work
 Expl Unexpl |  Obj  Depth IntInf | Incumbent    BestBd   Gap | It/Node Time

     0     0  150.00000    0  500          -  150.00000      -     -    3s
     0     0  150.00000    0  723          -  150.00000      -     -    4s
     0     0  150.00000    0  706          -  150.00000      -     -    4s
     0     0  150.00000    0  333          -  150.00000      -     -    8s
     0     0  150.00000    0  334          -  150.00000      -     -    8s
     0     0  150.00000    0  431          -  150.00000      -     -    9s
     0     0  150.00000    0  413          -  150.00000      -     -    9s
     0     0  150.00000    0  422          -  150.00000      -     -   11s
     0     0  150.00000    0  396          -  150.00000      -     -   11s
     0     0  150.00000    0  362          -  150.00000      -     -   13s
     0     0  150.00000    0  317          -  150.00000      -     -   13s
     0     0  150.00000    0  373          -  150.00000      -     -   15s
     0     0  150.00000    0  331          -  150.00000      -     -   15s
     0     0  150.00000    0  367          -  150.00000      -     -   16s
     0     0  150.00000    0  366          -  150.00000      -     -   17s
     0     2  150.00000    0  309          -  150.00000      -     -   21s
    81    67  150.00000   40  301          -  150.00000      -   203   25s
   193   134  150.00000    8  327          -  150.00000      -   252   30s
   305   243  150.00000   82  433          -  150.00000      -   217   35s
   438   343  150.00000   62  353          -  150.00000      -   192   40s
   580   428  150.00000   46  502          -  150.00000      -   181   45s
   619   453  150.00000   93  352          -  150.00000      -   182   51s
   623   456  146.30690  120  303          -  150.00000      -   181   56s
   627   458  150.00000   95  280          -  150.00000      -   180   60s
   631   461  150.00000   95  416          -  150.00000      -   179   65s
   635   464  150.00000   49  398          -  150.00000      -   178   70s
   639   466  150.00000   42  296          -  150.00000      -   177   75s
   655   479  150.00000   17  248          -  150.00000      -   110   80s
   687   500  150.00000   33  297          -  150.00000      -   116   85s
   737   530  150.00000   58  373          -  150.00000      -   124   90s
   773   542  150.00000   17  307          -  150.00000      -   134   95s
   824   572  150.00000   43  333          -  150.00000      -   140  100s
   868   601  150.00000   65  457          -  150.00000      -   142  105s
   901   615  149.48205   80  397          -  150.00000      -   151  110s
   954   642  144.02472  106  382          -  150.00000      -   149  115s
  1028   672  150.00000   39  270          -  150.00000      -   151  120s
  1090   713  150.00000   70  257          -  150.00000      -   154  125s
  1150   751  150.00000  100  361          -  150.00000      -   159  130s
  1198   783  150.00000  124  394          -  150.00000      -   162  135s
  1218   794  150.00000  134  403          -  150.00000      -   168  142s
  1237   805  150.00000  143  319          -  150.00000      -   171  145s
  1262   818  150.00000  156  396          -  150.00000      -   178  150s
  1283   814 infeasible  163               -  150.00000      -   188  155s
  1342   843  150.00000   42  324          -  150.00000      -   191  160s
  1394   878  150.00000   68  354          -  150.00000      -   192  165s
  1440   906  150.00000   91  458          -  150.00000      -   194  170s
  1466   924  150.00000  104  469          -  150.00000      -   199  175s
  1499   936  150.00000  121  428          -  150.00000      -   203  180s
  1542   952  150.00000   38  429          -  150.00000      -   203  185s
  1582   979  150.00000   58  387          -  150.00000      -   203  190s
  1649  1018 infeasible   91               -  150.00000      -   207  195s
  1722  1050  150.00000   50  287          -  150.00000      -   211  200s
  1811  1110  150.00000   95  294          -  150.00000      -   210  205s
  1835  1124  150.00000  107  322          -  150.00000      -   212  210s
  1900  1147 infeasible  137               -  150.00000      -   218  215s
  2015  1218  150.00000   98  276          -  150.00000      -   219  220s
  2065  1244  149.56472  120  424          -  150.00000      -   225  225s
  2164  1311 infeasible   81               -  150.00000      -   228  230s
  2245  1388 infeasible  121               -  150.00000      -   232  235s
  2318  1439  150.00000   54  283          -  150.00000      -   235  240s
  2411  1532  150.00000   99  341          -  150.00000      -   234  245s
  2466  1583 infeasible  123               -  150.00000      -   237  250s
  2518  1625 infeasible  144               -  150.00000      -   239  255s
  2641  1722  150.00000   97  280          -  150.00000      -   237  260s
  2708  1783 infeasible  125               -  150.00000      -   240  265s
  2747  1804  150.00000  146  376          -  150.00000      -   243  270s
  2791  1830  150.00000   61  317          -  150.00000      -   244  277s
  2866  1905  150.00000   91  292          -  150.00000      -   242  280s
  2948  1967  150.00000  133  308          -  150.00000      -   243  285s
  3009  2006  150.00000   57  292          -  150.00000      -   245  290s
  3113  2104  150.00000  112  350          -  150.00000      -   244  295s
  3161  2142  150.00000  131  377          -  150.00000      -   246  300s
  3204  2147 infeasible  147               -  150.00000      -   249  305s
  3301  2238  150.00000   97  297          -  150.00000      -   248  310s
  3353  2278 infeasible  125               -  150.00000      -   250  315s
  3408  2301  150.00000   59  291          -  150.00000      -   250  320s
  3440  2331  150.00000   84  471          -  150.00000      -   253  325s
  3489  2370  150.00000  107  389          -  150.00000      -   254  330s
  3525  2394  150.00000  120  365          -  150.00000      -   257  335s
  3563  2420  150.00000   67  331          -  150.00000      -   258  340s
  3638  2495  150.00000  109  423          -  150.00000      -   258  345s
  3685  2534  150.00000  135  393          -  150.00000      -   259  350s
  3714  2555  150.00000  146  374          -  150.00000      -   262  355s
  3798  2617  150.00000   81  281          -  150.00000      -   261  360s
  3876  2693  150.00000  116  339          -  150.00000      -   261  365s
  3906  2713  150.00000  123  324          -  150.00000      -   262  371s
  3940  2729  150.00000  135  345          -  150.00000      -   264  375s
  4049  2830  150.00000  104  361          -  150.00000      -   262  380s
  4113  2880 infeasible  136               -  150.00000      -   263  385s
  4171  2914  150.00000  101  400          -  150.00000      -   266  390s
  4254  2979  150.00000  131  275          -  150.00000      -   269  395s
  4344  3047  150.00000   77  314          -  150.00000      -   270  400s
  4447  3142  150.00000  119  389          -  150.00000      -   269  405s
  4558  3223  150.00000   85  299          -  150.00000      -   269  410s
  4655  3314  150.00000  126  358          -  150.00000      -   268  415s
  4732  3367  150.00000   69  274          -  150.00000      -   270  420s
  4854  3483  150.00000  120  271          -  150.00000      -   269  425s
  4959  3580  150.00000   99  307          -  150.00000      -   269  430s
  5042  3647 infeasible  145               -  150.00000      -   270  435s
  5103  3688  150.00000   82  324          -  150.00000      -   272  440s
  5189  3772  150.00000  117  279          -  150.00000      -   272  447s
  5241  3808  150.00000  133  302          -  150.00000      -   271  450s
  5326  3873 infeasible   98               -  150.00000      -   273  455s
  5397  3936 infeasible  124               -  150.00000      -   276  460s
  5467  3980  148.11411  151  396          -  150.00000      -   276  465s
  5595  4088  150.00000   94  349          -  150.00000      -   274  470s
  5662  4143 infeasible  115               -  150.00000      -   275  475s
  5740  4195  150.00000   57  333          -  150.00000      -   276  480s
  5865  4316  150.00000  118  241          -  150.00000      -   274  485s
  5913  4348  150.00000  139  427          -  150.00000      -   276  490s
  5957  4376  150.00000   56  387          -  150.00000      -   277  495s
  6044  4455  150.00000  104  319          -  150.00000      -   277  500s
  6095  4496  150.00000   64  248          -  150.00000      -   278  507s
  6155  4556  150.00000   99  289          -  150.00000      -   277  510s
  6231  4612 infeasible  131               -  150.00000      -   277  515s
  6345  4720  150.00000  100  271          -  150.00000      -   276  520s
  6413  4780  150.00000  122  320          -  150.00000      -   276  525s
  6446  4795 infeasible  133               -  150.00000      -   278  530s
  6562  4903  150.00000  103  367          -  150.00000      -   277  535s
  6628  4965  150.00000  131  373          -  150.00000      -   277  540s
  6689  5006  150.00000   65  314          -  150.00000      -   278  545s
  6806  5121  150.00000  119  272          -  150.00000      -   276  550s
  6858  5163 infeasible  141               -  150.00000      -   278  555s
  6924  5207  150.00000   73  311          -  150.00000      -   278  560s
  6992  5261  150.00000  108  374          -  150.00000      -   278  565s
  7012  5275  150.00000  114  384          -  150.00000      -   279  574s
  7013  5276  150.00000  116  384          -  150.00000      -   279  575s
  7051  5278 infeasible  126               -  150.00000      -   280  580s
  7149  5370  150.00000  106  411          -  150.00000      -   279  585s
  7212  5409  150.00000   65  311          -  150.00000      -   280  590s
  7316  5499  150.00000  116  289          -  150.00000      -   279  595s
  7408  5577  150.00000   92  347          -  150.00000      -   278  600s
  7480  5609  150.00000   65  243          -  150.00000      -   279  605s
  7566  5685  150.00000  102  363          -  150.00000      -   279  610s
  7623  5710  150.00000   76  360          -  150.00000      -   280  615s
  7706  5779  150.00000  115  351          -  150.00000      -   280  620s
  7814  5873  150.00000  112  290          -  150.00000      -   279  625s
  7882  5913  150.00000  138  374          -  150.00000      -   280  630s
  8007  6030  150.00000  115  344          -  150.00000      -   279  635s
  8074  6079  150.00000  140  326          -  150.00000      -   280  640s
  8186  6169  150.00000   99  291          -  150.00000      -   279  645s
  8244  6219  150.00000  132  440          -  150.00000      -   280  650s
  8381  6328  150.00000  123  344          -  150.00000      -   279  655s
  8435  6344  150.00000   63  244          -  150.00000      -   281  660s
  8546  6445  150.00000  117  313          -  150.00000      -   280  665s
  8625  6486  150.00000   91  258          -  150.00000      -   281  670s
  8720  6553 infeasible  137               -  150.00000      -   282  675s
  8855  6684  150.00000  127  283          -  150.00000      -   281  680s
  8934  6727  150.00000  154  352          -  150.00000      -   282  685s
  8971  6736  150.00000   91  265          -  150.00000      -   284  690s
  9082  6829 infeasible  145               -  150.00000      -   284  695s
  9198  6945  150.00000  108  456          -  150.00000      -   284  700s
  9284  6994  150.00000   81  315          -  150.00000      -   284  705s
  9377  7061 infeasible  123               -  150.00000      -   284  710s
  9402  7086  150.00000   85  306          -  150.00000      -   284  715s
  9467  7141 infeasible  112               -  150.00000      -   286  720s
  9545  7203 infeasible  102               -  150.00000      -   287  725s
  9611  7247  150.00000   92  341          -  150.00000      -   288  730s
  9709  7333  150.00000   90  312          -  150.00000      -   288  735s
  9795  7407  150.00000  129  295          -  150.00000      -   289  740s
  9863  7437  150.00000   70  340          -  150.00000      -   290  745s
  9949  7519  150.00000  114  393          -  150.00000      -   290  750s
  9992  7550  150.00000  130  408          -  150.00000      -   291  755s
 10116  7660  150.00000  114  344          -  150.00000      -   291  760s
 10202  7742 infeasible  150               -  150.00000      -   290  887s
 10218  7753  150.00000  151  335          -  150.00000      -   291  890s
 10291  7790  150.00000   96  351          -  150.00000      -   291  895s
 10380  7865 infeasible  131               -  150.00000      -   291  900s
 10387  7870  150.00000  132  417          -  150.00000      -   291  905s
 10461  7922  150.00000  100  356          -  150.00000      -   291  910s
 10523  7956  150.00000   94  314          -  150.00000      -   291  915s
 10614  8041  150.00000  144  380          -  150.00000      -   291  920s
 10650  8067  150.00000  155  340          -  150.00000      -   293  925s
 10678  8077  150.00000  165  326          -  150.00000      -   295  930s
 10706  8085  150.00000  124  298          -  150.00000      -   295  935s
 10765  8120  150.00000  129  368          -  150.00000      -   296  940s
 10818  8165  150.00000  154  407          -  150.00000      -   297  945s
 10855  8178  150.00000   64  349          -  150.00000      -   298  950s
 10954  8277  150.00000  114  290          -  150.00000      -   297  955s
 11032  8355  150.00000  139  304          -  150.00000      -   297  960s
 11110  8413  150.00000   57  357          -  150.00000      -   297  965s
 11201  8504  150.00000  108  326          -  150.00000      -   296  970s
 11240  8525 infeasible  129               -  150.00000      -   297  975s
 11295  8550  150.00000  113  244          -  150.00000      -   297  980s
 11368  8605 infeasible  138               -  150.00000      -   298  985s
 11426  8663  150.00000  102  266          -  150.00000      -   298  995s
 11498  8731  150.00000  140  333          -  150.00000      -   298 1000s
 11555  8762  150.00000   77  411          -  150.00000      -   299 1005s
 11635  8836  150.00000  114  385          -  150.00000      -   299 1010s
 11697  8886  150.00000  140  388          -  150.00000      -   300 1015s
 11758  8931  150.00000  138  349          -  150.00000      -   301 1020s
 11819  8962  150.00000  121  357          -  150.00000      -   302 1025s
 11888  9009 infeasible  110               -  150.00000      -   303 1030s
 11967  9078  150.00000  118  366          -  150.00000      -   304 1035s
 12025  9120  150.00000  150  349          -  150.00000      -   305 1040s
 12080  9157 infeasible  170               -  150.00000      -   306 1045s
 12133  9174  150.00000   96  254          -  150.00000      -   307 1050s
 12231  9270  150.00000  145  412          -  150.00000      -   308 1055s
 12262  9285 infeasible  163               -  150.00000      -   309 1060s
 12337  9348  150.00000  128  337          -  150.00000      -   310 1065s
 12397  9382  150.00000   96  325          -  150.00000      -   311 1070s
 12496  9477  150.00000  146  384          -  150.00000      -   312 1075s
 12567  9506  150.00000  110  317          -  150.00000      -   313 1080s
 12637  9550  150.00000  136  416          -  150.00000      -   314 1085s
 12719  9620  150.00000  109  362          -  150.00000      -   315 1090s
 12802  9675  150.00000   78  307          -  150.00000      -   315 1095s
 12911  9770  150.00000  121  326          -  150.00000      -   314 1100s
 12990  9827 infeasible  100               -  150.00000      -   315 1105s
 13062  9867  150.00000   96  401          -  150.00000      -   315 1110s
 13142  9943  150.00000  137  339          -  150.00000      -   316 1115s
 13180  9967  150.00000   85  292          -  150.00000      -   316 1126s
 13245 10032  150.00000  117  324          -  150.00000      -   316 1130s
 13319 10088 infeasible  135               -  150.00000      -   317 1135s
 13410 10143 infeasible   88               -  150.00000      -   317 1140s
 13460 10183  150.00000  107  397          -  150.00000      -   317 1145s
 13511 10212  150.00000   82  292          -  150.00000      -   318 1150s
 13599 10286  150.00000  128  381          -  150.00000      -   318 1155s
 13653 10312 infeasible   96               -  150.00000      -   318 1160s
 13701 10344 infeasible  110               -  150.00000      -   319 1165s
 13756 10373  150.00000  110  289          -  150.00000      -   320 1170s
 13809 10410  150.00000  132  280          -  150.00000      -   321 1175s
 13881 10462 infeasible  102               -  150.00000      -   321 1180s
 13966 10535  150.00000  108  326          -  150.00000      -   321 1185s
 14047 10598  150.00000  103  285          -  150.00000      -   321 1190s
 14109 10640  150.00000   71  325          -  150.00000      -   322 1195s
 14176 10705  150.00000  100  361          -  150.00000      -   322 1200s
 14239 10754 infeasible  129               -  150.00000      -   322 1205s
 14296 10783  150.00000   89  320          -  150.00000      -   323 1210s
 14344 10813  150.00000   50  240          -  150.00000      -   324 1215s
 14436 10903  150.00000  109  356          -  150.00000      -   323 1220s
 14492 10935 infeasible  132               -  150.00000      -   323 1225s
 14592 11027  150.00000   88  313          -  150.00000      -   323 1230s
 14671 11096  150.00000  124  315          -  150.00000      -   323 1235s
 14764 11159  150.00000   93  332          -  150.00000      -   322 1240s
 14853 11246  150.00000  133  385          -  150.00000      -   322 1245s
 14925 11300  150.00000  123  306          -  150.00000      -   322 1250s
 14988 11349  150.00000  151  324          -  150.00000      -   323 1255s
 15057 11398  150.00000   82  360          -  150.00000      -   323 1260s
 15150 11481 infeasible  125               -  150.00000      -   323 1265s
 15208 11525  150.00000  146  339          -  150.00000      -   323 1270s
 15280 11579  150.00000   85  327          -  150.00000      -   323 1275s
 15357 11634  150.00000   94  349          -  150.00000      -   323 1280s
 15409 11676  150.00000  119  344          -  150.00000      -   323 1287s
 15437 11690  150.00000   61  325          -  150.00000      -   323 1290s
 15541 11792  150.00000  108  319          -  150.00000      -   322 1295s
 15607 11828  150.00000   74  278          -  150.00000      -   322 1300s
 15676 11893  150.00000  115  321          -  150.00000      -   322 1305s
 15728 11927 infeasible  133               -  150.00000      -   323 1310s
 15771 11946  150.00000  147  437          -  150.00000      -   323 1315s
 15864 12017  150.00000  100  330          -  150.00000      -   323 1320s
 15941 12072  150.00000   83  323          -  150.00000      -   324 1325s
 16036 12161  150.00000  126  338          -  150.00000      -   324 1330s
 16098 12205  150.00000   86  323          -  150.00000      -   325 1335s
 16197 12298 infeasible  132               -  150.00000      -   325 1340s
 16244 12317 infeasible  148               -  150.00000      -   326 1345s
 16330 12389  150.00000  125  356          -  150.00000      -   326 1350s
 16418 12453  150.00000  104  318          -  150.00000      -   326 1355s
 16500 12531  150.00000  128  350          -  150.00000      -   326 1360s
 16580 12595  150.00000   98  291          -  150.00000      -   327 1365s
 16641 12640  150.00000  121  311          -  150.00000      -   327 1378s
 16660 12655 infeasible  128               -  150.00000      -   327 1380s
 16725 12694  150.00000   92  488          -  150.00000      -   327 1385s
 16815 12772  150.00000  127  330          -  150.00000      -   327 1390s
 16850 12796 infeasible  142               -  150.00000      -   328 1395s
 16944 12872  150.00000  104  365          -  150.00000      -   328 1400s
 17020 12936  150.00000  130  356          -  150.00000      -   328 1405s
 17121 13025  150.00000  114  310          -  150.00000      -   328 1410s
 17200 13104  150.00000  142  459          -  150.00000      -   328 1415s
 17240 13138 infeasible  160               -  150.00000      -   329 1420s
 17294 13152 infeasible  173               -  150.00000      -   330 1425s
 17428 13282 infeasible  125               -  150.00000      -   330 1430s
 17533 13361 infeasible  107               -  150.00000      -   330 1435s
 17637 13453  150.00000  154  250          -  150.00000      -   330 1440s
 17773 13571  150.00000  139  315          -  150.00000      -   331 1445s
 17873 13635 infeasible  134               -  150.00000      -   331 1450s
 17927 13653  149.50381  131  457          -  150.00000      -   333 1455s
 17984 13680  150.00000  132  418          -  150.00000      -   334 1460s
 18055 13735  150.00000  142  429          -  150.00000      -   335 1465s
 18148 13800  150.00000  135  327          -  150.00000      -   335 1470s
 18193 13819 infeasible  150               -  150.00000      -   336 1475s
 18279 13895  150.00000  145  361          -  150.00000      -   337 1480s
 18363 13959  150.00000  146  356          -  150.00000      -   337 1485s
 18418 13964  150.00000  116  318          -  150.00000      -   338 1490s
 18491 14011  150.00000  143  373          -  150.00000      -   339 1495s
 18580 14056  150.00000  115  257          -  150.00000      -   339 1500s
 18742 14188  150.00000  124  269          -  150.00000      -   338 1505s
 18797 14231  150.00000  142  381          -  150.00000      -   339 1510s
 18826 14234 infeasible  154               -  150.00000      -   340 1515s
 18942 14344  150.00000  120  347          -  150.00000      -   340 1520s
 18943 14345  150.00000  121  316          -  150.00000      -   340 1528s
 18968 14362 infeasible  134               -  150.00000      -   340 1530s
 19030 14394  150.00000   80  330          -  150.00000      -   341 1535s
 19125 14481  150.00000  126  326          -  150.00000      -   341 1540s
 19166 14514 infeasible  146               -  150.00000      -   341 1545s
 19196 14526 infeasible  156               -  150.00000      -   342 1550s
 19306 14618  150.00000  125  435          -  150.00000      -   342 1555s
 19346 14644 infeasible  141               -  150.00000      -   343 1560s
 19423 14701  150.00000  113  382          -  150.00000      -   343 1565s
 19486 14752  150.00000  141  375          -  150.00000      -   344 1570s
 19547 14803  150.00000  109  294          -  150.00000      -   345 1575s
 19618 14858  150.00000  100  235          -  150.00000      -   345 1580s
 19728 14952  150.00000  138  323          -  150.00000      -   346 1585s
 19770 14978  150.00000  154  340          -  150.00000      -   347 1590s
 19841 15023  150.00000  113  300          -  150.00000      -   347 1595s
 19909 15069  150.00000   94  301          -  150.00000      -   348 1600s
 19976 15134  150.00000  127  345          -  150.00000      -   348 1605s
 20023 15155  150.00000   87  381          -  150.00000      -   349 1610s
 20098 15228  150.00000  122  402          -  150.00000      -   350 1615s
 20162 15262  150.00000   91  345          -  150.00000      -   350 1620s
 20238 15330 infeasible  125               -  150.00000      -   351 1625s
 20312 15388  150.00000  121  302          -  150.00000      -   352 1630s
 20375 15419 infeasible  108               -  150.00000      -   353 1635s
 20454 15482  150.00000   92  373          -  150.00000      -   353 1640s
 20541 15565  149.41267  143  346          -  150.00000      -   353 1645s
 20578 15596  150.00000  157  406          -  150.00000      -   354 1650s
 20598 15596  150.00000  116  443          -  150.00000      -   355 1655s
 20643 15617  150.00000  107  316          -  150.00000      -   356 1660s
 20688 15654  149.54076  129  379          -  150.00000      -   357 1665s
 20744 15688  150.00000  122  298          -  150.00000      -   358 1670s
 20856 15758 infeasible  170               -  150.00000      -   358 1675s
 20878 15766  150.00000  118  316          -  150.00000      -   358 1684s
 20886 15766 infeasible  122               -  150.00000      -   358 1685s
 20956 15794  150.00000  123  295          -  150.00000      -   359 1690s
 21049 15855  150.00000  120  253          -  150.00000      -   360 1695s
 21119 15877 infeasible  120               -  150.00000      -   361 1700s
 21197 15905 infeasible  125               -  150.00000      -   362 1705s
 21237 15937 infeasible  141               -  150.00000      -   363 1710s
 21374 16062 infeasible  139               -  150.00000      -   363 1715s
 21410 16062 infeasible   80               -  150.00000      -   364 1720s
 21500 16146 infeasible  117               -  150.00000      -   365 1725s
 21570 16196  150.00000  118  387          -  150.00000      -   365 1730s
 21630 16234  150.00000  100  318          -  150.00000      -   366 1735s
 21707 16289  150.00000  102  265          -  150.00000      -   367 1740s
 21809 16373 infeasible  145               -  150.00000      -   367 1745s
 21888 16428  150.00000  122  321          -  150.00000      -   368 1750s
 21979 16497  150.00000   96  220          -  150.00000      -   368 1755s
 22120 16636  150.00000  151  309          -  150.00000      -   368 1760s
 22179 16673  150.00000  113  291          -  150.00000      -   369 1765s
 22288 16764  150.00000  126  321          -  150.00000      -   369 1770s
 22391 16843  150.00000  121  312          -  150.00000      -   370 1775s
 22509 16941  150.00000  116  297          -  150.00000      -   370 1780s
 22553 16961 infeasible  129               -  150.00000      -   371 1785s
 22621 17009  150.00000  124  299          -  150.00000      -   371 1790s
 22654 17018 infeasible  139               -  150.00000      -   372 1795s
 22734 17070  150.00000  130  277          -  150.00000      -   372 1800s
 22811 17107 infeasible  160               -  150.00000      -   373 1805s
 22904 17156  150.00000  125  186          -  150.00000      -   374 1810s
 23016 17206  150.00000   98  282          -  150.00000      -   374 1815s
 23068 17250  150.00000  119  348          -  150.00000      -   374 1820s
 23120 17278 infeasible  138               -  150.00000      -   374 1825s
 23217 17343  150.00000  135  335          -  150.00000      -   374 1830s
 23244 17368  150.00000  150  313          -  150.00000      -   374 1838s
 23260 17376  150.00000  157  340          -  150.00000      -   374 1840s
 23319 17411  150.00000  132  253          -  150.00000      -   375 1845s
 23425 17497  150.00000  132  298          -  150.00000      -   375 1850s
 23527 17581  150.00000  111  342          -  150.00000      -   375 1855s
 23645 17657  150.00000  119  320          -  150.00000      -   375 1860s
 23721 17715  150.00000  159  337          -  150.00000      -   375 1865s
 23759 17731  150.00000   73  413          -  150.00000      -   376 1870s
 23860 17824  150.00000  128  373          -  150.00000      -   376 1875s
 23912 17850  150.00000  119  324          -  150.00000      -   377 1880s
 24006 17920  150.00000  116  272          -  150.00000      -   377 1885s
 24096 17964 infeasible  126               -  150.00000      -   377 1890s
 24178 18036  150.00000  114  405          -  150.00000      -   377 1895s
 24212 18044 infeasible  129               -  150.00000      -   378 1900s
 24267 18095 infeasible  101               -  150.00000      -   379 1905s
 24401 18201  150.00000  102  271          -  150.00000      -   378 1910s
 24512 18284 infeasible  159               -  150.00000      -   378 1915s
 24603 18365  150.00000  128  342          -  150.00000      -   378 1920s
 24648 18384 infeasible  144               -  150.00000      -   379 1925s
 24756 18480 infeasible  139               -  150.00000      -   379 1930s
 24847 18543  150.00000  121  355          -  150.00000      -   379 1935s
 24917 18595  150.00000   76  320          -  150.00000      -   380 1940s
 25013 18687  150.00000  117  300          -  150.00000      -   380 1945s
 25073 18723 infeasible  145               -  150.00000      -   381 1950s
 25143 18769 infeasible   87               -  150.00000      -   381 1955s
 25197 18817  148.27397  108  485          -  150.00000      -   382 1960s
 25256 18832  150.00000  148  364          -  150.00000      -   382 1965s
 25375 18917  150.00000  124  324          -  150.00000      -   382 1970s
 25446 18976  150.00000  158  373          -  150.00000      -   383 1975s
 25452 18976  150.00000  160  401          -  150.00000      -   383 1985s
 25521 18995 infeasible  122               -  150.00000      -   383 1990s
 25669 19117  150.00000  119  340          -  150.00000      -   383 1995s
 25757 19173  150.00000   99  386          -  150.00000      -   384 2000s
 25863 19273 infeasible  150               -  150.00000      -   384 2005s
 25977 19369  150.00000  142  286          -  150.00000      -   384 2010s
 26070 19438  150.00000  124  319          -  150.00000      -   385 2015s
 26133 19483  150.00000  145  386          -  150.00000      -   385 2020s
 26162 19476 infeasible  149               -  150.00000      -   386 2025s
 26285 19575 infeasible  153               -  150.00000      -   386 2030s
 26393 19655 infeasible  128               -  150.00000      -   386 2035s
 26488 19738 infeasible  129               -  150.00000      -   386 2040s
 26529 19757  150.00000  129  380          -  150.00000      -   387 2045s
 26577 19779  150.00000  124  264          -  150.00000      -   388 2050s
 26699 19835  150.00000  131  345          -  150.00000      -   388 2055s
 26826 19944  150.00000  126  316          -  150.00000      -   388 2060s
 26953 20047  150.00000  128  304          -  150.00000      -   388 2065s
 27029 20107  150.00000  100  284          -  150.00000      -   388 2070s
 27121 20185 infeasible  149               -  150.00000      -   389 2075s
 27255 20267  150.00000  116  363          -  150.00000      -   388 2080s
 27310 20314  150.00000  138  377          -  150.00000      -   389 2085s
 27330 20321  147.72154  144  449          -  150.00000      -   390 2090s
 27428 20389  150.00000  141  298          -  150.00000      -   390 2095s
 27513 20462  150.00000  138  384          -  150.00000      -   390 2100s
 27557 20482  150.00000   91  229          -  150.00000      -   390 2105s
 27658 20563 infeasible  139               -  150.00000      -   391 2110s
 27764 20629  150.00000  110  369          -  150.00000      -   391 2115s
 27860 20691 infeasible  101               -  150.00000      -   391 2120s
 27948 20753  150.00000  113  247          -  150.00000      -   391 2125s
 28056 20835 infeasible  136               -  150.00000      -   391 2130s
 28148 20909  150.00000  130  364          -  150.00000      -   392 2135s
 28251 20980  150.00000  118  268          -  150.00000      -   392 2140s
 28328 21039 infeasible  150               -  150.00000      -   392 2145s
 28392 21089  150.00000  128  339          -  150.00000      -   392 2150s
 28488 21167  150.00000  135  285          -  150.00000      -   392 2155s
 28542 21203 infeasible  149               -  150.00000      -   393 2160s
 28589 21234  150.00000  113  336          -  150.00000      -   393 2172s
 28621 21264  150.00000  129  362          -  150.00000      -   393 2175s
 28735 21332  150.00000  116  268          -  150.00000      -   393 2180s
 28818 21387 infeasible  161               -  150.00000      -   393 2185s
 28910 21465  150.00000  126  373          -  150.00000      -   394 2190s
 28975 21494  150.00000   99  216          -  150.00000      -   394 2195s
 29057 21562  150.00000  140  316          -  150.00000      -   394 2200s
 29103 21588  150.00000  115  309          -  150.00000      -   394 2205s
 29188 21637  150.00000  124  294          -  150.00000      -   394 2210s
 29262 21691  150.00000  115  248          -  150.00000      -   395 2215s
 29317 21722 infeasible  137               -  150.00000      -   395 2220s
 29383 21760  150.00000  126  318          -  150.00000      -   396 2225s
 29436 21791  150.00000  147  344          -  150.00000      -   396 2230s
 29506 21821  150.00000  104  273          -  150.00000      -   397 2235s
 29615 21912  150.00000   94  220          -  150.00000      -   397 2240s
 29726 22003  150.00000   90  201          -  150.00000      -   397 2245s
 29836 22107  150.00000  146  263          -  150.00000      -   397 2250s
 29922 22157  150.00000  112  242          -  150.00000      -   397 2255s
 29990 22211 infeasible  143               -  150.00000      -   398 2260s
 30080 22281 infeasible  139               -  150.00000      -   398 2265s
 30178 22347  150.00000  130  200          -  150.00000      -   398 2270s
 30266 22407  150.00000  129  354          -  150.00000      -   399 2275s
 30375 22494  150.00000  152  375          -  150.00000      -   399 2280s
 30450 22531  150.00000  114  315          -  150.00000      -   399 2285s
 30568 22639  150.00000  166  303          -  150.00000      -   399 2290s
 30670 22713  150.00000  147  311          -  150.00000      -   400 2295s
 30720 22751 infeasible  169               -  150.00000      -   400 2300s
 30784 22795  150.00000  138  335          -  150.00000      -   401 2305s
 30820 22823  150.00000  156  351          -  150.00000      -   401 2318s
 30835 22826 infeasible  161               -  150.00000      -   401 2320s
 30903 22878  150.00000  145  292          -  150.00000      -   401 2325s
 30919 22882 infeasible  150               -  150.00000      -   402 2330s
 31004 22953 infeasible  153               -  150.00000      -   402 2335s
 31103 23030  150.00000  151  313          -  150.00000      -   403 2340s
 31203 23086 infeasible  138               -  150.00000      -   403 2345s
 31292 23157  150.00000  159  312          -  150.00000      -   403 2350s
 31369 23198 infeasible  140               -  150.00000      -   403 2355s
 31458 23267  150.00000  152  286          -  150.00000      -   404 2360s
 31506 23297 infeasible  173               -  150.00000      -   404 2365s
 31596 23361 infeasible  147               -  150.00000      -   405 2370s
 31665 23394  150.00000  154  244          -  150.00000      -   405 2375s
 31731 23438  150.00000  145  261          -  150.00000      -   406 2380s
 31796 23477 infeasible  165               -  150.00000      -   407 2385s
 31889 23546  150.00000  148  333          -  150.00000      -   407 2390s
 31961 23588  150.00000  129  336          -  150.00000      -   407 2395s
 32066 23657  150.00000  141  295          -  150.00000      -   408 2400s
 32150 23709  150.00000  135  295          -  150.00000      -   408 2405s
 32238 23773  149.66830  146  337          -  150.00000      -   408 2410s
 32313 23826  150.00000  133  307          -  150.00000      -   409 2415s
 32375 23860  150.00000  145  275          -  150.00000      -   409 2420s
 32464 23911 infeasible  152               -  150.00000      -   409 2425s
 32536 23953  150.00000  135  268          -  150.00000      -   410 2430s
 32614 23991  150.00000  136  400          -  150.00000      -   410 2435s
 32661 24010 infeasible  154               -  150.00000      -   410 2440s
 32715 24024  150.00000  137  363          -  150.00000      -   411 2445s
 32774 24061  150.00000  140  254          -  150.00000      -   411 2450s
 32816 24091  149.36719  152  413          -  150.00000      -   412 2455s
 32857 24106 infeasible  145               -  150.00000      -   413 2460s
 32919 24130  150.00000  132  164          -  150.00000      -   413 2465s
 33017 24220  150.00000  176  240          -  150.00000      -   413 2470s
 33073 24230 infeasible  143               -  150.00000      -   414 2475s
 33160 24271  150.00000  154  354          -  150.00000      -   414 2480s
 33236 24311 infeasible  168               -  150.00000      -   414 2485s
 33322 24365  150.00000  147  236          -  150.00000      -   415 2490s
 33402 24423  150.00000  148  322          -  150.00000      -   415 2495s
 33463 24458 infeasible  136               -  150.00000      -   415 2500s
 33520 24507  150.00000  165  391          -  150.00000      -   416 2505s
 33542 24507  150.00000  155  324          -  150.00000      -   416 2510s
 33598 24524  150.00000  154  297          -  150.00000      -   417 2515s
 33644 24544  150.00000  137  327          -  150.00000      -   417 2520s
 33713 24587  150.00000  153  271          -  150.00000      -   417 2531s
 33743 24595  149.30327  135  344          -  150.00000      -   418 2535s
 33811 24639 infeasible  127               -  150.00000      -   418 2540s
 33858 24670 infeasible  154               -  150.00000      -   418 2545s
 33907 24693  147.89840  139  283          -  150.00000      -   419 2550s
 34000 24752  150.00000  136  351          -  150.00000      -   419 2555s
 34051 24777  150.00000  135  374          -  150.00000      -   420 2560s
 34123 24823 infeasible  149               -  150.00000      -   420 2565s
 34181 24839  150.00000  154  331          -  150.00000      -   421 2570s
 34220 24848  150.00000  154  265          -  150.00000      -   421 2575s
 34300 24888 infeasible  156               -  150.00000      -   422 2580s
 34399 24953 infeasible  150               -  150.00000      -   422 2585s
 34500 24986 infeasible  137               -  150.00000      -   422 2590s
 34594 25062  150.00000  164  322          -  150.00000      -   423 2595s
 34654 25086 infeasible  144               -  150.00000      -   423 2600s
 34721 25129  149.08312  156  398          -  150.00000      -   424 2605s
 34804 25174  150.00000  142  357          -  150.00000      -   424 2610s
 34868 25216  150.00000  146  333          -  150.00000      -   424 2615s
 34954 25256  150.00000  129  313          -  150.00000      -   425 2620s
 35020 25288 infeasible  139               -  150.00000      -   425 2625s
 35101 25315  150.00000  124  269          -  150.00000      -   426 2630s
 35175 25381  150.00000  155  431          -  150.00000      -   426 2635s
 35224 25408  150.00000  139  309          -  150.00000      -   427 2640s
 35282 25448  149.50596  149  374          -  150.00000      -   427 2645s
 35365 25501  150.00000  157  282          -  150.00000      -   427 2650s
 35436 25544  150.00000  154  383          -  150.00000      -   428 2655s
 35476 25566  150.00000  168  337          -  150.00000      -   428 2660s
 35510 25580  150.00000  140  210          -  150.00000      -   429 2674s
 35512 25582  150.00000  142  281          -  150.00000      -   429 2675s
 35576 25614  150.00000  144  314          -  150.00000      -   429 2680s
 35648 25654 infeasible  143               -  150.00000      -   429 2685s
 35701 25685  150.00000  152  368          -  150.00000      -   430 2690s
 35753 25709  150.00000  139  281          -  150.00000      -   430 2695s
 35839 25755  150.00000  141  257          -  150.00000      -   430 2700s
 35895 25777 infeasible  149               -  150.00000      -   431 2705s
 35974 25836 infeasible  166               -  150.00000      -   431 2710s
 36027 25847  150.00000  130  300          -  150.00000      -   432 2715s
 36155 25947 infeasible  170               -  150.00000      -   432 2720s
 36239 25979  149.92852  129  372          -  150.00000      -   432 2725s
 36332 26024 infeasible  122               -  150.00000      -   433 2730s
 36400 26048 infeasible  141               -  150.00000      -   433 2735s
 36453 26073  150.00000  117  316          -  150.00000      -   433 2740s
 36514 26088 infeasible  128               -  150.00000      -   434 2745s
 36598 26128  150.00000  120  251          -  150.00000      -   434 2750s
 36709 26205 infeasible  152               -  150.00000      -   434 2755s
 36777 26231  150.00000  123  253          -  150.00000      -   435 2760s
 36860 26270  150.00000  154  302          -  150.00000      -   435 2765s
 36935 26315  150.00000  133  335          -  150.00000      -   436 2770s
 37028 26368  150.00000  148  378          -  150.00000      -   436 2775s
 37099 26401  148.63826  140  286          -  150.00000      -   436 2780s
 37193 26455  150.00000  152  249          -  150.00000      -   437 2785s
 37235 26471 infeasible  170               -  150.00000      -   438 2790s
 37317 26511 infeasible  149               -  150.00000      -   438 2795s
 37395 26533  150.00000  143  361          -  150.00000      -   438 2800s
 37461 26559 infeasible  165               -  150.00000      -   439 2805s
 37524 26556  149.92584  145  391          -  150.00000      -   440 2810s
 37573 26555 infeasible  153               -  150.00000      -   440 2815s
 37631 26569 infeasible  146               -  150.00000      -   441 2820s
 37707 26581  150.00000  148  294          -  150.00000      -   441 2825s
 37769 26584 infeasible  142               -  150.00000      -   442 2830s
 37806 26579 infeasible  152               -  150.00000      -   443 2835s
 37879 26594 infeasible  152               -  150.00000      -   443 2840s
 38001 26674  150.00000  134  316          -  150.00000      -   443 2845s
 38088 26715  150.00000  147  309          -  150.00000      -   443 2850s
 38192 26777  150.00000  165  256          -  150.00000      -   443 2855s
 38276 26799 infeasible  136               -  150.00000      -   444 2860s
 38364 26839  150.00000  133  274          -  150.00000      -   444 2865s
 38446 26895  150.00000  140  236          -  150.00000      -   444 2870s
 38527 26950  150.00000  143  306          -  150.00000      -   445 2875s
 38619 26994 infeasible  139               -  150.00000      -   445 2880s
 38685 27012 infeasible  133               -  150.00000      -   446 2885s
 38771 27066  150.00000  122  310          -  150.00000      -   446 2890s
 38805 27086  150.00000  132  340          -  150.00000      -   446 2901s
 38841 27094  150.00000  134  321          -  150.00000      -   446 2905s
 38904 27133  150.00000  144  221          -  150.00000      -   447 2910s
 38995 27196  150.00000  153  398          -  150.00000      -   447 2915s
 39069 27244  150.00000  155  277          -  150.00000      -   447 2920s
 39135 27284  150.00000  140  326          -  150.00000      -   448 2925s
 39172 27297 infeasible  150               -  150.00000      -   448 2930s
 39247 27336  150.00000  139  366          -  150.00000      -   449 2935s
 39312 27363  150.00000  155  259          -  150.00000      -   449 2940s
 39385 27398 infeasible  163               -  150.00000      -   449 2945s
 39439 27412  150.00000  149  403          -  150.00000      -   450 2950s
 39490 27439 infeasible  150               -  150.00000      -   450 2955s
 39552 27453  150.00000  150  326          -  150.00000      -   451 2960s
 39608 27467  150.00000  133  372          -  150.00000      -   451 2965s
 39674 27477 infeasible  134               -  150.00000      -   452 2970s
 39771 27534 infeasible  160               -  150.00000      -   452 2975s
 39871 27602 infeasible  161               -  150.00000      -   452 2980s
 39962 27645 infeasible  145               -  150.00000      -   453 2985s
 40022 27661 infeasible  133               -  150.00000      -   453 2990s
 40054 27675 infeasible  140               -  150.00000      -   454 2995s
 40104 27673  150.00000  141  377          -  150.00000      -   454 3000s
 40160 27667 infeasible  136               -  150.00000      -   455 3005s
 40214 27695  150.00000  139  328          -  150.00000      -   455 3010s
 40268 27717  150.00000  138  312          -  150.00000      -   455 3015s
 40335 27740  150.00000  143  342          -  150.00000      -   456 3020s
 40397 27766 infeasible  139               -  150.00000      -   456 3025s
 40465 27796  149.21805  151  360          -  150.00000      -   457 3030s
 40548 27837 infeasible  152               -  150.00000      -   457 3035s
 40613 27872  150.00000  140  261          -  150.00000      -   457 3040s
 40664 27897  150.00000  140  280          -  150.00000      -   458 3045s
 40729 27922  150.00000  135  334          -  150.00000      -   458 3050s
 40803 27952  150.00000  147  291          -  150.00000      -   458 3055s
 40861 27972  150.00000  138  279          -  150.00000      -   459 3060s
 40953 28024  150.00000  142  343          -  150.00000      -   459 3065s
 41014 28055  150.00000  148  395          -  150.00000      -   459 3070s
 41067 28062 infeasible  149               -  150.00000      -   460 3075s
 41068 28063  150.00000  147  325          -  150.00000      -   460 3083s
 41076 28061 infeasible  149               -  150.00000      -   460 3085s
 41111 28060  150.00000  142  352          -  150.00000      -   461 3090s
 41167 28086  149.97105  141  397          -  150.00000      -   461 3095s
 41251 28112  150.00000  136  306          -  150.00000      -   461 3100s
 41318 28137  150.00000  133  311          -  150.00000      -   462 3105s
 41418 28207 infeasible  163               -  150.00000      -   462 3110s
 41459 28208  150.00000  144  372          -  150.00000      -   462 3115s
 41511 28218  150.00000  123  341          -  150.00000      -   463 3120s
 41574 28255  150.00000  134  319          -  150.00000      -   463 3125s
 41640 28303  150.00000  147  323          -  150.00000      -   464 3130s
 41681 28332  149.45937  161  406          -  150.00000      -   464 3135s
 41731 28334  150.00000  140  288          -  150.00000      -   465 3140s
 41791 28360  149.00000  148  344          -  150.00000      -   465 3145s
 41861 28392  150.00000  134  369          -  150.00000      -   465 3150s
 41916 28415 infeasible  144               -  150.00000      -   466 3155s
 41971 28440 infeasible  157               -  150.00000      -   466 3160s
 42035 28470 infeasible  152               -  150.00000      -   466 3165s
 42072 28481  149.54212  161  423          -  150.00000      -   467 3170s
 42134 28493  150.00000  140  368          -  150.00000      -   467 3175s
 42177 28506  149.30847  143  352          -  150.00000      -   468 3180s
 42245 28536  150.00000  128  237          -  150.00000      -   468 3185s
 42336 28589  150.00000  126  377          -  150.00000      -   468 3190s
 42418 28625  150.00000  145  312          -  150.00000      -   469 3195s
 42510 28669  150.00000  135  252          -  150.00000      -   469 3200s
 42608 28733 infeasible  159               -  150.00000      -   469 3205s
 42679 28776 infeasible  153               -  150.00000      -   469 3210s
 42786 28861  150.00000  173  309          -  150.00000      -   469 3215s
 42854 28893  150.00000  138  297          -  150.00000      -   470 3220s
 42942 28945  150.00000  140  343          -  150.00000      -   470 3225s
 43000 28981  150.00000  144  379          -  150.00000      -   470 3239s
 43002 28983  150.00000  146  336          -  150.00000      -   470 3240s
 43042 28983 infeasible  150               -  150.00000      -   470 3245s
 43130 29055 infeasible  166               -  150.00000      -   471 3250s
 43178 29073  150.00000  149  368          -  150.00000      -   471 3255s
 43247 29096 infeasible  155               -  150.00000      -   471 3260s
 43301 29120 infeasible  145               -  150.00000      -   472 3265s
 43353 29146 infeasible  150               -  150.00000      -   472 3270s
 43423 29178  150.00000  154  295          -  150.00000      -   472 3275s
 43486 29207  150.00000  155  294          -  150.00000      -   473 3280s
 43557 29244 infeasible  167               -  150.00000      -   473 3285s
 43599 29246 infeasible  151               -  150.00000      -   473 3290s
 43642 29265 infeasible  161               -  150.00000      -   474 3295s
 43704 29287 infeasible  166               -  150.00000      -   474 3300s
 43769 29308  150.00000  144  320          -  150.00000      -   474 3305s
 43854 29359  150.00000  159  273          -  150.00000      -   475 3310s
 43934 29403  150.00000  151  338          -  150.00000      -   475 3315s
 44004 29451  150.00000  122  276          -  150.00000      -   475 3320s
 44092 29509 infeasible  133               -  150.00000      -   475 3325s
 44185 29568 infeasible  151               -  150.00000      -   476 3330s
 44235 29582  150.00000  129  223          -  150.00000      -   476 3335s
 44308 29631 infeasible  145               -  150.00000      -   476 3340s
 44395 29686  150.00000  155  278          -  150.00000      -   476 3345s
 44462 29715 infeasible  147               -  150.00000      -   477 3350s
 44514 29721 infeasible  147               -  150.00000      -   477 3355s
 44573 29768  149.85728  141  414          -  150.00000      -   478 3360s
 44706 29853 infeasible  155               -  150.00000      -   477 3365s
 44795 29890  150.00000  119  201          -  150.00000      -   478 3370s
 44905 29974  150.00000  137  194          -  150.00000      -   478 3375s
 44976 30007  150.00000  131  213          -  150.00000      -   478 3380s
 45090 30087  150.00000  139  266          -  150.00000      -   478 3385s
 45152 30099  150.00000  120  288          -  150.00000      -   478 3390s
 45230 30157 infeasible  132               -  150.00000      -   479 3395s
 45326 30211 infeasible  134               -  150.00000      -   479 3400s
 45380 30225  150.00000  142  272          -  150.00000      -   479 3405s
 45444 30235 infeasible  137               -  150.00000      -   480 3410s
 45517 30256  150.00000  130  288          -  150.00000      -   480 3415s
 45623 30298  150.00000  140  262          -  150.00000      -   480 3420s
 45711 30344  150.00000  137  302          -  150.00000      -   480 3425s
 45784 30373  150.00000  153  234          -  150.00000      -   480 3430s
 45859 30404 infeasible  142               -  150.00000      -   481 3435s
 45942 30443  150.00000  139  249          -  150.00000      -   481 3440s
 46012 30481 infeasible  143               -  150.00000      -   481 3445s
 46016 30479  150.00000  139  320          -  150.00000      -   481 3456s
 46082 30495  150.00000  142  296          -  150.00000      -   481 3460s
 46180 30537  150.00000  147  282          -  150.00000      -   481 3465s
 46261 30586  150.00000  126  213          -  150.00000      -   481 3470s
 46336 30599 infeasible  134               -  150.00000      -   482 3475s
 46408 30631 infeasible  144               -  150.00000      -   482 3480s
 46486 30631 infeasible  127               -  150.00000      -   482 3485s
 46529 30632 infeasible  139               -  150.00000      -   482 3490s
 46610 30681 infeasible  153               -  150.00000      -   483 3495s
 46666 30673 infeasible  141               -  150.00000      -   483 3500s
 46731 30682  150.00000  142  306          -  150.00000      -   483 3505s
 46794 30693 infeasible  158               -  150.00000      -   484 3510s
 46884 30703  150.00000  152  252          -  150.00000      -   484 3515s
 46972 30753  150.00000  144  311          -  150.00000      -   484 3520s
 47087 30808  150.00000  152  294          -  150.00000      -   484 3525s
 47171 30846 infeasible  167               -  150.00000      -   485 3530s
 47238 30877  150.00000  148  362          -  150.00000      -   485 3535s
 47317 30892  150.00000  143  213          -  150.00000      -   485 3540s
 47401 30918  150.00000  153  386          -  150.00000      -   485 3545s
 47489 30960  150.00000  155  305          -  150.00000      -   485 3550s
 47578 30987  150.00000  166  347          -  150.00000      -   486 3555s
 47637 30998 infeasible  152               -  150.00000      -   486 3560s
 47687 31010  150.00000  152  369          -  150.00000      -   486 3565s
 47787 31042 infeasible  150               -  150.00000      -   486 3570s
 47862 31063  150.00000  143  267          -  150.00000      -   487 3575s
 47931 31082 infeasible  143               -  150.00000      -   487 3580s
 48007 31104  150.00000  136  193          -  150.00000      -   487 3585s
 48104 31179  150.00000  175  229          -  150.00000      -   487 3590s
 48193 31220  150.00000  146  332          -  150.00000      -   488 3595s

Cutting planes:
  MIR: 2
  StrongCG: 1
  Flow cover: 59
  Zero half: 25
  RLT: 43
  BQP: 73

Explored 48271 nodes (23720143 simplex iterations) in 3600.01 seconds (4582.27 work units)
Thread count was 1 (of 8 available processors)

Solution count 0

Time limit reached
Best objective -, best bound 1.499999999999e+02, gap -
