
Gurobi 11.0.1 (win64) logging started Wed Mar 20 07:58:17 2024

Set parameter LogFile to value "C:\Projetos\Job_Rotation_Algorithms\Outputs\GurobiLogs\gurobi_log-output-12_ton-c113-BorbaRittModel-NoExtraConstraint-2.log"
Gurobi Optimizer version 11.0.1 build v11.0.1rc0 (win64 - Windows 10.0 (19045.2))

CPU model: 11th Gen Intel(R) Core(TM) i7-1165G7 @ 2.80GHz, instruction set [SSE2|AVX|AVX2|AVX512]
Thread count: 4 physical cores, 8 logical processors, using up to 1 threads

WLS license 901039 - registered to Bitka Analytics
Optimize a model with 12028 rows, 1835 columns and 37737 nonzeros
Model fingerprint: 0xbd588de3
Variable types: 2 continuous, 1833 integer (1833 binary)
Coefficient statistics:
  Matrix range     [1e+00, 2e+02]
  Objective range  [1e+00, 1e+00]
  Bounds range     [1e+00, 2e+02]
  RHS range        [1e+00, 2e+02]
Presolve removed 1 rows and 1 columns
Presolve time: 0.03s
Presolved: 12027 rows, 1834 columns, 37735 nonzeros
Variable types: 0 continuous, 1834 integer (1833 binary)
Root relaxation presolved: 12027 rows, 1834 columns, 37735 nonzeros


Root relaxation: objective 1.400000e+02, 2742 iterations, 0.28 seconds (0.33 work units)

    Nodes    |    Current Node    |     Objective Bounds      |     Work
 Expl Unexpl |  Obj  Depth IntInf | Incumbent    BestBd   Gap | It/Node Time

     0     0  140.00000    0  472          -  140.00000      -     -    1s
     0     0  140.00000    0  678          -  140.00000      -     -    1s
     0     0  140.00000    0  668          -  140.00000      -     -    1s
     0     0  140.00000    0  609          -  140.00000      -     -    5s
     0     0  140.00000    0  605          -  140.00000      -     -    5s
     0     0  140.00000    0  526          -  140.00000      -     -    7s
     0     0  140.00000    0  495          -  140.00000      -     -    7s
     0     0  140.00000    0  527          -  140.00000      -     -    8s
     0     0  140.00000    0  509          -  140.00000      -     -    8s
     0     0  140.00000    0  500          -  140.00000      -     -   10s
     0     0  140.00000    0  324          -  140.00000      -     -   10s
     0     2  140.00000    0  324          -  140.00000      -     -   12s
    98    88  140.00000   15  451          -  140.00000      -   203   15s
   329   240  140.00000    4  261          -  140.00000      -   197   20s
   584   423  140.00000   47  463          -  140.00000      -   178   25s
   628   449  140.00000   24  497          -  140.00000      -   182   30s
   633   452  140.00000   17  437          -  140.00000      -   181   35s
   639   456  140.00000   30  455          -  140.00000      -   179   40s
   647   462  140.00000   12  387          -  140.00000      -   177   45s
   662   474  140.00000   18  441          -  140.00000      -   107   51s
   753   516  140.00000   18  221          -  140.00000      -   122   55s
   872   554  140.00000   32  269          -  140.00000      -   139   60s
   980   608  140.00000   42  407          -  140.00000      -   160   65s
  1054   633  140.00000   34  294          -  140.00000      -   170   70s
  1199   686  140.00000   42  515          -  140.00000      -   178   75s
  1263   706 infeasible   54               -  140.00000      -   192   80s
  1364   728  140.00000   19  285          -  140.00000      -   206   85s
  1507   803  140.00000   32  312          -  140.00000      -   216   90s
  1621   845  140.00000   16  309          -  140.00000      -   227   96s
  1691   878  140.00000   51  458          -  140.00000      -   235  100s
  1813   917  140.00000   37  289          -  140.00000      -   242  105s
  1943   956  140.00000   48  299          -  140.00000      -   248  110s
  2033   960 infeasible   41               -  140.00000      -   259  115s
  2123  1013  140.00000   72  406          -  140.00000      -   259  120s
  2228  1060  140.00000   57  331          -  140.00000      -   261  125s
  2302  1096 infeasible   62               -  140.00000      -   266  130s
  2350  1096  140.00000   37  381          -  140.00000      -   273  135s
  2432  1138  140.00000   32  330          -  140.00000      -   274  140s
  2500  1198  140.00000   71  414          -  140.00000      -   277  145s
  2664  1318 infeasible   88               -  140.00000      -   276  150s
  2828  1424 infeasible   39               -  140.00000      -   280  155s
  3006  1542 infeasible   54               -  140.00000      -   282  160s
  3172  1626  140.00000   54  345          -  140.00000      -   284  165s
  3356  1684  140.00000   46  380          -  140.00000      -   287  170s
  3511  1733 infeasible   61               -  140.00000      -   289  175s
  3700  1770 infeasible   60               -  140.00000      -   294  180s
  3848  1818 infeasible   60               -  140.00000      -   299  185s
  3894  1830  140.00000   46  324          -  140.00000      -   301  191s
  4004  1866  140.00000   57  385          -  140.00000      -   302  195s
  4211  1927 infeasible   56               -  140.00000      -   303  200s
  4359  1987  140.00000   47  317          -  140.00000      -   305  205s
  4526  2024 infeasible   47               -  140.00000      -   306  210s
  4683  2095  140.00000   61  328          -  140.00000      -   307  215s
  4850  2170 infeasible   48               -  140.00000      -   307  220s
  5072  2316  140.00000   65  352          -  140.00000      -   305  225s
  5183  2373  140.00000   57  421          -  140.00000      -   308  230s
  5342  2486  140.00000   35  330          -  140.00000      -   308  235s
  5463  2557  140.00000   24  279          -  140.00000      -   311  240s
  5621  2661 infeasible   50               -  140.00000      -   313  245s
  5828  2807  140.00000   45  347          -  140.00000      -   312  250s
  6037  2942  140.00000   52  333          -  140.00000      -   312  255s
  6251  3076  140.00000   52  361          -  140.00000      -   311  260s
  6440  3189  140.00000   26  254          -  140.00000      -   311  265s
  6628  3323  140.00000   56  337          -  140.00000      -   310  270s
  6857  3464  140.00000   57  350          -  140.00000      -   308  275s
  7081  3610 infeasible   61               -  140.00000      -   307  280s
  7274  3717  140.00000   38  317          -  140.00000      -   306  285s
  7309  3748  140.00000   62  323          -  140.00000      -   306  291s
  7446  3843 infeasible   67               -  140.00000      -   306  295s
  7633  3978  140.00000   56  384          -  140.00000      -   306  300s
  7813  4098  140.00000   47  335          -  140.00000      -   307  305s
  8015  4214  140.00000   39  425          -  140.00000      -   307  310s
  8190  4319  140.00000   29  322          -  140.00000      -   307  315s
  8450  4509  140.00000   54  367          -  140.00000      -   307  320s
  8560  4583  140.00000   70  346          -  140.00000      -   310  325s
  8735  4706  140.00000   64  383          -  140.00000      -   311  330s
  8918  4835  140.00000   46  355          -  140.00000      -   311  335s
  9106  4969 infeasible   77               -  140.00000      -   311  340s
  9270  5057  140.00000   30  246          -  140.00000      -   312  345s
  9432  5159  140.00000   74  391          -  140.00000      -   312  350s
  9580  5223  140.00000   64  328          -  140.00000      -   313  355s
  9734  5295  140.00000   58  320          -  140.00000      -   314  360s
  9953  5418  140.00000   60  295          -  140.00000      -   314  365s
 10136  5487  140.00000   88  377          -  140.00000      -   315  370s
 10202  5507  140.00000   76  331          -  140.00000      -   316  444s
 10220  5511 infeasible   85               -  140.00000      -   316  445s
 10452  5655  140.00000   73  351          -  140.00000      -   316  450s
 10630  5729 infeasible   77               -  140.00000      -   317  455s
 10688  5747  140.00000   86  347          -  140.00000      -   319  463s
 10722  5748 infeasible   71               -  140.00000      -   320  465s
 10865  5787  140.00000   79  323          -  140.00000      -   322  470s
 11023  5835  140.00000   80  344          -  140.00000      -   323  475s
 11182  5880  140.00000   83  380          -  140.00000      -   325  480s
 11363  5916 infeasible   77               -  140.00000      -   327  485s
 11533  5944 infeasible   86               -  140.00000      -   328  490s
 11742  6047  140.00000   74  366          -  140.00000      -   328  495s
 11939  6118  140.00000   61  267          -  140.00000      -   328  500s
 12135  6220 infeasible   87               -  140.00000      -   328  505s
 12262  6233  140.00000   83  280          -  140.00000      -   329  510s
 12431  6286  140.00000   64  280          -  140.00000      -   330  515s
 12601  6374  140.00000   88  317          -  140.00000      -   331  520s
 12845  6462 infeasible   76               -  140.00000      -   331  525s
 13083  6528 infeasible   78               -  140.00000      -   331  530s
 13351  6618  140.00000   72  333          -  140.00000      -   331  535s
 13599  6662  140.00000   81  302          -  140.00000      -   332  540s
 13854  6699 infeasible   74               -  140.00000      -   332  545s
 14154  6773  140.00000   77  285          -  140.00000      -   331  550s
 14391  6834  140.00000   85  258          -  140.00000      -   331  555s
 14638  6857  140.00000   79  280          -  140.00000      -   331  560s
 14879  6930  140.00000   81  322          -  140.00000      -   330  565s
 15034  6973  140.00000   81  378          -  140.00000      -   331  570s
 15168  6985 infeasible   85               -  140.00000      -   333  575s
 15353  7026 infeasible   80               -  140.00000      -   334  580s
 15533  7074 infeasible   73               -  140.00000      -   335  585s
 15601  7088  139.00000   81  346          -  140.00000      -   336  593s
 15648  7089  140.00000   76  269          -  140.00000      -   336  595s
 15856  7147  140.00000   71  413          -  140.00000      -   337  600s
 15949  7156  140.00000   79  335          -  140.00000      -   338  605s
 16216  7281 infeasible   68               -  140.00000      -   337  610s
 16409  7340 infeasible   66               -  140.00000      -   338  615s
 16538  7423 infeasible   56               -  140.00000      -   339  620s
 16655  7484 infeasible   62               -  140.00000      -   340  625s
 16854  7613 infeasible   58               -  140.00000      -   339  630s
 17028  7701 infeasible   59               -  140.00000      -   339  635s
 17180  7799  140.00000   68  362          -  140.00000      -   340  640s
 17277  7842 infeasible   54               -  140.00000      -   341  645s
 17441  7904 infeasible   59               -  140.00000      -   341  650s
 17560  7957  140.00000   60  296          -  140.00000      -   342  655s
 17681  8030 infeasible   69               -  140.00000      -   343  660s
 17778  8079  140.00000   69  313          -  140.00000      -   344  665s
 17926  8153  140.00000   53  418          -  140.00000      -   344  670s
 18067  8232 infeasible   71               -  140.00000      -   345  675s
 18216  8323 infeasible   69               -  140.00000      -   345  680s
 18326  8379  140.00000   64  363          -  140.00000      -   346  685s
 18401  8412 infeasible   66               -  140.00000      -   347  690s
 18474  8435  140.00000   65  307          -  140.00000      -   347  700s
 18585  8498 infeasible   53               -  140.00000      -   348  705s
 18748  8595  140.00000   58  327          -  140.00000      -   348  710s
 18906  8699  140.00000   77  325          -  140.00000      -   348  715s
 19040  8771 infeasible   57               -  140.00000      -   348  720s
 19230  8857  140.00000   47  348          -  140.00000      -   349  725s
 19411  8992  140.00000   64  399          -  140.00000      -   348  730s
 19556  9075  140.00000   77  325          -  140.00000      -   349  735s
 19686  9147 infeasible   74               -  140.00000      -   349  740s
 19865  9276 infeasible   60               -  140.00000      -   349  745s
 20032  9361  140.00000   34  334          -  140.00000      -   349  750s
 20227  9440  140.00000   66  336          -  140.00000      -   350  755s
 20447  9530  140.00000   78  313          -  140.00000      -   349  760s
 20621  9590  140.00000   53  276          -  140.00000      -   350  765s
 20824  9667 infeasible   65               -  140.00000      -   351  770s
 21015  9722 infeasible   58               -  140.00000      -   351  775s
 21219  9816  140.00000   57  323          -  140.00000      -   351  780s
 21429  9904 infeasible   56               -  140.00000      -   351  785s
 21590  9965  140.00000   69  275          -  140.00000      -   352  790s
 21738 10003  140.00000   55  356          -  140.00000      -   353  795s
 21880 10027 infeasible   58               -  140.00000      -   354  800s
 22038 10063 infeasible   74               -  140.00000      -   355  805s
 22226 10127  140.00000   72  350          -  140.00000      -   356  810s
 22396 10187 infeasible   73               -  140.00000      -   357  815s
 22546 10223 infeasible   71               -  140.00000      -   358  820s
 22687 10256 infeasible   62               -  140.00000      -   359  825s
 22833 10282  140.00000   60  311          -  140.00000      -   359  836s
 22951 10310 infeasible   66               -  140.00000      -   360  840s
 23147 10414  140.00000   37  281          -  140.00000      -   359  845s
 23379 10558  140.00000   56  270          -  140.00000      -   358  850s
 23586 10709  140.00000   52  349          -  140.00000      -   358  855s
 23796 10837  140.00000   65  335          -  140.00000      -   358  860s
 23960 10933 infeasible   81               -  140.00000      -   358  865s
 24136 11009  140.00000   62  332          -  140.00000      -   358  870s
 24311 11082  140.00000   53  364          -  140.00000      -   359  875s
 24479 11168  140.00000   85  321          -  140.00000      -   359  880s
 24650 11249  140.00000   82  344          -  140.00000      -   360  885s
 24789 11304 infeasible   70               -  140.00000      -   361  890s
 24968 11369 infeasible   69               -  140.00000      -   361  895s
 25113 11404  140.00000   74  244          -  140.00000      -   362  900s
 25304 11489 infeasible   65               -  140.00000      -   362  905s
 25460 11549 infeasible   57               -  140.00000      -   363  910s
 25649 11642  140.00000   58  317          -  140.00000      -   363  915s
 25753 11678 infeasible   78               -  140.00000      -   364  920s
 25900 11757  140.00000   59  324          -  140.00000      -   364  925s
 26055 11826 infeasible   64               -  140.00000      -   365  930s
 26251 11910 infeasible   64               -  140.00000      -   365  935s
 26401 11964  140.00000   36  348          -  140.00000      -   366  940s
 26627 12116  140.00000   40  391          -  140.00000      -   365  945s
 26903 12278 infeasible   68               -  140.00000      -   364  950s
 27073 12382  140.00000   41  310          -  140.00000      -   364  955s
 27264 12495  140.00000   65  371          -  140.00000      -   364  960s
 27461 12612  140.00000   53  294          -  140.00000      -   364  965s
 27666 12703 infeasible   59               -  140.00000      -   364  970s
 27693 12714  140.00000   55  308          -  140.00000      -   364  976s
 27814 12767 infeasible   73               -  140.00000      -   364  980s
 27995 12854  140.00000   50  318          -  140.00000      -   365  985s
 28169 12918 infeasible   53               -  140.00000      -   365  990s
 28297 12942  140.00000   78  320          -  140.00000      -   366  995s
 28452 12997 infeasible   56               -  140.00000      -   366 1000s
 28591 13074  140.00000   77  348          -  140.00000      -   367 1005s
 28747 13156  140.00000   57  299          -  140.00000      -   367 1010s
 28911 13254  140.00000   46  397          -  140.00000      -   367 1015s
 29086 13345  140.00000   45  307          -  140.00000      -   367 1020s
 29217 13408 infeasible   55               -  140.00000      -   368 1025s
 29347 13472  140.00000   60  414          -  140.00000      -   369 1030s
 29504 13543 infeasible   60               -  140.00000      -   369 1035s
 29701 13670 infeasible   59               -  140.00000      -   369 1040s
 29852 13747  140.00000   64  399          -  140.00000      -   369 1045s
 30000 13793  140.00000   65  385          -  140.00000      -   370 1050s
 30195 13892 infeasible   57               -  140.00000      -   370 1055s
 30385 13964 infeasible   68               -  140.00000      -   370 1060s
 30549 14026 infeasible   75               -  140.00000      -   370 1065s
 30689 14074 infeasible   76               -  140.00000      -   371 1070s
 30878 14157 infeasible   69               -  140.00000      -   371 1075s
 31034 14225  140.00000   93  343          -  140.00000      -   371 1080s
 31047 14226  140.00000   97  369          -  140.00000      -   371 1087s
 31123 14248 infeasible   66               -  140.00000      -   371 1090s
 31313 14308 infeasible   76               -  140.00000      -   372 1095s
 31463 14368  140.00000   73  342          -  140.00000      -   372 1100s
 31617 14422 infeasible   75               -  140.00000      -   372 1105s
 31765 14474  140.00000   84  369          -  140.00000      -   373 1110s
 31909 14550  140.00000   76  277          -  140.00000      -   373 1115s
 32025 14596  140.00000   61  375          -  140.00000      -   374 1120s
 32164 14663  140.00000   67  363          -  140.00000      -   374 1125s
 32281 14724 infeasible   60               -  140.00000      -   375 1130s
 32396 14791 infeasible   72               -  140.00000      -   375 1135s
 32507 14828  140.00000   48  309          -  140.00000      -   376 1140s
 32717 14942  140.00000   62  302          -  140.00000      -   376 1145s
 32897 15034 infeasible   73               -  140.00000      -   376 1150s
 33081 15112  140.00000   60  307          -  140.00000      -   376 1155s
 33223 15138 infeasible   55               -  140.00000      -   376 1160s
 33362 15213  139.00000   43  370          -  140.00000      -   377 1165s
 33524 15301  140.00000   52  322          -  140.00000      -   377 1170s
 33737 15408  140.00000   68  386          -  140.00000      -   377 1175s
 33883 15456 infeasible   45               -  140.00000      -   377 1180s
 34041 15534  140.00000   52  250          -  140.00000      -   377 1185s
 34187 15590 infeasible   53               -  140.00000      -   378 1190s
 34325 15650 infeasible   65               -  140.00000      -   378 1195s
 34412 15691  140.00000   58  352          -  140.00000      -   378 1200s
 34622 15781 infeasible   48               -  140.00000      -   378 1205s
 34853 15932  140.00000   51  299          -  140.00000      -   378 1210s
 35105 16050 infeasible   54               -  140.00000      -   377 1215s
 35187 16078  140.00000   45  244          -  140.00000      -   377 1224s
 35200 16085  140.00000   48  360          -  140.00000      -   377 1225s
 35440 16193  140.00000   65  351          -  140.00000      -   377 1230s
 35641 16252  140.00000   67  291          -  140.00000      -   377 1235s
 35820 16305 infeasible   70               -  140.00000      -   377 1240s
 36007 16350 infeasible   55               -  140.00000      -   377 1245s
 36268 16435  140.00000   50  391          -  140.00000      -   376 1250s
 36403 16520  140.00000   72  363          -  140.00000      -   376 1255s
 36657 16698 infeasible   56               -  140.00000      -   376 1260s
 36877 16766 infeasible   69               -  140.00000      -   376 1265s
 37143 16904  140.00000   61  368          -  140.00000      -   375 1270s
 37351 16990 infeasible   64               -  140.00000      -   375 1275s
 37511 17022 infeasible   65               -  140.00000      -   375 1280s
 37642 17077 infeasible   82               -  140.00000      -   376 1285s
 37762 17139  140.00000   68  374          -  140.00000      -   376 1290s
 37865 17186  140.00000   62  312          -  140.00000      -   376 1295s
 37982 17259 infeasible   67               -  140.00000      -   377 1300s
 38140 17329 infeasible   81               -  140.00000      -   377 1305s
 38273 17382  140.00000   83  355          -  140.00000      -   378 1310s
 38446 17425 infeasible   68               -  140.00000      -   378 1315s
 38554 17477 infeasible   96               -  140.00000      -   379 1320s
 38709 17530 infeasible   79               -  140.00000      -   379 1325s
 38870 17601 infeasible   75               -  140.00000      -   379 1330s
 38958 17619 infeasible   85               -  140.00000      -   380 1335s
 39117 17690 infeasible   79               -  140.00000      -   380 1340s
 39236 17719 infeasible   54               -  140.00000      -   381 1345s
 39403 17822  140.00000   87  410          -  140.00000      -   381 1350s
 39527 17872 infeasible   48               -  140.00000      -   382 1355s
 39752 18009  140.00000   40  273          -  140.00000      -   381 1360s
 40000 18083 infeasible   79               -  140.00000      -   381 1365s
 40157 18166  140.00000   48  352          -  140.00000      -   381 1374s
 40159 18164 infeasible   50               -  140.00000      -   381 1375s
 40460 18257  140.00000   41  299          -  140.00000      -   380 1380s
 40598 18341  140.00000   55  289          -  140.00000      -   380 1385s
 40805 18416 infeasible   58               -  140.00000      -   380 1390s
 41059 18542  140.00000   65  329          -  140.00000      -   380 1395s
 41254 18635  140.00000   69  269          -  140.00000      -   379 1400s
 41456 18709  140.00000   74  277          -  140.00000      -   380 1405s
 41667 18778 infeasible   72               -  140.00000      -   380 1410s
 41884 18827 infeasible   68               -  140.00000      -   380 1415s
 42086 18847 infeasible   57               -  140.00000      -   380 1420s
 42216 18903 infeasible   60               -  140.00000      -   380 1425s
 42393 18968  140.00000   66  331          -  140.00000      -   380 1430s
 42535 18992 infeasible   71               -  140.00000      -   381 1435s
 42703 19038  140.00000   69  332          -  140.00000      -   381 1440s
 42811 19062  140.00000   75  374          -  140.00000      -   381 1445s
 42976 19133  140.00000   77  366          -  140.00000      -   382 1450s
 43157 19230 infeasible   52               -  140.00000      -   382 1455s
 43306 19289  140.00000   73  329          -  140.00000      -   382 1460s
 43507 19368 infeasible   54               -  140.00000      -   382 1465s
 43741 19474 infeasible   49               -  140.00000      -   382 1470s
 43978 19621  140.00000   63  338          -  140.00000      -   381 1475s
 44189 19756  140.00000   67  274          -  140.00000      -   381 1480s
 44359 19842  140.00000   62  353          -  140.00000      -   381 1485s
 44489 19914  140.00000   56  387          -  140.00000      -   381 1497s
 44597 19990  140.00000   65  325          -  140.00000      -   381 1500s
 44757 20044  140.00000   63  270          -  140.00000      -   381 1505s
 44971 20122  140.00000   61  281          -  140.00000      -   381 1510s
 45195 20222 infeasible   78               -  140.00000      -   381 1515s
 45379 20286 infeasible   67               -  140.00000      -   381 1520s
 45573 20356  140.00000   47  233          -  140.00000      -   381 1525s
 45837 20430  140.00000   50  242          -  140.00000      -   381 1530s
 46031 20464 infeasible   56               -  140.00000      -   381 1535s
 46227 20514 infeasible   76               -  140.00000      -   381 1540s
 46432 20603  140.00000   64  368          -  140.00000      -   381 1545s
 46584 20653 infeasible   74               -  140.00000      -   382 1550s
 46716 20689  140.00000   69  328          -  140.00000      -   382 1555s
 46865 20746  140.00000   78  373          -  140.00000      -   383 1560s
 47055 20796 infeasible   70               -  140.00000      -   383 1565s
 47189 20822  140.00000   73  321          -  140.00000      -   383 1570s
 47383 20918  140.00000   61  326          -  140.00000      -   384 1575s
 47604 21001 infeasible   75               -  140.00000      -   384 1580s
 47823 21122 infeasible   64               -  140.00000      -   383 1585s
 48036 21225  140.00000   53  311          -  140.00000      -   383 1590s
 48191 21290  140.00000   72  283          -  140.00000      -   383 1595s
 48389 21396 infeasible   60               -  140.00000      -   383 1600s
 48580 21497  140.00000   70  350          -  140.00000      -   383 1605s
 48788 21585 infeasible   67               -  140.00000      -   383 1610s
 48967 21636  140.00000   68  335          -  140.00000      -   384 1615s
 49238 21755 infeasible   68               -  140.00000      -   383 1620s
 49440 21805  140.00000   60  296          -  140.00000      -   383 1625s
 49689 21906  140.00000   70  393          -  140.00000      -   383 1630s
 49890 22009 infeasible   58               -  140.00000      -   383 1635s
 50056 22097  140.00000   61  300          -  140.00000      -   383 1640s
 50241 22160 infeasible   80               -  140.00000      -   383 1645s
 50417 22232 infeasible   69               -  140.00000      -   383 1650s
 50493 22272  140.00000   82  307          -  140.00000      -   383 1657s
 50593 22284 infeasible   79               -  140.00000      -   383 1660s
 50793 22384  140.00000   47  367          -  140.00000      -   383 1665s
 51010 22503  140.00000   52  312          -  140.00000      -   383 1670s
 51280 22671  140.00000   51  361          -  140.00000      -   383 1675s
 51501 22808  140.00000   60  364          -  140.00000      -   382 1680s
 51712 22885  140.00000   64  332          -  140.00000      -   382 1685s
 51931 22972 infeasible   66               -  140.00000      -   382 1690s
 52099 23056  140.00000   54  312          -  140.00000      -   382 1695s
 52322 23141  140.00000   55  350          -  140.00000      -   382 1700s
 52532 23233  140.00000   42  294          -  140.00000      -   382 1705s
 52707 23314 infeasible   73               -  140.00000      -   382 1710s
 52954 23469  140.00000   58  365          -  140.00000      -   382 1715s
 53181 23584  140.00000   76  346          -  140.00000      -   381 1720s
 53383 23676 infeasible   77               -  140.00000      -   381 1725s
 53590 23751  140.00000   48  361          -  140.00000      -   381 1730s
 53810 23845  140.00000   48  395          -  140.00000      -   381 1735s
 54088 24033  140.00000   55  386          -  140.00000      -   380 1740s
 54290 24159 infeasible   81               -  140.00000      -   380 1745s
 54507 24292  140.00000   62  334          -  140.00000      -   380 1756s
 54614 24353 infeasible   65               -  140.00000      -   380 1760s
 54834 24485  140.00000   68  395          -  140.00000      -   380 1765s
 55013 24552 infeasible   76               -  140.00000      -   380 1770s
 55224 24649 infeasible   64               -  140.00000      -   380 1775s
 55376 24717  140.00000   47  400          -  140.00000      -   380 1780s
 55534 24795  140.00000   54  295          -  140.00000      -   380 1785s
 55680 24855  140.00000   69  299          -  140.00000      -   381 1790s
 55949 25014  140.00000   42  351          -  140.00000      -   380 1795s
 56143 25122  140.00000   68  291          -  140.00000      -   380 1800s
 56276 25173 infeasible   61               -  140.00000      -   381 1805s
 56495 25290 infeasible   49               -  140.00000      -   381 1810s
 56667 25360 infeasible   64               -  140.00000      -   381 1815s
 56831 25428 infeasible   73               -  140.00000      -   381 1820s
 56992 25455 infeasible   70               -  140.00000      -   381 1825s
 57172 25523 infeasible   56               -  140.00000      -   382 1830s
 57282 25549 infeasible   69               -  140.00000      -   382 1835s
 57394 25559  140.00000   79  312          -  140.00000      -   383 1840s
 57575 25658  139.00000   60  312          -  140.00000      -   383 1845s
 57782 25789 infeasible   68               -  140.00000      -   383 1850s
 57988 25901  140.00000   65  366          -  140.00000      -   383 1855s
 58125 25966 infeasible   55               -  140.00000      -   383 1860s
 58292 26059  140.00000   70  356          -  140.00000      -   383 1865s
 58428 26125  140.00000   56  316          -  140.00000      -   383 1870s
 58688 26193 infeasible   62               -  140.00000      -   383 1875s
 58945 26230 infeasible   55               -  140.00000      -   383 1880s
 59139 26296  140.00000   58  391          -  140.00000      -   383 1885s
 59387 26328  140.00000   57  334          -  140.00000      -   382 1890s
 59652 26411  140.00000   58  282          -  140.00000      -   382 1895s
 59856 26515  140.00000   46  265          -  140.00000      -   382 1900s
 59914 26551  140.00000   44  313          -  140.00000      -   382 1906s
 60037 26610  140.00000   66  337          -  140.00000      -   382 1910s
 60218 26697 infeasible   58               -  140.00000      -   382 1915s
 60349 26732  140.00000   49  324          -  140.00000      -   382 1920s
 60527 26776  140.00000   57  304          -  140.00000      -   382 1925s
 60663 26806  140.00000   55  315          -  140.00000      -   383 1930s
 60816 26847 infeasible   55               -  140.00000      -   383 1935s
 60991 26882  140.00000   53  254          -  140.00000      -   383 1940s
 61132 26915 infeasible   75               -  140.00000      -   384 1945s
 61306 26961 infeasible   63               -  140.00000      -   384 1950s
 61450 26995 infeasible   64               -  140.00000      -   384 1955s
 61630 27047 infeasible   69               -  140.00000      -   384 1960s
 61781 27076 infeasible   47               -  140.00000      -   385 1965s
 61954 27117 infeasible   62               -  140.00000      -   385 1970s
 62129 27150 infeasible   49               -  140.00000      -   385 1975s
 62335 27228 infeasible   58               -  140.00000      -   385 1980s
 62526 27307 infeasible   65               -  140.00000      -   385 1985s
 62685 27356  140.00000   51  267          -  140.00000      -   385 1990s
 62908 27451  140.00000   54  309          -  140.00000      -   385 1995s
 63048 27495 infeasible   71               -  140.00000      -   386 2000s
 63205 27538  140.00000   64  309          -  140.00000      -   386 2005s
 63360 27579  140.00000   58  299          -  140.00000      -   386 2010s
 63371 27580  140.00000   46  252          -  140.00000      -   386 2017s
 63486 27619  140.00000   65  266          -  140.00000      -   386 2020s
 63642 27673  140.00000   63  341          -  140.00000      -   386 2025s
 63759 27714  140.00000   57  330          -  140.00000      -   387 2030s
 63914 27747  140.00000   78  336          -  140.00000      -   387 2035s
 64120 27813 infeasible   64               -  140.00000      -   387 2040s
 64277 27864 infeasible   64               -  140.00000      -   387 2045s
 64417 27894 infeasible   69               -  140.00000      -   388 2050s
 64624 27937  140.00000   52  302          -  140.00000      -   388 2055s
 64846 28061  140.00000   64  323          -  140.00000      -   388 2060s
 65038 28093  140.00000   67  323          -  140.00000      -   388 2065s
 65239 28148 infeasible   57               -  140.00000      -   388 2070s
 65424 28173 infeasible   54               -  140.00000      -   388 2075s
 65615 28220  140.00000   62  338          -  140.00000      -   388 2080s
 65784 28247  139.90909   65  356          -  140.00000      -   388 2085s
 65959 28298  140.00000   66  382          -  140.00000      -   389 2090s
 66086 28337  140.00000   71  335          -  140.00000      -   389 2095s
 66241 28374 infeasible   68               -  140.00000      -   389 2100s
 66383 28416  140.00000   79  338          -  140.00000      -   389 2105s
 66561 28450  140.00000   57  235          -  140.00000      -   390 2110s
 66727 28482  140.00000   73  344          -  140.00000      -   389 2115s
 66847 28512 infeasible   68               -  140.00000      -   390 2120s
 66996 28523  140.00000   63  330          -  140.00000      -   390 2125s
 67143 28538  140.00000   48  251          -  140.00000      -   390 2130s
 67313 28608 infeasible   60               -  140.00000      -   390 2135s
 67450 28643 infeasible   68               -  140.00000      -   391 2140s
 67586 28649 infeasible   60               -  140.00000      -   391 2145s
 67714 28699  140.00000   53  256          -  140.00000      -   391 2155s
 67883 28732  140.00000   56  261          -  140.00000      -   391 2160s
 68030 28753 infeasible   54               -  140.00000      -   391 2165s
 68189 28782 infeasible   60               -  140.00000      -   391 2170s
 68380 28823  140.00000   61  302          -  140.00000      -   391 2175s
 68582 28851  140.00000   56  291          -  140.00000      -   391 2180s
 68743 28892 infeasible   68               -  140.00000      -   391 2185s
 68879 28928  140.00000   74  325          -  140.00000      -   391 2190s
 69033 28950 infeasible   64               -  140.00000      -   391 2195s
 69206 28965 infeasible   59               -  140.00000      -   391 2200s
 69354 29007 infeasible   61               -  140.00000      -   391 2205s
 69498 29031 infeasible   70               -  140.00000      -   391 2210s
 69678 29117  140.00000   57  334          -  140.00000      -   391 2215s
 69873 29204 infeasible   73               -  140.00000      -   391 2220s
 70076 29297  140.00000   60  247          -  140.00000      -   391 2225s
 70315 29390 infeasible   61               -  140.00000      -   391 2230s
 70492 29431  140.00000   48  232          -  140.00000      -   391 2235s
 70722 29493  140.00000   55  327          -  140.00000      -   390 2240s
 70855 29532  140.00000   61  375          -  140.00000      -   390 2245s
 71016 29553 infeasible   52               -  140.00000      -   390 2250s
 71199 29608  140.00000   48  305          -  140.00000      -   390 2255s
 71414 29659  140.00000   55  257          -  140.00000      -   390 2260s
 71570 29699 infeasible   64               -  140.00000      -   390 2265s
 71768 29753 infeasible   52               -  140.00000      -   390 2270s
 71981 29792  140.00000   63  277          -  140.00000      -   390 2275s
 72106 29831  140.00000   66  321          -  140.00000      -   390 2280s
 72251 29890  140.00000   53  338          -  140.00000      -   390 2285s
 72446 29987  140.00000   67  287          -  140.00000      -   390 2290s
 72460 29989  140.00000   56  210          -  140.00000      -   390 2297s
 72526 30001 infeasible   64               -  140.00000      -   390 2300s
 72756 30053  140.00000   57  321          -  140.00000      -   390 2305s
 72921 30116  140.00000   66  293          -  140.00000      -   390 2310s
 73072 30151 infeasible   64               -  140.00000      -   390 2315s
 73279 30228  140.00000   64  222          -  140.00000      -   390 2320s
 73434 30277 infeasible   73               -  140.00000      -   390 2325s
 73570 30317  140.00000   71  348          -  140.00000      -   390 2330s
 73704 30361  140.00000   65  321          -  140.00000      -   391 2335s
 73853 30398 infeasible   63               -  140.00000      -   391 2340s
 73976 30423 infeasible   56               -  140.00000      -   391 2345s
 74094 30439  140.00000   46  300          -  140.00000      -   391 2350s
 74270 30491  140.00000   63  391          -  140.00000      -   391 2355s
 74381 30532  140.00000   53  288          -  140.00000      -   391 2360s
 74553 30590 infeasible   64               -  140.00000      -   391 2365s
 74731 30622  140.00000   60  234          -  140.00000      -   391 2370s
 74926 30657  140.00000   52  306          -  140.00000      -   391 2375s
 75137 30682  140.00000   67  284          -  140.00000      -   391 2380s
 75296 30701  140.00000   70  342          -  140.00000      -   391 2385s
 75483 30720 infeasible   53               -  140.00000      -   391 2390s
 75629 30748  140.00000   66  286          -  140.00000      -   391 2395s
 75786 30771 infeasible   62               -  140.00000      -   391 2400s
 75950 30799 infeasible   67               -  140.00000      -   391 2405s
 76125 30828 infeasible   73               -  140.00000      -   391 2410s
 76291 30834  140.00000   63  348          -  140.00000      -   391 2415s
 76420 30845 infeasible   68               -  140.00000      -   391 2420s
 76534 30873  140.00000   61  219          -  140.00000      -   391 2425s
 76672 30893  140.00000   59  397          -  140.00000      -   391 2430s
 76676 30897  140.00000   61  262          -  140.00000      -   391 2437s
 76725 30912 infeasible   62               -  140.00000      -   391 2440s
 76839 30922 infeasible   67               -  140.00000      -   392 2445s
 76953 30936 infeasible   70               -  140.00000      -   392 2450s
 77085 30942  140.00000   61  248          -  140.00000      -   392 2455s
 77202 30957  140.00000   58  283          -  140.00000      -   392 2460s
 77335 30994 infeasible   55               -  140.00000      -   392 2465s
 77481 31008 infeasible   52               -  140.00000      -   393 2470s
 77605 31016 infeasible   68               -  140.00000      -   393 2475s
 77718 31037 infeasible   69               -  140.00000      -   393 2480s
 77850 31051 infeasible   64               -  140.00000      -   393 2485s
 77989 31094 infeasible   78               -  140.00000      -   393 2490s
 78086 31105 infeasible   68               -  140.00000      -   393 2495s
 78249 31134  140.00000   63  303          -  140.00000      -   393 2500s
 78363 31138 infeasible   62               -  140.00000      -   394 2505s
 78509 31180  140.00000   52  212          -  140.00000      -   394 2510s
 78649 31226  140.00000   66  355          -  140.00000      -   394 2515s
 78756 31227  140.00000   57  303          -  140.00000      -   394 2520s
 78897 31254 infeasible   69               -  140.00000      -   394 2525s
 79038 31271 infeasible   68               -  140.00000      -   394 2530s
 79171 31310  140.00000   65  281          -  140.00000      -   394 2535s
 79272 31331 infeasible   67               -  140.00000      -   395 2540s
 79367 31326  140.00000   54  243          -  140.00000      -   395 2545s
 79488 31361 infeasible   61               -  140.00000      -   395 2550s
 79640 31401 infeasible   67               -  140.00000      -   395 2555s
 79754 31415 infeasible   70               -  140.00000      -   395 2560s
 79883 31408 infeasible   61               -  140.00000      -   395 2565s
 80036 31433  140.00000   60  291          -  140.00000      -   396 2570s
 80182 31443 infeasible   67               -  140.00000      -   396 2575s
 80355 31502  140.00000   57  311          -  140.00000      -   396 2580s
 80372 31501  140.00000   53  315          -  140.00000      -   396 2587s
 80410 31511 infeasible   66               -  140.00000      -   396 2590s
 80578 31537 infeasible   58               -  140.00000      -   396 2595s
 80737 31556 infeasible   57               -  140.00000      -   396 2600s
 80891 31576  140.00000   56  253          -  140.00000      -   396 2605s
 81056 31585 infeasible   59               -  140.00000      -   396 2610s
 81199 31636 infeasible   61               -  140.00000      -   396 2615s
 81336 31663  140.00000   52  304          -  140.00000      -   396 2620s
 81460 31701  140.00000   64  263          -  140.00000      -   396 2625s
 81592 31749 infeasible   60               -  140.00000      -   396 2630s
 81694 31773  140.00000   59  271          -  140.00000      -   396 2635s
 81867 31792 infeasible   53               -  140.00000      -   396 2640s
 81986 31827  140.00000   49  297          -  140.00000      -   397 2645s
 82149 31886  140.00000   56  218          -  140.00000      -   397 2650s
 82313 31928  140.00000   63  268          -  140.00000      -   397 2655s
 82437 31940 infeasible   61               -  140.00000      -   397 2660s
 82531 31944 infeasible   65               -  140.00000      -   397 2665s
 82652 31939  140.00000   62  355          -  140.00000      -   397 2670s
 82781 31954 infeasible   64               -  140.00000      -   397 2675s
 83029 32020 infeasible   60               -  140.00000      -   397 2680s
 83227 32048  140.00000   61  262          -  140.00000      -   397 2685s
 83422 32097  140.00000   64  327          -  140.00000      -   397 2690s
 83594 32125 infeasible   65               -  140.00000      -   397 2695s
 83755 32138 infeasible   60               -  140.00000      -   397 2700s
 83952 32159  140.00000   54  263          -  140.00000      -   397 2705s
 84206 32305 infeasible   57               -  140.00000      -   397 2710s
 84407 32368 infeasible   56               -  140.00000      -   397 2715s
 84625 32448  140.00000   48  376          -  140.00000      -   397 2720s
 84812 32535  140.00000   50  281          -  140.00000      -   397 2725s
 84986 32601 infeasible   64               -  140.00000      -   397 2730s
 85133 32634 infeasible   56               -  140.00000      -   397 2735s
 85288 32635 infeasible   60               -  140.00000      -   397 2740s
 85488 32673  140.00000   51  312          -  140.00000      -   397 2745s
 85661 32728 infeasible   56               -  140.00000      -   397 2750s
 85879 32744 infeasible   63               -  140.00000      -   397 2755s
 86121 32764  140.00000   60  273          -  140.00000      -   396 2760s
 86191 32768  140.00000   54  243          -  140.00000      -   396 2768s
 86255 32772  140.00000   54  251          -  140.00000      -   396 2770s
 86425 32794 infeasible   50               -  140.00000      -   396 2775s
 86561 32828 infeasible   50               -  140.00000      -   397 2780s
 86715 32838 infeasible   61               -  140.00000      -   397 2785s
 86864 32855  139.20280   63  403          -  140.00000      -   397 2790s
 87032 32879  140.00000   43  272          -  140.00000      -   397 2795s
 87238 32925  140.00000   50  235          -  140.00000      -   397 2800s
 87381 32976 infeasible   64               -  140.00000      -   397 2805s
 87537 33024  140.00000   29  307          -  140.00000      -   397 2810s
 87771 33142  140.00000   59  277          -  140.00000      -   397 2815s
 87965 33194 infeasible   54               -  140.00000      -   397 2820s
 88130 33319  140.00000   60  390          -  140.00000      -   397 2825s
 88364 33421 infeasible   61               -  140.00000      -   397 2830s
 88590 33471 infeasible   67               -  140.00000      -   397 2835s
 88852 33601  140.00000   56  328          -  140.00000      -   396 2840s
 89090 33709 infeasible   63               -  140.00000      -   396 2845s
 89331 33808  140.00000   70  316          -  140.00000      -   396 2850s
 89544 33887  140.00000   85  314          -  140.00000      -   396 2855s
 89724 33963 infeasible   87               -  140.00000      -   396 2860s
 89932 34033  140.00000   54  312          -  140.00000      -   396 2865s
 90171 34114  140.00000   51  317          -  140.00000      -   396 2870s
 90387 34218  140.00000   70  368          -  140.00000      -   395 2875s
 90613 34342  140.00000   53  341          -  140.00000      -   395 2880s
 90843 34468  140.00000   48  275          -  140.00000      -   395 2885s
 91002 34513  140.00000   61  304          -  140.00000      -   395 2890s
 91208 34609 infeasible   61               -  140.00000      -   395 2895s
 91328 34643  140.00000   62  370          -  140.00000      -   395 2906s
 91467 34704  140.00000   65  366          -  140.00000      -   395 2910s
 91602 34765  140.00000   59  322          -  140.00000      -   395 2915s
 91742 34801  140.00000   73  269          -  140.00000      -   396 2920s
 91900 34869  140.00000   66  234          -  140.00000      -   396 2925s
 92034 34883  140.00000   76  421          -  140.00000      -   396 2930s
 92171 34890 infeasible   73               -  140.00000      -   396 2935s
 92328 34941 infeasible   55               -  140.00000      -   396 2940s
 92475 35018  140.00000   63  309          -  140.00000      -   396 2945s
 92604 35053  140.00000   84  340          -  140.00000      -   397 2950s
 92726 35061 infeasible   66               -  140.00000      -   397 2955s
 92863 35084 infeasible   63               -  140.00000      -   397 2960s
 92993 35110 infeasible   63               -  140.00000      -   397 2965s
 93152 35149 infeasible   58               -  140.00000      -   397 2970s
 93320 35197  140.00000   64  288          -  140.00000      -   398 2975s
 93462 35235 infeasible   69               -  140.00000      -   398 2980s
 93602 35257 infeasible   59               -  140.00000      -   398 2985s
 93730 35275 infeasible   71               -  140.00000      -   398 2990s
 93909 35328 infeasible   68               -  140.00000      -   398 2995s
 94026 35345 infeasible   62               -  140.00000      -   398 3000s
 94129 35368 infeasible   83               -  140.00000      -   399 3005s
 94286 35383 infeasible   71               -  140.00000      -   399 3010s
 94391 35392 infeasible   59               -  140.00000      -   399 3015s
 94530 35413  140.00000   56  303          -  140.00000      -   399 3020s
 94688 35457 infeasible   53               -  140.00000      -   399 3025s
 94870 35543  139.97297   55  320          -  140.00000      -   399 3030s
 95099 35652 infeasible   53               -  140.00000      -   399 3035s
 95259 35684 infeasible   60               -  140.00000      -   399 3040s
 95387 35740 infeasible   45               -  140.00000      -   399 3045s
 95524 35825  140.00000   68  290          -  140.00000      -   399 3052s
 95607 35846 infeasible   57               -  140.00000      -   399 3055s
 95792 35937  140.00000   65  323          -  140.00000      -   399 3060s
 96000 36025  140.00000   50  303          -  140.00000      -   399 3065s
 96197 36082  140.00000   49  343          -  140.00000      -   399 3070s
 96350 36111 infeasible   70               -  140.00000      -   399 3075s
 96555 36154  140.00000   61  279          -  140.00000      -   399 3080s
 96694 36201  140.00000   53  356          -  140.00000      -   400 3085s
 96864 36273  140.00000   53  408          -  140.00000      -   400 3090s
 97049 36318 infeasible   48               -  140.00000      -   400 3095s
 97200 36347 infeasible   81               -  140.00000      -   400 3100s
 97333 36394  140.00000   55  235          -  140.00000      -   400 3111s
 97433 36390 infeasible   54               -  140.00000      -   400 3115s
 97599 36418 infeasible   57               -  140.00000      -   400 3120s
 97763 36452  140.00000   61  214          -  140.00000      -   400 3125s
 97920 36471 infeasible   59               -  140.00000      -   400 3130s
 98053 36510 infeasible   55               -  140.00000      -   400 3135s
 98180 36545 infeasible   57               -  140.00000      -   401 3140s
 98314 36597 infeasible   59               -  140.00000      -   401 3145s
 98474 36645 infeasible   52               -  140.00000      -   401 3150s
 98622 36677  140.00000   73  278          -  140.00000      -   401 3155s
 98801 36730  140.00000   56  241          -  140.00000      -   401 3160s
 98988 36789 infeasible   52               -  140.00000      -   401 3165s
 99142 36829  140.00000   65  377          -  140.00000      -   401 3170s
 99308 36891  140.00000   55  254          -  140.00000      -   401 3175s
 99453 36926  140.00000   56  372          -  140.00000      -   402 3180s
 99565 36930 infeasible   62               -  140.00000      -   402 3185s
 99705 36946 infeasible   62               -  140.00000      -   402 3190s
 99864 36971  140.00000   57  286          -  140.00000      -   402 3195s
 100043 37024 infeasible   65               -  140.00000      -   402 3200s
 100197 37046 infeasible   60               -  140.00000      -   402 3205s
 100350 37079 infeasible   60               -  140.00000      -   402 3210s
 100501 37118  140.00000   51  280          -  140.00000      -   403 3215s
 100663 37124 infeasible   62               -  140.00000      -   403 3220s
 100861 37158 infeasible   63               -  140.00000      -   403 3225s
 101041 37184  140.00000   51  252          -  140.00000      -   403 3230s
 101236 37227 infeasible   76               -  140.00000      -   403 3235s
 101408 37255 infeasible   61               -  140.00000      -   403 3240s
 101511 37280  140.00000   70  226          -  140.00000      -   403 3245s
 101674 37277 infeasible   74               -  140.00000      -   403 3250s
 101813 37336  140.00000   35  287          -  140.00000      -   403 3260s
 102002 37467  140.00000   62  386          -  140.00000      -   403 3265s
 102212 37543  140.00000   56  358          -  140.00000      -   403 3270s
 102405 37642 infeasible   69               -  140.00000      -   403 3275s
 102535 37658  140.00000   64  343          -  140.00000      -   403 3280s
 102742 37735 infeasible   67               -  140.00000      -   403 3285s
 102926 37829 infeasible   61               -  140.00000      -   403 3290s
 103096 37817  140.00000   57  339          -  140.00000      -   403 3295s
 103302 37825 infeasible   52               -  140.00000      -   403 3300s
 103497 37850  140.00000   55  242          -  140.00000      -   403 3305s
 103636 37843 infeasible   63               -  140.00000      -   403 3310s
 103802 37859  140.00000   64  266          -  140.00000      -   403 3315s
 103989 37876  140.00000   55  224          -  140.00000      -   403 3320s
 104166 37873 infeasible   59               -  140.00000      -   403 3325s
 104367 37864 infeasible   65               -  140.00000      -   403 3330s
 104509 37880 infeasible   55               -  140.00000      -   403 3335s
 104701 37916  140.00000   58  363          -  140.00000      -   403 3340s
 104904 37965  140.00000   49  301          -  140.00000      -   403 3345s
 105102 38023  140.00000   60  367          -  140.00000      -   403 3350s
 105240 38059  140.00000   54  276          -  140.00000      -   403 3355s
 105427 38096  140.00000   59  319          -  140.00000      -   403 3360s
 105631 38138  140.00000   64  299          -  140.00000      -   403 3365s
 105820 38183  140.00000   51  359          -  140.00000      -   403 3370s
 106041 38280  140.00000   61  232          -  140.00000      -   403 3375s
 106216 38371  140.00000   52  299          -  140.00000      -   403 3381s
 106361 38456 infeasible   62               -  140.00000      -   403 3385s
 106599 38588 infeasible   66               -  140.00000      -   403 3390s
 106826 38667  140.00000   57  219          -  140.00000      -   403 3395s
 107017 38746 infeasible   66               -  140.00000      -   403 3400s
 107165 38784 infeasible   62               -  140.00000      -   403 3405s
 107354 38841  140.00000   63  201          -  140.00000      -   403 3410s
 107476 38883 infeasible   75               -  140.00000      -   403 3415s
 107618 38913 infeasible   62               -  140.00000      -   403 3420s
 107754 38943 infeasible   60               -  140.00000      -   403 3425s
 107886 38991 infeasible   66               -  140.00000      -   404 3430s
 108053 39036  140.00000   71  358          -  140.00000      -   404 3435s
 108118 39051  140.00000   59  315          -  140.00000      -   404 3444s
 108123 39052  140.00000   61  317          -  140.00000      -   404 3445s
 108258 39071  140.00000   60  319          -  140.00000      -   404 3450s
 108389 39104  140.00000   60  302          -  140.00000      -   404 3455s
 108507 39136 infeasible   76               -  140.00000      -   405 3460s
 108592 39137 infeasible   66               -  140.00000      -   405 3465s
 108737 39154  140.00000   65  233          -  140.00000      -   405 3470s
 108862 39179 infeasible   67               -  140.00000      -   405 3475s
 109034 39235 infeasible   62               -  140.00000      -   405 3480s
 109212 39289 infeasible   67               -  140.00000      -   405 3485s
 109380 39305  140.00000   68  380          -  140.00000      -   405 3490s
 109550 39333 infeasible   69               -  140.00000      -   406 3495s
 109712 39349  140.00000   67  272          -  140.00000      -   406 3500s
 109860 39365 infeasible   69               -  140.00000      -   406 3505s
 110010 39377  140.00000   62  209          -  140.00000      -   406 3510s
 110144 39371 infeasible   74               -  140.00000      -   406 3515s
 110296 39419 infeasible   69               -  140.00000      -   406 3520s
 110430 39425  140.00000   61  233          -  140.00000      -   406 3525s
 110586 39457 infeasible   75               -  140.00000      -   406 3530s
 110694 39469 infeasible   72               -  140.00000      -   407 3535s
 110860 39483 infeasible   79               -  140.00000      -   407 3540s
 110996 39499  140.00000   75  374          -  140.00000      -   407 3545s
 111131 39526  140.00000   76  338          -  140.00000      -   407 3550s
 111264 39533 infeasible   63               -  140.00000      -   407 3555s
 111405 39542 infeasible   77               -  140.00000      -   408 3560s
 111516 39559  140.00000   60  371          -  140.00000      -   408 3565s
 111685 39578 infeasible   70               -  140.00000      -   408 3570s
 111842 39589 infeasible   64               -  140.00000      -   408 3575s
 111914 39607  140.00000   68  321          -  140.00000      -   408 3580s
 112041 39632 infeasible   67               -  140.00000      -   408 3585s
 112166 39629 infeasible   72               -  140.00000      -   408 3590s
 112335 39660 infeasible   70               -  140.00000      -   408 3595s

Cutting planes:
  Clique: 1
  Flow cover: 1
  Zero half: 2
  RLT: 9
  BQP: 2

Explored 112503 nodes (46119763 simplex iterations) in 3600.01 seconds (4880.88 work units)
Thread count was 1 (of 8 available processors)

Solution count 0

Time limit reached
Best objective -, best bound 1.400000000000e+02, gap -
