
Gurobi 11.0.1 (win64) logging started Wed Mar 20 20:01:37 2024

Set parameter LogFile to value "C:\Projetos\Job_Rotation_Algorithms\Outputs\GurobiLogs\gurobi_log-output-18_ton-c117-BorbaRittModel-NoExtraConstraint-2.log"
Gurobi Optimizer version 11.0.1 build v11.0.1rc0 (win64 - Windows 10.0 (19045.2))

CPU model: 11th Gen Intel(R) Core(TM) i7-1165G7 @ 2.80GHz, instruction set [SSE2|AVX|AVX2|AVX512]
Thread count: 4 physical cores, 8 logical processors, using up to 1 threads

WLS license 901039 - registered to Bitka Analytics
Optimize a model with 11854 rows, 1835 columns and 37215 nonzeros
Model fingerprint: 0xa3fe8de1
Variable types: 2 continuous, 1833 integer (1833 binary)
Coefficient statistics:
  Matrix range     [1e+00, 2e+02]
  Objective range  [1e+00, 1e+00]
  Bounds range     [1e+00, 2e+02]
  RHS range        [1e+00, 2e+02]
Presolve removed 1 rows and 1 columns
Presolve time: 0.05s
Presolved: 11853 rows, 1834 columns, 37213 nonzeros
Variable types: 0 continuous, 1834 integer (1833 binary)
Root relaxation presolved: 11853 rows, 1834 columns, 37213 nonzeros


Root relaxation: objective 1.400000e+02, 3022 iterations, 0.28 seconds (0.34 work units)

    Nodes    |    Current Node    |     Objective Bounds      |     Work
 Expl Unexpl |  Obj  Depth IntInf | Incumbent    BestBd   Gap | It/Node Time

     0     0  140.00000    0  340          -  140.00000      -     -    1s
     0     0  140.00000    0  493          -  140.00000      -     -    1s
     0     0  140.00000    0  473          -  140.00000      -     -    1s
     0     0  140.00000    0  479          -  140.00000      -     -    2s
     0     0  140.00000    0  445          -  140.00000      -     -    3s
     0     0  140.00000    0  445          -  140.00000      -     -    3s
     0     0  140.00000    0  411          -  140.00000      -     -    3s
     0     0  140.00000    0  446          -  140.00000      -     -    4s
     0     0  140.00000    0  420          -  140.00000      -     -    4s
     0     0  140.00000    0  343          -  140.00000      -     -    5s
     0     0  140.00000    0  349          -  140.00000      -     -    5s
     0     0  140.00000    0  444          -  140.00000      -     -    6s
     0     0  140.00000    0  444          -  140.00000      -     -    7s
     0     2  140.00000    0  444          -  140.00000      -     -   10s
   237   157  140.00000   47  393          -  140.00000      -   187   15s
   502   298  140.00000   39  392          -  140.00000      -   182   20s
   852   387  140.00000   43  463          -  140.00000      -   175   25s
   859   391  139.00000   47  530          -  140.00000      -   173   32s
   863   394  140.00000   24  298          -  140.00000      -   173   35s
   871   399  140.00000   28  454          -  140.00000      -   171   41s
   877   403  140.00000   19  442          -  140.00000      -   170   45s
   893   416  140.00000   19  500          -  140.00000      -  80.8   52s
   942   439  140.00000   20  469          -  140.00000      -  88.7   55s
  1017   467 infeasible   54               -  140.00000      -   108   60s
  1096   497 infeasible   52               -  140.00000      -   128   65s
  1206   534 infeasible   59               -  140.00000      -   144   70s
  1329   580  140.00000   42  381          -  140.00000      -   150   75s
  1431   604 infeasible   60               -  140.00000      -   161   80s
  1563   630 infeasible   76               -  140.00000      -   179   85s
  1723   630 infeasible   69               -  140.00000      -   193   90s
  1848   608  140.00000   65  367          -  140.00000      -   212   95s
  2011   618  140.00000   65  390          -  140.00000      -   223  100s
  2169   649 infeasible   67               -  140.00000      -   230  105s
  2301   681 infeasible   74               -  140.00000      -   240  110s
  2432   716 infeasible   66               -  140.00000      -   247  115s
  2447   723  140.00000   71  361          -  140.00000      -   248  121s
  2556   756  140.00000   75  345          -  140.00000      -   250  125s
  2688   818  140.00000   57  336          -  140.00000      -   257  130s
  2869   923  140.00000   67  268          -  140.00000      -   259  135s
  3000   980  140.00000   75  315          -  140.00000      -   264  140s
  3137  1031  140.00000   74  362          -  140.00000      -   271  145s
  3256  1044 infeasible   66               -  140.00000      -   278  150s
  3379  1089  140.00000   75  383          -  140.00000      -   284  155s
  3470  1112  140.00000   74  327          -  140.00000      -   292  160s
  3584  1130  140.00000   80  359          -  140.00000      -   298  165s
  3705  1179  140.00000   82  342          -  140.00000      -   302  170s
  3846  1238 infeasible   67               -  140.00000      -   305  175s
  3982  1292  140.00000   71  356          -  140.00000      -   309  180s
  4137  1367  140.00000   74  400          -  140.00000      -   310  185s
  4254  1418  140.00000   70  383          -  140.00000      -   314  190s
  4390  1478  140.00000   78  288          -  140.00000      -   318  195s
  4518  1506  140.00000   62  356          -  140.00000      -   322  200s
  4657  1573 infeasible   75               -  140.00000      -   324  205s
  4794  1636  140.00000   70  321          -  140.00000      -   326  210s
  4932  1694  140.00000   78  350          -  140.00000      -   329  215s
  5030  1722  140.00000   66  325          -  140.00000      -   333  225s
  5145  1769 infeasible   80               -  140.00000      -   334  230s
  5271  1773 infeasible   73               -  140.00000      -   338  235s
  5417  1793 infeasible   68               -  140.00000      -   341  240s
  5551  1867 infeasible   67               -  140.00000      -   343  245s
  5705  1929 infeasible   75               -  140.00000      -   345  250s
  5844  1970 infeasible   81               -  140.00000      -   347  255s
  5989  2011 infeasible   75               -  140.00000      -   348  260s
  6105  2047  140.00000   73  327          -  140.00000      -   351  265s
  6221  2075 infeasible   74               -  140.00000      -   354  270s
  6336  2104 infeasible   71               -  140.00000      -   357  275s
  6458  2144  140.00000   68  358          -  140.00000      -   359  280s
  6612  2176 infeasible   59               -  140.00000      -   359  285s
  6743  2217 infeasible   69               -  140.00000      -   361  290s
  6881  2245 infeasible   83               -  140.00000      -   363  295s
  7046  2294  140.00000   77  339          -  140.00000      -   364  300s
  7225  2359 infeasible   74               -  140.00000      -   363  305s
  7361  2399  140.00000   75  351          -  140.00000      -   365  310s
  7506  2434 infeasible   74               -  140.00000      -   367  315s
  7639  2457 infeasible   64               -  140.00000      -   368  320s
  7765  2525  140.00000   76  422          -  140.00000      -   369  325s
  7869  2557  140.00000   75  331          -  140.00000      -   371  330s
  7958  2584  140.00000   64  389          -  140.00000      -   372  339s
  7992  2600  140.00000   71  271          -  140.00000      -   372  340s
  8102  2630  140.00000   76  334          -  140.00000      -   374  345s
  8214  2654 infeasible   77               -  140.00000      -   376  350s
  8337  2671 infeasible   73               -  140.00000      -   378  355s
  8472  2690  140.00000   67  295          -  140.00000      -   380  360s
  8601  2725  140.00000   70  343          -  140.00000      -   382  365s
  8726  2750  140.00000   72  381          -  140.00000      -   384  370s
  8849  2785  140.00000   63  357          -  140.00000      -   386  375s
  9009  2877  140.00000   63  318          -  140.00000      -   386  380s
  9131  2903  140.00000   51  263          -  140.00000      -   387  385s
  9242  2936  140.00000   57  309          -  140.00000      -   390  390s
  9372  2990 infeasible   70               -  140.00000      -   390  395s
  9450  2996 infeasible   62               -  140.00000      -   392  400s
  9565  3053  140.00000   80  365          -  140.00000      -   393  405s
  9697  3107  140.00000   66  370          -  140.00000      -   394  410s
  9820  3156  140.00000   59  347          -  140.00000      -   395  415s
  9932  3212  140.00000   67  371          -  140.00000      -   396  420s
 10081  3223 infeasible   67               -  140.00000      -   397  425s
 10202  3260 infeasible   70               -  140.00000      -   397  501s
 10295  3291 infeasible   70               -  140.00000      -   398  505s
 10364  3308  140.00000   58  444          -  140.00000      -   398  514s
 10379  3313 infeasible   67               -  140.00000      -   398  515s
 10512  3366  140.00000   63  305          -  140.00000      -   399  520s
 10642  3414 infeasible   60               -  140.00000      -   400  525s
 10783  3433  140.00000   61  313          -  140.00000      -   401  530s
 10912  3440 infeasible   68               -  140.00000      -   402  535s
 11055  3477 infeasible   70               -  140.00000      -   403  540s
 11178  3518 infeasible   60               -  140.00000      -   404  545s
 11280  3550 infeasible   74               -  140.00000      -   405  550s
 11417  3595 infeasible   71               -  140.00000      -   406  555s
 11516  3636  140.00000   71  458          -  140.00000      -   407  560s
 11608  3678  140.00000   69  366          -  140.00000      -   408  565s
 11700  3694 infeasible   81               -  140.00000      -   410  570s
 11860  3770 infeasible   72               -  140.00000      -   409  575s
 11954  3804  140.00000   73  399          -  140.00000      -   410  580s
 12083  3853  140.00000   68  378          -  140.00000      -   411  585s
 12184  3890  140.00000   69  363          -  140.00000      -   412  590s
 12335  3939 infeasible   59               -  140.00000      -   412  595s
 12448  3962  140.00000   81  313          -  140.00000      -   413  600s
 12603  3991  140.00000   80  366          -  140.00000      -   414  605s
 12695  4017 infeasible   82               -  140.00000      -   415  610s
 12828  4092  140.00000   76  273          -  140.00000      -   416  615s
 12961  4127 infeasible   81               -  140.00000      -   417  620s
 13070  4168  140.00000   82  354          -  140.00000      -   418  625s
 13178  4186  140.00000   69  394          -  140.00000      -   420  630s
 13307  4207 infeasible   62               -  140.00000      -   420  635s
 13404  4218 infeasible   85               -  140.00000      -   422  640s
 13529  4281  140.00000   78  392          -  140.00000      -   423  645s
 13719  4395  140.00000   65  394          -  140.00000      -   422  650s
 13862  4462  140.00000   71  330          -  140.00000      -   423  655s
 13989  4501  140.00000   61  238          -  140.00000      -   423  667s
 14041  4517  140.00000   74  381          -  140.00000      -   423  670s
 14190  4578  140.00000   64  367          -  140.00000      -   423  675s
 14339  4633  140.00000   68  313          -  140.00000      -   424  680s
 14467  4679 infeasible   75               -  140.00000      -   425  685s
 14576  4708  140.00000   66  358          -  140.00000      -   426  690s
 14698  4754  140.00000   61  318          -  140.00000      -   427  695s
 14829  4817 infeasible   68               -  140.00000      -   427  700s
 14956  4844  140.00000   74  319          -  140.00000      -   428  705s
 15121  4903  140.00000   78  355          -  140.00000      -   428  710s
 15253  4931 infeasible   69               -  140.00000      -   429  715s
 15375  4995  140.00000   86  409          -  140.00000      -   429  720s
 15494  5044  140.00000   73  363          -  140.00000      -   430  725s
 15613  5077  140.00000   70  335          -  140.00000      -   430  730s
 15728  5106  140.00000   64  354          -  140.00000      -   431  735s
 15847  5135 infeasible   66               -  140.00000      -   432  740s
 15940  5146  140.00000   72  371          -  140.00000      -   434  745s
 16052  5174  140.00000   68  296          -  140.00000      -   435  750s
 16161  5193 infeasible   72               -  140.00000      -   436  755s
 16280  5226  140.00000   79  349          -  140.00000      -   437  760s
 16410  5238  140.00000   77  343          -  140.00000      -   438  765s
 16538  5260 infeasible   76               -  140.00000      -   438  770s
 16665  5275 infeasible   75               -  140.00000      -   439  775s
 16798  5292 infeasible   81               -  140.00000      -   439  780s
 16915  5313  140.00000   71  324          -  140.00000      -   440  785s
 17029  5343 infeasible   83               -  140.00000      -   441  790s
 17132  5366 infeasible   78               -  140.00000      -   442  795s
 17233  5391 infeasible   90               -  140.00000      -   443  800s
 17373  5401 infeasible   59               -  140.00000      -   443  805s
 17503  5449  140.00000   77  313          -  140.00000      -   444  810s
 17611  5475  140.00000   73  361          -  140.00000      -   445  815s
 17700  5488  140.00000   67  306          -  140.00000      -   446  820s
 17836  5552  140.00000   76  354          -  140.00000      -   446  825s
 17956  5594  140.00000   74  373          -  140.00000      -   447  830s
 18055  5599 infeasible   81               -  140.00000      -   448  835s
 18159  5623  140.00000   78  365          -  140.00000      -   448  840s
 18246  5656  140.00000   74  414          -  140.00000      -   449  845s
 18290  5664  140.00000   69  314          -  140.00000      -   449  853s
 18336  5680 infeasible   64               -  140.00000      -   449  855s
 18455  5683 infeasible   67               -  140.00000      -   450  860s
 18606  5728  140.00000   58  302          -  140.00000      -   450  865s
 18758  5792 infeasible   72               -  140.00000      -   450  870s
 18897  5835  140.00000   63  347          -  140.00000      -   450  875s
 19009  5873  140.00000   69  415          -  140.00000      -   451  880s
 19138  5870  140.00000   69  358          -  140.00000      -   452  885s
 19272  5888 infeasible   66               -  140.00000      -   452  890s
 19380  5912  140.00000   68  359          -  140.00000      -   453  895s
 19537  5929  140.00000   65  375          -  140.00000      -   453  900s
 19695  5971 infeasible   64               -  140.00000      -   453  905s
 19847  5985 infeasible   68               -  140.00000      -   453  910s
 20020  6010  140.00000   72  333          -  140.00000      -   452  915s
 20146  6024  140.00000   73  443          -  140.00000      -   453  920s
 20269  6061  140.00000   70  349          -  140.00000      -   453  925s
 20404  6116  140.00000   66  333          -  140.00000      -   454  930s
 20543  6161  140.00000   65  426          -  140.00000      -   454  935s
 20657  6199  140.00000   58  379          -  140.00000      -   455  940s
 20772  6232 infeasible   60               -  140.00000      -   455  945s
 20929  6287  140.00000   80  399          -  140.00000      -   455  950s
 21066  6310 infeasible   73               -  140.00000      -   456  955s
 21206  6330  140.00000   62  358          -  140.00000      -   456  960s
 21347  6397  140.00000   60  309          -  140.00000      -   456  965s
 21453  6451  140.00000   77  367          -  140.00000      -   457  970s
 21573  6479  140.00000   62  335          -  140.00000      -   457  975s
 21593  6487  140.00000   64  262          -  140.00000      -   458  982s
 21655  6517  140.00000   73  400          -  140.00000      -   458  985s
 21756  6548 infeasible   70               -  140.00000      -   458  990s
 21870  6610  140.00000   78  409          -  140.00000      -   459  995s
 21974  6632 infeasible   72               -  140.00000      -   459 1000s
 22074  6660  140.00000   81  354          -  140.00000      -   460 1005s
 22200  6694  140.00000   73  316          -  140.00000      -   460 1010s
 22282  6730 infeasible   73               -  140.00000      -   461 1015s
 22366  6746  140.00000   75  392          -  140.00000      -   462 1020s
 22487  6771 infeasible   81               -  140.00000      -   462 1025s
 22596  6768 infeasible   82               -  140.00000      -   463 1030s
 22674  6764 infeasible   78               -  140.00000      -   464 1035s
 22807  6803  140.00000   78  346          -  140.00000      -   464 1040s
 22901  6843  140.00000   57  292          -  140.00000      -   465 1045s
 23027  6893  140.00000   66  306          -  140.00000      -   465 1050s
 23179  6937  140.00000   67  294          -  140.00000      -   465 1055s
 23319  7003  140.00000   73  307          -  140.00000      -   465 1060s
 23407  7013  140.00000   69  350          -  140.00000      -   465 1065s
 23525  7055  140.00000   53  270          -  140.00000      -   466 1070s
 23675  7127  140.00000   65  320          -  140.00000      -   465 1075s
 23796  7188  140.00000   54  308          -  140.00000      -   466 1080s
 23924  7244 infeasible   62               -  140.00000      -   466 1085s
 24067  7283  140.00000   58  270          -  140.00000      -   466 1090s
 24215  7311 infeasible   66               -  140.00000      -   466 1095s
 24340  7342  140.00000   62  288          -  140.00000      -   466 1100s
 24454  7380 infeasible   80               -  140.00000      -   466 1105s
 24548  7400  140.00000   60  310          -  140.00000      -   467 1110s
 24649  7417  140.00000   82  396          -  140.00000      -   467 1115s
 24758  7426  140.00000   90  381          -  140.00000      -   468 1120s
 24861  7453  140.00000   74  403          -  140.00000      -   468 1132s
 24923  7451 infeasible   73               -  140.00000      -   468 1135s
 25075  7503  140.00000   58  367          -  140.00000      -   468 1140s
 25191  7535 infeasible   74               -  140.00000      -   468 1145s
 25331  7563 infeasible   63               -  140.00000      -   468 1150s
 25475  7611  140.00000   59  372          -  140.00000      -   468 1155s
 25623  7681 infeasible   65               -  140.00000      -   468 1160s
 25770  7722  140.00000   69  444          -  140.00000      -   468 1165s
 25927  7777  140.00000   54  339          -  140.00000      -   467 1170s
 26063  7833 infeasible   74               -  140.00000      -   467 1175s
 26176  7862 infeasible   68               -  140.00000      -   467 1180s
 26308  7908  140.00000   58  373          -  140.00000      -   467 1185s
 26424  7934 infeasible   66               -  140.00000      -   468 1190s
 26552  7968  140.00000   60  322          -  140.00000      -   468 1195s
 26692  8006 infeasible   65               -  140.00000      -   468 1200s
 26809  8025 infeasible   76               -  140.00000      -   468 1205s
 26937  8049  140.00000   75  285          -  140.00000      -   468 1210s
 27056  8058  140.00000   73  367          -  140.00000      -   469 1215s
 27182  8088 infeasible   65               -  140.00000      -   469 1220s
 27313  8121  140.00000   88  371          -  140.00000      -   469 1225s
 27423  8153 infeasible   76               -  140.00000      -   469 1230s
 27578  8194 infeasible   66               -  140.00000      -   469 1235s
 27714  8238  140.00000   71  403          -  140.00000      -   469 1240s
 27826  8268 infeasible   78               -  140.00000      -   470 1245s
 27925  8299 infeasible   73               -  140.00000      -   470 1250s
 28045  8329 infeasible   85               -  140.00000      -   470 1255s
 28156  8360  140.00000   83  335          -  140.00000      -   471 1260s
 28272  8384 infeasible   73               -  140.00000      -   471 1265s
 28373  8407  140.00000   85  388          -  140.00000      -   472 1270s
 28505  8433  140.00000   69  393          -  140.00000      -   472 1275s
 28619  8453 infeasible   61               -  140.00000      -   472 1280s
 28737  8489  140.00000   77  375          -  140.00000      -   472 1285s
 28857  8519 infeasible   69               -  140.00000      -   472 1290s
 28877  8523  140.00000   70  378          -  140.00000      -   472 1299s
 28885  8523  140.00000   74  340          -  140.00000      -   472 1300s
 29038  8608  140.00000   56  442          -  140.00000      -   472 1305s
 29159  8657  140.00000   70  321          -  140.00000      -   472 1310s
 29277  8711  140.00000   59  359          -  140.00000      -   473 1315s
 29353  8747  140.00000   66  354          -  140.00000      -   473 1320s
 29480  8794  140.00000   79  269          -  140.00000      -   473 1325s
 29622  8820  140.00000   59  293          -  140.00000      -   473 1330s
 29753  8851 infeasible   64               -  140.00000      -   474 1335s
 29855  8869 infeasible   80               -  140.00000      -   474 1340s
 29948  8908  140.00000   61  279          -  140.00000      -   474 1345s
 30019  8919  140.00000   79  358          -  140.00000      -   475 1350s
 30119  8943  140.00000   75  414          -  140.00000      -   475 1355s
 30191  8945 infeasible   66               -  140.00000      -   476 1360s
 30263  8965  139.00000   69  359          -  140.00000      -   476 1365s
 30340  9008  140.00000   72  422          -  140.00000      -   477 1370s
 30406  9030  140.00000   63  382          -  140.00000      -   478 1375s
 30492  9060  140.00000   59  404          -  140.00000      -   478 1380s
 30587  9101  139.00000   64  352          -  140.00000      -   479 1385s
 30686  9128 infeasible   61               -  140.00000      -   479 1390s
 30814  9170  140.00000   49  340          -  140.00000      -   479 1395s
 30950  9194 infeasible   66               -  140.00000      -   479 1400s
 31071  9219 infeasible   69               -  140.00000      -   479 1405s
 31188  9226  140.00000   73  299          -  140.00000      -   479 1410s
 31303  9235  140.00000   83  338          -  140.00000      -   480 1415s
 31379  9255  140.00000   71  302          -  140.00000      -   480 1420s
 31490  9290 infeasible   63               -  140.00000      -   481 1425s
 31610  9336 infeasible   69               -  140.00000      -   481 1430s
 31688  9362  140.00000   68  401          -  140.00000      -   481 1435s
 31771  9387 infeasible   74               -  140.00000      -   482 1440s
 31867  9429  140.00000   68  392          -  140.00000      -   482 1445s
 31952  9464  140.00000   77  378          -  140.00000      -   483 1450s
 32034  9480  140.00000   77  324          -  140.00000      -   484 1455s
 32096  9492  140.00000   68  352          -  140.00000      -   484 1466s
 32158  9512 infeasible   73               -  140.00000      -   484 1470s
 32248  9534 infeasible   79               -  140.00000      -   485 1475s
 32348  9540 infeasible   77               -  140.00000      -   485 1480s
 32466  9558  140.00000   68  353          -  140.00000      -   485 1485s
 32590  9572 infeasible   85               -  140.00000      -   486 1490s
 32697  9579  140.00000   79  348          -  140.00000      -   486 1495s
 32799  9609 infeasible   68               -  140.00000      -   486 1500s
 32889  9615  140.00000   61  354          -  140.00000      -   487 1505s
 32998  9644 infeasible   71               -  140.00000      -   487 1510s
 33091  9663  140.00000   77  377          -  140.00000      -   487 1515s
 33182  9668  140.00000   79  375          -  140.00000      -   488 1520s
 33304  9708 infeasible   71               -  140.00000      -   488 1525s
 33421  9731  140.00000   81  302          -  140.00000      -   488 1530s
 33544  9754 infeasible   66               -  140.00000      -   488 1535s
 33642  9786 infeasible   70               -  140.00000      -   488 1540s
 33746  9798 infeasible   74               -  140.00000      -   488 1545s
 33879  9839  140.00000   72  339          -  140.00000      -   488 1550s
 34002  9874 infeasible   78               -  140.00000      -   489 1555s
 34127  9909  140.00000   70  268          -  140.00000      -   489 1560s
 34267  9925 infeasible   74               -  140.00000      -   489 1565s
 34340  9936  140.00000   80  341          -  140.00000      -   489 1570s
 34455  9959 infeasible   81               -  140.00000      -   489 1575s
 34561  9979 infeasible   81               -  140.00000      -   490 1580s
 34658 10000  140.00000   76  317          -  140.00000      -   490 1585s
 34755 10007  140.00000   77  299          -  140.00000      -   491 1590s
 34874 10022 infeasible   72               -  140.00000      -   491 1595s
 35007 10059  140.00000   58  335          -  140.00000      -   491 1600s
 35127 10075 infeasible   71               -  140.00000      -   491 1605s
 35252 10078  140.00000   75  332          -  140.00000      -   491 1610s
 35377 10099  140.00000   68  330          -  140.00000      -   491 1615s
 35434 10122  140.00000   65  335          -  140.00000      -   491 1620s
 35561 10163  140.00000   74  298          -  140.00000      -   491 1625s
 35651 10171 infeasible   73               -  140.00000      -   491 1630s
 35786 10206  140.00000   81  412          -  140.00000      -   491 1635s
 35883 10225  140.00000   75  428          -  140.00000      -   492 1640s
 35993 10247 infeasible   71               -  140.00000      -   492 1645s
 36101 10257  140.00000   72  298          -  140.00000      -   492 1650s
 36214 10286  140.00000   71  382          -  140.00000      -   493 1655s
 36314 10298 infeasible   74               -  140.00000      -   493 1660s
 36422 10318 infeasible   76               -  140.00000      -   493 1665s
 36500 10344  140.00000   77  318          -  140.00000      -   494 1670s
 36581 10333  140.00000   70  298          -  140.00000      -   494 1681s
 36670 10338  140.00000   59  308          -  140.00000      -   494 1685s
 36820 10370 infeasible   72               -  140.00000      -   494 1690s
 36902 10386  140.00000   57  291          -  140.00000      -   494 1695s
 37024 10400 infeasible   69               -  140.00000      -   494 1700s
 37124 10406 infeasible   75               -  140.00000      -   495 1705s
 37281 10459 infeasible   78               -  140.00000      -   494 1710s
 37408 10474  140.00000   57  358          -  140.00000      -   494 1715s
 37527 10487 infeasible   66               -  140.00000      -   494 1720s
 37652 10514  140.00000   88  387          -  140.00000      -   494 1725s
 37776 10530  140.00000   82  396          -  140.00000      -   495 1730s
 37906 10548 infeasible   75               -  140.00000      -   494 1735s
 38053 10573  140.00000   67  466          -  140.00000      -   494 1740s
 38117 10587 infeasible   84               -  140.00000      -   495 1745s
 38224 10632  140.00000   78  410          -  140.00000      -   495 1750s
 38349 10681 infeasible   76               -  140.00000      -   495 1755s
 38456 10712  140.00000   59  329          -  140.00000      -   495 1760s
 38594 10748 infeasible   66               -  140.00000      -   495 1765s
 38698 10770 infeasible   79               -  140.00000      -   495 1770s
 38817 10775 infeasible   83               -  140.00000      -   495 1775s
 38936 10814 infeasible   81               -  140.00000      -   495 1780s
 39050 10852  140.00000   75  383          -  140.00000      -   496 1785s
 39164 10864  140.00000   76  405          -  140.00000      -   496 1790s
 39274 10882  140.00000   77  367          -  140.00000      -   496 1795s
 39368 10890 infeasible   76               -  140.00000      -   496 1800s
 39467 10909  140.00000   73  276          -  140.00000      -   497 1805s
 39579 10913 infeasible   78               -  140.00000      -   497 1810s
 39707 10925  140.00000   56  314          -  140.00000      -   497 1815s
 39860 10978 infeasible   79               -  140.00000      -   497 1820s
 39985 11003 infeasible   73               -  140.00000      -   497 1825s
 40084 11026  140.00000   68  341          -  140.00000      -   497 1837s
 40145 11047  140.00000   73  384          -  140.00000      -   497 1840s
 40280 11094  140.00000   67  337          -  140.00000      -   497 1845s
 40392 11114 infeasible   77               -  140.00000      -   497 1850s
 40515 11125 infeasible   67               -  140.00000      -   497 1855s
 40645 11169 infeasible   70               -  140.00000      -   497 1860s
 40776 11218 infeasible   78               -  140.00000      -   497 1865s
 40853 11245  140.00000   66  373          -  140.00000      -   497 1870s
 40970 11256 infeasible   66               -  140.00000      -   498 1875s
 41047 11273  140.00000   68  414          -  140.00000      -   498 1880s
 41098 11276 infeasible   76               -  140.00000      -   499 1885s
 41226 11334  140.00000   76  328          -  140.00000      -   499 1890s
 41381 11411  140.00000   77  343          -  140.00000      -   498 1895s
 41489 11431  140.00000   71  403          -  140.00000      -   499 1900s
 41594 11450  140.00000   70  383          -  140.00000      -   499 1905s
 41699 11475  140.00000   60  395          -  140.00000      -   499 1910s
 41778 11514 infeasible   89               -  140.00000      -   499 1915s
 41888 11538 infeasible   71               -  140.00000      -   499 1920s
 42010 11588 infeasible   69               -  140.00000      -   499 1925s
 42109 11613  140.00000   73  360          -  140.00000      -   500 1930s
 42204 11628 infeasible   84               -  140.00000      -   500 1935s
 42310 11648  140.00000   67  372          -  140.00000      -   500 1940s
 42384 11640  140.00000   71  349          -  140.00000      -   500 1945s
 42469 11655 infeasible   70               -  140.00000      -   501 1950s
 42581 11695 infeasible   83               -  140.00000      -   501 1955s
 42715 11711  140.00000   83  356          -  140.00000      -   501 1960s
 42830 11710 infeasible   90               -  140.00000      -   501 1965s
 42987 11765 infeasible   86               -  140.00000      -   500 1970s
 43073 11793 infeasible   83               -  140.00000      -   500 1975s
 43231 11849 infeasible   73               -  140.00000      -   499 1980s
 43346 11870  140.00000   76  350          -  140.00000      -   499 1985s
 43489 11901 infeasible   80               -  140.00000      -   499 1990s
 43681 11965  140.00000   69  523          -  140.00000      -   497 1995s
 43792 12000  140.00000   84  385          -  140.00000      -   497 2000s
 43942 12038 infeasible   81               -  140.00000      -   496 2005s
 44091 12081  140.00000   65  434          -  140.00000      -   496 2010s
 44244 12124  140.00000   74  448          -  140.00000      -   495 2015s
 44369 12163 infeasible   94               -  140.00000      -   494 2020s
 44497 12243  140.00000   75  390          -  140.00000      -   494 2025s
 44651 12293  140.00000   61  373          -  140.00000      -   493 2030s
 44820 12360  140.00000   79  413          -  140.00000      -   492 2044s
 44838 12366  140.00000   78  363          -  140.00000      -   492 2045s
 44935 12371 infeasible   73               -  140.00000      -   492 2050s
 45072 12396  140.00000   64  372          -  140.00000      -   492 2055s
 45167 12445 infeasible   82               -  140.00000      -   492 2060s
 45265 12477  140.00000   63  512          -  140.00000      -   491 2065s
 45305 12499  140.00000   86  519          -  140.00000      -   492 2070s
 45384 12516  140.00000   71  354          -  140.00000      -   492 2075s
 45515 12565  140.00000   66  387          -  140.00000      -   492 2080s
 45616 12598 infeasible   75               -  140.00000      -   491 2085s
 45715 12627  140.00000   72  343          -  140.00000      -   491 2090s
 45861 12679  140.00000   68  489          -  140.00000      -   491 2095s
 45992 12728  140.00000   73  569          -  140.00000      -   490 2100s
 46115 12783  140.00000   74  286          -  140.00000      -   490 2105s
 46259 12813 infeasible   71               -  140.00000      -   489 2110s
 46398 12846 infeasible   82               -  140.00000      -   488 2115s
 46524 12864 infeasible   87               -  140.00000      -   488 2120s
 46686 12910  140.00000   71  359          -  140.00000      -   487 2125s
 46789 12939  140.00000   84  582          -  140.00000      -   487 2130s
 46892 12944 infeasible   85               -  140.00000      -   487 2135s
 47025 12993 infeasible   79               -  140.00000      -   486 2140s
 47110 13010 infeasible   86               -  140.00000      -   486 2145s
 47226 13052 infeasible   80               -  140.00000      -   486 2150s
 47386 13090  140.00000   75  303          -  140.00000      -   485 2155s
 47545 13131  140.00000   83  377          -  140.00000      -   485 2160s
 47733 13203 infeasible   82               -  140.00000      -   484 2165s
 47898 13248  140.00000   80  338          -  140.00000      -   483 2170s
 48051 13291 infeasible   82               -  140.00000      -   482 2175s
 48164 13322  140.00000   82  483          -  140.00000      -   482 2180s
 48284 13330 infeasible   83               -  140.00000      -   482 2185s
 48443 13383 infeasible   69               -  140.00000      -   481 2190s
 48624 13420 infeasible   86               -  140.00000      -   481 2195s
 48758 13454  140.00000   77  439          -  140.00000      -   480 2200s
 48877 13483  140.00000   78  418          -  140.00000      -   480 2205s
 48961 13495 infeasible   69               -  140.00000      -   480 2210s
 49062 13540  140.00000   83  517          -  140.00000      -   480 2215s
 49215 13573 infeasible   75               -  140.00000      -   479 2220s
 49349 13621  139.62714   92  432          -  140.00000      -   479 2225s
 49438 13628 infeasible   75               -  140.00000      -   479 2230s
 49538 13656 infeasible   78               -  140.00000      -   478 2235s
 49716 13720 infeasible   69               -  140.00000      -   478 2240s
 49808 13736 infeasible   67               -  140.00000      -   478 2245s
 49864 13726 infeasible   77               -  140.00000      -   478 2250s
 49903 13719 infeasible   88               -  140.00000      -   478 2255s
 49994 13744 infeasible   65               -  140.00000      -   478 2260s
 50088 13784 infeasible   65               -  140.00000      -   478 2265s
 50202 13836 infeasible   81               -  140.00000      -   478 2270s
 50267 13853  140.00000   74  301          -  140.00000      -   478 2275s
 50317 13865  140.00000   78  427          -  140.00000      -   478 2284s
 50326 13862 infeasible   78               -  140.00000      -   478 2285s
 50416 13894 infeasible   66               -  140.00000      -   478 2290s
 50479 13907 infeasible   83               -  140.00000      -   478 2295s
 50563 13937  140.00000   96  318          -  140.00000      -   478 2300s
 50686 13944 infeasible   79               -  140.00000      -   478 2305s
 50790 13960 infeasible   90               -  140.00000      -   478 2310s
 50911 13971 infeasible   78               -  140.00000      -   478 2315s
 50975 13979  139.94862   78  498          -  140.00000      -   478 2320s
 51041 13977 infeasible   76               -  140.00000      -   478 2325s
 51165 14003  140.00000   75  410          -  140.00000      -   478 2330s
 51266 14046 infeasible  103               -  140.00000      -   478 2335s
 51400 14080  140.00000   82  376          -  140.00000      -   477 2340s
 51521 14113  140.00000   79  348          -  140.00000      -   477 2345s
 51616 14138  140.00000   86  517          -  140.00000      -   477 2350s
 51718 14140 infeasible   81               -  140.00000      -   477 2355s
 51863 14201 infeasible   84               -  140.00000      -   477 2360s
 51940 14206 infeasible   91               -  140.00000      -   477 2365s
 52035 14221 infeasible   78               -  140.00000      -   477 2370s
 52142 14248 infeasible   79               -  140.00000      -   477 2375s
 52305 14257  139.73687   78  449          -  140.00000      -   476 2380s
 52422 14274  140.00000   62  414          -  140.00000      -   476 2385s
 52606 14320 infeasible   76               -  140.00000      -   475 2390s
 52686 14338  140.00000   77  345          -  140.00000      -   475 2395s
 52787 14355 infeasible   79               -  140.00000      -   475 2400s
 52835 14363 infeasible   87               -  140.00000      -   476 2405s
 52971 14375  140.00000   73  382          -  140.00000      -   475 2410s
 53125 14389 infeasible   76               -  140.00000      -   475 2415s
 53299 14455  140.00000   81  410          -  140.00000      -   474 2420s
 53427 14493  140.00000   74  343          -  140.00000      -   474 2425s
 53527 14505 infeasible   80               -  140.00000      -   474 2430s
 53600 14490 infeasible   73               -  140.00000      -   474 2435s
 53700 14520 infeasible   66               -  140.00000      -   474 2440s
 53769 14529  140.00000   80  347          -  140.00000      -   474 2449s
 53791 14531  140.00000   73  330          -  140.00000      -   474 2450s
 53840 14526 infeasible   63               -  140.00000      -   474 2455s
 53903 14525 infeasible   66               -  140.00000      -   475 2460s
 54043 14561 infeasible   73               -  140.00000      -   474 2465s
 54112 14584 infeasible   59               -  140.00000      -   474 2470s
 54264 14638  140.00000   72  577          -  140.00000      -   474 2475s
 54362 14694 infeasible   69               -  140.00000      -   474 2480s
 54479 14721 infeasible   61               -  140.00000      -   474 2485s
 54592 14750 infeasible   64               -  140.00000      -   473 2490s
 54716 14798 infeasible   65               -  140.00000      -   473 2495s
 54824 14810  140.00000   66  428          -  140.00000      -   473 2500s
 54881 14801 infeasible   69               -  140.00000      -   473 2505s
 54939 14793 infeasible   74               -  140.00000      -   474 2510s
 55028 14802 infeasible   71               -  140.00000      -   474 2515s
 55113 14815 infeasible   69               -  140.00000      -   474 2520s
 55267 14865  140.00000   65  422          -  140.00000      -   473 2525s
 55388 14928 infeasible   62               -  140.00000      -   473 2530s
 55468 14972  140.00000   67  471          -  140.00000      -   473 2535s
 55540 15000 infeasible   64               -  140.00000      -   473 2540s
 55603 15013  140.00000   67  356          -  140.00000      -   474 2545s
 55675 15027  140.00000   65  513          -  140.00000      -   474 2550s
 55753 15029  140.00000   72  303          -  140.00000      -   474 2555s
 55837 15049 infeasible   78               -  140.00000      -   474 2560s
 55908 15058  140.00000   64  470          -  140.00000      -   474 2565s
 55986 15072 infeasible   65               -  140.00000      -   474 2570s
 56063 15095  140.00000   69  502          -  140.00000      -   474 2575s
 56128 15104 infeasible   79               -  140.00000      -   474 2580s
 56240 15110  140.00000   65  359          -  140.00000      -   474 2585s
 56325 15125  140.00000   71  353          -  140.00000      -   474 2590s
 56380 15142  140.00000   79  462          -  140.00000      -   474 2595s
 56444 15146 infeasible   83               -  140.00000      -   474 2600s
 56535 15169  140.00000   76  404          -  140.00000      -   474 2605s
 56650 15188 infeasible   84               -  140.00000      -   474 2610s
 56738 15222 infeasible   79               -  140.00000      -   474 2615s
 56821 15249  140.00000   61  471          -  140.00000      -   474 2620s
 56901 15275  140.00000   85  440          -  140.00000      -   474 2625s
 56975 15275 infeasible   69               -  140.00000      -   474 2630s
 57014 15276  140.00000   69  464          -  140.00000      -   474 2640s
 57047 15265 infeasible   59               -  140.00000      -   475 2645s
 57136 15270 infeasible   56               -  140.00000      -   475 2650s
 57245 15283 infeasible   68               -  140.00000      -   475 2655s
 57304 15270  140.00000   56  379          -  140.00000      -   475 2660s
 57401 15303 infeasible   63               -  140.00000      -   475 2665s
 57482 15318 infeasible   71               -  140.00000      -   475 2670s
 57608 15346 infeasible   61               -  140.00000      -   475 2675s
 57634 15350 infeasible   69               -  140.00000      -   475 2680s
 57727 15373  140.00000   62  335          -  140.00000      -   475 2685s
 57838 15440 infeasible   67               -  140.00000      -   475 2690s
 57915 15457 infeasible   68               -  140.00000      -   475 2695s
 58033 15503  140.00000   73  335          -  140.00000      -   475 2700s
 58141 15531  140.00000   61  309          -  140.00000      -   476 2705s
 58275 15581 infeasible   73               -  140.00000      -   475 2710s
 58391 15639 infeasible   89               -  140.00000      -   475 2715s
 58527 15681  140.00000   72  304          -  140.00000      -   475 2720s
 58656 15720  140.00000   72  310          -  140.00000      -   475 2725s
 58748 15736 infeasible   74               -  140.00000      -   475 2730s
 58849 15749  140.00000   75  372          -  140.00000      -   475 2735s
 58950 15790  140.00000   70  416          -  140.00000      -   475 2740s
 59047 15815  140.00000   76  428          -  140.00000      -   475 2745s
 59164 15818 infeasible   76               -  140.00000      -   475 2750s
 59284 15830 infeasible   71               -  140.00000      -   475 2755s
 59374 15860 infeasible   73               -  140.00000      -   475 2760s
 59489 15905  140.00000   77  363          -  140.00000      -   476 2765s
 59570 15914 infeasible   90               -  140.00000      -   476 2770s
 59663 15915 infeasible   72               -  140.00000      -   476 2775s
 59772 15942 infeasible   78               -  140.00000      -   476 2780s
 59903 15979 infeasible   80               -  140.00000      -   476 2785s
 60013 15999 infeasible   71               -  140.00000      -   477 2790s
 60135 16011 infeasible   72               -  140.00000      -   477 2795s
 60219 16011  140.00000   71  352          -  140.00000      -   477 2800s
 60387 16027 infeasible   76               -  140.00000      -   476 2805s
 60448 16026 infeasible   65               -  140.00000      -   476 2810s
 60520 16030  140.00000   66  327          -  140.00000      -   477 2815s
 60560 16060  140.00000   81  384          -  140.00000      -   477 2825s
 60677 16063 infeasible   59               -  140.00000      -   477 2830s
 60776 16094  140.00000   87  480          -  140.00000      -   477 2835s
 60874 16106  140.00000   71  478          -  140.00000      -   477 2840s
 60971 16105 infeasible   61               -  140.00000      -   477 2845s
 61091 16135 infeasible   60               -  140.00000      -   476 2850s
 61247 16159 infeasible   64               -  140.00000      -   476 2855s
 61341 16207 infeasible   66               -  140.00000      -   476 2860s
 61449 16215  140.00000   60  363          -  140.00000      -   476 2865s
 61611 16271  140.00000   74  436          -  140.00000      -   475 2870s
 61693 16281 infeasible   83               -  140.00000      -   475 2875s
 61844 16298  140.00000   79  371          -  140.00000      -   475 2880s
 61973 16319 infeasible   77               -  140.00000      -   475 2885s
 62097 16335 infeasible   62               -  140.00000      -   474 2890s
 62253 16349 infeasible   86               -  140.00000      -   474 2895s
 62349 16361  140.00000   76  418          -  140.00000      -   474 2900s
 62408 16358 infeasible   86               -  140.00000      -   474 2905s
 62532 16390 infeasible   64               -  140.00000      -   474 2910s
 62636 16414 infeasible   67               -  140.00000      -   474 2915s
 62727 16417 infeasible   89               -  140.00000      -   474 2920s
 62813 16445  140.00000   49  417          -  140.00000      -   474 2925s
 62860 16458  140.00000   61  378          -  140.00000      -   474 2930s
 62951 16501 infeasible   80               -  140.00000      -   474 2935s
 63060 16504 infeasible   76               -  140.00000      -   474 2940s
 63176 16538  140.00000   68  360          -  140.00000      -   474 2945s
 63233 16545 infeasible   59               -  140.00000      -   474 2950s
 63376 16576 infeasible   84               -  140.00000      -   474 2955s
 63505 16597  140.00000   75  556          -  140.00000      -   474 2960s
 63661 16643 infeasible   67               -  140.00000      -   473 2965s
 63811 16693 infeasible   73               -  140.00000      -   473 2970s
 63955 16719  140.00000   75  422          -  140.00000      -   473 2975s
 64099 16743 infeasible   71               -  140.00000      -   472 2980s
 64204 16758 infeasible   86               -  140.00000      -   472 2985s
 64358 16800  140.00000   89  407          -  140.00000      -   472 2990s
 64485 16831  140.00000   42  483          -  140.00000      -   472 2995s
 64528 16860 infeasible   67               -  140.00000      -   472 3000s
 64620 16908 infeasible   81               -  140.00000      -   471 3005s
 64724 16952  140.00000   74  436          -  140.00000      -   471 3017s
 64767 16955 infeasible   79               -  140.00000      -   471 3020s
 64866 16984  140.00000   89  335          -  140.00000      -   471 3025s
 64952 16994 infeasible   94               -  140.00000      -   471 3030s
 65005 17021 infeasible   97               -  140.00000      -   471 3035s
 65077 17031 infeasible   84               -  140.00000      -   472 3040s
 65148 17036 infeasible   84               -  140.00000      -   472 3045s
 65241 17077  140.00000   87  414          -  140.00000      -   472 3050s
 65365 17113 infeasible   78               -  140.00000      -   471 3055s
 65481 17155  140.00000   59  376          -  140.00000      -   471 3060s
 65637 17213 infeasible   61               -  140.00000      -   471 3065s
 65782 17250  140.00000   68  375          -  140.00000      -   470 3070s
 65913 17307  140.00000   65  366          -  140.00000      -   470 3075s
 66010 17322  140.00000   68  321          -  140.00000      -   470 3080s
 66130 17350 infeasible   85               -  140.00000      -   470 3085s
 66281 17397 infeasible   80               -  140.00000      -   470 3090s
 66411 17435 infeasible   70               -  140.00000      -   469 3095s
 66587 17505  140.00000   63  332          -  140.00000      -   469 3100s
 66717 17519 infeasible   75               -  140.00000      -   468 3105s
 66853 17563  140.00000   70  385          -  140.00000      -   468 3110s
 66936 17586 infeasible   59               -  140.00000      -   468 3115s
 67024 17608 infeasible   73               -  140.00000      -   468 3120s
 67131 17621  140.00000   69  307          -  140.00000      -   468 3125s
 67287 17677 infeasible   73               -  140.00000      -   468 3130s
 67405 17713  140.00000   79  511          -  140.00000      -   468 3135s
 67540 17736 infeasible   88               -  140.00000      -   467 3140s
 67673 17775  140.00000   81  369          -  140.00000      -   467 3145s
 67764 17786  140.00000   65  376          -  140.00000      -   467 3150s
 67882 17848 infeasible   81               -  140.00000      -   467 3155s
 67955 17877  140.00000   76  424          -  140.00000      -   467 3160s
 68043 17911 infeasible   79               -  140.00000      -   467 3165s
 68135 17929  140.00000   69  324          -  140.00000      -   466 3170s
 68269 17979  140.00000   69  423          -  140.00000      -   466 3175s
 68331 17985 infeasible   83               -  140.00000      -   466 3180s
 68414 18012 infeasible   75               -  140.00000      -   466 3185s
 68463 18029  140.00000   64  439          -  140.00000      -   466 3190s
 68506 18048 infeasible   60               -  140.00000      -   467 3195s
 68576 18068  140.00000   75  367          -  140.00000      -   467 3200s
 68676 18102  140.00000   74  466          -  140.00000      -   467 3205s
 68780 18150  140.00000   68  356          -  140.00000      -   466 3210s
 68885 18161  140.00000   66  456          -  140.00000      -   466 3215s
 68944 18184  140.00000   70  533          -  140.00000      -   466 3220s
 69012 18220  140.00000   70  505          -  140.00000      -   466 3225s
 69093 18243  140.00000   63  368          -  140.00000      -   466 3230s
 69192 18264  140.00000   68  405          -  140.00000      -   466 3235s
 69256 18284  140.00000   76  602          -  140.00000      -   466 3240s
 69314 18314  140.00000   45  490          -  140.00000      -   466 3245s
 69364 18362  140.00000   80  561          -  140.00000      -   466 3250s
 69449 18399  140.00000   56  462          -  140.00000      -   466 3255s
 69507 18443  140.00000   80  515          -  140.00000      -   466 3260s
 69612 18470  140.00000   66  405          -  140.00000      -   466 3265s
 69725 18503  140.00000   67  363          -  140.00000      -   466 3271s
 69811 18523  140.00000   72  397          -  140.00000      -   466 3275s
 69922 18564 infeasible   65               -  140.00000      -   465 3280s
 69980 18584  140.00000   70  331          -  140.00000      -   466 3285s
 70100 18652 infeasible   84               -  140.00000      -   465 3290s
 70197 18683 infeasible   81               -  140.00000      -   465 3295s
 70273 18713  140.00000   74  306          -  140.00000      -   465 3300s
 70378 18732 infeasible   74               -  140.00000      -   465 3305s
 70496 18772  140.00000   75  317          -  140.00000      -   465 3310s
 70604 18794  140.00000   85  542          -  140.00000      -   465 3315s
 70711 18793 infeasible   77               -  140.00000      -   465 3320s
 70794 18812  140.00000   82  388          -  140.00000      -   465 3325s
 70867 18821 infeasible   87               -  140.00000      -   465 3330s
 70959 18839  140.00000   94  537          -  140.00000      -   465 3335s
 71112 18892  140.00000   69  373          -  140.00000      -   464 3340s
 71238 18920 infeasible   75               -  140.00000      -   464 3345s
 71377 18965  140.00000   67  547          -  140.00000      -   464 3350s
 71436 18996  139.81481   79  453          -  140.00000      -   464 3364s
 71437 18997  140.00000   78  474          -  140.00000      -   464 3365s
 71510 19026 infeasible   67               -  140.00000      -   464 3370s
 71615 19069 infeasible   81               -  140.00000      -   463 3375s
 71741 19067  140.00000   70  408          -  140.00000      -   463 3380s
 71827 19081 infeasible   64               -  140.00000      -   463 3385s
 71924 19112 infeasible   66               -  140.00000      -   463 3390s
 72019 19153 infeasible   71               -  140.00000      -   463 3395s
 72121 19179  140.00000   79  338          -  140.00000      -   463 3400s
 72272 19240 infeasible   73               -  140.00000      -   462 3405s
 72378 19268 infeasible   75               -  140.00000      -   462 3410s
 72450 19288 infeasible   86               -  140.00000      -   462 3415s
 72568 19322  140.00000   75  398          -  140.00000      -   462 3420s
 72660 19340 infeasible   75               -  140.00000      -   462 3425s
 72745 19357 infeasible   80               -  140.00000      -   462 3430s
 72810 19360 infeasible   79               -  140.00000      -   462 3435s
 72871 19365 infeasible   86               -  140.00000      -   462 3440s
 72999 19393  140.00000   63  437          -  140.00000      -   462 3445s
 73080 19404  140.00000   72  412          -  140.00000      -   462 3450s
 73142 19428 infeasible   55               -  140.00000      -   462 3455s
 73253 19491 infeasible   64               -  140.00000      -   462 3460s
 73372 19524 infeasible   75               -  140.00000      -   462 3465s
 73419 19525  140.00000   68  316          -  140.00000      -   462 3470s
 73486 19530 infeasible   62               -  140.00000      -   462 3475s
 73564 19528  140.00000   63  309          -  140.00000      -   462 3480s
 73684 19572 infeasible   77               -  140.00000      -   462 3485s
 73816 19646  140.00000   65  464          -  140.00000      -   462 3490s
 73942 19688  140.00000   64  492          -  140.00000      -   461 3495s
 74004 19698 infeasible   69               -  140.00000      -   461 3500s
 74099 19713  140.00000   52  276          -  140.00000      -   461 3505s
 74156 19720  140.00000   29  556          -  140.00000      -   462 3510s
 74202 19766  140.00000   64  591          -  140.00000      -   461 3515s
 74280 19788 infeasible   79               -  140.00000      -   461 3520s
 74375 19783  140.00000   66  382          -  140.00000      -   461 3525s
 74461 19815 infeasible   86               -  140.00000      -   461 3530s
 74509 19851  140.00000   52  541          -  140.00000      -   461 3535s
 74588 19872 infeasible   71               -  140.00000      -   461 3540s
 74647 19877  140.00000   30  494          -  140.00000      -   462 3545s
 74725 19927  140.00000   70  405          -  140.00000      -   461 3550s
 74828 19970  140.00000   85  471          -  140.00000      -   461 3555s
 74943 19989 infeasible   88               -  140.00000      -   461 3560s
 75038 20008  140.00000   69  379          -  140.00000      -   461 3565s
 75155 20027 infeasible   71               -  140.00000      -   461 3570s
 75248 20052  140.00000   60  319          -  140.00000      -   461 3583s
 75306 20060 infeasible   66               -  140.00000      -   460 3585s
 75422 20086 infeasible   64               -  140.00000      -   460 3590s
 75518 20108 infeasible   72               -  140.00000      -   460 3595s
 75658 20154  postponed   55               -  140.00000      -   460 3600s

Cutting planes:
  Cover: 1
  MIR: 3
  Flow cover: 15
  Zero half: 24
  RLT: 19
  BQP: 5

Explored 75659 nodes (34980977 simplex iterations) in 3600.00 seconds (4584.85 work units)
Thread count was 1 (of 8 available processors)

Solution count 0

Time limit reached
Best objective -, best bound 1.400000000000e+02, gap -
