
Gurobi 11.0.1 (win64) logging started Thu Mar 14 08:01:53 2024

Set parameter LogFile to value "C:\Projetos\Job_Rotation_Algorithms\Outputs\GurobiLogs\gurobi_log-output-25_wee-c50-CostaMirallesModel-NoExtraConstraint-2.log"
Gurobi Optimizer version 11.0.1 build v11.0.1rc0 (win64 - Windows 10.0 (19045.2))

CPU model: 11th Gen Intel(R) Core(TM) i7-1165G7 @ 2.80GHz, instruction set [SSE2|AVX|AVX2|AVX512]
Thread count: 4 physical cores, 8 logical processors, using up to 1 threads


Gurobi 11.0.1 (win64) logging started Fri Mar 15 00:39:20 2024

Set parameter LogFile to value "C:\Projetos\Job_Rotation_Algorithms\Outputs\GurobiLogs\gurobi_log-output-25_wee-c50-CostaMirallesModel-NoExtraConstraint-2.log"
Gurobi Optimizer version 11.0.1 build v11.0.1rc0 (win64 - Windows 10.0 (19045.2))

CPU model: 11th Gen Intel(R) Core(TM) i7-1165G7 @ 2.80GHz, instruction set [SSE2|AVX|AVX2|AVX512]
Thread count: 4 physical cores, 8 logical processors, using up to 1 threads


Gurobi 11.0.1 (win64) logging started Tue Mar 19 09:18:05 2024

Set parameter LogFile to value "C:\Projetos\Job_Rotation_Algorithms\Outputs\GurobiLogs\gurobi_log-output-25_wee-c50-CostaMirallesModel-NoExtraConstraint-2.log"
Gurobi Optimizer version 11.0.1 build v11.0.1rc0 (win64 - Windows 10.0 (19045.2))

CPU model: 11th Gen Intel(R) Core(TM) i7-1165G7 @ 2.80GHz, instruction set [SSE2|AVX|AVX2|AVX512]
Thread count: 4 physical cores, 8 logical processors, using up to 1 threads


Gurobi 11.0.1 (win64) logging started Mon Apr  1 12:41:22 2024

Set parameter LogFile to value "C:\Projetos\Job_Rotation_Algorithms\Outputs\GurobiLogs\gurobi_log-output-25_wee-c50-CostaMirallesModel-NoExtraConstraint-2.log"
Gurobi Optimizer version 11.0.1 build v11.0.1rc0 (win64 - Windows 10.0 (19045.2))

CPU model: 11th Gen Intel(R) Core(TM) i7-1165G7 @ 2.80GHz, instruction set [SSE2|AVX|AVX2|AVX512]
Thread count: 4 physical cores, 8 logical processors, using up to 1 threads


Gurobi 11.0.1 (win64) logging started Mon Apr  1 21:29:13 2024

Set parameter LogFile to value "C:\Projetos\Job_Rotation_Algorithms\Outputs\GurobiLogs\gurobi_log-output-25_wee-c50-CostaMirallesModel-NoExtraConstraint-2.log"
Gurobi Optimizer version 11.0.1 build v11.0.1rc0 (win64 - Windows 10.0 (19045.2))

CPU model: 11th Gen Intel(R) Core(TM) i7-1165G7 @ 2.80GHz, instruction set [SSE2|AVX|AVX2|AVX512]
Thread count: 4 physical cores, 8 logical processors, using up to 1 threads


Gurobi 11.0.1 (win64) logging started Tue Apr  2 23:53:12 2024

Set parameter LogFile to value "C:\Projetos\Job_Rotation_Algorithms\Outputs\GurobiLogs\gurobi_log-output-25_wee-c50-CostaMirallesModel-NoExtraConstraint-2.log"
Gurobi Optimizer version 11.0.1 build v11.0.1rc0 (win64 - Windows 10.0 (19045.2))

CPU model: 11th Gen Intel(R) Core(TM) i7-1165G7 @ 2.80GHz, instruction set [SSE2|AVX|AVX2|AVX512]
Thread count: 4 physical cores, 8 logical processors, using up to 1 threads

WLS license 2390832 - registered to Bitka Analytics
Optimize a model with 3177 rows, 17172 columns and 269666 nonzeros
Model fingerprint: 0xd66e88db
Variable types: 2 continuous, 17170 integer (17170 binary)
Coefficient statistics:
  Matrix range     [1e+00, 8e+01]
  Objective range  [1e+00, 1e+00]
  Bounds range     [1e+00, 1e+02]
  RHS range        [1e+00, 1e+02]
Presolve added 967 rows and 421 columns
Presolve time: 0.87s
Presolved: 4144 rows, 17593 columns, 119085 nonzeros
Variable types: 0 continuous, 17593 integer (16945 binary)

Root relaxation: objective 1.500000e+02, 4437 iterations, 0.28 seconds (0.36 work units)

    Nodes    |    Current Node    |     Objective Bounds      |     Work
 Expl Unexpl |  Obj  Depth IntInf | Incumbent    BestBd   Gap | It/Node Time

     0     0  150.00000    0   95          -  150.00000      -     -    2s
     0     0  150.00000    0   95          -  150.00000      -     -    2s
     0     0  150.00000    0  101          -  150.00000      -     -    3s
     0     0  150.00000    0  103          -  150.00000      -     -    3s
     0     0  150.00000    0   98          -  150.00000      -     -    3s
     0     0  150.00000    0  957          -  150.00000      -     -    4s
     0     0  150.00000    0  729          -  150.00000      -     -    4s
     0     0  150.00000    0  518          -  150.00000      -     -    4s
     0     0  150.00000    0  439          -  150.00000      -     -    5s
     0     0  150.00000    0  406          -  150.00000      -     -    5s
     0     0  150.00000    0  123          -  150.00000      -     -    6s
     0     0  150.00000    0  118          -  150.00000      -     -    6s
     0     0  150.00000    0  258          -  150.00000      -     -    6s
     0     0  150.00000    0  253          -  150.00000      -     -    6s
     0     0  150.00000    0  135          -  150.00000      -     -    7s
     0     0  150.00000    0  135          -  150.00000      -     -    7s
     0     0  150.00000    0  177          -  150.00000      -     -    7s
     0     0  150.00000    0  170          -  150.00000      -     -    7s
     0     0  150.00000    0  172          -  150.00000      -     -    7s
     0     0  150.00000    0  171          -  150.00000      -     -    7s
     0     0  150.00000    0  171          -  150.00000      -     -    7s
     0     0  150.00000    0  175          -  150.00000      -     -    7s
     0     0  150.00000    0  174          -  150.00000      -     -    7s
     0     0  150.00000    0  123          -  150.00000      -     -    8s
     0     0  150.00000    0  286          -  150.00000      -     -    8s
     0     0  150.00000    0  267          -  150.00000      -     -    8s
     0     0  150.00000    0  265          -  150.00000      -     -    8s
     0     0  150.00000    0  267          -  150.00000      -     -    8s
     0     0  150.00000    0  266          -  150.00000      -     -    8s
     0     0  150.00000    0  266          -  150.00000      -     -    8s
     0     0  150.00000    0  191          -  150.00000      -     -    9s
     0     0  150.00000    0  193          -  150.00000      -     -    9s
     0     0  150.00000    0  193          -  150.00000      -     -    9s
     0     0  150.00000    0  202          -  150.00000      -     -    9s
     0     0  150.00000    0  193          -  150.00000      -     -   10s
     0     0  150.00000    0  192          -  150.00000      -     -   10s
     0     0  150.00000    0  193          -  150.00000      -     -   10s
     0     0  150.00000    0  180          -  150.00000      -     -   10s
     0     2  150.00000    0  167          -  150.00000      -     -   13s
    40    42  150.00000   26  442          -  150.00000      -   160   15s
   127   119  150.00000    8  712          -  150.00000      -   251   20s
   285   266  150.00000  109  434          -  150.00000      -   246   25s
   460   403  150.00000   89  437          -  150.00000      -   233   30s
   577   473  150.00000   51   95          -  150.00000      -   235   43s
   579   474  150.00000   35  122          -  150.00000      -   234   45s
   584   478  150.00000   30  151          -  150.00000      -   232   50s
   590   482  150.00000   61  153          -  150.00000      -   230   56s
   597   488  150.00000   18  177          -  150.00000      -   479   60s
   712   563  150.00000   76  491          -  150.00000      -   451   65s
   787   582  150.00000   64  344          -  150.00000      -   426   70s
   794   587  150.00000   68  555          -  150.00000      -   428   76s
   808   590  150.00000   75  203          -  150.00000      -   433   80s
   831   595  150.00000   86  306          -  150.00000      -   439   85s
   862   592  150.00000   60  575          -  150.00000      -   433   90s
   892   612  150.00000   75  213          -  150.00000      -   447   95s
   924   620  150.00000   32  671          -  150.00000      -   445  100s
  1016   680  150.00000   79  225          -  150.00000      -   438  105s
  1117   719  150.00000   69  313          -  150.00000      -   415  110s
  1291   767 infeasible   75               -  150.00000      -   377  115s
  1399   794  150.00000   85  254          -  150.00000      -   366  120s
  1439   803  150.00000   79  376          -  150.00000      -   370  125s
  1528   812  145.32812   88  367          -  150.00000      -   358  130s
  1639   839  150.00000   39  159          -  150.00000      -   350  135s
  1715   872  150.00000   56  293          -  150.00000      -   352  140s
  1812   909 infeasible   86               -  150.00000      -   346  145s
  1897   949  150.00000   75  163          -  150.00000      -   347  150s
  1964   970  150.00000   74  389          -  150.00000      -   344  155s
  2107  1037  150.00000   47  493          -  150.00000      -   329  160s
  2194  1097  150.00000   71  450          -  150.00000      -   324  165s
  2297  1164  150.00000   73  477          -  150.00000      -   318  170s
  2443  1254  150.00000   47  479          -  150.00000      -   304  175s
  2592  1355  150.00000   64  269          -  150.00000      -   296  180s
  2679  1429  150.00000  105  281          -  150.00000      -   296  185s
  2764  1467 infeasible   94               -  150.00000      -   294  190s
  2817  1489 infeasible   95               -  150.00000      -   296  195s
  2877  1522  149.00000   91  450          -  150.00000      -   297  200s
  2959  1576  150.00000  105  232          -  150.00000      -   297  205s
  2996  1592  150.00000  118  279          -  150.00000      -   296  210s
  3099  1636  150.00000   75  275          -  150.00000      -   293  215s
  3230  1699  150.00000   87  203          -  150.00000      -   286  220s
  3379  1769  149.00000   79  309          -  150.00000      -   278  225s
  3500  1825  150.00000   38  469          -  150.00000      -   273  230s
  3523  1847  150.00000   58  235          -  150.00000      -   274  236s
  3543  1853  150.00000   53  284          -  150.00000      -   274  240s
  3619  1887 infeasible   85               -  150.00000      -   274  245s
  3712  1951  150.00000   92  289          -  150.00000      -   272  250s
  3832  1971  150.00000   56  193          -  150.00000      -   269  255s
  3992  2008 infeasible   65               -  150.00000      -   263  260s
  4157  2079  150.00000   58  535          -  150.00000      -   259  265s
  4262  2148  150.00000   68  179          -  150.00000      -   259  270s
  4415  2183 infeasible   83               -  150.00000      -   256  275s
  4622  2224  150.00000  126  224          -  150.00000      -   250  280s
  4853  2260  150.00000   51  354          -  150.00000      -   242  285s
  4990  2370 infeasible   93               -  150.00000      -   239  290s
  5116  2437  150.00000   94  406          -  150.00000      -   235  295s
  5261  2456 infeasible  120               -  150.00000      -   234  300s
  5469  2473  150.00000   85  246          -  150.00000      -   229  305s
  5614  2502  150.00000   95  193          -  150.00000      -   227  310s
  5750  2558 infeasible   66               -  150.00000      -   226  315s
  5870  2579 infeasible   99               -  150.00000      -   225  320s
  6084  2625  150.00000   90  321          -  150.00000      -   220  325s
  6301  2692  150.00000   56  117          -  150.00000      -   216  330s
  6462  2765 infeasible   84               -  150.00000      -   214  335s
  6560  2778  150.00000   85  220          -  150.00000      -   214  340s
  6592  2803  150.00000  105  229          -  150.00000      -   216  345s
  6705  2829  150.00000  106  206          -  150.00000      -   215  350s
  6821  2814  150.00000   95  239          -  150.00000      -   214  355s
  6961  2815 infeasible   98               -  150.00000      -   213  360s
  7141  2861 infeasible   92               -  150.00000      -   210  365s
  7226  2864  149.12490   97  286          -  150.00000      -   211  370s
  7374  2870 infeasible   86               -  150.00000      -   209  375s
  7390  2874  150.00000   90  214          -  150.00000      -   209  381s
  7437  2871 infeasible   89               -  150.00000      -   209  385s
  7527  2929 infeasible   85               -  150.00000      -   210  390s
  7649  3000 infeasible   85               -  150.00000      -   209  395s
  7744  3057  150.00000   67  282          -  150.00000      -   209  400s
  7824  3102  150.00000   67  236          -  150.00000      -   210  405s
  7946  3135  150.00000   86  339          -  150.00000      -   209  410s
  8067  3160  150.00000   90  348          -  150.00000      -   209  415s
  8168  3189  143.05542   93  535          -  150.00000      -   208  420s
  8248  3248 infeasible   68               -  150.00000      -   209  425s
  8331  3295 infeasible   55               -  150.00000      -   210  430s
  8476  3398  150.00000   72  381          -  150.00000      -   210  435s
  8612  3484 infeasible   66               -  150.00000      -   209  440s
  8747  3559  150.00000   69  241          -  150.00000      -   209  445s
  8940  3670  150.00000   73  324          -  150.00000      -   206  450s
  9024  3731 infeasible   85               -  150.00000      -   207  455s
  9209  3854  150.00000   89  205          -  150.00000      -   205  460s
  9425  3884 infeasible   97               -  150.00000      -   203  465s
  9653  3899 infeasible   99               -  150.00000      -   200  470s
  9888  3893 infeasible   96               -  150.00000      -   197  475s
 10138  3881  150.00000   92  468          -  150.00000      -   195  480s
 10202  3890  150.00000   95  199          -  150.00000      -   194  574s
 10223  3889 infeasible   82               -  150.00000      -   194  575s
 10513  3888 infeasible  103               -  150.00000      -   190  580s
 10825  3948  150.00000   75  129          -  150.00000      -   187  585s
 10992  4024 infeasible   96               -  150.00000      -   185  590s
 11227  4140  150.00000   83  265          -  150.00000      -   183  595s
 11434  4268 infeasible  123               -  150.00000      -   181  600s
 11622  4342 infeasible   88               -  150.00000      -   180  605s
 11793  4425 infeasible  103               -  150.00000      -   179  610s
 11884  4440 infeasible  122               -  150.00000      -   180  615s
 12124  4431 infeasible  115               -  150.00000      -   177  620s
 12147  4426  150.00000  106  227          -  150.00000      -   177  629s
 12150  4427  150.00000  108  301          -  150.00000      -   177  630s
 12163  4422  150.00000  103  258          -  150.00000      -   178  635s
 12182  4421 infeasible  103               -  150.00000      -   178  640s
 12410  4467 infeasible  120               -  150.00000      -   176  645s
 12652  4487 infeasible  105               -  150.00000      -   173  650s
 13010  4541  150.00000   97  298          -  150.00000      -   170  655s
 13239  4590 infeasible  101               -  150.00000      -   168  660s
 13508  4660  150.00000   92  242          -  150.00000      -   166  665s
 13731  4707 infeasible   92               -  150.00000      -   164  670s
 13820  4704  150.00000   81  277          -  150.00000      -   164  675s
 13911  4724 infeasible   91               -  150.00000      -   164  680s
 14090  4796 infeasible  118               -  150.00000      -   163  685s
 14240  4847 infeasible   95               -  150.00000      -   163  690s
 14519  4857 infeasible   99               -  150.00000      -   161  695s
 14771  4848  150.00000  103  284          -  150.00000      -   159  700s
 14888  4848 infeasible   95               -  150.00000      -   159  705s
 14967  4865 infeasible  105               -  150.00000      -   159  710s
 15100  4904 infeasible   88               -  150.00000      -   159  715s
 15216  4924  150.00000   80  334          -  150.00000      -   159  720s
 15303  4957  150.00000  100  259          -  150.00000      -   159  725s
 15442  5042 infeasible   64               -  150.00000      -   159  730s
 15514  5088  150.00000   61  355          -  150.00000      -   160  735s
 15545  5099  150.00000   56  254          -  150.00000      -   162  740s
 15659  5160  150.00000   68  299          -  150.00000      -   162  745s
 15747  5146  150.00000   76  162          -  150.00000      -   162  750s
 15858  5191  150.00000   95  266          -  150.00000      -   162  755s
 15973  5189 infeasible   93               -  150.00000      -   162  760s
 16085  5235  150.00000  105  280          -  150.00000      -   162  765s
 16271  5306 infeasible   95               -  150.00000      -   162  770s
 16362  5295 infeasible   95               -  150.00000      -   162  775s
 16422  5290 infeasible   92               -  150.00000      -   163  780s
 16513  5295 infeasible   75               -  150.00000      -   163  785s
 16600  5296 infeasible  103               -  150.00000      -   163  790s
 16741  5346  150.00000   55   95          -  150.00000      -   163  795s
 16823  5409  150.00000  100  316          -  150.00000      -   164  800s
 16896  5436  150.00000   83  430          -  150.00000      -   164  805s
 17060  5520  150.00000   57  179          -  150.00000      -   163  810s
 17327  5681 infeasible  109               -  150.00000      -   162  815s
 17462  5756 infeasible   85               -  150.00000      -   163  820s
 17606  5815  150.00000  104  156          -  150.00000      -   162  825s
 17856  5968  150.00000   57  247          -  150.00000      -   162  830s
 18036  6081  150.00000   87  402          -  150.00000      -   161  835s
 18067  6105  150.00000  104  247          -  150.00000      -   161  842s
 18087  6115  150.00000   90  139          -  150.00000      -   161  845s
 18261  6207 infeasible   85               -  150.00000      -   161  850s
 18434  6298  150.00000   68  438          -  150.00000      -   161  855s
 18661  6422 infeasible   89               -  150.00000      -   160  860s
 18941  6559 infeasible   95               -  150.00000      -   159  865s
 19191  6647  150.00000   88  222          -  150.00000      -   159  870s
 19429  6731 infeasible   95               -  150.00000      -   158  875s
 19782  6878 infeasible  115               -  150.00000      -   157  880s
 19984  6964  150.00000   82  298          -  150.00000      -   157  885s
 20180  7040  150.00000   91  334          -  150.00000      -   157  890s
 20439  7125 infeasible  119               -  150.00000      -   155  895s
 20786  7266  150.00000  105  230          -  150.00000      -   154  900s
 20971  7356  150.00000   74  264          -  150.00000      -   154  905s
 21005  7367 infeasible   91               -  150.00000      -   155  910s
 21090  7394 infeasible   80               -  150.00000      -   155  915s
 21433  7562 infeasible  120               -  150.00000      -   153  920s
 21633  7632 infeasible  117               -  150.00000      -   153  925s
 21825  7694 infeasible  110               -  150.00000      -   153  930s
 22031  7783  147.79735  106  426          -  150.00000      -   152  935s
 22175  7829 infeasible  115               -  150.00000      -   152  940s
 22333  7880  150.00000   95  176          -  150.00000      -   152  945s
 22637  7997 infeasible  103               -  150.00000      -   151  950s
 22866  8085 infeasible  136               -  150.00000      -   151  955s
 23078  8170  150.00000   96  222          -  150.00000      -   150  960s
 23217  8216 infeasible   96               -  150.00000      -   150  965s
 23392  8275  150.00000   84  289          -  150.00000      -   150  970s
 23474  8297  150.00000   91  288          -  150.00000      -   150  975s
 23671  8392  150.00000  108  208          -  150.00000      -   150  980s
 23862  8473  150.00000  125  276          -  150.00000      -   150  985s
 23989  8513 infeasible   93               -  150.00000      -   150  990s
 24209  8580 infeasible  112               -  150.00000      -   149  995s
 24405  8648 infeasible  115               -  150.00000      -   149 1000s
 24607  8696  150.00000   91  172          -  150.00000      -   149 1005s
 24838  8770  150.00000   89  163          -  150.00000      -   148 1010s
 24860  8786  150.00000  103  270          -  150.00000      -   148 1019s
 24862  8784 infeasible  102               -  150.00000      -   148 1020s
 24914  8796 infeasible  116               -  150.00000      -   149 1025s
 24998  8838  150.00000   88  160          -  150.00000      -   149 1030s
 25172  8939 infeasible   75               -  150.00000      -   149 1035s
 25362  9044  150.00000  121  217          -  150.00000      -   148 1040s
 25550  9104  150.00000   76  243          -  150.00000      -   148 1045s
 25668  9173  150.00000   62  355          -  150.00000      -   148 1050s
 25821  9251  150.00000   80  282          -  150.00000      -   148 1055s
 25892  9295  150.00000   75  189          -  150.00000      -   149 1060s
 25980  9348  150.00000   75  135          -  150.00000      -   149 1065s
 26157  9436 infeasible  102               -  150.00000      -   149 1070s
 26314  9489  150.00000   75  223          -  150.00000      -   149 1075s
 26413  9551 infeasible  104               -  150.00000      -   150 1080s
 26506  9593 infeasible   84               -  150.00000      -   150 1085s
 26658  9660 infeasible  104               -  150.00000      -   150 1090s
 26814  9739  150.00000   92  229          -  150.00000      -   150 1095s
 27044  9863  150.00000   83  279          -  150.00000      -   150 1100s
 27164  9914  150.00000   82  337          -  150.00000      -   150 1105s
 27322  9995  150.00000   86  373          -  150.00000      -   150 1110s
 27466 10063  150.00000   75  150          -  150.00000      -   150 1115s
 27630 10178 infeasible   95               -  150.00000      -   151 1120s
 27674 10198 infeasible   94               -  150.00000      -   151 1125s
 27799 10241 infeasible  101               -  150.00000      -   151 1130s
 27901 10281 infeasible   90               -  150.00000      -   152 1135s
 28083 10336  150.00000  102  302          -  150.00000      -   151 1140s
 28212 10365 infeasible   85               -  150.00000      -   152 1145s
 28354 10448  147.54334  107  343          -  150.00000      -   152 1150s
 28519 10537  150.00000   95  135          -  150.00000      -   152 1155s
 28717 10649  150.00000   76  215          -  150.00000      -   152 1160s
 28871 10727  150.00000   88  229          -  150.00000      -   152 1165s
 29198 10860  150.00000   87  225          -  150.00000      -   151 1170s
 29505 11013  150.00000  103  302          -  150.00000      -   150 1175s
 29922 11146  150.00000  122  220          -  150.00000      -   149 1180s
 30276 11275 infeasible  111               -  150.00000      -   148 1185s
 30574 11376 infeasible   97               -  150.00000      -   147 1190s
 30645 11396 infeasible  105               -  150.00000      -   148 1195s
 30772 11467  150.00000   78  193          -  150.00000      -   148 1200s
 30965 11542  150.00000   75   97          -  150.00000      -   148 1205s
 31407 11775  150.00000   98  233          -  150.00000      -   147 1210s
 31797 11915  149.00000   90  285          -  150.00000      -   146 1215s
 32125 12039  145.93781   85  344          -  150.00000      -   145 1220s
 32591 12234 infeasible  110               -  150.00000      -   144 1225s
 33103 12417 infeasible  124               -  150.00000      -   142 1230s
 33634 12628 infeasible   89               -  150.00000      -   141 1235s
 33900 12738  150.00000   92  356          -  150.00000      -   140 1240s
 34204 12851  150.00000   93  281          -  150.00000      -   140 1245s
 34324 12905  150.00000  102  243          -  150.00000      -   140 1253s
 34341 12908 infeasible   90               -  150.00000      -   140 1255s
 34392 12939 infeasible  112               -  150.00000      -   140 1260s
 34615 13030  150.00000  105  239          -  150.00000      -   140 1265s
 34933 13158 infeasible  114               -  150.00000      -   139 1270s
 35129 13205  150.00000   55  121          -  150.00000      -   139 1275s
 35209 13260  150.00000   66  295          -  150.00000      -   140 1280s
 35361 13304 infeasible  105               -  150.00000      -   140 1285s
 35547 13337 infeasible  119               -  150.00000      -   139 1290s
 35709 13328 infeasible  123               -  150.00000      -   139 1295s
 35880 13342  150.00000  116  319          -  150.00000      -   139 1300s
 36086 13336 infeasible  118               -  150.00000      -   139 1305s
 36334 13386 infeasible  105               -  150.00000      -   138 1310s
 36565 13482  150.00000   96  164          -  150.00000      -   138 1315s
 36901 13594  150.00000  101  266          -  150.00000      -   138 1320s
 37131 13677  150.00000   69  446          -  150.00000      -   137 1325s
 37350 13741  150.00000  118  170          -  150.00000      -   137 1330s
 37550 13816 infeasible  118               -  150.00000      -   137 1335s
 37733 13889 infeasible  115               -  150.00000      -   137 1340s
 38030 14036 infeasible   95               -  150.00000      -   137 1345s
 38216 14083 infeasible   81               -  150.00000      -   136 1350s
 38405 14121  150.00000   84  277          -  150.00000      -   136 1355s
 38607 14225  150.00000   92  249          -  150.00000      -   136 1360s
 38828 14300 infeasible   94               -  150.00000      -   136 1365s
 39066 14343  150.00000  100  278          -  150.00000      -   136 1370s
 39264 14335 infeasible   94               -  150.00000      -   136 1375s
 39476 14395  150.00000  108  281          -  150.00000      -   136 1380s
 39480 14399  150.00000  112  283          -  150.00000      -   136 1391s
 39517 14368 infeasible   92               -  150.00000      -   136 1395s
 39535 14364  150.00000   86  263          -  150.00000      -   136 1400s
 39567 14370 infeasible   98               -  150.00000      -   136 1405s
 39630 14369  150.00000   85  271          -  150.00000      -   136 1410s
 39740 14405  150.00000   62  224          -  150.00000      -   137 1415s
 39964 14440 infeasible  108               -  150.00000      -   136 1420s
 40298 14506 infeasible  102               -  150.00000      -   136 1425s
 40808 14512 infeasible  114               -  150.00000      -   134 1431s
 41091 14502 infeasible  106               -  150.00000      -   134 1435s
 41355 14549 infeasible   89               -  150.00000      -   133 1440s
 41526 14639  150.00000   45  104          -  150.00000      -   134 1445s
 41709 14771  150.00000   62  432          -  150.00000      -   134 1450s
 42020 14930  150.00000   80  302          -  150.00000      -   133 1455s
 42187 15023 infeasible   85               -  150.00000      -   134 1460s
 42258 15053 infeasible   75               -  150.00000      -   134 1465s
 42379 15129  150.00000   75  202          -  150.00000      -   134 1470s
 42496 15189  150.00000   65   68          -  150.00000      -   134 1475s
 42631 15273  150.00000   92  272          -  150.00000      -   135 1480s
 42802 15364 infeasible   98               -  150.00000      -   135 1485s
 42950 15422 infeasible  116               -  150.00000      -   135 1490s
 43089 15450  150.00000   96  384          -  150.00000      -   135 1495s
 43298 15490  150.00000  138  313          -  150.00000      -   135 1500s
 43500 15556  150.00000   75  234          -  150.00000      -   135 1505s
 43773 15598  150.00000   33  567          -  150.00000      -   134 1510s
 43989 15767 infeasible  100               -  150.00000      -   134 1515s
 44206 15867  150.00000   55  284          -  150.00000      -   134 1520s
 44337 15938  150.00000   66  327          -  150.00000      -   135 1525s
 44488 16001 infeasible   78               -  150.00000      -   135 1530s
 44680 16124  150.00000   75  243          -  150.00000      -   135 1535s
 44872 16221  150.00000   75  231          -  150.00000      -   135 1540s
 44964 16287 infeasible   63               -  150.00000      -   136 1545s
 45069 16364  150.00000   77  343          -  150.00000      -   136 1550s
 45215 16451 infeasible   65               -  150.00000      -   136 1555s
 45268 16467  150.00000   71  403          -  150.00000      -   137 1560s
 45440 16565  150.00000   50  393          -  150.00000      -   137 1565s
 45648 16688  150.00000   85  171          -  150.00000      -   137 1570s
 45762 16757  150.00000   98  268          -  150.00000      -   137 1575s
 45909 16824  150.00000   76  163          -  150.00000      -   137 1581s
 46061 16905 infeasible   75               -  150.00000      -   137 1585s
 46197 16979 infeasible   85               -  150.00000      -   138 1590s
 46331 17021 infeasible   72               -  150.00000      -   138 1595s
 46475 17077  149.65606   73  389          -  150.00000      -   138 1600s
 46537 17098  150.00000   67  294          -  150.00000      -   138 1605s
 46757 17186 infeasible   86               -  150.00000      -   138 1610s
 46964 17286  150.00000   55  143          -  150.00000      -   138 1615s
 47132 17401 infeasible   84               -  150.00000      -   138 1620s
 47228 17451  148.75343   67  430          -  150.00000      -   139 1625s
 47344 17502 infeasible   83               -  150.00000      -   139 1630s
 47520 17564 infeasible   85               -  150.00000      -   139 1635s
 47804 17660  150.00000   63  251          -  150.00000      -   139 1640s
 48064 17780 infeasible   83               -  150.00000      -   139 1645s
 48343 17895 infeasible   62               -  150.00000      -   139 1650s
 48588 17969  150.00000   86  217          -  150.00000      -   138 1655s
 48785 17973 infeasible   84               -  150.00000      -   138 1660s
 49002 18004  150.00000   96  218          -  150.00000      -   138 1665s
 49187 18024 infeasible   85               -  150.00000      -   138 1670s
 49307 18036 infeasible   79               -  150.00000      -   138 1675s
 49551 18059  150.00000   87  240          -  150.00000      -   138 1685s
 49580 18056 infeasible   93               -  150.00000      -   138 1690s
 49736 18072 infeasible   85               -  150.00000      -   138 1695s
 49826 18065  150.00000   71  175          -  150.00000      -   138 1700s
 50155 18129 infeasible   95               -  150.00000      -   138 1705s
 50365 18105 infeasible   81               -  150.00000      -   137 1710s
 50647 18112 infeasible   75               -  150.00000      -   137 1715s
 50815 18161  150.00000   75  270          -  150.00000      -   137 1720s
 51010 18223  150.00000   98  165          -  150.00000      -   137 1726s
 51156 18244 infeasible   84               -  150.00000      -   137 1730s
 51268 18282 infeasible  108               -  150.00000      -   137 1735s
 51462 18326  150.00000   83  400          -  150.00000      -   137 1740s
 51581 18342 infeasible   66               -  150.00000      -   137 1745s
 51739 18426 infeasible   97               -  150.00000      -   137 1750s
 51937 18496 infeasible   75               -  150.00000      -   137 1755s
 52135 18571 infeasible   85               -  150.00000      -   137 1760s
 52388 18594 infeasible   80               -  150.00000      -   137 1765s
 52566 18625 infeasible   97               -  150.00000      -   137 1770s
 52745 18675 infeasible  134               -  150.00000      -   137 1775s
 52925 18645 infeasible  121               -  150.00000      -   137 1780s
 53193 18699 infeasible   85               -  150.00000      -   137 1785s
 53236 18695 infeasible   79               -  150.00000      -   137 1790s
 53461 18696  150.00000   85  241          -  150.00000      -   137 1795s
 53668 18786  150.00000   85  107          -  150.00000      -   137 1800s
 53908 18811 infeasible   80               -  150.00000      -   137 1805s
 54185 18890 infeasible  132               -  150.00000      -   137 1810s
 54603 18889 infeasible   87               -  150.00000      -   136 1815s
 54776 18913  150.00000   72  357          -  150.00000      -   136 1820s
 54979 18904 infeasible  106               -  150.00000      -   136 1825s
 55221 18932 infeasible   88               -  150.00000      -   136 1830s
 55376 18997  150.00000   84  351          -  150.00000      -   136 1835s
 55404 18999  150.00000   86  297          -  150.00000      -   136 1846s
 55428 18989 infeasible   84               -  150.00000      -   136 1850s
 55452 18991  150.00000   82  279          -  150.00000      -   136 1855s
 55526 19009 infeasible  109               -  150.00000      -   136 1860s
 55686 19080  150.00000   75  211          -  150.00000      -   136 1865s
 55825 19136 infeasible   95               -  150.00000      -   136 1870s
 56052 19203  150.00000   82  349          -  150.00000      -   136 1875s
 56245 19303 infeasible  111               -  150.00000      -   136 1880s
 56519 19459  150.00000   85  152          -  150.00000      -   136 1885s
 56742 19565  150.00000   85  201          -  150.00000      -   136 1890s
 56913 19651 infeasible   99               -  150.00000      -   136 1895s
 57258 19800  150.00000   83  281          -  150.00000      -   136 1900s
 57731 20086  150.00000   80  118          -  150.00000      -   135 1905s
 58300 20363  150.00000   97  378          -  150.00000      -   134 1910s
 58821 20593  150.00000  122  275          -  150.00000      -   133 1915s
 59225 20779  150.00000  122  255          -  150.00000      -   133 1920s
 59807 21011  150.00000  102  167          -  150.00000      -   132 1925s
 60411 21226  149.98744  126  231          -  150.00000      -   131 1930s
 60850 21283 infeasible  114               -  150.00000      -   131 1935s
 61212 21456  150.00000  107  202          -  150.00000      -   130 1941s
 61388 21549  150.00000   77  174          -  150.00000      -   130 1945s
 61717 21731  150.00000   55   75          -  150.00000      -   130 1950s
 61972 21899  150.00000   89  319          -  150.00000      -   130 1955s
 62255 21983  150.00000   79  277          -  150.00000      -   130 1960s
 62545 22075  150.00000   52  202          -  150.00000      -   129 1965s
 62846 22111  150.00000   52  200          -  150.00000      -   129 1970s
 63313 22378 infeasible   75               -  150.00000      -   129 1975s
 63598 22355 infeasible   81               -  150.00000      -   129 1980s
 63853 22508  150.00000   90  405          -  150.00000      -   129 1985s
 64072 22616 infeasible   95               -  150.00000      -   129 1990s
 64172 22647  150.00000   96  356          -  150.00000      -   129 1995s
 64313 22654  150.00000  105  158          -  150.00000      -   129 2000s
 64619 22692 infeasible  124               -  150.00000      -   129 2005s
 64903 22685 infeasible   93               -  150.00000      -   129 2010s
 65142 22678 infeasible  101               -  150.00000      -   128 2015s
 65416 22708 infeasible  153               -  150.00000      -   128 2020s
 65761 22698 infeasible  151               -  150.00000      -   128 2025s
 66155 22699 infeasible  150               -  150.00000      -   127 2030s
 66325 22696 infeasible  146               -  150.00000      -   127 2035s
 66440 22690 infeasible   75               -  150.00000      -   127 2040s
 66630 22744  150.00000   57  333          -  150.00000      -   127 2045s
 66768 22770  150.00000   64  307          -  150.00000      -   128 2050s
 66896 22817  150.00000   65  173          -  150.00000      -   128 2055s
 67126 22865 infeasible   90               -  150.00000      -   128 2060s
 67675 23019 infeasible   79               -  150.00000      -   127 2065s
 68171 23161 infeasible  107               -  150.00000      -   126 2070s
 68318 23257  150.00000   83  400          -  150.00000      -   127 2075s
 68548 23352  150.00000   53  204          -  150.00000      -   127 2080s
 68799 23486 infeasible   77               -  150.00000      -   127 2085s
 69128 23673  150.00000   55  201          -  150.00000      -   126 2090s
 69305 23790 infeasible   96               -  150.00000      -   127 2095s
 69683 23907  150.00000   55  218          -  150.00000      -   126 2100s
 69776 23966  150.00000   73  336          -  150.00000      -   127 2110s
 69805 23981  150.00000   77  302          -  150.00000      -   127 2115s
 69962 24058  150.00000   45  107          -  150.00000      -   127 2120s
 70197 24201  150.00000   64  309          -  150.00000      -   127 2125s
 70441 24347  150.00000   65  212          -  150.00000      -   127 2130s
 70581 24427  150.00000   75  191          -  150.00000      -   127 2135s
 70810 24588 infeasible   91               -  150.00000      -   127 2140s
 70966 24679  150.00000   65  250          -  150.00000      -   127 2145s
 71162 24820  150.00000  115  215          -  150.00000      -   127 2150s
 71414 24965 infeasible   65               -  150.00000      -   127 2156s
 71577 25059 infeasible   93               -  150.00000      -   127 2160s
 71782 25152  150.00000   52  353          -  150.00000      -   127 2165s
 71888 25231  150.00000   52  484          -  150.00000      -   127 2170s
 72085 25360 infeasible   98               -  150.00000      -   127 2175s
 72266 25462 infeasible   75               -  150.00000      -   127 2180s
 72293 25470 infeasible   83               -  150.00000      -   127 2185s
 72449 25589 infeasible  105               -  150.00000      -   127 2190s
 72511 25612  150.00000   68  396          -  150.00000      -   128 2195s
 72664 25668  150.00000   78  292          -  150.00000      -   128 2200s
 72961 25795 infeasible   91               -  150.00000      -   128 2205s
 73219 25929  149.00000   98  281          -  150.00000      -   128 2210s
 73398 26020 infeasible  116               -  150.00000      -   128 2215s
 73505 26072  150.00000   75  182          -  150.00000      -   128 2220s
 73651 26133 infeasible   99               -  150.00000      -   128 2225s
 73787 26175  150.00000   75  259          -  150.00000      -   128 2230s
 73953 26210  150.00000   75  251          -  150.00000      -   128 2235s
 74112 26299 infeasible   97               -  150.00000      -   128 2240s
 74216 26353  150.00000   71  356          -  150.00000      -   129 2245s
 74335 26411 infeasible   98               -  150.00000      -   129 2250s
 74574 26503  150.00000   66  264          -  150.00000      -   129 2266s
 74591 26518  150.00000   78  225          -  150.00000      -   129 2270s
 74641 26532  150.00000   62  326          -  150.00000      -   129 2275s
 74738 26590  150.00000   71  302          -  150.00000      -   129 2280s
 74865 26651  150.00000   91  388          -  150.00000      -   129 2285s
 75241 26654 infeasible   90               -  150.00000      -   129 2290s
 75563 26643 infeasible   88               -  150.00000      -   128 2295s
 75755 26690 infeasible   99               -  150.00000      -   128 2300s
 76037 26730  150.00000   75  271          -  150.00000      -   128 2305s
 76200 26764  149.53171  101  258          -  150.00000      -   128 2310s
 76345 26762 infeasible   97               -  150.00000      -   128 2315s
 76515 26747  150.00000   90  217          -  150.00000      -   128 2322s
 76658 26801 infeasible  106               -  150.00000      -   128 2325s
 76771 26803  150.00000   91  127          -  150.00000      -   129 2330s
 77022 26808 infeasible  104               -  150.00000      -   129 2335s
 77340 26802  150.00000   93  273          -  150.00000      -   128 2340s
 77563 26817  150.00000  112  233          -  150.00000      -   128 2345s
 77761 26877  150.00000   76  274          -  150.00000      -   128 2350s
 77978 26938 infeasible   73               -  150.00000      -   128 2355s
 78186 27005  150.00000   84  385          -  150.00000      -   128 2360s
 78431 27109 infeasible   97               -  150.00000      -   128 2365s
 78712 27241 infeasible   85               -  150.00000      -   128 2370s
 78932 27297  150.00000   82  332          -  150.00000      -   128 2375s
 79174 27373 infeasible   85               -  150.00000      -   128 2380s
 79474 27466  150.00000   75  177          -  150.00000      -   128 2385s
 79683 27541 infeasible   64               -  150.00000      -   128 2390s
 79840 27605  150.00000   69  275          -  150.00000      -   128 2395s
 80097 27738 infeasible   99               -  150.00000      -   128 2400s
 80234 27785 infeasible   67               -  150.00000      -   129 2405s
 80324 27812 infeasible   75               -  150.00000      -   129 2410s
 80551 27935  149.90452   88  246          -  150.00000      -   129 2415s
 80687 27986  150.00000   55  159          -  150.00000      -   129 2420s
 80865 28095 infeasible   75               -  150.00000      -   129 2425s
 81048 28170 infeasible   60               -  150.00000      -   129 2430s
 81245 28245 infeasible   85               -  150.00000      -   129 2435s
 81367 28324 infeasible   65               -  150.00000      -   130 2440s
 81517 28416  148.00000   70  273          -  150.00000      -   130 2445s
 81682 28458 infeasible  102               -  150.00000      -   130 2450s
 81806 28498  150.00000   65  265          -  150.00000      -   130 2455s
 81901 28529  150.00000   65  164          -  150.00000      -   130 2460s
 82092 28628 infeasible   85               -  150.00000      -   130 2465s
 82206 28696  150.00000   65  241          -  150.00000      -   130 2470s
 82428 28761 infeasible  111               -  150.00000      -   130 2475s
 82865 28788 infeasible  106               -  150.00000      -   130 2480s
 83095 28773  150.00000   83  284          -  150.00000      -   130 2485s
 83349 28797 infeasible   85               -  150.00000      -   130 2490s
 83783 28815 infeasible  119               -  150.00000      -   129 2495s
 84257 28804 infeasible  102               -  150.00000      -   129 2500s
 84658 28803  150.00000   98  235          -  150.00000      -   128 2505s
 85230 28810 infeasible   90               -  150.00000      -   128 2510s
 85349 28816 infeasible   85               -  150.00000      -   128 2515s
 85526 28879 infeasible   75               -  150.00000      -   128 2520s
 85616 28886  150.00000   85  192          -  150.00000      -   128 2525s
 85874 28956 infeasible   92               -  150.00000      -   128 2530s
 86144 28994 infeasible   94               -  150.00000      -   128 2535s
 86259 29000  149.54217  108  345          -  150.00000      -   128 2540s
 86382 29020 infeasible   84               -  150.00000      -   128 2545s
 86632 29084 infeasible   95               -  150.00000      -   128 2550s
 86717 29089  150.00000  103  255          -  150.00000      -   128 2556s
 86990 29184  150.00000   90  296          -  150.00000      -   128 2560s
 87230 29268  150.00000   65  217          -  150.00000      -   128 2565s
 87405 29333 infeasible  114               -  150.00000      -   128 2570s
 87625 29403  150.00000   63  336          -  150.00000      -   128 2575s
 87966 29536 infeasible   92               -  150.00000      -   128 2580s
 88085 29510 infeasible   82               -  150.00000      -   128 2585s
 88279 29520 infeasible   82               -  150.00000      -   128 2590s
 88301 29532  150.00000   97  214          -  150.00000      -   128 2597s
 88346 29487 infeasible   89               -  150.00000      -   128 2600s
 88393 29456  150.00000   72  280          -  150.00000      -   128 2605s
 88463 29458 infeasible   75               -  150.00000      -   128 2610s
 88676 29470 infeasible   73               -  150.00000      -   128 2615s
 88838 29521 infeasible   83               -  150.00000      -   128 2620s
 89073 29559 infeasible   68               -  150.00000      -   128 2625s
 89128 29575 infeasible   75               -  150.00000      -   129 2630s
 89357 29612 infeasible   75               -  150.00000      -   129 2635s
 89566 29691  150.00000   66  556          -  150.00000      -   129 2640s
 89688 29754  150.00000   62  309          -  150.00000      -   129 2645s
 89756 29769 infeasible   65               -  150.00000      -   129 2650s
 89937 29821  150.00000   93  255          -  150.00000      -   129 2655s
 90030 29824 infeasible   80               -  150.00000      -   130 2660s
 90172 29850 infeasible   75               -  150.00000      -   130 2665s
 90362 29881  150.00000   70  269          -  150.00000      -   130 2670s
 90577 29957 infeasible  115               -  150.00000      -   130 2675s
 90685 29979 infeasible   80               -  150.00000      -   130 2680s
 90866 30058 infeasible   92               -  150.00000      -   130 2685s
 91082 30166 infeasible   65               -  150.00000      -   130 2690s
 91174 30215  150.00000   67  228          -  150.00000      -   130 2695s
 91514 30397 infeasible   95               -  150.00000      -   130 2700s
 91669 30423  150.00000   86  396          -  150.00000      -   130 2705s
 91818 30454  150.00000  102  293          -  150.00000      -   130 2710s
 92163 30451  150.00000  100  321          -  150.00000      -   130 2715s
 92602 30479  150.00000  101  241          -  150.00000      -   130 2720s
 93040 30454 infeasible   96               -  150.00000      -   129 2725s
 93319 30449  149.82289   98  383          -  150.00000      -   129 2730s
 93459 30434 infeasible   85               -  150.00000      -   129 2735s
 93564 30442 infeasible  105               -  150.00000      -   129 2740s
 93743 30473 infeasible  117               -  150.00000      -   129 2745s
 93954 30468 infeasible  112               -  150.00000      -   129 2750s
 94176 30480 infeasible  122               -  150.00000      -   129 2755s
 94347 30470 infeasible  105               -  150.00000      -   129 2760s
 94519 30478 infeasible   83               -  150.00000      -   129 2765s
 94609 30511  150.00000   77  465          -  150.00000      -   129 2773s
 94616 30508  150.00000   71  209          -  150.00000      -   129 2775s
 94726 30539  150.00000   55  181          -  150.00000      -   129 2780s
 94969 30644  150.00000   60  325          -  150.00000      -   129 2785s
 95041 30655  150.00000   51  269          -  150.00000      -   130 2790s
 95244 30788 infeasible   74               -  150.00000      -   130 2795s
 95346 30860  150.00000   75  262          -  150.00000      -   130 2800s
 95552 30981  150.00000   65  215          -  150.00000      -   130 2805s
 95676 31057  150.00000   70  326          -  150.00000      -   130 2810s
 95842 31155  150.00000   66  257          -  150.00000      -   130 2815s
 95955 31224 infeasible   87               -  150.00000      -   130 2820s
 96133 31306 infeasible  105               -  150.00000      -   130 2825s
 96268 31354  150.00000   81  337          -  150.00000      -   130 2830s
 96459 31447 infeasible  103               -  150.00000      -   130 2835s
 96607 31519 infeasible   75               -  150.00000      -   130 2840s
 96684 31535  150.00000   62  303          -  150.00000      -   130 2845s
 96794 31617  150.00000   63  364          -  150.00000      -   131 2850s
 96822 31645  150.00000   79  278          -  150.00000      -   131 2855s
 97035 31742  150.00000   63  321          -  150.00000      -   131 2860s
 97167 31807  150.00000   75  196          -  150.00000      -   131 2865s
 97267 31814 infeasible   79               -  150.00000      -   131 2870s
 97345 31828  150.00000   75  124          -  150.00000      -   131 2875s
 97422 31871  150.00000   77  320          -  150.00000      -   131 2880s
 97477 31884  150.00000   89  240          -  150.00000      -   131 2885s
 97540 31890 infeasible   85               -  150.00000      -   131 2890s
 97625 31896  150.00000   95  250          -  150.00000      -   131 2895s
 97694 31901  150.00000   74  356          -  150.00000      -   131 2900s
 97809 31924  150.00000   84  338          -  150.00000      -   132 2905s
 97812 31926  150.00000   85  261          -  150.00000      -   132 2912s
 97831 31923  150.00000   84  385          -  150.00000      -   132 2915s
 97887 31903 infeasible   87               -  150.00000      -   132 2920s
 97955 31903 infeasible   85               -  150.00000      -   132 2925s
 98028 31919 infeasible   80               -  150.00000      -   132 2930s
 98143 31916 infeasible   82               -  150.00000      -   132 2935s
 98229 31918 infeasible   76               -  150.00000      -   132 2940s
 98350 31918  150.00000   79  197          -  150.00000      -   132 2945s
 98542 31920 infeasible   91               -  150.00000      -   132 2950s
 98685 31904 infeasible   85               -  150.00000      -   132 2955s
 98854 31909 infeasible   93               -  150.00000      -   132 2960s
 98918 31902  149.44770   78  393          -  150.00000      -   132 2965s
 99046 31940 infeasible   92               -  150.00000      -   132 2970s
 99208 31984  150.00000   87  418          -  150.00000      -   132 2975s
 99399 31953 infeasible   91               -  150.00000      -   132 2980s
 99565 31975 infeasible   90               -  150.00000      -   132 2985s
 99709 32003 infeasible   93               -  150.00000      -   132 2990s
 99870 31993 infeasible   95               -  150.00000      -   132 2995s
 100139 31965 infeasible   85               -  150.00000      -   132 3000s
 100365 31970 infeasible   93               -  150.00000      -   132 3005s
 100594 31975  150.00000   98  223          -  150.00000      -   132 3010s
 100832 31964 infeasible   88               -  150.00000      -   131 3015s
 101009 31972 infeasible   85               -  150.00000      -   131 3020s
 101152 31961  150.00000   81  397          -  150.00000      -   131 3025s
 101280 31964 infeasible   95               -  150.00000      -   132 3030s
 101464 32018  150.00000   82  328          -  150.00000      -   131 3035s
 101652 32006 infeasible   95               -  150.00000      -   131 3040s
 101802 32017  150.00000   96  302          -  150.00000      -   131 3045s
 102020 32048  150.00000  114  202          -  150.00000      -   131 3051s
 102199 32028 infeasible   93               -  150.00000      -   131 3055s
 102414 32013  150.00000   86  268          -  150.00000      -   131 3060s
 102567 32056 infeasible   95               -  150.00000      -   131 3065s
 102746 32059  150.00000  101  349          -  150.00000      -   131 3070s
 102946 32067 infeasible   96               -  150.00000      -   131 3075s
 103077 32053  150.00000  101  297          -  150.00000      -   131 3090s
 103121 32021 infeasible  105               -  150.00000      -   131 3095s
 103159 32005 infeasible   91               -  150.00000      -   131 3100s
 103186 32000  149.76841   77  283          -  150.00000      -   131 3105s
 103220 32002  150.00000   86  347          -  150.00000      -   131 3110s
 103369 32052 infeasible   83               -  150.00000      -   131 3115s
 103521 32039 infeasible   91               -  150.00000      -   131 3120s
 103695 32071 infeasible  105               -  150.00000      -   131 3125s
 103898 32120  150.00000  137  244          -  150.00000      -   131 3130s
 104284 32183  150.00000  136  196          -  150.00000      -   131 3135s
 104603 32171 infeasible  141               -  150.00000      -   131 3140s
 105036 32182 infeasible  143               -  150.00000      -   130 3145s
 105392 32162 infeasible  147               -  150.00000      -   130 3150s
 105617 32157 infeasible  120               -  150.00000      -   130 3155s
 105838 32180 infeasible  117               -  150.00000      -   130 3160s
 106070 32175  150.00000  122  269          -  150.00000      -   130 3165s
 106363 32182 infeasible  127               -  150.00000      -   129 3170s
 106742 32248  150.00000  144  277          -  150.00000      -   129 3175s
 107038 32183 infeasible  139               -  150.00000      -   129 3180s
 107365 32156 infeasible  132               -  150.00000      -   129 3185s
 107557 32142 infeasible  104               -  150.00000      -   129 3190s
 107750 32163 infeasible  102               -  150.00000      -   129 3195s
 107898 32164 infeasible  105               -  150.00000      -   129 3200s
 108258 32225 infeasible  107               -  150.00000      -   128 3205s
 108487 32178  150.00000  114  295          -  150.00000      -   128 3210s
 108703 32198 infeasible  107               -  150.00000      -   128 3215s
 108822 32178 infeasible   86               -  150.00000      -   128 3220s
 109009 32224  150.00000   88  281          -  150.00000      -   128 3225s
 109194 32242 infeasible  103               -  150.00000      -   128 3230s
 109384 32248 infeasible  108               -  150.00000      -   128 3235s
 109572 32238 infeasible  112               -  150.00000      -   128 3240s
 109781 32289 infeasible  130               -  150.00000      -   128 3245s
 110024 32316 infeasible  110               -  150.00000      -   128 3250s
 110302 32342 infeasible  132               -  150.00000      -   128 3255s
 110470 32348 infeasible  109               -  150.00000      -   128 3260s
 110665 32329 infeasible   98               -  150.00000      -   128 3265s
 110850 32312 infeasible   99               -  150.00000      -   128 3270s
 111051 32345 infeasible  115               -  150.00000      -   127 3275s
 111247 32340  150.00000   90  290          -  150.00000      -   127 3280s
 111371 32318 infeasible   88               -  150.00000      -   127 3285s
 111537 32363  148.85474   95  274          -  150.00000      -   127 3290s
 111673 32398 infeasible   90               -  150.00000      -   128 3295s
 111874 32427 infeasible   95               -  150.00000      -   127 3300s
 112112 32458 infeasible  123               -  150.00000      -   127 3305s
 112343 32446  150.00000  104  302          -  150.00000      -   127 3310s
 112494 32440  150.00000  118  243          -  150.00000      -   127 3315s
 112727 32433 infeasible  113               -  150.00000      -   127 3320s
 112898 32466  150.00000   86  281          -  150.00000      -   127 3325s
 113054 32497  150.00000  110  247          -  150.00000      -   127 3330s
 113325 32502 infeasible  110               -  150.00000      -   127 3335s
 113509 32460 infeasible  110               -  150.00000      -   127 3340s
 113617 32460 infeasible  104               -  150.00000      -   127 3345s
 113751 32482  150.00000   95  196          -  150.00000      -   127 3350s
 113925 32492 infeasible  104               -  150.00000      -   127 3355s
 114037 32502 infeasible  114               -  150.00000      -   127 3360s
 114053 32504  150.00000   89  346          -  150.00000      -   127 3370s
 114091 32504  150.00000   89  216          -  150.00000      -   127 3375s
 114118 32503  148.88325   90  381          -  150.00000      -   127 3380s
 114268 32520 infeasible  105               -  150.00000      -   127 3385s
 114432 32556 infeasible  113               -  150.00000      -   127 3390s
 114620 32582 infeasible  105               -  150.00000      -   127 3395s
 114764 32577  150.00000  106  340          -  150.00000      -   127 3400s
 114969 32622 infeasible  124               -  150.00000      -   127 3405s
 115052 32591 infeasible  102               -  150.00000      -   127 3410s
 115183 32588 infeasible  111               -  150.00000      -   127 3415s
 115315 32570 infeasible  101               -  150.00000      -   127 3420s
 115509 32618  149.35944  111  319          -  150.00000      -   127 3425s
 115646 32605 infeasible  107               -  150.00000      -   127 3430s
 115772 32587 infeasible  102               -  150.00000      -   127 3435s
 115981 32607 infeasible   93               -  150.00000      -   127 3440s
 116114 32622 infeasible  134               -  150.00000      -   127 3445s
 116245 32634 infeasible  115               -  150.00000      -   127 3450s
 116420 32638 infeasible  110               -  150.00000      -   127 3455s
 116582 32632  149.30734  103  398          -  150.00000      -   127 3460s
 116745 32660 infeasible   97               -  150.00000      -   127 3465s
 116988 32679 infeasible  109               -  150.00000      -   127 3470s
 117265 32684 infeasible  117               -  150.00000      -   127 3475s
 117536 32685 infeasible  124               -  150.00000      -   127 3480s
 117790 32662  150.00000   91  274          -  150.00000      -   127 3485s
 118034 32712 infeasible  102               -  150.00000      -   126 3492s
 118131 32691 infeasible  106               -  150.00000      -   126 3495s
 118338 32675  150.00000  109  278          -  150.00000      -   126 3500s
 118512 32651 infeasible  100               -  150.00000      -   126 3505s
 118693 32670  150.00000   99  248          -  150.00000      -   126 3510s
 118829 32657 infeasible   99               -  150.00000      -   126 3515s
 118981 32680  150.00000   92  251          -  150.00000      -   126 3520s
 119118 32668 infeasible   96               -  150.00000      -   126 3525s
 119227 32672 infeasible   95               -  150.00000      -   126 3530s
 119392 32695 infeasible  106               -  150.00000      -   126 3535s
 119596 32699 infeasible  121               -  150.00000      -   126 3540s
 119785 32690  150.00000  100  284          -  150.00000      -   126 3545s
 119911 32679 infeasible  106               -  150.00000      -   126 3550s
 120061 32690 infeasible   83               -  150.00000      -   126 3555s
 120201 32687 infeasible  107               -  150.00000      -   126 3560s
 120328 32718 infeasible   91               -  150.00000      -   126 3565s
 120484 32741  150.00000  117  265          -  150.00000      -   126 3570s
 120721 32759  150.00000  110  234          -  150.00000      -   126 3575s
 120855 32751 infeasible  109               -  150.00000      -   126 3580s
 120935 32730 infeasible   99               -  150.00000      -   126 3585s
 121120 32754 infeasible   85               -  150.00000      -   126 3590s
 121182 32778  150.00000   83  270          -  150.00000      -   126 3595s
 121292 32775  150.00000   81  290          -  150.00000      -   126 3600s

Cutting planes:
  Gomory: 6
  Cover: 108
  Implied bound: 8
  Clique: 73
  MIR: 14
  StrongCG: 10
  Flow cover: 56
  GUB cover: 3
  Zero half: 12
  Network: 1
  Relax-and-lift: 19

Explored 121293 nodes (15356963 simplex iterations) in 3600.00 seconds (2956.35 work units)
Thread count was 1 (of 8 available processors)

Solution count 0

Time limit reached
Best objective -, best bound 1.500000000000e+02, gap -
