
Gurobi 11.0.1 (win64) logging started Mon Apr  1 12:42:25 2024

Set parameter LogFile to value "C:\Projetos\Job_Rotation_Algorithms\Outputs\GurobiLogs\gurobi_log-output-54_wee-c13-BorbaRittModel-NoExtraConstraint-2.log"
Gurobi Optimizer version 11.0.1 build v11.0.1rc0 (win64 - Windows 10.0 (19045.2))

CPU model: 11th Gen Intel(R) Core(TM) i7-1165G7 @ 2.80GHz, instruction set [SSE2|AVX|AVX2|AVX512]
Thread count: 4 physical cores, 8 logical processors, using up to 1 threads


Gurobi 11.0.1 (win64) logging started Mon Apr  1 21:30:21 2024

Set parameter LogFile to value "C:\Projetos\Job_Rotation_Algorithms\Outputs\GurobiLogs\gurobi_log-output-54_wee-c13-BorbaRittModel-NoExtraConstraint-2.log"
Gurobi Optimizer version 11.0.1 build v11.0.1rc0 (win64 - Windows 10.0 (19045.2))

CPU model: 11th Gen Intel(R) Core(TM) i7-1165G7 @ 2.80GHz, instruction set [SSE2|AVX|AVX2|AVX512]
Thread count: 4 physical cores, 8 logical processors, using up to 1 threads


Gurobi 11.0.1 (win64) logging started Thu Apr  4 23:28:19 2024

Set parameter LogFile to value "C:\Projetos\Job_Rotation_Algorithms\Outputs\GurobiLogs\gurobi_log-output-54_wee-c13-BorbaRittModel-NoExtraConstraint-2.log"
Gurobi Optimizer version 11.0.1 build v11.0.1rc0 (win64 - Windows 10.0 (19045.2))

CPU model: 11th Gen Intel(R) Core(TM) i7-1165G7 @ 2.80GHz, instruction set [SSE2|AVX|AVX2|AVX512]
Thread count: 4 physical cores, 8 logical processors, using up to 1 threads


Gurobi 11.0.1 (win64) logging started Sat Apr  6 12:56:54 2024

Set parameter LogFile to value "C:\Projetos\Job_Rotation_Algorithms\Outputs\GurobiLogs\gurobi_log-output-54_wee-c13-BorbaRittModel-NoExtraConstraint-2.log"
Gurobi Optimizer version 11.0.1 build v11.0.1rc0 (win64 - Windows 10.0 (19045.2))

CPU model: 11th Gen Intel(R) Core(TM) i7-1165G7 @ 2.80GHz, instruction set [SSE2|AVX|AVX2|AVX512]
Thread count: 4 physical cores, 8 logical processors, using up to 1 threads


Gurobi 11.0.1 (win64) logging started Sun Apr  7 02:30:48 2024

Set parameter LogFile to value "C:\Projetos\Job_Rotation_Algorithms\Outputs\GurobiLogs\gurobi_log-output-54_wee-c13-BorbaRittModel-NoExtraConstraint-2.log"
Gurobi Optimizer version 11.0.1 build v11.0.1rc0 (win64 - Windows 10.0 (19045.2))

CPU model: 11th Gen Intel(R) Core(TM) i7-1165G7 @ 2.80GHz, instruction set [SSE2|AVX|AVX2|AVX512]
Thread count: 4 physical cores, 8 logical processors, using up to 1 threads


Gurobi 11.0.1 (win64) logging started Sun Apr  7 09:43:40 2024

Set parameter LogFile to value "C:\Projetos\Job_Rotation_Algorithms\Outputs\GurobiLogs\gurobi_log-output-54_wee-c13-BorbaRittModel-NoExtraConstraint-2.log"
Gurobi Optimizer version 11.0.1 build v11.0.1rc0 (win64 - Windows 10.0 (19045.2))

CPU model: 11th Gen Intel(R) Core(TM) i7-1165G7 @ 2.80GHz, instruction set [SSE2|AVX|AVX2|AVX512]
Thread count: 4 physical cores, 8 logical processors, using up to 1 threads


Gurobi 11.0.1 (win64) logging started Tue Apr  9 08:01:42 2024

Set parameter LogFile to value "C:\Projetos\Job_Rotation_Algorithms\Outputs\GurobiLogs\gurobi_log-output-54_wee-c13-BorbaRittModel-NoExtraConstraint-2.log"
Gurobi Optimizer version 11.0.1 build v11.0.1rc0 (win64 - Windows 10.0 (19045.2))

CPU model: 11th Gen Intel(R) Core(TM) i7-1165G7 @ 2.80GHz, instruction set [SSE2|AVX|AVX2|AVX512]
Thread count: 4 physical cores, 8 logical processors, using up to 1 threads


Gurobi 11.0.1 (win64) logging started Tue Apr  9 09:13:35 2024

Set parameter LogFile to value "C:\Projetos\Job_Rotation_Algorithms\Outputs\GurobiLogs\gurobi_log-output-54_wee-c13-BorbaRittModel-NoExtraConstraint-2.log"
Gurobi Optimizer version 11.0.1 build v11.0.1rc0 (win64 - Windows 10.0 (19045.2))

CPU model: 11th Gen Intel(R) Core(TM) i7-1165G7 @ 2.80GHz, instruction set [SSE2|AVX|AVX2|AVX512]
Thread count: 4 physical cores, 8 logical processors, using up to 1 threads

WLS license 2390832 - registered to Bitka Analytics
Optimize a model with 50577 rows, 4010 columns and 155294 nonzeros
Model fingerprint: 0x78e72cba
Variable types: 2 continuous, 4008 integer (4008 binary)
Coefficient statistics:
  Matrix range     [1e+00, 3e+01]
  Objective range  [1e+00, 1e+00]
  Bounds range     [1e+00, 3e+01]
  RHS range        [1e+00, 3e+01]
Presolve removed 15418 rows and 754 columns
Presolve time: 0.75s
Presolved: 35159 rows, 3256 columns, 108037 nonzeros
Variable types: 0 continuous, 3256 integer (3255 binary)
Root relaxation presolved: 3256 rows, 38415 columns, 111293 nonzeros


Root relaxation: objective 1.500000e+02, 2402 iterations, 0.21 seconds (0.23 work units)

    Nodes    |    Current Node    |     Objective Bounds      |     Work
 Expl Unexpl |  Obj  Depth IntInf | Incumbent    BestBd   Gap | It/Node Time

     0     0  150.00000    0  503          -  150.00000      -     -    4s
     0     0  150.00000    0  881          -  150.00000      -     -    7s
     0     0  150.00000    0  883          -  150.00000      -     -    7s
     0     0  150.00000    0  923          -  150.00000      -     -   19s
     0     0  150.00000    0  880          -  150.00000      -     -   19s
     0     0  150.00000    0  802          -  150.00000      -     -   29s
     0     0  150.00000    0  792          -  150.00000      -     -   31s
     0     0  150.00000    0  853          -  150.00000      -     -   41s
     0     0  150.00000    0  838          -  150.00000      -     -   42s
     0     0  150.00000    0  762          -  150.00000      -     -   52s
     0     0  150.00000    0  839          -  150.00000      -     -   53s
     0     0  150.00000    0  847          -  150.00000      -     -   66s
     0     0  150.00000    0  847          -  150.00000      -     -   72s
     0     2  150.00000    0  847          -  150.00000      -     -   90s
    21    23  150.00000   11  583          -  150.00000      -   732   95s
    59    61  150.00000   31  471          -  150.00000      -   492  100s
   100   102  150.00000   58  582          -  150.00000      -   482  105s
   148   148  150.00000   93  500          -  150.00000      -   420  110s
   175   167  150.00000   21  713          -  150.00000      -   444  115s
   237   229  150.00000   63  425          -  150.00000      -   390  120s
   300   288  150.00000  103  583          -  150.00000      -   375  125s
   350   312  150.00000   98  503          -  150.00000      -   390  130s
   386   334  150.00000   93  615          -  150.00000      -   430  135s
   433   369  150.00000  100  553          -  150.00000      -   437  140s
   494   398  150.00000  111  441          -  150.00000      -   425  145s
   550   417  150.00000  102  540          -  150.00000      -   437  150s
   602   451  148.48466  128  566          -  150.00000      -   427  155s
   611   458  150.00000   44  530          -  150.00000      -   429  163s
   612   459  150.00000   16  575          -  150.00000      -   428  175s
   614   460  150.00000  102  480          -  150.00000      -   427  187s
   616   462  150.00000   59  372          -  150.00000      -   425  198s
   618   463  150.00000   91  592          -  150.00000      -   424  207s
   619   464  150.00000  124  611          -  150.00000      -   423  210s
   620   464  150.00000   11  432          -  150.00000      -   423  220s
   622   466  150.00000   10  398          -  150.00000      -   421  228s
   623   466  150.00000  116  494          -  150.00000      -   420  230s
   624   467  150.00000   61  530          -  150.00000      -   420  237s
   626   468  149.92713  113  494          -  150.00000      -   418  244s
   627   469  150.00000  100  434          -  150.00000      -   418  245s
   628   470  150.00000   81  464          -  150.00000      -   417  251s
   630   471  150.00000   77  344          -  150.00000      -   416  260s
   632   472  150.00000   53  344          -  150.00000      -   414  270s
   634   476  150.00000   13  582          -  150.00000      -   291  275s
   648   485  150.00000   20  317          -  150.00000      -   292  298s
   656   490  150.00000   24  317          -  150.00000      -   293  300s
   691   514  150.00000   42  330          -  150.00000      -   294  305s
   726   537  150.00000   59  357          -  150.00000      -   296  310s
   762   561  150.00000   77  369          -  150.00000      -   293  315s
   796   584  150.00000   94  480          -  150.00000      -   296  320s
   829   606  150.00000  111  622          -  150.00000      -   304  326s
   851   618  150.00000  122  486          -  150.00000      -   308  330s
   858   617 infeasible  125               -  150.00000      -   321  335s
   871   622  150.00000  130  514          -  150.00000      -   327  340s
   886   622  150.00000  137  504          -  150.00000      -   337  345s
   896   620 infeasible  142               -  150.00000      -   349  350s
   922   626  150.00000   35  360          -  150.00000      -   352  355s
   955   648  150.00000   52  398          -  150.00000      -   352  360s
   985   668  150.00000   67  440          -  150.00000      -   355  365s
  1012   686  150.00000   80  602          -  150.00000      -   357  370s
  1038   703  150.00000   93  404          -  150.00000      -   360  375s
  1073   726  150.00000  111  415          -  150.00000      -   362  380s
  1099   740 infeasible  124               -  150.00000      -   370  385s
  1120   748  149.00000  133  378          -  150.00000      -   376  390s
  1138   746  149.00000  140  655          -  150.00000      -   385  395s
  1162   758  150.00000   37  432          -  150.00000      -   385  400s
  1196   780  150.00000   54  393          -  150.00000      -   385  405s
  1221   797  150.00000   66  543          -  150.00000      -   389  410s
  1244   810  150.00000   78  354          -  150.00000      -   393  415s
  1264   824  150.00000   88  429          -  150.00000      -   400  420s
  1287   839  150.00000   99  384          -  150.00000      -   405  425s
  1299   847  150.00000  105  438          -  150.00000      -   413  430s
  1317   859  150.00000  114  482          -  150.00000      -   417  435s
  1327   866  150.00000  119  729          -  150.00000      -   425  440s
  1338   869 infeasible  124               -  150.00000      -   434  445s
  1348   864  150.00000   21  333          -  150.00000      -   441  450s
  1388   890  150.00000   41  359          -  150.00000      -   436  455s
  1419   909  150.00000   56  399          -  150.00000      -   436  460s
  1455   933  150.00000   74  382          -  150.00000      -   434  465s
  1486   954  150.00000   90  396          -  150.00000      -   433  470s
  1520   974  150.00000  107  439          -  150.00000      -   434  475s
  1535   982 infeasible  114               -  150.00000      -   442  480s
  1545   989  150.00000  119  523          -  150.00000      -   447  485s
  1562   986  150.00000   23  314          -  150.00000      -   454  490s
  1604  1014  150.00000   44  354          -  150.00000      -   453  495s
  1638  1037  150.00000   61  385          -  150.00000      -   456  500s
  1667  1050  150.00000   76  439          -  150.00000      -   457  505s
  1674  1055  150.00000   79  519          -  150.00000      -   459  524s
  1675  1056  150.00000   80  438          -  150.00000      -   459  525s
  1704  1071  150.00000   94  397          -  150.00000      -   461  530s
  1727  1078  150.00000  106  413          -  150.00000      -   463  535s
  1755  1081 infeasible   38               -  150.00000      -   466  540s
  1787  1102  150.00000   54  405          -  150.00000      -   468  545s
  1817  1122  150.00000   69  362          -  150.00000      -   468  550s
  1843  1140  150.00000   82  374          -  150.00000      -   470  555s
  1867  1156  150.00000   94  422          -  150.00000      -   471  560s
  1883  1166  150.00000  102  519          -  150.00000      -   474  565s
  1896  1175  150.00000  109  522          -  150.00000      -   478  570s
  1908  1175 infeasible  115               -  150.00000      -   483  575s
  1943  1190  150.00000   45  342          -  150.00000      -   480  580s
  1976  1212  150.00000   61  378          -  150.00000      -   478  585s
  2004  1231  150.00000   75  404          -  150.00000      -   478  590s
  2031  1249  150.00000   89  433          -  150.00000      -   479  595s
  2057  1269  150.00000  102  420          -  150.00000      -   479  600s
  2086  1298  150.00000  116  424          -  150.00000      -   480  605s
  2112  1324  150.00000  129  391          -  150.00000      -   482  610s
  2132  1344  150.00000  139  364          -  150.00000      -   484  615s
  2153  1363  150.00000  150  394          -  150.00000      -   487  620s
  2163  1369 infeasible  155               -  150.00000      -   492  625s
  2176  1368  150.00000  155  410          -  150.00000      -   497  630s
  2187  1375 infeasible  160               -  150.00000      -   500  635s
  2210  1378  150.00000   30  411          -  150.00000      -   503  640s
  2250  1418  150.00000   50  346          -  150.00000      -   502  645s
  2290  1458  150.00000   70  368          -  150.00000      -   502  650s
  2324  1490  150.00000   87  375          -  150.00000      -   502  655s
  2361  1527  150.00000  106  355          -  150.00000      -   500  660s
  2399  1563  150.00000  125  323          -  150.00000      -   499  665s
  2423  1583  150.00000  137  375          -  150.00000      -   502  670s
  2440  1582 infeasible  141               -  150.00000      -   506  675s
  2476  1618  150.00000   40  400          -  150.00000      -   504  680s
  2516  1658  150.00000   54  378          -  150.00000      -   502  685s
  2551  1693  150.00000   75  487          -  150.00000      -   500  690s
  2581  1723  150.00000   86  381          -  150.00000      -   500  695s
  2613  1755  150.00000   99  391          -  150.00000      -   499  700s
  2632  1774  150.00000  111  447          -  150.00000      -   502  705s
  2652  1794  150.00000  115  449          -  150.00000      -   502  710s
  2673  1815  150.00000  123  425          -  150.00000      -   503  715s
  2695  1837  150.00000  129  417          -  150.00000      -   505  720s
  2711  1849 infeasible  136               -  150.00000      -   508  725s
  2747  1877  150.00000   39  395          -  150.00000      -   508  730s
  2780  1910  150.00000   54  499          -  150.00000      -   508  735s
  2809  1939  150.00000   69  438          -  150.00000      -   507  740s
  2831  1961  150.00000   79  449          -  150.00000      -   508  745s
  2865  1995  150.00000   91  417          -  150.00000      -   507  750s
  2895  2021  150.00000  102  338          -  150.00000      -   506  755s
  2929  2051  150.00000  117  415          -  150.00000      -   506  760s
  2945  2064  150.00000  120  435          -  150.00000      -   509  765s
  2961  2064 infeasible  121               -  150.00000      -   513  770s
  3001  2098  150.00000   48  380          -  150.00000      -   512  775s
  3044  2141  150.00000   65  405          -  150.00000      -   510  780s
  3094  2191  150.00000   93  391          -  150.00000      -   508  785s
  3131  2228  150.00000  115  486          -  150.00000      -   507  790s
  3145  2240  150.00000  120  475          -  150.00000      -   510  795s
  3164  2255  149.72905  130  510          -  150.00000      -   512  800s
  3179  2260  149.26574  134  500          -  150.00000      -   515  805s
  3193  2266 infeasible  136               -  150.00000      -   519  810s
  3229  2294  150.00000   45  383          -  150.00000      -   518  815s
  3278  2343  150.00000   72  360          -  150.00000      -   515  820s
  3319  2384  150.00000   93  393          -  150.00000      -   514  825s
  3336  2401  150.00000  100  383          -  150.00000      -   514  847s
  3353  2416  150.00000  103  420          -  150.00000      -   515  850s
  3388  2451  150.00000  116  413          -  150.00000      -   514  855s
  3407  2468 infeasible  124               -  150.00000      -   515  860s
  3419  2470 infeasible  131               -  150.00000      -   518  865s
  3432  2475 infeasible  133               -  150.00000      -   520  870s
  3462  2495  150.00000   41  385          -  150.00000      -   520  875s
  3493  2526  150.00000   60  550          -  150.00000      -   521  880s
  3519  2552  150.00000   74  481          -  150.00000      -   522  885s
  3553  2586  150.00000   92  510          -  150.00000      -   522  890s
  3579  2612  150.00000  104  524          -  150.00000      -   522  895s
  3604  2633 infeasible  114               -  150.00000      -   523  900s
  3623  2644  150.00000  119  442          -  150.00000      -   526  905s
  3638  2647  149.62943  127  560          -  150.00000      -   530  910s
  3694  2697  150.00000   52  354          -  150.00000      -   528  915s
  3742  2745  150.00000   76  389          -  150.00000      -   528  920s
  3778  2781  150.00000   91  544          -  150.00000      -   529  925s
  3800  2803  150.00000  100  576          -  150.00000      -   531  930s
  3829  2828 infeasible  114               -  150.00000      -   532  935s
  3886  2847 infeasible  126               -  150.00000      -   532  940s
  3938  2885  150.00000   65  470          -  150.00000      -   530  945s
  3967  2910  150.00000   78  469          -  150.00000      -   532  950s
  3995  2934  150.00000   89  538          -  150.00000      -   534  955s
  4015  2954  149.84962   99  576          -  150.00000      -   535  961s
  4022  2961  149.83143  100  580          -  150.00000      -   538  965s
  4037  2976  149.92077  104  614          -  150.00000      -   541  970s
  4072  3003 infeasible  114               -  150.00000      -   543  975s
  4117  3030  150.00000   61  386          -  150.00000      -   542  980s
  4169  3080  150.00000   86  543          -  150.00000      -   542  985s
  4211  3118 infeasible  109               -  150.00000      -   542  990s
  4239  3136  150.00000  115  469          -  150.00000      -   543  995s
  4287  3166  150.00000   51  457          -  150.00000      -   542 1000s
  4347  3226  150.00000   90  350          -  150.00000      -   541 1005s
  4413  3284 infeasible  115               -  150.00000      -   540 1010s
  4448  3309 infeasible  132               -  150.00000      -   541 1015s
  4470  3311 infeasible  136               -  150.00000      -   543 1020s
  4527  3354  150.00000   64  436          -  150.00000      -   542 1025s
  4584  3411  150.00000   96  430          -  150.00000      -   541 1030s
  4639  3466  150.00000  123  443          -  150.00000      -   541 1035s
  4666  3489  150.00000  135  488          -  150.00000      -   542 1040s
  4681  3492 infeasible  141               -  150.00000      -   545 1045s
  4693  3492 infeasible  140               -  150.00000      -   548 1050s
  4768  3561  150.00000   75  331          -  150.00000      -   544 1055s
  4821  3612  150.00000  102  386          -  150.00000      -   543 1060s
  4845  3628  150.00000  116  485          -  150.00000      -   543 1065s
  4857  3628  149.49244  119  517          -  150.00000      -   546 1070s
  4876  3627 infeasible  125               -  150.00000      -   547 1075s
  4926  3671  150.00000   60  432          -  150.00000      -   545 1080s
  4985  3728  150.00000   93  335          -  150.00000      -   543 1085s
  5029  3768 infeasible  113               -  150.00000      -   543 1090s
  5061  3788 infeasible  129               -  150.00000      -   544 1095s
  5072  3789 infeasible  133               -  150.00000      -   546 1100s
  5111  3824  150.00000   56  414          -  150.00000      -   545 1105s
  5155  3868  150.00000   73  455          -  150.00000      -   544 1110s
  5196  3909  150.00000   91  459          -  150.00000      -   544 1115s
  5236  3943  150.00000  115  496          -  150.00000      -   543 1120s
  5267  3960  150.00000   41  419          -  150.00000      -   543 1125s
  5320  4011  150.00000   77  400          -  150.00000      -   542 1130s
  5368  4059  150.00000  104  456          -  150.00000      -   541 1135s
  5409  4100  150.00000  122  392          -  150.00000      -   541 1140s
  5442  4127  150.00000  132  411          -  150.00000      -   541 1145s
  5473  4148 infeasible  144               -  150.00000      -   542 1150s
  5486  4151  150.00000  149  476          -  150.00000      -   543 1155s
  5516  4165  150.00000   47  355          -  150.00000      -   543 1160s
  5575  4224  150.00000   74  375          -  150.00000      -   542 1165s
  5623  4272  150.00000   95  415          -  150.00000      -   542 1170s
  5662  4309  150.00000  112  520          -  150.00000      -   541 1175s
  5689  4336  150.00000  126  536          -  150.00000      -   542 1180s
  5714  4359  150.00000  139  538          -  150.00000      -   542 1185s
  5725  4370  150.00000  144  507          -  150.00000      -   543 1190s
  5733  4372 infeasible  146               -  150.00000      -   545 1195s
  5741  4374  150.00000  151  681          -  150.00000      -   547 1238s
  5744  4371 infeasible  152               -  150.00000      -   548 1241s
  5768  4389  150.00000   97  375          -  150.00000      -   548 1245s
  5810  4429  150.00000  111  403          -  150.00000      -   548 1250s
  5853  4454 infeasible  108               -  150.00000      -   548 1255s
  5887  4474  150.00000  125  379          -  150.00000      -   548 1260s
  5909  4474 infeasible  127               -  150.00000      -   549 1265s
  5953  4510  150.00000  110  349          -  150.00000      -   549 1270s
  5998  4553  150.00000  131  470          -  150.00000      -   549 1275s
  6013  4558 infeasible  137               -  150.00000      -   551 1280s
  6060  4595  150.00000  102  370          -  150.00000      -   551 1285s
  6110  4627  150.00000  117  369          -  150.00000      -   551 1290s
  6143  4644  150.00000  128  458          -  150.00000      -   552 1295s
  6158  4651  150.00000  134  517          -  150.00000      -   554 1300s
  6172  4651 infeasible  136               -  150.00000      -   556 1305s
  6218  4679  150.00000  104  420          -  150.00000      -   557 1310s
  6265  4710  150.00000  123  432          -  150.00000      -   557 1315s
  6302  4739  150.00000  140  466          -  150.00000      -   557 1320s
  6319  4744 infeasible  146               -  150.00000      -   558 1325s
  6335  4744 infeasible  149               -  150.00000      -   560 1330s
  6373  4766  150.00000  109  322          -  150.00000      -   561 1335s
  6408  4795  150.00000  118  528          -  150.00000      -   562 1340s
  6455  4824  150.00000  105  410          -  150.00000      -   562 1345s
  6486  4839  150.00000   97  302          -  150.00000      -   563 1350s
  6537  4878 infeasible  121               -  150.00000      -   563 1355s
  6581  4898 infeasible  114               -  150.00000      -   564 1360s
  6641  4936  150.00000  118  351          -  150.00000      -   563 1365s
  6677  4950 infeasible  107               -  150.00000      -   564 1370s
  6713  4972  150.00000  108  453          -  150.00000      -   565 1375s
  6750  4987 infeasible  109               -  150.00000      -   566 1380s
  6784  4991  150.00000  114  541          -  150.00000      -   567 1385s
  6812  4987  150.00000  112  321          -  150.00000      -   569 1390s
  6847  4992 infeasible   98               -  150.00000      -   570 1395s
  6893  5026 infeasible  116               -  150.00000      -   570 1400s
  6929  5038 infeasible  127               -  150.00000      -   571 1405s
  6964  5051  150.00000  127  410          -  150.00000      -   573 1410s
  7004  5071  150.00000   99  412          -  150.00000      -   574 1415s
  7036  5099  150.00000  114  540          -  150.00000      -   575 1420s
  7059  5110 infeasible  127               -  150.00000      -   576 1425s
  7073  5114 infeasible  133               -  150.00000      -   578 1430s
  7105  5136 infeasible   99               -  150.00000      -   579 1435s
  7131  5144  150.00000   21  378          -  150.00000      -   580 1440s
  7171  5184  150.00000   43  372          -  150.00000      -   579 1445s
  7220  5231  150.00000   71  418          -  150.00000      -   578 1450s
  7262  5271  150.00000   92  374          -  150.00000      -   578 1455s
  7303  5312  150.00000  107  435          -  150.00000      -   578 1460s
  7338  5347  150.00000  121  458          -  150.00000      -   577 1465s
  7355  5356 infeasible  131               -  150.00000      -   578 1470s
  7369  5356 infeasible  132               -  150.00000      -   579 1475s
  7396  5379  150.00000   70  440          -  150.00000      -   579 1480s
  7446  5429  150.00000   91  436          -  150.00000      -   578 1485s
  7487  5470  150.00000  105  453          -  150.00000      -   578 1490s
  7523  5506  150.00000  123  512          -  150.00000      -   578 1495s
  7549  5528 infeasible  133               -  150.00000      -   578 1500s
  7565  5534  150.00000  133  419          -  150.00000      -   579 1505s
  7576  5539  150.00000  135  446          -  150.00000      -   580 1510s
  7582  5539 infeasible  138               -  150.00000      -   581 1515s
  7590  5543  150.00000  139  476          -  150.00000      -   582 1520s
  7606  5555  150.00000  147  451          -  150.00000      -   583 1525s
  7616  5563  149.28079  147  741          -  150.00000      -   584 1530s
  7622  5565  149.52568  150  716          -  150.00000      -   586 1535s
  7627  5568  149.43217  147  734          -  150.00000      -   586 1540s
  7634  5575  149.52340  149  736          -  150.00000      -   588 1545s
  7642  5573 infeasible  151               -  150.00000      -   589 1550s
  7664  5569 infeasible  154               -  150.00000      -   590 1555s
  7711  5610  150.00000   59  435          -  150.00000      -   589 1560s
  7762  5659  150.00000   84  341          -  150.00000      -   588 1565s
  7798  5695  150.00000  107  403          -  150.00000      -   587 1570s
  7829  5718  150.00000  122  323          -  150.00000      -   587 1575s
  7852  5721  150.00000   35  392          -  150.00000      -   587 1580s
  7906  5773  150.00000   66  359          -  150.00000      -   586 1585s
  7949  5810 infeasible   91               -  150.00000      -   585 1590s
  7990  5847  150.00000  110  376          -  150.00000      -   585 1595s
  8005  5856  149.00000  115  505          -  150.00000      -   586 1600s
  8023  5858  150.00000   39  327          -  150.00000      -   586 1605s
  8078  5913  150.00000   65  361          -  150.00000      -   585 1610s
  8118  5951  150.00000   85  421          -  150.00000      -   585 1615s
  8155  5986  150.00000  108  486          -  150.00000      -   585 1620s
  8171  5992 infeasible  113               -  150.00000      -   586 1625s
  8217  6024  150.00000   59  340          -  150.00000      -   585 1630s
  8286  6087  150.00000   95  351          -  150.00000      -   583 1635s
  8327  6108  150.00000   80  337          -  150.00000      -   583 1640s
  8371  6148  150.00000  102  368          -  150.00000      -   583 1645s
  8415  6170 infeasible   88               -  150.00000      -   582 1650s
  8460  6215  150.00000   50  385          -  150.00000      -   581 1655s
  8513  6268  150.00000   78  316          -  150.00000      -   581 1660s
  8552  6307  150.00000   98  369          -  150.00000      -   580 1665s
  8585  6340  150.00000  111  476          -  150.00000      -   581 1670s
  8611  6360  150.00000  121  359          -  150.00000      -   581 1675s
  8627  6370  150.00000  126  426          -  150.00000      -   582 1680s
  8647  6376  150.00000   28  278          -  150.00000      -   583 1685s
  8701  6430  150.00000   54  336          -  150.00000      -   582 1690s
  8743  6472  150.00000   83  421          -  150.00000      -   582 1695s
  8772  6495 infeasible   99               -  150.00000      -   582 1700s
  8788  6501 infeasible  103               -  150.00000      -   583 1705s
  8817  6524  150.00000  121  495          -  150.00000      -   583 1710s
  8842  6543 infeasible  133               -  150.00000      -   583 1715s
  8858  6543  150.00000   32  350          -  150.00000      -   584 1720s
  8911  6596  150.00000   69  380          -  150.00000      -   583 1725s
  8955  6640  150.00000   93  325          -  150.00000      -   583 1730s
  9009  6692  150.00000  117  417          -  150.00000      -   581 1735s
  9059  6740  150.00000  139  342          -  150.00000      -   581 1740s
  9089  6768  150.00000  151  396          -  150.00000      -   581 1745s
  9102  6765 infeasible  153               -  150.00000      -   582 1750s
  9123  6776  150.00000  150  380          -  150.00000      -   583 1755s
  9176  6795  150.00000  143  422          -  150.00000      -   583 1760s
  9207  6820 infeasible  160               -  150.00000      -   585 1765s
  9226  6821 infeasible  148               -  150.00000      -   586 1770s
  9257  6848  150.00000  163  345          -  150.00000      -   588 1775s
  9275  6848 infeasible  167               -  150.00000      -   589 1780s
  9297  6858  150.00000  152  319          -  150.00000      -   591 1785s
  9342  6889  150.00000  102  374          -  150.00000      -   591 1790s
  9371  6918  149.00000  115  436          -  150.00000      -   592 1795s
  9422  6965  149.00000  142  335          -  150.00000      -   591 1800s
  9464  6983 infeasible  161               -  150.00000      -   591 1805s
  9507  7014 infeasible  159               -  150.00000      -   591 1810s
  9522  7019  150.00000  162  501          -  150.00000      -   593 1815s
  9543  7024  150.00000  148  307          -  150.00000      -   595 1820s
  9573  7024  150.00000  150  408          -  150.00000      -   596 1825s
  9601  7040  150.00000  163  450          -  150.00000      -   597 1830s
  9641  7064  150.00000  167  354          -  150.00000      -   597 1835s
  9656  7069  150.00000  168  407          -  150.00000      -   598 1840s
  9671  7064  150.00000  148  293          -  150.00000      -   600 1845s
  9711  7098 infeasible  160               -  150.00000      -   600 1850s
  9752  7113 infeasible  166               -  150.00000      -   601 1855s
  9772  7123  150.00000  170  490          -  150.00000      -   603 1860s
  9786  7113 infeasible  172               -  150.00000      -   605 1865s
  9817  7122  150.00000  145  286          -  150.00000      -   605 1870s
  9847  7148  148.81268  158  520          -  150.00000      -   607 1876s
  9867  7156 infeasible  168               -  150.00000      -   608 1880s
  9899  7176  150.00000  157  453          -  150.00000      -   609 1885s
  9928  7177  150.00000  151  440          -  150.00000      -   611 1890s
  9950  7191  150.00000  162  473          -  150.00000      -   612 1895s
  9977  7202 infeasible  172               -  150.00000      -   613 1900s
  9990  7201  150.00000  168  478          -  150.00000      -   614 1905s
 10017  7212  150.00000  157  419          -  150.00000      -   615 1910s
 10048  7223 infeasible  166               -  150.00000      -   616 1915s
 10076  7231  150.00000  144  324          -  150.00000      -   617 1920s
 10107  7222 infeasible  145               -  150.00000      -   618 1925s
 10169  7278  150.00000  133  384          -  150.00000      -   617 1930s
 10202  7305 infeasible  150               -  150.00000      -   617 2253s
 10213  7306  150.00000  152  367          -  150.00000      -   617 2255s
 10250  7313 infeasible  154               -  150.00000      -   618 2260s
 10306  7369  150.00000  126  407          -  150.00000      -   617 2265s
 10347  7388  150.00000  102  322          -  150.00000      -   617 2270s
 10399  7434 infeasible  130               -  150.00000      -   616 2275s
 10433  7426  150.00000  151  427          -  150.00000      -   617 2280s
 10463  7426  150.00000   52  394          -  150.00000      -   618 2285s
 10518  7481  150.00000   86  414          -  150.00000      -   617 2290s
 10564  7519 infeasible  107               -  150.00000      -   616 2295s
 10593  7546  150.00000  117  436          -  150.00000      -   617 2300s
 10606  7551 infeasible  120               -  150.00000      -   618 2305s
 10615  7552  150.00000  123  424          -  150.00000      -   618 2323s
 10628  7549 infeasible  124               -  150.00000      -   618 2325s
 10686  7603  150.00000   80  326          -  150.00000      -   617 2330s
 10732  7641  150.00000  103  457          -  150.00000      -   616 2335s
 10777  7682  150.00000  117  481          -  150.00000      -   616 2340s
 10813  7710  150.00000  128  431          -  150.00000      -   616 2345s
 10834  7715 infeasible  133               -  150.00000      -   616 2350s
 10881  7748  150.00000  149  393          -  150.00000      -   617 2355s
 10907  7754  150.00000  153  410          -  150.00000      -   618 2360s
 10968  7807  150.00000  153  346          -  150.00000      -   618 2365s
 11025  7804  150.00000   66  342          -  150.00000      -   617 2370s
 11059  7830  150.00000   83  477          -  150.00000      -   617 2375s
 11117  7880  150.00000   90  315          -  150.00000      -   616 2380s
 11173  7932  150.00000  123  372          -  150.00000      -   615 2385s
 11197  7950  150.00000  132  447          -  150.00000      -   616 2390s
 11212  7963  150.00000  140  360          -  150.00000      -   616 2395s
 11227  7970 infeasible  146               -  150.00000      -   617 2400s
 11237  7968 infeasible  148               -  150.00000      -   619 2405s
 11259  7978  150.00000   71  421          -  150.00000      -   619 2410s
 11309  8022  150.00000  103  449          -  150.00000      -   618 2415s
 11360  8041  150.00000  136  375          -  150.00000      -   618 2420s
 11383  8046 infeasible  137               -  150.00000      -   619 2425s
 11403  8056  150.00000  144  364          -  150.00000      -   620 2430s
 11428  8061 infeasible  152               -  150.00000      -   621 2435s
 11455  8062 infeasible  140               -  150.00000      -   622 2440s
 11486  8061  150.00000  140  349          -  150.00000      -   623 2445s
 11510  8067 infeasible  146               -  150.00000      -   623 2450s
 11548  8085  150.00000  106  323          -  150.00000      -   623 2455s
 11583  8116  150.00000  124  316          -  150.00000      -   623 2460s
 11614  8131 infeasible  139               -  150.00000      -   624 2465s
 11638  8147 infeasible  150               -  150.00000      -   624 2470s
 11669  8168  150.00000  157  343          -  150.00000      -   624 2475s
 11697  8174  150.00000  155  313          -  150.00000      -   625 2480s
 11736  8193 infeasible  170               -  150.00000      -   626 2485s
 11767  8188  150.00000  159  339          -  150.00000      -   626 2490s
 11803  8178  150.00000  140  419          -  150.00000      -   627 2495s
 11836  8211  149.98002  155  562          -  150.00000      -   627 2500s
 11858  8225 infeasible  162               -  150.00000      -   628 2505s
 11877  8228  150.00000  146  297          -  150.00000      -   629 2510s
 11906  8235  150.00000  108  405          -  150.00000      -   629 2515s
 11944  8257 infeasible  127               -  150.00000      -   629 2520s
 11982  8269 infeasible  117               -  150.00000      -   629 2525s
 12030  8305  150.00000  124  363          -  150.00000      -   628 2530s
 12064  8317  150.00000  134  393          -  150.00000      -   628 2535s
 12094  8329  150.00000  134  513          -  150.00000      -   629 2540s
 12110  8325  150.00000  107  433          -  150.00000      -   629 2545s
 12142  8355  150.00000  126  412          -  150.00000      -   629 2550s
 12164  8357  150.00000  108  500          -  150.00000      -   630 2555s
 12200  8391  150.00000  126  441          -  150.00000      -   629 2560s
 12222  8397 infeasible  131               -  150.00000      -   630 2565s
 12237  8400  149.95572  119  764          -  150.00000      -   631 2570s
 12252  8397  150.00000  136  352          -  150.00000      -   632 2575s
 12291  8424  150.00000  152  401          -  150.00000      -   633 2580s
 12320  8441 infeasible  168               -  150.00000      -   633 2585s
 12333  8440  150.00000  138  331          -  150.00000      -   635 2590s
 12362  8465  150.00000  151  332          -  150.00000      -   635 2618s
 12367  8464  150.00000  152  432          -  150.00000      -   635 2620s
 12401  8482  150.00000  150  462          -  150.00000      -   635 2625s
 12423  8488 infeasible  156               -  150.00000      -   637 2630s
 12434  8487  150.00000  140  402          -  150.00000      -   638 2635s
 12450  8491  150.00000  145  524          -  150.00000      -   639 2640s
 12467  8492  150.00000   30  430          -  150.00000      -   640 2645s
 12499  8524  150.00000   50  437          -  150.00000      -   639 2650s
 12537  8562  150.00000   72  436          -  150.00000      -   639 2655s
 12577  8600  150.00000   90  383          -  150.00000      -   638 2660s
 12616  8631  150.00000  103  468          -  150.00000      -   638 2665s
 12644  8647  150.00000  118  468          -  150.00000      -   638 2670s
 12686  8679  150.00000  106  460          -  150.00000      -   638 2675s
 12741  8734  150.00000  130  318          -  150.00000      -   637 2680s
 12782  8765  150.00000  103  464          -  150.00000      -   637 2685s
 12849  8822  150.00000  139  386          -  150.00000      -   636 2690s
 12893  8860 infeasible  153               -  150.00000      -   636 2695s
 12948  8901  150.00000  107  414          -  150.00000      -   636 2700s
 12987  8940  150.00000  120  402          -  150.00000      -   636 2705s
 13044  8995  150.00000  150  379          -  150.00000      -   635 2710s
 13084  9015  150.00000  111  369          -  150.00000      -   635 2715s
 13137  9062  150.00000  137  316          -  150.00000      -   635 2720s
 13197  9104 infeasible  167               -  150.00000      -   634 2725s
 13243  9136  150.00000  120  485          -  150.00000      -   634 2730s
 13293  9184  150.00000  140  470          -  150.00000      -   634 2735s
 13320  9193  150.00000  146  435          -  150.00000      -   635 2740s
 13369  9232  150.00000  123  427          -  150.00000      -   635 2745s
 13406  9257 infeasible  138               -  150.00000      -   635 2750s
 13435  9276 infeasible  153               -  150.00000      -   635 2755s
 13468  9295  150.00000  110  422          -  150.00000      -   636 2760s
 13525  9344  150.00000  133  454          -  150.00000      -   635 2765s
 13577  9392  150.00000  156  386          -  150.00000      -   634 2770s
 13626  9427  150.00000  167  407          -  150.00000      -   634 2775s
 13657  9430  150.00000  105  345          -  150.00000      -   634 2780s
 13718  9485  150.00000  133  442          -  150.00000      -   634 2785s
 13793  9538 infeasible  139               -  150.00000      -   632 2790s
 13822  9561 infeasible  150               -  150.00000      -   633 2795s
 13855  9580  150.00000  165  451          -  150.00000      -   633 2800s
 13896  9601  150.00000  136  445          -  150.00000      -   633 2805s
 13952  9637  150.00000  156  317          -  150.00000      -   632 2810s
 13987  9650 infeasible  153               -  150.00000      -   633 2815s
 14021  9662 infeasible  163               -  150.00000      -   634 2820s
 14080  9719  150.00000  128  455          -  150.00000      -   633 2825s
 14125  9754  150.00000  155  455          -  150.00000      -   633 2830s
 14165  9778  150.00000   42  408          -  150.00000      -   632 2835s
 14200  9813  150.00000   67  349          -  150.00000      -   632 2840s
 14230  9843  150.00000   81  461          -  150.00000      -   632 2845s
 14257  9866  150.00000  100  445          -  150.00000      -   631 2850s
 14279  9866 infeasible  109               -  150.00000      -   631 2855s
 14292  9865  150.00000   32  364          -  150.00000      -   632 2860s
 14337  9910  150.00000   69  432          -  150.00000      -   631 2865s
 14381  9954  150.00000   93  394          -  150.00000      -   630 2870s
 14435 10006  150.00000  118  480          -  150.00000      -   630 2875s
 14465 10022 infeasible  131               -  150.00000      -   630 2880s
 14482 10029 infeasible  136               -  150.00000      -   630 2885s
 14503 10034 infeasible  146               -  150.00000      -   631 2890s
 14518 10039  150.00000   33  378          -  150.00000      -   632 2895s
 14550 10069  150.00000   52  427          -  150.00000      -   631 2900s
 14592 10111  150.00000   72  396          -  150.00000      -   631 2905s
 14632 10133 infeasible   89               -  150.00000      -   631 2910s
 14670 10161  150.00000   49  418          -  150.00000      -   631 2915s
 14714 10205  150.00000   79  391          -  150.00000      -   630 2920s
 14759 10250  150.00000  104  484          -  150.00000      -   630 2925s
 14788 10277  150.00000  117  420          -  150.00000      -   630 2930s
 14804 10289 infeasible  125               -  150.00000      -   631 2935s
 14821 10296 infeasible  132               -  150.00000      -   631 2940s
 14861 10332  150.00000   57  499          -  150.00000      -   631 2945s
 14924 10393  150.00000   96  417          -  150.00000      -   630 2950s
 14949 10410 infeasible  107               -  150.00000      -   630 2955s
 14982 10425  150.00000   31  370          -  150.00000      -   630 2960s
 15032 10471  150.00000   56  384          -  150.00000      -   630 2965s
 15085 10524  150.00000   86  415          -  150.00000      -   629 2970s
 15137 10576  150.00000  104  525          -  150.00000      -   629 2975s
 15170 10607  150.00000  122  540          -  150.00000      -   629 2980s
 15197 10630 infeasible  136               -  150.00000      -   629 2985s
 15216 10641 infeasible  139               -  150.00000      -   630 2990s
 15245 10654  150.00000   88  370          -  150.00000      -   630 2995s
 15297 10698 infeasible  112               -  150.00000      -   629 3000s
 15349 10734  150.00000   87  357          -  150.00000      -   629 3005s
 15399 10780  150.00000  106  453          -  150.00000      -   629 3010s
 15420 10801  150.00000  113  490          -  150.00000      -   629 3015s
 15437 10800  150.00000  114  451          -  150.00000      -   630 3020s
 15451 10798  150.00000   77  532          -  150.00000      -   631 3025s
 15487 10828  150.00000   97  440          -  150.00000      -   630 3030s
 15515 10838  150.00000  104  447          -  150.00000      -   631 3035s
 15546 10847  150.00000  121  316          -  150.00000      -   631 3040s
 15592 10889  150.00000  148  304          -  150.00000      -   631 3045s
 15595 10892  150.00000  151  316          -  150.00000      -   631 3061s
 15614 10899 infeasible  158               -  150.00000      -   631 3065s
 15642 10917 infeasible  135               -  150.00000      -   631 3070s
 15662 10925 infeasible  143               -  150.00000      -   632 3075s
 15677 10924 infeasible  147               -  150.00000      -   632 3080s
 15707 10946  150.00000  133  400          -  150.00000      -   633 3085s
 15731 10962 infeasible  144               -  150.00000      -   633 3090s
 15760 10977  150.00000  131  281          -  150.00000      -   633 3095s
 15802 10985 infeasible  132               -  150.00000      -   634 3100s
 15834 11015  150.00000  138  388          -  150.00000      -   634 3105s
 15859 11038  150.00000  151  429          -  150.00000      -   634 3110s
 15882 11047  150.00000  127  322          -  150.00000      -   634 3115s
 15912 11073  150.00000  142  376          -  150.00000      -   635 3120s
 15935 11078  150.00000  117  403          -  150.00000      -   635 3125s
 15968 11103  150.00000  137  413          -  150.00000      -   636 3130s
 16012 11135  150.00000   47  363          -  150.00000      -   635 3135s
 16062 11185  150.00000   76  351          -  150.00000      -   635 3140s
 16102 11221 infeasible   93               -  150.00000      -   634 3145s
 16142 11259  150.00000  108  410          -  150.00000      -   634 3150s
 16173 11284 infeasible  117               -  150.00000      -   634 3155s
 16190 11285 infeasible  124               -  150.00000      -   634 3160s
 16203 11292 infeasible  128               -  150.00000      -   635 3165s
 16239 11306  150.00000   94  310          -  150.00000      -   635 3170s
 16310 11361  150.00000  124  347          -  150.00000      -   634 3175s
 16348 11397  150.00000  141  337          -  150.00000      -   634 3180s
 16369 11406  150.00000  143  478          -  150.00000      -   635 3185s
 16400 11423  150.00000   97  376          -  150.00000      -   635 3190s
 16427 11430  150.00000   88  310          -  150.00000      -   635 3195s
 16483 11486  150.00000  122  387          -  150.00000      -   635 3200s
 16530 11527 infeasible  146               -  150.00000      -   634 3205s
 16551 11542 infeasible  157               -  150.00000      -   635 3210s
 16569 11550 infeasible  163               -  150.00000      -   635 3215s
 16597 11568  150.00000  131  344          -  150.00000      -   635 3220s
 16623 11582  150.00000   69  333          -  150.00000      -   636 3225s
 16669 11628  150.00000   90  352          -  150.00000      -   635 3230s
 16708 11663 infeasible  111               -  150.00000      -   635 3235s
 16726 11669 infeasible  115               -  150.00000      -   636 3240s
 16757 11698  150.00000   99  416          -  150.00000      -   636 3245s
 16787 11716 infeasible  110               -  150.00000      -   636 3250s
 16826 11743 infeasible   94               -  150.00000      -   635 3255s
 16865 11766 infeasible  100               -  150.00000      -   635 3260s
 16895 11792 infeasible  118               -  150.00000      -   635 3265s
 16915 11800 infeasible  127               -  150.00000      -   636 3270s
 16932 11809  150.00000  134  568          -  150.00000      -   636 3275s
 16948 11805  150.00000   84  420          -  150.00000      -   636 3280s
 16991 11846  150.00000  111  451          -  150.00000      -   636 3285s
 17018 11869  150.00000  124  454          -  150.00000      -   636 3290s
 17044 11881  150.00000   84  456          -  150.00000      -   636 3295s
 17077 11914  150.00000  106  451          -  150.00000      -   636 3300s
 17096 11919  150.00000  109  454          -  150.00000      -   637 3305s
 17119 11930  150.00000   89  512          -  150.00000      -   637 3310s
 17155 11964  150.00000  105  356          -  150.00000      -   637 3315s
 17204 11995  150.00000   98  407          -  150.00000      -   637 3320s
 17238 12013 infeasible  119               -  150.00000      -   636 3325s
 17281 12052  150.00000  108  334          -  150.00000      -   636 3330s
 17328 12081 infeasible  133               -  150.00000      -   636 3335s
 17368 12101  150.00000   76  461          -  150.00000      -   636 3340s
 17411 12144  150.00000   98  392          -  150.00000      -   635 3345s
 17444 12173  150.00000  119  364          -  150.00000      -   636 3350s
 17472 12187  150.00000   71  360          -  150.00000      -   636 3355s
 17531 12244 infeasible  104               -  150.00000      -   635 3360s
 17563 12276  150.00000  121  410          -  150.00000      -   635 3383s
 17568 12275  150.00000  122  416          -  150.00000      -   635 3385s
 17627 12320  150.00000  115  325          -  150.00000      -   635 3390s
 17665 12354  149.98355  134  558          -  150.00000      -   635 3395s
 17706 12387  150.00000  155  466          -  150.00000      -   635 3400s
 17732 12401  150.00000  127  530          -  150.00000      -   635 3405s
 17757 12414  150.00000   98  291          -  150.00000      -   636 3410s
 17824 12481  150.00000  118  284          -  150.00000      -   635 3415s
 17877 12526  150.00000  135  299          -  150.00000      -   635 3420s
 17899 12530  149.96134  136  519          -  150.00000      -   636 3425s
 17918 12547  149.96058  142  552          -  150.00000      -   637 3430s
 17935 12562  148.90229  143  517          -  150.00000      -   637 3435s
 17965 12580  149.89546  147  483          -  150.00000      -   637 3440s
 18019 12606  150.00000  122  350          -  150.00000      -   637 3445s
 18066 12651 infeasible  137               -  150.00000      -   637 3450s
 18100 12667  150.00000  130  342          -  150.00000      -   637 3455s
 18132 12671  150.00000  119  381          -  150.00000      -   637 3460s
 18158 12697  149.67097  138  597          -  150.00000      -   638 3465s
 18173 12696 infeasible  140               -  150.00000      -   639 3470s
 18200 12723  150.00000  135  455          -  150.00000      -   639 3475s
 18225 12742 infeasible  147               -  150.00000      -   639 3480s
 18241 12746  149.99465  126  610          -  150.00000      -   640 3485s
 18263 12766  150.00000  135  503          -  150.00000      -   641 3490s
 18278 12777 infeasible  144               -  150.00000      -   642 3495s
 18288 12775 infeasible  144               -  150.00000      -   643 3500s
 18333 12820  150.00000  122  529          -  150.00000      -   642 3505s
 18357 12840  149.96892  136  515          -  150.00000      -   643 3510s
 18376 12843  150.00000  102  368          -  150.00000      -   644 3515s
 18437 12904  150.00000  131  464          -  150.00000      -   644 3520s
 18471 12936  149.99640  140  634          -  150.00000      -   644 3525s
 18502 12963  149.97540  160  459          -  150.00000      -   644 3530s
 18539 12988 infeasible  168               -  150.00000      -   645 3535s
 18567 12992  150.00000  116  357          -  150.00000      -   645 3540s
 18594 13017  149.96183  130  492          -  150.00000      -   646 3545s
 18625 13034  149.91615  139  547          -  150.00000      -   646 3550s
 18648 13039  149.80862  134  591          -  150.00000      -   647 3555s
 18675 13054  149.71186  137  587          -  150.00000      -   648 3560s
 18724 13087  150.00000  122  377          -  150.00000      -   648 3565s
 18762 13119  150.00000  137  400          -  150.00000      -   648 3570s
 18791 13148  150.00000  150  457          -  150.00000      -   648 3575s
 18815 13168  149.70244  157  546          -  150.00000      -   649 3580s
 18862 13205  150.00000  125  374          -  150.00000      -   649 3585s
 18899 13232 infeasible  142               -  150.00000      -   649 3590s
 18934 13263  150.00000  138  435          -  150.00000      -   649 3595s

Cutting planes:
  Gomory: 9
  Lift-and-project: 7
  Cover: 4
  Clique: 5
  MIR: 9
  StrongCG: 1
  Flow cover: 60
  Zero half: 33
  RLT: 124
  BQP: 186

Explored 18960 nodes (12707477 simplex iterations) in 3600.00 seconds (4648.38 work units)
Thread count was 1 (of 8 available processors)

Solution count 0

Time limit reached
Best objective -, best bound 1.500000000000e+02, gap -
