
Gurobi 11.0.1 (win64) logging started Mon Apr  1 12:49:44 2024

Set parameter LogFile to value "C:\Projetos\Job_Rotation_Algorithms\Outputs\GurobiLogs\gurobi_log-output-6_ton-c132-BorbaRittModel-NoExtraConstraint-2.log"
Gurobi Optimizer version 11.0.1 build v11.0.1rc0 (win64 - Windows 10.0 (19045.2))

CPU model: 11th Gen Intel(R) Core(TM) i7-1165G7 @ 2.80GHz, instruction set [SSE2|AVX|AVX2|AVX512]
Thread count: 4 physical cores, 8 logical processors, using up to 1 threads


Gurobi 11.0.1 (win64) logging started Mon Apr  1 21:37:34 2024

Set parameter LogFile to value "C:\Projetos\Job_Rotation_Algorithms\Outputs\GurobiLogs\gurobi_log-output-6_ton-c132-BorbaRittModel-NoExtraConstraint-2.log"
Gurobi Optimizer version 11.0.1 build v11.0.1rc0 (win64 - Windows 10.0 (19045.2))

CPU model: 11th Gen Intel(R) Core(TM) i7-1165G7 @ 2.80GHz, instruction set [SSE2|AVX|AVX2|AVX512]
Thread count: 4 physical cores, 8 logical processors, using up to 1 threads


Gurobi 11.0.1 (win64) logging started Thu Apr  4 23:34:58 2024

Set parameter LogFile to value "C:\Projetos\Job_Rotation_Algorithms\Outputs\GurobiLogs\gurobi_log-output-6_ton-c132-BorbaRittModel-NoExtraConstraint-2.log"
Gurobi Optimizer version 11.0.1 build v11.0.1rc0 (win64 - Windows 10.0 (19045.2))

CPU model: 11th Gen Intel(R) Core(TM) i7-1165G7 @ 2.80GHz, instruction set [SSE2|AVX|AVX2|AVX512]
Thread count: 4 physical cores, 8 logical processors, using up to 1 threads


Gurobi 11.0.1 (win64) logging started Sat Apr  6 13:05:14 2024

Set parameter LogFile to value "C:\Projetos\Job_Rotation_Algorithms\Outputs\GurobiLogs\gurobi_log-output-6_ton-c132-BorbaRittModel-NoExtraConstraint-2.log"
Gurobi Optimizer version 11.0.1 build v11.0.1rc0 (win64 - Windows 10.0 (19045.2))

CPU model: 11th Gen Intel(R) Core(TM) i7-1165G7 @ 2.80GHz, instruction set [SSE2|AVX|AVX2|AVX512]
Thread count: 4 physical cores, 8 logical processors, using up to 1 threads


Gurobi 11.0.1 (win64) logging started Sun Apr  7 02:37:24 2024

Set parameter LogFile to value "C:\Projetos\Job_Rotation_Algorithms\Outputs\GurobiLogs\gurobi_log-output-6_ton-c132-BorbaRittModel-NoExtraConstraint-2.log"
Gurobi Optimizer version 11.0.1 build v11.0.1rc0 (win64 - Windows 10.0 (19045.2))

CPU model: 11th Gen Intel(R) Core(TM) i7-1165G7 @ 2.80GHz, instruction set [SSE2|AVX|AVX2|AVX512]
Thread count: 4 physical cores, 8 logical processors, using up to 1 threads


Gurobi 11.0.1 (win64) logging started Sun Apr  7 09:50:20 2024

Set parameter LogFile to value "C:\Projetos\Job_Rotation_Algorithms\Outputs\GurobiLogs\gurobi_log-output-6_ton-c132-BorbaRittModel-NoExtraConstraint-2.log"
Gurobi Optimizer version 11.0.1 build v11.0.1rc0 (win64 - Windows 10.0 (19045.2))

CPU model: 11th Gen Intel(R) Core(TM) i7-1165G7 @ 2.80GHz, instruction set [SSE2|AVX|AVX2|AVX512]
Thread count: 4 physical cores, 8 logical processors, using up to 1 threads


Gurobi 11.0.1 (win64) logging started Wed Apr 10 17:39:02 2024

Set parameter LogFile to value "C:\Projetos\Job_Rotation_Algorithms\Outputs\GurobiLogs\gurobi_log-output-6_ton-c132-BorbaRittModel-NoExtraConstraint-2.log"
Gurobi Optimizer version 11.0.1 build v11.0.1rc0 (win64 - Windows 10.0 (19045.2))

CPU model: 11th Gen Intel(R) Core(TM) i7-1165G7 @ 2.80GHz, instruction set [SSE2|AVX|AVX2|AVX512]
Thread count: 4 physical cores, 8 logical processors, using up to 1 threads


Gurobi 11.0.1 (win64) logging started Thu Apr 11 01:43:59 2024

Set parameter LogFile to value "C:\Projetos\Job_Rotation_Algorithms\Outputs\GurobiLogs\gurobi_log-output-6_ton-c132-BorbaRittModel-NoExtraConstraint-2.log"
Gurobi Optimizer version 11.0.1 build v11.0.1rc0 (win64 - Windows 10.0 (19045.2))

CPU model: 11th Gen Intel(R) Core(TM) i7-1165G7 @ 2.80GHz, instruction set [SSE2|AVX|AVX2|AVX512]
Thread count: 4 physical cores, 8 logical processors, using up to 1 threads


Gurobi 11.0.1 (win64) logging started Sun Apr 21 03:00:48 2024

Set parameter LogFile to value "C:\Projetos\Job_Rotation_Algorithms\Outputs\GurobiLogs\gurobi_log-output-6_ton-c132-BorbaRittModel-NoExtraConstraint-2.log"
Gurobi Optimizer version 11.0.1 build v11.0.1rc0 (win64 - Windows 10.0 (19045.2))

CPU model: 11th Gen Intel(R) Core(TM) i7-1165G7 @ 2.80GHz, instruction set [SSE2|AVX|AVX2|AVX512]
Thread count: 4 physical cores, 8 logical processors, using up to 1 threads


Gurobi 11.0.1 (win64) logging started Fri Apr 26 07:42:46 2024

Set parameter LogFile to value "C:\Projetos\Job_Rotation_Algorithms\Outputs\GurobiLogs\gurobi_log-output-6_ton-c132-BorbaRittModel-NoExtraConstraint-2.log"
Gurobi Optimizer version 11.0.1 build v11.0.1rc0 (win64 - Windows 10.0 (19045.2))

CPU model: 11th Gen Intel(R) Core(TM) i7-1165G7 @ 2.80GHz, instruction set [SSE2|AVX|AVX2|AVX512]
Thread count: 4 physical cores, 8 logical processors, using up to 1 threads


Gurobi 11.0.1 (win64) logging started Sat Apr 27 04:34:04 2024

Set parameter LogFile to value "C:\Projetos\Job_Rotation_Algorithms\Outputs\GurobiLogs\gurobi_log-output-6_ton-c132-BorbaRittModel-NoExtraConstraint-2.log"
Gurobi Optimizer version 11.0.1 build v11.0.1rc0 (win64 - Windows 10.0 (19045.2))

CPU model: 11th Gen Intel(R) Core(TM) i7-1165G7 @ 2.80GHz, instruction set [SSE2|AVX|AVX2|AVX512]
Thread count: 4 physical cores, 8 logical processors, using up to 1 threads


Gurobi 11.0.1 (win64) logging started Sat Apr 27 14:52:06 2024

Set parameter LogFile to value "C:\Projetos\Job_Rotation_Algorithms\Outputs\GurobiLogs\gurobi_log-output-6_ton-c132-BorbaRittModel-NoExtraConstraint-2.log"
Gurobi Optimizer version 11.0.1 build v11.0.1rc0 (win64 - Windows 10.0 (19045.2))

CPU model: 11th Gen Intel(R) Core(TM) i7-1165G7 @ 2.80GHz, instruction set [SSE2|AVX|AVX2|AVX512]
Thread count: 4 physical cores, 8 logical processors, using up to 1 threads


Gurobi 11.0.1 (win64) logging started Fri May  3 08:30:21 2024

Set parameter LogFile to value "C:\Projetos\Job_Rotation_Algorithms\Outputs\GurobiLogs\gurobi_log-output-6_ton-c132-BorbaRittModel-NoExtraConstraint-2.log"
Gurobi Optimizer version 11.0.1 build v11.0.1rc0 (win64 - Windows 10.0 (19045.2))

CPU model: 11th Gen Intel(R) Core(TM) i7-1165G7 @ 2.80GHz, instruction set [SSE2|AVX|AVX2|AVX512]
Thread count: 4 physical cores, 8 logical processors, using up to 1 threads

WLS license 901038 - registered to Bitka Analytics
Optimize a model with 14439 rows, 2030 columns and 45230 nonzeros
Model fingerprint: 0xa3a21d0e
Variable types: 2 continuous, 2028 integer (2028 binary)
Coefficient statistics:
  Matrix range     [1e+00, 2e+02]
  Objective range  [1e+00, 1e+00]
  Bounds range     [1e+00, 3e+02]
  RHS range        [1e+00, 3e+02]
Presolve removed 1 rows and 1 columns
Presolve time: 0.06s
Presolved: 14438 rows, 2029 columns, 45228 nonzeros
Variable types: 0 continuous, 2029 integer (2028 binary)
Root relaxation presolved: 14438 rows, 2029 columns, 45228 nonzeros


Root relaxation: objective 1.400000e+02, 2774 iterations, 0.24 seconds (0.29 work units)

    Nodes    |    Current Node    |     Objective Bounds      |     Work
 Expl Unexpl |  Obj  Depth IntInf | Incumbent    BestBd   Gap | It/Node Time

     0     0  140.00000    0  509          -  140.00000      -     -    2s
     0     0  140.00000    0  751          -  140.00000      -     -    3s
     0     0  140.00000    0  734          -  140.00000      -     -    3s
     0     0  140.00000    0  439          -  140.00000      -     -    5s
     0     0  140.00000    0  410          -  140.00000      -     -    5s
     0     0  140.00000    0  531          -  140.00000      -     -    9s
     0     0  140.00000    0  530          -  140.00000      -     -    9s
     0     0  140.00000    0  374          -  140.00000      -     -   11s
     0     0  140.00000    0  412          -  140.00000      -     -   11s
     0     0  140.00000    0  437          -  140.00000      -     -   13s
     0     0  140.00000    0  434          -  140.00000      -     -   13s
     0     0  140.00000    0  474          -  140.00000      -     -   14s
     0     0  140.00000    0  464          -  140.00000      -     -   14s
     0     0  140.00000    0  468          -  140.00000      -     -   15s
     0     0  140.00000    0  468          -  140.00000      -     -   16s
     0     2  140.00000    0  468          -  140.00000      -     -   18s
    25    27  140.00000   15  376          -  140.00000      -   275   20s
   274   186  140.00000   25  357          -  140.00000      -   149   25s
   528   318  140.00000   45  304          -  140.00000      -   151   30s
   689   416  140.00000   23  510          -  140.00000      -   146   36s
   691   417  140.00000   23  536          -  140.00000      -   145   40s
   697   421  140.00000   23  422          -  140.00000      -   144   45s
   703   425  140.00000   34  522          -  140.00000      -   143   50s
   708   429  140.00000   60  459          -  140.00000      -   142   55s
   719   438  140.00000   19  378          -  140.00000      -   103   60s
   808   491  140.00000   63  393          -  140.00000      -   112   68s
   836   506  140.00000   77  213          -  140.00000      -   119   70s
   981   495  140.00000   78  226          -  140.00000      -   141   75s
  1126   473  140.00000   82  191          -  140.00000      -   164   80s
  1305   437  140.00000   83  224          -  140.00000      -   184   85s
  1468   381 infeasible   80               -  140.00000      -   203   90s
  1668   352 infeasible   90               -  140.00000      -   211   95s
  1852   318 infeasible   88               -  140.00000      -   219  100s
  2009   275 infeasible   91               -  140.00000      -   232  105s
  2188   318  140.00000   94  213          -  140.00000      -   238  110s
  2349   329  140.00000   93  187          -  140.00000      -   248  115s
  2548   334  140.00000   89  209          -  140.00000      -   251  120s
  2696   338 infeasible   98               -  140.00000      -   260  125s
  2740   330  140.00000   80  208          -  140.00000      -   262  130s
  2912   374  140.00000   90  215          -  140.00000      -   264  135s
  3075   419  140.00000   85  180          -  140.00000      -   269  140s
  3298   470  140.00000   80  215          -  140.00000      -   266  145s
  3478   592  140.00000   87  244          -  140.00000      -   263  150s
  3621   613 infeasible  102               -  140.00000      -   267  155s
  3785   739 infeasible   56               -  140.00000      -   266  160s
  4018   898  140.00000   54  364          -  140.00000      -   260  165s
  4200  1032 infeasible   75               -  140.00000      -   258  170s
  4405  1167  140.00000   71  284          -  140.00000      -   256  175s
  4572  1278  140.00000   74  301          -  140.00000      -   256  180s
  4691  1349 infeasible   65               -  140.00000      -   261  185s
  4869  1449  140.00000   49  347          -  140.00000      -   261  190s
  4948  1494  140.00000   56  322          -  140.00000      -   261  195s
  5085  1587  140.00000   71  281          -  140.00000      -   263  200s
  5270  1706  140.00000   59  414          -  140.00000      -   264  205s
  5408  1790 infeasible   99               -  140.00000      -   267  210s
  5524  1822 infeasible  104               -  140.00000      -   271  215s
  5693  1904 infeasible  103               -  140.00000      -   273  220s
  5802  1907  140.00000  102  202          -  140.00000      -   279  225s
  5917  1926 infeasible  102               -  140.00000      -   284  230s
  6025  1944 infeasible  108               -  140.00000      -   287  235s
  6162  2017  140.00000   82  298          -  140.00000      -   289  240s
  6327  2056 infeasible   89               -  140.00000      -   290  245s
  6470  2085 infeasible   98               -  140.00000      -   293  250s
  6611  2096  140.00000   92  296          -  140.00000      -   296  255s
  6736  2143  140.00000   85  261          -  140.00000      -   299  260s
  6767  2142  140.00000   84  232          -  140.00000      -   299  265s
  6877  2164 infeasible   90               -  140.00000      -   302  270s
  6995  2203  139.00000   93  326          -  140.00000      -   305  275s
  7137  2282 infeasible  120               -  140.00000      -   308  280s
  7252  2317  139.00000   94  351          -  140.00000      -   310  285s
  7432  2397  140.00000   47  278          -  140.00000      -   309  290s
  7620  2539  140.00000   61  304          -  140.00000      -   308  295s
  7804  2651  140.00000   63  318          -  140.00000      -   306  300s
  8045  2820  140.00000   75  321          -  140.00000      -   303  305s
  8160  2889 infeasible   82               -  140.00000      -   305  310s
  8356  3017 infeasible   87               -  140.00000      -   304  315s
  8629  3176  140.00000   62  322          -  140.00000      -   301  320s
  8948  3377  140.00000   88  366          -  140.00000      -   296  325s
  9218  3511 infeasible   76               -  140.00000      -   294  330s
  9502  3639 infeasible   65               -  140.00000      -   292  335s
  9806  3765  140.00000   51  240          -  140.00000      -   290  340s
 10094  3925 infeasible  103               -  140.00000      -   288  345s
 10202  4007  140.00000   88  264          -  140.00000      -   287  420s
 10386  4131 infeasible   94               -  140.00000      -   286  425s
 10429  4162  140.00000   59  249          -  140.00000      -   286  430s
 10606  4291  140.00000   83  341          -  140.00000      -   286  435s
 10844  4419 infeasible   87               -  140.00000      -   284  440s
 11113  4586  140.00000   80  415          -  140.00000      -   282  445s
 11290  4685 infeasible   79               -  140.00000      -   282  450s
 11494  4813 infeasible   73               -  140.00000      -   281  455s
 11734  4915 infeasible   83               -  140.00000      -   280  460s
 11978  5047  140.00000   48  341          -  140.00000      -   279  465s
 12118  5137  140.00000   64  317          -  140.00000      -   279  470s
 12334  5269 infeasible   60               -  140.00000      -   279  475s
 12548  5395  140.00000   60  320          -  140.00000      -   279  480s
 12776  5517 infeasible   72               -  140.00000      -   279  485s
 12988  5627 infeasible   72               -  140.00000      -   280  490s
 13211  5742  140.00000   94  284          -  140.00000      -   280  495s
 13394  5813 infeasible   86               -  140.00000      -   281  500s
 13533  5838 infeasible   82               -  140.00000      -   283  505s
 13687  5870 infeasible   95               -  140.00000      -   283  510s
 13847  5880 infeasible   88               -  140.00000      -   285  515s
 13857  5876  140.00000   96  246          -  140.00000      -   285  520s
 14018  5857 infeasible   93               -  140.00000      -   285  525s
 14198  5901 infeasible   95               -  140.00000      -   286  530s
 14340  5951 infeasible   97               -  140.00000      -   287  535s
 14446  5966 infeasible   91               -  140.00000      -   290  540s
 14590  6032  140.00000  106  274          -  140.00000      -   291  545s
 14715  6059  140.00000   96  293          -  140.00000      -   293  550s
 14815  6083 infeasible   90               -  140.00000      -   296  555s
 14938  6100 infeasible  103               -  140.00000      -   297  560s
 15090  6150  140.00000   98  222          -  140.00000      -   298  565s
 15212  6178  140.00000   99  279          -  140.00000      -   300  570s
 15344  6238 infeasible   97               -  140.00000      -   301  575s
 15480  6288  140.00000   94  289          -  140.00000      -   302  580s
 15623  6301  140.00000   91  217          -  140.00000      -   303  585s
 15759  6313 infeasible   94               -  140.00000      -   304  590s
 15921  6393 infeasible  105               -  140.00000      -   305  595s
 16082  6428  140.00000   96  270          -  140.00000      -   306  600s
 16203  6419  140.00000   97  218          -  140.00000      -   308  605s
 16346  6432  140.00000  100  256          -  140.00000      -   310  610s
 16485  6429 infeasible   98               -  140.00000      -   311  615s
 16633  6457 infeasible  106               -  140.00000      -   313  620s
 16751  6435 infeasible  101               -  140.00000      -   315  625s
 16921  6499  140.00000   91  245          -  140.00000      -   315  630s
 17069  6533  140.00000   80  284          -  140.00000      -   316  635s
 17243  6571  140.00000  107  235          -  140.00000      -   316  640s
 17411  6581 infeasible  103               -  140.00000      -   317  645s
 17593  6575  140.00000   95  220          -  140.00000      -   317  650s
 17769  6561  140.00000   86  236          -  140.00000      -   318  655s
 17898  6558  140.00000   96  257          -  140.00000      -   318  660s
 18074  6582  140.00000   87  268          -  140.00000      -   319  665s
 18262  6636 infeasible  102               -  140.00000      -   319  670s
 18436  6730 infeasible  101               -  140.00000      -   319  675s
 18588  6774  140.00000   94  245          -  140.00000      -   321  680s
 18612  6784  140.00000  103  197          -  140.00000      -   321  686s
 18711  6777  140.00000  103  239          -  140.00000      -   321  690s
 18837  6771 infeasible  106               -  140.00000      -   323  695s
 18975  6775 infeasible  101               -  140.00000      -   324  700s
 19121  6789  140.00000  109  283          -  140.00000      -   325  705s
 19276  6816  140.00000   93  246          -  140.00000      -   326  710s
 19443  6843 infeasible  102               -  140.00000      -   327  715s
 19614  6826 infeasible   90               -  140.00000      -   327  720s
 19773  6845 infeasible  100               -  140.00000      -   328  725s
 19893  6871 infeasible  101               -  140.00000      -   329  730s
 20041  6901  140.00000  106  266          -  140.00000      -   330  735s
 20168  6902  140.00000  101  277          -  140.00000      -   332  740s
 20330  6898 infeasible  102               -  140.00000      -   332  745s
 20535  6953  140.00000   92  295          -  140.00000      -   332  750s
 20688  6986  139.89728   97  277          -  140.00000      -   333  755s
 20817  7019  140.00000   93  228          -  140.00000      -   334  760s
 20971  7049 infeasible  102               -  140.00000      -   335  765s
 21115  7033 infeasible   99               -  140.00000      -   336  770s
 21274  7054  140.00000   96  222          -  140.00000      -   336  775s
 21419  7061 infeasible   97               -  140.00000      -   337  780s
 21545  7061 infeasible   95               -  140.00000      -   339  785s
 21706  7066  140.00000   92  294          -  140.00000      -   339  790s
 21865  7069 infeasible   93               -  140.00000      -   340  795s
 22039  7073 infeasible  100               -  140.00000      -   341  800s
 22213  7097  140.00000   81  243          -  140.00000      -   341  805s
 22264  7096  140.00000   83  275          -  140.00000      -   342  814s
 22269  7091 infeasible   84               -  140.00000      -   342  815s
 22383  7111  140.00000   89  287          -  140.00000      -   343  820s
 22528  7116 infeasible   92               -  140.00000      -   344  825s
 22748  7184  140.00000   93  236          -  140.00000      -   344  830s
 22963  7217  140.00000   98  224          -  140.00000      -   343  835s
 23149  7225  140.00000   97  262          -  140.00000      -   343  840s
 23323  7227 infeasible   83               -  140.00000      -   343  845s
 23491  7236 infeasible   98               -  140.00000      -   344  850s
 23598  7227 infeasible   84               -  140.00000      -   345  855s
 23760  7261 infeasible   86               -  140.00000      -   345  860s
 23947  7320  140.00000   92  269          -  140.00000      -   345  865s
 24106  7339  140.00000   78  275          -  140.00000      -   346  870s
 24240  7339  140.00000   87  306          -  140.00000      -   347  875s
 24376  7405 infeasible   89               -  140.00000      -   347  880s
 24548  7457 infeasible  101               -  140.00000      -   347  885s
 24702  7473 infeasible  103               -  140.00000      -   348  890s
 24871  7542 infeasible   99               -  140.00000      -   348  895s
 24996  7601 infeasible  115               -  140.00000      -   349  900s
 25135  7652  140.00000   98  322          -  140.00000      -   350  905s
 25246  7681 infeasible  102               -  140.00000      -   351  910s
 25394  7704 infeasible  113               -  140.00000      -   352  915s
 25528  7728 infeasible  109               -  140.00000      -   353  920s
 25655  7735 infeasible   99               -  140.00000      -   353  925s
 25815  7783 infeasible  103               -  140.00000      -   354  930s
 25944  7828 infeasible  111               -  140.00000      -   355  935s
 26061  7847 infeasible  109               -  140.00000      -   356  940s
 26167  7837  140.00000   99  236          -  140.00000      -   357  950s
 26311  7847  140.00000  101  250          -  140.00000      -   357  955s
 26470  7862 infeasible  107               -  140.00000      -   358  960s
 26593  7879 infeasible   97               -  140.00000      -   359  965s
 26712  7920  140.00000  103  256          -  140.00000      -   360  970s
 26849  7957 infeasible  111               -  140.00000      -   360  975s
 26966  7958 infeasible  114               -  140.00000      -   361  980s
 27107  7947  140.00000  103  174          -  140.00000      -   362  985s
 27201  7947  140.00000  111  285          -  140.00000      -   363  990s
 27331  7965  140.00000  113  181          -  140.00000      -   364  995s
 27460  7964  140.00000   99  296          -  140.00000      -   365 1000s
 27589  7997 infeasible  110               -  140.00000      -   366 1005s
 27729  8001  140.00000  107  232          -  140.00000      -   366 1010s
 27848  8018  140.00000  105  250          -  140.00000      -   367 1015s
 27970  8004  140.00000  109  251          -  140.00000      -   368 1020s
 28125  8011 infeasible  120               -  140.00000      -   368 1025s
 28283  8003 infeasible  105               -  140.00000      -   369 1030s
 28383  7993 infeasible  111               -  140.00000      -   370 1035s
 28518  8000 infeasible  108               -  140.00000      -   370 1040s
 28665  7997  140.00000  109  228          -  140.00000      -   371 1045s
 28811  8007  140.00000  105  196          -  140.00000      -   371 1050s
 28939  8001 infeasible  109               -  140.00000      -   372 1055s
 28995  7997  140.00000  110  156          -  140.00000      -   372 1062s
 29063  7993 infeasible  109               -  140.00000      -   372 1065s
 29231  8001  139.61026  105  186          -  140.00000      -   373 1070s
 29379  8017 infeasible  106               -  140.00000      -   373 1075s
 29480  8014  140.00000   99  241          -  140.00000      -   374 1080s
 29581  8017  140.00000  104  264          -  140.00000      -   375 1085s
 29684  8024  139.79187  103  285          -  140.00000      -   376 1090s
 29808  8040  140.00000  108  189          -  140.00000      -   377 1095s
 29936  8044  140.00000  112  282          -  140.00000      -   378 1100s
 30062  8026  140.00000  102  289          -  140.00000      -   378 1105s
 30192  8024 infeasible  108               -  140.00000      -   379 1110s
 30293  8019  140.00000  108  261          -  140.00000      -   379 1115s
 30401  8009  140.00000  100  259          -  140.00000      -   380 1120s
 30499  8011  140.00000  104  258          -  140.00000      -   381 1125s
 30599  8019  140.00000  103  231          -  140.00000      -   381 1130s
 30733  8031 infeasible  102               -  140.00000      -   382 1135s
 30853  8023  140.00000  110  215          -  140.00000      -   382 1140s
 30954  8034  140.00000  109  253          -  140.00000      -   383 1145s
 31075  8035 infeasible  112               -  140.00000      -   384 1150s
 31176  8056 infeasible  111               -  140.00000      -   385 1155s
 31284  8070  140.00000  104  245          -  140.00000      -   385 1160s
 31389  8079  140.00000  106  278          -  140.00000      -   386 1165s
 31514  8102  140.00000  105  303          -  140.00000      -   387 1170s
 31644  8110  140.00000  105  242          -  140.00000      -   387 1175s
 31669  8109  140.00000   99  270          -  140.00000      -   387 1180s
 31774  8128  140.00000  105  255          -  140.00000      -   388 1185s
 31874  8128  140.00000  110  254          -  140.00000      -   389 1190s
 31988  8136  138.00000   99  281          -  140.00000      -   389 1195s
 32104  8170  140.00000   88  242          -  140.00000      -   390 1200s
 32242  8198 infeasible  106               -  140.00000      -   391 1205s
 32365  8165  140.00000   99  253          -  140.00000      -   391 1210s
 32471  8175  139.44133  101  295          -  140.00000      -   392 1215s
 32618  8188 infeasible  100               -  140.00000      -   392 1220s
 32784  8194  140.00000   97  214          -  140.00000      -   393 1225s
 32923  8213  140.00000   94  238          -  140.00000      -   393 1230s
 33060  8254 infeasible   91               -  140.00000      -   393 1235s
 33169  8271 infeasible   91               -  140.00000      -   394 1240s
 33277  8293 infeasible  100               -  140.00000      -   395 1245s
 33407  8329  140.00000   99  261          -  140.00000      -   395 1250s
 33570  8382 infeasible   95               -  140.00000      -   395 1255s
 33741  8425 infeasible   87               -  140.00000      -   394 1260s
 33773  8433  140.00000   78  224          -  140.00000      -   394 1266s
 33900  8496  140.00000   52  293          -  140.00000      -   394 1270s
 34065  8595  140.00000   79  282          -  140.00000      -   394 1275s
 34242  8650 infeasible   91               -  140.00000      -   394 1280s
 34433  8741 infeasible  104               -  140.00000      -   393 1285s
 34653  8903  140.00000   75  305          -  140.00000      -   392 1290s
 34864  9034  139.00000   99  355          -  140.00000      -   391 1295s
 35142  9248 infeasible   92               -  140.00000      -   390 1300s
 35431  9437  140.00000   82  302          -  140.00000      -   388 1305s
 35706  9642  140.00000   67  320          -  140.00000      -   386 1310s
 36039  9895  140.00000   54  247          -  140.00000      -   384 1315s
 36274 10064  140.00000   56  343          -  140.00000      -   383 1320s
 36554 10262  140.00000   70  352          -  140.00000      -   382 1325s
 36770 10414 infeasible  101               -  140.00000      -   381 1330s
 37030 10624  137.00000   73  252          -  140.00000      -   380 1335s
 37254 10792  140.00000   79  349          -  140.00000      -   379 1340s
 37492 10964  140.00000   79  362          -  140.00000      -   378 1345s
 37742 11126 infeasible   75               -  140.00000      -   377 1350s
 37966 11274  140.00000   66  282          -  140.00000      -   376 1355s
 38215 11453  140.00000   91  353          -  140.00000      -   375 1360s
 38327 11533 infeasible   85               -  140.00000      -   374 1365s
 38559 11677 infeasible   78               -  140.00000      -   373 1370s
 38817 11851 infeasible   86               -  140.00000      -   372 1375s
 39011 11979 infeasible   94               -  140.00000      -   372 1380s
 39210 12124  140.00000   96  234          -  140.00000      -   371 1385s
 39255 12139  140.00000  104  242          -  140.00000      -   371 1390s
 39401 12175  140.00000   89  307          -  140.00000      -   372 1395s
 39605 12307 infeasible  106               -  140.00000      -   371 1400s
 39797 12367 infeasible  104               -  140.00000      -   371 1405s
 39974 12374  140.00000  103  232          -  140.00000      -   371 1410s
 40136 12358 infeasible  102               -  140.00000      -   371 1415s
 40320 12382 infeasible  106               -  140.00000      -   371 1420s
 40443 12387 infeasible  109               -  140.00000      -   372 1425s
 40616 12378 infeasible  105               -  140.00000      -   372 1430s
 40790 12388 infeasible  108               -  140.00000      -   372 1435s
 40923 12417  140.00000   99  229          -  140.00000      -   372 1440s
 41085 12443  140.00000  105  239          -  140.00000      -   372 1445s
 41214 12456  140.00000  106  253          -  140.00000      -   372 1450s
 41303 12437  140.00000  102  197          -  140.00000      -   373 1455s
 41460 12432  140.00000  103  240          -  140.00000      -   373 1460s
 41607 12485 infeasible   87               -  140.00000      -   373 1465s
 41769 12597  140.00000   94  392          -  140.00000      -   373 1470s
 41975 12723  140.00000   80  274          -  140.00000      -   372 1475s
 41999 12727  140.00000   66  240          -  140.00000      -   372 1482s
 42125 12809  140.00000   85  379          -  140.00000      -   372 1485s
 42339 12931 infeasible   95               -  140.00000      -   371 1490s
 42593 13069 infeasible   83               -  140.00000      -   370 1495s
 42755 13157 infeasible  105               -  140.00000      -   370 1500s
 42937 13257  140.00000   94  393          -  140.00000      -   370 1505s
 43192 13438  140.00000   80  403          -  140.00000      -   369 1510s
 43391 13549 infeasible   75               -  140.00000      -   368 1515s
 43593 13669 infeasible  106               -  140.00000      -   368 1520s
 43822 13832  140.00000   80  255          -  140.00000      -   367 1525s
 43935 13915  140.00000   91  336          -  140.00000      -   367 1530s
 44110 14008 infeasible   85               -  140.00000      -   367 1535s
 44237 14101  140.00000  103  485          -  140.00000      -   367 1540s
 44381 14171  140.00000   80  362          -  140.00000      -   367 1545s
 44542 14266 infeasible  100               -  140.00000      -   367 1550s
 44754 14376 infeasible   98               -  140.00000      -   366 1555s
 44949 14493  140.00000  103  301          -  140.00000      -   366 1560s
 45157 14565  140.00000  102  264          -  140.00000      -   366 1565s
 45379 14675  140.00000   64  418          -  140.00000      -   365 1570s
 45631 14839  140.00000   99  353          -  140.00000      -   364 1575s
 45818 14976  140.00000  111  281          -  140.00000      -   364 1580s
 45973 15079  140.00000   89  279          -  140.00000      -   364 1585s
 46129 15179  140.00000   87  399          -  140.00000      -   364 1590s
 46259 15267  140.00000   94  307          -  140.00000      -   364 1595s
 46399 15335 infeasible  106               -  140.00000      -   364 1600s
 46565 15421  140.00000  108  280          -  140.00000      -   364 1605s
 46681 15479 infeasible   99               -  140.00000      -   364 1610s
 46802 15530  140.00000   98  283          -  140.00000      -   365 1615s
 46940 15580  140.00000   90  291          -  140.00000      -   365 1620s
 47039 15613  139.00000   91  337          -  140.00000      -   365 1625s
 47177 15701 infeasible  106               -  140.00000      -   365 1630s
 47304 15762 infeasible   90               -  140.00000      -   365 1635s
 47455 15849  140.00000   97  332          -  140.00000      -   365 1640s
 47527 15879  140.00000   98  324          -  140.00000      -   365 1647s
 47651 15953  140.00000   91  351          -  140.00000      -   365 1650s
 47846 16066  140.00000   88  333          -  140.00000      -   365 1655s
 48008 16152 infeasible   96               -  140.00000      -   365 1660s
 48170 16228  140.00000   94  303          -  140.00000      -   365 1665s
 48362 16324 infeasible  100               -  140.00000      -   365 1670s
 48514 16388 infeasible   91               -  140.00000      -   364 1675s
 48629 16445  140.00000  107  373          -  140.00000      -   365 1680s
 48739 16487  140.00000   92  372          -  140.00000      -   365 1685s
 48866 16546  140.00000   90  327          -  140.00000      -   365 1690s
 49045 16653  140.00000   92  311          -  140.00000      -   365 1695s
 49206 16750  140.00000   91  316          -  140.00000      -   365 1700s
 49392 16824  140.00000   89  329          -  140.00000      -   365 1705s
 49572 16922  140.00000  101  282          -  140.00000      -   365 1710s
 49752 16982  140.00000   84  354          -  140.00000      -   364 1715s
 49935 17089  140.00000   87  329          -  140.00000      -   364 1720s
 50042 17156  140.00000   89  401          -  140.00000      -   364 1725s
 50224 17270  140.00000   96  322          -  140.00000      -   364 1730s
 50349 17329 infeasible  116               -  140.00000      -   364 1735s
 50518 17420  140.00000   83  278          -  140.00000      -   364 1740s
 50679 17505  140.00000   72  314          -  140.00000      -   364 1745s
 50874 17634  140.00000  109  279          -  140.00000      -   364 1750s
 51005 17713 infeasible  126               -  140.00000      -   364 1755s
 51235 17859 infeasible  104               -  140.00000      -   363 1760s
 51377 17951  140.00000   94  473          -  140.00000      -   363 1765s
 51488 18000  140.00000   72  378          -  140.00000      -   364 1772s
 51601 18079 infeasible  108               -  140.00000      -   363 1775s
 51787 18209 infeasible  109               -  140.00000      -   363 1780s
 51959 18327 infeasible  109               -  140.00000      -   363 1785s
 52093 18417  140.00000  123  237          -  140.00000      -   363 1790s
 52239 18491 infeasible  102               -  140.00000      -   363 1795s
 52468 18642  140.00000   61  323          -  140.00000      -   363 1800s
 52704 18832  140.00000   77  345          -  140.00000      -   362 1805s
 52949 18983  140.00000   87  295          -  140.00000      -   361 1810s
 53110 19068  140.00000   87  246          -  140.00000      -   361 1815s
 53358 19204 infeasible   98               -  140.00000      -   361 1820s
 53644 19382  140.00000   86  272          -  140.00000      -   360 1825s
 53820 19464 infeasible  102               -  140.00000      -   360 1830s
 53870 19478  140.00000   89  210          -  140.00000      -   360 1838s
 53923 19505  140.00000  102  261          -  140.00000      -   360 1840s
 54053 19533 infeasible   93               -  140.00000      -   360 1845s
 54175 19559  140.00000   93  289          -  140.00000      -   360 1850s
 54295 19563 infeasible  102               -  140.00000      -   361 1855s
 54416 19568  140.00000   98  268          -  140.00000      -   361 1860s
 54619 19661  140.00000   93  288          -  140.00000      -   361 1865s
 54771 19691  140.00000   93  252          -  140.00000      -   361 1870s
 54919 19687 infeasible   90               -  140.00000      -   361 1875s
 55052 19726  140.00000   99  235          -  140.00000      -   362 1880s
 55209 19751 infeasible   95               -  140.00000      -   362 1885s
 55375 19769 infeasible  100               -  140.00000      -   362 1890s
 55513 19793  140.00000   91  255          -  140.00000      -   362 1895s
 55649 19785 infeasible   97               -  140.00000      -   362 1900s
 55798 19838 infeasible  101               -  140.00000      -   363 1905s
 55933 19855  140.00000  103  292          -  140.00000      -   363 1910s
 56055 19871 infeasible  102               -  140.00000      -   363 1915s
 56173 19867 infeasible   98               -  140.00000      -   364 1920s
 56282 19868  139.00000   96  239          -  140.00000      -   364 1925s
 56395 19875 infeasible  107               -  140.00000      -   364 1930s
 56506 19868 infeasible   90               -  140.00000      -   365 1935s
 56627 19883  140.00000   78  219          -  140.00000      -   365 1940s
 56763 19917  140.00000   86  269          -  140.00000      -   365 1945s
 56883 19945  140.00000   89  310          -  140.00000      -   366 1950s
 57020 19966  140.00000   68  298          -  140.00000      -   366 1955s
 57262 20128  140.00000   79  356          -  140.00000      -   365 1960s
 57519 20317  140.00000   97  336          -  140.00000      -   365 1965s
 57706 20416  140.00000   71  337          -  140.00000      -   364 1970s
 57910 20544 infeasible   86               -  140.00000      -   364 1975s
 58147 20689  140.00000   92  405          -  140.00000      -   364 1980s
 58294 20778  140.00000   87  377          -  140.00000      -   363 1985s
 58481 20877  140.00000   74  425          -  140.00000      -   363 1990s
 58681 21003  140.00000   95  364          -  140.00000      -   363 1995s
 58910 21102  140.00000   91  389          -  140.00000      -   362 2000s
 59086 21154 infeasible   79               -  140.00000      -   362 2005s
 59224 21190 infeasible   71               -  140.00000      -   363 2010s
 59495 21333 infeasible   73               -  140.00000      -   362 2015s
 59788 21456  140.00000   67  338          -  140.00000      -   361 2020s
 59998 21572 infeasible   85               -  140.00000      -   361 2025s
 60202 21710  140.00000   80  383          -  140.00000      -   361 2034s
 60215 21719 infeasible   84               -  140.00000      -   361 2035s
 60454 21830  139.80000   86  354          -  140.00000      -   360 2040s
 60650 21898  140.00000   86  345          -  140.00000      -   360 2045s
 60883 22017  140.00000   73  276          -  140.00000      -   360 2050s
 61119 22101  140.00000   75  308          -  140.00000      -   360 2055s
 61283 22181  140.00000   69  406          -  140.00000      -   360 2060s
 61503 22283 infeasible   78               -  140.00000      -   359 2065s
 61758 22440 infeasible   80               -  140.00000      -   359 2070s
 61956 22554 infeasible  100               -  140.00000      -   359 2075s
 62143 22681  140.00000   67  339          -  140.00000      -   359 2080s
 62309 22759  140.00000   77  335          -  140.00000      -   359 2085s
 62512 22872 infeasible   80               -  140.00000      -   358 2090s
 62657 22935 infeasible   79               -  140.00000      -   358 2095s
 62852 23032  140.00000   66  362          -  140.00000      -   358 2100s
 63073 23161 infeasible   92               -  140.00000      -   358 2105s
 63227 23231 infeasible   85               -  140.00000      -   358 2110s
 63383 23281  140.00000   94  364          -  140.00000      -   358 2115s
 63584 23384 infeasible   61               -  140.00000      -   358 2120s
 63735 23433  140.00000   78  336          -  140.00000      -   358 2125s
 63787 23461  140.00000  103  350          -  140.00000      -   358 2132s
 63890 23536  140.00000  115  316          -  140.00000      -   358 2135s
 64086 23634  140.00000   54  422          -  140.00000      -   358 2140s
 64294 23792  140.00000  113  309          -  140.00000      -   357 2145s
 64504 23938  140.00000   60  384          -  140.00000      -   357 2150s
 64703 24095  140.00000   50  335          -  140.00000      -   357 2155s
 64869 24203 infeasible  103               -  140.00000      -   357 2160s
 65095 24367  140.00000   94  291          -  140.00000      -   356 2165s
 65381 24553 infeasible  102               -  140.00000      -   356 2170s
 65570 24658 infeasible   92               -  140.00000      -   356 2175s
 65675 24705 infeasible   75               -  140.00000      -   356 2180s
 65861 24815  140.00000   64  269          -  140.00000      -   356 2185s
 66006 24904  140.00000   88  363          -  140.00000      -   356 2190s
 66163 25009  140.00000   96  318          -  140.00000      -   356 2195s
 66320 25082  140.00000   94  348          -  140.00000      -   356 2200s
 66505 25189 infeasible   89               -  140.00000      -   356 2205s
 66655 25263 infeasible   90               -  140.00000      -   356 2210s
 66823 25369  140.00000   78  381          -  140.00000      -   356 2215s
 66995 25421 infeasible   87               -  140.00000      -   356 2220s
 67196 25550  140.00000   88  298          -  140.00000      -   356 2225s
 67396 25692  140.00000   92  353          -  140.00000      -   355 2230s
 67571 25803 infeasible  104               -  140.00000      -   355 2235s
 67743 25909 infeasible  120               -  140.00000      -   355 2240s
 67931 26023 infeasible   95               -  140.00000      -   355 2245s
 68086 26128  140.00000   82  303          -  140.00000      -   355 2251s
 68188 26194 infeasible  103               -  140.00000      -   355 2255s
 68420 26318 infeasible   68               -  140.00000      -   355 2260s
 68622 26462 infeasible   85               -  140.00000      -   354 2265s
 68844 26632  140.00000   83  412          -  140.00000      -   354 2270s
 69078 26796 infeasible   89               -  140.00000      -   353 2275s
 69291 26913  140.00000   77  356          -  140.00000      -   353 2280s
 69580 27122  140.00000   80  338          -  140.00000      -   352 2285s
 69794 27264  140.00000   70  319          -  140.00000      -   352 2290s
 69916 27344 infeasible   91               -  140.00000      -   352 2295s
 70067 27411  140.00000   85  243          -  140.00000      -   353 2300s
 70209 27473  140.00000   90  334          -  140.00000      -   353 2305s
 70356 27528  140.00000   91  322          -  140.00000      -   353 2310s
 70475 27573 infeasible   94               -  140.00000      -   353 2315s
 70597 27627  140.00000  103  287          -  140.00000      -   353 2320s
 70753 27709  140.00000  108  226          -  140.00000      -   353 2327s
 70813 27735 infeasible  112               -  140.00000      -   354 2330s
 70880 27750 infeasible  118               -  140.00000      -   354 2335s
 70951 27761 infeasible  112               -  140.00000      -   355 2340s
 71092 27838 infeasible  111               -  140.00000      -   355 2345s
 71233 27901  139.00000   81  429          -  140.00000      -   355 2350s
 71353 27989  140.00000   93  305          -  140.00000      -   355 2355s
 71481 28043 infeasible  102               -  140.00000      -   355 2360s
 71621 28105 infeasible  105               -  140.00000      -   355 2365s
 71679 28139  140.00000  104  264          -  140.00000      -   355 2374s
 71716 28160  140.00000   92  371          -  140.00000      -   355 2375s
 71849 28227  140.00000   87  301          -  140.00000      -   356 2380s
 71989 28311  140.00000  109  302          -  140.00000      -   356 2385s
 72160 28358  140.00000   91  268          -  140.00000      -   356 2390s
 72344 28424 infeasible   89               -  140.00000      -   356 2395s
 72514 28498  140.00000   95  350          -  140.00000      -   356 2400s
 72697 28549  140.00000  106  254          -  140.00000      -   355 2405s
 72859 28581  140.00000  111  270          -  140.00000      -   356 2410s
 72992 28610 infeasible  123               -  140.00000      -   356 2415s
 73150 28668  139.00000  110  241          -  140.00000      -   356 2420s
 73260 28644 infeasible  112               -  140.00000      -   356 2425s
 73373 28645 infeasible   95               -  140.00000      -   356 2430s
 73493 28669 infeasible   99               -  140.00000      -   357 2435s
 73639 28697  140.00000  100  187          -  140.00000      -   357 2440s
 73788 28696 infeasible   97               -  140.00000      -   357 2445s
 73937 28743 infeasible  101               -  140.00000      -   357 2450s
 74084 28818 infeasible  100               -  140.00000      -   357 2455s
 74244 28898  139.99083  113  367          -  140.00000      -   357 2460s
 74406 28924 infeasible  106               -  140.00000      -   357 2465s
 74529 28957 infeasible   94               -  140.00000      -   357 2470s
 74619 28993  139.00000  101  304          -  140.00000      -   358 2475s
 74742 29028  140.00000  102  286          -  140.00000      -   358 2480s
 74885 29071 infeasible  107               -  140.00000      -   358 2485s
 75008 29124  140.00000  103  281          -  140.00000      -   358 2490s
 75163 29161 infeasible  109               -  140.00000      -   358 2495s
 75307 29213 infeasible  102               -  140.00000      -   359 2500s
 75467 29275  138.00000  107  317          -  140.00000      -   359 2505s
 75609 29313  139.00000  105  294          -  140.00000      -   359 2510s
 75713 29343  140.00000   92  311          -  140.00000      -   359 2518s
 75761 29359 infeasible  109               -  140.00000      -   359 2520s
 75970 29428 infeasible  110               -  140.00000      -   359 2525s
 76132 29464  139.00000  116  278          -  140.00000      -   359 2530s
 76272 29508  139.00000  106  368          -  140.00000      -   359 2535s
 76411 29507  140.00000   97  306          -  140.00000      -   359 2540s
 76526 29544 infeasible  114               -  140.00000      -   360 2545s
 76666 29570  140.00000  114  251          -  140.00000      -   360 2550s
 76841 29599 infeasible  103               -  140.00000      -   360 2555s
 76974 29610  139.00000  103  352          -  140.00000      -   360 2560s
 77111 29631  139.00000  109  237          -  140.00000      -   360 2565s
 77248 29700 infeasible  115               -  140.00000      -   360 2570s
 77321 29749  140.00000  106  257          -  140.00000      -   361 2575s
 77462 29794  140.00000  113  342          -  140.00000      -   361 2580s
 77603 29827 infeasible  103               -  140.00000      -   361 2585s
 77760 29848 infeasible  109               -  140.00000      -   361 2590s
 77888 29870  140.00000   95  332          -  140.00000      -   361 2595s
 78030 29896 infeasible   96               -  140.00000      -   361 2600s
 78189 29967 infeasible   91               -  140.00000      -   361 2605s
 78288 29988  140.00000   74  343          -  140.00000      -   362 2612s
 78339 30011 infeasible  100               -  140.00000      -   362 2615s
 78473 30081 infeasible   94               -  140.00000      -   362 2620s
 78670 30202  140.00000   94  343          -  140.00000      -   362 2625s
 78801 30257  140.00000   98  382          -  140.00000      -   362 2630s
 78985 30363 infeasible  104               -  140.00000      -   362 2635s
 79282 30550  140.00000   65  374          -  140.00000      -   361 2640s
 79496 30682  140.00000   67  382          -  140.00000      -   361 2645s
 79633 30759  140.00000  100  361          -  140.00000      -   361 2650s
 79840 30896  140.00000   75  356          -  140.00000      -   361 2655s
 79960 30950 infeasible  109               -  140.00000      -   361 2660s
 80206 31132  140.00000   93  355          -  140.00000      -   361 2665s
 80326 31172  140.00000   58  296          -  140.00000      -   361 2670s
 80535 31299 infeasible   86               -  140.00000      -   361 2675s
 80716 31390  140.00000   67  319          -  140.00000      -   361 2682s
 80792 31448 infeasible  104               -  140.00000      -   361 2685s
 81048 31588  140.00000   94  328          -  140.00000      -   360 2690s
 81316 31772  140.00000   77  415          -  140.00000      -   360 2695s
 81503 31883  140.00000  102  285          -  140.00000      -   360 2700s
 81773 32029  140.00000   76  317          -  140.00000      -   360 2705s
 82006 32188  140.00000   83  373          -  140.00000      -   359 2710s
 82088 32222 infeasible   93               -  140.00000      -   359 2715s
 82218 32274  140.00000  101  237          -  140.00000      -   360 2720s
 82435 32417 infeasible   80               -  140.00000      -   359 2725s
 82600 32516 infeasible   90               -  140.00000      -   360 2730s
 82676 32556  140.00000   86  278          -  140.00000      -   360 2740s
 82779 32593  140.00000   93  293          -  140.00000      -   360 2745s
 82902 32606 infeasible   96               -  140.00000      -   360 2750s
 83103 32729  140.00000   58  422          -  140.00000      -   360 2755s
 83302 32840  140.00000   97  211          -  140.00000      -   360 2760s
 83441 32901  139.00000  102  356          -  140.00000      -   360 2765s
 83629 33005  140.00000   91  338          -  140.00000      -   360 2770s
 83871 33163 infeasible   95               -  140.00000      -   360 2775s
 84084 33292 infeasible   88               -  140.00000      -   359 2780s
 84137 33309  139.00000   89  376          -  140.00000      -   360 2785s
 84224 33348 infeasible  117               -  140.00000      -   360 2790s
 84298 33378 infeasible  116               -  140.00000      -   360 2795s
 84507 33503 infeasible  108               -  140.00000      -   360 2800s
 84647 33557  140.00000   77  355          -  140.00000      -   360 2805s
 84781 33603 infeasible   68               -  140.00000      -   360 2810s
 85074 33816 infeasible  103               -  140.00000      -   360 2815s
 85260 33944  140.00000  118  298          -  140.00000      -   360 2820s
 85442 34050 infeasible   96               -  140.00000      -   360 2825s
 85575 34105 infeasible   97               -  140.00000      -   360 2830s
 85760 34214 infeasible   67               -  140.00000      -   360 2835s
 85886 34264  139.00000  109  238          -  140.00000      -   360 2840s
 86080 34362  140.00000   93  274          -  140.00000      -   360 2845s
 86199 34367  140.00000   86  220          -  140.00000      -   360 2850s
 86391 34425 infeasible   81               -  140.00000      -   360 2855s
 86551 34511 infeasible  103               -  140.00000      -   360 2860s
 86687 34555 infeasible   84               -  140.00000      -   360 2865s
 86836 34580 infeasible  109               -  140.00000      -   361 2870s
 86875 34609  140.00000  108  371          -  140.00000      -   361 2875s
 87014 34660  140.00000  103  452          -  140.00000      -   361 2880s
 87085 34693 infeasible  103               -  140.00000      -   361 2885s
 87189 34717 infeasible   97               -  140.00000      -   361 2890s
 87280 34756  140.00000  119  348          -  140.00000      -   362 2895s
 87416 34766  139.00000   87  255          -  140.00000      -   362 2900s
 87564 34794  140.00000   97  259          -  140.00000      -   362 2905s
 87728 34818 infeasible  101               -  140.00000      -   362 2910s
 87890 34844 infeasible  105               -  140.00000      -   362 2915s
 88020 34858  140.00000   93  265          -  140.00000      -   362 2920s
 88181 34875 infeasible   98               -  140.00000      -   362 2925s
 88228 34876  140.00000   98  183          -  140.00000      -   363 2935s
 88380 34866  140.00000  105  205          -  140.00000      -   363 2940s
 88515 34875  139.00000   96  218          -  140.00000      -   363 2945s
 88648 34896  140.00000   46  371          -  140.00000      -   363 2950s
 88790 34936 infeasible  106               -  140.00000      -   363 2955s
 88929 34985 infeasible   96               -  140.00000      -   363 2960s
 89066 35048  140.00000   92  327          -  140.00000      -   363 2965s
 89245 35123 infeasible   89               -  140.00000      -   363 2970s
 89393 35203  140.00000   91  331          -  140.00000      -   363 2975s
 89568 35286 infeasible   91               -  140.00000      -   363 2980s
 89754 35388 infeasible   93               -  140.00000      -   363 2985s
 89936 35496  140.00000   80  276          -  140.00000      -   363 2990s
 90080 35592  140.00000   91  299          -  140.00000      -   363 2995s
 90213 35673 infeasible  122               -  140.00000      -   363 3000s
 90317 35709  139.00000   97  259          -  140.00000      -   364 3005s
 90414 35756 infeasible  109               -  140.00000      -   364 3010s
 90525 35797  140.00000   62  304          -  140.00000      -   364 3015s
 90706 35924  140.00000  107  296          -  140.00000      -   364 3020s
 90836 35984 infeasible  112               -  140.00000      -   364 3025s
 91052 36072 infeasible  109               -  140.00000      -   364 3030s
 91252 36128  140.00000   81  295          -  140.00000      -   364 3035s
 91456 36212  140.00000   74  297          -  140.00000      -   364 3040s
 91703 36347  140.00000   86  363          -  140.00000      -   363 3045s
 91853 36423 infeasible  108               -  140.00000      -   364 3050s
 91965 36439 infeasible   99               -  140.00000      -   364 3055s
 92132 36482  140.00000  103  264          -  140.00000      -   364 3060s
 92268 36538 infeasible   73               -  140.00000      -   364 3065s
 92403 36593 infeasible  102               -  140.00000      -   364 3070s
 92550 36672 infeasible  101               -  140.00000      -   364 3075s
 92664 36714 infeasible   94               -  140.00000      -   364 3080s
 92774 36746  140.00000  107  382          -  140.00000      -   365 3085s
 92885 36775 infeasible  109               -  140.00000      -   365 3090s
 93007 36793 infeasible   93               -  140.00000      -   365 3095s
 93172 36870  140.00000   57  285          -  140.00000      -   365 3100s
 93361 36969 infeasible  119               -  140.00000      -   365 3105s
 93402 36980  140.00000   82  245          -  140.00000      -   365 3110s
 93546 37048 infeasible  101               -  140.00000      -   365 3115s
 93678 37078 infeasible  102               -  140.00000      -   365 3120s
 93800 37130  140.00000  107  325          -  140.00000      -   365 3125s
 93913 37171 infeasible   93               -  140.00000      -   366 3130s
 94016 37218  140.00000  108  385          -  140.00000      -   366 3135s
 94086 37238  139.99938  105  406          -  140.00000      -   366 3140s
 94234 37304  140.00000   98  299          -  140.00000      -   366 3145s
 94334 37342 infeasible  101               -  140.00000      -   367 3150s
 94442 37368 infeasible  105               -  140.00000      -   367 3155s
 94594 37390 infeasible   94               -  140.00000      -   367 3160s
 94653 37407  140.00000   94  320          -  140.00000      -   367 3165s
 94771 37437  140.00000   93  345          -  140.00000      -   367 3170s
 94894 37460 infeasible  107               -  140.00000      -   367 3175s
 95009 37459 infeasible  104               -  140.00000      -   368 3180s
 95153 37461  140.00000   99  283          -  140.00000      -   368 3185s
 95253 37501  140.00000   47  289          -  140.00000      -   368 3194s
 95283 37529  140.00000   64  351          -  140.00000      -   368 3195s
 95512 37640 infeasible   86               -  140.00000      -   367 3200s
 95684 37692 infeasible   79               -  140.00000      -   367 3205s
 95797 37691 infeasible  103               -  140.00000      -   368 3210s
 95943 37733 infeasible   85               -  140.00000      -   368 3215s
 96032 37738 infeasible  121               -  140.00000      -   368 3220s
 96183 37781 infeasible  104               -  140.00000      -   368 3225s
 96341 37803  140.00000  108  258          -  140.00000      -   368 3230s
 96470 37814  140.00000  106  290          -  140.00000      -   368 3235s
 96599 37829 infeasible   76               -  140.00000      -   369 3240s
 96724 37828  140.00000  109  241          -  140.00000      -   369 3245s
 96872 37878 infeasible   94               -  140.00000      -   369 3250s
 96976 37884  140.00000   95  273          -  140.00000      -   369 3255s
 97133 37933  140.00000   76  329          -  140.00000      -   369 3260s
 97280 38010 infeasible   96               -  140.00000      -   369 3265s
 97422 38066  140.00000  103  384          -  140.00000      -   370 3270s
 97576 38152  139.00000  122  284          -  140.00000      -   370 3275s
 97852 38330  140.00000  105  390          -  140.00000      -   369 3280s
 98034 38426 infeasible   97               -  140.00000      -   369 3285s
 98211 38487 infeasible   92               -  140.00000      -   369 3290s
 98366 38586  140.00000  105  411          -  140.00000      -   369 3295s
 98523 38681  140.00000   83  309          -  140.00000      -   369 3300s
 98678 38766 infeasible   75               -  140.00000      -   369 3305s
 98734 38792  140.00000   97  349          -  140.00000      -   369 3315s
 98849 38859 infeasible   86               -  140.00000      -   369 3320s
 99027 38935  140.00000   69  285          -  140.00000      -   369 3325s
 99166 38972  140.00000  106  233          -  140.00000      -   369 3330s
 99324 39002 infeasible   93               -  140.00000      -   369 3335s
 99470 39036  140.00000   98  243          -  140.00000      -   370 3340s
 99570 39024 infeasible   97               -  140.00000      -   370 3345s
 99692 39032 infeasible  100               -  140.00000      -   370 3350s
 99841 39043  140.00000  103  231          -  140.00000      -   370 3355s
 99957 39053 infeasible  107               -  140.00000      -   370 3360s
 100080 39056  140.00000  103  283          -  140.00000      -   371 3365s
 100208 39054  140.00000  113  266          -  140.00000      -   371 3370s
 100338 39064 infeasible  105               -  140.00000      -   371 3375s
 100462 39062  140.00000  106  213          -  140.00000      -   371 3380s
 100554 39040 infeasible  100               -  140.00000      -   372 3385s
 100663 39019 infeasible  100               -  140.00000      -   372 3390s
 100793 39037  140.00000  104  221          -  140.00000      -   372 3395s
 100902 39024 infeasible  112               -  140.00000      -   372 3400s
 101026 39010 infeasible  103               -  140.00000      -   372 3405s
 101150 39058 infeasible  102               -  140.00000      -   373 3410s
 101282 39078  140.00000   95  297          -  140.00000      -   373 3415s
 101390 39102  140.00000   99  229          -  140.00000      -   373 3420s
 101496 39088  140.00000  102  211          -  140.00000      -   373 3425s
 101596 39088  140.00000   97  275          -  140.00000      -   373 3430s
 101709 39101  140.00000  103  285          -  140.00000      -   374 3435s
 101824 39140  140.00000   96  206          -  140.00000      -   374 3440s
 101933 39141 infeasible  102               -  140.00000      -   374 3445s
 102049 39143 infeasible  103               -  140.00000      -   374 3450s
 102180 39166  140.00000   88  367          -  140.00000      -   375 3455s
 102341 39211  140.00000   89  262          -  140.00000      -   375 3460s
 102573 39285 infeasible   83               -  140.00000      -   374 3465s
 102627 39305 infeasible   85               -  140.00000      -   375 3470s
 102791 39371 infeasible  103               -  140.00000      -   375 3475s
 102919 39375 infeasible  103               -  140.00000      -   375 3480s
 103065 39457  140.00000   70  292          -  140.00000      -   375 3489s
 103069 39461  140.00000   71  349          -  140.00000      -   375 3490s
 103256 39552  140.00000   80  366          -  140.00000      -   375 3495s
 103417 39643  140.00000   77  292          -  140.00000      -   375 3500s
 103599 39761  140.00000   69  354          -  140.00000      -   374 3505s
 103779 39829 infeasible  110               -  140.00000      -   374 3510s
 103917 39857  140.00000   89  237          -  140.00000      -   374 3515s
 104040 39872 infeasible   92               -  140.00000      -   375 3520s
 104166 39900  140.00000   94  235          -  140.00000      -   375 3525s
 104346 39938 infeasible   72               -  140.00000      -   375 3530s
 104497 39927 infeasible   97               -  140.00000      -   375 3535s
 104663 39939  140.00000   58  338          -  140.00000      -   375 3540s
 104862 40014  140.00000   98  208          -  140.00000      -   375 3545s
 105040 40118  140.00000   97  381          -  140.00000      -   375 3550s
 105281 40275 infeasible   82               -  140.00000      -   375 3555s
 105483 40389 infeasible  101               -  140.00000      -   374 3560s
 105684 40500 infeasible   84               -  140.00000      -   374 3565s
 105846 40566  140.00000   79  404          -  140.00000      -   374 3570s
 106021 40637  140.00000   97  266          -  140.00000      -   374 3575s
 106191 40715 infeasible   93               -  140.00000      -   374 3580s
 106347 40731 infeasible  102               -  140.00000      -   374 3585s
 106538 40790 infeasible   99               -  140.00000      -   374 3590s
 106658 40816 infeasible  104               -  140.00000      -   374 3595s

Cutting planes:
  Lift-and-project: 3
  MIR: 1
  StrongCG: 1
  Flow cover: 5
  Zero half: 2
  RLT: 30
  BQP: 11

Explored 106907 nodes (40153216 simplex iterations) in 3600.00 seconds (4413.46 work units)
Thread count was 1 (of 8 available processors)

Solution count 0

Time limit reached
Best objective -, best bound 1.400000000000e+02, gap -
