
Gurobi 11.0.1 (win64) logging started Mon Mar 25 18:55:10 2024

Set parameter LogFile to value "C:\Projetos\Job_Rotation_Algorithms\Outputs\GurobiLogs\gurobi_log-output-57_wee-c11-CostaMirallesModel-NoExtraConstraint-2.log"
Gurobi Optimizer version 11.0.1 build v11.0.1rc0 (win64 - Windows 10.0 (19045.2))

CPU model: 11th Gen Intel(R) Core(TM) i7-1165G7 @ 2.80GHz, instruction set [SSE2|AVX|AVX2|AVX512]
Thread count: 4 physical cores, 8 logical processors, using up to 1 threads

WLS license 901039 - registered to Bitka Analytics
Optimize a model with 5936 rows, 43429 columns and 1079005 nonzeros
Model fingerprint: 0x0e1dba1d
Variable types: 2 continuous, 43427 integer (43427 binary)
Coefficient statistics:
  Matrix range     [1e+00, 8e+01]
  Objective range  [1e+00, 1e+00]
  Bounds range     [1e+00, 2e+01]
  RHS range        [1e+00, 2e+01]
Presolve removed 271 rows and 4088 columns (presolve time = 5s) ...
Presolve added 1706 rows and 0 columns
Presolve removed 0 rows and 2111 columns
Presolve time: 5.05s
Presolved: 7642 rows, 41318 columns, 318471 nonzeros
Variable types: 0 continuous, 41318 integer (39935 binary)

Root simplex log...

Iteration    Objective       Primal Inf.    Dual Inf.      Time
       0    1.0160000e+03   1.320000e+03   0.000000e+00      7s
    8125    1.5000000e+02   0.000000e+00   0.000000e+00      8s

Root relaxation: objective 1.500000e+02, 8125 iterations, 1.13 seconds (1.40 work units)

    Nodes    |    Current Node    |     Objective Bounds      |     Work
 Expl Unexpl |  Obj  Depth IntInf | Incumbent    BestBd   Gap | It/Node Time

     0     0  150.00000    0  226          -  150.00000      -     -    9s
     0     0  150.00000    0  415          -  150.00000      -     -    9s
     0     0  150.00000    0  415          -  150.00000      -     -   10s
     0     0  150.00000    0  217          -  150.00000      -     -   25s
     0     0  150.00000    0  203          -  150.00000      -     -   25s
     0     0  150.00000    0  203          -  150.00000      -     -   25s
     0     0  150.00000    0  199          -  150.00000      -     -   25s
     0     0  150.00000    0  927          -  150.00000      -     -   27s
     0     0  150.00000    0  809          -  150.00000      -     -   27s
     0     0  150.00000    0  776          -  150.00000      -     -   28s
     0     0  150.00000    0  735          -  150.00000      -     -   28s
     0     0  150.00000    0  727          -  150.00000      -     -   28s
     0     0  150.00000    0  688          -  150.00000      -     -   28s
     0     0  150.00000    0  271          -  150.00000      -     -   32s
     0     0  150.00000    0  275          -  150.00000      -     -   32s
     0     0  150.00000    0  274          -  150.00000      -     -   32s
     0     0  150.00000    0  761          -  150.00000      -     -   33s
     0     0  150.00000    0  539          -  150.00000      -     -   33s
     0     0  150.00000    0  536          -  150.00000      -     -   33s
     0     0  150.00000    0  268          -  150.00000      -     -   36s
     0     0  150.00000    0  272          -  150.00000      -     -   36s
     0     0  150.00000    0  273          -  150.00000      -     -   36s
     0     0  150.00000    0  382          -  150.00000      -     -   36s
     0     0  150.00000    0  363          -  150.00000      -     -   36s
     0     0  150.00000    0  364          -  150.00000      -     -   36s
     0     0  150.00000    0  235          -  150.00000      -     -   39s
     0     0  150.00000    0  238          -  150.00000      -     -   39s
     0     0  150.00000    0  240          -  150.00000      -     -   39s
     0     0  150.00000    0  234          -  150.00000      -     -   39s
     0     0  150.00000    0  236          -  150.00000      -     -   39s
     0     0  150.00000    0  231          -  150.00000      -     -   39s
     0     0  150.00000    0  251          -  150.00000      -     -   42s
     0     0  150.00000    0 1071          -  150.00000      -     -   44s
     0     0  150.00000    0  958          -  150.00000      -     -   45s
     0     0  150.00000    0  946          -  150.00000      -     -   45s
     0     0  150.00000    0  939          -  150.00000      -     -   45s
     0     0  150.00000    0  942          -  150.00000      -     -   45s
     0     0  150.00000    0  937          -  150.00000      -     -   45s
     0     0  150.00000    0  259          -  150.00000      -     -   49s
     0     0  150.00000    0  261          -  150.00000      -     -   49s
     0     0  150.00000    0  572          -  150.00000      -     -   50s
     0     0  150.00000    0  499          -  150.00000      -     -   50s
     0     0  150.00000    0  225          -  150.00000      -     -   52s
     0     0  150.00000    0  496          -  150.00000      -     -   53s
     0     0  150.00000    0  266          -  150.00000      -     -   56s
     0     0  150.00000    0  261          -  150.00000      -     -   56s
     0     0  150.00000    0  513          -  150.00000      -     -   56s
     0     0  150.00000    0  545          -  150.00000      -     -   56s
     0     0  150.00000    0  537          -  150.00000      -     -   56s
     0     0  150.00000    0  533          -  150.00000      -     -   56s
     0     0  150.00000    0  526          -  150.00000      -     -   56s
     0     0  150.00000    0  225          -  150.00000      -     -   60s
     0     0  150.00000    0  225          -  150.00000      -     -   60s
     0     2  150.00000    0  204          -  150.00000      -     -   66s
    57    59  150.00000   37  320          -  150.00000      -   294   70s
   133   134  150.00000   87  538          -  150.00000      -   272   75s
   220   211  150.00000  141  438          -  150.00000      -   264   80s
   280   252  150.00000   18  659          -  150.00000      -   270   85s
   369   339  150.00000   75  388          -  150.00000      -   268   90s
   458   394  150.00000  140  312          -  150.00000      -   263   95s
   492   408  150.00000   12 1337          -  150.00000      -   279  100s
   544   456  150.00000   44  314          -  150.00000      -   303  105s
   569   476  150.00000  114  415          -  150.00000      -   302  132s
   571   477  150.00000   44  269          -  150.00000      -   301  136s
   574   479  150.00000  100  244          -  150.00000      -   300  146s
   576   481  150.00000  106  343          -  150.00000      -   299  152s
   578   482  150.00000   61  385          -  150.00000      -   298  159s
   579   483  150.00000   66  736          -  150.00000      -   297  161s
   580   483  150.00000   99  312          -  150.00000      -   297  167s
   582   485  150.00000   62  290          -  150.00000      -   296  175s
   597   497  150.00000   20  462          -  150.00000      -   922  211s
   606   503  150.00000   24  690          -  150.00000      -   912  215s
   616   509  150.00000   29  535          -  150.00000      -   901  220s
   638   524  150.00000   40  441          -  150.00000      -   877  225s
   712   573  150.00000   77  500          -  150.00000      -   817  231s
   722   580  150.00000   82  481          -  150.00000      -   809  235s
   729   585  150.00000   86  404          -  150.00000      -   805  240s
   733   587  150.00000   88  427          -  150.00000      -   804  245s
   740   592  150.00000   91  539          -  150.00000      -   799  250s
   779   614  150.00000  112  282          -  150.00000      -   779  255s
   807   619 infeasible  123               -  150.00000      -   764  260s
   845   644  150.00000   33  532          -  150.00000      -   742  265s
   909   682  150.00000   67  403          -  150.00000      -   707  270s
   965   693 infeasible   91               -  150.00000      -   678  275s
   994   710  150.00000   61  544          -  150.00000      -   666  280s
  1037   733  150.00000   84  414          -  150.00000      -   646  285s
  1068   738  150.00000   52  279          -  150.00000      -   648  290s
  1148   774 infeasible   95               -  150.00000      -   611  295s
  1210   802  150.00000   81  382          -  150.00000      -   588  300s
  1233   808  150.00000   90  604          -  150.00000      -   583  305s
  1257   813 infeasible  100               -  150.00000      -   586  310s
  1319   837 infeasible   82               -  150.00000      -   569  315s
  1360   855  150.00000   64  605          -  150.00000      -   562  320s
  1424   890 infeasible   97               -  150.00000      -   546  325s
  1457   890 infeasible  109               -  150.00000      -   538  330s
  1512   903  150.00000   67  429          -  150.00000      -   525  335s
  1554   915  150.00000   62  483          -  150.00000      -   516  340s
  1585   923 infeasible   78               -  150.00000      -   512  345s
  1650   949  150.00000   82  406          -  150.00000      -   498  350s
  1709   969  150.00000   94  648          -  150.00000      -   490  355s
  1766   980  150.00000   92  328          -  150.00000      -   482  360s
  1800   998  150.00000  104  379          -  150.00000      -   482  365s
  1834   997 infeasible  108               -  150.00000      -   478  370s
  1856   996  150.00000  101 1007          -  150.00000      -   476  375s
  1893  1015  150.00000  118  538          -  150.00000      -   471  380s
  1921  1015  150.00000   58  462          -  150.00000      -   469  385s
  1966  1032 infeasible   82               -  150.00000      -   461  390s
  2021  1058  150.00000   73  398          -  150.00000      -   453  395s
  2064  1084  150.00000   90  627          -  150.00000      -   449  400s
  2103  1104  150.00000   66  379          -  150.00000      -   446  405s
  2162  1139  150.00000   74  263          -  150.00000      -   438  410s
  2245  1195  150.00000   79  264          -  150.00000      -   427  415s
  2305  1232 infeasible  102               -  150.00000      -   426  420s
  2365  1274  150.00000   83  355          -  150.00000      -   423  425s
  2392  1272  150.00000   74  558          -  150.00000      -   422  430s
  2429  1293  150.00000   82  213          -  150.00000      -   421  435s
  2473  1317  150.00000   78  328          -  150.00000      -   419  440s
  2522  1362  150.00000   97  337          -  150.00000      -   417  445s
  2578  1398  150.00000   80  517          -  150.00000      -   412  450s
  2630  1438 infeasible  104               -  150.00000      -   408  455s
  2698  1483  150.00000  108  400          -  150.00000      -   402  460s
  2764  1515  150.00000   60  497          -  150.00000      -   397  465s
  2838  1556  150.00000   79  311          -  150.00000      -   390  470s
  2899  1596  150.00000  101  577          -  150.00000      -   386  475s
  2978  1636  150.00000   77  566          -  150.00000      -   380  480s
  3033  1663 infeasible   87               -  150.00000      -   378  485s
  3104  1708  150.00000   93  321          -  150.00000      -   374  490s
  3160  1732  150.00000   57  564          -  150.00000      -   372  495s
  3231  1780  150.00000   99  672          -  150.00000      -   368  500s
  3278  1812 infeasible  115               -  150.00000      -   366  505s
  3334  1846  150.00000   90  338          -  150.00000      -   363  510s
  3405  1896  150.00000   88  425          -  150.00000      -   360  515s
  3451  1920 infeasible   93               -  150.00000      -   363  520s
  3500  1942  150.00000   64  282          -  150.00000      -   361  525s
  3569  2000  150.00000   88  673          -  150.00000      -   357  530s
  3641  2058  150.00000   88  381          -  150.00000      -   356  535s
  3724  2128  150.00000  122  214          -  150.00000      -   352  540s
  3779  2160  150.00000  147  510          -  150.00000      -   351  545s
  3856  2207  150.00000   92  366          -  150.00000      -   349  550s
  3943  2268  150.00000   96  411          -  150.00000      -   344  555s
  3994  2302  150.00000  127  453          -  150.00000      -   344  560s
  4067  2349  150.00000   87  487          -  150.00000      -   341  565s
  4116  2384 infeasible  109               -  150.00000      -   341  570s
  4215  2443  150.00000  135  505          -  150.00000      -   337  575s
  4304  2503  150.00000   97  416          -  150.00000      -   333  580s
  4358  2522  150.00000   87  690          -  150.00000      -   332  585s
  4465  2600  150.00000  127  673          -  150.00000      -   328  590s
  4549  2640 infeasible   96               -  150.00000      -   326  595s
  4622  2694 infeasible  110               -  150.00000      -   324  600s
  4692  2735  150.00000   89  417          -  150.00000      -   323  605s
  4750  2754 infeasible  110               -  150.00000      -   323  610s
  4806  2769  150.00000   80  327          -  150.00000      -   321  615s
  4876  2814 infeasible   90               -  150.00000      -   321  620s
  4910  2839 infeasible  102               -  150.00000      -   323  625s
  4985  2879  150.00000   90  425          -  150.00000      -   321  630s
  5075  2936  150.00000   90  584          -  150.00000      -   318  635s
  5101  2957  150.00000  104  298          -  150.00000      -   319  641s
  5133  2967  150.00000  110  573          -  150.00000      -   319  645s
  5181  2992  150.00000   98  555          -  150.00000      -   320  650s
  5227  3021  150.00000  102  350          -  150.00000      -   320  655s
  5278  3057 infeasible  122               -  150.00000      -   321  660s
  5314  3070  150.00000   86  561          -  150.00000      -   321  665s
  5384  3106 infeasible  122               -  150.00000      -   321  670s
  5479  3178 infeasible  127               -  150.00000      -   318  675s
  5542  3216  150.00000  105  663          -  150.00000      -   317  680s
  5601  3237 infeasible  118               -  150.00000      -   316  685s
  5670  3261  150.00000  114  668          -  150.00000      -   314  690s
  5735  3293  150.00000  115  409          -  150.00000      -   314  695s
  5794  3331 infeasible  137               -  150.00000      -   314  700s
  5872  3387 infeasible  124               -  150.00000      -   313  705s
  5917  3413  150.00000  104  498          -  150.00000      -   314  710s
  6025  3481  150.00000   99  496          -  150.00000      -   311  715s
  6116  3536 infeasible   99               -  150.00000      -   309  720s
  6222  3611  150.00000  100  446          -  150.00000      -   306  725s
  6309  3664  150.00000  131  515          -  150.00000      -   304  730s
  6426  3736 infeasible   98               -  150.00000      -   301  735s
  6491  3765  150.00000   88  429          -  150.00000      -   301  740s
  6622  3863 infeasible  102               -  150.00000      -   299  746s
  6647  3871 infeasible   97               -  150.00000      -   300  750s
  6749  3930  150.00000   70  506          -  150.00000      -   298  755s
  6842  3992  150.00000   77  446          -  150.00000      -   297  760s
  6945  4062 infeasible  123               -  150.00000      -   295  765s
  7025  4125 infeasible  103               -  150.00000      -   295  770s
  7102  4173  150.00000   92  282          -  150.00000      -   294  775s
  7214  4255  150.00000   96  583          -  150.00000      -   292  780s
  7360  4326  150.00000   80  534          -  150.00000      -   289  785s
  7464  4408  150.00000  100  512          -  150.00000      -   288  790s
  7547  4474  150.00000  100  574          -  150.00000      -   287  795s
  7634  4533 infeasible  102               -  150.00000      -   286  800s
  7754  4613  150.00000   90  601          -  150.00000      -   284  805s
  7809  4637  150.00000   78  473          -  150.00000      -   284  810s
  7926  4717  150.00000   94  392          -  150.00000      -   283  815s
  8022  4787 infeasible  102               -  150.00000      -   282  820s
  8117  4822  150.00000   91  463          -  150.00000      -   281  825s
  8177  4860 infeasible   90               -  150.00000      -   281  830s
  8265  4920  150.00000   97  585          -  150.00000      -   280  835s
  8353  4966  150.00000   90  519          -  150.00000      -   279  840s
  8444  5021  150.00000  104  447          -  150.00000      -   278  845s
  8515  5066 infeasible  109               -  150.00000      -   277  850s
  8636  5140  150.00000  108  427          -  150.00000      -   275  855s
  8718  5178  150.00000   87  479          -  150.00000      -   274  860s
  8816  5245  150.00000  107  607          -  150.00000      -   274  865s
  8870  5268 infeasible  116               -  150.00000      -   274  870s
  8960  5333 infeasible  115               -  150.00000      -   273  875s
  9056  5387 infeasible  111               -  150.00000      -   273  880s
  9136  5437  150.00000  105  417          -  150.00000      -   272  885s
  9213  5487  150.00000  114  543          -  150.00000      -   272  890s
  9257  5520 infeasible  136               -  150.00000      -   272  895s
  9329  5554 infeasible   93               -  150.00000      -   272  900s
  9401  5582  150.00000  121  518          -  150.00000      -   271  905s
  9454  5613 infeasible   98               -  150.00000      -   272  910s
  9490  5626  150.00000   99  625          -  150.00000      -   272  915s
  9533  5635 infeasible  142               -  150.00000      -   272  920s
  9613  5705  150.00000  120  622          -  150.00000      -   272  925s
  9642  5715  150.00000   77  536          -  150.00000      -   273  930s
  9708  5754 infeasible  115               -  150.00000      -   273  935s
  9783  5811  150.00000  112  482          -  150.00000      -   272  940s
  9894  5880  150.00000   84  583          -  150.00000      -   271  945s
  9967  5933  150.00000   86  464          -  150.00000      -   270  950s
 10016  5952 infeasible   83               -  150.00000      -   270  955s
 10081  6004  150.00000  126  357          -  150.00000      -   269  960s
 10161  6038  150.00000   84  427          -  150.00000      -   268  965s
 10202  6052  150.00000   76  278          -  150.00000      -   268 1155s
 10252  6072  150.00000   53  325          -  150.00000      -   268 1160s
 10320  6128 infeasible   95               -  150.00000      -   267 1165s
 10392  6180  150.00000   87  347          -  150.00000      -   267 1170s
 10468  6244  150.00000  125  504          -  150.00000      -   267 1175s
 10560  6316  150.00000  118  628          -  150.00000      -   266 1180s
 10615  6345 infeasible  141               -  150.00000      -   266 1185s
 10644  6351 infeasible  110               -  150.00000      -   267 1190s
 10667  6354  150.00000  119  595          -  150.00000      -   267 1195s
 10684  6359 infeasible  127               -  150.00000      -   267 1201s
 10727  6386  150.00000   78  301          -  150.00000      -   267 1205s
 10776  6422  150.00000   96  410          -  150.00000      -   267 1210s
 10804  6438 infeasible  106               -  150.00000      -   268 1215s
 10825  6438 infeasible  112               -  150.00000      -   268 1220s
 10835  6446  150.00000  115  462          -  150.00000      -   268 1225s
 10878  6474  150.00000  130  550          -  150.00000      -   268 1230s
 10922  6482 infeasible  124               -  150.00000      -   268 1235s
 10954  6489  150.00000   81  614          -  150.00000      -   268 1240s
 11011  6517 infeasible  102               -  150.00000      -   269 1245s
 11055  6539  150.00000   74  281          -  150.00000      -   269 1250s
 11092  6560 infeasible   87               -  150.00000      -   270 1255s
 11157  6585 infeasible   92               -  150.00000      -   269 1260s
 11182  6595 infeasible  102               -  150.00000      -   270 1265s
 11245  6634 infeasible  104               -  150.00000      -   269 1270s
 11288  6663  150.00000   93  199          -  150.00000      -   269 1301s
 11295  6668  150.00000   99  220          -  150.00000      -   269 1305s
 11300  6671  150.00000  100  381          -  150.00000      -   269 1310s
 11305  6674  150.00000  101  366          -  150.00000      -   269 1316s
 11313  6674 infeasible  101               -  150.00000      -   270 1321s
 11318  6677  150.00000  104  343          -  150.00000      -   270 1325s
 11326  6675 infeasible  106               -  150.00000      -   270 1330s
 11380  6702 infeasible  111               -  150.00000      -   269 1335s
 11449  6728  150.00000  109  559          -  150.00000      -   269 1340s
 11530  6755  150.00000   82  168          -  150.00000      -   269 1345s
 11620  6808  150.00000   88  619          -  150.00000      -   268 1350s
 11705  6859  150.00000  107  579          -  150.00000      -   267 1355s
 11777  6894  150.00000   96  446          -  150.00000      -   268 1360s
 11835  6914  150.00000  102  205          -  150.00000      -   267 1365s
 11911  6956 infeasible  120               -  150.00000      -   267 1370s
 11983  6987  150.00000  122  165          -  150.00000      -   266 1375s
 12046  6999 infeasible  102               -  150.00000      -   266 1380s
 12109  7031  150.00000  104  571          -  150.00000      -   266 1385s
 12209  7098  150.00000   85  316          -  150.00000      -   265 1390s
 12306  7157  150.00000   82  243          -  150.00000      -   264 1395s
 12342  7192  150.00000  102  535          -  150.00000      -   264 1401s
 12384  7205  150.00000   93  582          -  150.00000      -   264 1405s
 12410  7216 infeasible  104               -  150.00000      -   265 1410s
 12451  7237  150.00000   97  584          -  150.00000      -   264 1415s
 12501  7263  150.00000   90  730          -  150.00000      -   264 1420s
 12572  7297 infeasible   97               -  150.00000      -   264 1425s
 12638  7324  150.00000  108  446          -  150.00000      -   264 1430s
 12720  7342  150.00000   97  390          -  150.00000      -   263 1435s
 12782  7378 infeasible  102               -  150.00000      -   264 1440s
 12888  7446  150.00000   94  525          -  150.00000      -   263 1445s
 12925  7459  150.00000  104  523          -  150.00000      -   263 1450s
 12982  7502  150.00000  110  499          -  150.00000      -   263 1455s
 13019  7519 infeasible  125               -  150.00000      -   263 1460s
 13079  7567  150.00000  102  469          -  150.00000      -   263 1465s
 13150  7627  150.00000  134  568          -  150.00000      -   263 1470s
 13223  7670  150.00000  106  434          -  150.00000      -   263 1475s
 13306  7721  150.00000  103  825          -  150.00000      -   262 1480s
 13424  7792 infeasible  118               -  150.00000      -   261 1485s
 13496  7834  150.00000  100  586          -  150.00000      -   261 1490s
 13575  7866  150.00000  122  526          -  150.00000      -   261 1495s
 13643  7888  150.00000   90  760          -  150.00000      -   261 1500s
 13724  7931  150.00000   74  450          -  150.00000      -   260 1505s
 13824  7985 infeasible   77               -  150.00000      -   260 1510s
 13869  8003 infeasible   92               -  150.00000      -   261 1515s
 13934  8046 infeasible   84               -  150.00000      -   261 1520s
 14040  8083  150.00000  101  558          -  150.00000      -   260 1525s
 14130  8130  150.00000   87  504          -  150.00000      -   260 1530s
 14231  8186 infeasible   99               -  150.00000      -   260 1535s
 14344  8221 infeasible  125               -  150.00000      -   259 1540s
 14462  8289  150.00000   97  626          -  150.00000      -   258 1545s
 14532  8321  150.00000  107  535          -  150.00000      -   258 1550s
 14655  8402  150.00000   82  533          -  150.00000      -   257 1555s
 14727  8426  150.00000   89  631          -  150.00000      -   258 1560s
 14783  8454  150.00000  102  513          -  150.00000      -   259 1565s
 14867  8509  150.00000   86  365          -  150.00000      -   258 1570s
 14925  8545  150.00000   77  445          -  150.00000      -   258 1575s
 14988  8582 infeasible  107               -  150.00000      -   258 1580s
 15056  8620 infeasible  101               -  150.00000      -   258 1585s
 15130  8678  150.00000  120  684          -  150.00000      -   258 1590s
 15219  8740  150.00000  109  468          -  150.00000      -   258 1595s
 15303  8803  150.00000  116  318          -  150.00000      -   258 1603s
 15338  8835  150.00000  133  425          -  150.00000      -   257 1605s
 15403  8882  150.00000   99  516          -  150.00000      -   257 1610s
 15491  8962  150.00000  145  657          -  150.00000      -   257 1615s
 15585  9025  150.00000  129  535          -  150.00000      -   257 1620s
 15697  9082 infeasible  123               -  150.00000      -   256 1625s
 15809  9113  150.00000  111  400          -  150.00000      -   255 1630s
 15938  9177  150.00000  130  391          -  150.00000      -   255 1635s
 16048  9238  150.00000   93  506          -  150.00000      -   254 1640s
 16162  9325  150.00000  122  581          -  150.00000      -   254 1645s
 16253  9357  150.00000  109  534          -  150.00000      -   254 1650s
 16393  9454  150.00000  125  396          -  150.00000      -   253 1655s
 16447  9480  150.00000  144  573          -  150.00000      -   253 1660s
 16555  9539 infeasible  135               -  150.00000      -   252 1665s
 16662  9602 infeasible  143               -  150.00000      -   252 1670s
 16746  9639  150.00000  125  351          -  150.00000      -   251 1675s
 16849  9696 infeasible  134               -  150.00000      -   251 1680s
 16936  9727 infeasible  143               -  150.00000      -   251 1685s
 17053  9795  150.00000   83  361          -  150.00000      -   250 1690s
 17144  9854  150.00000   81  420          -  150.00000      -   250 1695s
 17221  9879  150.00000   89  622          -  150.00000      -   250 1700s
 17311  9962 infeasible  127               -  150.00000      -   250 1705s
 17379  9996  150.00000  122  523          -  150.00000      -   250 1710s
 17470 10041  150.00000  122  336          -  150.00000      -   250 1715s
 17541 10067 infeasible  110               -  150.00000      -   250 1720s
 17627 10121 infeasible  132               -  150.00000      -   250 1725s
 17719 10163  150.00000  128  480          -  150.00000      -   250 1730s
 17803 10224  150.00000   98  492          -  150.00000      -   249 1735s
 17889 10285  150.00000   88  576          -  150.00000      -   250 1740s
 18014 10350 infeasible  106               -  150.00000      -   249 1745s
 18104 10391 infeasible   89               -  150.00000      -   248 1750s
 18215 10448 infeasible  119               -  150.00000      -   248 1755s
 18322 10519 infeasible  102               -  150.00000      -   248 1760s
 18414 10565  150.00000   53  410          -  150.00000      -   247 1765s
 18495 10626 infeasible   96               -  150.00000      -   247 1770s
 18530 10628  150.00000  126  485          -  150.00000      -   248 1775s
 18592 10660  150.00000  125  591          -  150.00000      -   248 1780s
 18693 10693  150.00000   86  439          -  150.00000      -   248 1785s
 18796 10743  150.00000  135  492          -  150.00000      -   247 1790s
 18910 10794 infeasible  132               -  150.00000      -   247 1795s
 18996 10845 infeasible  140               -  150.00000      -   247 1800s
 19081 10869 infeasible  147               -  150.00000      -   246 1805s
 19197 10944  150.00000   86  385          -  150.00000      -   246 1810s
 19292 11005  150.00000   95  545          -  150.00000      -   246 1815s
 19370 11043  150.00000   93  446          -  150.00000      -   246 1820s
 19438 11087  150.00000  105  587          -  150.00000      -   246 1825s
 19509 11107 infeasible  113               -  150.00000      -   246 1830s
 19599 11147 infeasible   96               -  150.00000      -   246 1835s
 19684 11172  150.00000   92  461          -  150.00000      -   246 1840s
 19721 11191 infeasible  112               -  150.00000      -   247 1845s
 19826 11252  150.00000  125  447          -  150.00000      -   246 1850s
 19894 11302  150.00000   77  553          -  150.00000      -   246 1855s
 19966 11337 infeasible   92               -  150.00000      -   247 1860s
 20042 11385 infeasible   92               -  150.00000      -   247 1865s
 20072 11401  150.00000  105  524          -  150.00000      -   247 1870s
 20174 11469 infeasible  118               -  150.00000      -   247 1875s
 20232 11496  150.00000   98  445          -  150.00000      -   247 1880s
 20333 11546 infeasible  115               -  150.00000      -   247 1885s
 20404 11592  150.00000  123  384          -  150.00000      -   247 1892s
 20464 11625  150.00000   83  726          -  150.00000      -   247 1895s
 20565 11675  150.00000   86  528          -  150.00000      -   246 1900s
 20649 11697 infeasible   93               -  150.00000      -   246 1905s
 20753 11755  150.00000  120  623          -  150.00000      -   246 1910s
 20827 11787  150.00000   78  586          -  150.00000      -   246 1915s
 20850 11802 infeasible   92               -  150.00000      -   247 1920s
 20883 11828  150.00000  114  724          -  150.00000      -   247 1925s
 20934 11858 infeasible   92               -  150.00000      -   248 1930s
 21002 11899 infeasible   92               -  150.00000      -   248 1935s
 21075 11938  150.00000   81  421          -  150.00000      -   248 1940s
 21127 11966  150.00000   85  616          -  150.00000      -   248 1945s
 21195 12008 infeasible   89               -  150.00000      -   248 1950s
 21240 12028  150.00000   90  528          -  150.00000      -   249 1955s
 21321 12070  150.00000  108  221          -  150.00000      -   249 1960s
 21435 12146  150.00000  127  492          -  150.00000      -   249 1965s
 21465 12153  150.00000  110  524          -  150.00000      -   249 1981s
 21469 12153 infeasible  112               -  150.00000      -   249 1985s
 21473 12155 infeasible  115               -  150.00000      -   249 1990s
 21478 12152  150.00000  103  377          -  150.00000      -   249 1995s
 21510 12173 infeasible  118               -  150.00000      -   249 2000s
 21632 12242  150.00000   92  146          -  150.00000      -   249 2005s
 21694 12270  150.00000  105  487          -  150.00000      -   249 2010s
 21752 12302  150.00000  109  540          -  150.00000      -   249 2015s
 21859 12370 infeasible  126               -  150.00000      -   249 2020s
 21937 12396 infeasible   87               -  150.00000      -   249 2025s
 22040 12438 infeasible   97               -  150.00000      -   249 2030s
 22151 12447 infeasible  101               -  150.00000      -   248 2035s
 22238 12434  150.00000   93  636          -  150.00000      -   248 2040s
 22320 12437 infeasible   99               -  150.00000      -   248 2045s
 22396 12462  150.00000  113  468          -  150.00000      -   248 2050s
 22553 12459 infeasible  116               -  150.00000      -   247 2055s
 22690 12467  150.00000   95  548          -  150.00000      -   246 2060s
 22775 12460  150.00000  100  555          -  150.00000      -   246 2065s
 22868 12443 infeasible  101               -  150.00000      -   246 2070s
 22994 12440  150.00000   99  566          -  150.00000      -   245 2075s
 23122 12430 infeasible   98               -  150.00000      -   244 2080s
 23158 12436  150.00000   96  467          -  150.00000      -   244 2085s
 23210 12430 infeasible   92               -  150.00000      -   245 2090s
 23256 12440  150.00000   98  747          -  150.00000      -   245 2095s
 23302 12440 infeasible  110               -  150.00000      -   245 2100s
 23365 12437 infeasible   91               -  150.00000      -   245 2105s
 23408 12434  150.00000   97  684          -  150.00000      -   245 2110s
 23447 12437 infeasible  103               -  150.00000      -   246 2115s
 23555 12447 infeasible  112               -  150.00000      -   245 2120s
 23628 12432 infeasible   99               -  150.00000      -   245 2125s
 23680 12432  150.00000   97  670          -  150.00000      -   245 2130s
 23796 12440  150.00000   79  733          -  150.00000      -   245 2135s
 23847 12453 infeasible   90               -  150.00000      -   245 2140s
 23887 12459  150.00000   84  640          -  150.00000      -   245 2145s
 23935 12464  150.00000   93  559          -  150.00000      -   245 2150s
 23995 12476 infeasible  108               -  150.00000      -   245 2155s
 24030 12471  150.00000  121  600          -  150.00000      -   245 2160s
 24095 12474 infeasible  132               -  150.00000      -   245 2165s
 24194 12525  150.00000  104  714          -  150.00000      -   245 2170s
 24215 12535 infeasible  112               -  150.00000      -   246 2175s
 24229 12531  150.00000  109  560          -  150.00000      -   246 2180s
 24280 12536  150.00000  119  502          -  150.00000      -   246 2185s
 24326 12545  150.00000  119  415          -  150.00000      -   246 2190s
 24378 12537  150.00000  124  472          -  150.00000      -   247 2195s
 24402 12528  150.00000  109  616          -  150.00000      -   247 2200s
 24434 12529  150.00000  112  343          -  150.00000      -   248 2205s
 24466 12541 infeasible  110               -  150.00000      -   248 2210s
 24479 12539  150.00000  119  509          -  150.00000      -   249 2215s
 24522 12535 infeasible  120               -  150.00000      -   249 2220s
 24558 12532  150.00000  117  661          -  150.00000      -   250 2225s
 24600 12537  150.00000  118  479          -  150.00000      -   250 2230s
 24643 12536 infeasible  121               -  150.00000      -   250 2235s
 24680 12531 infeasible  123               -  150.00000      -   250 2240s
 24722 12546  150.00000  111  430          -  150.00000      -   250 2245s
 24769 12563  150.00000  126  553          -  150.00000      -   251 2250s
 24829 12586  150.00000  123  679          -  150.00000      -   251 2255s
 24871 12583  150.00000  129  506          -  150.00000      -   251 2260s
 24914 12579 infeasible  132               -  150.00000      -   251 2265s
 24989 12569 infeasible  116               -  150.00000      -   251 2270s
 25040 12571 infeasible  111               -  150.00000      -   251 2275s
 25087 12569 infeasible  112               -  150.00000      -   251 2280s
 25105 12559 infeasible  111               -  150.00000      -   252 2285s
 25128 12545 infeasible  115               -  150.00000      -   252 2290s
 25149 12555  150.00000  119  454          -  150.00000      -   253 2295s
 25245 12578  150.00000   85  589          -  150.00000      -   252 2300s
 25317 12604 infeasible  115               -  150.00000      -   252 2305s
 25354 12622  150.00000  121  605          -  150.00000      -   252 2310s
 25441 12644  149.62179  128  595          -  150.00000      -   252 2315s
 25505 12664  150.00000  126  600          -  150.00000      -   252 2321s
 25558 12688  150.00000  137  713          -  150.00000      -   252 2325s
 25598 12663 infeasible  132               -  150.00000      -   252 2330s
 25655 12682  150.00000  130  495          -  150.00000      -   252 2335s
 25717 12684  150.00000  140  382          -  150.00000      -   252 2340s
 25786 12675  150.00000  134  539          -  150.00000      -   252 2345s
 25855 12669  150.00000  134  512          -  150.00000      -   252 2350s
 25928 12658 infeasible  128               -  150.00000      -   252 2355s
 26013 12650 infeasible  127               -  150.00000      -   251 2360s
 26073 12647 infeasible  134               -  150.00000      -   251 2365s
 26117 12663  150.00000   78  469          -  150.00000      -   252 2370s
 26119 12665  150.00000   80  486          -  150.00000      -   252 2378s
 26121 12667  150.00000   81  548          -  150.00000      -   252 2380s
 26128 12672  150.00000   85  443          -  150.00000      -   252 2385s
 26184 12707  150.00000   63  512          -  150.00000      -   252 2390s
 26270 12760  150.00000   72  404          -  150.00000      -   252 2395s
 26319 12775  150.00000   83  510          -  150.00000      -   252 2400s
 26360 12766 infeasible   89               -  150.00000      -   252 2405s
 26381 12762  150.00000   75  809          -  150.00000      -   253 2410s
 26418 12774 infeasible   86               -  150.00000      -   253 2415s
 26462 12782 infeasible   92               -  150.00000      -   253 2420s
 26488 12781  150.00000   86  634          -  150.00000      -   253 2425s
 26562 12781 infeasible   89               -  150.00000      -   253 2430s
 26604 12783 infeasible   93               -  150.00000      -   253 2435s
 26663 12793 infeasible   96               -  150.00000      -   254 2440s
 26700 12794  150.00000   91  532          -  150.00000      -   254 2445s
 26757 12832  150.00000   99  409          -  150.00000      -   254 2450s
 26816 12831  150.00000  100  400          -  150.00000      -   254 2455s
 26845 12838 infeasible  109               -  150.00000      -   254 2460s
 26899 12860  150.00000  107  664          -  150.00000      -   254 2465s
 26977 12869  150.00000  118  420          -  150.00000      -   254 2470s
 27064 12887  150.00000  113  507          -  150.00000      -   254 2475s
 27101 12888 infeasible  115               -  150.00000      -   254 2480s
 27157 12880 infeasible  112               -  150.00000      -   254 2485s
 27206 12868 infeasible  123               -  150.00000      -   254 2490s
 27264 12861 infeasible  115               -  150.00000      -   254 2495s
 27305 12843 infeasible  110               -  150.00000      -   254 2500s
 27365 12835  150.00000  102  432          -  150.00000      -   254 2505s
 27401 12834 infeasible  112               -  150.00000      -   255 2510s
 27447 12829 infeasible  108               -  150.00000      -   255 2515s
 27531 12859 infeasible  135               -  150.00000      -   255 2520s
 27611 12851  150.00000  126  402          -  150.00000      -   254 2525s
 27703 12860 infeasible  127               -  150.00000      -   254 2530s
 27775 12855 infeasible  132               -  150.00000      -   254 2535s
 27855 12864  150.00000  137  625          -  150.00000      -   254 2540s
 27934 12856  150.00000  126  468          -  150.00000      -   254 2545s
 28010 12855  150.00000   94  621          -  150.00000      -   254 2550s
 28083 12872  150.00000  105  658          -  150.00000      -   254 2555s
 28177 12855 infeasible  104               -  150.00000      -   253 2560s
 28232 12855  149.00000   96  419          -  150.00000      -   253 2565s
 28288 12843 infeasible  123               -  150.00000      -   253 2570s
 28340 12827  150.00000  103  525          -  150.00000      -   254 2575s
 28396 12854  150.00000   45  480          -  150.00000      -   254 2580s
 28437 12880  150.00000   72  298          -  150.00000      -   254 2585s
 28438 12881  150.00000   73  296          -  150.00000      -   254 2604s
 28439 12880 infeasible   74               -  150.00000      -   254 2605s
 28443 12878  150.00000   56  450          -  150.00000      -   254 2610s
 28453 12884 infeasible   62               -  150.00000      -   254 2615s
 28460 12883  150.00000   64  407          -  150.00000      -   254 2620s
 28468 12883 infeasible   68               -  150.00000      -   254 2625s
 28490 12904  150.00000   79  604          -  150.00000      -   255 2630s
 28537 12908 infeasible   93               -  150.00000      -   255 2635s
 28559 12900  150.00000   57  431          -  150.00000      -   255 2640s
 28628 12951  150.00000  107  703          -  150.00000      -   255 2645s
 28666 12970  150.00000   81  485          -  150.00000      -   255 2650s
 28724 12964  150.00000  120  593          -  150.00000      -   255 2655s
 28794 13011  150.00000  124  393          -  150.00000      -   255 2660s
 28879 13050  150.00000  115  748          -  150.00000      -   255 2665s
 28900 13056 infeasible  122               -  150.00000      -   256 2670s
 28966 13077 infeasible  130               -  150.00000      -   255 2675s
 29045 13075 infeasible  128               -  150.00000      -   255 2680s
 29091 13066  150.00000  123  486          -  150.00000      -   256 2685s
 29137 13077 infeasible  132               -  150.00000      -   256 2690s
 29172 13056 infeasible  121               -  150.00000      -   256 2695s
 29213 13054 infeasible  122               -  150.00000      -   257 2702s
 29254 13055 infeasible  137               -  150.00000      -   257 2705s
 29288 13045 infeasible  133               -  150.00000      -   257 2710s
 29327 13044 infeasible  132               -  150.00000      -   257 2715s
 29377 13039 infeasible  121               -  150.00000      -   257 2720s
 29461 13073 infeasible  146               -  150.00000      -   257 2725s
 29514 13064  150.00000  143  434          -  150.00000      -   257 2730s
 29595 13065  150.00000  148  608          -  150.00000      -   257 2735s
 29668 13060 infeasible  137               -  150.00000      -   257 2740s
 29731 13051  150.00000  140  604          -  150.00000      -   257 2745s
 29806 13055 infeasible  150               -  150.00000      -   257 2750s
 29870 13041 infeasible  130               -  150.00000      -   257 2755s
 29939 13065 infeasible  141               -  150.00000      -   257 2760s
 29994 13060  150.00000  132  431          -  150.00000      -   257 2765s
 30047 13053  150.00000  131  533          -  150.00000      -   257 2770s
 30082 13040 infeasible  135               -  150.00000      -   257 2775s
 30128 13045  150.00000  129  462          -  150.00000      -   257 2780s
 30194 13047 infeasible  147               -  150.00000      -   257 2785s
 30254 13053 infeasible  132               -  150.00000      -   257 2790s
 30285 13049  150.00000  136  714          -  150.00000      -   258 2795s
 30333 13043 infeasible  137               -  150.00000      -   258 2800s
 30401 13039 infeasible  136               -  150.00000      -   258 2805s
 30438 13033 infeasible  122               -  150.00000      -   258 2810s
 30495 13060  150.00000  120  512          -  150.00000      -   258 2815s
 30536 13069 infeasible  139               -  150.00000      -   258 2820s
 30604 13058 infeasible  142               -  150.00000      -   258 2825s
 30615 13060 infeasible  145               -  150.00000      -   258 2830s
 30698 13047 infeasible  131               -  150.00000      -   258 2835s
 30741 13059  150.00000  130  765          -  150.00000      -   259 2840s
 30817 13064  150.00000  143  683          -  150.00000      -   258 2845s
 30869 13055 infeasible  130               -  150.00000      -   258 2850s
 30931 13062  150.00000  136  740          -  150.00000      -   259 2855s
 30983 13056 infeasible  134               -  150.00000      -   259 2860s
 31021 13044 infeasible  131               -  150.00000      -   259 2865s
 31093 13051 infeasible  128               -  150.00000      -   259 2870s
 31160 13037  150.00000  124  606          -  150.00000      -   259 2875s
 31222 13054 infeasible  135               -  150.00000      -   259 2880s
 31270 13054 infeasible  141               -  150.00000      -   259 2885s
 31324 13060 infeasible  140               -  150.00000      -   259 2890s
 31346 13047 infeasible  131               -  150.00000      -   260 2895s
 31386 13045 infeasible  131               -  150.00000      -   260 2900s
 31445 13049 infeasible  133               -  150.00000      -   260 2905s
 31529 13076 infeasible  140               -  150.00000      -   260 2910s
 31572 13066  150.00000  132  389          -  150.00000      -   260 2915s
 31643 13061 infeasible  129               -  150.00000      -   260 2920s
 31679 13061 infeasible  132               -  150.00000      -   260 2926s
 31724 13078 infeasible  139               -  150.00000      -   260 2930s
 31781 13093  150.00000  135  497          -  150.00000      -   261 2935s
 31873 13128 infeasible  143               -  150.00000      -   260 2940s
 31928 13093 infeasible  135               -  150.00000      -   260 2945s
 31977 13110 infeasible  138               -  150.00000      -   261 2950s
 32018 13099 infeasible  142               -  150.00000      -   261 2955s
 32058 13092  150.00000  132  545          -  150.00000      -   261 2961s
 32114 13091  150.00000  132  508          -  150.00000      -   261 2965s
 32144 13079  150.00000  128  433          -  150.00000      -   261 2970s
 32174 13086 infeasible  142               -  150.00000      -   262 2975s
 32214 13092 infeasible  141               -  150.00000      -   262 2980s
 32283 13096  150.00000  139  541          -  150.00000      -   262 2985s
 32319 13094 infeasible  142               -  150.00000      -   262 2990s
 32362 13090  150.00000  139  673          -  150.00000      -   262 2995s
 32399 13085 infeasible  137               -  150.00000      -   262 3000s
 32481 13087 infeasible  133               -  150.00000      -   262 3005s
 32540 13079  150.00000  135  471          -  150.00000      -   262 3010s
 32602 13079 infeasible  138               -  150.00000      -   262 3015s
 32678 13071 infeasible  136               -  150.00000      -   262 3020s
 32705 13059 infeasible  132               -  150.00000      -   263 3025s
 32763 13061 infeasible  131               -  150.00000      -   263 3030s
 32801 13062  150.00000  117  660          -  150.00000      -   263 3035s
 32848 13078  150.00000  128  513          -  150.00000      -   263 3040s
 32867 13073 infeasible  132               -  150.00000      -   264 3045s
 32903 13077 infeasible  130               -  150.00000      -   264 3050s
 32976 13098  150.00000   94  519          -  150.00000      -   264 3055s
 33036 13099 infeasible  103               -  150.00000      -   264 3060s
 33068 13097  149.61111   96  640          -  150.00000      -   264 3065s
 33142 13092 infeasible   91               -  150.00000      -   264 3070s
 33229 13090 infeasible   96               -  150.00000      -   264 3075s
 33300 13081 infeasible  103               -  150.00000      -   264 3080s
 33417 13128  150.00000  121  480          -  150.00000      -   263 3085s
 33496 13123 infeasible  119               -  150.00000      -   263 3090s
 33584 13130 infeasible  120               -  150.00000      -   263 3095s
 33669 13130 infeasible  126               -  150.00000      -   263 3100s
 33750 13139  150.00000  127  612          -  150.00000      -   263 3105s
 33845 13153 infeasible  112               -  150.00000      -   263 3110s
 33969 13150  150.00000   83  585          -  150.00000      -   262 3115s
 34040 13176 infeasible  117               -  150.00000      -   262 3120s
 34096 13194 infeasible  105               -  150.00000      -   262 3125s
 34186 13247  150.00000   93  454          -  150.00000      -   262 3130s
 34271 13287 infeasible   95               -  150.00000      -   262 3135s
 34324 13309 infeasible  102               -  150.00000      -   262 3140s
 34408 13310 infeasible   88               -  150.00000      -   262 3145s
 34471 13357  150.00000  116  612          -  150.00000      -   262 3150s
 34535 13370 infeasible  108               -  150.00000      -   262 3155s
 34588 13366 infeasible  122               -  150.00000      -   262 3160s
 34629 13358 infeasible  119               -  150.00000      -   262 3165s
 34680 13359  150.00000  130  558          -  150.00000      -   262 3170s
 34686 13357  150.00000  124  618          -  150.00000      -   262 3181s
 34702 13341 infeasible  108               -  150.00000      -   262 3185s
 34714 13333  150.00000  103  359          -  150.00000      -   262 3190s
 34721 13340  150.00000  110  334          -  150.00000      -   262 3195s
 34743 13341 infeasible  105               -  150.00000      -   262 3200s
 34781 13352 infeasible  120               -  150.00000      -   263 3205s
 34815 13362  149.03673  124  458          -  150.00000      -   263 3210s
 34874 13349 infeasible  118               -  150.00000      -   263 3215s
 34906 13344 infeasible  112               -  150.00000      -   263 3220s
 34959 13347 infeasible  112               -  150.00000      -   264 3225s
 35011 13341  150.00000  112  568          -  150.00000      -   264 3230s
 35069 13343  150.00000  108  586          -  150.00000      -   264 3235s
 35115 13341  150.00000  113  419          -  150.00000      -   264 3240s
 35202 13356 infeasible  111               -  150.00000      -   264 3245s
 35258 13396 infeasible   98               -  150.00000      -   264 3250s
 35342 13435 infeasible  106               -  150.00000      -   264 3255s
 35404 13465  150.00000   80  494          -  150.00000      -   264 3260s
 35475 13509 infeasible   94               -  150.00000      -   264 3265s
 35535 13519  150.00000   67  475          -  150.00000      -   264 3270s
 35613 13578  150.00000   94  548          -  150.00000      -   264 3275s
 35650 13599 infeasible  111               -  150.00000      -   264 3280s
 35707 13636  150.00000  100  372          -  150.00000      -   264 3285s
 35739 13650 infeasible  117               -  150.00000      -   264 3290s
 35791 13650 infeasible  120               -  150.00000      -   264 3295s
 35833 13659 infeasible   91               -  150.00000      -   265 3300s
 35865 13658 infeasible  109               -  150.00000      -   265 3305s
 35906 13670 infeasible  105               -  150.00000      -   265 3310s
 35983 13660 infeasible  102               -  150.00000      -   265 3315s
 36011 13666 infeasible  104               -  150.00000      -   265 3320s
 36069 13664 infeasible  102               -  150.00000      -   266 3325s
 36088 13661 infeasible   97               -  150.00000      -   266 3330s
 36120 13657 infeasible  101               -  150.00000      -   266 3335s
 36147 13662 infeasible  103               -  150.00000      -   266 3340s
 36184 13663 infeasible  102               -  150.00000      -   267 3345s
 36222 13662 infeasible  107               -  150.00000      -   267 3350s
 36270 13680 infeasible  106               -  150.00000      -   267 3355s
 36298 13683  150.00000   92  521          -  150.00000      -   267 3360s
 36327 13680 infeasible   91               -  150.00000      -   268 3365s
 36390 13672 infeasible  102               -  150.00000      -   268 3370s
 36439 13704  150.00000  114  416          -  150.00000      -   268 3375s
 36481 13730  150.00000  121  668          -  150.00000      -   268 3380s
 36532 13730  150.00000  107  642          -  150.00000      -   268 3385s
 36584 13760 infeasible  129               -  150.00000      -   268 3390s
 36620 13781  150.00000  125  477          -  150.00000      -   268 3395s
 36661 13798  150.00000  113  575          -  150.00000      -   269 3400s
 36736 13824  150.00000  129  754          -  150.00000      -   268 3405s
 36810 13841 infeasible  104               -  150.00000      -   268 3410s
 36860 13866  150.00000  106  570          -  150.00000      -   268 3415s
 36941 13873 infeasible  103               -  150.00000      -   268 3420s
 37012 13875  150.00000  107  589          -  150.00000      -   268 3425s
 37047 13884 infeasible  122               -  150.00000      -   269 3430s
 37106 13881 infeasible  119               -  150.00000      -   269 3435s
 37143 13883 infeasible  123               -  150.00000      -   269 3440s
 37179 13878 infeasible  112               -  150.00000      -   269 3445s
 37181 13878  150.00000  116  527          -  150.00000      -   269 3461s
 37196 13869 infeasible  115               -  150.00000      -   269 3465s
 37199 13872  150.00000  117  403          -  150.00000      -   269 3471s
 37203 13868 infeasible  118               -  150.00000      -   269 3475s
 37208 13863 infeasible  109               -  150.00000      -   269 3480s
 37214 13857 infeasible  104               -  150.00000      -   269 3485s
 37267 13870  150.00000  122  357          -  150.00000      -   269 3490s
 37317 13876  149.00000  130  509          -  150.00000      -   269 3495s
 37428 13889 infeasible   99               -  150.00000      -   269 3500s
 37487 13909  150.00000  127  648          -  150.00000      -   269 3505s
 37557 13909 infeasible  135               -  150.00000      -   269 3510s
 37604 13908 infeasible  124               -  150.00000      -   269 3515s
 37650 13908  150.00000  125  551          -  150.00000      -   269 3520s
 37697 13912  150.00000   68  383          -  150.00000      -   269 3525s
 37786 13934 infeasible  100               -  150.00000      -   269 3530s
 37833 13930  150.00000   88  504          -  150.00000      -   269 3535s
 37910 13931 infeasible   81               -  150.00000      -   269 3540s
 37979 13925  150.00000   83  603          -  150.00000      -   269 3545s
 38043 13934  150.00000   84  443          -  150.00000      -   269 3550s
 38150 13941  150.00000   92  356          -  150.00000      -   269 3555s
 38269 13964 infeasible  113               -  150.00000      -   268 3560s
 38342 14012 infeasible   93               -  150.00000      -   268 3565s
 38430 14006 infeasible  105               -  150.00000      -   268 3570s
 38531 14051 infeasible  102               -  150.00000      -   268 3575s
 38574 14072  150.00000   97  678          -  150.00000      -   268 3580s
 38651 14116  150.00000  102  550          -  150.00000      -   268 3585s
 38755 14154  150.00000  100  528          -  150.00000      -   268 3590s
 38864 14199  150.00000   87  604          -  150.00000      -   267 3595s

Cutting planes:
  Gomory: 13
  Cover: 321
  Implied bound: 18
  Projected implied bound: 2
  Clique: 66
  MIR: 66
  StrongCG: 36
  Flow cover: 146
  GUB cover: 2
  Zero half: 63
  Network: 2
  Relax-and-lift: 37
  BQP: 1

Explored 38943 nodes (10444914 simplex iterations) in 3600.01 seconds (2574.44 work units)
Thread count was 1 (of 8 available processors)

Solution count 0

Time limit reached
Best objective -, best bound 1.500000000000e+02, gap -
