
Gurobi 11.0.1 (win64) logging started Thu Mar 28 00:25:05 2024

Set parameter LogFile to value "C:\Projetos\Job_Rotation_Algorithms\Outputs\GurobiLogs\gurobi_log-output-69_wee-c18-BorbaRittModel-NoExtraConstraint-2.log"
Gurobi Optimizer version 11.0.1 build v11.0.1rc0 (win64 - Windows 10.0 (19045.2))

CPU model: 11th Gen Intel(R) Core(TM) i7-1165G7 @ 2.80GHz, instruction set [SSE2|AVX|AVX2|AVX512]
Thread count: 4 physical cores, 8 logical processors, using up to 1 threads

WLS license 901039 - registered to Bitka Analytics
Optimize a model with 59391 rows, 4424 columns and 182288 nonzeros
Model fingerprint: 0x3a4ade2f
Variable types: 2 continuous, 4422 integer (4422 binary)
Coefficient statistics:
  Matrix range     [1e+00, 5e+01]
  Objective range  [1e+00, 1e+00]
  Bounds range     [1e+00, 4e+01]
  RHS range        [1e+00, 4e+01]
Presolve removed 23771 rows and 1141 columns
Presolve time: 0.94s
Presolved: 35620 rows, 3283 columns, 109456 nonzeros
Variable types: 0 continuous, 3283 integer (3282 binary)
Root relaxation presolved: 3283 rows, 38903 columns, 112739 nonzeros


Root relaxation: objective 1.500000e+02, 2405 iterations, 0.28 seconds (0.32 work units)

    Nodes    |    Current Node    |     Objective Bounds      |     Work
 Expl Unexpl |  Obj  Depth IntInf | Incumbent    BestBd   Gap | It/Node Time

     0     0  150.00000    0  460          -  150.00000      -     -    5s
     0     0  150.00000    0  866          -  150.00000      -     -    7s
     0     0  150.00000    0  830          -  150.00000      -     -    8s
     0     0  150.00000    0  865          -  150.00000      -     -   19s
     0     0  150.00000    0  830          -  150.00000      -     -   19s
     0     0  150.00000    0  834          -  150.00000      -     -   28s
     0     0  150.00000    0  808          -  150.00000      -     -   29s
     0     0  150.00000    0  720          -  150.00000      -     -   42s
     0     0  150.00000    0  732          -  150.00000      -     -   43s
     0     0  150.00000    0  767          -  150.00000      -     -   52s
     0     0  150.00000    0  761          -  150.00000      -     -   52s
     0     0  150.00000    0  797          -  150.00000      -     -   60s
     0     0  150.00000    0  797          -  150.00000      -     -   65s
     0     2  150.00000    0  705          -  150.00000      -     -   81s
    51    53  150.00000   29  457          -  150.00000      -   348   85s
    81    83  150.00000   49  540          -  150.00000      -   485   90s
   131   127  150.00000   84  464          -  150.00000      -   430   95s
   185   171  150.00000   50  516          -  150.00000      -   398  100s
   234   218  150.00000   83  454          -  150.00000      -   391  105s
   290   274  150.00000  125  459          -  150.00000      -   379  110s
   408   324  150.00000   87  650          -  150.00000      -   313  115s
   447   359  147.40586  115  646          -  150.00000      -   333  120s
   497   390  150.00000  100  607          -  150.00000      -   341  125s
   525   412  149.65060  121  701          -  150.00000      -   363  130s
   597   461  150.00000   95  797          -  150.00000      -   349  135s
   599   462  150.00000   51  479          -  150.00000      -   348  142s
   600   463  149.80437  133  676          -  150.00000      -   348  162s
   601   464  150.00000   57  718          -  150.00000      -   347  165s
   602   464  150.00000   87  748          -  150.00000      -   346  182s
   604   466  150.00000  115  849          -  150.00000      -   345  196s
   606   467  147.44140  141  790          -  150.00000      -   344  209s
   607   468  150.00000   41  758          -  150.00000      -   344  211s
   608   468  149.64816  104  629          -  150.00000      -   343  222s
   610   470  150.00000   93  830          -  150.00000      -   342  236s
   612   471  147.42408  139  869          -  150.00000      -   341  250s
   614   472  148.60797   94  641          -  150.00000      -   340  265s
   615   473  150.00000   28  778          -  150.00000      -   339  270s
   616   474  150.00000   82  824          -  150.00000      -   339  283s
   617   474  141.86331   96  789          -  150.00000      -   338  285s
   618   475  150.00000   93  759          -  150.00000      -   337  295s
   619   476  150.00000   80  672          -  150.00000      -   337  303s
   620   476  150.00000   17  672          -  150.00000      -   336  310s
   621   479  150.00000   16  637          -  150.00000      -   422  321s
   628   484  150.00000   19  477          -  150.00000      -   426  325s
   631   486  150.00000   21  519          -  150.00000      -   426  335s
   632   486  150.00000   21  506          -  150.00000      -   426  344s
   637   490  150.00000   24  513          -  150.00000      -   424  345s
   658   504  150.00000   34  455          -  150.00000      -   431  350s
   678   517  150.00000   44  460          -  150.00000      -   443  355s
   702   533  150.00000   56  504          -  150.00000      -   450  360s
   721   546  150.00000   66  511          -  150.00000      -   454  365s
   735   555  150.00000   73  469          -  150.00000      -   463  370s
   752   562 infeasible   81               -  150.00000      -   470  375s
   758   566  150.00000   84  632          -  150.00000      -   479  380s
   767   572  150.00000   89  599          -  150.00000      -   486  385s
   774   577  150.00000   92  772          -  150.00000      -   493  390s
   779   578 infeasible   95               -  150.00000      -   511  397s
   783   577  150.00000   96  682          -  150.00000      -   516  400s
   786   575 infeasible   97               -  150.00000      -   533  406s
   788   572 infeasible   97               -  150.00000      -   544  410s
   810   587  150.00000   45  438          -  150.00000      -   551  415s
   836   604  150.00000   58  423          -  150.00000      -   560  420s
   864   623  150.00000   72  490          -  150.00000      -   567  425s
   876   631  150.00000   78  528          -  150.00000      -   580  430s
   896   640  150.00000   88  566          -  150.00000      -   587  435s
   903   641  150.00000   91  595          -  150.00000      -   602  440s
   909   637 infeasible   92               -  150.00000      -   614  445s
   913   634 infeasible   94               -  150.00000      -   632  451s
   928   644  150.00000   50  475          -  150.00000      -   635  455s
   944   652  150.00000   58  692          -  150.00000      -   643  460s
   950   654 infeasible   61               -  150.00000      -   659  466s
   952   656  150.00000   62  663          -  150.00000      -   661  471s
   957   659  150.00000   65  681          -  150.00000      -   669  475s
   964   664  150.00000   68  682          -  150.00000      -   683  480s
   971   666  149.95608   72  734          -  150.00000      -   695  486s
   992   670  150.00000   56  455          -  150.00000      -   699  490s
  1013   684  150.00000   66  512          -  150.00000      -   705  495s
  1035   697  150.00000   77  560          -  150.00000      -   709  500s
  1053   707  150.00000   86  618          -  150.00000      -   718  505s
  1069   716 infeasible   94               -  150.00000      -   725  510s
  1084   726  150.00000  102  498          -  150.00000      -   732  515s
  1097   734  150.00000  108  692          -  150.00000      -   738  520s
  1106   734  150.00000  113  586          -  150.00000      -   745  548s
  1111   734  150.00000  115  564          -  150.00000      -   745  550s
  1116   731 infeasible  118               -  150.00000      -   763  556s
  1121   728  150.00000  117  742          -  150.00000      -   775  560s
  1128   727 infeasible  121               -  150.00000      -   789  565s
  1156   734  150.00000   57  448          -  150.00000      -   790  570s
  1176   745  150.00000   67  509          -  150.00000      -   795  575s
  1200   761  150.00000   79  495          -  150.00000      -   794  580s
  1219   772 infeasible   89               -  150.00000      -   798  585s
  1239   783  150.00000   98  615          -  150.00000      -   801  590s
  1254   793  150.00000  106  739          -  150.00000      -   806  595s
  1268   800  150.00000  113  623          -  150.00000      -   809  600s
  1279   808  149.33567  118  755          -  150.00000      -   819  605s
  1285   810  149.72229  121  826          -  150.00000      -   832  610s
  1294   812 infeasible  126               -  150.00000      -   844  616s
  1301   812  150.00000  128  716          -  150.00000      -   852  620s
  1310   814 infeasible  133               -  150.00000      -   861  625s
  1321   812 infeasible  138               -  150.00000      -   869  630s
  1352   816  150.00000   51  462          -  150.00000      -   862  635s
  1379   834  150.00000   64  510          -  150.00000      -   860  640s
  1401   849  150.00000   75  515          -  150.00000      -   860  645s
  1414   858  150.00000   82  704          -  150.00000      -   864  650s
  1423   864  150.00000   86  716          -  150.00000      -   870  655s
  1430   868  150.00000   90  711          -  150.00000      -   876  660s
  1435   870 infeasible   92               -  150.00000      -   893  665s
  1458   881  148.05273  104  768          -  150.00000      -   896  670s
  1482   893  147.28600  116  776          -  150.00000      -   901  675s
  1502   892 infeasible  122               -  150.00000      -   909  680s
  1520   890  150.00000   46  486          -  150.00000      -   914  685s
  1540   902  150.00000   56  498          -  150.00000      -   914  690s
  1558   912  150.00000   65  528          -  150.00000      -   916  695s
  1572   921  150.00000   72  521          -  150.00000      -   921  700s
  1587   929 infeasible   80               -  150.00000      -   926  706s
  1599   931 infeasible   85               -  150.00000      -   929  710s
  1615   942  150.00000   93  566          -  150.00000      -   930  715s
  1627   946  150.00000   98  647          -  150.00000      -   935  720s
  1638   945  150.00000  102  695          -  150.00000      -   940  725s
  1647   941 infeasible  107               -  150.00000      -   944  730s
  1661   946  150.00000   76  577          -  150.00000      -   949  735s
  1677   957  150.00000   84  613          -  150.00000      -   950  740s
  1693   968  150.00000   92  506          -  150.00000      -   954  745s
  1711   980  150.00000  101  536          -  150.00000      -   955  750s
  1721   984  150.00000  106  676          -  150.00000      -   962  755s
  1728   981 infeasible  110               -  150.00000      -   975  760s
  1749   991  150.00000   86  822          -  150.00000      -   975  766s
  1760   998  150.00000   90  522          -  150.00000      -   976  770s
  1769  1000 infeasible   96               -  150.00000      -   980  775s
  1777  1000 infeasible   97               -  150.00000      -   990  781s
  1786  1002  150.00000   75  532          -  150.00000      -   991  785s
  1810  1014  150.00000   93  626          -  150.00000      -   987  790s
  1830  1025  150.00000  107  558          -  150.00000      -   986  795s
  1840  1026  150.00000  110  681          -  150.00000      -   991  800s
  1853  1026  150.00000  114  714          -  150.00000      -   996  805s
  1866  1033  149.93095  120  733          -  150.00000      -  1001  810s
  1886  1040  149.62956  127  764          -  150.00000      -  1003  815s
  1913  1042  148.45920  138  755          -  150.00000      -  1006  820s
  1944  1043  150.00000   78  617          -  150.00000      -  1001  825s
  1960  1054  150.00000   89  680          -  150.00000      -  1001  830s
  1976  1064  150.00000   98  713          -  150.00000      -  1002  835s
  1988  1070  150.00000  102  748          -  150.00000      -  1005  840s
  2000  1072  149.20070  104  849          -  150.00000      -  1009  845s
  2009  1076  150.00000  110  711          -  150.00000      -  1011  850s
  2019  1083  150.00000  117  819          -  150.00000      -  1017  855s
  2028  1083 infeasible  119               -  150.00000      -  1025  860s
  2039  1078  149.00000  121  780          -  150.00000      -  1032  865s
  2061  1093  150.00000   85  551          -  150.00000      -  1032  870s
  2078  1108  150.00000   98  594          -  150.00000      -  1031  875s
  2094  1122  150.00000  109  671          -  150.00000      -  1033  880s
  2107  1133  150.00000  110  700          -  150.00000      -  1038  885s
  2129  1147  149.35059  122  750          -  150.00000      -  1040  890s
  2149  1147 infeasible  128               -  150.00000      -  1048  895s
  2171  1149  150.00000   74  505          -  150.00000      -  1050  900s
  2191  1169  150.00000   90  598          -  150.00000      -  1049  905s
  2211  1189  150.00000  105  605          -  150.00000      -  1047  910s
  2229  1201 infeasible  120               -  150.00000      -  1050  915s
  2234  1206  150.00000  117  616          -  150.00000      -  1055  920s
  2245  1209 infeasible  122               -  150.00000      -  1060  925s
  2255  1211  149.39052  124  735          -  150.00000      -  1067  930s
  2276  1226  150.00000   83  583          -  150.00000      -  1065  935s
  2302  1246  150.00000   99  670          -  150.00000      -  1060  940s
  2314  1248  150.00000  101  671          -  150.00000      -  1063  945s
  2324  1248 infeasible  105               -  150.00000      -  1069  950s
  2343  1267  150.00000   85  553          -  150.00000      -  1067  974s
  2344  1268  150.00000   86  606          -  150.00000      -  1067  975s
  2369  1279  150.00000   69  497          -  150.00000      -  1064  980s
  2396  1300  150.00000   88  616          -  150.00000      -  1060  985s
  2424  1320 infeasible  102               -  150.00000      -  1054  990s
  2447  1333 infeasible  116               -  150.00000      -  1051  995s
  2457  1341  150.00000  118  716          -  150.00000      -  1054 1000s
  2473  1343  150.00000  122  638          -  150.00000      -  1054 1005s
  2493  1355  150.00000   80  491          -  150.00000      -  1054 1010s
  2521  1373  150.00000   77  537          -  150.00000      -  1050 1015s
  2549  1393  150.00000   76  542          -  150.00000      -  1047 1020s
  2574  1418  150.00000   91  543          -  150.00000      -  1043 1025s
  2592  1436  150.00000  103  541          -  150.00000      -  1044 1030s
  2616  1460  150.00000  122  676          -  150.00000      -  1040 1035s
  2627  1471  150.00000  126  707          -  150.00000      -  1042 1040s
  2644  1486 infeasible  140               -  150.00000      -  1043 1045s
  2652  1486  148.66285  142  759          -  150.00000      -  1049 1050s
  2670  1492  147.11137  145  772          -  150.00000      -  1054 1055s
  2696  1510  150.00000   82  580          -  150.00000      -  1051 1060s
  2726  1538  150.00000  105  609          -  150.00000      -  1046 1065s
  2737  1547  150.00000  107  662          -  150.00000      -  1050 1071s
  2753  1549  150.00000   72  540          -  150.00000      -  1049 1075s
  2783  1577 infeasible   95               -  150.00000      -  1046 1080s
  2803  1595  150.00000  108  524          -  150.00000      -  1044 1085s
  2819  1601 infeasible  116               -  150.00000      -  1046 1090s
  2828  1606  150.00000  117  780          -  150.00000      -  1049 1095s
  2836  1610  150.00000  121  735          -  150.00000      -  1053 1100s
  2846  1610 infeasible  123               -  150.00000      -  1058 1105s
  2873  1627  150.00000   82  508          -  150.00000      -  1056 1110s
  2907  1659  150.00000  109  596          -  150.00000      -  1050 1115s
  2926  1678  150.00000  124  677          -  150.00000      -  1048 1120s
  2935  1687  150.00000  129  612          -  150.00000      -  1051 1125s
  2947  1695 infeasible  134               -  150.00000      -  1055 1130s
  2958  1698  149.99309  136  830          -  150.00000      -  1057 1135s
  2978  1708  150.00000   66  478          -  150.00000      -  1059 1140s
  3004  1728  150.00000   82  575          -  150.00000      -  1056 1145s
  3037  1753  150.00000   87  534          -  150.00000      -  1051 1150s
  3064  1776  150.00000  106  555          -  150.00000      -  1047 1155s
  3077  1787  150.00000  114  750          -  150.00000      -  1049 1160s
  3090  1794  150.00000  120  745          -  150.00000      -  1049 1165s
  3107  1801  150.00000   62  493          -  150.00000      -  1052 1170s
  3131  1823 infeasible   75               -  150.00000      -  1050 1175s
  3143  1825 infeasible   78               -  150.00000      -  1053 1180s
  3155  1837  150.00000   89  768          -  150.00000      -  1054 1185s
  3168  1848  150.00000   96  791          -  150.00000      -  1056 1190s
  3174  1848  150.00000   96  785          -  150.00000      -  1060 1195s
  3180  1848  149.83915   98  841          -  150.00000      -  1067 1200s
  3191  1847  150.00000   56  502          -  150.00000      -  1070 1205s
  3219  1875  150.00000   72  506          -  150.00000      -  1067 1210s
  3243  1893 infeasible   89               -  150.00000      -  1065 1215s
  3252  1900 infeasible   96               -  150.00000      -  1068 1220s
  3267  1911 infeasible  105               -  150.00000      -  1069 1225s
  3282  1918  150.00000  108  583          -  150.00000      -  1070 1230s
  3294  1924  149.81070  114  698          -  150.00000      -  1073 1235s
  3309  1929  149.20791  117  735          -  150.00000      -  1075 1240s
  3347  1947  150.00000   68  480          -  150.00000      -  1070 1245s
  3373  1973  150.00000   84  540          -  150.00000      -  1069 1250s
  3388  1968  150.00000   57  483          -  150.00000      -  1070 1255s
  3415  1995  150.00000   74  536          -  150.00000      -  1068 1260s
  3431  2007  150.00000   82  654          -  150.00000      -  1069 1265s
  3451  2023  150.00000   96  625          -  150.00000      -  1067 1270s
  3469  2041  149.61284  112  816          -  150.00000      -  1068 1275s
  3487  2055  149.63189  116  825          -  150.00000      -  1069 1280s
  3518  2072  148.62040  123  791          -  150.00000      -  1068 1285s
  3554  2084  150.00000   78  513          -  150.00000      -  1063 1290s
  3559  2089  150.00000   82  464          -  150.00000      -  1063 1317s
  3573  2097  150.00000   91  518          -  150.00000      -  1062 1320s
  3592  2096  150.00000   62  480          -  150.00000      -  1062 1325s
  3625  2129  150.00000   84  473          -  150.00000      -  1057 1330s
  3650  2138 infeasible   91               -  150.00000      -  1057 1335s
  3671  2147  150.00000   79  489          -  150.00000      -  1056 1340s
  3694  2170  150.00000   95  628          -  150.00000      -  1054 1345s
  3710  2178  150.00000   98  628          -  150.00000      -  1055 1350s
  3721  2177  150.00000   99  655          -  150.00000      -  1057 1355s
  3743  2195  150.00000   74  480          -  150.00000      -  1056 1360s
  3770  2220  150.00000   92  555          -  150.00000      -  1053 1365s
  3786  2218 infeasible   98               -  150.00000      -  1056 1370s
  3813  2245  150.00000   83  477          -  150.00000      -  1053 1375s
  3832  2260  150.00000   91  465          -  150.00000      -  1053 1380s
  3858  2268  150.00000   74  502          -  150.00000      -  1051 1385s
  3885  2295  150.00000   95  564          -  150.00000      -  1049 1390s
  3904  2306  150.00000  106  708          -  150.00000      -  1048 1395s
  3916  2316  150.00000  109  752          -  150.00000      -  1050 1400s
  3931  2329  150.00000  118  766          -  150.00000      -  1050 1405s
  3939  2335 infeasible  125               -  150.00000      -  1052 1410s
  3950  2344  150.00000  127  745          -  150.00000      -  1054 1415s
  3964  2342 infeasible  131               -  150.00000      -  1057 1420s
  3986  2352  145.71614  135  811          -  150.00000      -  1057 1425s
  4010  2360 infeasible  142               -  150.00000      -  1057 1430s
  4037  2383  150.00000   67  479          -  150.00000      -  1055 1435s
  4063  2405  150.00000   79  461          -  150.00000      -  1053 1440s
  4089  2429  150.00000   93  504          -  150.00000      -  1051 1445s
  4114  2444  150.00000   57  501          -  150.00000      -  1049 1450s
  4148  2478  150.00000   80  547          -  150.00000      -  1045 1455s
  4171  2497  150.00000   93  605          -  150.00000      -  1044 1460s
  4190  2508 infeasible  101               -  150.00000      -  1044 1465s
  4213  2521  150.00000   66  474          -  150.00000      -  1042 1470s
  4249  2557  150.00000   90  452          -  150.00000      -  1039 1475s
  4265  2557 infeasible   94               -  150.00000      -  1041 1480s
  4292  2582  150.00000   68  483          -  150.00000      -  1039 1485s
  4319  2609  150.00000   82  545          -  150.00000      -  1037 1490s
  4344  2628  150.00000   98  508          -  150.00000      -  1036 1495s
  4379  2649  150.00000   68  472          -  150.00000      -  1031 1500s
  4411  2681  150.00000   88  459          -  150.00000      -  1029 1505s
  4442  2708 infeasible  110               -  150.00000      -  1026 1510s
  4467  2723  150.00000   78  500          -  150.00000      -  1024 1515s
  4496  2752  150.00000   97  552          -  150.00000      -  1022 1520s
  4513  2769  150.00000  105  583          -  150.00000      -  1022 1525s
  4527  2777  150.00000  112  584          -  150.00000      -  1023 1530s
  4543  2793  150.00000  120  784          -  150.00000      -  1024 1535s
  4550  2800  150.00000  118  670          -  150.00000      -  1026 1540s
  4556  2806  150.00000  124  727          -  150.00000      -  1028 1545s
  4564  2810  150.00000  125  665          -  150.00000      -  1031 1550s
  4578  2822  148.76739  134  700          -  150.00000      -  1032 1555s
  4588  2824  150.00000  135  601          -  150.00000      -  1033 1560s
  4601  2823 infeasible  139               -  150.00000      -  1034 1565s
  4623  2837  150.00000   72  474          -  150.00000      -  1034 1570s
  4655  2869  150.00000   96  528          -  150.00000      -  1031 1575s
  4683  2895  150.00000  114  526          -  150.00000      -  1029 1580s
  4698  2906  150.00000  122  545          -  150.00000      -  1029 1585s
  4711  2903 infeasible  123               -  150.00000      -  1031 1590s
  4741  2931  150.00000   84  510          -  150.00000      -  1029 1595s
  4775  2965  150.00000  108  490          -  150.00000      -  1026 1600s
  4797  2987  150.00000  115  557          -  150.00000      -  1025 1605s
  4818  3008  150.00000  128  609          -  150.00000      -  1025 1610s
  4836  3024 infeasible  139               -  150.00000      -  1025 1615s
  4843  3031  149.96215  138  812          -  150.00000      -  1027 1620s
  4852  3032 infeasible  142               -  150.00000      -  1030 1625s
  4887  3063  150.00000   90  509          -  150.00000      -  1027 1630s
  4914  3090  150.00000  104  480          -  150.00000      -  1026 1635s
  4935  3109  150.00000  119  483          -  150.00000      -  1026 1640s
  4954  3124 infeasible  126               -  150.00000      -  1027 1646s
  4966  3132 infeasible  134               -  150.00000      -  1027 1650s
  4977  3133  150.00000   68  467          -  150.00000      -  1029 1655s
  5009  3165  150.00000   90  501          -  150.00000      -  1027 1660s
  5038  3194  150.00000  103  493          -  150.00000      -  1025 1665s
  5056  3208  150.00000  116  455          -  150.00000      -  1026 1670s
  5068  3210  150.00000  120  491          -  150.00000      -  1028 1675s
  5096  3220  150.00000   71  520          -  150.00000      -  1026 1680s
  5121  3245  150.00000   85  497          -  150.00000      -  1024 1685s
  5150  3274  150.00000   99  515          -  150.00000      -  1023 1690s
  5174  3292 infeasible  111               -  150.00000      -  1022 1695s
  5189  3293  150.00000   61  446          -  150.00000      -  1023 1700s
  5231  3335  150.00000   93  476          -  150.00000      -  1018 1705s
  5261  3363 infeasible  106               -  150.00000      -  1017 1710s
  5275  3371  150.00000  113  554          -  150.00000      -  1018 1715s
  5288  3374 infeasible  119               -  150.00000      -  1019 1720s
  5317  3393  150.00000   75  481          -  150.00000      -  1017 1725s
  5348  3424  150.00000   90  477          -  150.00000      -  1015 1730s
  5370  3446  150.00000  100  645          -  150.00000      -  1015 1735s
  5393  3469  150.00000  109  582          -  150.00000      -  1014 1740s
  5413  3489  150.00000  121  612          -  150.00000      -  1015 1745s
  5431  3503 infeasible  132               -  150.00000      -  1015 1750s
  5437  3503  150.00000  131  666          -  150.00000      -  1018 1755s
  5468  3524  150.00000   81  488          -  150.00000      -  1016 1760s
  5503  3559  150.00000  100  568          -  150.00000      -  1013 1765s
  5517  3573  150.00000  103  489          -  150.00000      -  1014 1790s
  5540  3596  150.00000  113  511          -  150.00000      -  1013 1795s
  5563  3617  150.00000  125  608          -  150.00000      -  1013 1800s
  5578  3626 infeasible  132               -  150.00000      -  1013 1805s
  5592  3634 infeasible  138               -  150.00000      -  1014 1810s
  5607  3637  150.00000   69  484          -  150.00000      -  1016 1815s
  5635  3665  150.00000   90  548          -  150.00000      -  1015 1820s
  5655  3681  150.00000   93  510          -  150.00000      -  1015 1825s
  5684  3708  150.00000  110  504          -  150.00000      -  1013 1830s
  5706  3724  150.00000  114  528          -  150.00000      -  1013 1835s
  5723  3741  150.00000  121  565          -  150.00000      -  1013 1840s
  5736  3752  149.66973  124  750          -  150.00000      -  1015 1845s
  5747  3763  150.00000  127  741          -  150.00000      -  1015 1850s
  5760  3776  149.83144  129  766          -  150.00000      -  1016 1855s
  5771  3783 infeasible  132               -  150.00000      -  1018 1860s
  5778  3786  148.56435  133  758          -  150.00000      -  1021 1865s
  5799  3783 infeasible  136               -  150.00000      -  1021 1870s
  5830  3810  150.00000   81  559          -  150.00000      -  1019 1875s
  5867  3845  150.00000  105  494          -  150.00000      -  1016 1880s
  5879  3855  150.00000  110  538          -  150.00000      -  1018 1885s
  5890  3862  150.00000  117  724          -  150.00000      -  1019 1890s
  5897  3869  149.97146  120  881          -  150.00000      -  1022 1895s
  5907  3877 infeasible  121               -  150.00000      -  1023 1901s
  5913  3881 infeasible  124               -  150.00000      -  1026 1905s
  5925  3887  149.25208  127  777          -  150.00000      -  1027 1910s
  5938  3898  145.97126  129  774          -  150.00000      -  1029 1915s
  5966  3902 infeasible  139               -  150.00000      -  1030 1920s
  6004  3934  150.00000   92  560          -  150.00000      -  1027 1925s
  6029  3959  150.00000  105  533          -  150.00000      -  1026 1930s
  6048  3978  150.00000  113  645          -  150.00000      -  1026 1935s
  6065  3993  150.00000  118  601          -  150.00000      -  1027 1940s
  6087  4015  149.93608  136  731          -  150.00000      -  1026 1945s
  6099  4021  149.58045  138  765          -  150.00000      -  1028 1950s
  6125  4027 infeasible  144               -  150.00000      -  1028 1955s
  6165  4065  150.00000   93  501          -  150.00000      -  1024 1960s
  6188  4088  150.00000  106  553          -  150.00000      -  1024 1965s
  6215  4115  150.00000  125  591          -  150.00000      -  1022 1970s
  6236  4136  150.00000  137  684          -  150.00000      -  1021 1975s
  6248  4144  150.00000  143  734          -  150.00000      -  1022 1980s
  6260  4152  150.00000  145  737          -  150.00000      -  1024 1985s
  6276  4158 infeasible  153               -  150.00000      -  1026 1990s
  6305  4163  145.52833  165  770          -  150.00000      -  1027 1995s
  6327  4177  150.00000   78  549          -  150.00000      -  1027 2000s
  6356  4206  150.00000   94  560          -  150.00000      -  1025 2005s
  6374  4224  150.00000  106  513          -  150.00000      -  1026 2010s
  6391  4241  150.00000  117  628          -  150.00000      -  1026 2015s
  6400  4234 infeasible  118               -  150.00000      -  1029 2020s
  6424  4256  150.00000   90  542          -  150.00000      -  1029 2025s
  6447  4277  150.00000  105  539          -  150.00000      -  1028 2030s
  6466  4296  150.00000  116  563          -  150.00000      -  1028 2035s
  6481  4305 infeasible  124               -  150.00000      -  1029 2040s
  6494  4312  149.81901  127  779          -  150.00000      -  1031 2045s
  6525  4329 infeasible  134               -  150.00000      -  1030 2050s
  6545  4335 infeasible  140               -  150.00000      -  1031 2055s
  6563  4335  150.00000   79  551          -  150.00000      -  1033 2060s
  6588  4360  150.00000   92  527          -  150.00000      -  1031 2065s
  6606  4378  150.00000  100  606          -  150.00000      -  1032 2070s
  6613  4379 infeasible  102               -  150.00000      -  1034 2075s
  6622  4384  150.00000  105  685          -  150.00000      -  1035 2080s
  6631  4381 infeasible  107               -  150.00000      -  1037 2085s
  6649  4393  150.00000   86  503          -  150.00000      -  1037 2090s
  6677  4419  150.00000  103  583          -  150.00000      -  1036 2095s
  6698  4440  150.00000  115  668          -  150.00000      -  1035 2100s
  6712  4448  150.00000  125  713          -  150.00000      -  1036 2105s
  6719  4453  150.00000  127  678          -  150.00000      -  1038 2110s
  6734  4462 infeasible  134               -  150.00000      -  1039 2115s
  6751  4455  150.00000   78  503          -  150.00000      -  1041 2120s
  6774  4478  150.00000   93  587          -  150.00000      -  1040 2125s
  6791  4495  150.00000  102  627          -  150.00000      -  1040 2130s
  6809  4511  149.76989  116  877          -  150.00000      -  1041 2135s
  6815  4515  149.77281  116  883          -  150.00000      -  1043 2140s
  6820  4520  150.00000  114  785          -  150.00000      -  1046 2145s
  6824  4524  147.31015  116  829          -  150.00000      -  1049 2150s
  6836  4530  147.59824  119  857          -  150.00000      -  1051 2155s
  6845  4533 infeasible  121               -  150.00000      -  1055 2161s
  6867  4541  150.00000   77  545          -  150.00000      -  1054 2165s
  6891  4565  150.00000   92  571          -  150.00000      -  1053 2170s
  6896  4570  150.00000   96  594          -  150.00000      -  1053 2196s
  6905  4579  150.00000  102  676          -  150.00000      -  1053 2200s
  6911  4583 infeasible  103               -  150.00000      -  1055 2205s
  6922  4588 infeasible  108               -  150.00000      -  1056 2210s
  6927  4591  145.47348  111  773          -  150.00000      -  1058 2215s
  6949  4601  150.00000   74  477          -  150.00000      -  1058 2220s
  6977  4629  150.00000   96  550          -  150.00000      -  1056 2225s
  6999  4649  150.00000  104  526          -  150.00000      -  1055 2230s
  7019  4669  150.00000  117  545          -  150.00000      -  1055 2235s
  7036  4684  150.00000  126  650          -  150.00000      -  1055 2240s
  7048  4692 infeasible  130               -  150.00000      -  1056 2245s
  7061  4701  149.75389  132  763          -  150.00000      -  1057 2250s
  7073  4705  149.00000  139  692          -  150.00000      -  1058 2255s
  7088  4706  148.72213  147  820          -  150.00000      -  1058 2260s
  7101  4703  150.00000   69  481          -  150.00000      -  1060 2265s
  7131  4733  150.00000   93  565          -  150.00000      -  1058 2270s
  7159  4761  150.00000  109  527          -  150.00000      -  1056 2275s
  7177  4777  150.00000  120  658          -  150.00000      -  1056 2280s
  7192  4790  150.00000  130  569          -  150.00000      -  1057 2285s
  7203  4799 infeasible  134               -  150.00000      -  1058 2290s
  7212  4806  150.00000  136  613          -  150.00000      -  1060 2295s
  7224  4814  149.74161  141  786          -  150.00000      -  1061 2301s
  7238  4824  149.72043  143  815          -  150.00000      -  1062 2305s
  7253  4821 infeasible  148               -  150.00000      -  1063 2310s
  7272  4838  150.00000   84  567          -  150.00000      -  1063 2315s
  7287  4849  150.00000   92  660          -  150.00000      -  1064 2320s
  7302  4856 infeasible   98               -  150.00000      -  1064 2325s
  7321  4863  150.00000   81  515          -  150.00000      -  1064 2330s
  7347  4889  150.00000   95  576          -  150.00000      -  1063 2335s
  7368  4908  150.00000  104  576          -  150.00000      -  1063 2340s
  7400  4928  150.00000   88  596          -  150.00000      -  1061 2345s
  7419  4941 infeasible   96               -  150.00000      -  1061 2350s
  7431  4949  150.00000  105  661          -  150.00000      -  1062 2355s
  7452  4970  150.00000  119  626          -  150.00000      -  1062 2360s
  7465  4977 infeasible  122               -  150.00000      -  1063 2365s
  7479  4977  150.00000   80  548          -  150.00000      -  1064 2370s
  7501  4999  150.00000   95  625          -  150.00000      -  1063 2375s
  7522  5018  150.00000  102  624          -  150.00000      -  1063 2380s
  7539  5035  150.00000  112  623          -  150.00000      -  1063 2385s
  7552  5046  148.98891  117  819          -  150.00000      -  1064 2390s
  7565  5045 infeasible  118               -  150.00000      -  1067 2395s
  7592  5064  150.00000   80  544          -  150.00000      -  1066 2400s
  7616  5088  150.00000   94  534          -  150.00000      -  1065 2405s
  7642  5112  150.00000  105  558          -  150.00000      -  1065 2410s
  7661  5129  150.00000  115  588          -  150.00000      -  1065 2415s
  7681  5145  149.81251  121  791          -  150.00000      -  1065 2420s
  7695  5155  150.00000  127  587          -  150.00000      -  1066 2425s
  7716  5174  150.00000  137  674          -  150.00000      -  1065 2430s
  7740  5184  150.00000   91  541          -  150.00000      -  1064 2435s
  7761  5203 infeasible  102               -  150.00000      -  1064 2440s
  7774  5212  150.00000  101  608          -  150.00000      -  1065 2445s
  7792  5226  150.00000  111  716          -  150.00000      -  1065 2450s
  7803  5233  150.00000  115  617          -  150.00000      -  1066 2455s
  7814  5242  150.00000  120  703          -  150.00000      -  1067 2460s
  7821  5249  150.00000  124  727          -  150.00000      -  1069 2465s
  7827  5253  149.99034  126  786          -  150.00000      -  1071 2470s
  7842  5262  149.00000  131  756          -  150.00000      -  1072 2475s
  7856  5262 infeasible  136               -  150.00000      -  1072 2480s
  7881  5287  150.00000   90  513          -  150.00000      -  1071 2485s
  7906  5312  150.00000  100  559          -  150.00000      -  1071 2490s
  7925  5331  150.00000  106  516          -  150.00000      -  1071 2495s
  7949  5355  150.00000  117  556          -  150.00000      -  1070 2500s
  7959  5359 infeasible  121               -  150.00000      -  1072 2505s
  7964  5358 infeasible  121               -  150.00000      -  1075 2510s
  7987  5369  150.00000   84  558          -  150.00000      -  1075 2515s
  8011  5391  150.00000   96  477          -  150.00000      -  1074 2520s
  8042  5420  150.00000  113  558          -  150.00000      -  1073 2525s
  8069  5445 infeasible  125               -  150.00000      -  1072 2530s
  8091  5463 infeasible  137               -  150.00000      -  1072 2535s
  8099  5459 infeasible  136               -  150.00000      -  1074 2540s
  8119  5473  150.00000   81  545          -  150.00000      -  1073 2545s
  8143  5493  150.00000   98  575          -  150.00000      -  1072 2550s
  8161  5511  150.00000  111  651          -  150.00000      -  1072 2555s
  8178  5528  149.66262  122  727          -  150.00000      -  1072 2560s
  8190  5540  150.00000  128  661          -  150.00000      -  1073 2565s
  8201  5551  150.00000  134  668          -  150.00000      -  1073 2570s
  8236  5578  146.16428  146  727          -  150.00000      -  1071 2575s
  8266  5604  148.29949  157  780          -  150.00000      -  1070 2580s
  8296  5622  146.04692  170  722          -  150.00000      -  1068 2585s
  8304  5622 infeasible  169               -  150.00000      -  1070 2590s
  8336  5640  150.00000   77  514          -  150.00000      -  1069 2595s
  8365  5667  150.00000   89  598          -  150.00000      -  1068 2600s
  8386  5686  150.00000  100  550          -  150.00000      -  1068 2605s
  8400  5700  149.96362  108  804          -  150.00000      -  1069 2611s
  8406  5700  150.00000  107  596          -  150.00000      -  1070 2615s
  8417  5701  149.86597  110  758          -  150.00000      -  1072 2621s
  8431  5703  150.00000   63  478          -  150.00000      -  1072 2625s
  8453  5725  150.00000   77  491          -  150.00000      -  1072 2630s
  8471  5743  150.00000   89  513          -  150.00000      -  1071 2662s
  8489  5761  150.00000  102  536          -  150.00000      -  1070 2665s
  8506  5778  150.00000  109  518          -  150.00000      -  1071 2670s
  8526  5794  150.00000  122  620          -  150.00000      -  1070 2675s
  8537  5797  150.00000  126  648          -  150.00000      -  1071 2680s
  8550  5800  150.00000   75  515          -  150.00000      -  1072 2685s
  8574  5824  150.00000   87  537          -  150.00000      -  1071 2690s
  8596  5846  150.00000   98  599          -  150.00000      -  1071 2695s
  8619  5869  150.00000  110  624          -  150.00000      -  1071 2700s
  8635  5883  150.00000  115  616          -  150.00000      -  1071 2705s
  8653  5901  150.00000  123  586          -  150.00000      -  1071 2710s
  8669  5917  150.00000  133  677          -  150.00000      -  1071 2715s
  8679  5923 infeasible  136               -  150.00000      -  1073 2721s
  8683  5919 infeasible  131               -  150.00000      -  1075 2725s
  8693  5915  150.00000   58  471          -  150.00000      -  1076 2730s
  8723  5945  150.00000   83  440          -  150.00000      -  1075 2735s
  8744  5966  150.00000   95  502          -  150.00000      -  1074 2740s
  8766  5988  150.00000  108  609          -  150.00000      -  1074 2745s
  8788  6010  150.00000  118  534          -  150.00000      -  1073 2750s
  8805  6025  150.00000  125  607          -  150.00000      -  1073 2755s
  8815  6033  150.00000  129  715          -  150.00000      -  1074 2760s
  8833  6049  149.95340  139  802          -  150.00000      -  1075 2765s
  8842  6054  147.72017  139  759          -  150.00000      -  1076 2770s
  8867  6067  150.00000   66  506          -  150.00000      -  1075 2775s
  8890  6090  150.00000   80  599          -  150.00000      -  1075 2780s
  8912  6112  150.00000   92  557          -  150.00000      -  1074 2785s
  8934  6134  150.00000  104  583          -  150.00000      -  1074 2790s
  8950  6150  149.19775  111  812          -  150.00000      -  1075 2796s
  8957  6157  150.00000  111  695          -  150.00000      -  1075 2800s
  8974  6170  150.00000  120  790          -  150.00000      -  1075 2805s
  8977  6173  149.53400  122  814          -  150.00000      -  1077 2810s
  8995  6167  150.00000  104  470          -  150.00000      -  1077 2815s
  9014  6178 infeasible  117               -  150.00000      -  1078 2821s
  9025  6185 infeasible  123               -  150.00000      -  1078 2825s
  9035  6195  150.00000  123  702          -  150.00000      -  1079 2830s
  9043  6201  149.56802  124  774          -  150.00000      -  1081 2835s
  9057  6201  150.00000   52  526          -  150.00000      -  1082 2840s
  9077  6221  150.00000   69  788          -  150.00000      -  1081 2845s
  9095  6239  150.00000   79  563          -  150.00000      -  1081 2850s
  9118  6262  150.00000   92  650          -  150.00000      -  1080 2855s
  9130  6272  150.00000   91  613          -  150.00000      -  1081 2860s
  9146  6286  150.00000   98  617          -  150.00000      -  1081 2865s
  9164  6302  150.00000  108  695          -  150.00000      -  1081 2870s
  9179  6317  150.00000  119  727          -  150.00000      -  1081 2875s
  9192  6330  149.91512  127  802          -  150.00000      -  1082 2880s
  9207  6345  148.71241  129  829          -  150.00000      -  1082 2885s
  9234  6364  148.52978  141  793          -  150.00000      -  1082 2890s
  9258  6364  150.00000   51  468          -  150.00000      -  1082 2895s
  9289  6395  150.00000   73  537          -  150.00000      -  1080 2900s
  9313  6419  150.00000   85  673          -  150.00000      -  1080 2905s
  9334  6440  150.00000   94  590          -  150.00000      -  1079 2910s
  9346  6452  150.00000  101  626          -  150.00000      -  1080 2915s
  9362  6468  149.24444  108  778          -  150.00000      -  1081 2920s
  9370  6474  149.99825  115  785          -  150.00000      -  1082 2925s
  9379  6477 infeasible  116               -  150.00000      -  1084 2930s
  9420  6510  148.74442  126  835          -  150.00000      -  1083 2935s
  9443  6511  150.00000   52  533          -  150.00000      -  1083 2940s
  9473  6541  150.00000   75  665          -  150.00000      -  1082 2945s
  9490  6558  150.00000   83  662          -  150.00000      -  1082 2950s
  9510  6576 infeasible   97               -  150.00000      -  1082 2955s
  9519  6581 infeasible   98               -  150.00000      -  1083 2960s
  9534  6594 infeasible  108               -  150.00000      -  1083 2965s
  9540  6596 infeasible  107               -  150.00000      -  1085 2970s
  9545  6599  149.85066  109  831          -  150.00000      -  1086 2975s
  9569  6611  149.07968  121  763          -  150.00000      -  1086 2980s
  9599  6623  150.00000   66  498          -  150.00000      -  1085 2985s
  9631  6655  150.00000   83  534          -  150.00000      -  1084 2990s
  9650  6674  150.00000   91  539          -  150.00000      -  1084 2995s
  9662  6684  150.00000   96  634          -  150.00000      -  1084 3000s
  9672  6690  150.00000   98  568          -  150.00000      -  1085 3005s
  9683  6693  150.00000  101  683          -  150.00000      -  1086 3010s
  9692  6690 infeasible  102               -  150.00000      -  1087 3015s
  9711  6707  150.00000   63  551          -  150.00000      -  1087 3020s
  9730  6726  150.00000   73  720          -  150.00000      -  1087 3025s
  9747  6743  150.00000   81  642          -  150.00000      -  1087 3030s
  9766  6762  150.00000   93  740          -  150.00000      -  1087 3035s
  9779  6775  150.00000   97  627          -  150.00000      -  1087 3040s
  9798  6794  149.85006  105  717          -  150.00000      -  1087 3045s
  9807  6795  149.83338  107  788          -  150.00000      -  1088 3050s
  9831  6803 infeasible  116               -  150.00000      -  1088 3055s
  9860  6816  150.00000   66  468          -  150.00000      -  1087 3060s
  9894  6850  150.00000   89  528          -  150.00000      -  1085 3065s
  9922  6878  150.00000  102  553          -  150.00000      -  1085 3070s
  9941  6897  150.00000  108  620          -  150.00000      -  1084 3075s
  9963  6919  150.00000  121  623          -  150.00000      -  1084 3080s
  9974  6924 infeasible  128               -  150.00000      -  1085 3085s
  9982  6924  150.00000   65  537          -  150.00000      -  1086 3090s
 10011  6949  150.00000   80  532          -  150.00000      -  1085 3095s
 10034  6970  150.00000   98  702          -  150.00000      -  1085 3100s
 10050  6986  150.00000  105  681          -  150.00000      -  1085 3105s
 10059  6993  149.99554  108  787          -  150.00000      -  1086 3110s
 10076  7000  149.00000  113  684          -  150.00000      -  1087 3115s
 10081  7005  149.00000  113  738          -  150.00000      -  1088 3120s
 10092  7012  148.83127  118  765          -  150.00000      -  1089 3125s
 10104  7010  150.00000   59  476          -  150.00000      -  1090 3130s
 10138  7044  150.00000   81  528          -  150.00000      -  1089 3135s
 10158  7064  150.00000   95  605          -  150.00000      -  1088 3140s
 10178  7080  150.00000  107  630          -  150.00000      -  1088 3145s
 10190  7092  150.00000  114  712          -  150.00000      -  1089 3150s
 10202  7102  150.00000  121  691          -  150.00000      -  1088 3399s
 10207  7107  150.00000  123  699          -  150.00000      -  1088 3400s
 10222  7116 infeasible  130               -  150.00000      -  1089 3405s
 10250  7126  150.00000   58  509          -  150.00000      -  1088 3410s
 10271  7147  150.00000   66  537          -  150.00000      -  1087 3434s
 10273  7149  150.00000   67  474          -  150.00000      -  1087 3435s
 10291  7167  150.00000   75  520          -  150.00000      -  1087 3440s
 10309  7183  150.00000   82  544          -  150.00000      -  1087 3445s
 10318  7190  150.00000   84  545          -  150.00000      -  1089 3450s
 10332  7200  150.00000   89  624          -  150.00000      -  1089 3455s
 10341  7207  150.00000   92  775          -  150.00000      -  1090 3460s
 10349  7209  148.40465   93  836          -  150.00000      -  1091 3465s
 10364  7216  146.57854   99  805          -  150.00000      -  1093 3470s
 10390  7218  150.00000   55  572          -  150.00000      -  1093 3475s
 10416  7244  150.00000   73  662          -  150.00000      -  1092 3480s
 10441  7269  150.00000   93  761          -  150.00000      -  1091 3485s
 10464  7292  150.00000  112  617          -  150.00000      -  1090 3490s
 10477  7301 infeasible  120               -  150.00000      -  1091 3495s
 10508  7320 infeasible  132               -  150.00000      -  1090 3500s
 10530  7320  150.00000   58  526          -  150.00000      -  1090 3505s
 10551  7339  150.00000   72  568          -  150.00000      -  1090 3510s
 10585  7373  150.00000   95  571          -  150.00000      -  1088 3515s
 10609  7395  150.00000  111  602          -  150.00000      -  1088 3520s
 10629  7413  149.99613  126  769          -  150.00000      -  1087 3525s
 10641  7425  149.88240  132  768          -  150.00000      -  1088 3530s
 10645  7425  150.00000  133  671          -  150.00000      -  1089 3535s
 10654  7432  150.00000  134  640          -  150.00000      -  1090 3540s
 10687  7441 infeasible  144               -  150.00000      -  1089 3545s
 10705  7459  150.00000   94  598          -  150.00000      -  1089 3550s
 10729  7483  150.00000  110  616          -  150.00000      -  1088 3555s
 10745  7497  150.00000  121  758          -  150.00000      -  1089 3560s
 10754  7506  150.00000  124  734          -  150.00000      -  1089 3565s
 10768  7508 infeasible  125               -  150.00000      -  1090 3570s
 10778  7506 infeasible  130               -  150.00000      -  1092 3575s
 10797  7523  150.00000   65  548          -  150.00000      -  1092 3580s
 10814  7540  150.00000   72  590          -  150.00000      -  1092 3585s
 10834  7558 infeasible   84               -  150.00000      -  1091 3590s
 10851  7573  150.00000   91  587          -  150.00000      -  1091 3595s

Cutting planes:
  Gomory: 1
  Lift-and-project: 6
  Clique: 2
  MIR: 12
  Flow cover: 35
  Zero half: 26
  RLT: 64
  BQP: 81

Explored 10865 nodes (12193304 simplex iterations) in 3600.01 seconds (5290.29 work units)
Thread count was 1 (of 8 available processors)

Solution count 0

Time limit reached
Best objective -, best bound 1.500000000000e+02, gap -
