
Gurobi 11.0.1 (win64) logging started Mon Apr  1 12:44:42 2024

Set parameter LogFile to value "C:\Projetos\Job_Rotation_Algorithms\Outputs\GurobiLogs\gurobi_log-output-33_ton-c196-BorbaRittModel-NoExtraConstraint-2.log"
Gurobi Optimizer version 11.0.1 build v11.0.1rc0 (win64 - Windows 10.0 (19045.2))

CPU model: 11th Gen Intel(R) Core(TM) i7-1165G7 @ 2.80GHz, instruction set [SSE2|AVX|AVX2|AVX512]
Thread count: 4 physical cores, 8 logical processors, using up to 1 threads


Gurobi 11.0.1 (win64) logging started Mon Apr  1 21:32:39 2024

Set parameter LogFile to value "C:\Projetos\Job_Rotation_Algorithms\Outputs\GurobiLogs\gurobi_log-output-33_ton-c196-BorbaRittModel-NoExtraConstraint-2.log"
Gurobi Optimizer version 11.0.1 build v11.0.1rc0 (win64 - Windows 10.0 (19045.2))

CPU model: 11th Gen Intel(R) Core(TM) i7-1165G7 @ 2.80GHz, instruction set [SSE2|AVX|AVX2|AVX512]
Thread count: 4 physical cores, 8 logical processors, using up to 1 threads


Gurobi 11.0.1 (win64) logging started Thu Apr  4 23:30:26 2024

Set parameter LogFile to value "C:\Projetos\Job_Rotation_Algorithms\Outputs\GurobiLogs\gurobi_log-output-33_ton-c196-BorbaRittModel-NoExtraConstraint-2.log"
Gurobi Optimizer version 11.0.1 build v11.0.1rc0 (win64 - Windows 10.0 (19045.2))

CPU model: 11th Gen Intel(R) Core(TM) i7-1165G7 @ 2.80GHz, instruction set [SSE2|AVX|AVX2|AVX512]
Thread count: 4 physical cores, 8 logical processors, using up to 1 threads


Gurobi 11.0.1 (win64) logging started Sat Apr  6 12:59:26 2024

Set parameter LogFile to value "C:\Projetos\Job_Rotation_Algorithms\Outputs\GurobiLogs\gurobi_log-output-33_ton-c196-BorbaRittModel-NoExtraConstraint-2.log"
Gurobi Optimizer version 11.0.1 build v11.0.1rc0 (win64 - Windows 10.0 (19045.2))

CPU model: 11th Gen Intel(R) Core(TM) i7-1165G7 @ 2.80GHz, instruction set [SSE2|AVX|AVX2|AVX512]
Thread count: 4 physical cores, 8 logical processors, using up to 1 threads


Gurobi 11.0.1 (win64) logging started Sun Apr  7 02:32:57 2024

Set parameter LogFile to value "C:\Projetos\Job_Rotation_Algorithms\Outputs\GurobiLogs\gurobi_log-output-33_ton-c196-BorbaRittModel-NoExtraConstraint-2.log"
Gurobi Optimizer version 11.0.1 build v11.0.1rc0 (win64 - Windows 10.0 (19045.2))

CPU model: 11th Gen Intel(R) Core(TM) i7-1165G7 @ 2.80GHz, instruction set [SSE2|AVX|AVX2|AVX512]
Thread count: 4 physical cores, 8 logical processors, using up to 1 threads


Gurobi 11.0.1 (win64) logging started Sun Apr  7 09:45:48 2024

Set parameter LogFile to value "C:\Projetos\Job_Rotation_Algorithms\Outputs\GurobiLogs\gurobi_log-output-33_ton-c196-BorbaRittModel-NoExtraConstraint-2.log"
Gurobi Optimizer version 11.0.1 build v11.0.1rc0 (win64 - Windows 10.0 (19045.2))

CPU model: 11th Gen Intel(R) Core(TM) i7-1165G7 @ 2.80GHz, instruction set [SSE2|AVX|AVX2|AVX512]
Thread count: 4 physical cores, 8 logical processors, using up to 1 threads


Gurobi 11.0.1 (win64) logging started Tue Apr  9 08:04:15 2024

Set parameter LogFile to value "C:\Projetos\Job_Rotation_Algorithms\Outputs\GurobiLogs\gurobi_log-output-33_ton-c196-BorbaRittModel-NoExtraConstraint-2.log"
Gurobi Optimizer version 11.0.1 build v11.0.1rc0 (win64 - Windows 10.0 (19045.2))

CPU model: 11th Gen Intel(R) Core(TM) i7-1165G7 @ 2.80GHz, instruction set [SSE2|AVX|AVX2|AVX512]
Thread count: 4 physical cores, 8 logical processors, using up to 1 threads


Gurobi 11.0.1 (win64) logging started Wed Apr 10 17:33:21 2024

Set parameter LogFile to value "C:\Projetos\Job_Rotation_Algorithms\Outputs\GurobiLogs\gurobi_log-output-33_ton-c196-BorbaRittModel-NoExtraConstraint-2.log"
Gurobi Optimizer version 11.0.1 build v11.0.1rc0 (win64 - Windows 10.0 (19045.2))

CPU model: 11th Gen Intel(R) Core(TM) i7-1165G7 @ 2.80GHz, instruction set [SSE2|AVX|AVX2|AVX512]
Thread count: 4 physical cores, 8 logical processors, using up to 1 threads


Gurobi 11.0.1 (win64) logging started Thu Apr 11 01:39:15 2024

Set parameter LogFile to value "C:\Projetos\Job_Rotation_Algorithms\Outputs\GurobiLogs\gurobi_log-output-33_ton-c196-BorbaRittModel-NoExtraConstraint-2.log"
Gurobi Optimizer version 11.0.1 build v11.0.1rc0 (win64 - Windows 10.0 (19045.2))

CPU model: 11th Gen Intel(R) Core(TM) i7-1165G7 @ 2.80GHz, instruction set [SSE2|AVX|AVX2|AVX512]
Thread count: 4 physical cores, 8 logical processors, using up to 1 threads


Gurobi 11.0.1 (win64) logging started Fri Apr 19 05:40:43 2024

Set parameter LogFile to value "C:\Projetos\Job_Rotation_Algorithms\Outputs\GurobiLogs\gurobi_log-output-33_ton-c196-BorbaRittModel-NoExtraConstraint-2.log"
Gurobi Optimizer version 11.0.1 build v11.0.1rc0 (win64 - Windows 10.0 (19045.2))

CPU model: 11th Gen Intel(R) Core(TM) i7-1165G7 @ 2.80GHz, instruction set [SSE2|AVX|AVX2|AVX512]
Thread count: 4 physical cores, 8 logical processors, using up to 1 threads

WLS license 901038 - registered to Bitka Analytics
Optimize a model with 14437 rows, 2048 columns and 45248 nonzeros
Model fingerprint: 0xe894775f
Variable types: 2 continuous, 2046 integer (2046 binary)
Coefficient statistics:
  Matrix range     [1e+00, 3e+02]
  Objective range  [1e+00, 1e+00]
  Bounds range     [1e+00, 4e+02]
  RHS range        [1e+00, 4e+02]
Presolve removed 1 rows and 1 columns
Presolve time: 0.07s
Presolved: 14436 rows, 2047 columns, 45246 nonzeros
Variable types: 0 continuous, 2047 integer (2046 binary)
Root relaxation presolved: 14436 rows, 2047 columns, 45246 nonzeros


Root relaxation: objective 1.400000e+02, 2908 iterations, 0.39 seconds (0.46 work units)

    Nodes    |    Current Node    |     Objective Bounds      |     Work
 Expl Unexpl |  Obj  Depth IntInf | Incumbent    BestBd   Gap | It/Node Time

     0     0  140.00000    0  415          -  140.00000      -     -    3s
     0     0  140.00000    0  530          -  140.00000      -     -    3s
     0     0  140.00000    0  496          -  140.00000      -     -    3s
     0     0  140.00000    0  482          -  140.00000      -     -    5s
     0     0  140.00000    0  466          -  140.00000      -     -    5s
     0     0  140.00000    0  496          -  140.00000      -     -    7s
     0     0  140.00000    0  473          -  140.00000      -     -    7s
     0     0  140.00000    0  472          -  140.00000      -     -    8s
     0     0  140.00000    0  437          -  140.00000      -     -    8s
     0     0  140.00000    0  463          -  140.00000      -     -    9s
     0     0  140.00000    0  449          -  140.00000      -     -    9s
     0     0  140.00000    0  359          -  140.00000      -     -   10s
     0     0  140.00000    0  444          -  140.00000      -     -   10s
     0     0  140.00000    0  490          -  140.00000      -     -   12s
     0     0  140.00000    0  490          -  140.00000      -     -   13s
     0     2  140.00000    0  490          -  140.00000      -     -   16s
    87    79  140.00000   32  339          -  140.00000      -   257   20s
   246   186  140.00000   20  427          -  140.00000      -   198   25s
   446   309  140.00000   21  499          -  140.00000      -   158   30s
   596   422  140.00000   29  523          -  140.00000      -   152   35s
   626   448  140.00000   27  513          -  140.00000      -   152   40s
   630   451  140.00000   38  445          -  140.00000      -   151   45s
   636   455  140.00000   30  485          -  140.00000      -   150   50s
   642   459  140.00000    7  457          -  140.00000      -   148   55s
   646   461  140.00000   23  382          -  140.00000      -   147   60s
   662   474  140.00000   23  312          -  140.00000      -   111   69s
   667   477  140.00000   26  366          -  140.00000      -   113   70s
   730   517  140.00000   57  465          -  140.00000      -   126   75s
   799   551  140.00000   49  378          -  140.00000      -   145   80s
   856   578  140.00000   42  417          -  140.00000      -   153   85s
   904   598  140.00000   31  396          -  140.00000      -   170   90s
   957   624  140.00000   58  380          -  140.00000      -   185   95s
  1031   647 infeasible   59               -  140.00000      -   191  100s
  1099   664  140.00000   25  318          -  140.00000      -   196  105s
  1158   696  140.00000   55  512          -  140.00000      -   200  110s
  1237   712 infeasible   53               -  140.00000      -   203  115s
  1307   741 infeasible   38               -  140.00000      -   212  120s
  1374   768  140.00000   48  408          -  140.00000      -   209  125s
  1433   785  140.00000   45  402          -  140.00000      -   220  130s
  1502   813  140.00000   43  312          -  140.00000      -   231  135s
  1608   862  140.00000   88  327          -  140.00000      -   239  140s
  1691   883  140.00000   53  358          -  140.00000      -   249  145s
  1779   924  140.00000   57  356          -  140.00000      -   255  150s
  1818   948  140.00000   77  415          -  140.00000      -   259  158s
  1836   946  140.00000   64  361          -  140.00000      -   263  160s
  1914   966  140.00000   65  271          -  140.00000      -   272  165s
  1960   978  140.00000   62  334          -  140.00000      -   288  170s
  2020   994  140.00000   75  325          -  140.00000      -   301  175s
  2079  1002  140.00000   66  387          -  140.00000      -   312  180s
  2139  1048  140.00000   76  407          -  140.00000      -   319  185s
  2214  1077  140.00000   76  389          -  140.00000      -   327  190s
  2309  1110 infeasible   77               -  140.00000      -   331  195s
  2410  1175 infeasible   85               -  140.00000      -   336  200s
  2457  1195  140.00000   40  326          -  140.00000      -   345  205s
  2537  1241  140.00000   43  292          -  140.00000      -   348  210s
  2635  1293  140.00000   70  371          -  140.00000      -   352  215s
  2699  1319  140.00000   70  283          -  140.00000      -   359  220s
  2770  1346 infeasible   78               -  140.00000      -   365  225s
  2862  1396  140.00000   81  240          -  140.00000      -   370  230s
  2932  1424 infeasible   83               -  140.00000      -   377  235s
  2983  1423 infeasible   77               -  140.00000      -   386  240s
  3044  1448  140.00000   80  283          -  140.00000      -   391  245s
  3118  1476 infeasible   61               -  140.00000      -   397  250s
  3214  1524  140.00000   72  320          -  140.00000      -   398  255s
  3323  1599  140.00000  100  336          -  140.00000      -   397  265s
  3390  1632  140.00000   88  408          -  140.00000      -   401  270s
  3457  1657  140.00000   70  334          -  140.00000      -   405  275s
  3560  1732  140.00000   62  317          -  140.00000      -   403  280s
  3632  1774 infeasible   64               -  140.00000      -   406  285s
  3728  1850  140.00000   66  407          -  140.00000      -   405  290s
  3798  1904  140.00000   67  387          -  140.00000      -   406  295s
  3869  1959  140.00000   57  359          -  140.00000      -   407  300s
  3947  2009  140.00000   59  363          -  140.00000      -   407  305s
  4041  2077  140.00000   61  464          -  140.00000      -   406  310s
  4142  2154 infeasible   55               -  140.00000      -   405  315s
  4221  2199  140.00000   39  319          -  140.00000      -   405  320s
  4326  2264  140.00000   59  397          -  140.00000      -   403  325s
  4443  2351 infeasible   67               -  140.00000      -   400  330s
  4557  2413 infeasible   49               -  140.00000      -   399  335s
  4710  2488  140.00000   57  458          -  140.00000      -   395  340s
  4763  2515  140.00000   49  405          -  140.00000      -   395  346s
  4831  2549  140.00000   51  281          -  140.00000      -   396  350s
  4931  2601  140.00000   75  382          -  140.00000      -   397  355s
  4992  2624  140.00000   80  390          -  140.00000      -   400  360s
  5081  2665 infeasible   92               -  140.00000      -   401  365s
  5171  2719  140.00000   84  312          -  140.00000      -   404  370s
  5233  2745 infeasible   78               -  140.00000      -   407  375s
  5314  2782  140.00000   73  363          -  140.00000      -   410  380s
  5375  2809  140.00000   86  413          -  140.00000      -   414  385s
  5443  2848  140.00000   64  335          -  140.00000      -   415  390s
  5528  2893  140.00000   72  443          -  140.00000      -   417  395s
  5631  2946  140.00000   66  376          -  140.00000      -   418  400s
  5712  2987 infeasible   70               -  140.00000      -   419  405s
  5716  2989  140.00000   59  309          -  140.00000      -   419  411s
  5793  3016 infeasible   68               -  140.00000      -   418  415s
  5885  3066  140.00000   39  357          -  140.00000      -   417  420s
  5973  3138  140.00000   50  343          -  140.00000      -   417  425s
  6066  3211 infeasible   56               -  140.00000      -   417  430s
  6209  3274  140.00000   82  310          -  140.00000      -   415  435s
  6307  3328  140.00000   77  294          -  140.00000      -   416  440s
  6390  3383 infeasible   98               -  140.00000      -   417  445s
  6453  3414 infeasible   94               -  140.00000      -   420  450s
  6542  3473  140.00000  109  343          -  140.00000      -   421  455s
  6610  3509  140.00000  109  341          -  140.00000      -   424  460s
  6678  3545 infeasible  101               -  140.00000      -   426  465s
  6765  3590 infeasible  108               -  140.00000      -   429  470s
  6861  3638 infeasible  107               -  140.00000      -   432  475s
  6961  3652 infeasible   98               -  140.00000      -   433  480s
  7037  3688 infeasible  102               -  140.00000      -   436  485s
  7116  3709 infeasible   95               -  140.00000      -   439  490s
  7197  3720 infeasible   96               -  140.00000      -   441  495s
  7271  3718  140.00000   80  343          -  140.00000      -   444  500s
  7348  3747  140.00000   93  324          -  140.00000      -   446  509s
  7360  3743 infeasible   89               -  140.00000      -   446  510s
  7445  3760  140.00000  106  368          -  140.00000      -   447  515s
  7513  3784 infeasible   94               -  140.00000      -   449  520s
  7587  3810 infeasible   96               -  140.00000      -   450  525s
  7643  3838 infeasible   94               -  140.00000      -   453  530s
  7700  3843 infeasible   88               -  140.00000      -   456  535s
  7772  3867  140.00000   90  324          -  140.00000      -   457  540s
  7845  3898  140.00000   92  327          -  140.00000      -   458  545s
  7945  3942  140.00000   31  340          -  140.00000      -   457  550s
  8026  4017  140.00000   79  399          -  140.00000      -   457  555s
  8130  4095  140.00000   79  359          -  140.00000      -   455  560s
  8218  4155  140.00000   87  338          -  140.00000      -   455  565s
  8283  4178 infeasible  101               -  140.00000      -   457  570s
  8365  4220  140.00000   81  354          -  140.00000      -   459  575s
  8434  4259  140.00000  100  404          -  140.00000      -   460  580s
  8516  4285 infeasible   94               -  140.00000      -   462  585s
  8596  4323 infeasible  109               -  140.00000      -   463  590s
  8621  4326  140.00000   82  271          -  140.00000      -   464  596s
  8685  4370  140.00000   90  382          -  140.00000      -   464  600s
  8747  4398  140.00000   77  283          -  140.00000      -   465  605s
  8835  4456 infeasible   88               -  140.00000      -   467  610s
  8915  4490 infeasible   36               -  140.00000      -   468  615s
  9058  4599  140.00000  109  368          -  140.00000      -   466  620s
  9150  4639  140.00000   90  354          -  140.00000      -   468  625s
  9266  4703  140.00000   64  320          -  140.00000      -   468  630s
  9366  4767  140.00000   94  295          -  140.00000      -   468  635s
  9508  4843 infeasible   89               -  140.00000      -   468  640s
  9603  4890  140.00000   78  330          -  140.00000      -   469  645s
  9731  4948  140.00000   79  308          -  140.00000      -   469  650s
  9840  4993 infeasible   85               -  140.00000      -   468  655s
  9962  5051  140.00000   86  384          -  140.00000      -   466  660s
 10056  5085 infeasible   92               -  140.00000      -   467  665s
 10149  5134 infeasible  111               -  140.00000      -   467  670s
 10202  5177  140.00000   97  347          -  140.00000      -   467  756s
 10208  5183  140.00000   96  337          -  140.00000      -   467  761s
 10275  5218 infeasible  105               -  140.00000      -   467  765s
 10346  5261 infeasible  111               -  140.00000      -   468  770s
 10455  5326  140.00000   92  303          -  140.00000      -   467  775s
 10537  5364 infeasible  100               -  140.00000      -   468  780s
 10647  5428  140.00000   92  369          -  140.00000      -   468  785s
 10726  5457  140.00000   71  302          -  140.00000      -   468  790s
 10842  5521  140.00000   93  339          -  140.00000      -   468  795s
 10899  5530 infeasible  105               -  140.00000      -   470  800s
 10994  5583 infeasible  116               -  140.00000      -   470  805s
 11095  5640 infeasible   87               -  140.00000      -   470  810s
 11154  5673 infeasible  115               -  140.00000      -   472  815s
 11253  5724  140.00000   95  387          -  140.00000      -   473  820s
 11347  5750 infeasible  116               -  140.00000      -   474  825s
 11427  5792  140.00000   96  372          -  140.00000      -   476  830s
 11493  5834 infeasible  127               -  140.00000      -   478  835s
 11596  5897  140.00000   83  359          -  140.00000      -   477  844s
 11613  5908  140.00000   77  331          -  140.00000      -   477  845s
 11741  5982  140.00000   75  337          -  140.00000      -   476  850s
 11857  6060  140.00000  117  358          -  140.00000      -   476  855s
 11978  6131  140.00000   97  376          -  140.00000      -   476  860s
 12108  6237 infeasible  112               -  140.00000      -   475  865s
 12226  6291 infeasible   81               -  140.00000      -   475  870s
 12361  6374 infeasible  111               -  140.00000      -   474  875s
 12449  6412  140.00000   85  344          -  140.00000      -   474  880s
 12542  6449  140.00000   80  369          -  140.00000      -   474  885s
 12643  6492  140.00000   87  354          -  140.00000      -   474  890s
 12753  6568  140.00000  106  418          -  140.00000      -   474  895s
 12827  6604 infeasible  112               -  140.00000      -   475  900s
 12923  6634  140.00000   95  353          -  140.00000      -   475  905s
 13006  6691  140.00000  106  351          -  140.00000      -   475  910s
 13067  6710  139.54519   79  382          -  140.00000      -   477  915s
 13142  6735  140.00000   97  320          -  140.00000      -   478  920s
 13220  6761  140.00000   89  306          -  140.00000      -   478  925s
 13373  6840  140.00000  105  322          -  140.00000      -   477  930s
 13492  6903  140.00000   98  404          -  140.00000      -   476  935s
 13590  6959  140.00000   88  366          -  140.00000      -   476  945s
 13709  7020  140.00000   83  365          -  140.00000      -   476  950s
 13822  7105  140.00000  112  364          -  140.00000      -   475  955s
 13898  7145 infeasible  105               -  140.00000      -   476  960s
 13977  7178  140.00000   99  360          -  140.00000      -   478  965s
 14085  7226 infeasible   92               -  140.00000      -   478  970s
 14179  7248 infeasible  106               -  140.00000      -   479  975s
 14272  7307  140.00000   73  325          -  140.00000      -   479  980s
 14374  7373 infeasible  112               -  140.00000      -   479  985s
 14442  7397 infeasible  113               -  140.00000      -   481  990s
 14552  7437  140.00000   97  324          -  140.00000      -   481  995s
 14613  7448  140.00000  116  317          -  140.00000      -   483 1000s
 14670  7467  140.00000  110  281          -  140.00000      -   485 1005s
 14716  7477  140.00000  110  339          -  140.00000      -   487 1010s
 14781  7498 infeasible   99               -  140.00000      -   488 1015s
 14851  7512  140.00000  121  339          -  140.00000      -   489 1020s
 14930  7547 infeasible  110               -  140.00000      -   490 1025s
 15036  7587  140.00000   92  347          -  140.00000      -   490 1030s
 15100  7633  140.00000   95  320          -  140.00000      -   490 1041s
 15151  7650 infeasible   86               -  140.00000      -   490 1045s
 15217  7668  140.00000   99  344          -  140.00000      -   491 1050s
 15323  7714 infeasible  103               -  140.00000      -   491 1055s
 15417  7740  140.00000  104  385          -  140.00000      -   491 1060s
 15491  7738  140.00000  116  261          -  140.00000      -   492 1065s
 15585  7768  140.00000  101  319          -  140.00000      -   493 1070s
 15670  7795  140.00000  104  357          -  140.00000      -   493 1075s
 15743  7814  140.00000   90  375          -  140.00000      -   494 1080s
 15827  7838  140.00000   92  335          -  140.00000      -   494 1085s
 15888  7837 infeasible  111               -  140.00000      -   496 1090s
 15988  7877  139.00000  115  344          -  140.00000      -   496 1095s
 16053  7890 infeasible  104               -  140.00000      -   498 1100s
 16143  7926  140.00000   96  312          -  140.00000      -   498 1105s
 16193  7936 infeasible  110               -  140.00000      -   500 1110s
 16279  7986 infeasible  101               -  140.00000      -   500 1115s
 16331  7992 infeasible  107               -  140.00000      -   502 1120s
 16387  8006 infeasible  104               -  140.00000      -   503 1125s
 16439  8014 infeasible  105               -  140.00000      -   504 1130s
 16491  8028 infeasible   90               -  140.00000      -   506 1135s
 16547  8044  140.00000   82  344          -  140.00000      -   507 1140s
 16615  8062  140.00000   88  335          -  140.00000      -   507 1145s
 16661  8076  139.99883  100  547          -  140.00000      -   509 1150s
 16729  8110  140.00000   83  331          -  140.00000      -   509 1155s
 16816  8169 infeasible  102               -  140.00000      -   509 1160s
 16886  8203  140.00000   88  400          -  140.00000      -   510 1165s
 16945  8232  140.00000   96  334          -  140.00000      -   511 1170s
 17014  8253 infeasible   94               -  140.00000      -   512 1175s
 17062  8265  140.00000   89  387          -  140.00000      -   514 1180s
 17091  8274  140.00000   82  263          -  140.00000      -   515 1191s
 17156  8319  140.00000   96  403          -  140.00000      -   515 1195s
 17206  8333  140.00000   86  390          -  140.00000      -   516 1200s
 17264  8367  139.14412  108  427          -  140.00000      -   517 1205s
 17316  8383 infeasible   88               -  140.00000      -   518 1210s
 17377  8398 infeasible   94               -  140.00000      -   519 1215s
 17432  8427 infeasible  102               -  140.00000      -   520 1220s
 17474  8449 infeasible  108               -  140.00000      -   521 1225s
 17527  8474  140.00000   88  358          -  140.00000      -   522 1230s
 17593  8508  140.00000   96  312          -  140.00000      -   523 1235s
 17679  8558  140.00000   91  364          -  140.00000      -   523 1240s
 17761  8592  140.00000   99  334          -  140.00000      -   524 1245s
 17896  8641  140.00000   89  340          -  140.00000      -   523 1250s
 18021  8698  140.00000   77  279          -  140.00000      -   522 1255s
 18111  8752 infeasible   93               -  140.00000      -   523 1260s
 18222  8791 infeasible  106               -  140.00000      -   522 1265s
 18329  8816 infeasible   98               -  140.00000      -   522 1270s
 18405  8866  140.00000  105  371          -  140.00000      -   523 1275s
 18501  8914  140.00000   95  404          -  140.00000      -   523 1280s
 18608  8975  140.00000   88  454          -  140.00000      -   523 1285s
 18680  8999 infeasible   94               -  140.00000      -   523 1290s
 18732  9007  139.00000   90  353          -  140.00000      -   524 1295s
 18794  9016  140.00000   81  333          -  140.00000      -   525 1300s
 18883  9055  140.00000   92  411          -  140.00000      -   525 1305s
 18947  9059 infeasible  104               -  140.00000      -   526 1310s
 19009  9085  140.00000   95  384          -  140.00000      -   527 1315s
 19099  9141  140.00000   91  394          -  140.00000      -   527 1320s
 19119  9149  140.00000   93  323          -  140.00000      -   528 1328s
 19139  9157 infeasible  103               -  140.00000      -   528 1330s
 19214  9206  140.00000   63  356          -  140.00000      -   528 1335s
 19349  9279  140.00000   68  331          -  140.00000      -   526 1340s
 19452  9292  140.00000   84  292          -  140.00000      -   526 1345s
 19542  9352  140.00000   99  300          -  140.00000      -   526 1350s
 19686  9458  140.00000  103  320          -  140.00000      -   525 1355s
 19811  9521  140.00000   66  389          -  140.00000      -   525 1360s
 19922  9608  140.00000   86  427          -  140.00000      -   524 1365s
 20004  9654  140.00000   76  402          -  140.00000      -   525 1370s
 20118  9736  140.00000   89  388          -  140.00000      -   524 1375s
 20207  9785  140.00000   85  401          -  140.00000      -   524 1380s
 20304  9832  140.00000   75  381          -  140.00000      -   524 1385s
 20414  9902  140.00000   93  353          -  140.00000      -   524 1390s
 20507  9937  140.00000   98  361          -  140.00000      -   524 1395s
 20574  9964 infeasible   99               -  140.00000      -   524 1400s
 20665 10007  140.00000   91  391          -  140.00000      -   524 1405s
 20756 10048  140.00000   78  350          -  140.00000      -   524 1410s
 20849 10073 infeasible   91               -  140.00000      -   525 1415s
 20911 10095  140.00000   96  379          -  140.00000      -   525 1420s
 20994 10102  140.00000   70  350          -  140.00000      -   525 1425s
 21117 10189 infeasible   92               -  140.00000      -   525 1430s
 21224 10232 infeasible  112               -  140.00000      -   525 1435s
 21316 10276 infeasible  116               -  140.00000      -   525 1440s
 21408 10332 infeasible  100               -  140.00000      -   525 1445s
 21495 10369  140.00000  101  371          -  140.00000      -   525 1450s
 21559 10393  140.00000   88  288          -  140.00000      -   526 1455s
 21647 10425 infeasible   93               -  140.00000      -   526 1460s
 21664 10436  140.00000  103  289          -  140.00000      -   526 1470s
 21734 10472  140.00000  115  372          -  140.00000      -   526 1475s
 21824 10514  140.00000  106  331          -  140.00000      -   526 1480s
 21876 10530 infeasible  104               -  140.00000      -   527 1485s
 21956 10544 infeasible  106               -  140.00000      -   528 1490s
 22050 10578  140.00000  103  334          -  140.00000      -   528 1495s
 22110 10586 infeasible   94               -  140.00000      -   529 1500s
 22184 10636  140.00000  101  361          -  140.00000      -   529 1505s
 22251 10671 infeasible  111               -  140.00000      -   530 1510s
 22330 10716  140.00000   88  343          -  140.00000      -   530 1515s
 22417 10747  140.00000   69  344          -  140.00000      -   530 1520s
 22483 10779  140.00000   95  409          -  140.00000      -   531 1525s
 22525 10799 infeasible   98               -  140.00000      -   532 1530s
 22592 10840  140.00000   99  370          -  140.00000      -   532 1535s
 22659 10865 infeasible   85               -  140.00000      -   533 1540s
 22722 10898 infeasible   75               -  140.00000      -   534 1545s
 22802 10948  140.00000   92  441          -  140.00000      -   534 1550s
 22887 10965 infeasible   75               -  140.00000      -   534 1555s
 22971 11015  140.00000   80  402          -  140.00000      -   534 1560s
 23072 11078  140.00000   89  374          -  140.00000      -   534 1565s
 23154 11112  140.00000   70  339          -  140.00000      -   534 1570s
 23247 11177  140.00000  114  382          -  140.00000      -   534 1575s
 23329 11221  140.00000   71  417          -  140.00000      -   535 1580s
 23404 11270 infeasible   96               -  140.00000      -   535 1585s
 23474 11304 infeasible   66               -  140.00000      -   535 1590s
 23556 11354  140.00000   91  377          -  140.00000      -   536 1595s
 23638 11382  140.00000   71  356          -  140.00000      -   536 1600s
 23720 11424  140.00000   84  426          -  140.00000      -   536 1605s
 23770 11434 infeasible   80               -  140.00000      -   537 1610s
 23881 11485 infeasible   94               -  140.00000      -   537 1615s
 23959 11513  140.00000   82  273          -  140.00000      -   537 1620s
 24030 11536  140.00000   88  336          -  140.00000      -   538 1625s
 24123 11569 infeasible  107               -  140.00000      -   538 1630s
 24170 11576 infeasible   96               -  140.00000      -   539 1635s
 24242 11600 infeasible   98               -  140.00000      -   540 1640s
 24284 11600 infeasible   87               -  140.00000      -   541 1645s
 24352 11620 infeasible   89               -  140.00000      -   541 1650s
 24422 11640  140.00000   91  350          -  140.00000      -   542 1655s
 24498 11676 infeasible   87               -  140.00000      -   542 1660s
 24573 11703  140.00000   88  339          -  140.00000      -   543 1665s
 24628 11724  140.00000   97  355          -  140.00000      -   544 1677s
 24644 11724  140.00000   84  287          -  140.00000      -   544 1680s
 24725 11749 infeasible   90               -  140.00000      -   545 1685s
 24789 11761  140.00000   88  385          -  140.00000      -   545 1690s
 24856 11790 infeasible  100               -  140.00000      -   546 1695s
 24909 11799 infeasible   86               -  140.00000      -   547 1700s
 24979 11823  140.00000   88  326          -  140.00000      -   548 1705s
 25076 11876  140.00000   95  414          -  140.00000      -   548 1710s
 25140 11910 infeasible   93               -  140.00000      -   548 1715s
 25215 11963 infeasible   95               -  140.00000      -   548 1720s
 25293 11981  140.00000   77  314          -  140.00000      -   549 1725s
 25382 12040 infeasible   78               -  140.00000      -   549 1730s
 25439 12063 infeasible   85               -  140.00000      -   549 1735s
 25519 12095 infeasible   78               -  140.00000      -   550 1740s
 25588 12134  140.00000   86  346          -  140.00000      -   550 1745s
 25651 12151 infeasible   65               -  140.00000      -   551 1750s
 25755 12203 infeasible   77               -  140.00000      -   550 1755s
 25842 12240 infeasible  101               -  140.00000      -   551 1760s
 25908 12244 infeasible   76               -  140.00000      -   551 1765s
 25959 12247  140.00000   68  332          -  140.00000      -   552 1770s
 26047 12283 infeasible   64               -  140.00000      -   552 1775s
 26125 12339  140.00000  103  356          -  140.00000      -   553 1780s
 26218 12392 infeasible  103               -  140.00000      -   552 1785s
 26331 12467  140.00000  101  386          -  140.00000      -   552 1790s
 26397 12493  140.00000   75  332          -  140.00000      -   552 1795s
 26467 12509 infeasible   91               -  140.00000      -   553 1800s
 26536 12532 infeasible   87               -  140.00000      -   553 1805s
 26619 12561  140.00000   79  355          -  140.00000      -   554 1810s
 26718 12614  140.00000   94  339          -  140.00000      -   554 1815s
 26807 12623 infeasible   84               -  140.00000      -   554 1820s
 26926 12698  140.00000   89  325          -  140.00000      -   553 1825s
 27012 12730 infeasible   87               -  140.00000      -   553 1830s
 27104 12754 infeasible   93               -  140.00000      -   553 1835s
 27142 12748  140.00000   87  238          -  140.00000      -   553 1847s
 27188 12744 infeasible   86               -  140.00000      -   553 1850s
 27253 12755  140.00000   85  327          -  140.00000      -   554 1855s
 27327 12771 infeasible   90               -  140.00000      -   554 1860s
 27393 12793 infeasible   80               -  140.00000      -   555 1865s
 27456 12828  140.00000   64  333          -  140.00000      -   555 1870s
 27532 12868  140.00000   72  319          -  140.00000      -   556 1875s
 27609 12901  140.00000   84  391          -  140.00000      -   556 1880s
 27730 12964  140.00000   77  372          -  140.00000      -   556 1885s
 27816 13002 infeasible   69               -  140.00000      -   556 1890s
 27948 13092  140.00000   89  374          -  140.00000      -   555 1895s
 28015 13107  140.00000   66  338          -  140.00000      -   555 1900s
 28078 13090  140.00000   80  353          -  140.00000      -   556 1905s
 28140 13088 infeasible   87               -  140.00000      -   556 1910s
 28205 13103 infeasible   73               -  140.00000      -   557 1915s
 28255 13103 infeasible   79               -  140.00000      -   558 1920s
 28321 13123  140.00000   72  375          -  140.00000      -   558 1925s
 28362 13130  140.00000   77  318          -  140.00000      -   559 1930s
 28426 13156  140.00000   74  337          -  140.00000      -   560 1935s
 28492 13180  140.00000   76  339          -  140.00000      -   560 1940s
 28550 13200 infeasible   95               -  140.00000      -   560 1945s
 28621 13217 infeasible   80               -  140.00000      -   561 1950s
 28697 13263 infeasible   90               -  140.00000      -   561 1955s
 28746 13270 infeasible   79               -  140.00000      -   562 1960s
 28815 13277  140.00000   84  410          -  140.00000      -   563 1965s
 28892 13264  140.00000   73  306          -  140.00000      -   563 1970s
 28953 13275 infeasible   98               -  140.00000      -   564 1975s
 28999 13281 infeasible   93               -  140.00000      -   565 1980s
 29072 13298  140.00000   83  238          -  140.00000      -   565 1985s
 29139 13301 infeasible   97               -  140.00000      -   566 1990s
 29220 13312 infeasible   82               -  140.00000      -   566 1995s
 29258 13316 infeasible   91               -  140.00000      -   567 2000s
 29334 13316  140.00000   80  318          -  140.00000      -   568 2005s
 29409 13333  140.00000   84  340          -  140.00000      -   568 2010s
 29486 13344  140.00000   79  272          -  140.00000      -   568 2015s
 29580 13364 infeasible   90               -  140.00000      -   569 2020s
 29650 13384  140.00000   83  323          -  140.00000      -   569 2025s
 29727 13387 infeasible   86               -  140.00000      -   569 2030s
 29741 13391  140.00000   88  366          -  140.00000      -   570 2038s
 29772 13388  140.00000   86  362          -  140.00000      -   569 2040s
 29809 13389 infeasible   88               -  140.00000      -   570 2045s
 29888 13412 infeasible  108               -  140.00000      -   571 2050s
 29998 13432 infeasible   82               -  140.00000      -   571 2055s
 30070 13446 infeasible   83               -  140.00000      -   571 2060s
 30122 13456 infeasible   92               -  140.00000      -   572 2065s
 30201 13481 infeasible   92               -  140.00000      -   572 2070s
 30254 13492 infeasible   98               -  140.00000      -   573 2075s
 30311 13505 infeasible  104               -  140.00000      -   574 2080s
 30377 13503  140.00000   98  374          -  140.00000      -   574 2085s
 30427 13499 infeasible  101               -  140.00000      -   575 2090s
 30474 13504 infeasible   98               -  140.00000      -   576 2095s
 30528 13506 infeasible   97               -  140.00000      -   577 2100s
 30616 13522 infeasible   86               -  140.00000      -   577 2105s
 30716 13568  140.00000   86  411          -  140.00000      -   577 2110s
 30782 13590 infeasible   96               -  140.00000      -   578 2115s
 30855 13591 infeasible   86               -  140.00000      -   578 2120s
 30931 13617 infeasible   91               -  140.00000      -   578 2125s
 30968 13630 infeasible   93               -  140.00000      -   579 2130s
 31028 13640  140.00000   86  400          -  140.00000      -   580 2135s
 31063 13653 infeasible   99               -  140.00000      -   580 2140s
 31135 13671 infeasible   96               -  140.00000      -   581 2145s
 31206 13692 infeasible   81               -  140.00000      -   581 2150s
 31258 13722 infeasible  104               -  140.00000      -   582 2155s
 31299 13713  140.00000  102  268          -  140.00000      -   583 2160s
 31365 13727 infeasible   91               -  140.00000      -   584 2165s
 31438 13742  140.00000   88  367          -  140.00000      -   584 2170s
 31469 13743  140.00000   83  297          -  140.00000      -   585 2181s
 31510 13752 infeasible  101               -  140.00000      -   586 2185s
 31552 13754  140.00000   92  304          -  140.00000      -   586 2190s
 31615 13765 infeasible   92               -  140.00000      -   587 2195s
 31651 13759  140.00000   95  305          -  140.00000      -   588 2200s
 31693 13761  140.00000   81  339          -  140.00000      -   589 2205s
 31776 13804 infeasible  121               -  140.00000      -   589 2210s
 31864 13862  140.00000  110  261          -  140.00000      -   589 2215s
 31942 13894 infeasible  115               -  140.00000      -   589 2220s
 32009 13899 infeasible  110               -  140.00000      -   589 2225s
 32076 13896 infeasible   87               -  140.00000      -   590 2230s
 32155 13931 infeasible   80               -  140.00000      -   590 2235s
 32239 13967  140.00000   82  263          -  140.00000      -   590 2240s
 32319 13983 infeasible   85               -  140.00000      -   590 2245s
 32393 13983 infeasible   89               -  140.00000      -   591 2250s
 32502 14062  140.00000  121  356          -  140.00000      -   590 2255s
 32592 14120  140.00000   87  350          -  140.00000      -   590 2260s
 32682 14180  140.00000   87  337          -  140.00000      -   590 2265s
 32769 14235 infeasible   85               -  140.00000      -   590 2270s
 32855 14279 infeasible   75               -  140.00000      -   590 2275s
 32910 14308  140.00000   98  427          -  140.00000      -   590 2280s
 32986 14340 infeasible   98               -  140.00000      -   590 2285s
 33044 14354  140.00000   76  413          -  140.00000      -   591 2290s
 33077 14367  140.00000   90  413          -  140.00000      -   592 2295s
 33146 14392  140.00000   86  379          -  140.00000      -   592 2300s
 33203 14405 infeasible   77               -  140.00000      -   592 2305s
 33262 14428 infeasible   97               -  140.00000      -   593 2310s
 33324 14462  140.00000   91  350          -  140.00000      -   593 2315s
 33391 14499  140.00000   97  408          -  140.00000      -   593 2320s
 33436 14518  140.00000   63  310          -  140.00000      -   593 2329s
 33460 14518  140.00000   63  364          -  140.00000      -   593 2330s
 33549 14537  140.00000   87  390          -  140.00000      -   592 2335s
 33597 14553  140.00000   84  412          -  140.00000      -   593 2340s
 33659 14581 infeasible   97               -  140.00000      -   593 2345s
 33739 14609 infeasible  108               -  140.00000      -   593 2350s
 33827 14633  140.00000  102  409          -  140.00000      -   593 2355s
 33892 14642 infeasible   82               -  140.00000      -   593 2360s
 33941 14663  140.00000   86  408          -  140.00000      -   594 2365s
 34026 14704 infeasible  104               -  140.00000      -   594 2370s
 34091 14743 infeasible   99               -  140.00000      -   594 2375s
 34153 14779 infeasible   99               -  140.00000      -   594 2380s
 34209 14791 infeasible   85               -  140.00000      -   595 2385s
 34282 14822 infeasible  102               -  140.00000      -   595 2390s
 34323 14823  140.00000   94  405          -  140.00000      -   595 2395s
 34402 14848 infeasible   84               -  140.00000      -   596 2400s
 34472 14872 infeasible   95               -  140.00000      -   596 2405s
 34536 14910  140.00000   53  387          -  140.00000      -   596 2410s
 34627 14991  140.00000  102  429          -  140.00000      -   595 2415s
 34749 15089  140.00000   97  326          -  140.00000      -   594 2420s
 34828 15138  140.00000   97  328          -  140.00000      -   594 2425s
 34950 15228 infeasible   94               -  140.00000      -   594 2430s
 35095 15353 infeasible   89               -  140.00000      -   592 2435s
 35252 15486  140.00000   77  380          -  140.00000      -   591 2440s
 35309 15527  140.00000   49  326          -  140.00000      -   591 2445s
 35412 15610  140.00000   63  391          -  140.00000      -   590 2450s
 35555 15723  140.00000   84  404          -  140.00000      -   589 2455s
 35591 15755  139.00000  100  401          -  140.00000      -   589 2465s
 35707 15853  140.00000  103  295          -  140.00000      -   588 2470s
 35819 15933  140.00000   86  410          -  140.00000      -   588 2475s
 35916 16000  140.00000   45  350          -  140.00000      -   587 2480s
 36021 16091 infeasible   84               -  140.00000      -   587 2485s
 36137 16177  140.00000   85  345          -  140.00000      -   586 2490s
 36240 16252  140.00000   76  347          -  140.00000      -   586 2495s
 36348 16336  140.00000   80  382          -  140.00000      -   585 2500s
 36443 16413  140.00000   92  377          -  140.00000      -   585 2505s
 36529 16471 infeasible   92               -  140.00000      -   585 2510s
 36633 16549  140.00000   68  324          -  140.00000      -   585 2515s
 36716 16606 infeasible   93               -  140.00000      -   585 2520s
 36787 16637  140.00000   71  311          -  140.00000      -   585 2525s
 36885 16701 infeasible   95               -  140.00000      -   585 2530s
 36949 16743  140.00000   99  369          -  140.00000      -   585 2535s
 37018 16780  140.00000   88  292          -  140.00000      -   585 2540s
 37127 16849  140.00000   85  379          -  140.00000      -   585 2545s
 37225 16929  140.00000   97  431          -  140.00000      -   584 2550s
 37322 16988  140.00000   84  351          -  140.00000      -   584 2555s
 37402 17034  140.00000   89  388          -  140.00000      -   584 2560s
 37497 17089  140.00000   75  358          -  140.00000      -   584 2565s
 37634 17188  140.00000   77  317          -  140.00000      -   583 2570s
 37689 17215  140.00000   59  335          -  140.00000      -   583 2575s
 37775 17279  140.00000   64  309          -  140.00000      -   583 2580s
 37861 17329 infeasible   62               -  140.00000      -   583 2585s
 37985 17413 infeasible   91               -  140.00000      -   582 2590s
 38075 17459 infeasible   91               -  140.00000      -   582 2595s
 38189 17523  140.00000   74  365          -  140.00000      -   582 2600s
 38275 17589  140.00000   78  349          -  140.00000      -   581 2605s
 38368 17638 infeasible  110               -  140.00000      -   581 2610s
 38463 17699  140.00000   82  306          -  140.00000      -   581 2615s
 38555 17763 infeasible   85               -  140.00000      -   581 2620s
 38610 17790  140.00000   65  340          -  140.00000      -   581 2630s
 38713 17869  140.00000   97  375          -  140.00000      -   580 2635s
 38787 17907 infeasible   78               -  140.00000      -   580 2640s
 38881 17945 infeasible   83               -  140.00000      -   580 2645s
 39011 18027  140.00000   99  338          -  140.00000      -   579 2650s
 39127 18099  140.00000   93  326          -  140.00000      -   579 2655s
 39241 18183  140.00000  114  400          -  140.00000      -   579 2660s
 39336 18204 infeasible   71               -  140.00000      -   579 2665s
 39468 18290 infeasible   96               -  140.00000      -   578 2670s
 39571 18323  140.00000   91  357          -  140.00000      -   578 2675s
 39652 18312  140.00000   81  295          -  140.00000      -   578 2680s
 39788 18350 infeasible   75               -  140.00000      -   577 2685s
 39963 18489  140.00000   81  441          -  140.00000      -   576 2690s
 40104 18590  140.00000  119  400          -  140.00000      -   575 2695s
 40240 18654  140.00000   81  342          -  140.00000      -   575 2700s
 40367 18713  140.00000   78  324          -  140.00000      -   574 2705s
 40434 18714  140.00000   84  350          -  140.00000      -   575 2710s
 40480 18732 infeasible   93               -  140.00000      -   575 2715s
 40548 18728 infeasible   73               -  140.00000      -   576 2720s
 40652 18766  140.00000   69  368          -  140.00000      -   576 2725s
 40711 18789 infeasible   86               -  140.00000      -   576 2730s
 40771 18809  140.00000   70  272          -  140.00000      -   577 2735s
 40826 18826  140.00000   69  316          -  140.00000      -   577 2740s
 40887 18843 infeasible   91               -  140.00000      -   578 2745s
 40960 18860 infeasible   70               -  140.00000      -   578 2750s
 41036 18900 infeasible   83               -  140.00000      -   578 2755s
 41099 18927  140.00000   92  307          -  140.00000      -   579 2760s
 41187 18981  140.00000   73  370          -  140.00000      -   579 2765s
 41277 19049 infeasible   91               -  140.00000      -   578 2770s
 41353 19099 infeasible  114               -  140.00000      -   579 2775s
 41421 19127  140.00000   75  378          -  140.00000      -   579 2780s
 41498 19142 infeasible   73               -  140.00000      -   579 2785s
 41574 19170  140.00000   81  384          -  140.00000      -   579 2790s
 41604 19188  140.00000   81  294          -  140.00000      -   580 2800s
 41664 19216 infeasible   99               -  140.00000      -   580 2805s
 41717 19241  140.00000   93  388          -  140.00000      -   580 2810s
 41806 19294 infeasible  112               -  140.00000      -   580 2815s
 41890 19334  140.00000   97  319          -  140.00000      -   581 2820s
 42015 19379 infeasible  107               -  140.00000      -   580 2825s
 42078 19406 infeasible   77               -  140.00000      -   581 2830s
 42186 19476  140.00000   93  349          -  140.00000      -   580 2835s
 42281 19537 infeasible   86               -  140.00000      -   580 2840s
 42336 19560 infeasible  105               -  140.00000      -   581 2845s
 42388 19572  140.00000   92  348          -  140.00000      -   581 2850s
 42461 19603  140.00000   85  387          -  140.00000      -   581 2855s
 42524 19626 infeasible   80               -  140.00000      -   582 2860s
 42621 19673 infeasible   93               -  140.00000      -   582 2865s
 42702 19700 infeasible   89               -  140.00000      -   582 2870s
 42762 19708 infeasible   79               -  140.00000      -   582 2875s
 42847 19767  140.00000  106  388          -  140.00000      -   582 2880s
 43027 19901  140.00000   98  366          -  140.00000      -   581 2885s
 43132 19988  140.00000  113  411          -  140.00000      -   581 2890s
 43219 20045  140.00000   98  380          -  140.00000      -   581 2895s
 43282 20068  140.00000  125  384          -  140.00000      -   581 2900s
 43342 20080  140.00000   75  390          -  140.00000      -   581 2905s
 43446 20120  140.00000   74  330          -  140.00000      -   581 2910s
 43589 20199  140.00000   90  359          -  140.00000      -   580 2915s
 43693 20245 infeasible   82               -  140.00000      -   580 2920s
 43770 20280 infeasible   90               -  140.00000      -   580 2925s
 43815 20271 infeasible   70               -  140.00000      -   581 2930s
 43911 20305 infeasible   81               -  140.00000      -   580 2935s
 44000 20344 infeasible   96               -  140.00000      -   580 2940s
 44024 20346  140.00000   77  300          -  140.00000      -   580 2950s
 44084 20366 infeasible   84               -  140.00000      -   581 2955s
 44146 20374 infeasible   88               -  140.00000      -   581 2960s
 44219 20395  140.00000   92  408          -  140.00000      -   581 2965s
 44260 20412 infeasible  102               -  140.00000      -   581 2970s
 44343 20455 infeasible  109               -  140.00000      -   581 2975s
 44397 20475 infeasible  102               -  140.00000      -   582 2980s
 44485 20521 infeasible  112               -  140.00000      -   582 2985s
 44582 20566 infeasible   99               -  140.00000      -   582 2990s
 44649 20589 infeasible   88               -  140.00000      -   582 2995s
 44715 20613 infeasible   99               -  140.00000      -   583 3000s
 44815 20637  140.00000   82  394          -  140.00000      -   582 3005s
 44862 20646 infeasible   89               -  140.00000      -   583 3010s
 44944 20666 infeasible  114               -  140.00000      -   583 3015s
 44991 20673  140.00000   99  370          -  140.00000      -   584 3020s
 45105 20739  140.00000   81  273          -  140.00000      -   583 3025s
 45223 20823 infeasible   94               -  140.00000      -   583 3030s
 45261 20849 infeasible  112               -  140.00000      -   583 3035s
 45334 20886 infeasible   93               -  140.00000      -   583 3040s
 45381 20903  140.00000   83  412          -  140.00000      -   584 3045s
 45444 20922  140.00000   85  344          -  140.00000      -   584 3050s
 45477 20925 infeasible   95               -  140.00000      -   585 3055s
 45581 20983  140.00000   70  374          -  140.00000      -   585 3060s
 45653 21009 infeasible   85               -  140.00000      -   585 3065s
 45715 21027 infeasible   93               -  140.00000      -   585 3070s
 45808 21076 infeasible   94               -  140.00000      -   585 3075s
 45899 21131 infeasible  104               -  140.00000      -   585 3080s
 45938 21140  140.00000   92  346          -  140.00000      -   586 3085s
 45978 21144 infeasible   95               -  140.00000      -   587 3090s
 46045 21165  140.00000   87  358          -  140.00000      -   587 3095s
 46122 21178 infeasible   97               -  140.00000      -   587 3100s
 46193 21193  140.00000   84  367          -  140.00000      -   587 3105s
 46251 21221  140.00000   85  435          -  140.00000      -   587 3110s
 46304 21240  140.00000   95  295          -  140.00000      -   588 3115s
 46360 21246 infeasible   81               -  140.00000      -   588 3120s
 46415 21269  140.00000   94  312          -  140.00000      -   588 3125s
 46454 21276 infeasible   83               -  140.00000      -   589 3130s
 46527 21315 infeasible   95               -  140.00000      -   589 3135s
 46553 21323 infeasible  106               -  140.00000      -   590 3140s
 46593 21333  140.00000   88  353          -  140.00000      -   590 3145s
 46647 21349 infeasible   97               -  140.00000      -   590 3150s
 46696 21364  140.00000   93  374          -  140.00000      -   591 3155s
 46738 21368 infeasible   95               -  140.00000      -   591 3160s
 46751 21371  140.00000   92  425          -  140.00000      -   591 3166s
 46780 21376 infeasible   93               -  140.00000      -   592 3170s
 46816 21384  140.00000   98  414          -  140.00000      -   592 3175s
 46859 21395  140.00000   86  374          -  140.00000      -   593 3180s
 46905 21397  140.00000   94  326          -  140.00000      -   593 3185s
 46970 21430  140.00000   92  370          -  140.00000      -   593 3190s
 47015 21435 infeasible   94               -  140.00000      -   594 3195s
 47109 21477  140.00000   80  408          -  140.00000      -   594 3200s
 47205 21539  140.00000  103  402          -  140.00000      -   594 3205s
 47283 21579  140.00000   99  349          -  140.00000      -   594 3210s
 47362 21624  140.00000   88  316          -  140.00000      -   594 3215s
 47477 21705  140.00000   97  389          -  140.00000      -   593 3220s
 47551 21767  139.15145   93  401          -  140.00000      -   594 3225s
 47577 21783 infeasible  104               -  140.00000      -   594 3230s
 47616 21790  140.00000   90  249          -  140.00000      -   595 3245s
 47681 21801  140.00000   64  385          -  140.00000      -   595 3250s
 47786 21896  140.00000  115  388          -  140.00000      -   595 3255s
 47864 21940  140.00000  107  376          -  140.00000      -   595 3260s
 47970 21994  140.00000   91  380          -  140.00000      -   594 3265s
 48065 22051  140.00000   87  338          -  140.00000      -   594 3270s
 48127 22067 infeasible  100               -  140.00000      -   595 3275s
 48169 22079  140.00000   81  334          -  140.00000      -   595 3280s
 48227 22083  140.00000   89  315          -  140.00000      -   596 3285s
 48302 22118  140.00000   87  424          -  140.00000      -   596 3290s
 48429 22201  140.00000  100  394          -  140.00000      -   595 3295s
 48535 22273 infeasible  107               -  140.00000      -   595 3300s
 48673 22359 infeasible   95               -  140.00000      -   594 3305s
 48801 22439  140.00000   88  384          -  140.00000      -   594 3310s
 48948 22546 infeasible   97               -  140.00000      -   593 3315s
 49052 22572 infeasible   91               -  140.00000      -   593 3320s
 49163 22643 infeasible   94               -  140.00000      -   593 3325s
 49261 22713  140.00000   81  471          -  140.00000      -   592 3330s
 49403 22805  140.00000   82  378          -  140.00000      -   592 3335s
 49463 22847 infeasible  111               -  140.00000      -   592 3340s
 49608 22942  140.00000   73  420          -  140.00000      -   591 3345s
 49693 23015  140.00000  105  352          -  140.00000      -   591 3350s
 49765 23049 infeasible  102               -  140.00000      -   591 3355s
 49848 23064 infeasible   88               -  140.00000      -   591 3360s
 49938 23100  140.00000  101  345          -  140.00000      -   591 3365s
 50078 23186  140.00000   53  352          -  140.00000      -   590 3370s
 50174 23268  140.00000  111  328          -  140.00000      -   590 3375s
 50321 23393  140.00000   96  349          -  140.00000      -   589 3380s
 50478 23528  140.00000   65  350          -  140.00000      -   588 3385s
 50574 23600 infeasible  117               -  140.00000      -   588 3390s
 50694 23708  140.00000  104  413          -  140.00000      -   587 3395s
 50820 23812  140.00000   91  335          -  140.00000      -   586 3400s
 50928 23890  140.00000   66  441          -  140.00000      -   586 3405s
 51070 23990 infeasible   79               -  140.00000      -   585 3410s
 51261 24133  140.00000   46  305          -  140.00000      -   583 3415s
 51437 24275  140.00000   97  373          -  140.00000      -   582 3420s
 51601 24407 infeasible   81               -  140.00000      -   581 3425s
 51709 24485  140.00000   78  384          -  140.00000      -   581 3430s
 51831 24573  140.00000   39  279          -  140.00000      -   580 3435s
 51982 24700  140.00000   65  391          -  140.00000      -   579 3440s
 52118 24824  140.00000  103  394          -  140.00000      -   578 3445s
 52161 24853  140.00000   37  279          -  140.00000      -   578 3461s
 52254 24946  140.00000   94  460          -  140.00000      -   578 3465s
 52400 25054  140.00000   67  386          -  140.00000      -   577 3470s
 52532 25166 infeasible  107               -  140.00000      -   577 3475s
 52733 25329  140.00000   52  383          -  140.00000      -   575 3480s
 52901 25463 infeasible   83               -  140.00000      -   574 3485s
 53043 25577  140.00000   55  313          -  140.00000      -   573 3490s
 53231 25733  140.00000   66  418          -  140.00000      -   572 3495s
 53411 25871  140.00000   47  291          -  140.00000      -   571 3500s
 53562 26002 infeasible   77               -  140.00000      -   570 3505s
 53762 26156  140.00000   71  325          -  140.00000      -   569 3510s
 53897 26249 infeasible  108               -  140.00000      -   569 3515s
 53980 26324  140.00000   96  381          -  140.00000      -   568 3520s
 54150 26458  140.00000   69  438          -  140.00000      -   567 3525s
 54315 26587 infeasible   78               -  140.00000      -   567 3530s
 54475 26715  140.00000   88  293          -  140.00000      -   566 3535s
 54578 26804  140.00000   88  387          -  140.00000      -   566 3540s
 54726 26916 infeasible   85               -  140.00000      -   565 3545s
 54856 27020  140.00000   77  309          -  140.00000      -   565 3550s
 54957 27075  140.00000   64  387          -  140.00000      -   564 3555s
 55018 27112  140.00000   61  355          -  140.00000      -   564 3560s
 55161 27217  140.00000   54  238          -  140.00000      -   564 3565s
 55288 27310 infeasible   76               -  140.00000      -   563 3570s
 55393 27373  140.00000   63  383          -  140.00000      -   563 3575s
 55485 27441 infeasible  105               -  140.00000      -   563 3580s
 55596 27490  140.00000   60  275          -  140.00000      -   562 3585s
 55751 27609  140.00000   76  364          -  140.00000      -   562 3590s
 55840 27680  140.00000   92  424          -  140.00000      -   562 3595s

Cutting planes:
  Flow cover: 6
  Zero half: 3
  RLT: 4
  BQP: 6

Explored 55942 nodes (31542072 simplex iterations) in 3600.00 seconds (4556.30 work units)
Thread count was 1 (of 8 available processors)

Solution count 0

Time limit reached
Best objective -, best bound 1.400000000000e+02, gap -
