
Gurobi 11.0.1 (win64) logging started Thu Mar 14 08:04:58 2024

Set parameter LogFile to value "C:\Projetos\Job_Rotation_Algorithms\Outputs\GurobiLogs\gurobi_log-output-50_ros-c11-BorbaRittModel-NoExtraConstraint-2.log"
Gurobi Optimizer version 11.0.1 build v11.0.1rc0 (win64 - Windows 10.0 (19045.2))

CPU model: 11th Gen Intel(R) Core(TM) i7-1165G7 @ 2.80GHz, instruction set [SSE2|AVX|AVX2|AVX512]
Thread count: 4 physical cores, 8 logical processors, using up to 1 threads


Gurobi 11.0.1 (win64) logging started Fri Mar 15 00:42:25 2024

Set parameter LogFile to value "C:\Projetos\Job_Rotation_Algorithms\Outputs\GurobiLogs\gurobi_log-output-50_ros-c11-BorbaRittModel-NoExtraConstraint-2.log"
Gurobi Optimizer version 11.0.1 build v11.0.1rc0 (win64 - Windows 10.0 (19045.2))

CPU model: 11th Gen Intel(R) Core(TM) i7-1165G7 @ 2.80GHz, instruction set [SSE2|AVX|AVX2|AVX512]
Thread count: 4 physical cores, 8 logical processors, using up to 1 threads


Gurobi 11.0.1 (win64) logging started Sat Mar 16 12:25:56 2024

Set parameter LogFile to value "C:\Projetos\Job_Rotation_Algorithms\Outputs\GurobiLogs\gurobi_log-output-50_ros-c11-BorbaRittModel-NoExtraConstraint-2.log"
Gurobi Optimizer version 11.0.1 build v11.0.1rc0 (win64 - Windows 10.0 (19045.2))

CPU model: 11th Gen Intel(R) Core(TM) i7-1165G7 @ 2.80GHz, instruction set [SSE2|AVX|AVX2|AVX512]
Thread count: 4 physical cores, 8 logical processors, using up to 1 threads


Gurobi 11.0.1 (win64) logging started Sat Mar 16 22:34:58 2024

Set parameter LogFile to value "C:\Projetos\Job_Rotation_Algorithms\Outputs\GurobiLogs\gurobi_log-output-50_ros-c11-BorbaRittModel-NoExtraConstraint-2.log"
Gurobi Optimizer version 11.0.1 build v11.0.1rc0 (win64 - Windows 10.0 (19045.2))

CPU model: 11th Gen Intel(R) Core(TM) i7-1165G7 @ 2.80GHz, instruction set [SSE2|AVX|AVX2|AVX512]
Thread count: 4 physical cores, 8 logical processors, using up to 1 threads


Gurobi 11.0.1 (win64) logging started Sun Mar 17 02:10:47 2024

Set parameter LogFile to value "C:\Projetos\Job_Rotation_Algorithms\Outputs\GurobiLogs\gurobi_log-output-50_ros-c11-BorbaRittModel-NoExtraConstraint-2.log"
Gurobi Optimizer version 11.0.1 build v11.0.1rc0 (win64 - Windows 10.0 (19045.2))

CPU model: 11th Gen Intel(R) Core(TM) i7-1165G7 @ 2.80GHz, instruction set [SSE2|AVX|AVX2|AVX512]
Thread count: 4 physical cores, 8 logical processors, using up to 1 threads


Gurobi 11.0.1 (win64) logging started Mon Mar 18 08:15:14 2024

Set parameter LogFile to value "C:\Projetos\Job_Rotation_Algorithms\Outputs\GurobiLogs\gurobi_log-output-50_ros-c11-BorbaRittModel-NoExtraConstraint-2.log"
Gurobi Optimizer version 11.0.1 build v11.0.1rc0 (win64 - Windows 10.0 (19045.2))

CPU model: 11th Gen Intel(R) Core(TM) i7-1165G7 @ 2.80GHz, instruction set [SSE2|AVX|AVX2|AVX512]
Thread count: 4 physical cores, 8 logical processors, using up to 1 threads


Gurobi 11.0.1 (win64) logging started Tue Mar 19 09:18:43 2024

Set parameter LogFile to value "C:\Projetos\Job_Rotation_Algorithms\Outputs\GurobiLogs\gurobi_log-output-50_ros-c11-BorbaRittModel-NoExtraConstraint-2.log"
Gurobi Optimizer version 11.0.1 build v11.0.1rc0 (win64 - Windows 10.0 (19045.2))

CPU model: 11th Gen Intel(R) Core(TM) i7-1165G7 @ 2.80GHz, instruction set [SSE2|AVX|AVX2|AVX512]
Thread count: 4 physical cores, 8 logical processors, using up to 1 threads


Gurobi 11.0.1 (win64) logging started Mon Apr  1 12:45:34 2024

Set parameter LogFile to value "C:\Projetos\Job_Rotation_Algorithms\Outputs\GurobiLogs\gurobi_log-output-50_ros-c11-BorbaRittModel-NoExtraConstraint-2.log"
Gurobi Optimizer version 11.0.1 build v11.0.1rc0 (win64 - Windows 10.0 (19045.2))

CPU model: 11th Gen Intel(R) Core(TM) i7-1165G7 @ 2.80GHz, instruction set [SSE2|AVX|AVX2|AVX512]
Thread count: 4 physical cores, 8 logical processors, using up to 1 threads


Gurobi 11.0.1 (win64) logging started Mon Apr  1 21:33:29 2024

Set parameter LogFile to value "C:\Projetos\Job_Rotation_Algorithms\Outputs\GurobiLogs\gurobi_log-output-50_ros-c11-BorbaRittModel-NoExtraConstraint-2.log"
Gurobi Optimizer version 11.0.1 build v11.0.1rc0 (win64 - Windows 10.0 (19045.2))

CPU model: 11th Gen Intel(R) Core(TM) i7-1165G7 @ 2.80GHz, instruction set [SSE2|AVX|AVX2|AVX512]
Thread count: 4 physical cores, 8 logical processors, using up to 1 threads


Gurobi 11.0.1 (win64) logging started Thu Apr  4 23:31:11 2024

Set parameter LogFile to value "C:\Projetos\Job_Rotation_Algorithms\Outputs\GurobiLogs\gurobi_log-output-50_ros-c11-BorbaRittModel-NoExtraConstraint-2.log"
Gurobi Optimizer version 11.0.1 build v11.0.1rc0 (win64 - Windows 10.0 (19045.2))

CPU model: 11th Gen Intel(R) Core(TM) i7-1165G7 @ 2.80GHz, instruction set [SSE2|AVX|AVX2|AVX512]
Thread count: 4 physical cores, 8 logical processors, using up to 1 threads


Gurobi 11.0.1 (win64) logging started Sat Apr  6 13:00:18 2024

Set parameter LogFile to value "C:\Projetos\Job_Rotation_Algorithms\Outputs\GurobiLogs\gurobi_log-output-50_ros-c11-BorbaRittModel-NoExtraConstraint-2.log"
Gurobi Optimizer version 11.0.1 build v11.0.1rc0 (win64 - Windows 10.0 (19045.2))

CPU model: 11th Gen Intel(R) Core(TM) i7-1165G7 @ 2.80GHz, instruction set [SSE2|AVX|AVX2|AVX512]
Thread count: 4 physical cores, 8 logical processors, using up to 1 threads


Gurobi 11.0.1 (win64) logging started Sun Apr  7 02:33:42 2024

Set parameter LogFile to value "C:\Projetos\Job_Rotation_Algorithms\Outputs\GurobiLogs\gurobi_log-output-50_ros-c11-BorbaRittModel-NoExtraConstraint-2.log"
Gurobi Optimizer version 11.0.1 build v11.0.1rc0 (win64 - Windows 10.0 (19045.2))

CPU model: 11th Gen Intel(R) Core(TM) i7-1165G7 @ 2.80GHz, instruction set [SSE2|AVX|AVX2|AVX512]
Thread count: 4 physical cores, 8 logical processors, using up to 1 threads


Gurobi 11.0.1 (win64) logging started Sun Apr  7 09:46:34 2024

Set parameter LogFile to value "C:\Projetos\Job_Rotation_Algorithms\Outputs\GurobiLogs\gurobi_log-output-50_ros-c11-BorbaRittModel-NoExtraConstraint-2.log"
Gurobi Optimizer version 11.0.1 build v11.0.1rc0 (win64 - Windows 10.0 (19045.2))

CPU model: 11th Gen Intel(R) Core(TM) i7-1165G7 @ 2.80GHz, instruction set [SSE2|AVX|AVX2|AVX512]
Thread count: 4 physical cores, 8 logical processors, using up to 1 threads


Gurobi 11.0.1 (win64) logging started Tue Apr  9 08:05:04 2024

Set parameter LogFile to value "C:\Projetos\Job_Rotation_Algorithms\Outputs\GurobiLogs\gurobi_log-output-50_ros-c11-BorbaRittModel-NoExtraConstraint-2.log"
Gurobi Optimizer version 11.0.1 build v11.0.1rc0 (win64 - Windows 10.0 (19045.2))

CPU model: 11th Gen Intel(R) Core(TM) i7-1165G7 @ 2.80GHz, instruction set [SSE2|AVX|AVX2|AVX512]
Thread count: 4 physical cores, 8 logical processors, using up to 1 threads


Gurobi 11.0.1 (win64) logging started Wed Apr 10 17:34:19 2024

Set parameter LogFile to value "C:\Projetos\Job_Rotation_Algorithms\Outputs\GurobiLogs\gurobi_log-output-50_ros-c11-BorbaRittModel-NoExtraConstraint-2.log"
Gurobi Optimizer version 11.0.1 build v11.0.1rc0 (win64 - Windows 10.0 (19045.2))

CPU model: 11th Gen Intel(R) Core(TM) i7-1165G7 @ 2.80GHz, instruction set [SSE2|AVX|AVX2|AVX512]
Thread count: 4 physical cores, 8 logical processors, using up to 1 threads


Gurobi 11.0.1 (win64) logging started Thu Apr 11 01:40:03 2024

Set parameter LogFile to value "C:\Projetos\Job_Rotation_Algorithms\Outputs\GurobiLogs\gurobi_log-output-50_ros-c11-BorbaRittModel-NoExtraConstraint-2.log"
Gurobi Optimizer version 11.0.1 build v11.0.1rc0 (win64 - Windows 10.0 (19045.2))

CPU model: 11th Gen Intel(R) Core(TM) i7-1165G7 @ 2.80GHz, instruction set [SSE2|AVX|AVX2|AVX512]
Thread count: 4 physical cores, 8 logical processors, using up to 1 threads


Gurobi 11.0.1 (win64) logging started Sun Apr 21 02:56:12 2024

Set parameter LogFile to value "C:\Projetos\Job_Rotation_Algorithms\Outputs\GurobiLogs\gurobi_log-output-50_ros-c11-BorbaRittModel-NoExtraConstraint-2.log"
Gurobi Optimizer version 11.0.1 build v11.0.1rc0 (win64 - Windows 10.0 (19045.2))

CPU model: 11th Gen Intel(R) Core(TM) i7-1165G7 @ 2.80GHz, instruction set [SSE2|AVX|AVX2|AVX512]
Thread count: 4 physical cores, 8 logical processors, using up to 1 threads


Gurobi 11.0.1 (win64) logging started Mon Apr 22 08:26:22 2024

Set parameter LogFile to value "C:\Projetos\Job_Rotation_Algorithms\Outputs\GurobiLogs\gurobi_log-output-50_ros-c11-BorbaRittModel-NoExtraConstraint-2.log"
Gurobi Optimizer version 11.0.1 build v11.0.1rc0 (win64 - Windows 10.0 (19045.2))

CPU model: 11th Gen Intel(R) Core(TM) i7-1165G7 @ 2.80GHz, instruction set [SSE2|AVX|AVX2|AVX512]
Thread count: 4 physical cores, 8 logical processors, using up to 1 threads

WLS license 901038 - registered to Bitka Analytics
Optimize a model with 1955 rows, 458 columns and 6188 nonzeros
Model fingerprint: 0x734cdbff
Variable types: 2 continuous, 456 integer (456 binary)
Coefficient statistics:
  Matrix range     [1e+00, 1e+01]
  Objective range  [1e+00, 1e+00]
  Bounds range     [1e+00, 2e+01]
  RHS range        [1e+00, 2e+01]
Presolve removed 1 rows and 1 columns
Presolve time: 0.00s
Presolved: 1954 rows, 457 columns, 6186 nonzeros
Variable types: 0 continuous, 457 integer (456 binary)

Root relaxation: objective 5.000000e+01, 624 iterations, 0.02 seconds (0.02 work units)

    Nodes    |    Current Node    |     Objective Bounds      |     Work
 Expl Unexpl |  Obj  Depth IntInf | Incumbent    BestBd   Gap | It/Node Time

     0     0   50.00000    0  153          -   50.00000      -     -    0s
     0     0   50.00000    0  172          -   50.00000      -     -    0s
     0     0   50.00000    0  112          -   50.00000      -     -    0s
     0     0   50.00000    0  102          -   50.00000      -     -    0s
     0     0   50.00000    0  154          -   50.00000      -     -    0s
     0     0   50.00000    0  106          -   50.00000      -     -    0s
     0     0   50.00000    0  124          -   50.00000      -     -    0s
     0     0   50.00000    0  110          -   50.00000      -     -    0s
     0     0   50.00000    0  113          -   50.00000      -     -    0s
     0     0   50.00000    0  124          -   50.00000      -     -    0s
     0     0   50.00000    0  124          -   50.00000      -     -    0s
     0     2   50.00000    0  124          -   50.00000      -     -    0s
   886   393   50.00000   23  160          -   50.00000      -  16.3    5s
  1529   430   50.00000   31  126          -   50.00000      -  69.0   10s
  2238   344   50.00000   26  140          -   50.00000      -   108   15s
  2786   386 infeasible   29               -   50.00000      -   133   20s
  3433   477 infeasible   37               -   50.00000      -   147   25s
  3991   509 infeasible   35               -   50.00000      -   156   30s
  4615   551 infeasible   32               -   50.00000      -   165   35s
  5095   653   50.00000   37  114          -   50.00000      -   174   40s
  5720   640 infeasible   30               -   50.00000      -   178   45s
* 6197   628              26      42.0000000   50.00000  19.0%   183   49s
  6257   640   48.57261   41  150   42.00000   50.00000  19.0%   185   50s
H 6482   640                      43.0000000   50.00000  16.3%   186   52s
  6852   670 infeasible   31        43.00000   50.00000  16.3%   186   55s
H 7433   714                      44.0000000   50.00000  13.6%   187   59s
H 7459   714                      45.0000000   50.00000  11.1%   187   59s
  7468   711     cutoff   35        45.00000   50.00000  11.1%   187   60s
H 7674   691                      46.0000000   50.00000  8.70%   188   62s
  7922   694   50.00000   32  140   46.00000   50.00000  8.70%   189   65s
  8172   700 infeasible   30        46.00000   50.00000  8.70%   189   70s
  8343   690   48.56148   36  155   46.00000   50.00000  8.70%   190   75s
H 8389   685                      47.0000000   50.00000  6.38%   190   75s
  8495   701   50.00000   28  163   47.00000   50.00000  6.38%   190   80s
  8677   698   48.45558   29  169   47.00000   50.00000  6.38%   191   85s
  8846   713   50.00000   24  149   47.00000   50.00000  6.38%   190   90s
  9305   720 infeasible   20        47.00000   50.00000  6.38%   189   95s
 10132   776   50.00000   38  139   47.00000   50.00000  6.38%   187  101s
 10202   770   50.00000   34  114   47.00000   50.00000  6.38%   187  105s
 10950   816 infeasible   35        47.00000   50.00000  6.38%   186  110s
 11489   868   50.00000   17  169   47.00000   50.00000  6.38%   186  115s
 11909   882   49.00000   25  156   47.00000   50.00000  6.38%   186  120s
 12567   875   50.00000   25  130   47.00000   50.00000  6.38%   186  125s
 13289   978   49.00000   36  136   47.00000   50.00000  6.38%   185  130s
 13626   993   49.63687   32  175   47.00000   50.00000  6.38%   185  135s
 14291  1050 infeasible   30        47.00000   50.00000  6.38%   185  140s
 14932  1131 infeasible   40        47.00000   50.00000  6.38%   185  145s
 15575  1226   49.16709   34  150   47.00000   50.00000  6.38%   185  150s
 16027  1262   49.93454   38  192   47.00000   50.00000  6.38%   185  155s
 16786  1367     cutoff   34        47.00000   50.00000  6.38%   185  160s
 17247  1372   50.00000   29  136   47.00000   50.00000  6.38%   185  165s
 17955  1372 infeasible   32        47.00000   50.00000  6.38%   185  170s
 18579  1364   50.00000   34  150   47.00000   50.00000  6.38%   185  176s
 19018  1364   50.00000   24  165   47.00000   50.00000  6.38%   185  180s
 19827  1404 infeasible   32        47.00000   50.00000  6.38%   184  185s
 20488  1443   50.00000   29  152   47.00000   50.00000  6.38%   183  190s
 20818  1465   50.00000   29  140   47.00000   50.00000  6.38%   184  195s
 21481  1480   50.00000   27  115   47.00000   50.00000  6.38%   182  200s
 22212  1542   48.97360   33  160   47.00000   50.00000  6.38%   182  205s
 22906  1550   50.00000   32  152   47.00000   50.00000  6.38%   182  210s
 23533  1616 infeasible   22        47.00000   50.00000  6.38%   181  215s
 24307  1631   48.47292   41  115   47.00000   50.00000  6.38%   180  220s
 24803  1624   50.00000   35  146   47.00000   50.00000  6.38%   180  225s
 25654  1692   50.00000   39  142   47.00000   50.00000  6.38%   180  230s
 26363  1746   48.99088   55  154   47.00000   50.00000  6.38%   179  235s
 26823  1748   49.84154   34  167   47.00000   50.00000  6.38%   178  240s
 27630  1782     cutoff   34        47.00000   50.00000  6.38%   178  245s
 28640  1832   50.00000   28  156   47.00000   50.00000  6.38%   176  250s
 29394  1893   49.95505   35  176   47.00000   50.00000  6.38%   176  255s
 30057  1942   48.80639   41  144   47.00000   50.00000  6.38%   175  260s
 30702  2007   50.00000   38  179   47.00000   50.00000  6.38%   175  265s
 31558  2040 infeasible   31        47.00000   50.00000  6.38%   174  270s
 32041  2141   48.41961   34  118   47.00000   50.00000  6.38%   173  275s
 32943  2230 infeasible   41        47.00000   50.00000  6.38%   173  280s
 33567  2229   50.00000   38  148   47.00000   50.00000  6.38%   173  285s
 33975  2248   50.00000   30  177   47.00000   50.00000  6.38%   174  290s
 34588  2245   49.78569   27  158   47.00000   50.00000  6.38%   174  295s
 35357  2329   50.00000   28  150   47.00000   50.00000  6.38%   174  300s
 36037  2348     cutoff   25        47.00000   50.00000  6.38%   174  305s
 36777  2404   50.00000   26  132   47.00000   50.00000  6.38%   174  310s
 37080  2442   50.00000   29  147   47.00000   50.00000  6.38%   173  315s
 38029  2530 infeasible   36        47.00000   50.00000  6.38%   173  320s
 38761  2694   50.00000   29  144   47.00000   50.00000  6.38%   172  325s
 39189  2668 infeasible   30        47.00000   50.00000  6.38%   173  330s
 40038  2711   48.50000   29  115   47.00000   50.00000  6.38%   173  335s
 40655  2723   48.90840   26  165   47.00000   50.00000  6.38%   173  340s
 41211  2747   50.00000   21  136   47.00000   50.00000  6.38%   173  345s
 41770  2747 infeasible   27        47.00000   50.00000  6.38%   173  350s
 42557  2860   50.00000   24  152   47.00000   50.00000  6.38%   172  355s
 43363  2940     cutoff   31        47.00000   50.00000  6.38%   172  360s
 43871  2930   50.00000   29  113   47.00000   50.00000  6.38%   172  365s
 44496  2987 infeasible   29        47.00000   50.00000  6.38%   172  370s
 45090  2996   50.00000   17  101   47.00000   50.00000  6.38%   173  375s
 45690  3053 infeasible   29        47.00000   50.00000  6.38%   172  380s
 46470  3024   50.00000   24  137   47.00000   50.00000  6.38%   172  385s
 47230  3127   50.00000   16  132   47.00000   50.00000  6.38%   172  390s
 47970  3217 infeasible   42        47.00000   50.00000  6.38%   171  395s
 48438  3205 infeasible   29        47.00000   50.00000  6.38%   172  400s
 49051  3207   50.00000   31  150   47.00000   50.00000  6.38%   171  405s
 49847  3192 infeasible   24        47.00000   50.00000  6.38%   172  410s
 50401  3246   50.00000   27  150   47.00000   50.00000  6.38%   172  415s
 50829  3208 infeasible   34        47.00000   50.00000  6.38%   172  420s
 51444  3239   50.00000   31  160   47.00000   50.00000  6.38%   173  425s
 51974  3242 infeasible   22        47.00000   50.00000  6.38%   173  430s
 52633  3292   48.84630   28  178   47.00000   50.00000  6.38%   173  435s
 52995  3298   50.00000   36  138   47.00000   50.00000  6.38%   173  440s
 53656  3277   50.00000   26  117   47.00000   50.00000  6.38%   174  445s
 54042  3287 infeasible   34        47.00000   50.00000  6.38%   174  450s
 54591  3233   50.00000   33  138   47.00000   50.00000  6.38%   174  455s
 55155  3208   50.00000   31  158   47.00000   50.00000  6.38%   175  460s
 55629  3204 infeasible   32        47.00000   50.00000  6.38%   175  465s
 56503  3197   50.00000   26  179   47.00000   50.00000  6.38%   175  470s
 57487  3284     cutoff   29        47.00000   50.00000  6.38%   174  475s
 58114  3295   50.00000   32  147   47.00000   50.00000  6.38%   173  480s
 58888  3313   50.00000   23  132   47.00000   50.00000  6.38%   174  485s
 59377  3341   48.87313   35  173   47.00000   50.00000  6.38%   174  490s
 60171  3374   48.75467   30  151   47.00000   50.00000  6.38%   174  495s
 60606  3397   48.61538   30  144   47.00000   50.00000  6.38%   174  500s
 61237  3434   50.00000   28  148   47.00000   50.00000  6.38%   174  505s
 61865  3494 infeasible   31        47.00000   50.00000  6.38%   174  510s
 62515  3523   48.97153   45  209   47.00000   50.00000  6.38%   174  515s
 63289  3621     cutoff   34        47.00000   50.00000  6.38%   174  520s
 63997  3681   48.32247   30  144   47.00000   50.00000  6.38%   173  525s
 64457  3716 infeasible   42        47.00000   50.00000  6.38%   173  530s
 65274  3770 infeasible   32        47.00000   50.00000  6.38%   173  535s
 66156  3811   48.27176   23  134   47.00000   50.00000  6.38%   173  540s
 66957  3877 infeasible   40        47.00000   50.00000  6.38%   172  545s
 67747  3909   49.85759   28  191   47.00000   50.00000  6.38%   173  550s
 68217  3911   50.00000   32  166   47.00000   50.00000  6.38%   173  555s
 68928  3955   49.98277   29  159   47.00000   50.00000  6.38%   173  560s
 69566  4075 infeasible   31        47.00000   50.00000  6.38%   173  565s
 70123  4088 infeasible   43        47.00000   50.00000  6.38%   173  570s
 70753  4053 infeasible   29        47.00000   50.00000  6.38%   173  575s
 71487  4104     cutoff   29        47.00000   50.00000  6.38%   173  580s
 72086  4207   48.79530   33  119   47.00000   50.00000  6.38%   173  586s
 72678  4248   50.00000   28  165   47.00000   50.00000  6.38%   173  590s
 73250  4272   49.93681   32  145   47.00000   50.00000  6.38%   173  595s
 73995  4312 infeasible   27        47.00000   50.00000  6.38%   173  600s
 74724  4437   50.00000   22  159   47.00000   50.00000  6.38%   172  605s
 75250  4421 infeasible   25        47.00000   50.00000  6.38%   173  610s
 75977  4522   50.00000   22  133   47.00000   50.00000  6.38%   172  615s
 76669  4559 infeasible   33        47.00000   50.00000  6.38%   172  620s
 77219  4601 infeasible   26        47.00000   50.00000  6.38%   172  625s
 77914  4699   50.00000   26  115   47.00000   50.00000  6.38%   172  630s
 78535  4697 infeasible   28        47.00000   50.00000  6.38%   172  635s
 79184  4724   49.00000   27  177   47.00000   50.00000  6.38%   172  640s
 79962  4758   50.00000   32  167   47.00000   50.00000  6.38%   172  645s
 80640  4794   48.41470   35  116   47.00000   50.00000  6.38%   172  650s
 81361  4783   50.00000   29  174   47.00000   50.00000  6.38%   172  655s
 82148  4796   49.30199   40  190   47.00000   50.00000  6.38%   172  660s
 82781  4793 infeasible   31        47.00000   50.00000  6.38%   172  665s
 83394  4833   50.00000   28  147   47.00000   50.00000  6.38%   172  670s
 84431  4868   50.00000   25  146   47.00000   50.00000  6.38%   171  675s
 84753  4879 infeasible   27        47.00000   50.00000  6.38%   171  680s
 85656  4867   49.38818   38  106   47.00000   50.00000  6.38%   171  685s
 86265  4870 infeasible   35        47.00000   50.00000  6.38%   171  690s
 87174  4927 infeasible   36        47.00000   50.00000  6.38%   171  695s
 87790  4962 infeasible   26        47.00000   50.00000  6.38%   171  700s
 88685  4987   50.00000   28  136   47.00000   50.00000  6.38%   171  706s
 89273  4971   50.00000   27  165   47.00000   50.00000  6.38%   171  710s
 89961  5009   49.80000   24  152   47.00000   50.00000  6.38%   171  715s
 90730  5001     cutoff   27        47.00000   50.00000  6.38%   171  720s
 91172  5004   48.66224   33  153   47.00000   50.00000  6.38%   171  725s
 91760  5051   49.00000   30  149   47.00000   50.00000  6.38%   171  730s
 92457  5086   50.00000   23  149   47.00000   50.00000  6.38%   171  735s
 93015  5129   48.00000   26  156   47.00000   50.00000  6.38%   171  740s
 93467  5135   49.79070   41  176   47.00000   50.00000  6.38%   171  745s
 94334  5166   49.55808   28  169   47.00000   50.00000  6.38%   171  750s
 95057  5200   48.81881   29   89   47.00000   50.00000  6.38%   171  755s
 95643  5220   50.00000   21  146   47.00000   50.00000  6.38%   171  760s
 96491  5369   48.00000   33   88   47.00000   50.00000  6.38%   171  765s
 96941  5473   49.06407   41  153   47.00000   50.00000  6.38%   171  770s
 97514  5487   50.00000   37  165   47.00000   50.00000  6.38%   171  775s
 97863  5495   49.82292   36  155   47.00000   50.00000  6.38%   171  780s
 98413  5493 infeasible   35        47.00000   50.00000  6.38%   171  785s
 98918  5535   50.00000   26  174   47.00000   50.00000  6.38%   172  790s
 99651  5609   50.00000   31  146   47.00000   50.00000  6.38%   172  796s
 100133  5626   49.98055   31  166   47.00000   50.00000  6.38%   172  800s
 100782  5703   48.99480   37  205   47.00000   50.00000  6.38%   172  806s
 101350  5808 infeasible   37        47.00000   50.00000  6.38%   172  810s
 101908  5829 infeasible   30        47.00000   50.00000  6.38%   172  815s
 102368  5835   50.00000   31  137   47.00000   50.00000  6.38%   172  820s
 102808  5883   50.00000   24  166   47.00000   50.00000  6.38%   172  825s
 103231  5919 infeasible   28        47.00000   50.00000  6.38%   172  830s
 103992  5977   49.80000   30  149   47.00000   50.00000  6.38%   172  835s
 104429  6075   49.00000   46  125   47.00000   50.00000  6.38%   172  840s
 105038  6096 infeasible   33        47.00000   50.00000  6.38%   172  845s
 105342  6101   49.73063   34  157   47.00000   50.00000  6.38%   172  850s
 105926  6145 infeasible   37        47.00000   50.00000  6.38%   172  855s
 106361  6118 infeasible   29        47.00000   50.00000  6.38%   173  860s
 107026  6219   48.59316   37  178   47.00000   50.00000  6.38%   172  865s
 107860  6190   50.00000   26  101   47.00000   50.00000  6.38%   172  871s
 108259  6177 infeasible   33        47.00000   50.00000  6.38%   172  875s
 108969  6263   50.00000   33  166   47.00000   50.00000  6.38%   172  880s
 109518  6222 infeasible   32        47.00000   50.00000  6.38%   173  885s
 110051  6202   49.88296   34  160   47.00000   50.00000  6.38%   173  890s
 110790  6224 infeasible   25        47.00000   50.00000  6.38%   173  895s
 111185  6207   50.00000   35  139   47.00000   50.00000  6.38%   173  900s
 111735  6235     cutoff   33        47.00000   50.00000  6.38%   173  905s
 112353  6280   50.00000   33  127   47.00000   50.00000  6.38%   173  910s
 113093  6262 infeasible   31        47.00000   50.00000  6.38%   173  915s
 113725  6261   50.00000   40  152   47.00000   50.00000  6.38%   173  920s
 114308  6254   50.00000   29  137   47.00000   50.00000  6.38%   173  925s
 114986  6307   48.77560   36  153   47.00000   50.00000  6.38%   173  930s
 115697  6343   48.82465   37  149   47.00000   50.00000  6.38%   173  935s
 116638  6334   48.93230   38  159   47.00000   50.00000  6.38%   172  940s
 117157  6400   50.00000   35  140   47.00000   50.00000  6.38%   172  945s
 117903  6437 infeasible   31        47.00000   50.00000  6.38%   172  950s
 118509  6483   48.00000   34  141   47.00000   50.00000  6.38%   172  955s
 118981  6476 infeasible   27        47.00000   50.00000  6.38%   172  960s
 119549  6487   50.00000   37  142   47.00000   50.00000  6.38%   172  965s
 119975  6516   50.00000   40  159   47.00000   50.00000  6.38%   172  970s
 120459  6519 infeasible   36        47.00000   50.00000  6.38%   173  975s
 121002  6550   50.00000   38  129   47.00000   50.00000  6.38%   173  980s
 121540  6540   50.00000   41  129   47.00000   50.00000  6.38%   173  985s
 121939  6542   49.06205   32  167   47.00000   50.00000  6.38%   173  990s
 122439  6547 infeasible   32        47.00000   50.00000  6.38%   173  995s
 123006  6558 infeasible   24        47.00000   50.00000  6.38%   173 1000s
 123471  6574 infeasible   34        47.00000   50.00000  6.38%   173 1005s
 123908  6569   50.00000   23  142   47.00000   50.00000  6.38%   173 1010s
 124303  6699   50.00000   43  155   47.00000   50.00000  6.38%   173 1015s
 124832  6735   48.59788   44  159   47.00000   50.00000  6.38%   173 1020s
 125564  6753   48.96178   38  157   47.00000   50.00000  6.38%   173 1025s
 125936  6819   50.00000   40  149   47.00000   50.00000  6.38%   173 1030s
 126530  6863   49.00000   43  153   47.00000   50.00000  6.38%   174 1035s
 127086  6913   48.87268   46  178   47.00000   50.00000  6.38%   174 1040s
 127423  6920 infeasible   36        47.00000   50.00000  6.38%   174 1045s
 127721  6900     cutoff   35        47.00000   50.00000  6.38%   174 1050s
 128100  6947   50.00000   34  161   47.00000   50.00000  6.38%   174 1055s
 128329  6940 infeasible   40        47.00000   50.00000  6.38%   174 1060s
 128893  6957   49.79622   34  173   47.00000   50.00000  6.38%   174 1065s
 129515  6965   50.00000   33  155   47.00000   50.00000  6.38%   174 1070s
 129949  6982   50.00000   27  143   47.00000   50.00000  6.38%   174 1075s
 130464  7022   48.46667   36  140   47.00000   50.00000  6.38%   175 1080s
 130748  7033     cutoff   27        47.00000   50.00000  6.38%   175 1085s
 130887  7048 infeasible   33        47.00000   50.00000  6.38%   175 1090s
 131088  7056   50.00000   28  126   47.00000   50.00000  6.38%   175 1095s
 131259  7112   50.00000   44  164   47.00000   50.00000  6.38%   175 1100s
 131403  7110 infeasible   40        47.00000   50.00000  6.38%   175 1105s
 131854  7126     cutoff   33        47.00000   50.00000  6.38%   175 1110s
 132400  7128 infeasible   33        47.00000   50.00000  6.38%   175 1115s
 132852  7148 infeasible   42        47.00000   50.00000  6.38%   175 1120s
 133473  7192   48.94115   37  166   47.00000   50.00000  6.38%   175 1125s
 133896  7184 infeasible   36        47.00000   50.00000  6.38%   175 1130s
 134519  7199   50.00000   30  151   47.00000   50.00000  6.38%   175 1135s
 135053  7190 infeasible   38        47.00000   50.00000  6.38%   175 1140s
 135577  7198   49.32780   35  132   47.00000   50.00000  6.38%   175 1145s
 136235  7297 infeasible   43        47.00000   50.00000  6.38%   175 1150s
 136764  7313   50.00000   37  134   47.00000   50.00000  6.38%   175 1155s
 137335  7292   49.87914   39  173   47.00000   50.00000  6.38%   175 1160s
 137899  7338 infeasible   36        47.00000   50.00000  6.38%   175 1165s
 138332  7332   50.00000   32  148   47.00000   50.00000  6.38%   175 1170s
 138959  7433   50.00000   29  143   47.00000   50.00000  6.38%   175 1175s
 139555  7457   50.00000   33  148   47.00000   50.00000  6.38%   175 1180s
 140139  7492   50.00000   36  159   47.00000   50.00000  6.38%   175 1185s
 140551  7535   48.76228   35  126   47.00000   50.00000  6.38%   175 1190s
 141154  7551 infeasible   30        47.00000   50.00000  6.38%   175 1195s
 142237  7695 infeasible   43        47.00000   50.00000  6.38%   175 1200s
 142878  7728   50.00000   35  107   47.00000   50.00000  6.38%   175 1205s
 143512  7686   50.00000   31   91   47.00000   50.00000  6.38%   175 1210s
 144002  7688   50.00000   37  125   47.00000   50.00000  6.38%   175 1215s
 144612  7696   49.99828   23  153   47.00000   50.00000  6.38%   175 1220s
 145151  7700   50.00000   30  119   47.00000   50.00000  6.38%   175 1225s
 146021  7803   50.00000   33  148   47.00000   50.00000  6.38%   174 1230s
 146636  7879 infeasible   35        47.00000   50.00000  6.38%   174 1235s
 147029  7885   50.00000   33  137   47.00000   50.00000  6.38%   174 1240s
 147658  7917     cutoff   41        47.00000   50.00000  6.38%   174 1245s
 148317  7965   50.00000   39  135   47.00000   50.00000  6.38%   174 1250s
 148893  8021   49.98705   33  168   47.00000   50.00000  6.38%   174 1255s
 149275  8065   49.00000   34  161   47.00000   50.00000  6.38%   174 1260s
 150147  8124   49.98111   35  174   47.00000   50.00000  6.38%   174 1265s
 150631  8097 infeasible   32        47.00000   50.00000  6.38%   174 1270s
 151175  8164 infeasible   36        47.00000   50.00000  6.38%   174 1275s
 151948  8248 infeasible   22        47.00000   50.00000  6.38%   174 1280s
 152576  8327   50.00000   27  138   47.00000   50.00000  6.38%   174 1285s
 153202  8351   50.00000   29  174   47.00000   50.00000  6.38%   174 1290s
 153770  8342   48.78152   31  139   47.00000   50.00000  6.38%   174 1295s
 154451  8515 infeasible   46        47.00000   50.00000  6.38%   174 1300s
 155122  8634   50.00000   41  130   47.00000   50.00000  6.38%   174 1305s
 155727  8699   48.66236   37  181   47.00000   50.00000  6.38%   174 1311s
 156074  8713   48.83333   27  152   47.00000   50.00000  6.38%   174 1315s
 156676  8811   50.00000   33  133   47.00000   50.00000  6.38%   174 1320s
 157400  8907 infeasible   31        47.00000   50.00000  6.38%   174 1325s
 158063  8990   49.00000   39  154   47.00000   50.00000  6.38%   174 1330s
 158388  8970 infeasible   36        47.00000   50.00000  6.38%   174 1335s
 158789  8975 infeasible   39        47.00000   50.00000  6.38%   174 1340s
 159221  9017     cutoff   28        47.00000   50.00000  6.38%   174 1345s
 159751  9024   50.00000   29  131   47.00000   50.00000  6.38%   174 1350s
 160260  9006   50.00000   30  169   47.00000   50.00000  6.38%   174 1355s
 160558  9056 infeasible   33        47.00000   50.00000  6.38%   174 1360s
 161162  9036   50.00000   29  145   47.00000   50.00000  6.38%   174 1365s
 161572  9047 infeasible   35        47.00000   50.00000  6.38%   174 1370s
 162133  9035   50.00000   33  174   47.00000   50.00000  6.38%   174 1375s
 162545  9021   50.00000   29  168   47.00000   50.00000  6.38%   174 1380s
 163339  9066   49.57987   30  154   47.00000   50.00000  6.38%   174 1385s
 164035  9127   49.00000   32  152   47.00000   50.00000  6.38%   174 1390s
 164815  9144   50.00000   32  144   47.00000   50.00000  6.38%   174 1395s
 165224  9142   48.48440   33  121   47.00000   50.00000  6.38%   174 1400s
 165906  9161   50.00000   34  132   47.00000   50.00000  6.38%   174 1405s
 166316  9154 infeasible   37        47.00000   50.00000  6.38%   174 1410s
 166966  9158   50.00000   25  108   47.00000   50.00000  6.38%   174 1415s
 167578  9182   50.00000   36  147   47.00000   50.00000  6.38%   174 1420s
 168254  9167   49.22791   33  163   47.00000   50.00000  6.38%   174 1425s
 168967  9256   48.00000   31   90   47.00000   50.00000  6.38%   174 1430s
 169773  9399   48.54619   37  111   47.00000   50.00000  6.38%   173 1435s
 170409  9452   50.00000   24  143   47.00000   50.00000  6.38%   173 1440s
 171178  9468 infeasible   31        47.00000   50.00000  6.38%   173 1445s
 171942  9559 infeasible   27        47.00000   50.00000  6.38%   173 1450s
 172621  9643 infeasible   33        47.00000   50.00000  6.38%   173 1455s
 173827  9736   50.00000   29  122   47.00000   50.00000  6.38%   172 1460s
 174522  9800   48.94288   33  162   47.00000   50.00000  6.38%   172 1465s
 174991  9826   48.66861   31  132   47.00000   50.00000  6.38%   172 1470s
 175877  9918     cutoff   31        47.00000   50.00000  6.38%   172 1475s
 176432  9909   50.00000   37  154   47.00000   50.00000  6.38%   172 1480s
 177018  9911   49.01408   30  118   47.00000   50.00000  6.38%   172 1485s
 177515  9951   50.00000   32  142   47.00000   50.00000  6.38%   172 1490s
 178115  9960   50.00000   27  121   47.00000   50.00000  6.38%   172 1495s
 178657  9948   49.85054   35  186   47.00000   50.00000  6.38%   172 1500s
 179372  9961   50.00000   35  157   47.00000   50.00000  6.38%   172 1505s
 179771  9962     cutoff   28        47.00000   50.00000  6.38%   172 1510s
 180409  9981 infeasible   42        47.00000   50.00000  6.38%   172 1515s
 180980  9965 infeasible   29        47.00000   50.00000  6.38%   172 1520s
 181656  9973 infeasible   33        47.00000   50.00000  6.38%   172 1525s
 182328  9973   50.00000   38  144   47.00000   50.00000  6.38%   172 1530s
 182915 10013 infeasible   43        47.00000   50.00000  6.38%   172 1535s
 183504 10020 infeasible   36        47.00000   50.00000  6.38%   172 1540s
 183896 10091 infeasible   40        47.00000   50.00000  6.38%   172 1545s
 184575 10106 infeasible   37        47.00000   50.00000  6.38%   172 1550s
 185102 10082 infeasible   33        47.00000   50.00000  6.38%   172 1555s
 185629 10089   50.00000   33  175   47.00000   50.00000  6.38%   172 1560s
 186311 10104   50.00000   24  147   47.00000   50.00000  6.38%   172 1565s
 186743 10158   50.00000   30  148   47.00000   50.00000  6.38%   172 1570s
 187230 10143 infeasible   35        47.00000   50.00000  6.38%   172 1575s
 187793 10133 infeasible   45        47.00000   50.00000  6.38%   173 1580s
 188524 10133 infeasible   33        47.00000   50.00000  6.38%   173 1585s
 189139 10153 infeasible   39        47.00000   50.00000  6.38%   173 1590s
 189707 10126 infeasible   30        47.00000   50.00000  6.38%   173 1595s
 190136 10121   50.00000   44  143   47.00000   50.00000  6.38%   173 1600s
 190765 10204   50.00000   26  169   47.00000   50.00000  6.38%   173 1605s
 191342 10171 infeasible   28        47.00000   50.00000  6.38%   173 1610s
 191907 10197   50.00000   33   93   47.00000   50.00000  6.38%   173 1615s
 192356 10187   50.00000   28  134   47.00000   50.00000  6.38%   173 1620s
 193011 10227 infeasible   36        47.00000   50.00000  6.38%   173 1625s
 193829 10239   50.00000   32  137   47.00000   50.00000  6.38%   173 1630s
 194206 10252     cutoff   34        47.00000   50.00000  6.38%   173 1635s
 194701 10262 infeasible   38        47.00000   50.00000  6.38%   173 1640s
 195268 10262 infeasible   29        47.00000   50.00000  6.38%   173 1645s
 196114 10321   50.00000   33  150   47.00000   50.00000  6.38%   173 1650s
 196388 10314   50.00000   38  139   47.00000   50.00000  6.38%   173 1655s
 197157 10399   50.00000   30  155   47.00000   50.00000  6.38%   173 1660s
 197841 10452   50.00000   35  139   47.00000   50.00000  6.38%   173 1665s
 198448 10498   49.82778   33  159   47.00000   50.00000  6.38%   173 1670s
 199000 10521   48.40206   41  112   47.00000   50.00000  6.38%   172 1675s
 199777 10611 infeasible   36        47.00000   50.00000  6.38%   172 1680s
 200487 10650     cutoff   35        47.00000   50.00000  6.38%   172 1685s
 201318 10688 infeasible   37        47.00000   50.00000  6.38%   172 1690s
 202120 10798 infeasible   36        47.00000   50.00000  6.38%   172 1695s
 202677 10856 infeasible   40        47.00000   50.00000  6.38%   172 1700s
 203555 10972   48.41667   39  123   47.00000   50.00000  6.38%   172 1705s
 204126 11019 infeasible   34        47.00000   50.00000  6.38%   172 1710s
 204708 11041 infeasible   34        47.00000   50.00000  6.38%   172 1715s
 205129 11045   50.00000   34  153   47.00000   50.00000  6.38%   172 1720s
 205648 11020   50.00000   28  122   47.00000   50.00000  6.38%   172 1725s
 206116 11015   50.00000   26  145   47.00000   50.00000  6.38%   172 1730s
 206821 11036 infeasible   32        47.00000   50.00000  6.38%   172 1735s
 207392 11161   50.00000   27  117   47.00000   50.00000  6.38%   172 1740s
 208032 11198   50.00000   26  130   47.00000   50.00000  6.38%   172 1745s
 208657 11208 infeasible   37        47.00000   50.00000  6.38%   172 1750s
 209263 11225   50.00000   39  126   47.00000   50.00000  6.38%   172 1755s
 209872 11266 infeasible   42        47.00000   50.00000  6.38%   172 1760s
 210423 11248   49.00000   37   89   47.00000   50.00000  6.38%   172 1765s
 210960 11265   50.00000   30  128   47.00000   50.00000  6.38%   172 1770s
 211559 11282   50.00000   32  138   47.00000   50.00000  6.38%   172 1775s
 212308 11302 infeasible   29        47.00000   50.00000  6.38%   172 1780s
 212920 11313 infeasible   35        47.00000   50.00000  6.38%   172 1785s
 213415 11354   49.00000   30  114   47.00000   50.00000  6.38%   172 1790s
 214074 11388   48.88385   38  201   47.00000   50.00000  6.38%   172 1795s
 214547 11437   48.90747   40  181   47.00000   50.00000  6.38%   172 1800s
 215151 11469   50.00000   32  147   47.00000   50.00000  6.38%   172 1805s
 215785 11487 infeasible   38        47.00000   50.00000  6.38%   172 1810s
 216296 11468   48.37037   35  110   47.00000   50.00000  6.38%   172 1815s
 216934 11476   50.00000   31  120   47.00000   50.00000  6.38%   172 1820s
 217670 11525 infeasible   32        47.00000   50.00000  6.38%   172 1825s
 218070 11518 infeasible   35        47.00000   50.00000  6.38%   172 1830s
 218444 11502   50.00000   35  162   47.00000   50.00000  6.38%   172 1835s
 218950 11506 infeasible   31        47.00000   50.00000  6.38%   172 1840s
 219491 11581 infeasible   35        47.00000   50.00000  6.38%   172 1845s
 220051 11557   48.37211   33  178   47.00000   50.00000  6.38%   172 1850s
 220567 11557   48.33564   27  159   47.00000   50.00000  6.38%   172 1855s
 220803 11541   50.00000   34  170   47.00000   50.00000  6.38%   172 1860s
 221421 11561   50.00000   23  141   47.00000   50.00000  6.38%   173 1865s
 222107 11589 infeasible   34        47.00000   50.00000  6.38%   173 1870s
 222868 11646 infeasible   24        47.00000   50.00000  6.38%   172 1875s
 223303 11689   49.09188   29  173   47.00000   50.00000  6.38%   172 1880s
 223838 11675   50.00000   26  171   47.00000   50.00000  6.38%   172 1885s
 224299 11694   50.00000   28  172   47.00000   50.00000  6.38%   172 1890s
 224877 11700   50.00000   27  175   47.00000   50.00000  6.38%   173 1895s
 225290 11684 infeasible   34        47.00000   50.00000  6.38%   173 1900s
 225783 11689   50.00000   34  143   47.00000   50.00000  6.38%   173 1905s
 226209 11711 infeasible   30        47.00000   50.00000  6.38%   173 1910s
 226668 11691   50.00000   29  115   47.00000   50.00000  6.38%   173 1915s
 227242 11729   50.00000   32  107   47.00000   50.00000  6.38%   173 1920s
 227764 11692   50.00000   30  133   47.00000   50.00000  6.38%   173 1925s
 228243 11670   49.15626   29  133   47.00000   50.00000  6.38%   173 1930s
 228835 11733   50.00000   44  125   47.00000   50.00000  6.38%   173 1935s
 229502 11724 infeasible   46        47.00000   50.00000  6.38%   173 1940s
 229985 11711   50.00000   25  138   47.00000   50.00000  6.38%   173 1946s
 230376 11707 infeasible   22        47.00000   50.00000  6.38%   173 1950s
 231150 11687   50.00000   33  160   47.00000   50.00000  6.38%   173 1955s
 231703 11710   50.00000   18  145   47.00000   50.00000  6.38%   173 1960s
 232376 11729   48.00149   40  108   47.00000   50.00000  6.38%   173 1965s
 233080 11735 infeasible   28        47.00000   50.00000  6.38%   173 1970s
 233815 11791 infeasible   33        47.00000   50.00000  6.38%   173 1975s
 234052 11804     cutoff   32        47.00000   50.00000  6.38%   173 1980s
 234779 11840 infeasible   40        47.00000   50.00000  6.38%   173 1985s
 235372 11851     cutoff   40        47.00000   50.00000  6.38%   173 1990s
 236004 11876   50.00000   38  122   47.00000   50.00000  6.38%   173 1995s
 236536 11854 infeasible   33        47.00000   50.00000  6.38%   173 2000s
 237062 11888 infeasible   37        47.00000   50.00000  6.38%   173 2005s
 237427 11927   48.90404   41  151   47.00000   50.00000  6.38%   173 2010s
 238134 11933   50.00000   41  120   47.00000   50.00000  6.38%   173 2015s
 238691 11902   50.00000   23  145   47.00000   50.00000  6.38%   173 2020s
 239248 11941 infeasible   35        47.00000   50.00000  6.38%   173 2025s
 239635 11960   49.44909   41  142   47.00000   50.00000  6.38%   173 2030s
 240225 11987 infeasible   36        47.00000   50.00000  6.38%   173 2035s
 241019 12014   49.00000   44  122   47.00000   50.00000  6.38%   173 2040s
 241621 12033   50.00000   35  151   47.00000   50.00000  6.38%   173 2045s
 242130 12096   50.00000   34  148   47.00000   50.00000  6.38%   173 2050s
 242799 12111   48.25246   32  127   47.00000   50.00000  6.38%   173 2055s
 243686 12135 infeasible   51        47.00000   50.00000  6.38%   173 2060s
 244276 12117   50.00000   27  115   47.00000   50.00000  6.38%   173 2065s
 245018 12153 infeasible   40        47.00000   50.00000  6.38%   173 2070s
 245489 12176   50.00000   29  105   47.00000   50.00000  6.38%   173 2075s
*246204  8721              44      48.0000000   50.00000  4.17%   173 2078s
 246532  8746   50.00000   44   81   48.00000   50.00000  4.17%   172 2080s
 247156  8795   49.55556   33  140   48.00000   50.00000  4.17%   172 2085s
 247718  8817   49.00000   29  119   48.00000   50.00000  4.17%   172 2090s
 248724  8880   50.00000   29  119   48.00000   50.00000  4.17%   172 2095s
 249583  9076   49.38381   33  150   48.00000   50.00000  4.17%   172 2100s
 250417  9131   49.00000   32  112   48.00000   50.00000  4.17%   172 2105s
 251223  9225   49.87865   38  149   48.00000   50.00000  4.17%   172 2110s
 252125  9321   50.00000   27  114   48.00000   50.00000  4.17%   171 2115s
 253055  9465   50.00000   45  106   48.00000   50.00000  4.17%   171 2120s
 253899  9586   50.00000   32  150   48.00000   50.00000  4.17%   171 2125s
 254855  9796   50.00000   32  127   48.00000   50.00000  4.17%   171 2130s
 255448  9946   49.94444   41  154   48.00000   50.00000  4.17%   171 2135s
 256407  9947   49.98986   43  249   48.00000   50.00000  4.17%   171 2140s
 257431  9897   50.00000   31  121   48.00000   50.00000  4.17%   171 2145s
 258279 10000   49.00000   44  151   48.00000   50.00000  4.17%   170 2150s
 259179 10048   49.81664   35  173   48.00000   50.00000  4.17%   170 2155s
 259966 10026   49.99883   31  225   48.00000   50.00000  4.17%   170 2160s
 261282 10145   49.96613   32  135   48.00000   50.00000  4.17%   170 2165s
 262461 10227 infeasible   33        48.00000   50.00000  4.17%   169 2170s
 263325 10344   50.00000   31   99   48.00000   50.00000  4.17%   169 2175s
 264676 10397   49.80545   23  117   48.00000   50.00000  4.17%   168 2180s
 266225 10479 infeasible   33        48.00000   50.00000  4.17%   168 2185s
 267007 10524 infeasible   22        48.00000   50.00000  4.17%   168 2190s
 268018 10611   49.00000   27  132   48.00000   50.00000  4.17%   168 2195s
 269067 10689   49.81718   33   89   48.00000   50.00000  4.17%   167 2200s
 270107 10748   49.09241   37  106   48.00000   50.00000  4.17%   167 2205s
 271156 10796   49.98214   28  140   48.00000   50.00000  4.17%   167 2210s
 272247 10883 infeasible   30        48.00000   50.00000  4.17%   167 2215s
 273175 10967     cutoff   28        48.00000   50.00000  4.17%   166 2220s
 274344 11079   49.79875   29  179   48.00000   50.00000  4.17%   166 2225s
 275347 11131   50.00000   36  142   48.00000   50.00000  4.17%   166 2230s
 276587 11173   49.32815   31  197   48.00000   50.00000  4.17%   166 2235s
 277571 11223   49.98327   35  140   48.00000   50.00000  4.17%   165 2240s
 278516 11276   49.73171   30  125   48.00000   50.00000  4.17%   165 2245s
 279661 11296   50.00000   35   94   48.00000   50.00000  4.17%   165 2250s
 280994 11372   49.99331   46  164   48.00000   50.00000  4.17%   164 2255s
 281895 11384   49.83333   31   96   48.00000   50.00000  4.17%   164 2260s
 283092 11512   50.00000   33   98   48.00000   50.00000  4.17%   164 2265s
 284309 11544   49.78431   35  123   48.00000   50.00000  4.17%   164 2271s
 284898 11538   50.00000   28   83   48.00000   50.00000  4.17%   164 2275s
 286086 11557   50.00000   31  117   48.00000   50.00000  4.17%   163 2280s
 287283 11693   50.00000   27  139   48.00000   50.00000  4.17%   163 2285s
 288253 11777   50.00000   36  138   48.00000   50.00000  4.17%   163 2290s
 289229 11841   50.00000   23  149   48.00000   50.00000  4.17%   163 2295s
 290294 11898   49.83260   42  126   48.00000   50.00000  4.17%   162 2300s
 291132 11932 infeasible   31        48.00000   50.00000  4.17%   162 2305s
 291976 11957 infeasible   20        48.00000   50.00000  4.17%   162 2310s
 292764 12040   49.97925   29  144   48.00000   50.00000  4.17%   162 2315s
 294206 12176   50.00000   36  122   48.00000   50.00000  4.17%   162 2320s
 295366 12279   49.94953   40  160   48.00000   50.00000  4.17%   161 2325s
 296229 12242   49.00000   32  125   48.00000   50.00000  4.17%   161 2330s
 297454 12311   50.00000   26   87   48.00000   50.00000  4.17%   161 2335s
 298423 12397   50.00000   27  117   48.00000   50.00000  4.17%   161 2340s
 299783 12568   50.00000   24  165   48.00000   50.00000  4.17%   160 2345s
 300931 12639     cutoff   34        48.00000   50.00000  4.17%   160 2350s
 301429 12629   49.98070   29  237   48.00000   50.00000  4.17%   160 2355s
 302511 12802   50.00000   34   96   48.00000   50.00000  4.17%   160 2360s
 303431 12859   50.00000   32   87   48.00000   50.00000  4.17%   160 2365s
 304340 12915     cutoff   46        48.00000   50.00000  4.17%   160 2370s
 305224 12975   49.94323   51  135   48.00000   50.00000  4.17%   159 2375s
 305894 12957   50.00000   41  109   48.00000   50.00000  4.17%   159 2380s
 306983 12935   50.00000   36  119   48.00000   50.00000  4.17%   159 2385s
 307758 12949   49.72056   34  118   48.00000   50.00000  4.17%   159 2390s
 308464 12965   50.00000   38  113   48.00000   50.00000  4.17%   159 2395s
 309490 13014   49.50000   48  150   48.00000   50.00000  4.17%   159 2400s
 310392 13140   49.00000   36  120   48.00000   50.00000  4.17%   159 2405s
 311244 13145   49.98734   37  195   48.00000   50.00000  4.17%   159 2410s
 312141 13193   50.00000   29  115   48.00000   50.00000  4.17%   158 2415s
 312963 13215   49.88827   35  129   48.00000   50.00000  4.17%   158 2420s
 313822 13244   50.00000   28  156   48.00000   50.00000  4.17%   158 2425s
 314523 13277   49.73107   33  161   48.00000   50.00000  4.17%   158 2431s
 315491 13316 infeasible   36        48.00000   50.00000  4.17%   158 2435s
 316359 13342   50.00000   27  165   48.00000   50.00000  4.17%   158 2440s
 317461 13410   49.92857   34  182   48.00000   50.00000  4.17%   158 2445s
 318341 13453   49.00000   43  108   48.00000   50.00000  4.17%   158 2450s
 318988 13474   50.00000   34  121   48.00000   50.00000  4.17%   158 2455s
 320131 13554   50.00000   29   94   48.00000   50.00000  4.17%   157 2460s
 320856 13561   50.00000   26  113   48.00000   50.00000  4.17%   157 2465s
 321773 13638 infeasible   46        48.00000   50.00000  4.17%   157 2470s
 322774 13725 infeasible   31        48.00000   50.00000  4.17%   157 2475s
 323352 13738   49.73203   28   87   48.00000   50.00000  4.17%   157 2480s
 324163 13754   49.85714   29  222   48.00000   50.00000  4.17%   157 2485s
 324805 13746   50.00000   30  140   48.00000   50.00000  4.17%   157 2490s
 325437 13753   49.95438   33  152   48.00000   50.00000  4.17%   157 2495s
 326272 13775   49.85714   31  160   48.00000   50.00000  4.17%   157 2500s
 326989 13820   50.00000   31  149   48.00000   50.00000  4.17%   157 2505s
 327884 13852   50.00000   26  163   48.00000   50.00000  4.17%   157 2510s
 328880 13860   49.61538   28  137   48.00000   50.00000  4.17%   157 2515s
 329679 13896   49.66667   27  155   48.00000   50.00000  4.17%   157 2520s
 330440 13892 infeasible   46        48.00000   50.00000  4.17%   157 2525s
 331145 13925   50.00000   22  132   48.00000   50.00000  4.17%   157 2530s
 331894 13930   49.73538   42   98   48.00000   50.00000  4.17%   157 2535s
 332505 13922 infeasible   24        48.00000   50.00000  4.17%   157 2540s
 333066 13954   49.95386   31  178   48.00000   50.00000  4.17%   156 2545s
 333851 13989   50.00000   34  173   48.00000   50.00000  4.17%   156 2550s
 334663 13961   49.00000   32  134   48.00000   50.00000  4.17%   156 2555s
 335077 13971   50.00000   28  129   48.00000   50.00000  4.17%   156 2560s
 335930 14025   50.00000   28  179   48.00000   50.00000  4.17%   156 2565s
 336462 14033   50.00000   33  136   48.00000   50.00000  4.17%   156 2570s
 337503 14121     cutoff   42        48.00000   50.00000  4.17%   156 2575s
 338213 14144 infeasible   30        48.00000   50.00000  4.17%   156 2580s
 339058 14192 infeasible   36        48.00000   50.00000  4.17%   156 2585s
 339738 14199   49.68182   35  130   48.00000   50.00000  4.17%   156 2590s
 340371 14222   50.00000   34  143   48.00000   50.00000  4.17%   156 2595s
 341097 14243 infeasible   30        48.00000   50.00000  4.17%   156 2600s
 341790 14249 infeasible   34        48.00000   50.00000  4.17%   156 2605s
 342470 14229   49.99180   36  207   48.00000   50.00000  4.17%   156 2610s
 343126 14233 infeasible   44        48.00000   50.00000  4.17%   156 2615s
 343622 14224   49.89087   37  185   48.00000   50.00000  4.17%   156 2620s
 344330 14221   50.00000   35  133   48.00000   50.00000  4.17%   156 2625s
 345001 14201   49.86371   35  140   48.00000   50.00000  4.17%   156 2630s
 346096 14261 infeasible   35        48.00000   50.00000  4.17%   156 2635s
 346622 14334   49.91659   38  184   48.00000   50.00000  4.17%   156 2640s
 347363 14328   50.00000   30  144   48.00000   50.00000  4.17%   156 2645s
 348154 14370   50.00000   40  142   48.00000   50.00000  4.17%   156 2650s
 348971 14387   50.00000   34  169   48.00000   50.00000  4.17%   156 2655s
 349611 14404   50.00000   35  116   48.00000   50.00000  4.17%   156 2660s
 350389 14422   50.00000   28  135   48.00000   50.00000  4.17%   156 2665s
 351047 14465 infeasible   35        48.00000   50.00000  4.17%   156 2670s
 352084 14531 infeasible   31        48.00000   50.00000  4.17%   155 2675s
 352701 14540     cutoff   37        48.00000   50.00000  4.17%   155 2680s
 353592 14575 infeasible   32        48.00000   50.00000  4.17%   155 2685s
 354158 14553   49.00000   40  147   48.00000   50.00000  4.17%   155 2690s
 355209 14574 infeasible   32        48.00000   50.00000  4.17%   155 2695s
 355967 14637   50.00000   21  136   48.00000   50.00000  4.17%   155 2700s
 357289 14701   50.00000   30  153   48.00000   50.00000  4.17%   155 2705s
 357996 14725   49.40090   36  156   48.00000   50.00000  4.17%   155 2710s
 358409 14721     cutoff   39        48.00000   50.00000  4.17%   155 2715s
 358972 14740   49.67508   39  176   48.00000   50.00000  4.17%   155 2720s
 359748 14735   50.00000   39  141   48.00000   50.00000  4.17%   155 2725s
 360536 14774   49.00000   49  129   48.00000   50.00000  4.17%   155 2730s
 361363 14785 infeasible   29        48.00000   50.00000  4.17%   155 2735s
 361935 14754   50.00000   23  184   48.00000   50.00000  4.17%   155 2740s
 363078 14888   49.96180   35  142   48.00000   50.00000  4.17%   154 2745s
 363687 14923   49.96665   34  174   48.00000   50.00000  4.17%   154 2750s
 364698 14972   50.00000   37  109   48.00000   50.00000  4.17%   154 2755s
 365914 15008   49.64391   37  156   48.00000   50.00000  4.17%   154 2760s
 366388 15028   50.00000   35  128   48.00000   50.00000  4.17%   154 2765s
 367289 15073   50.00000   31  145   48.00000   50.00000  4.17%   154 2770s
 367982 15094 infeasible   34        48.00000   50.00000  4.17%   154 2775s
 368936 15132 infeasible   29        48.00000   50.00000  4.17%   154 2780s
 369757 15178 infeasible   30        48.00000   50.00000  4.17%   154 2785s
 370747 15231   49.50000   45   47   48.00000   50.00000  4.17%   154 2790s
 371964 15291   50.00000   31  115   48.00000   50.00000  4.17%   153 2795s
 372891 15304   49.97414   41  165   48.00000   50.00000  4.17%   153 2800s
 374020 15381   49.87204   40  124   48.00000   50.00000  4.17%   153 2805s
 374711 15381   49.41922   37  123   48.00000   50.00000  4.17%   153 2810s
 375767 15437   50.00000   25  113   48.00000   50.00000  4.17%   153 2815s
 376205 15479   49.00000   41   86   48.00000   50.00000  4.17%   153 2820s
 377183 15526   49.00000   39  149   48.00000   50.00000  4.17%   153 2825s
 377968 15573     cutoff   36        48.00000   50.00000  4.17%   153 2830s
 378967 15575   50.00000   37  144   48.00000   50.00000  4.17%   153 2835s
 379758 15588   50.00000   30  141   48.00000   50.00000  4.17%   153 2840s
 380778 15639   49.52479   33  137   48.00000   50.00000  4.17%   152 2845s
 381625 15625   49.10000   37   94   48.00000   50.00000  4.17%   152 2850s
 382481 15648   49.99393   32  151   48.00000   50.00000  4.17%   152 2855s
 383458 15697   49.99720   36  169   48.00000   50.00000  4.17%   152 2860s
 384156 15734   49.55767   32  148   48.00000   50.00000  4.17%   152 2865s
 385067 15764   49.88897   35  176   48.00000   50.00000  4.17%   152 2870s
 385626 15748   49.83962   30  182   48.00000   50.00000  4.17%   152 2875s
 386497 15765   49.00000   38  159   48.00000   50.00000  4.17%   152 2880s
 387495 15868   49.53525   41  141   48.00000   50.00000  4.17%   152 2885s
 388265 15897   49.20030   29  138   48.00000   50.00000  4.17%   152 2890s
 389465 15996   50.00000   39  133   48.00000   50.00000  4.17%   151 2895s
 390474 16088   49.69261   34  141   48.00000   50.00000  4.17%   151 2900s
 391350 16126   49.60937   31  148   48.00000   50.00000  4.17%   151 2905s
 392180 16183   50.00000   32  109   48.00000   50.00000  4.17%   151 2910s
 393397 16259   50.00000   26  163   48.00000   50.00000  4.17%   151 2915s
 393931 16246 infeasible   38        48.00000   50.00000  4.17%   151 2920s
 394656 16227 infeasible   34        48.00000   50.00000  4.17%   151 2925s
 395311 16243   49.50357   31  131   48.00000   50.00000  4.17%   151 2930s
 396141 16235   49.29875   35  111   48.00000   50.00000  4.17%   151 2936s
 396640 16234   49.06797   35  157   48.00000   50.00000  4.17%   151 2940s
 397474 16244   49.95444   30  118   48.00000   50.00000  4.17%   151 2945s
 398611 16308   50.00000   33  141   48.00000   50.00000  4.17%   150 2950s
 399342 16343     cutoff   37        48.00000   50.00000  4.17%   150 2955s
 400260 16369   49.83262   28  165   48.00000   50.00000  4.17%   150 2960s
 401299 16399 infeasible   29        48.00000   50.00000  4.17%   150 2965s
 402220 16402 infeasible   37        48.00000   50.00000  4.17%   150 2970s
 402915 16481   49.80066   36  157   48.00000   50.00000  4.17%   150 2976s
 403428 16523 infeasible   25        48.00000   50.00000  4.17%   150 2980s
 404469 16608 infeasible   29        48.00000   50.00000  4.17%   150 2985s
 405139 16674   50.00000   28  119   48.00000   50.00000  4.17%   150 2990s
 405805 16713   49.98487   34  180   48.00000   50.00000  4.17%   150 2995s
 406621 16829   49.90486   44  116   48.00000   50.00000  4.17%   150 3000s
 407663 16887     cutoff   41        48.00000   50.00000  4.17%   150 3005s
 408943 16982   50.00000   36  145   48.00000   50.00000  4.17%   150 3010s
 409658 17009 infeasible   27        48.00000   50.00000  4.17%   149 3015s
 410564 17053   50.00000   49  114   48.00000   50.00000  4.17%   149 3020s
 411345 17083   49.00000   36  129   48.00000   50.00000  4.17%   149 3025s
 412200 17096     cutoff   30        48.00000   50.00000  4.17%   149 3030s
 413125 17208   49.98121   38  192   48.00000   50.00000  4.17%   149 3035s
 413956 17265   49.00000   45  135   48.00000   50.00000  4.17%   149 3041s
 414470 17298   50.00000   38  169   48.00000   50.00000  4.17%   149 3045s
 415232 17320     cutoff   36        48.00000   50.00000  4.17%   149 3050s
 416364 17437   49.77283   43  159   48.00000   50.00000  4.17%   149 3055s
 417206 17491   49.74967   43   82   48.00000   50.00000  4.17%   149 3060s
 418480 17561   49.99602   39  178   48.00000   50.00000  4.17%   149 3065s
 419229 17585   49.88889   32  151   48.00000   50.00000  4.17%   149 3071s
 419612 17630   50.00000   30  149   48.00000   50.00000  4.17%   149 3075s
 420852 17693   49.87171   45  147   48.00000   50.00000  4.17%   148 3080s
 422123 17763   49.99207   39  218   48.00000   50.00000  4.17%   148 3085s
 423051 17791   49.99406   36  170   48.00000   50.00000  4.17%   148 3090s
 423794 17847   49.07539   34  171   48.00000   50.00000  4.17%   148 3095s
 424839 17876   49.00000   40  113   48.00000   50.00000  4.17%   148 3100s
 425654 17932   49.87711   41  169   48.00000   50.00000  4.17%   148 3105s
 426406 17962   49.43321   34  128   48.00000   50.00000  4.17%   148 3110s
 427318 18049   50.00000   40   87   48.00000   50.00000  4.17%   148 3115s
 428130 18143   50.00000   43  101   48.00000   50.00000  4.17%   148 3120s
 429183 18193   50.00000   38  162   48.00000   50.00000  4.17%   148 3125s
 430117 18286   49.07446   47  133   48.00000   50.00000  4.17%   148 3130s
 431651 18307   50.00000   35  139   48.00000   50.00000  4.17%   147 3135s
 432612 18369   50.00000   39  102   48.00000   50.00000  4.17%   147 3140s
 433827 18406 infeasible   50        48.00000   50.00000  4.17%   147 3145s
 434696 18436   49.00000   36  129   48.00000   50.00000  4.17%   147 3150s
 435445 18412   50.00000   34  130   48.00000   50.00000  4.17%   147 3155s
 436210 18461   50.00000   43   97   48.00000   50.00000  4.17%   147 3160s
 436984 18538   49.95571   41  163   48.00000   50.00000  4.17%   147 3165s
 438078 18529   49.99060   34  184   48.00000   50.00000  4.17%   147 3170s
 438868 18582 infeasible   39        48.00000   50.00000  4.17%   147 3175s
 439863 18627   49.87291   40  192   48.00000   50.00000  4.17%   147 3180s
 440685 18652   49.97239   42  152   48.00000   50.00000  4.17%   147 3185s
 441552 18727   49.98324   44  136   48.00000   50.00000  4.17%   147 3190s
 442626 18763   49.96287   46  166   48.00000   50.00000  4.17%   146 3195s
 443673 18799   49.00000   53  158   48.00000   50.00000  4.17%   146 3200s
 444574 18835   50.00000   40  123   48.00000   50.00000  4.17%   146 3205s
 445603 18839 infeasible   32        48.00000   50.00000  4.17%   146 3210s
 446316 18907   50.00000   29  158   48.00000   50.00000  4.17%   146 3215s
 447145 18975   50.00000   32  140   48.00000   50.00000  4.17%   146 3220s
 447691 18950   50.00000   36  132   48.00000   50.00000  4.17%   146 3225s
 448573 18964   50.00000   33  134   48.00000   50.00000  4.17%   146 3230s
 449239 18973   50.00000   45  132   48.00000   50.00000  4.17%   146 3235s
 450638 19154   50.00000   26  148   48.00000   50.00000  4.17%   146 3240s
 451630 19218   50.00000   36  127   48.00000   50.00000  4.17%   146 3245s
 452451 19251   50.00000   36  112   48.00000   50.00000  4.17%   146 3250s
 453510 19279   50.00000   39  137   48.00000   50.00000  4.17%   146 3255s
 454613 19340 infeasible   35        48.00000   50.00000  4.17%   146 3260s
 456046 19412   50.00000   50  112   48.00000   50.00000  4.17%   145 3265s
 457514 19476   49.61859   49   85   48.00000   50.00000  4.17%   145 3270s
 458706 19577 infeasible   49        48.00000   50.00000  4.17%   145 3275s
 460238 19674   49.98910   48  167   48.00000   50.00000  4.17%   145 3280s
 461332 19718   50.00000   44  117   48.00000   50.00000  4.17%   145 3285s
 462450 19746   49.94549   42  156   48.00000   50.00000  4.17%   145 3290s
 463385 19745     cutoff   43        48.00000   50.00000  4.17%   145 3295s
 464581 19847   49.00000   37   91   48.00000   50.00000  4.17%   144 3300s
 465683 19873   50.00000   35  117   48.00000   50.00000  4.17%   144 3305s
 466749 19942   49.01244   48  115   48.00000   50.00000  4.17%   144 3310s
 468079 19976   49.73626   43  118   48.00000   50.00000  4.17%   144 3315s
 469513 20103   49.97619   41  142   48.00000   50.00000  4.17%   144 3320s
 470775 20146   49.80000   32  144   48.00000   50.00000  4.17%   144 3325s
 471813 20180     cutoff   33        48.00000   50.00000  4.17%   144 3330s
 472751 20239 infeasible   37        48.00000   50.00000  4.17%   144 3335s
 473556 20277   50.00000   38   83   48.00000   50.00000  4.17%   144 3340s
 474189 20272   49.00000   33  135   48.00000   50.00000  4.17%   144 3345s
 475341 20366   50.00000   35  110   48.00000   50.00000  4.17%   143 3350s
 476448 20462   50.00000   46  128   48.00000   50.00000  4.17%   143 3355s
 477734 20482     cutoff   30        48.00000   50.00000  4.17%   143 3360s
 478550 20538   50.00000   33  118   48.00000   50.00000  4.17%   143 3365s
 479544 20596   49.26197   40  116   48.00000   50.00000  4.17%   143 3370s
 480284 20641   49.50000   28  114   48.00000   50.00000  4.17%   143 3375s
 481221 20700 infeasible   35        48.00000   50.00000  4.17%   143 3380s
 482146 20753   50.00000   28  105   48.00000   50.00000  4.17%   143 3385s
 483595 20808   49.97236   41  168   48.00000   50.00000  4.17%   143 3390s
 484385 20825     cutoff   39        48.00000   50.00000  4.17%   143 3395s
 485371 20863   49.97662   37  180   48.00000   50.00000  4.17%   143 3400s
 485853 20857   49.90299   31  130   48.00000   50.00000  4.17%   143 3405s
 486899 20931   50.00000   42  125   48.00000   50.00000  4.17%   143 3410s
 487508 20942   50.00000   32   98   48.00000   50.00000  4.17%   143 3415s
 488229 21050   49.92359   30  158   48.00000   50.00000  4.17%   143 3420s
 488994 21037   50.00000   31  192   48.00000   50.00000  4.17%   143 3425s
 490024 21128   49.33411   36  126   48.00000   50.00000  4.17%   143 3430s
 490997 21189 infeasible   31        48.00000   50.00000  4.17%   143 3435s
 491982 21287 infeasible   44        48.00000   50.00000  4.17%   142 3440s
 493272 21344   49.86186   30  144   48.00000   50.00000  4.17%   142 3445s
 495070 21460   49.89331   39  121   48.00000   50.00000  4.17%   142 3450s
 496027 21499   50.00000   31  160   48.00000   50.00000  4.17%   142 3455s
 497091 21521 infeasible   25        48.00000   50.00000  4.17%   142 3460s
 498193 21584   49.92000   34  114   48.00000   50.00000  4.17%   142 3465s
 499474 21686   50.00000   31  138   48.00000   50.00000  4.17%   142 3470s
 500764 21755   49.33333   39  164   48.00000   50.00000  4.17%   142 3475s
 501664 21822   49.77297   39  139   48.00000   50.00000  4.17%   142 3480s
 502319 21839   50.00000   38  145   48.00000   50.00000  4.17%   142 3485s
 503468 21946 infeasible   45        48.00000   50.00000  4.17%   141 3490s
 504341 21972   49.66667   33  111   48.00000   50.00000  4.17%   141 3495s
 505745 22134   50.00000   35   94   48.00000   50.00000  4.17%   141 3500s
 506809 22126 infeasible   32        48.00000   50.00000  4.17%   141 3505s
 507962 22230   50.00000   34  123   48.00000   50.00000  4.17%   141 3510s
 509017 22332   49.00000   36  112   48.00000   50.00000  4.17%   141 3515s
 510018 22417   49.99903   36  169   48.00000   50.00000  4.17%   141 3520s
 510677 22418 infeasible   19        48.00000   50.00000  4.17%   141 3525s
 511357 22532 infeasible   32        48.00000   50.00000  4.17%   141 3530s
 512260 22592   49.99580   32  161   48.00000   50.00000  4.17%   141 3535s
 512967 22601     cutoff   28        48.00000   50.00000  4.17%   141 3540s
 513750 22638   50.00000   39  142   48.00000   50.00000  4.17%   141 3545s
 514401 22631   50.00000   29  161   48.00000   50.00000  4.17%   141 3550s
 515371 22693     cutoff   40        48.00000   50.00000  4.17%   141 3555s
 516185 22764   49.53338   30  146   48.00000   50.00000  4.17%   141 3560s
 517125 22795   50.00000   32  162   48.00000   50.00000  4.17%   141 3565s
 518011 22936   49.50000   37  122   48.00000   50.00000  4.17%   141 3570s
 519262 22999 infeasible   24        48.00000   50.00000  4.17%   141 3575s
 520519 23095 infeasible   39        48.00000   50.00000  4.17%   141 3580s
 521217 23156   50.00000   40  150   48.00000   50.00000  4.17%   141 3585s
 522081 23195   50.00000   33  136   48.00000   50.00000  4.17%   140 3590s
 523007 23269   49.77180   34  190   48.00000   50.00000  4.17%   140 3595s
 523721 23364   50.00000   32  159   48.00000   50.00000  4.17%   140 3600s

Cutting planes:
  Gomory: 1
  Flow cover: 2
  Zero half: 5
  RLT: 7
  BQP: 1

Explored 523722 nodes (73584682 simplex iterations) in 3600.00 seconds (3645.54 work units)
Thread count was 1 (of 8 available processors)

Solution count 7: 48 47 46 ... 42

Time limit reached
Best objective 4.800000000000e+01, best bound 5.000000000000e+01, gap 4.1667%
