
Gurobi 11.0.1 (win64) logging started Wed Mar 13 20:00:54 2024

Set parameter LogFile to value "C:\Projetos\Job_Rotation_Algorithms\Outputs\GurobiLogs\gurobi_log-output-39_wee-c47-BorbaRittModel-NoExtraConstraint-2.log"
Gurobi Optimizer version 11.0.1 build v11.0.1rc0 (win64 - Windows 10.0 (19045.2))

CPU model: 11th Gen Intel(R) Core(TM) i7-1165G7 @ 2.80GHz, instruction set [SSE2|AVX|AVX2|AVX512]
Thread count: 4 physical cores, 8 logical processors, using up to 1 threads


Gurobi 11.0.1 (win64) logging started Thu Mar 14 07:59:11 2024

Set parameter LogFile to value "C:\Projetos\Job_Rotation_Algorithms\Outputs\GurobiLogs\gurobi_log-output-39_wee-c47-BorbaRittModel-NoExtraConstraint-2.log"
Gurobi Optimizer version 11.0.1 build v11.0.1rc0 (win64 - Windows 10.0 (19045.2))

CPU model: 11th Gen Intel(R) Core(TM) i7-1165G7 @ 2.80GHz, instruction set [SSE2|AVX|AVX2|AVX512]
Thread count: 4 physical cores, 8 logical processors, using up to 1 threads


Gurobi 11.0.1 (win64) logging started Fri Mar 15 00:36:38 2024

Set parameter LogFile to value "C:\Projetos\Job_Rotation_Algorithms\Outputs\GurobiLogs\gurobi_log-output-39_wee-c47-BorbaRittModel-NoExtraConstraint-2.log"
Gurobi Optimizer version 11.0.1 build v11.0.1rc0 (win64 - Windows 10.0 (19045.2))

CPU model: 11th Gen Intel(R) Core(TM) i7-1165G7 @ 2.80GHz, instruction set [SSE2|AVX|AVX2|AVX512]
Thread count: 4 physical cores, 8 logical processors, using up to 1 threads


Gurobi 11.0.1 (win64) logging started Tue Mar 19 00:17:33 2024

Set parameter LogFile to value "C:\Projetos\Job_Rotation_Algorithms\Outputs\GurobiLogs\gurobi_log-output-39_wee-c47-BorbaRittModel-NoExtraConstraint-2.log"
Gurobi Optimizer version 11.0.1 build v11.0.1rc0 (win64 - Windows 10.0 (19045.2))

CPU model: 11th Gen Intel(R) Core(TM) i7-1165G7 @ 2.80GHz, instruction set [SSE2|AVX|AVX2|AVX512]
Thread count: 4 physical cores, 8 logical processors, using up to 1 threads

WLS license 901039 - registered to Bitka Analytics
Optimize a model with 18778 rows, 2451 columns and 58701 nonzeros
Model fingerprint: 0x42b29a9e
Variable types: 2 continuous, 2449 integer (2449 binary)
Coefficient statistics:
  Matrix range     [1e+00, 5e+01]
  Objective range  [1e+00, 1e+00]
  Bounds range     [1e+00, 9e+01]
  RHS range        [1e+00, 9e+01]
Presolve removed 1 rows and 1 columns
Presolve time: 0.06s
Presolved: 18777 rows, 2450 columns, 58699 nonzeros
Variable types: 0 continuous, 2450 integer (2449 binary)
Root relaxation presolved: 18777 rows, 2450 columns, 58699 nonzeros


Root relaxation: objective 1.500000e+02, 5741 iterations, 1.02 seconds (1.25 work units)

    Nodes    |    Current Node    |     Objective Bounds      |     Work
 Expl Unexpl |  Obj  Depth IntInf | Incumbent    BestBd   Gap | It/Node Time

     0     0  150.00000    0  466          -  150.00000      -     -    2s
     0     0  150.00000    0  713          -  150.00000      -     -    3s
     0     0  150.00000    0  697          -  150.00000      -     -    4s
     0     0  150.00000    0  486          -  150.00000      -     -    8s
     0     0  150.00000    0  477          -  150.00000      -     -    8s
     0     0  150.00000    0  446          -  150.00000      -     -   10s
     0     0  150.00000    0  452          -  150.00000      -     -   10s
     0     0  150.00000    0  388          -  150.00000      -     -   12s
     0     0  150.00000    0  384          -  150.00000      -     -   13s
     0     0  150.00000    0  438          -  150.00000      -     -   14s
     0     0  150.00000    0  422          -  150.00000      -     -   14s
     0     0  150.00000    0  453          -  150.00000      -     -   15s
     0     0  150.00000    0  425          -  150.00000      -     -   16s
     0     0  150.00000    0  399          -  150.00000      -     -   17s
     0     0  150.00000    0  298          -  150.00000      -     -   18s
     0     2  150.00000    0  298          -  150.00000      -     -   21s
    56    58  150.00000   31  404          -  150.00000      -   263   25s
   152   125  150.00000   18  420          -  150.00000      -   204   30s
   195   168  150.00000   50  513          -  150.00000      -   259   35s
   241   213  150.00000   89  463          -  150.00000      -   266   40s
   309   276  142.79826  132  442          -  150.00000      -   238   45s
   382   336  150.00000   50  370          -  150.00000      -   245   50s
   432   386  150.00000   87  440          -  150.00000      -   251   55s
   496   450  146.74556  131  415          -  150.00000      -   256   60s
   547   493  150.00000   86  499          -  150.00000      -   240   70s
   551   496  150.00000   39  260          -  150.00000      -   239   77s
   554   498  141.43729  134  392          -  150.00000      -   237   80s
   559   501  150.00000   21  424          -  150.00000      -   235   85s
   565   505  144.19620  159  359          -  150.00000      -   233   91s
   568   509  150.00000   10  341          -  150.00000      -   140   96s
   580   517  150.00000   16  507          -  150.00000      -   143  102s
   606   534  150.00000   29  288          -  150.00000      -   149  105s
   651   564  150.00000   51  398          -  150.00000      -   158  110s
   685   581  150.00000   68  478          -  150.00000      -   168  115s
   716   600  150.00000   83  395          -  150.00000      -   178  120s
   744   602  150.00000   18  319          -  150.00000      -   194  125s
   791   634  150.00000   41  447          -  150.00000      -   198  130s
   805   643  150.00000   48  489          -  150.00000      -   199  136s
   827   658  150.00000   59  573          -  150.00000      -   202  140s
   854   676  150.00000   73  397          -  150.00000      -   209  145s
   880   689  150.00000   86  491          -  150.00000      -   219  150s
   907   701  147.44387   99  457          -  150.00000      -   227  155s
   946   715  150.00000   19  304          -  150.00000      -   229  160s
   994   747  150.00000   43  316          -  150.00000      -   232  165s
  1034   772  150.00000   63  381          -  150.00000      -   234  170s
  1063   789  150.00000   78  401          -  150.00000      -   242  175s
  1088   804  150.00000   90  525          -  150.00000      -   250  180s
  1108   815  147.11177  100  490          -  150.00000      -   255  185s
  1142   822  145.33625  117  400          -  150.00000      -   254  190s
  1182   830  150.00000   41  361          -  150.00000      -   254  195s
  1224   858  150.00000   62  339          -  150.00000      -   258  200s
  1243   871  148.53262   71  499          -  150.00000      -   271  205s
  1278   876  150.00000   38  341          -  150.00000      -   273  210s
  1310   896  150.00000   54  385          -  150.00000      -   280  220s
  1341   914  150.00000   70  382          -  150.00000      -   284  225s
  1371   920  150.00000   83  489          -  150.00000      -   293  230s
  1411   929  150.00000   41  386          -  150.00000      -   295  235s
  1459   953  150.00000   65  323          -  150.00000      -   297  240s
  1497   970  150.00000   84  418          -  150.00000      -   299  245s
  1531   979  150.00000   41  353          -  150.00000      -   305  250s
  1569  1004  150.00000   60  393          -  150.00000      -   309  255s
  1602  1026  150.00000   77  370          -  150.00000      -   312  260s
  1640  1050  149.82682   96  413          -  150.00000      -   318  265s
  1695  1058  150.00000   34  334          -  150.00000      -   321  270s
  1746  1092  150.00000   59  422          -  150.00000      -   325  275s
  1779  1110 infeasible   75               -  150.00000      -   334  280s
  1823  1120  150.00000   46  385          -  150.00000      -   337  285s
  1869  1150  150.00000   72  460          -  150.00000      -   340  290s
  1882  1159  149.67256   76  511          -  150.00000      -   348  295s
  1938  1180  150.00000   44  368          -  150.00000      -   346  300s
  1994  1214 infeasible   78               -  150.00000      -   346  305s
  2020  1221  150.00000   87  464          -  150.00000      -   351  310s
  2049  1240  150.00000  104  446          -  150.00000      -   354  315s
  2103  1256  150.00000   59  327          -  150.00000      -   356  320s
  2151  1296 infeasible   88               -  150.00000      -   359  325s
  2207  1332  150.00000   47  307          -  150.00000      -   364  330s
  2260  1383  150.00000   74  416          -  150.00000      -   367  335s
  2294  1409 infeasible   93               -  150.00000      -   372  340s
  2307  1416  150.00000   47  297          -  150.00000      -   374  345s
  2348  1439  150.00000   43  290          -  150.00000      -   378  350s
  2390  1471 infeasible   68               -  150.00000      -   383  355s
  2444  1515  150.00000   67  370          -  150.00000      -   385  360s
  2485  1544  149.18190   87  490          -  150.00000      -   391  365s
  2551  1580  144.11184  107  437          -  150.00000      -   390  370s
  2624  1643  150.00000   78  328          -  150.00000      -   390  375s
  2683  1696  150.00000  102  384          -  150.00000      -   394  380s
  2737  1736  148.40590  121  483          -  150.00000      -   396  385s
  2784  1767  150.00000   83  406          -  150.00000      -   395  393s
  2807  1786  150.00000   99  411          -  150.00000      -   397  395s
  2845  1818  149.28146  110  515          -  150.00000      -   403  400s
  2909  1852  150.00000   50  352          -  150.00000      -   403  405s
  2969  1910  150.00000   86  447          -  150.00000      -   406  410s
  3024  1965  148.38117  108  513          -  150.00000      -   407  415s
  3124  2031  150.00000   57  412          -  150.00000      -   404  420s
  3194  2095 infeasible   93               -  150.00000      -   406  425s
  3220  2101 infeasible   97               -  150.00000      -   412  430s
  3277  2150  150.00000   83  405          -  150.00000      -   416  435s
  3338  2189  150.00000   68  360          -  150.00000      -   419  440s
  3402  2251  150.00000  107  413          -  150.00000      -   420  445s
  3436  2275  145.13334  126  496          -  150.00000      -   422  450s
  3485  2299  150.00000   65  446          -  150.00000      -   422  455s
  3522  2332 infeasible   84               -  150.00000      -   425  460s
  3566  2360  150.00000   79  422          -  150.00000      -   426  465s
  3600  2394  150.00000   95  425          -  150.00000      -   428  470s
  3634  2426  149.97689  110  477          -  150.00000      -   430  475s
  3702  2456  150.00000   61  316          -  150.00000      -   428  483s
  3719  2473  150.00000   73  384          -  150.00000      -   428  485s
  3767  2519  150.00000  100  411          -  150.00000      -   429  490s
  3791  2539 infeasible  111               -  150.00000      -   432  495s
  3828  2550 infeasible  121               -  150.00000      -   432  500s
  3874  2582  150.00000   77  472          -  150.00000      -   433  505s
  3935  2623  150.00000   59  375          -  150.00000      -   433  510s
  3973  2655  149.93432   83  463          -  150.00000      -   435  515s
  4051  2699 infeasible  112               -  150.00000      -   432  520s
  4086  2722  149.92902  106  516          -  150.00000      -   435  525s
  4163  2773  150.00000   53  350          -  150.00000      -   433  530s
  4214  2824  150.00000   78  485          -  150.00000      -   434  535s
  4252  2856 infeasible   97               -  150.00000      -   436  540s
  4304  2892  150.00000   67  327          -  150.00000      -   437  545s
  4352  2940  148.79296   85  396          -  150.00000      -   440  550s
  4373  2957  150.00000   90  357          -  150.00000      -   442  557s
  4395  2975  150.00000   94  375          -  150.00000      -   443  560s
  4441  2979  150.00000   48  359          -  150.00000      -   445  565s
  4490  3028  150.00000   72  496          -  150.00000      -   447  570s
  4545  3075  150.00000   78  470          -  150.00000      -   449  575s
  4588  3112  149.29108  102  540          -  150.00000      -   452  580s
  4665  3167  150.00000   70  388          -  150.00000      -   450  585s
  4730  3208 infeasible   95               -  150.00000      -   450  590s
  4806  3260  150.00000   77  419          -  150.00000      -   451  595s
  4844  3298  150.00000   94  522          -  150.00000      -   454  600s
  4943  3353 infeasible  129               -  150.00000      -   450  605s
  5027  3429  150.00000   92  454          -  150.00000      -   450  610s
  5062  3458  149.43103  112  481          -  150.00000      -   453  615s
  5138  3504  150.00000   48  299          -  150.00000      -   451  620s
  5197  3561 infeasible   88               -  150.00000      -   453  625s
  5272  3612  146.34794  119  456          -  150.00000      -   451  630s
  5346  3652  150.00000   74  414          -  150.00000      -   451  635s
  5383  3689  149.37293   94  434          -  150.00000      -   454  640s
  5453  3747  142.18811  114  427          -  150.00000      -   452  650s
  5512  3780  150.00000   69  390          -  150.00000      -   451  655s
  5560  3824  150.00000   92  421          -  150.00000      -   452  660s
  5592  3848  149.00000  106  453          -  150.00000      -   454  665s
  5650  3884  150.00000   58  350          -  150.00000      -   454  670s
  5693  3927  150.00000   80  438          -  150.00000      -   455  675s
  5753  3963  150.00000   43  357          -  150.00000      -   454  680s
  5808  4018  150.00000   65  330          -  150.00000      -   455  685s
  5853  4061  148.10089   87  440          -  150.00000      -   456  690s
  5935  4117  150.00000   65  366          -  150.00000      -   454  695s
  5970  4150  148.96866   81  508          -  150.00000      -   456  700s
  6019  4179  150.00000   68  377          -  150.00000      -   457  705s
  6055  4215  150.00000   79  493          -  150.00000      -   459  710s
  6086  4246  145.91054   89  464          -  150.00000      -   461  715s
  6139  4285  143.98839  103  466          -  150.00000      -   460  720s
  6206  4332 infeasible   75               -  150.00000      -   461  725s
  6245  4365  150.00000   94  384          -  150.00000      -   462  730s
  6286  4396  150.00000   70  481          -  150.00000      -   465  735s
  6328  4438  149.52018   86  466          -  150.00000      -   466  740s
  6403  4491 infeasible  122               -  150.00000      -   464  745s
  6473  4537  150.00000   72  414          -  150.00000      -   463  750s
  6524  4570  144.68671   93  453          -  150.00000      -   464  755s
  6594  4616  150.00000   70  425          -  150.00000      -   463  760s
  6661  4675  145.45794  104  435          -  150.00000      -   463  765s
  6690  4686  150.00000   83  354          -  150.00000      -   463  775s
  6729  4717  149.29296  102  464          -  150.00000      -   465  780s
  6802  4756  150.00000   97  515          -  150.00000      -   465  785s
  6840  4776  150.00000   64  366          -  150.00000      -   467  790s
  6870  4794  150.00000   51  368          -  150.00000      -   469  795s
  6911  4825  150.00000   59  411          -  150.00000      -   471  800s
  6955  4845 infeasible   87               -  150.00000      -   473  805s
  7033  4875  150.00000   31  298          -  150.00000      -   473  810s
  7106  4948  150.00000   70  430          -  150.00000      -   473  815s
  7196  5008  150.00000   53  307          -  150.00000      -   471  820s
  7279  5083  149.67183  101  390          -  150.00000      -   470  825s
  7356  5140 infeasible   65               -  150.00000      -   470  830s
  7408  5180  150.00000   67  457          -  150.00000      -   471  835s
  7480  5232 infeasible   64               -  150.00000      -   471  840s
  7550  5282  150.00000   63  372          -  150.00000      -   471  845s
  7605  5329 infeasible   96               -  150.00000      -   472  850s
  7654  5344 infeasible   64               -  150.00000      -   474  855s
  7701  5369  150.00000   60  368          -  150.00000      -   476  860s
  7767  5411  150.00000   61  357          -  150.00000      -   478  865s
  7828  5460  150.00000   59  321          -  150.00000      -   479  870s
  7903  5509  150.00000   52  432          -  150.00000      -   479  875s
  7966  5560 infeasible   86               -  150.00000      -   480  880s
  8032  5602  150.00000   69  302          -  150.00000      -   481  885s
  8096  5654  149.69130   83  517          -  150.00000      -   482  890s
  8120  5670 infeasible   91               -  150.00000      -   484  895s
  8179  5693 infeasible   67               -  150.00000      -   485  900s
  8218  5716  150.00000   66  358          -  150.00000      -   486  905s
  8234  5722  150.00000   69  456          -  150.00000      -   487  915s
  8261  5721  150.00000   53  393          -  150.00000      -   489  920s
  8307  5731 infeasible   89               -  150.00000      -   490  925s
  8352  5742  149.78628   85  330          -  150.00000      -   491  930s
  8398  5752  150.00000   56  356          -  150.00000      -   492  935s
  8449  5777  150.00000   59  399          -  150.00000      -   494  940s
  8495  5789  150.00000   83  349          -  150.00000      -   495  945s
  8551  5807 infeasible   83               -  150.00000      -   496  950s
  8590  5802 infeasible   87               -  150.00000      -   497  955s
  8647  5827  149.00000   88  275          -  150.00000      -   497  960s
  8691  5828  149.55868   82  459          -  150.00000      -   499  965s
  8752  5831 infeasible   54               -  150.00000      -   499  970s
  8822  5865  149.68851   70  377          -  150.00000      -   499  975s
  8876  5883 infeasible   66               -  150.00000      -   500  980s
  8904  5901  143.41146   68  483          -  150.00000      -   502  985s
  8963  5934  150.00000   68  358          -  150.00000      -   502  990s
  9003  5944  149.41077   66  496          -  150.00000      -   504  995s
  9053  5960 infeasible   74               -  150.00000      -   505 1000s
  9093  5980 infeasible   72               -  150.00000      -   507 1005s
  9155  6002  149.72191   71  518          -  150.00000      -   509 1010s
  9214  6045 infeasible   91               -  150.00000      -   510 1015s
  9246  6041  148.34154   76  525          -  150.00000      -   512 1020s
  9289  6054 infeasible   67               -  150.00000      -   513 1025s
  9360  6101  150.00000   60  375          -  150.00000      -   514 1030s
  9423  6150  150.00000   59  312          -  150.00000      -   514 1035s
  9466  6177  149.48160   65  450          -  150.00000      -   516 1040s
  9530  6229  139.32807   79  433          -  150.00000      -   517 1045s
  9572  6243 infeasible   68               -  150.00000      -   518 1050s
  9645  6290  150.00000   63  360          -  150.00000      -   518 1055s
  9681  6307  149.55941   59  456          -  150.00000      -   519 1060s
  9728  6338 infeasible   73               -  150.00000      -   521 1065s
  9774  6348 infeasible   68               -  150.00000      -   522 1070s
  9801  6353  150.00000   60  320          -  150.00000      -   522 1078s
  9823  6375  150.00000   68  353          -  150.00000      -   522 1080s
  9867  6389  131.35714   69  438          -  150.00000      -   523 1085s
  9953  6423 infeasible   78               -  150.00000      -   521 1090s
 10007  6437 infeasible   62               -  150.00000      -   522 1095s
 10059  6459  146.48902   65  463          -  150.00000      -   523 1100s
 10107  6469  140.75612   61  484          -  150.00000      -   524 1105s
 10138  6480  141.55477   63  466          -  150.00000      -   525 1110s
 10188  6518  150.00000   73  328          -  150.00000      -   527 1115s
 10202  6522  150.00000   54  314          -  150.00000      -   527 1224s
 10205  6525  150.00000   55  359          -  150.00000      -   527 1225s
 10242  6554 infeasible   68               -  150.00000      -   528 1230s
 10278  6578  150.00000   66  438          -  150.00000      -   529 1235s
 10312  6606  148.98823   81  426          -  150.00000      -   530 1240s
 10359  6625  149.80073   65  478          -  150.00000      -   530 1245s
 10427  6671  149.91094   62  459          -  150.00000      -   529 1250s
 10470  6690  150.00000   58  445          -  150.00000      -   529 1255s
 10495  6705  149.98943   62  455          -  150.00000      -   531 1260s
 10548  6738  148.77186   61  514          -  150.00000      -   531 1265s
 10570  6752  144.32852   68  451          -  150.00000      -   532 1270s
 10596  6768  140.26956   72  459          -  150.00000      -   533 1275s
 10655  6793  150.00000   68  515          -  150.00000      -   533 1280s
 10686  6812  150.00000   46  384          -  150.00000      -   534 1285s
 10730  6852  150.00000   66  336          -  150.00000      -   534 1296s
 10763  6875 infeasible   57               -  150.00000      -   535 1300s
 10801  6895  150.00000   51  331          -  150.00000      -   536 1305s
 10848  6930  150.00000   59  446          -  150.00000      -   536 1310s
 10896  6966 infeasible   70               -  150.00000      -   536 1315s
 10922  6974 infeasible   79               -  150.00000      -   537 1320s
 10952  6986  150.00000   52  470          -  150.00000      -   539 1325s
 10989  6997 infeasible   53               -  150.00000      -   539 1330s
 11042  7028 infeasible   64               -  150.00000      -   540 1335s
 11062  7028 infeasible   61               -  150.00000      -   542 1340s
 11097  7045  148.51343   55  488          -  150.00000      -   543 1345s
 11121  7053 infeasible   65               -  150.00000      -   544 1350s
 11158  7064  150.00000   49  342          -  150.00000      -   545 1355s
 11185  7071  150.00000   47  345          -  150.00000      -   546 1360s
 11232  7094 infeasible   59               -  150.00000      -   547 1365s
 11276  7102 infeasible   53               -  150.00000      -   548 1370s
 11316  7128 infeasible   63               -  150.00000      -   549 1375s
 11353  7137  150.00000   51  251          -  150.00000      -   550 1380s
 11398  7172  149.07916   74  436          -  150.00000      -   551 1385s
 11446  7196  149.00000   68  368          -  150.00000      -   552 1390s
 11494  7226  150.00000   66  462          -  150.00000      -   552 1395s
 11552  7260 infeasible   66               -  150.00000      -   553 1400s
 11582  7276 infeasible   60               -  150.00000      -   554 1405s
 11639  7307  150.00000   56  351          -  150.00000      -   554 1410s
 11678  7332  150.00000   58  489          -  150.00000      -   555 1415s
 11737  7365  150.00000   60  391          -  150.00000      -   556 1420s
 11777  7381  149.00000   71  354          -  150.00000      -   556 1425s
 11821  7399  150.00000   57  436          -  150.00000      -   557 1430s
 11822  7400  150.00000   58  429          -  150.00000      -   557 1440s
 11854  7406 infeasible   58               -  150.00000      -   558 1445s
 11892  7420 infeasible   64               -  150.00000      -   559 1450s
 11919  7423 infeasible   62               -  150.00000      -   560 1455s
 11948  7438  150.00000   60  406          -  150.00000      -   561 1460s
 12006  7470 infeasible   86               -  150.00000      -   562 1465s
 12035  7471 infeasible   55               -  150.00000      -   563 1470s
 12073  7481  150.00000   55  412          -  150.00000      -   564 1475s
 12113  7499  149.45790   65  468          -  150.00000      -   565 1480s
 12164  7524  150.00000   73  450          -  150.00000      -   566 1485s
 12201  7543  150.00000   51  400          -  150.00000      -   566 1490s
 12217  7549  147.00293   54  499          -  150.00000      -   568 1495s
 12278  7584 infeasible   86               -  150.00000      -   568 1500s
 12317  7585  150.00000   57  457          -  150.00000      -   569 1505s
 12347  7593 infeasible   56               -  150.00000      -   570 1510s
 12397  7639  148.84639   72  459          -  150.00000      -   571 1515s
 12456  7672 infeasible   71               -  150.00000      -   571 1520s
 12494  7706  150.00000   69  423          -  150.00000      -   571 1525s
 12522  7732  143.71678   78  481          -  150.00000      -   572 1530s
 12566  7746 infeasible   58               -  150.00000      -   572 1535s
 12583  7757  142.59247   58  473          -  150.00000      -   573 1540s
 12630  7766  150.00000   57  358          -  150.00000      -   574 1545s
 12665  7781  150.00000   58  336          -  150.00000      -   575 1550s
 12715  7827  147.57937   68  459          -  150.00000      -   575 1555s
 12777  7851 infeasible   60               -  150.00000      -   574 1560s
 12830  7890 infeasible   69               -  150.00000      -   575 1565s
 12869  7901 infeasible   80               -  150.00000      -   575 1570s
 12912  7940  150.00000   65  380          -  150.00000      -   575 1575s
 12934  7962  149.35504   72  473          -  150.00000      -   576 1580s
 12991  7983  150.00000   58  458          -  150.00000      -   575 1585s
 13015  7993 infeasible   68               -  150.00000      -   576 1590s
 13059  8019  150.00000   63  417          -  150.00000      -   576 1595s
 13115  8065  138.37781   87  385          -  150.00000      -   576 1600s
 13164  8089  141.67118   67  502          -  150.00000      -   576 1605s
 13205  8112  146.52272   64  445          -  150.00000      -   576 1610s
 13257  8142  150.00000   56  448          -  150.00000      -   575 1615s
 13297  8182  133.73288   75  446          -  150.00000      -   576 1620s
 13311  8192 infeasible   79               -  150.00000      -   577 1625s
 13342  8209  147.25543   64  464          -  150.00000      -   577 1630s
 13429  8260  132.70081   97  413          -  150.00000      -   575 1635s
 13444  8263  150.00000   64  362          -  150.00000      -   575 1646s
 13498  8313  147.52051   87  461          -  150.00000      -   574 1650s
 13583  8366  150.00000   63  370          -  150.00000      -   573 1655s
 13613  8392  150.00000   84  430          -  150.00000      -   574 1660s
 13656  8415  150.00000   61  417          -  150.00000      -   574 1665s
 13684  8439  149.71018   75  486          -  150.00000      -   575 1670s
 13754  8481  150.00000   53  396          -  150.00000      -   574 1675s
 13798  8517  150.00000   79  457          -  150.00000      -   574 1680s
 13825  8534  150.00000   54  464          -  150.00000      -   575 1685s
 13850  8547  150.00000   51  305          -  150.00000      -   576 1690s
 13891  8560  150.00000   73  342          -  150.00000      -   576 1695s
 13928  8577 infeasible   85               -  150.00000      -   577 1700s
 13966  8609 infeasible   83               -  150.00000      -   578 1705s
 14002  8623  150.00000   50  343          -  150.00000      -   578 1710s
 14043  8658  148.82821   74  493          -  150.00000      -   578 1715s
 14076  8671  150.00000   67  381          -  150.00000      -   579 1720s
 14115  8692  150.00000   58  362          -  150.00000      -   580 1725s
 14158  8727 infeasible   87               -  150.00000      -   580 1730s
 14205  8750  150.00000   59  310          -  150.00000      -   581 1735s
 14260  8795  150.00000   58  375          -  150.00000      -   581 1740s
 14305  8820  150.00000   47  402          -  150.00000      -   581 1745s
 14346  8861  150.00000   66  398          -  150.00000      -   582 1750s
 14405  8886  150.00000   53  349          -  150.00000      -   581 1755s
 14454  8933  149.68582   79  465          -  150.00000      -   582 1760s
 14507  8956  150.00000   63  349          -  150.00000      -   581 1765s
 14540  8969  150.00000   42  414          -  150.00000      -   582 1770s
 14601  9028  150.00000   74  409          -  150.00000      -   582 1775s
 14628  9045  146.52900   84  490          -  150.00000      -   583 1780s
 14689  9086  150.00000   73  397          -  150.00000      -   583 1785s
 14729  9104  150.00000   51  408          -  150.00000      -   583 1790s
 14777  9128  150.00000   33  373          -  150.00000      -   584 1795s
 14839  9184  139.42379   71  498          -  150.00000      -   583 1800s
 14871  9194  150.00000   51  352          -  150.00000      -   584 1805s
 14925  9226 infeasible   68               -  150.00000      -   585 1810s
 14968  9239 infeasible   69               -  150.00000      -   585 1815s
 15004  9267  150.00000   73  383          -  150.00000      -   586 1827s
 15031  9288  150.00000   49  356          -  150.00000      -   586 1830s
 15072  9319 infeasible   53               -  150.00000      -   586 1835s
 15106  9335  150.00000   56  355          -  150.00000      -   587 1840s
 15150  9351  150.00000   22  306          -  150.00000      -   587 1845s
 15205  9402  150.00000   46  386          -  150.00000      -   586 1850s
 15239  9426 infeasible   63               -  150.00000      -   586 1855s
 15260  9431 infeasible   42               -  150.00000      -   587 1860s
 15314  9483  150.00000   76  437          -  150.00000      -   586 1865s
 15347  9508  149.92461   94  480          -  150.00000      -   587 1870s
 15410  9561  150.00000   66  444          -  150.00000      -   586 1875s
 15434  9585  149.30010   81  484          -  150.00000      -   587 1880s
 15471  9606  143.52604   93  484          -  150.00000      -   587 1885s
 15532  9641  150.00000   68  487          -  150.00000      -   586 1890s
 15575  9666  147.15881   60  506          -  150.00000      -   586 1895s
 15617  9692  146.64547   74  412          -  150.00000      -   587 1900s
 15659  9710  149.85237   64  493          -  150.00000      -   587 1905s
 15695  9734 infeasible   80               -  150.00000      -   588 1910s
 15747  9772  147.63604   72  506          -  150.00000      -   588 1915s
 15820  9829 infeasible   55               -  150.00000      -   588 1920s
 15868  9851  150.00000   46  327          -  150.00000      -   588 1925s
 15903  9860  150.00000   40  430          -  150.00000      -   589 1930s
 15929  9886  148.93752   52  449          -  150.00000      -   589 1935s
 15958  9913  141.26163   65  413          -  150.00000      -   590 1940s
 16018  9951  139.82813   64  461          -  150.00000      -   590 1945s
 16087  9996  144.33845   95  459          -  150.00000      -   589 1950s
 16151 10010 infeasible   51               -  150.00000      -   589 1955s
 16202 10031  150.00000   52  470          -  150.00000      -   589 1960s
 16257 10072  150.00000   65  475          -  150.00000      -   589 1965s
 16298 10101  149.73958   61  453          -  150.00000      -   589 1970s
 16331 10118 infeasible   80               -  150.00000      -   590 1975s
 16380 10157 infeasible   77               -  150.00000      -   590 1980s
 16394 10159 infeasible   80               -  150.00000      -   591 1985s
 16414 10171  150.00000   57  382          -  150.00000      -   592 1997s
 16430 10187  146.61721   66  434          -  150.00000      -   592 2000s
 16496 10229  149.82667   87  511          -  150.00000      -   591 2005s
 16516 10237  146.72878   92  537          -  150.00000      -   592 2010s
 16591 10280  150.00000   63  368          -  150.00000      -   591 2015s
 16625 10300 infeasible   82               -  150.00000      -   592 2020s
 16664 10335  149.25906   57  488          -  150.00000      -   592 2025s
 16742 10387  150.00000   64  373          -  150.00000      -   592 2030s
 16787 10416  150.00000   89  453          -  150.00000      -   592 2035s
 16813 10428  145.37891   96  521          -  150.00000      -   592 2040s
 16878 10463  150.00000   58  364          -  150.00000      -   592 2045s
 16941 10512  150.00000   66  414          -  150.00000      -   591 2050s
 16988 10547  150.00000   88  429          -  150.00000      -   592 2055s
 17017 10558  145.19580   97  550          -  150.00000      -   592 2060s
 17080 10601  150.00000   84  445          -  150.00000      -   592 2065s
 17114 10619  150.00000   98  517          -  150.00000      -   593 2070s
 17174 10655  150.00000   62  344          -  150.00000      -   592 2075s
 17240 10701  150.00000   56  368          -  150.00000      -   592 2080s
 17303 10760 infeasible   83               -  150.00000      -   592 2085s
 17358 10795  150.00000   76  346          -  150.00000      -   592 2090s
 17396 10829  146.85355   93  491          -  150.00000      -   592 2095s
 17457 10868  150.00000   80  412          -  150.00000      -   592 2100s
 17480 10881  150.00000   88  503          -  150.00000      -   592 2105s
 17513 10892 infeasible   61               -  150.00000      -   592 2110s
 17547 10918 infeasible   81               -  150.00000      -   593 2115s
 17622 10973  150.00000   67  402          -  150.00000      -   592 2120s
 17671 11014  150.00000   88  454          -  150.00000      -   592 2125s
 17688 11021  149.43832   94  494          -  150.00000      -   593 2130s
 17707 11028  149.76238   97  516          -  150.00000      -   593 2135s
 17752 11045 infeasible   37               -  150.00000      -   593 2140s
 17829 11118  150.00000   82  367          -  150.00000      -   592 2145s
 17862 11145 infeasible   96               -  150.00000      -   593 2150s
 17930 11199  150.00000   66  436          -  150.00000      -   592 2155s
 17981 11238  150.00000   56  390          -  150.00000      -   592 2160s
 18048 11293 infeasible   93               -  150.00000      -   591 2165s
 18061 11292  150.00000   35  401          -  150.00000      -   592 2181s
 18103 11332  150.00000   59  409          -  150.00000      -   592 2185s
 18164 11375  150.00000   59  367          -  150.00000      -   591 2190s
 18207 11408 infeasible   80               -  150.00000      -   592 2195s
 18273 11466  150.00000   73  364          -  150.00000      -   591 2200s
 18318 11491  150.00000   52  410          -  150.00000      -   591 2205s
 18355 11524 infeasible   72               -  150.00000      -   592 2210s
 18374 11531  150.00000   41  406          -  150.00000      -   592 2215s
 18401 11556  144.89670   54  410          -  150.00000      -   593 2220s
 18461 11590  150.00000   59  403          -  150.00000      -   592 2225s
 18493 11608  150.00000   26  342          -  150.00000      -   593 2230s
 18555 11660  150.00000   54  428          -  150.00000      -   592 2235s
 18586 11691  143.41578   72  468          -  150.00000      -   593 2240s
 18626 11715 infeasible   87               -  150.00000      -   592 2245s
 18668 11722  150.00000   49  313          -  150.00000      -   592 2250s
 18702 11749  149.05067   67  497          -  150.00000      -   593 2255s
 18751 11775  150.00000   49  512          -  150.00000      -   593 2260s
 18784 11796  138.01979   62  455          -  150.00000      -   593 2265s
 18855 11835  150.00000   53  455          -  150.00000      -   592 2270s
 18944 11890  150.00000   46  330          -  150.00000      -   591 2275s
 19018 11940  150.00000   15  305          -  150.00000      -   590 2280s
 19098 12012 infeasible   55               -  150.00000      -   590 2285s
 19165 12073  150.00000   69  353          -  150.00000      -   589 2290s
 19204 12102  150.00000   86  491          -  150.00000      -   590 2295s
 19222 12100  149.75860   85  519          -  150.00000      -   590 2300s
 19287 12145  150.00000   53  364          -  150.00000      -   590 2305s
 19331 12185  148.07614   76  512          -  150.00000      -   590 2310s
 19356 12210  148.89097   82  481          -  150.00000      -   590 2315s
 19435 12267  150.00000   42  385          -  150.00000      -   590 2320s
 19474 12294 infeasible   62               -  150.00000      -   590 2325s
 19541 12357  150.00000   55  422          -  150.00000      -   590 2330s
 19585 12399  148.78441   80  523          -  150.00000      -   590 2335s
 19641 12439 infeasible   98               -  150.00000      -   589 2340s
 19696 12474  149.86000   70  461          -  150.00000      -   589 2345s
 19762 12524  150.00000   43  339          -  150.00000      -   589 2350s
 19808 12566  150.00000   65  432          -  150.00000      -   589 2355s
 19854 12598 infeasible   94               -  150.00000      -   589 2360s
 19921 12649  150.00000   49  414          -  150.00000      -   588 2365s
 19981 12703  150.00000   82  420          -  150.00000      -   588 2370s
 20028 12728  150.00000   34  372          -  150.00000      -   588 2375s
 20093 12781 infeasible   71               -  150.00000      -   588 2380s
 20160 12834  150.00000   53  398          -  150.00000      -   588 2385s
 20207 12875 infeasible   77               -  150.00000      -   588 2390s
 20237 12885  150.00000   21  366          -  150.00000      -   588 2395s
 20305 12939 infeasible   63               -  150.00000      -   588 2400s
 20366 12982  150.00000   22  312          -  150.00000      -   588 2405s
 20422 13038  150.00000   60  442          -  150.00000      -   587 2417s
 20456 13072  150.00000   80  415          -  150.00000      -   587 2420s
 20503 13111  150.00000  102  378          -  150.00000      -   587 2425s
 20522 13130  147.72648  108  458          -  150.00000      -   588 2430s
 20565 13145 infeasible   33               -  150.00000      -   588 2435s
 20621 13191 infeasible   71               -  150.00000      -   588 2440s
 20680 13238  150.00000   63  373          -  150.00000      -   588 2445s
 20725 13269  150.00000   47  370          -  150.00000      -   588 2450s
 20805 13343  150.00000   97  450          -  150.00000      -   587 2455s
 20868 13392  146.82394  119  494          -  150.00000      -   587 2460s
 20961 13459  150.00000   68  370          -  150.00000      -   586 2465s
 21021 13517  150.00000   98  424          -  150.00000      -   586 2470s
 21050 13532 infeasible  105               -  150.00000      -   586 2475s
 21120 13594  150.00000   79  452          -  150.00000      -   586 2480s
 21183 13657  150.00000  113  382          -  150.00000      -   586 2485s
 21217 13671 infeasible  131               -  150.00000      -   586 2490s
 21290 13736  150.00000   89  383          -  150.00000      -   585 2495s
 21321 13751  145.29360  100  439          -  150.00000      -   586 2500s
 21407 13823  150.00000   76  386          -  150.00000      -   585 2505s
 21447 13841  150.00000   60  354          -  150.00000      -   586 2510s
 21516 13906  150.00000  103  418          -  150.00000      -   585 2515s
 21544 13924 infeasible  117               -  150.00000      -   586 2520s
 21611 13983  150.00000   81  436          -  150.00000      -   585 2525s
 21660 14026  150.00000  103  529          -  150.00000      -   586 2530s
 21709 14057  150.00000   57  413          -  150.00000      -   586 2535s
 21783 14131  150.00000  100  431          -  150.00000      -   585 2540s
 21808 14144 infeasible  111               -  150.00000      -   586 2545s
 21867 14185  150.00000   45  407          -  150.00000      -   586 2550s
 21929 14233 infeasible   81               -  150.00000      -   585 2555s
 21999 14287  150.00000   68  332          -  150.00000      -   585 2560s
 22077 14347 infeasible  107               -  150.00000      -   585 2565s
 22113 14371  147.52461  118  466          -  150.00000      -   586 2570s
 22128 14362 infeasible  118               -  150.00000      -   586 2575s
 22206 14428 infeasible   87               -  150.00000      -   586 2580s
 22247 14455 infeasible  103               -  150.00000      -   586 2585s
 22269 14459  149.31143  108  524          -  150.00000      -   587 2590s
 22276 14462  150.00000  109  486          -  150.00000      -   587 2602s
 22305 14479  150.00000   35  372          -  150.00000      -   586 2605s
 22362 14528  145.34853   67  527          -  150.00000      -   586 2610s
 22405 14557  150.00000   41  364          -  150.00000      -   587 2615s
 22447 14595  150.00000   67  459          -  150.00000      -   587 2620s
 22501 14623  150.00000   29  480          -  150.00000      -   586 2625s
 22557 14671 infeasible   66               -  150.00000      -   586 2630s
 22616 14710  150.00000   48  415          -  150.00000      -   586 2635s
 22672 14750  150.00000   45  368          -  150.00000      -   586 2640s
 22733 14789  150.00000   47  407          -  150.00000      -   586 2645s
 22779 14825 infeasible   72               -  150.00000      -   586 2650s
 22838 14878  150.00000   66  342          -  150.00000      -   586 2655s
 22875 14899 infeasible   84               -  150.00000      -   586 2660s
 22938 14928  150.00000   50  407          -  150.00000      -   585 2665s
 22971 14947 infeasible   67               -  150.00000      -   586 2670s
 23050 15022  150.00000   70  391          -  150.00000      -   585 2675s
 23095 15055  150.00000   48  390          -  150.00000      -   585 2680s
 23136 15080 infeasible   70               -  150.00000      -   585 2685s
 23202 15132  150.00000   47  376          -  150.00000      -   585 2690s
 23268 15196  150.00000   91  490          -  150.00000      -   585 2695s
 23289 15195 infeasible   95               -  150.00000      -   585 2700s
 23324 15228  149.71033   66  405          -  150.00000      -   586 2705s
 23407 15293  150.00000   37  383          -  150.00000      -   585 2710s
 23478 15356  150.00000   80  446          -  150.00000      -   584 2715s
 23511 15372 infeasible   95               -  150.00000      -   584 2720s
 23576 15427  150.00000   81  361          -  150.00000      -   584 2725s
 23611 15434  150.00000   40  381          -  150.00000      -   585 2730s
 23670 15467  150.00000   47  367          -  150.00000      -   584 2735s
 23716 15513  150.00000   72  376          -  150.00000      -   584 2740s
 23753 15532  150.00000   50  409          -  150.00000      -   585 2745s
 23811 15588  150.00000   84  412          -  150.00000      -   585 2750s
 23846 15607  150.00000   63  409          -  150.00000      -   585 2755s
 23881 15640  147.57734   80  475          -  150.00000      -   585 2760s
 23938 15677 infeasible   96               -  150.00000      -   585 2765s
 24002 15709  150.00000   75  464          -  150.00000      -   584 2770s
 24049 15748  150.00000   83  396          -  150.00000      -   585 2775s
 24084 15769  140.66433   58  444          -  150.00000      -   585 2780s
 24119 15784  150.00000   71  414          -  150.00000      -   585 2785s
 24172 15833  149.91387   82  441          -  150.00000      -   585 2790s
 24206 15853 infeasible   86               -  150.00000      -   586 2795s
 24247 15874  150.00000   56  382          -  150.00000      -   586 2808s
 24261 15886  148.30654   62  451          -  150.00000      -   586 2810s
 24324 15912  150.00000   36  419          -  150.00000      -   585 2815s
 24387 15955  150.00000   56  387          -  150.00000      -   585 2820s
 24441 16001 infeasible   86               -  150.00000      -   585 2825s
 24498 16044  150.00000   74  385          -  150.00000      -   585 2830s
 24544 16084  147.78006   92  490          -  150.00000      -   586 2835s
 24595 16117 infeasible   74               -  150.00000      -   586 2840s
 24633 16137  150.00000   59  324          -  150.00000      -   586 2845s
 24666 16160  150.00000   78  402          -  150.00000      -   586 2850s
 24728 16198  150.00000   54  353          -  150.00000      -   586 2855s
 24771 16233  150.00000   45  331          -  150.00000      -   587 2860s
 24817 16273  147.70076   67  488          -  150.00000      -   587 2865s
 24856 16290  134.14830   82  469          -  150.00000      -   587 2870s
 24902 16326 infeasible   65               -  150.00000      -   587 2875s
 24970 16352  147.94222   61  492          -  150.00000      -   586 2880s
 25007 16371  150.00000   65  445          -  150.00000      -   587 2885s
 25064 16408  150.00000   59  348          -  150.00000      -   587 2890s
 25106 16428  150.00000   39  412          -  150.00000      -   587 2895s
 25159 16481  148.86455   70  494          -  150.00000      -   587 2900s
 25239 16515  150.00000   66  378          -  150.00000      -   586 2905s
 25284 16560  149.03640   85  491          -  150.00000      -   587 2910s
 25340 16576  150.00000   55  399          -  150.00000      -   587 2915s
 25370 16590  150.00000   53  458          -  150.00000      -   587 2920s
 25439 16653  149.93452   92  484          -  150.00000      -   587 2925s
 25486 16674  150.00000   56  359          -  150.00000      -   587 2930s
 25525 16707  145.88495   79  510          -  150.00000      -   588 2935s
 25580 16737  150.00000   70  297          -  150.00000      -   587 2940s
 25625 16776 infeasible   93               -  150.00000      -   588 2945s
 25674 16797 infeasible   77               -  150.00000      -   588 2950s
 25733 16836  147.47967   78  374          -  150.00000      -   587 2955s
 25805 16876 infeasible   85               -  150.00000      -   587 2960s
 25914 16929 infeasible   58               -  150.00000      -   586 2965s
 25957 16950 infeasible   77               -  150.00000      -   586 2970s
 26008 16999  149.05665   92  520          -  150.00000      -   586 2975s
 26024 17001  150.00000   50  324          -  150.00000      -   586 2988s
 26046 17023  150.00000   63  443          -  150.00000      -   586 2990s
 26105 17066  150.00000   65  340          -  150.00000      -   586 2995s
 26167 17108  146.23083   96  427          -  150.00000      -   586 3000s
 26233 17138 infeasible   60               -  150.00000      -   586 3005s
 26286 17169  150.00000   56  387          -  150.00000      -   586 3010s
 26311 17162  142.14527   55  467          -  150.00000      -   587 3015s
 26358 17183  150.00000   82  451          -  150.00000      -   587 3020s
 26395 17212 infeasible  101               -  150.00000      -   587 3025s
 26429 17230  150.00000   53  357          -  150.00000      -   588 3030s
 26461 17258  150.00000   71  516          -  150.00000      -   588 3035s
 26514 17295  150.00000   92  414          -  150.00000      -   588 3040s
 26539 17294 infeasible   96               -  150.00000      -   589 3045s
 26601 17348  148.26979   80  407          -  150.00000      -   589 3050s
 26699 17410  149.46316   57  474          -  150.00000      -   588 3055s
 26763 17460 infeasible   92               -  150.00000      -   587 3060s
 26805 17480 infeasible   65               -  150.00000      -   588 3065s
 26916 17541  150.00000   61  393          -  150.00000      -   586 3070s
 26935 17554 infeasible   68               -  150.00000      -   587 3075s
 26993 17582  150.00000   49  385          -  150.00000      -   587 3080s
 27045 17628 infeasible   81               -  150.00000      -   587 3085s
 27086 17655  149.17480   70  468          -  150.00000      -   587 3090s
 27147 17702 infeasible   84               -  150.00000      -   587 3095s
 27202 17729  150.00000   72  359          -  150.00000      -   587 3100s
 27233 17760  150.00000   86  504          -  150.00000      -   588 3105s
 27254 17773  130.33192   91  429          -  150.00000      -   588 3110s
 27317 17812  150.00000   95  540          -  150.00000      -   588 3115s
 27369 17832 infeasible   67               -  150.00000      -   588 3120s
 27401 17846  150.00000   58  371          -  150.00000      -   588 3125s
 27432 17865  150.00000   66  369          -  150.00000      -   589 3130s
 27475 17888  150.00000   96  433          -  150.00000      -   589 3135s
 27518 17913  150.00000   59  443          -  150.00000      -   590 3140s
 27561 17924 infeasible   67               -  150.00000      -   590 3145s
 27592 17935  141.67100   64  455          -  150.00000      -   590 3150s
 27627 17940  150.00000   51  386          -  150.00000      -   590 3155s
 27675 17956  150.00000   52  348          -  150.00000      -   590 3160s
 27724 17987 infeasible   61               -  150.00000      -   591 3165s
 27767 18012 infeasible   98               -  150.00000      -   591 3170s
 27840 18055  150.00000   58  419          -  150.00000      -   591 3175s
 27890 18087  150.00000   69  387          -  150.00000      -   591 3180s
 27939 18124  149.63089   73  477          -  150.00000      -   591 3185s
 27960 18125  150.00000   68  361          -  150.00000      -   592 3201s
 27994 18149  150.00000   63  371          -  150.00000      -   592 3205s
 28048 18191 infeasible   93               -  150.00000      -   592 3210s
 28105 18220 infeasible   66               -  150.00000      -   592 3215s
 28159 18266  150.00000   74  440          -  150.00000      -   592 3220s
 28219 18319  145.22552   97  404          -  150.00000      -   591 3225s
 28286 18360  150.00000   59  462          -  150.00000      -   591 3230s
 28334 18394  150.00000   65  382          -  150.00000      -   591 3235s
 28387 18431  150.00000   74  432          -  150.00000      -   591 3240s
 28428 18464 infeasible   90               -  150.00000      -   592 3245s
 28512 18520  150.00000   51  352          -  150.00000      -   591 3250s
 28570 18566 infeasible   85               -  150.00000      -   591 3255s
 28614 18568 infeasible   58               -  150.00000      -   591 3260s
 28666 18610  150.00000   57  457          -  150.00000      -   591 3265s
 28712 18644  150.00000   41  398          -  150.00000      -   591 3270s
 28774 18704  150.00000   69  437          -  150.00000      -   591 3275s
 28805 18707 infeasible   72               -  150.00000      -   592 3280s
 28858 18726 infeasible   54               -  150.00000      -   592 3285s
 28918 18774  150.00000   72  330          -  150.00000      -   592 3290s
 28956 18798  149.84675   85  569          -  150.00000      -   592 3295s
 29021 18825  150.00000   61  386          -  150.00000      -   592 3300s
 29062 18854  150.00000   34  465          -  150.00000      -   592 3305s
 29101 18893  150.00000   52  381          -  150.00000      -   592 3310s
 29120 18906  147.97405   62  458          -  150.00000      -   593 3315s
 29196 18962  150.00000   67  426          -  150.00000      -   592 3320s
 29226 18982  140.13255   79  410          -  150.00000      -   593 3325s
 29294 19032  150.00000   57  362          -  150.00000      -   592 3330s
 29331 19053 infeasible   71               -  150.00000      -   592 3335s
 29402 19118  150.00000   73  468          -  150.00000      -   592 3340s
 29428 19130 infeasible   84               -  150.00000      -   593 3345s
 29493 19181  150.00000   69  448          -  150.00000      -   592 3350s
 29520 19204  139.04639   80  488          -  150.00000      -   593 3355s
 29545 19213 infeasible   88               -  150.00000      -   593 3360s
 29581 19231 infeasible   51               -  150.00000      -   593 3365s
 29608 19254  150.00000   67  423          -  150.00000      -   593 3370s
 29641 19281 infeasible   81               -  150.00000      -   594 3375s
 29709 19331  150.00000   69  439          -  150.00000      -   593 3380s
 29731 19335 infeasible   74               -  150.00000      -   594 3385s
 29773 19369 infeasible   90               -  150.00000      -   594 3390s
 29801 19389  145.16548  102  451          -  150.00000      -   595 3395s
 29846 19418  149.00606   47  428          -  150.00000      -   595 3400s
 29873 19445  147.59692   68  422          -  150.00000      -   595 3405s
 29962 19506  150.00000   58  399          -  150.00000      -   594 3410s
 29973 19517  150.00000   67  361          -  150.00000      -   594 3422s
 29980 19524  149.42312   69  414          -  150.00000      -   594 3425s
 30046 19584  139.26163   94  398          -  150.00000      -   594 3430s
 30111 19619  143.29440   67  433          -  150.00000      -   594 3435s
 30169 19663  150.00000   68  407          -  150.00000      -   594 3440s
 30209 19697  143.93648   93  466          -  150.00000      -   594 3445s
 30250 19700  150.00000   66  387          -  150.00000      -   594 3450s
 30288 19710  150.00000   71  480          -  150.00000      -   594 3455s
 30356 19766  150.00000   65  337          -  150.00000      -   594 3460s
 30396 19802  150.00000   92  430          -  150.00000      -   594 3465s
 30457 19845  150.00000   54  423          -  150.00000      -   594 3470s
 30507 19893  150.00000   71  428          -  150.00000      -   594 3475s
 30524 19900 infeasible   74               -  150.00000      -   595 3480s
 30576 19912 infeasible   85               -  150.00000      -   595 3485s
 30645 19977  150.00000   67  427          -  150.00000      -   594 3490s
 30685 19999  150.00000   41  523          -  150.00000      -   595 3495s
 30745 20057  150.00000   75  492          -  150.00000      -   595 3500s
 30774 20070 infeasible   93               -  150.00000      -   595 3505s
 30852 20122 infeasible   66               -  150.00000      -   594 3510s
 30914 20148 infeasible   75               -  150.00000      -   594 3515s
 30950 20182 infeasible   82               -  150.00000      -   595 3520s
 31005 20197  150.00000   48  340          -  150.00000      -   595 3525s
 31055 20231  150.00000   48  379          -  150.00000      -   595 3530s
 31118 20284 infeasible   87               -  150.00000      -   595 3535s
 31190 20346  150.00000   84  450          -  150.00000      -   595 3540s
 31224 20358 infeasible   56               -  150.00000      -   595 3545s
 31278 20390  150.00000   38  356          -  150.00000      -   595 3550s
 31337 20445  149.92613   70  517          -  150.00000      -   595 3555s
 31355 20453  139.60627   78  436          -  150.00000      -   595 3560s
 31423 20509  149.03405   80  476          -  150.00000      -   595 3565s
 31457 20523  150.00000   53  363          -  150.00000      -   595 3570s
 31531 20593 infeasible   96               -  150.00000      -   595 3575s
 31559 20615  150.00000  108  489          -  150.00000      -   596 3580s
 31609 20645  150.00000   71  393          -  150.00000      -   596 3585s
 31641 20667  150.00000   86  473          -  150.00000      -   596 3590s
 31658 20678  145.22915   91  519          -  150.00000      -   596 3595s

Cutting planes:
  Gomory: 1
  Lift-and-project: 2
  Cover: 1
  MIR: 2
  StrongCG: 1
  Flow cover: 92
  Zero half: 39
  RLT: 96
  BQP: 168

Explored 31728 nodes (19103020 simplex iterations) in 3600.00 seconds (5362.74 work units)
Thread count was 1 (of 8 available processors)

Solution count 0

Time limit reached
Best objective -, best bound 1.500000000000e+02, gap -
