
Gurobi 11.0.1 (win64) logging started Mon Apr  1 12:42:45 2024

Set parameter LogFile to value "C:\Projetos\Job_Rotation_Algorithms\Outputs\GurobiLogs\gurobi_log-output-60_ton-c39-CostaMirallesModel-NoExtraConstraint-2.log"
Gurobi Optimizer version 11.0.1 build v11.0.1rc0 (win64 - Windows 10.0 (19045.2))

CPU model: 11th Gen Intel(R) Core(TM) i7-1165G7 @ 2.80GHz, instruction set [SSE2|AVX|AVX2|AVX512]
Thread count: 4 physical cores, 8 logical processors, using up to 1 threads


Gurobi 11.0.1 (win64) logging started Mon Apr  1 21:30:40 2024

Set parameter LogFile to value "C:\Projetos\Job_Rotation_Algorithms\Outputs\GurobiLogs\gurobi_log-output-60_ton-c39-CostaMirallesModel-NoExtraConstraint-2.log"
Gurobi Optimizer version 11.0.1 build v11.0.1rc0 (win64 - Windows 10.0 (19045.2))

CPU model: 11th Gen Intel(R) Core(TM) i7-1165G7 @ 2.80GHz, instruction set [SSE2|AVX|AVX2|AVX512]
Thread count: 4 physical cores, 8 logical processors, using up to 1 threads


Gurobi 11.0.1 (win64) logging started Thu Apr  4 23:28:37 2024

Set parameter LogFile to value "C:\Projetos\Job_Rotation_Algorithms\Outputs\GurobiLogs\gurobi_log-output-60_ton-c39-CostaMirallesModel-NoExtraConstraint-2.log"
Gurobi Optimizer version 11.0.1 build v11.0.1rc0 (win64 - Windows 10.0 (19045.2))

CPU model: 11th Gen Intel(R) Core(TM) i7-1165G7 @ 2.80GHz, instruction set [SSE2|AVX|AVX2|AVX512]
Thread count: 4 physical cores, 8 logical processors, using up to 1 threads


Gurobi 11.0.1 (win64) logging started Sat Apr  6 12:57:11 2024

Set parameter LogFile to value "C:\Projetos\Job_Rotation_Algorithms\Outputs\GurobiLogs\gurobi_log-output-60_ton-c39-CostaMirallesModel-NoExtraConstraint-2.log"
Gurobi Optimizer version 11.0.1 build v11.0.1rc0 (win64 - Windows 10.0 (19045.2))

CPU model: 11th Gen Intel(R) Core(TM) i7-1165G7 @ 2.80GHz, instruction set [SSE2|AVX|AVX2|AVX512]
Thread count: 4 physical cores, 8 logical processors, using up to 1 threads


Gurobi 11.0.1 (win64) logging started Sun Apr  7 02:31:07 2024

Set parameter LogFile to value "C:\Projetos\Job_Rotation_Algorithms\Outputs\GurobiLogs\gurobi_log-output-60_ton-c39-CostaMirallesModel-NoExtraConstraint-2.log"
Gurobi Optimizer version 11.0.1 build v11.0.1rc0 (win64 - Windows 10.0 (19045.2))

CPU model: 11th Gen Intel(R) Core(TM) i7-1165G7 @ 2.80GHz, instruction set [SSE2|AVX|AVX2|AVX512]
Thread count: 4 physical cores, 8 logical processors, using up to 1 threads


Gurobi 11.0.1 (win64) logging started Sun Apr  7 09:43:58 2024

Set parameter LogFile to value "C:\Projetos\Job_Rotation_Algorithms\Outputs\GurobiLogs\gurobi_log-output-60_ton-c39-CostaMirallesModel-NoExtraConstraint-2.log"
Gurobi Optimizer version 11.0.1 build v11.0.1rc0 (win64 - Windows 10.0 (19045.2))

CPU model: 11th Gen Intel(R) Core(TM) i7-1165G7 @ 2.80GHz, instruction set [SSE2|AVX|AVX2|AVX512]
Thread count: 4 physical cores, 8 logical processors, using up to 1 threads


Gurobi 11.0.1 (win64) logging started Tue Apr  9 08:02:17 2024

Set parameter LogFile to value "C:\Projetos\Job_Rotation_Algorithms\Outputs\GurobiLogs\gurobi_log-output-60_ton-c39-CostaMirallesModel-NoExtraConstraint-2.log"
Gurobi Optimizer version 11.0.1 build v11.0.1rc0 (win64 - Windows 10.0 (19045.2))

CPU model: 11th Gen Intel(R) Core(TM) i7-1165G7 @ 2.80GHz, instruction set [SSE2|AVX|AVX2|AVX512]
Thread count: 4 physical cores, 8 logical processors, using up to 1 threads


Gurobi 11.0.1 (win64) logging started Wed Apr 10 09:33:39 2024

Set parameter LogFile to value "C:\Projetos\Job_Rotation_Algorithms\Outputs\GurobiLogs\gurobi_log-output-60_ton-c39-CostaMirallesModel-NoExtraConstraint-2.log"
Gurobi Optimizer version 11.0.1 build v11.0.1rc0 (win64 - Windows 10.0 (19045.2))

CPU model: 11th Gen Intel(R) Core(TM) i7-1165G7 @ 2.80GHz, instruction set [SSE2|AVX|AVX2|AVX512]
Thread count: 4 physical cores, 8 logical processors, using up to 1 threads


Gurobi 11.0.1 (win64) logging started Wed Apr 10 11:29:45 2024

Set parameter LogFile to value "C:\Projetos\Job_Rotation_Algorithms\Outputs\GurobiLogs\gurobi_log-output-60_ton-c39-CostaMirallesModel-NoExtraConstraint-2.log"
Gurobi Optimizer version 11.0.1 build v11.0.1rc0 (win64 - Windows 10.0 (19045.2))

CPU model: 11th Gen Intel(R) Core(TM) i7-1165G7 @ 2.80GHz, instruction set [SSE2|AVX|AVX2|AVX512]
Thread count: 4 physical cores, 8 logical processors, using up to 1 threads

WLS license 2390832 - registered to Bitka Analytics
Optimize a model with 5047 rows, 31940 columns and 765898 nonzeros
Model fingerprint: 0xfe7a6a0f
Variable types: 2 continuous, 31938 integer (31938 binary)
Coefficient statistics:
  Matrix range     [1e+00, 2e+02]
  Objective range  [1e+00, 1e+00]
  Bounds range     [1e+00, 8e+01]
  RHS range        [1e+00, 8e+01]
Presolve added 1508 rows and 0 columns
Presolve removed 0 rows and 2804 columns
Presolve time: 4.04s
Presolved: 6555 rows, 29136 columns, 188834 nonzeros
Variable types: 0 continuous, 29136 integer (27715 binary)

Root simplex log...

Iteration    Objective       Primal Inf.    Dual Inf.      Time
    6532    1.3899970e+02   6.918875e+01   0.000000e+00      5s
    7524    1.3900000e+02   0.000000e+00   0.000000e+00      5s

Root relaxation: objective 1.390000e+02, 7524 iterations, 1.10 seconds (1.46 work units)

    Nodes    |    Current Node    |     Objective Bounds      |     Work
 Expl Unexpl |  Obj  Depth IntInf | Incumbent    BestBd   Gap | It/Node Time

     0     0  139.00000    0  185          -  139.00000      -     -    6s
     0     0  139.00000    0  380          -  139.00000      -     -    6s
     0     0  139.00000    0  380          -  139.00000      -     -    6s
     0     0  139.00000    0  213          -  139.00000      -     -   17s
     0     0  139.00000    0  201          -  139.00000      -     -   17s
     0     0  139.00000    0 1067          -  139.00000      -     -   19s
     0     0  139.00000    0  945          -  139.00000      -     -   20s
     0     0  139.00000    0  946          -  139.00000      -     -   20s
     0     0  139.00000    0  925          -  139.00000      -     -   20s
     0     0  139.00000    0  915          -  139.00000      -     -   20s
     0     0  139.00000    0  265          -  139.00000      -     -   24s
     0     0  139.00000    0  275          -  139.00000      -     -   25s
     0     0  139.00000    0  378          -  139.00000      -     -   25s
     0     0  139.00000    0  375          -  139.00000      -     -   25s
     0     0  139.00000    0  307          -  139.00000      -     -   28s
     0     0  139.00000    0  306          -  139.00000      -     -   28s
     0     0  139.00000    0  549          -  139.00000      -     -   28s
     0     0  139.00000    0  371          -  139.00000      -     -   28s
     0     0  139.00000    0  364          -  139.00000      -     -   28s
     0     0  139.00000    0  260          -  139.00000      -     -   31s
     0     0  139.00000    0  243          -  139.00000      -     -   31s
     0     0  139.00000    0  393          -  139.00000      -     -   31s
     0     0  139.00000    0  370          -  139.00000      -     -   34s
     0     0  139.00000    0  295          -  139.00000      -     -   35s
     0     2  139.00000    0  286          -  139.00000      -     -   40s
   151   128  139.00000   53  459          -  139.00000      -   131   45s
   287   204  139.00000   54 1027          -  139.00000      -   137   50s
   419   292  139.00000   99  432          -  139.00000      -   156   55s
   614   355  139.00000   81  553          -  139.00000      -   146   60s
   719   410  138.00000  103  380          -  139.00000      -   141   89s
   721   411  139.00000   58  267          -  139.00000      -   140   92s
   723   413  139.00000   52 1351          -  139.00000      -   140   96s
   724   413  139.00000   84  465          -  139.00000      -   140  101s
   726   415  139.00000   26  428          -  139.00000      -   140  111s
   728   416  139.00000   65  442          -  139.00000      -   139  119s
   729   417  138.00000   97 1046          -  139.00000      -   139  121s
   730   417  139.00000   58  458          -  139.00000      -   139  129s
   731   418  139.00000   77  934          -  139.00000      -   139  131s
   732   419  139.00000   63  429          -  139.00000      -   138  140s
   734   420  139.00000   83  417          -  139.00000      -   138  146s
   736   423  139.00000   12  870          -  139.00000      -   530  150s
   746   430  139.00000   17  711          -  139.00000      -   530  155s
   749   432  139.00000   19  574          -  139.00000      -   531  163s
   752   434  139.00000   20  433          -  139.00000      -   530  165s
   768   445  139.00000   28  347          -  139.00000      -   525  170s
   781   453  139.00000   35  353          -  139.00000      -   528  175s
   794   460  139.00000   41  362          -  139.00000      -   531  180s
   803   460  139.00000   46  599          -  139.00000      -   537  185s
   815   454  139.00000   33  348          -  139.00000      -   539  190s
   824   460  139.00000   38  488          -  139.00000      -   541  196s
   832   463  139.00000   42  328          -  139.00000      -   541  200s
   874   473 infeasible   56               -  139.00000      -   537  205s
   880   471  139.00000   37  303          -  139.00000      -   536  214s
   881   472  139.00000   38  245          -  139.00000      -   536  215s
   889   475  139.00000   42  350          -  139.00000      -   540  220s
   903   467  139.00000   41  265          -  139.00000      -   544  225s
   916   471 infeasible   47               -  139.00000      -   547  230s
   950   461 infeasible   45               -  139.00000      -   545  235s
   986   454  139.00000   47  415          -  139.00000      -   542  240s
  1010   470  139.00000   57  497          -  139.00000      -   542  245s
  1038   467  139.00000   50  368          -  139.00000      -   540  250s
  1072   464  139.00000   43  344          -  139.00000      -   537  255s
  1103   464 infeasible   50               -  139.00000      -   537  260s
  1140   470  139.00000   47  374          -  139.00000      -   534  265s
  1172   478  139.00000   51  333          -  139.00000      -   531  270s
  1207   478  139.00000   53  448          -  139.00000      -   531  275s
  1230   478  139.00000   38  749          -  139.00000      -   534  280s
  1262   492  139.00000   55  296          -  139.00000      -   534  285s
  1286   494  139.00000   47  435          -  139.00000      -   537  290s
  1325   503 infeasible   62               -  139.00000      -   534  295s
  1365   486  139.00000   51  473          -  139.00000      -   531  300s
  1394   495  139.00000   48  496          -  139.00000      -   527  305s
  1435   492  139.00000   59  563          -  139.00000      -   520  310s
  1467   491  139.00000   55  423          -  139.00000      -   518  315s
  1501   486  139.00000   45  683          -  139.00000      -   516  320s
  1530   494  139.00000   46  480          -  139.00000      -   514  325s
  1559   508  139.00000   63  378          -  139.00000      -   513  330s
  1592   504 infeasible   55               -  139.00000      -   512  335s
  1623   512  139.00000   55  525          -  139.00000      -   512  340s
  1666   529  139.00000   74  493          -  139.00000      -   509  345s
  1709   519  139.00000   54  430          -  139.00000      -   508  350s
  1751   508  139.00000   45  292          -  139.00000      -   505  355s
  1796   509  139.00000   51  482          -  139.00000      -   501  360s
  1843   504  139.00000   49  343          -  139.00000      -   496  365s
  1878   501  139.00000   45  425          -  139.00000      -   496  370s
  1921   500  139.00000   59  518          -  139.00000      -   494  375s
  1966   499  139.00000   59  340          -  139.00000      -   490  380s
  2013   491 infeasible   55               -  139.00000      -   488  385s
  2046   501  139.00000   68  309          -  139.00000      -   486  390s
  2083   509  139.00000   62  380          -  139.00000      -   486  395s
  2123   519  139.00000   58  389          -  139.00000      -   485  400s
  2173   528 infeasible   60               -  139.00000      -   482  405s
  2176   531  139.00000   59  322          -  139.00000      -   482  410s
  2202   535 infeasible   60               -  139.00000      -   482  415s
  2249   556 infeasible   62               -  139.00000      -   479  420s
  2312   553 infeasible   63               -  139.00000      -   474  425s
  2354   552  138.00000   60  432          -  139.00000      -   474  430s
  2407   552  138.00000   60  342          -  139.00000      -   470  435s
  2453   556  138.00000   60  556          -  139.00000      -   468  440s
  2480   553  138.00000   50  529          -  139.00000      -   471  445s
  2517   562 infeasible   44               -  139.00000      -   470  450s
  2540   568 infeasible   47               -  139.00000      -   471  455s
  2570   580 infeasible   58               -  139.00000      -   471  460s
  2598   581 infeasible   46               -  139.00000      -   472  465s
  2635   588 infeasible   57               -  139.00000      -   471  470s
  2670   600  139.00000   46  455          -  139.00000      -   471  475s
  2713   616  139.00000   58  555          -  139.00000      -   468  480s
  2727   619  139.00000   65  619          -  139.00000      -   467  488s
  2734   616  139.00000   47  408          -  139.00000      -   466  490s
  2744   614 infeasible   50               -  139.00000      -   468  495s
  2775   619 infeasible   58               -  139.00000      -   467  500s
  2813   633  139.00000   53  366          -  139.00000      -   464  505s
  2830   634  138.00000   47  667          -  139.00000      -   467  510s
  2867   646  139.00000   50  445          -  139.00000      -   465  515s
  2915   664  138.00000   59  372          -  139.00000      -   463  520s
  2958   680  139.00000   53  352          -  139.00000      -   461  525s
  2998   689  139.00000   52  361          -  139.00000      -   461  530s
  3036   696 infeasible   63               -  139.00000      -   461  535s
  3068   697  137.95833   58  559          -  139.00000      -   461  540s
  3116   721 infeasible   71               -  139.00000      -   459  545s
  3149   727 infeasible   66               -  139.00000      -   460  550s
  3192   725 infeasible   69               -  139.00000      -   460  555s
  3265   737  139.00000   63  333          -  139.00000      -   454  560s
  3343   757  139.00000   50  651          -  139.00000      -   447  565s
  3401   754 infeasible   66               -  139.00000      -   444  570s
  3454   752 infeasible   67               -  139.00000      -   441  575s
  3509   748  139.00000   64  542          -  139.00000      -   438  580s
  3550   744  139.00000   46  532          -  139.00000      -   436  585s
  3582   741 infeasible   55               -  139.00000      -   436  590s
  3626   745  139.00000   38  718          -  139.00000      -   435  595s
  3658   761  138.98458   55  846          -  139.00000      -   434  600s
  3701   775  139.00000   40  802          -  139.00000      -   432  605s
  3749   786  139.00000   51  455          -  139.00000      -   430  610s
  3794   797 infeasible   51               -  139.00000      -   427  615s
  3851   800  139.00000   49  692          -  139.00000      -   425  620s
  3919   806  139.00000   65  663          -  139.00000      -   421  625s
  3943   807  139.00000   37  715          -  139.00000      -   420  651s
  3951   809  139.00000   40  418          -  139.00000      -   420  655s
  3965   815  139.00000   42  307          -  139.00000      -   420  660s
  3989   827  139.00000   50  199          -  139.00000      -   419  665s
  4013   823  139.00000   52  318          -  139.00000      -   419  670s
  4054   826 infeasible   48               -  139.00000      -   418  675s
  4092   824 infeasible   64               -  139.00000      -   418  680s
  4146   826  139.00000   51  597          -  139.00000      -   415  685s
  4193   827  139.00000   55  416          -  139.00000      -   414  690s
  4246   821 infeasible   46               -  139.00000      -   413  695s
  4287   828  139.00000   42  674          -  139.00000      -   412  700s
  4335   836 infeasible   64               -  139.00000      -   410  705s
  4369   845  139.00000   32  601          -  139.00000      -   409  710s
  4400   858 infeasible   41               -  139.00000      -   409  715s
  4428   867  139.00000   35  645          -  139.00000      -   408  720s
  4472   886  139.00000   42  616          -  139.00000      -   407  725s
  4527   890 infeasible   41               -  139.00000      -   405  730s
  4556   887  139.00000   36  535          -  139.00000      -   405  735s
  4615   902 infeasible   52               -  139.00000      -   403  740s
  4657   895 infeasible   53               -  139.00000      -   402  745s
  4753   893 infeasible   63               -  139.00000      -   397  750s
  4799   899 infeasible   50               -  139.00000      -   396  755s
  4832   928  139.00000   50  579          -  139.00000      -   395  760s
  4866   933  139.00000   70  423          -  139.00000      -   395  765s
  4934   940 infeasible   67               -  139.00000      -   392  770s
  4987   942 infeasible   53               -  139.00000      -   390  775s
  5073   954  139.00000   72  313          -  139.00000      -   386  780s
  5101   947  138.00000   81  321          -  139.00000      -   385  785s
  5149   943  139.00000   51  429          -  139.00000      -   385  791s
  5180   956  139.00000   36  485          -  139.00000      -   384  795s
  5222   979  139.00000   48  585          -  139.00000      -   383  800s
  5320   995  139.00000   54  450          -  139.00000      -   379  805s
  5373  1010  139.00000   47  479          -  139.00000      -   378  810s
  5436  1005 infeasible   40               -  139.00000      -   377  815s
  5518  1014 infeasible   46               -  139.00000      -   374  820s
  5621  1029  139.00000   55  435          -  139.00000      -   371  825s
  5687  1021 infeasible   41               -  139.00000      -   370  830s
  5739  1015  139.00000   58  400          -  139.00000      -   370  835s
  5818  1014  138.00000   53  605          -  139.00000      -   367  840s
  5867  1020  139.00000   32  587          -  139.00000      -   367  845s
  5922  1053  139.00000   55  835          -  139.00000      -   366  850s
  6009  1076  139.00000   31  477          -  139.00000      -   363  855s
  6048  1096  139.00000   33  506          -  139.00000      -   363  860s
  6112  1116  139.00000   55  348          -  139.00000      -   361  865s
  6211  1115 infeasible   73               -  139.00000      -   358  870s
  6312  1123  139.00000   45  309          -  139.00000      -   355  875s
  6388  1160  139.00000   66  440          -  139.00000      -   354  880s
  6467  1157 infeasible   53               -  139.00000      -   352  885s
  6555  1147 infeasible   41               -  139.00000      -   350  890s
  6656  1150  139.00000   58  431          -  139.00000      -   347  895s
  6731  1152  139.00000   45  453          -  139.00000      -   346  900s
  6802  1149  139.00000   59  652          -  139.00000      -   345  905s
  6855  1143 infeasible   55               -  139.00000      -   345  910s
  6904  1141 infeasible   51               -  139.00000      -   345  915s
  6968  1142 infeasible   49               -  139.00000      -   344  920s
  7037  1133  139.00000   39  382          -  139.00000      -   343  925s
  7129  1145 infeasible   40               -  139.00000      -   342  930s
  7187  1162  139.00000   49  417          -  139.00000      -   341  935s
  7279  1183  139.00000   37  720          -  139.00000      -   339  940s
  7378  1197  139.00000   38  592          -  139.00000      -   337  945s
  7464  1203 infeasible   45               -  139.00000      -   336  950s
  7524  1200 infeasible   50               -  139.00000      -   336  955s
  7586  1204  139.00000   46  451          -  139.00000      -   336  960s
  7694  1216 infeasible   54               -  139.00000      -   334  965s
  7709  1223  139.00000   19  691          -  139.00000      -   335  970s
  7723  1237  139.00000   31  470          -  139.00000      -   337  976s
  7746  1244 infeasible   28               -  139.00000      -   337  980s
  7819  1256  139.00000   29  544          -  139.00000      -   336  985s
  7924  1262  139.00000   57  549          -  139.00000      -   334  990s
  8025  1278 infeasible   58               -  139.00000      -   332  995s
  8099  1293  139.00000   55  541          -  139.00000      -   331 1000s
  8181  1278  139.00000   40  828          -  139.00000      -   330 1005s
  8215  1279  139.00000   53  651          -  139.00000      -   331 1010s
  8346  1281 infeasible   58               -  139.00000      -   329 1015s
  8439  1293 infeasible   35               -  139.00000      -   328 1020s
  8512  1290 infeasible   40               -  139.00000      -   328 1025s
  8589  1298  139.00000   43  531          -  139.00000      -   328 1030s
  8688  1305  139.00000   50  533          -  139.00000      -   327 1035s
  8715  1310  139.00000   31  415          -  139.00000      -   328 1040s
  8766  1310  139.00000   33  390          -  139.00000      -   328 1045s
  8839  1349  139.00000   47  420          -  139.00000      -   327 1050s
  8897  1325  139.00000   32  509          -  139.00000      -   327 1055s
  8950  1347 infeasible   65               -  139.00000      -   327 1060s
  9022  1342  139.00000   35  469          -  139.00000      -   327 1065s
  9107  1360 infeasible   61               -  139.00000      -   327 1070s
  9217  1408  139.00000   48  301          -  139.00000      -   325 1075s
  9314  1409  139.00000   50  882          -  139.00000      -   324 1080s
  9408  1424  139.00000   55  389          -  139.00000      -   322 1085s
  9544  1425  139.00000   55  518          -  139.00000      -   320 1090s
  9673  1419  139.00000   62  727          -  139.00000      -   319 1095s
  9749  1413  139.00000   47  509          -  139.00000      -   319 1100s
  9793  1407  139.00000   45  426          -  139.00000      -   319 1105s
  9861  1410 infeasible   44               -  139.00000      -   319 1110s
  9917  1420  139.00000   59  386          -  139.00000      -   319 1115s
 10028  1423 infeasible   60               -  139.00000      -   318 1120s
 10098  1413  139.00000   45  736          -  139.00000      -   318 1125s
 10125  1408  139.00000   40  648          -  139.00000      -   319 1160s
 10135  1416  139.00000   49  358          -  139.00000      -   319 1165s
 10145  1424  139.00000   53  376          -  139.00000      -   319 1170s
 10160  1425 infeasible   50               -  139.00000      -   320 1175s
 10172  1417 infeasible   49               -  139.00000      -   321 1180s
 10184  1423  139.00000   55  490          -  139.00000      -   321 1185s
 10200  1421 infeasible   58               -  139.00000      -   322 1190s
 10202  1419 infeasible   56               -  139.00000      -   322 1414s
 10203  1418 infeasible   57               -  139.00000      -   322 1415s
 10213  1424  139.00000   58  431          -  139.00000      -   322 1420s
 10301  1445 infeasible   75               -  139.00000      -   321 1425s
 10424  1439 infeasible   57               -  139.00000      -   320 1430s
 10559  1430  139.00000   58  494          -  139.00000      -   318 1435s
 10705  1429  139.00000   40  535          -  139.00000      -   316 1440s
 10841  1461  138.00000   58  550          -  139.00000      -   314 1445s
 10944  1443 infeasible   60               -  139.00000      -   313 1450s
 11090  1449  139.00000   69  601          -  139.00000      -   311 1455s
 11295  1467 infeasible   73               -  139.00000      -   308 1460s
 11365  1469 infeasible   60               -  139.00000      -   308 1465s
 11488  1495 infeasible   74               -  139.00000      -   306 1470s
 11590  1522  139.00000   52  476          -  139.00000      -   306 1475s
 11706  1557  139.00000   47  599          -  139.00000      -   305 1480s
 11820  1566 infeasible   51               -  139.00000      -   304 1485s
 11912  1584  139.00000   33  715          -  139.00000      -   303 1490s
 11983  1590  139.00000   42  628          -  139.00000      -   302 1495s
 12028  1613  139.00000   35  872          -  139.00000      -   302 1500s
 12069  1622  139.00000   38  438          -  139.00000      -   302 1505s
 12172  1660 infeasible   62               -  139.00000      -   302 1510s
 12309  1667 infeasible   51               -  139.00000      -   300 1515s
 12447  1656 infeasible   59               -  139.00000      -   299 1520s
 12545  1703  139.00000   76  479          -  139.00000      -   298 1525s
 12618  1701  139.00000   47  447          -  139.00000      -   298 1530s
 12676  1711  139.00000   31  672          -  139.00000      -   299 1535s
 12741  1711  138.53209   35  702          -  139.00000      -   299 1540s
 12818  1707  139.00000   43  519          -  139.00000      -   299 1545s
 12911  1701  139.00000   31  638          -  139.00000      -   298 1550s
 13012  1736 infeasible   47               -  139.00000      -   298 1555s
 13147  1779 infeasible   71               -  139.00000      -   296 1560s
 13290  1783  139.00000   50  753          -  139.00000      -   295 1565s
 13407  1801 infeasible   59               -  139.00000      -   294 1570s
 13523  1828  139.00000   41  608          -  139.00000      -   294 1575s
 13597  1858 infeasible   72               -  139.00000      -   293 1580s
 13667  1891  139.00000   50  491          -  139.00000      -   293 1585s
 13707  1898  139.00000   53  635          -  139.00000      -   293 1590s
 13772  1950  139.00000   88  392          -  139.00000      -   292 1595s
 13891  1947 infeasible   81               -  139.00000      -   291 1600s
 13961  1947  139.00000   82  436          -  139.00000      -   291 1605s
 14058  1924  139.00000   54  558          -  139.00000      -   291 1610s
 14095  1938  139.00000   52  596          -  139.00000      -   291 1615s
 14170  1980  139.00000   89  301          -  139.00000      -   291 1620s
 14274  1980 infeasible   89               -  139.00000      -   290 1625s
 14346  1989  139.00000   80  361          -  139.00000      -   290 1630s
 14486  1998  139.00000   82  517          -  139.00000      -   289 1635s
 14567  2000  138.00000   88  466          -  139.00000      -   289 1640s
 14668  1987  139.00000   73  412          -  139.00000      -   289 1645s
 14747  1992 infeasible   89               -  139.00000      -   289 1650s
 14808  1964  139.00000   79  526          -  139.00000      -   290 1655s
 14886  1966 infeasible   62               -  139.00000      -   289 1660s
 14958  1993  139.00000   54  541          -  139.00000      -   289 1665s
 15007  2020  139.00000   78  431          -  139.00000      -   289 1670s
 15052  2027  139.00000   82  515          -  139.00000      -   289 1675s
 15103  2040  138.00000  102  471          -  139.00000      -   290 1680s
 15160  2039 infeasible   87               -  139.00000      -   290 1685s
 15212  2035  138.00000   87  721          -  139.00000      -   291 1690s
 15270  2023  139.00000   64  698          -  139.00000      -   291 1695s
 15303  2033  139.00000   85  474          -  139.00000      -   292 1701s
 15329  2031  139.00000   78  773          -  139.00000      -   292 1705s
 15384  2023  139.00000   79  583          -  139.00000      -   292 1710s
 15445  2057  139.00000   91  696          -  139.00000      -   292 1715s
 15524  2059  139.00000   79  461          -  139.00000      -   292 1720s
 15661  2085  139.00000   76  480          -  139.00000      -   291 1725s
 15767  2094 infeasible   90               -  139.00000      -   291 1730s
 15892  2095 infeasible   85               -  139.00000      -   290 1735s
 16011  2095  139.00000   97  557          -  139.00000      -   289 1740s
 16161  2099 infeasible  104               -  139.00000      -   288 1745s
 16324  2104 infeasible   96               -  139.00000      -   287 1750s
 16468  2105  139.00000   65  359          -  139.00000      -   285 1755s
 16573  2113  139.00000   72  648          -  139.00000      -   285 1760s
 16648  2140  139.00000   94  698          -  139.00000      -   285 1765s
 16697  2140  139.00000   89  627          -  139.00000      -   286 1770s
 16749  2127 infeasible   93               -  139.00000      -   286 1775s
 16819  2142  137.68262   95  649          -  139.00000      -   287 1780s
 16905  2147  138.98689   75  697          -  139.00000      -   287 1785s
 16949  2151  138.00000   87  642          -  139.00000      -   288 1790s
 17016  2167  139.00000   75  468          -  139.00000      -   288 1795s
 17114  2184  139.00000   70  388          -  139.00000      -   287 1800s
 17192  2203  139.00000   47  587          -  139.00000      -   287 1805s
 17261  2220 infeasible   50               -  139.00000      -   287 1810s
 17349  2240  139.00000   73  756          -  139.00000      -   287 1815s
 17407  2263  139.00000   63  558          -  139.00000      -   287 1820s
 17469  2278  139.00000   83  581          -  139.00000      -   287 1825s
 17606  2308  139.00000   47  529          -  139.00000      -   286 1830s
 17807  2348 infeasible   54               -  139.00000      -   284 1835s
 17894  2343  139.00000   58  619          -  139.00000      -   284 1840s
 17970  2375  139.00000   68  602          -  139.00000      -   284 1845s
 18106  2407  139.00000   52  378          -  139.00000      -   283 1850s
 18229  2412  139.00000   56  347          -  139.00000      -   282 1855s
 18315  2447  139.00000   81  583          -  139.00000      -   282 1860s
 18407  2476 infeasible   73               -  139.00000      -   282 1865s
 18508  2497 infeasible   90               -  139.00000      -   281 1870s
 18620  2483 infeasible   84               -  139.00000      -   281 1875s
 18709  2516  138.00000   91  653          -  139.00000      -   281 1880s
 18809  2528  139.00000   68  467          -  139.00000      -   280 1885s
 18921  2555 infeasible   81               -  139.00000      -   280 1890s
 19015  2551  139.00000   80  534          -  139.00000      -   280 1895s
 19172  2592 infeasible   91               -  139.00000      -   279 1900s
 19281  2610  139.00000   76  487          -  139.00000      -   279 1905s
 19399  2614 infeasible   78               -  139.00000      -   278 1910s
 19527  2661 infeasible   73               -  139.00000      -   278 1915s
 19641  2671  139.00000   84  426          -  139.00000      -   278 1920s
 19754  2706  139.00000   68  561          -  139.00000      -   277 1925s
 19828  2749  139.00000   82  407          -  139.00000      -   277 1930s
 19963  2797  139.00000   80  658          -  139.00000      -   276 1935s
 20097  2828  139.00000   57  549          -  139.00000      -   276 1940s
 20187  2850  139.00000   58  627          -  139.00000      -   276 1945s
 20340  2887  139.00000   65  430          -  139.00000      -   275 1950s
 20425  2875 infeasible   63               -  139.00000      -   274 1955s
 20574  2902 infeasible   89               -  139.00000      -   273 1960s
 20678  2934 infeasible   99               -  139.00000      -   273 1965s
 20888  2991 infeasible   94               -  139.00000      -   272 1970s
 21060  3023 infeasible  102               -  139.00000      -   272 1975s
 21218  2992 infeasible   86               -  139.00000      -   271 1980s
 21392  3006 infeasible   96               -  139.00000      -   270 1985s
 21522  2999 infeasible   85               -  139.00000      -   270 1990s
 21686  2991 infeasible   80               -  139.00000      -   269 1995s
 21757  2986 infeasible   64               -  139.00000      -   269 2000s
 21869  2996  139.00000   80  404          -  139.00000      -   269 2005s
 22014  3023 infeasible   78               -  139.00000      -   269 2010s
 22189  3077 infeasible   87               -  139.00000      -   268 2015s
 22416  3106 infeasible   88               -  139.00000      -   266 2020s
 22571  3134 infeasible   98               -  139.00000      -   266 2025s
 22778  3150  139.00000   92  394          -  139.00000      -   265 2030s
 22981  3188 infeasible   88               -  139.00000      -   264 2035s
 23153  3192 infeasible   83               -  139.00000      -   263 2040s
 23281  3204 infeasible   75               -  139.00000      -   263 2045s
 23429  3219 infeasible   84               -  139.00000      -   262 2050s
 23584  3206  139.00000   71  452          -  139.00000      -   262 2055s
 23781  3287  139.00000   97  634          -  139.00000      -   261 2060s
 24012  3339  139.00000  101  287          -  139.00000      -   259 2086s
 24039  3318 infeasible   93               -  139.00000      -   259 2090s
 24070  3315  139.00000   92  287          -  139.00000      -   259 2095s
 24099  3306 infeasible   93               -  139.00000      -   259 2100s
 24132  3305  139.00000  103  363          -  139.00000      -   259 2105s
 24193  3307 infeasible  103               -  139.00000      -   259 2110s
 24385  3330  139.00000  107  466          -  139.00000      -   259 2115s
 24556  3340  139.00000  104  499          -  139.00000      -   258 2120s
 24739  3313 infeasible  100               -  139.00000      -   257 2125s
 24918  3355 infeasible   98               -  139.00000      -   256 2130s
 25091  3397 infeasible  108               -  139.00000      -   256 2135s
 25276  3413 infeasible   84               -  139.00000      -   255 2140s
 25463  3416  139.00000   91  434          -  139.00000      -   255 2145s
 25537  3443 infeasible  112               -  139.00000      -   254 2150s
 25785  3438 infeasible  105               -  139.00000      -   253 2155s
 26028  3482  139.00000  104  485          -  139.00000      -   252 2160s
 26245  3490  139.00000  111  383          -  139.00000      -   251 2165s
 26451  3507  138.00000  109  287          -  139.00000      -   250 2170s
 26707  3530  139.00000  103  299          -  139.00000      -   249 2175s
 26991  3557 infeasible  109               -  139.00000      -   247 2180s
 27317  3598  139.00000  113  346          -  139.00000      -   245 2185s
 27577  3587 infeasible  104               -  139.00000      -   244 2190s
 27766  3578 infeasible  107               -  139.00000      -   244 2195s
 27966  3586 infeasible  111               -  139.00000      -   243 2200s
 28191  3561 infeasible   92               -  139.00000      -   242 2205s
 28358  3565  139.00000   67  597          -  139.00000      -   242 2210s
 28437  3616 infeasible   99               -  139.00000      -   242 2215s
 28490  3613  139.00000   58  622          -  139.00000      -   243 2220s
 28624  3652  139.00000   48  599          -  139.00000      -   242 2225s
 28738  3728  139.00000   75  393          -  139.00000      -   242 2230s
 28902  3760 infeasible   78               -  139.00000      -   241 2235s
 29092  3820 infeasible   91               -  139.00000      -   241 2240s
 29254  3845  138.00000   69  624          -  139.00000      -   240 2245s
 29416  3874 infeasible   94               -  139.00000      -   240 2250s
 29590  3862  139.00000   93  479          -  139.00000      -   239 2255s
 29777  3861  139.00000   74  511          -  139.00000      -   239 2260s
 29924  3871  138.00000   94  355          -  139.00000      -   238 2265s
 30050  3901 infeasible   99               -  139.00000      -   238 2270s
 30189  3936 infeasible   72               -  139.00000      -   238 2275s
 30242  3941  139.00000   67  576          -  139.00000      -   238 2280s
 30344  3990  139.00000   67  632          -  139.00000      -   238 2285s
 30422  3994 infeasible   84               -  139.00000      -   238 2290s
 30485  3986 infeasible   77               -  139.00000      -   238 2295s
 30606  4008 infeasible  105               -  139.00000      -   238 2302s
 30693  4031  139.00000  100  490          -  139.00000      -   238 2305s
 30904  4018 infeasible  103               -  139.00000      -   237 2310s
 31093  3999  139.00000  101  416          -  139.00000      -   236 2315s
 31199  3975  139.00000   81  476          -  139.00000      -   236 2320s
 31347  4029 infeasible   88               -  139.00000      -   236 2325s
 31491  4042 infeasible  112               -  139.00000      -   235 2330s
 31598  4008 infeasible   87               -  139.00000      -   235 2335s
 31749  4040  139.00000   96  532          -  139.00000      -   235 2340s
 31951  4059 infeasible   98               -  139.00000      -   234 2345s
 32108  4049 infeasible   87               -  139.00000      -   234 2350s
 32232  4038 infeasible   84               -  139.00000      -   234 2355s
 32321  4001  139.00000   63  424          -  139.00000      -   234 2360s
 32380  3996  139.00000   73  507          -  139.00000      -   234 2365s
 32459  3992  139.00000   66  458          -  139.00000      -   234 2370s
 32619  4060 infeasible  103               -  139.00000      -   234 2375s
 32770  4058 infeasible   93               -  139.00000      -   233 2380s
 32932  4069 infeasible  109               -  139.00000      -   233 2385s
 33050  4071 infeasible   75               -  139.00000      -   233 2390s
 33178  4073 infeasible   98               -  139.00000      -   233 2395s
 33243  4059  139.00000   65  602          -  139.00000      -   233 2400s
 33346  4053 infeasible  108               -  139.00000      -   233 2405s
 33451  4025 infeasible  101               -  139.00000      -   233 2410s
 33583  4046 infeasible   96               -  139.00000      -   233 2415s
 33687  4074 infeasible   87               -  139.00000      -   232 2420s
 33824  4103 infeasible   84               -  139.00000      -   232 2425s
 33922  4112 infeasible   85               -  139.00000      -   232 2430s
 34032  4143 infeasible   92               -  139.00000      -   232 2435s
 34155  4138 infeasible  112               -  139.00000      -   232 2440s
 34287  4182 infeasible  118               -  139.00000      -   232 2445s
 34422  4181 infeasible  117               -  139.00000      -   232 2450s
 34554  4168  139.00000   57  736          -  139.00000      -   231 2455s
 34678  4150  139.00000   66  528          -  139.00000      -   231 2460s
 34838  4208  139.00000  103  526          -  139.00000      -   231 2465s
 35033  4229 infeasible  107               -  139.00000      -   230 2470s
 35220  4228  139.00000  130  458          -  139.00000      -   230 2475s
 35394  4225 infeasible  118               -  139.00000      -   229 2480s
 35480  4193 infeasible   56               -  139.00000      -   229 2485s
 35633  4185  139.00000   90  486          -  139.00000      -   229 2490s
 35761  4189 infeasible   90               -  139.00000      -   229 2495s
 35899  4190  139.00000  104  551          -  139.00000      -   229 2500s
 35946  4207 infeasible  106               -  139.00000      -   229 2505s
 36099  4208 infeasible   98               -  139.00000      -   229 2510s
 36211  4203 infeasible   70               -  139.00000      -   229 2515s
 36334  4188  139.00000  106  637          -  139.00000      -   228 2520s
 36523  4184  139.00000  113  413          -  139.00000      -   228 2525s
 36622  4205  139.00000  111  507          -  139.00000      -   228 2530s
 36751  4199  139.00000  107  522          -  139.00000      -   228 2535s
 36881  4217  139.00000  126  412          -  139.00000      -   228 2540s
 36981  4190 infeasible   66               -  139.00000      -   228 2545s
 37086  4197 infeasible  110               -  139.00000      -   228 2550s
 37254  4210  139.00000  111  428          -  139.00000      -   228 2555s
 37445  4227  139.00000   61  537          -  139.00000      -   227 2560s
 37580  4227  138.92784   78  448          -  139.00000      -   227 2565s
 37766  4274 infeasible  109               -  139.00000      -   226 2570s
 37926  4296  139.00000  100  477          -  139.00000      -   226 2575s
 38061  4276 infeasible   64               -  139.00000      -   226 2580s
 38198  4281 infeasible  103               -  139.00000      -   226 2585s
 38204  4279  139.00000   39  654          -  139.00000      -   226 2615s
 38223  4290 infeasible   53               -  139.00000      -   226 2620s
 38248  4281 infeasible   95               -  139.00000      -   226 2625s
 38265  4278  139.00000   39  728          -  139.00000      -   226 2630s
 38276  4277  139.00000   40  462          -  139.00000      -   226 2638s
 38286  4271 infeasible   63               -  139.00000      -   226 2640s
 38311  4274 infeasible   93               -  139.00000      -   226 2645s
 38330  4261  139.00000   91  440          -  139.00000      -   227 2650s
 38471  4276  139.00000  108  400          -  139.00000      -   227 2655s
 38528  4284 infeasible   46               -  139.00000      -   227 2660s
 38605  4292  139.00000  100  554          -  139.00000      -   227 2665s
 38727  4314  139.00000   68  445          -  139.00000      -   227 2670s
 38882  4353  139.00000   76  578          -  139.00000      -   226 2675s
 38990  4337  139.00000   93  496          -  139.00000      -   226 2680s
 39149  4345 infeasible  106               -  139.00000      -   226 2685s
 39284  4334  139.00000   44  570          -  139.00000      -   226 2690s
 39411  4374  139.00000   86  384          -  139.00000      -   226 2695s
 39582  4386  139.00000   80  562          -  139.00000      -   225 2700s
 39693  4405 infeasible   55               -  139.00000      -   225 2705s
 39741  4394 infeasible   93               -  139.00000      -   226 2710s
 39798  4398  139.00000   49  609          -  139.00000      -   226 2715s
 39899  4448  139.00000   95  548          -  139.00000      -   226 2720s
 39964  4451  139.00000   96  374          -  139.00000      -   226 2725s
 40160  4462 infeasible   99               -  139.00000      -   226 2730s
 40289  4497 infeasible   95               -  139.00000      -   225 2735s
 40410  4502  139.00000   74  674          -  139.00000      -   225 2740s
 40497  4506 infeasible   91               -  139.00000      -   225 2745s
 40532  4496  139.00000   70  587          -  139.00000      -   226 2750s
 40599  4498 infeasible   91               -  139.00000      -   226 2755s
 40673  4494  139.00000   84  452          -  139.00000      -   226 2760s
 40831  4553  139.00000   93  547          -  139.00000      -   226 2765s
 40998  4608 infeasible  107               -  139.00000      -   225 2770s
 41035  4618  139.00000   71  537          -  139.00000      -   225 2775s
 41264  4691 infeasible  110               -  139.00000      -   225 2780s
 41612  4717 infeasible  127               -  139.00000      -   224 2785s
 41913  4682  139.00000  110  299          -  139.00000      -   223 2790s
 42019  4672  139.00000   72  513          -  139.00000      -   223 2795s
 42172  4701  139.00000  103  625          -  139.00000      -   222 2800s
 42250  4693 infeasible   72               -  139.00000      -   222 2805s
 42494  4735 infeasible  102               -  139.00000      -   222 2810s
 42770  4804  139.00000  117  468          -  139.00000      -   221 2815s
 43027  4824 infeasible  116               -  139.00000      -   220 2820s
 43376  4829  139.00000   88  346          -  139.00000      -   219 2825s
 43680  4857 infeasible  101               -  139.00000      -   218 2830s
 43786  4836 infeasible   73               -  139.00000      -   218 2835s
 43877  4855 infeasible   69               -  139.00000      -   218 2840s
 43962  4872 infeasible   81               -  139.00000      -   218 2845s
 44068  4880 infeasible   87               -  139.00000      -   218 2850s
 44202  4927 infeasible  101               -  139.00000      -   218 2855s
 44341  4944 infeasible   92               -  139.00000      -   218 2860s
 44467  4969 infeasible   85               -  139.00000      -   218 2865s
 44642  5016  139.00000  102  793          -  139.00000      -   218 2870s
 44837  5071  139.00000  116  338          -  139.00000      -   218 2875s
 45027  5078 infeasible  105               -  139.00000      -   217 2880s
 45236  5118  139.00000   83  413          -  139.00000      -   217 2885s
 45451  5122  138.00000   51  705          -  139.00000      -   217 2890s
 45553  5141  138.85149   51  402          -  139.00000      -   217 2895s
 45616  5162 infeasible  102               -  139.00000      -   217 2900s
 45718  5169  139.00000   96  538          -  139.00000      -   217 2905s
 45958  5150  139.00000   75  493          -  139.00000      -   217 2910s
 46105  5237  139.00000  107  406          -  139.00000      -   216 2915s
 46346  5258 infeasible  114               -  139.00000      -   216 2920s
 46628  5248 infeasible  102               -  139.00000      -   215 2925s
 46882  5291  139.00000  102  314          -  139.00000      -   215 2930s
 47169  5382  139.00000   89  229          -  139.00000      -   214 2935s
 47403  5489 infeasible  123               -  139.00000      -   214 2940s
 47664  5607 infeasible  103               -  139.00000      -   213 2945s
 47964  5657  138.00000  108  423          -  139.00000      -   212 2950s
 48239  5732 infeasible  114               -  139.00000      -   212 2955s
 48514  5792  139.00000  108  370          -  139.00000      -   211 2960s
 48755  5850  139.00000  121  456          -  139.00000      -   211 2965s
 49130  5907 infeasible  129               -  139.00000      -   210 2970s
 49453  5983  139.00000  135  330          -  139.00000      -   209 2975s
 49724  5954 infeasible  104               -  139.00000      -   209 2980s
 50048  6024 infeasible  125               -  139.00000      -   208 2985s
 50303  6086 infeasible  121               -  139.00000      -   207 2990s
 50647  6125  139.00000  105  475          -  139.00000      -   207 2995s
 50938  6189 infeasible  117               -  139.00000      -   206 3000s
 51206  6188 infeasible  112               -  139.00000      -   205 3007s
 51300  6212 infeasible  115               -  139.00000      -   205 3010s
 51540  6292  139.00000   97  428          -  139.00000      -   205 3015s
 51787  6377  139.00000   98  563          -  139.00000      -   205 3020s
 52016  6475 infeasible  109               -  139.00000      -   204 3025s
 52270  6559  139.00000   85  264          -  139.00000      -   204 3030s
 52508  6672  139.00000  108  316          -  139.00000      -   204 3035s
 52792  6708  139.00000   92  491          -  139.00000      -   203 3040s
 53006  6803  139.00000  128  281          -  139.00000      -   203 3045s
 53227  6864 infeasible  104               -  139.00000      -   203 3050s
 53511  6877 infeasible  127               -  139.00000      -   202 3055s
 53841  6977  139.00000  124  270          -  139.00000      -   202 3060s
 54188  7021  139.00000  133  278          -  139.00000      -   201 3065s
 54585  7091  139.00000  120  319          -  139.00000      -   200 3070s
 54985  7133  139.00000  133  294          -  139.00000      -   199 3075s
 55333  7188 infeasible  127               -  139.00000      -   198 3080s
 55533  7171 infeasible  124               -  139.00000      -   198 3085s
 55711  7151  139.00000  132  535          -  139.00000      -   198 3090s
 55934  7212 infeasible  130               -  139.00000      -   198 3095s
 56148  7251 infeasible  113               -  139.00000      -   198 3100s
 56307  7292  139.00000  102  287          -  139.00000      -   198 3106s
 56490  7330 infeasible  113               -  139.00000      -   197 3110s
 56703  7372  139.00000  109  462          -  139.00000      -   197 3115s
 56956  7403  139.00000  107  272          -  139.00000      -   197 3120s
 57262  7444  139.00000  113  281          -  139.00000      -   196 3125s
 57579  7501  139.00000  116  354          -  139.00000      -   196 3130s
 57908  7505  139.00000  123  319          -  139.00000      -   195 3135s
 58203  7543 infeasible  120               -  139.00000      -   195 3140s
 58435  7521 infeasible  109               -  139.00000      -   195 3145s
 58617  7475 infeasible  113               -  139.00000      -   195 3150s
 58877  7477  139.00000  102  415          -  139.00000      -   194 3155s
 59087  7497  139.00000   99  435          -  139.00000      -   194 3160s
 59358  7531 infeasible  111               -  139.00000      -   194 3165s
 59517  7540  139.00000  115  323          -  139.00000      -   194 3170s
 59729  7605  139.00000   99  479          -  139.00000      -   194 3175s
 59981  7646  138.77096  126  442          -  139.00000      -   193 3180s
 60220  7693 infeasible  122               -  139.00000      -   193 3185s
 60460  7762 infeasible  117               -  139.00000      -   193 3190s
 60831  7785 infeasible  126               -  139.00000      -   192 3195s
 61143  7821 infeasible  107               -  139.00000      -   192 3200s
 61395  7878  139.00000  107  384          -  139.00000      -   192 3205s
 61506  7934  138.00000  106  460          -  139.00000      -   191 3210s
 61789  7971  139.00000  111  314          -  139.00000      -   191 3215s
 62067  8010  138.92857  116  449          -  139.00000      -   191 3220s
 62258  7966 infeasible  113               -  139.00000      -   191 3225s
 62394  7954 infeasible  118               -  139.00000      -   191 3230s
 62529  7928 infeasible  113               -  139.00000      -   191 3235s
 62732  7926  139.00000  107  477          -  139.00000      -   191 3240s
 63018  7954 infeasible  136               -  139.00000      -   191 3245s
 63232  7978  139.00000  102  435          -  139.00000      -   190 3250s
 63278  7971  139.00000  119  338          -  139.00000      -   190 3280s
 63341  7918 infeasible  141               -  139.00000      -   190 3285s
 63367  7892 infeasible  105               -  139.00000      -   191 3290s
 63384  7883  139.00000  107  336          -  139.00000      -   191 3295s
 63425  7847 infeasible  111               -  139.00000      -   191 3300s
 63452  7826 infeasible   94               -  139.00000      -   191 3305s
 63518  7760 infeasible  106               -  139.00000      -   191 3310s
 63587  7691 infeasible  109               -  139.00000      -   192 3315s
 63631  7651  139.00000   99  421          -  139.00000      -   192 3320s
 63649  7649 infeasible   95               -  139.00000      -   192 3325s
 63669  7657  139.00000   94  355          -  139.00000      -   192 3330s
 63771  7710 infeasible  106               -  139.00000      -   192 3335s
 63842  7722  139.00000  102  440          -  139.00000      -   192 3340s
 63917  7714  139.00000   95  299          -  139.00000      -   192 3345s
 64007  7724  137.93750   97  380          -  139.00000      -   192 3350s
 64141  7751 infeasible  131               -  139.00000      -   192 3355s
 64296  7803 infeasible  111               -  139.00000      -   193 3360s
 64420  7796 infeasible   99               -  139.00000      -   193 3365s
 64580  7792 infeasible  122               -  139.00000      -   193 3370s
 64795  7805  139.00000  109  418          -  139.00000      -   192 3375s
 64925  7791 infeasible  112               -  139.00000      -   192 3380s
 65107  7785 infeasible  107               -  139.00000      -   192 3385s
 65207  7794  139.00000   94  400          -  139.00000      -   192 3390s
 65339  7815 infeasible   95               -  139.00000      -   192 3395s
 65532  7836  139.00000  102  340          -  139.00000      -   192 3400s
 65691  7825 infeasible  109               -  139.00000      -   192 3405s
 65859  7821 infeasible  124               -  139.00000      -   192 3410s
 65949  7813 infeasible   97               -  139.00000      -   192 3415s
 66140  7825 infeasible  101               -  139.00000      -   192 3420s
 66319  7771 infeasible  120               -  139.00000      -   192 3425s
 66525  7759 infeasible  113               -  139.00000      -   192 3430s
 66731  7761  139.00000  103  500          -  139.00000      -   192 3435s
 66815  7783  139.00000  104  512          -  139.00000      -   192 3440s
 67067  7742 infeasible  119               -  139.00000      -   191 3445s
 67325  7785 infeasible  139               -  139.00000      -   191 3450s
 67557  7760 infeasible  134               -  139.00000      -   191 3455s
 67787  7758  139.00000  112  636          -  139.00000      -   191 3460s
 67897  7762 infeasible  127               -  139.00000      -   191 3465s
 68052  7764 infeasible  103               -  139.00000      -   191 3470s
 68132  7753 infeasible  101               -  139.00000      -   191 3475s
 68283  7767  139.00000   85  561          -  139.00000      -   191 3480s
 68449  7748 infeasible  102               -  139.00000      -   191 3485s
 68610  7704 infeasible  109               -  139.00000      -   191 3490s
 68822  7693 infeasible  118               -  139.00000      -   190 3495s
 69036  7670  139.00000   95  386          -  139.00000      -   190 3500s
 69192  7679  138.94611  108  368          -  139.00000      -   190 3505s
 69485  7692 infeasible  113               -  139.00000      -   190 3510s
 69670  7696  139.00000  111  484          -  139.00000      -   190 3515s
 69914  7742  139.00000   99  455          -  139.00000      -   190 3520s
 70212  7737 infeasible   87               -  139.00000      -   189 3525s
 70420  7737  139.00000  110  470          -  139.00000      -   189 3530s
 70580  7724 infeasible  100               -  139.00000      -   189 3535s
 70778  7728  139.00000  110  343          -  139.00000      -   189 3540s
 71002  7727  139.00000   94  370          -  139.00000      -   189 3545s
 71262  7770 infeasible  117               -  139.00000      -   188 3550s
 71459  7758  139.00000  119  345          -  139.00000      -   188 3555s
 71615  7729 infeasible  110               -  139.00000      -   188 3560s
 71789  7735  138.00000  107  512          -  139.00000      -   188 3565s
 71902  7749  139.00000  110  333          -  139.00000      -   188 3572s
 71957  7742 infeasible  123               -  139.00000      -   189 3575s
 72131  7751 infeasible  105               -  139.00000      -   189 3580s
 72281  7752  138.92063  109  401          -  139.00000      -   189 3585s
 72527  7739 infeasible  112               -  139.00000      -   188 3590s
 72722  7692  139.00000  108  450          -  139.00000      -   188 3595s

Cutting planes:
  Gomory: 5
  Cover: 251
  Implied bound: 90
  Projected implied bound: 5
  Clique: 85
  MIR: 38
  StrongCG: 26
  Flow cover: 185
  GUB cover: 7
  Zero half: 31
  Network: 9
  RLT: 1
  Relax-and-lift: 54
  BQP: 10

Explored 72841 nodes (13743604 simplex iterations) in 3600.00 seconds (3270.79 work units)
Thread count was 1 (of 8 available processors)

Solution count 0

Time limit reached
Best objective -, best bound 1.390000000000e+02, gap -
