
Gurobi 11.0.1 (win64) logging started Mon Apr  1 03:14:33 2024

Set parameter LogFile to value "C:\Projetos\Job_Rotation_Algorithms\Outputs\GurobiLogs\gurobi_log-output-19_ton-c130-CostaMirallesModel-NoExtraConstraint-2.log"
Gurobi Optimizer version 11.0.1 build v11.0.1rc0 (win64 - Windows 10.0 (19045.2))

CPU model: 11th Gen Intel(R) Core(TM) i7-1165G7 @ 2.80GHz, instruction set [SSE2|AVX|AVX2|AVX512]
Thread count: 4 physical cores, 8 logical processors, using up to 1 threads

WLS license 901039 - registered to Bitka Analytics
Optimize a model with 2687 rows, 11500 columns and 174660 nonzeros
Model fingerprint: 0x8e1570c9
Variable types: 2 continuous, 11498 integer (11498 binary)
Coefficient statistics:
  Matrix range     [1e+00, 2e+02]
  Objective range  [1e+00, 1e+00]
  Bounds range     [1e+00, 3e+02]
  RHS range        [1e+00, 3e+02]
Presolve added 214 rows and 0 columns
Presolve removed 0 rows and 1053 columns
Presolve time: 1.11s
Presolved: 2901 rows, 10447 columns, 89913 nonzeros
Variable types: 0 continuous, 10447 integer (10052 binary)

Root relaxation: objective 1.400000e+02, 3605 iterations, 0.28 seconds (0.32 work units)

    Nodes    |    Current Node    |     Objective Bounds      |     Work
 Expl Unexpl |  Obj  Depth IntInf | Incumbent    BestBd   Gap | It/Node Time

     0     0  140.00000    0   80          -  140.00000      -     -    1s
     0     0  140.00000    0   80          -  140.00000      -     -    1s
     0     0  140.00000    0   96          -  140.00000      -     -    5s
     0     0  140.00000    0  821          -  140.00000      -     -    6s
     0     0  140.00000    0  638          -  140.00000      -     -    6s
     0     0  140.00000    0  615          -  140.00000      -     -    7s
     0     0  140.00000    0  121          -  140.00000      -     -    8s
     0     0  140.00000    0  172          -  140.00000      -     -    8s
     0     0  140.00000    0  158          -  140.00000      -     -    9s
     0     0  140.00000    0  524          -  140.00000      -     -    9s
     0     0  140.00000    0  112          -  140.00000      -     -   10s
     0     0  140.00000    0  104          -  140.00000      -     -   10s
     0     2  140.00000    0  104          -  140.00000      -     -   11s
   111   105  140.00000   21  156          -  140.00000      -   169   15s
   298   239  140.00000   39  406          -  140.00000      -   183   20s
   459   326  136.94608   79  189          -  140.00000      -   191   25s
   554   376  140.00000   45  747          -  140.00000      -   202   30s
   672   424  140.00000   65  339          -  140.00000      -   213   35s
   681   428  140.00000    5   80          -  140.00000      -   212   41s
   686   431  137.00000   77  233          -  140.00000      -   210   45s
   690   434  140.00000   65  219          -  140.00000      -   209   51s
   694   437  140.00000   35  186          -  140.00000      -   208   55s
   734   465  140.00000   33  186          -  140.00000      -   304   65s
   804   507  140.00000   68  182          -  140.00000      -   294   70s
   847   504 infeasible   55               -  140.00000      -   293   75s
   921   523 infeasible   61               -  140.00000      -   282   80s
  1080   552 infeasible   85               -  140.00000      -   259   85s
  1217   544 infeasible   75               -  140.00000      -   246   90s
  1395   550  140.00000   60  577          -  140.00000      -   231   95s
  1569   574 infeasible   83               -  140.00000      -   219  100s
  1772   564 infeasible   86               -  140.00000      -   206  105s
  2039   553  140.00000   91  101          -  140.00000      -   187  110s
  2274   602  140.00000   73  284          -  140.00000      -   178  115s
  2537   656  140.00000   84  338          -  140.00000      -   168  120s
  2828   702 infeasible   83               -  140.00000      -   156  125s
  3092   763  140.00000   94  402          -  140.00000      -   150  130s
  3392   814 infeasible   90               -  140.00000      -   144  135s
  3763   876  140.00000   76  103          -  140.00000      -   136  140s
  4020   914 infeasible   90               -  140.00000      -   134  145s
  4463   990  140.00000   84  366          -  140.00000      -   126  150s
  4719  1048 infeasible   80               -  140.00000      -   124  155s
  4977  1064 infeasible  101               -  140.00000      -   123  160s
  5105  1063 infeasible   92               -  140.00000      -   121  165s
  5408  1113 infeasible   93               -  140.00000      -   119  170s
  5561  1161  140.00000   86  641          -  140.00000      -   120  175s
  5716  1218 infeasible   93               -  140.00000      -   121  180s
  5921  1282 infeasible   85               -  140.00000      -   122  185s
  6152  1357 infeasible   97               -  140.00000      -   121  190s
  6432  1442  140.00000   71  154          -  140.00000      -   119  195s
  6704  1602  140.00000  106  290          -  140.00000      -   118  200s
  7094  1731 infeasible  101               -  140.00000      -   115  205s
  7437  1843 infeasible   82               -  140.00000      -   113  210s
  7730  1956 infeasible   98               -  140.00000      -   112  215s
  7942  1989  140.00000  105  211          -  140.00000      -   111  228s
  7962  1973 infeasible   71               -  140.00000      -   111  230s
  7987  1972  140.00000   82  174          -  140.00000      -   112  235s
  8027  1978 infeasible   88               -  140.00000      -   113  240s
  8327  2050 infeasible  109               -  140.00000      -   112  245s
  8693  2132  140.00000   91  189          -  140.00000      -   110  250s
  8902  2224  140.00000  115  452          -  140.00000      -   110  255s
  9125  2267  140.00000   81  204          -  140.00000      -   110  260s
  9435  2387 infeasible   76               -  140.00000      -   110  265s
  9809  2545  140.00000   91  127          -  140.00000      -   108  270s
 10147  2642  140.00000   81  438          -  140.00000      -   107  275s
 10202  2658  138.65032   97  354          -  140.00000      -   108  330s
 10504  2721  140.00000   74  108          -  140.00000      -   107  335s
 10867  2779  140.00000   86  247          -  140.00000      -   107  340s
 11152  2831 infeasible  100               -  140.00000      -   107  345s
 11445  2898 infeasible  100               -  140.00000      -   106  350s
 11713  2987 infeasible   93               -  140.00000      -   106  355s
 11901  3068  140.00000   76  320          -  140.00000      -   107  360s
 12186  3158  140.00000   83  136          -  140.00000      -   107  365s
 12528  3220  140.00000   74  259          -  140.00000      -   106  370s
 12822  3282  140.00000   79  224          -  140.00000      -   106  375s
 13019  3293 infeasible   89               -  140.00000      -   106  380s
 13135  3352 infeasible   70               -  140.00000      -   107  385s
 13332  3422 infeasible   83               -  140.00000      -   107  390s
 13554  3494  140.00000   77  276          -  140.00000      -   107  395s
 13869  3638  140.00000   88  138          -  140.00000      -   106  400s
 14129  3715  140.00000   76  448          -  140.00000      -   106  405s
 14457  3842 infeasible   88               -  140.00000      -   105  410s
 14805  3917 infeasible   92               -  140.00000      -   105  415s
 14990  3970  140.00000   82  336          -  140.00000      -   105  420s
 15303  4090 infeasible  106               -  140.00000      -   104  425s
 15613  4149 infeasible   83               -  140.00000      -   104  430s
 15902  4223 infeasible   77               -  140.00000      -   103  435s
 16195  4303 infeasible   81               -  140.00000      -   103  440s
 16603  4429 infeasible   99               -  140.00000      -   102  445s
 17023  4525 infeasible  110               -  140.00000      -   102  450s
 17537  4557 infeasible  106               -  140.00000      -   100  455s
 18063  4569 infeasible   92               -  140.00000      -  98.7  460s
 18338  4652 infeasible  110               -  140.00000      -  98.7  465s
 18569  4696 infeasible   68               -  140.00000      -  98.7  470s
 18787  4742  140.00000   71  296          -  140.00000      -  98.9  475s
 19058  4800  138.00000   81  190          -  140.00000      -  98.9  480s
 19214  4824 infeasible   88               -  140.00000      -   100  485s
 19541  4848 infeasible   92               -  140.00000      -  99.2  490s
 19751  4859  138.29106   87  455          -  140.00000      -   100  495s
 20003  4887  140.00000   54  123          -  140.00000      -   100  500s
 20200  4903  140.00000   80  233          -  140.00000      -   100  505s
 20404  4931 infeasible   92               -  140.00000      -   100  510s
 20572  4964  140.00000   87  226          -  140.00000      -   100  515s
 20870  5045 infeasible   88               -  140.00000      -   100  520s
 21163  5130 infeasible   98               -  140.00000      -   100  525s
 21440  5161 infeasible   87               -  140.00000      -   100  530s
 21697  5196 infeasible   84               -  140.00000      -   100  535s
 21890  5226  140.00000   61  133          -  140.00000      -   100  540s
 22044  5291  140.00000   73  304          -  140.00000      -   100  553s
 22050  5289  140.00000   67  215          -  140.00000      -   100  555s
 22081  5260 infeasible  106               -  140.00000      -   101  560s
 22126  5219 infeasible   81               -  140.00000      -   101  565s
 22148  5223  140.00000   48  393          -  140.00000      -   101  570s
 22228  5259 infeasible   62               -  140.00000      -   102  575s
 22339  5288 infeasible   63               -  140.00000      -   103  580s
 22589  5394  140.00000   78  254          -  140.00000      -   103  585s
 22806  5461  140.00000   78  181          -  140.00000      -   103  590s
 23081  5518 infeasible   86               -  140.00000      -   103  595s
 23463  5538  140.00000   80  449          -  140.00000      -   102  600s
 23750  5563 infeasible   98               -  140.00000      -   102  605s
 24044  5598 infeasible   87               -  140.00000      -   102  610s
 24339  5632 infeasible   62               -  140.00000      -   102  615s
 24493  5678  139.79320   82  226          -  140.00000      -   103  620s
 24661  5702 infeasible   66               -  140.00000      -   103  625s
 24893  5740 infeasible   75               -  140.00000      -   103  630s
 25126  5773  140.00000   85  461          -  140.00000      -   103  635s
 25463  5847 infeasible   92               -  140.00000      -   103  640s
 25745  5908 infeasible   96               -  140.00000      -   102  645s
 26032  5936 infeasible   78               -  140.00000      -   102  650s
 26464  5998 infeasible   71               -  140.00000      -   102  655s
 26714  6081  140.00000   69  245          -  140.00000      -   102  660s
 26944  6087  140.00000   53  248          -  140.00000      -   102  665s
 27191  6168 infeasible   76               -  140.00000      -   102  670s
 27457  6211 infeasible   72               -  140.00000      -   102  675s
 27685  6255 infeasible   77               -  140.00000      -   102  680s
 28001  6278 infeasible   82               -  140.00000      -   102  685s
 28376  6356 infeasible   92               -  140.00000      -   102  690s
 28577  6413  140.00000   74  250          -  140.00000      -   102  695s
 28785  6438 infeasible   58               -  140.00000      -   102  700s
 28935  6456  140.00000   51  241          -  140.00000      -   103  705s
 29160  6484 infeasible  103               -  140.00000      -   103  710s
 29362  6484 infeasible   77               -  140.00000      -   103  715s
 29658  6559  140.00000   79  353          -  140.00000      -   103  720s
 29855  6622 infeasible   84               -  140.00000      -   103  725s
 30144  6754 infeasible   84               -  140.00000      -   103  730s
 30355  6854 infeasible   96               -  140.00000      -   104  735s
 30606  6977  140.00000   81  129          -  140.00000      -   103  740s
 31015  7119 infeasible  108               -  140.00000      -   103  745s
 31335  7191  140.00000   89  287          -  140.00000      -   103  750s
 31600  7283  140.00000   80  156          -  140.00000      -   103  755s
 31875  7377 infeasible   86               -  140.00000      -   103  760s
 32263  7530 infeasible   84               -  140.00000      -   103  765s
 32559  7583 infeasible   92               -  140.00000      -   102  770s
 32871  7602 infeasible  101               -  140.00000      -   102  775s
 33158  7656 infeasible   94               -  140.00000      -   102  780s
 33521  7709 infeasible  102               -  140.00000      -   102  785s
 33908  7755 infeasible   84               -  140.00000      -   102  790s
 34239  7768  140.00000   83  328          -  140.00000      -   101  795s
 34333  7756  140.00000   77  490          -  140.00000      -   102  808s
 34345  7754 infeasible   84               -  140.00000      -   102  810s
 34381  7756 infeasible   76               -  140.00000      -   102  815s
 34401  7766  140.00000   75  323          -  140.00000      -   102  820s
 34549  7818 infeasible   94               -  140.00000      -   102  825s
 34826  7913  140.00000   72  393          -  140.00000      -   102  830s
 34952  7948 infeasible   80               -  140.00000      -   102  835s
 35249  8066 infeasible   94               -  140.00000      -   102  840s
 35434  8117 infeasible   84               -  140.00000      -   103  845s
 35676  8155 infeasible   89               -  140.00000      -   103  850s
 35860  8201 infeasible   94               -  140.00000      -   103  855s
 36047  8227 infeasible   78               -  140.00000      -   103  860s
 36182  8232 infeasible   94               -  140.00000      -   103  865s
 36447  8269 infeasible   85               -  140.00000      -   103  870s
 36719  8303 infeasible  104               -  140.00000      -   103  875s
 36870  8299  140.00000   74  400          -  140.00000      -   104  880s
 37112  8381 infeasible   90               -  140.00000      -   104  885s
 37321  8404  140.00000   80  255          -  140.00000      -   104  890s
 37585  8442 infeasible   95               -  140.00000      -   104  895s
 37721  8452 infeasible   79               -  140.00000      -   104  900s
 37912  8523 infeasible   87               -  140.00000      -   104  905s
 38150  8563  139.97841   68  301          -  140.00000      -   104  910s
 38404  8597 infeasible  106               -  140.00000      -   104  915s
 38663  8611 infeasible   92               -  140.00000      -   104  920s
 38916  8679  140.00000   79  226          -  140.00000      -   104  925s
 39129  8759 infeasible   84               -  140.00000      -   104  930s
 39347  8782  140.00000   60  471          -  140.00000      -   104  935s
 39509  8835  140.00000   74  339          -  140.00000      -   104  940s
 39740  8894  140.00000   80  254          -  140.00000      -   105  945s
 40016  8974  140.00000   92  321          -  140.00000      -   105  950s
 40230  9009 infeasible   81               -  140.00000      -   105  955s
 40348  9063  140.00000   79  320          -  140.00000      -   105  960s
 40606  9144 infeasible   87               -  140.00000      -   105  965s
 40800  9179 infeasible   82               -  140.00000      -   105  970s
 40933  9208 infeasible   96               -  140.00000      -   105  975s
 41176  9253 infeasible   84               -  140.00000      -   106  980s
 41351  9253  140.00000  103  214          -  140.00000      -   106  985s
 41532  9287 infeasible   90               -  140.00000      -   106  990s
 41834  9318 infeasible   80               -  140.00000      -   106  995s
 42054  9409  140.00000   50  365          -  140.00000      -   106 1000s
 42229  9473 infeasible   55               -  140.00000      -   106 1005s
 42360  9517 infeasible   53               -  140.00000      -   106 1010s
 42499  9603  140.00000   43  104          -  140.00000      -   106 1015s
 42782  9789 infeasible   85               -  140.00000      -   106 1020s
 43047  9904  140.00000   49  159          -  140.00000      -   106 1025s
 43315  9962 infeasible   87               -  140.00000      -   106 1030s
 43585 10037 infeasible   66               -  140.00000      -   106 1035s
 43896 10112  140.00000   78  194          -  140.00000      -   106 1040s
 44184 10205 infeasible   66               -  140.00000      -   105 1045s
 44457 10296  140.00000   51  253          -  140.00000      -   105 1050s
 44635 10346  140.00000   48  613          -  140.00000      -   105 1055s
 44952 10478  140.00000   79  389          -  140.00000      -   105 1060s
 45225 10616  140.00000   68  223          -  140.00000      -   105 1065s
 45529 10715  140.00000   57  177          -  140.00000      -   105 1070s
 45793 10765  140.00000   66  149          -  140.00000      -   105 1085s
 45820 10768 infeasible   73               -  140.00000      -   105 1090s
 45888 10768 infeasible   56               -  140.00000      -   105 1095s
 45976 10760  140.00000   67  184          -  140.00000      -   105 1100s
 46346 10918 infeasible   47               -  140.00000      -   105 1105s
 46636 11095 infeasible   85               -  140.00000      -   105 1110s
 47003 11276  140.00000   69  330          -  140.00000      -   105 1115s
 47289 11352 infeasible   64               -  140.00000      -   104 1120s
 47666 11458  140.00000   73  218          -  140.00000      -   104 1125s
 48007 11569  140.00000   72  445          -  140.00000      -   104 1130s
 48309 11644 infeasible   72               -  140.00000      -   104 1135s
 48705 11820  140.00000   54  245          -  140.00000      -   104 1140s
 48986 11964 infeasible   70               -  140.00000      -   104 1145s
 49292 12089  140.00000   81  147          -  140.00000      -   104 1150s
 49544 12181  140.00000   66  114          -  140.00000      -   104 1155s
 49816 12259  140.00000   61  452          -  140.00000      -   104 1160s
 50031 12305  140.00000   69  179          -  140.00000      -   104 1165s
 50256 12373  140.00000   70  151          -  140.00000      -   104 1170s
 50607 12466 infeasible   81               -  140.00000      -   104 1175s
 50824 12502 infeasible   63               -  140.00000      -   104 1180s
 51010 12550  140.00000   86  214          -  140.00000      -   104 1185s
 51222 12627 infeasible   65               -  140.00000      -   104 1190s
 51695 12841  140.00000   61  217          -  140.00000      -   104 1195s
 52126 12952  140.00000   79  386          -  140.00000      -   104 1200s
 52503 12997  140.00000   55  247          -  140.00000      -   103 1205s
 52914 13116 infeasible   78               -  140.00000      -   103 1210s
 53229 13188 infeasible   61               -  140.00000      -   103 1215s
 53683 13313 infeasible   68               -  140.00000      -   103 1220s
 53969 13403 infeasible   75               -  140.00000      -   103 1225s
 54255 13470  140.00000   67  262          -  140.00000      -   103 1230s
 54637 13522  140.00000   58  201          -  140.00000      -   103 1235s
 55101 13620  140.00000   72  149          -  140.00000      -   102 1240s
 55495 13720 infeasible   82               -  140.00000      -   102 1245s
 56111 13731  140.00000   74  135          -  140.00000      -   102 1251s
 56486 13786  140.00000   60  267          -  140.00000      -   101 1255s
 56844 13882 infeasible   84               -  140.00000      -   101 1260s
 57214 14004  140.00000   56  316          -  140.00000      -   101 1265s
 57536 14102 infeasible   70               -  140.00000      -   101 1270s
 57927 14199 infeasible   79               -  140.00000      -   101 1275s
 58313 14298 infeasible   60               -  140.00000      -   101 1280s
 58576 14420  140.00000   91  221          -  140.00000      -   101 1285s
 58983 14473  140.00000   75  485          -  140.00000      -   101 1290s
 59332 14572 infeasible   71               -  140.00000      -   100 1295s
 59607 14678 infeasible   74               -  140.00000      -   100 1300s
 59908 14766 infeasible   62               -  140.00000      -   100 1305s
 60391 14850 infeasible   65               -  140.00000      -   100 1310s
 60740 14887  140.00000   75  115          -  140.00000      -   100 1315s
 61094 15016  140.00000   56  138          -  140.00000      -   100 1320s
 61317 15091 infeasible   65               -  140.00000      -   100 1325s
 61775 15145 infeasible   82               -  140.00000      -   100 1330s
 62156 15263 infeasible   72               -  140.00000      -  99.4 1335s
 62433 15365  140.00000   49  423          -  140.00000      -  99.4 1340s
 62790 15469 infeasible   68               -  140.00000      -  99.3 1345s
 63051 15530 infeasible   61               -  140.00000      -  99.4 1350s
 63201 15566  140.00000   62  215          -  140.00000      -  99.4 1360s
 63237 15560 infeasible   69               -  140.00000      -  99.5 1365s
 63278 15545  140.00000   75  184          -  140.00000      -   100 1370s
 63648 15682 infeasible   75               -  140.00000      -   100 1375s
 63876 15749 infeasible   61               -  140.00000      -   100 1380s
 64147 15812  140.00000   47  274          -  140.00000      -   100 1385s
 64402 15944 infeasible   63               -  140.00000      -   100 1390s
 64533 15995  140.00000   71  165          -  140.00000      -   100 1395s
 64756 16102  140.00000   54  187          -  140.00000      -   100 1400s
 65020 16182  140.00000   59  278          -  140.00000      -   100 1405s
 65349 16279 infeasible   63               -  140.00000      -   100 1410s
 65598 16348  140.00000   60  182          -  140.00000      -   100 1415s
 65790 16441 infeasible   98               -  140.00000      -   100 1420s
 66086 16506 infeasible   65               -  140.00000      -   100 1425s
 66313 16535 infeasible   72               -  140.00000      -   100 1430s
 66574 16585 infeasible   74               -  140.00000      -   100 1435s
 66769 16610  140.00000   68  172          -  140.00000      -   100 1440s
 67116 16733 infeasible   90               -  140.00000      -   100 1445s
 67644 16785 infeasible   88               -  140.00000      -   100 1450s
 67904 16827 infeasible   87               -  140.00000      -   100 1455s
 68226 16847  140.00000   88  224          -  140.00000      -  99.5 1460s
 68511 16920  140.00000   58  389          -  140.00000      -  99.5 1465s
 68723 17007  139.79761   61  558          -  140.00000      -   100 1470s
 68950 17021 infeasible   67               -  140.00000      -   100 1475s
 69210 16990 infeasible   46               -  140.00000      -   100 1480s
 69421 16983  140.00000   59  172          -  140.00000      -   100 1485s
 69770 16989 infeasible   77               -  140.00000      -   100 1490s
 70131 17035 infeasible   83               -  140.00000      -  99.5 1495s
 70485 17069 infeasible   70               -  140.00000      -  99.4 1500s
 70801 17121 infeasible   73               -  140.00000      -  99.4 1505s
 70958 17172 infeasible   61               -  140.00000      -   100 1510s
 71296 17256 infeasible   94               -  140.00000      -  99.5 1515s
 71414 17314 infeasible   87               -  140.00000      -   100 1520s
 71800 17482 infeasible   82               -  140.00000      -  99.4 1525s
 72112 17561 infeasible   71               -  140.00000      -  99.4 1530s
 72338 17595  140.00000   65  238          -  140.00000      -   100 1535s
 72613 17691  140.00000   77  432          -  140.00000      -   100 1540s
 72901 17808 infeasible   59               -  140.00000      -   100 1545s
 73106 17878  140.00000   75  244          -  140.00000      -   100 1550s
 73140 17890  140.00000   57  187          -  140.00000      -   100 1557s
 73159 17897  140.00000   64  275          -  140.00000      -   100 1560s
 73382 17967 infeasible   78               -  140.00000      -   100 1565s
 73662 18076  140.00000   63  234          -  140.00000      -   100 1570s
 73991 18206 infeasible   82               -  140.00000      -   100 1575s
 74385 18345 infeasible   76               -  140.00000      -   100 1580s
 74765 18356  140.00000   84  225          -  140.00000      -  99.5 1585s
 75203 18442  140.00000   87  155          -  140.00000      -  99.3 1590s
 75467 18483 infeasible   89               -  140.00000      -  99.2 1595s
 75695 18520  140.00000   70  551          -  140.00000      -  99.1 1600s
 75927 18561  140.00000   78  404          -  140.00000      -  99.0 1605s
 76055 18567 infeasible   69               -  140.00000      -  99.1 1610s
 76180 18611 infeasible   80               -  140.00000      -  99.1 1615s
 76254 18627  140.00000   69  316          -  140.00000      -  99.2 1620s
 76423 18669 infeasible   55               -  140.00000      -  99.2 1625s
 76530 18709 infeasible   64               -  140.00000      -  99.2 1630s
 76579 18721  140.00000   62  438          -  140.00000      -  99.3 1635s
 76716 18770  140.00000   63  137          -  140.00000      -  99.4 1640s
 76999 18780  140.00000   75  225          -  140.00000      -  99.2 1645s
 77090 18794 infeasible   66               -  140.00000      -  99.3 1650s
 77231 18829  140.00000   59  352          -  140.00000      -  99.3 1655s
 77436 18905 infeasible   60               -  140.00000      -  99.3 1660s
 77588 18918 infeasible   63               -  140.00000      -  99.3 1665s
 77828 19014 infeasible   69               -  140.00000      -  99.2 1670s
 78012 19061 infeasible   62               -  140.00000      -  99.2 1675s
 78240 19096 infeasible   75               -  140.00000      -  99.3 1680s
 78459 19115 infeasible   59               -  140.00000      -  99.2 1685s
 78744 19290  140.00000   48  198          -  140.00000      -  99.1 1690s
 78971 19434  140.00000   62  331          -  140.00000      -  99.0 1695s
 79101 19519  140.00000   71  288          -  140.00000      -  99.1 1700s
 79303 19622 infeasible   96               -  140.00000      -  99.1 1705s
 79392 19638 infeasible   64               -  140.00000      -  99.2 1710s
 79603 19769 infeasible   73               -  140.00000      -  99.1 1715s
 79762 19852  140.00000   56  215          -  140.00000      -  99.1 1720s
 79947 19939  140.00000   69  325          -  140.00000      -  99.1 1725s
 80253 20082 infeasible   62               -  140.00000      -  98.9 1730s
 80373 20132  140.00000   67  171          -  140.00000      -  99.0 1735s
 80591 20175  140.00000   64  582          -  140.00000      -  98.9 1740s
 80900 20207  140.00000   60  242          -  140.00000      -  98.7 1745s
 81108 20278  140.00000   57  389          -  140.00000      -  98.7 1750s
 81408 20353  140.00000   66  136          -  140.00000      -  98.7 1755s
 81708 20403  140.00000   58  368          -  140.00000      -  98.6 1760s
 81980 20463  140.00000   53  247          -  140.00000      -  98.6 1772s
 81994 20465 infeasible   58               -  140.00000      -  98.6 1775s
 82023 20480 infeasible   56               -  140.00000      -  98.6 1780s
 82134 20541 infeasible   71               -  140.00000      -  98.7 1785s
 82438 20644 infeasible   65               -  140.00000      -  98.7 1790s
 82788 20792  140.00000   74  316          -  140.00000      -  98.6 1795s
 83081 20902  140.00000   57  176          -  140.00000      -  98.6 1800s
 83436 20989  140.00000   64  277          -  140.00000      -  98.5 1805s
 83789 21000 infeasible   56               -  140.00000      -  98.4 1810s
 83973 21020  140.00000   74  344          -  140.00000      -  98.5 1815s
 84237 21083  140.00000   59  246          -  140.00000      -  98.5 1820s
 84525 21166 infeasible   77               -  140.00000      -  98.4 1825s
 84690 21240 infeasible   98               -  140.00000      -  98.6 1830s
 84828 21257 infeasible   67               -  140.00000      -  98.7 1835s
 85091 21329  140.00000   68  173          -  140.00000      -  98.8 1840s
 85385 21396 infeasible   78               -  140.00000      -  98.8 1845s
 85690 21486  140.00000   77  366          -  140.00000      -  98.8 1850s
 85900 21565 infeasible   63               -  140.00000      -  98.8 1855s
 86243 21716 infeasible   82               -  140.00000      -  98.7 1860s
 86448 21792  140.00000   64  286          -  140.00000      -  98.8 1865s
 86712 21868 infeasible   70               -  140.00000      -  98.8 1870s
 86961 21931  140.00000   69  243          -  140.00000      -  98.7 1875s
 87238 22044 infeasible   70               -  140.00000      -  98.7 1880s
 87540 22166  140.00000   66  267          -  140.00000      -  98.7 1885s
 87775 22229 infeasible   82               -  140.00000      -  98.7 1890s
 88151 22267 infeasible   51               -  140.00000      -  98.6 1895s
 88248 22251 infeasible   53               -  140.00000      -  98.8 1900s
 88418 22349  140.00000   57  190          -  140.00000      -  98.9 1905s
 88579 22404 infeasible   73               -  140.00000      -  99.0 1910s
 88725 22425 infeasible   64               -  140.00000      -  99.1 1915s
 88884 22467  140.00000   84  105          -  140.00000      -  99.2 1920s
 89090 22501 infeasible   62               -  140.00000      -  99.2 1925s
 89256 22552  140.00000   51  246          -  140.00000      -  99.3 1930s
 89510 22609  140.00000   53  210          -  140.00000      -  99.4 1935s
 89738 22716 infeasible   78               -  140.00000      -  99.4 1940s
 90117 22760  140.00000   53  135          -  140.00000      -  99.3 1945s
 90433 22842  140.00000   57  276          -  140.00000      -  99.2 1950s
 90892 22942  140.00000   61  102          -  140.00000      -  99.1 1955s
 91221 22972  140.00000   73  169          -  140.00000      -  98.9 1969s
 91229 22964 infeasible   67               -  140.00000      -  99.0 1970s
 91309 22918  140.00000   60   93          -  140.00000      -  99.0 1975s
 91368 22893  140.00000   54  167          -  140.00000      -  99.1 1980s
 91554 22935 infeasible   68               -  140.00000      -  99.0 1985s
 91758 22995 infeasible   62               -  140.00000      -  99.1 1990s
 91976 23056 infeasible   83               -  140.00000      -  99.0 1995s
 92275 23097 infeasible   66               -  140.00000      -  98.9 2000s
 92509 23169 infeasible   70               -  140.00000      -  99.0 2005s
 92715 23240  140.00000   58  216          -  140.00000      -  99.0 2010s
 93022 23342 infeasible   86               -  140.00000      -  99.0 2015s
 93226 23418 infeasible   57               -  140.00000      -  99.0 2020s
 93558 23481  140.00000   69  338          -  140.00000      -  98.9 2025s
 93749 23525  140.00000   59  281          -  140.00000      -  99.0 2030s
 93919 23548 infeasible   63               -  140.00000      -  99.1 2035s
 94305 23629 infeasible   94               -  140.00000      -  99.0 2040s
 94709 23669  140.00000   52  537          -  140.00000      -  98.8 2045s
 94879 23735  140.00000   55  367          -  140.00000      -  98.9 2050s
 95097 23835 infeasible   94               -  140.00000      -  98.9 2055s
 95343 23922 infeasible   77               -  140.00000      -  99.0 2060s
 95622 24008  140.00000   68  230          -  140.00000      -  99.0 2065s
 95847 24078 infeasible   65               -  140.00000      -  99.0 2070s
 96023 24119 infeasible   87               -  140.00000      -  99.1 2075s
 96182 24131  140.00000   53   98          -  140.00000      -  99.3 2080s
 96422 24164 infeasible   80               -  140.00000      -  99.3 2085s
 96757 24242 infeasible   67               -  140.00000      -  99.3 2090s
 97023 24323  140.00000   71  206          -  140.00000      -  99.2 2095s
 97408 24355 infeasible   76               -  140.00000      -  99.2 2100s
 97705 24403  140.00000   59  138          -  140.00000      -  99.2 2105s
 97950 24503 infeasible   66               -  140.00000      -  99.2 2110s
 98167 24600  140.00000   73  371          -  140.00000      -  99.3 2115s
 98204 24599 infeasible   92               -  140.00000      -  99.4 2120s
 98358 24634  140.00000   65  308          -  140.00000      -  99.4 2125s
 98515 24690  140.00000   73  229          -  140.00000      -  99.4 2130s
 98618 24728 infeasible   81               -  140.00000      -  99.5 2135s
 98843 24761 infeasible   73               -  140.00000      -  99.5 2140s
 99181 24835 infeasible   58               -  140.00000      -  99.4 2145s
 99439 24913 infeasible   74               -  140.00000      -  99.4 2150s
 99732 24974  140.00000   78  335          -  140.00000      -  99.4 2155s
 99952 25046  140.00000   66  475          -  140.00000      -  99.5 2160s
 100268 25200 infeasible   77               -  140.00000      -  99.5 2165s
 100642 25308 infeasible   64               -  140.00000      -  99.4 2170s
 100822 25378 infeasible   65               -  140.00000      -   100 2175s
 101061 25411 infeasible   75               -  140.00000      -   100 2180s
 101321 25507 infeasible   66               -  140.00000      -   100 2185s
 101521 25557  140.00000   59  262          -  140.00000      -   100 2190s
 101820 25645  140.00000   55  271          -  140.00000      -   100 2195s
 102022 25709  140.00000   55  201          -  140.00000      -   100 2200s
 102270 25721 infeasible   57               -  140.00000      -   100 2205s
 102449 25773 infeasible   63               -  140.00000      -   100 2210s
 102677 25770  140.00000   64  273          -  140.00000      -   100 2215s
 102965 25803 infeasible   63               -  140.00000      -   100 2220s
 103212 25833 infeasible   75               -  140.00000      -   100 2225s
 103475 25851 infeasible   54               -  140.00000      -   100 2230s
 103670 25897  140.00000   65  271          -  140.00000      -   100 2235s
 103806 25911 infeasible   54               -  140.00000      -   100 2240s
 103928 25931  140.00000   74  233          -  140.00000      -   100 2245s
 104021 25916 infeasible   77               -  140.00000      -   100 2250s
 104296 25971  140.00000   68  186          -  140.00000      -   100 2255s
 104443 26009  140.00000   74  214          -  140.00000      -   100 2267s
 104482 25976 infeasible   68               -  140.00000      -   100 2270s
 104497 25977  140.00000   69  125          -  140.00000      -   100 2275s
 104518 25974 infeasible   73               -  140.00000      -   100 2280s
 104766 26024 infeasible   86               -  140.00000      -   100 2285s
 104980 26041 infeasible   71               -  140.00000      -   100 2290s
 105094 26045  140.00000   67  375          -  140.00000      -   100 2295s
 105229 26047  140.00000   74  280          -  140.00000      -   100 2300s
 105580 26094 infeasible  114               -  140.00000      -   100 2305s
 105764 26182  140.00000   52  191          -  140.00000      -   100 2310s
 106062 26321  140.00000   68  500          -  140.00000      -   100 2315s
 106301 26432  140.00000   49  600          -  140.00000      -   100 2320s
 106497 26546  140.00000   94  159          -  140.00000      -   100 2325s
 106866 26606  140.00000   60  516          -  140.00000      -   100 2330s
 107121 26724  140.00000   72  158          -  140.00000      -   100 2336s
 107336 26859  140.00000   47  274          -  140.00000      -   100 2340s
 107649 26958  140.00000   62  244          -  140.00000      -   100 2345s
 107883 27027  139.82012   72  381          -  140.00000      -   100 2350s
 108269 27181 infeasible   95               -  140.00000      -   100 2355s
 108806 27317  140.00000   79  383          -  140.00000      -   100 2360s
 109299 27357 infeasible   88               -  140.00000      -   100 2365s
 109751 27525  140.00000   55  161          -  140.00000      -   100 2370s
 110180 27681 infeasible  107               -  140.00000      -   100 2375s
 110652 27775 infeasible   73               -  140.00000      -  99.4 2380s
 111121 27750 infeasible   81               -  140.00000      -  99.3 2385s
 111579 27801  139.00000   97  253          -  140.00000      -  99.1 2390s
 111977 27875  140.00000   64  128          -  140.00000      -  99.1 2395s
 112222 27964  140.00000   84  403          -  140.00000      -  99.0 2400s
 112398 27956 infeasible   77               -  140.00000      -  99.1 2405s
 112703 28025  140.00000   75  130          -  140.00000      -  99.1 2410s
 113098 28148 infeasible   82               -  140.00000      -  99.0 2415s
 113546 28193 infeasible   82               -  140.00000      -  98.8 2420s
 113809 28168 infeasible   77               -  140.00000      -  98.9 2425s
 114000 28137  140.00000   58  372          -  140.00000      -  98.9 2430s
 114350 28215 infeasible   63               -  140.00000      -  98.9 2435s
 114638 28273  140.00000   62  282          -  140.00000      -  98.9 2440s
 114921 28387  139.00000   63  334          -  140.00000      -  98.9 2445s
 115254 28499 infeasible   62               -  140.00000      -  98.9 2450s
 115505 28542  137.01439   60  267          -  140.00000      -  98.8 2455s
 115752 28565 infeasible   56               -  140.00000      -  98.8 2460s
 115887 28612 infeasible   80               -  140.00000      -  98.8 2465s
 116144 28685 infeasible   80               -  140.00000      -  98.7 2470s
 116452 28702  140.00000   87  136          -  140.00000      -  98.6 2475s
 116713 28718  140.00000   66  177          -  140.00000      -  98.4 2486s
 116738 28731  140.00000   64  301          -  140.00000      -  98.4 2490s
 116947 28850 infeasible   88               -  140.00000      -  98.4 2495s
 117269 28959  140.00000   84  193          -  140.00000      -  98.3 2500s
 117385 28977 infeasible   91               -  140.00000      -  98.3 2505s
 117760 29032 infeasible   81               -  140.00000      -  98.2 2510s
 118181 29105 infeasible   82               -  140.00000      -  98.1 2515s
 118523 29125  139.97417   74  183          -  140.00000      -  98.0 2520s
 118817 29226 infeasible  108               -  140.00000      -  98.0 2525s
 119214 29284 infeasible   83               -  140.00000      -  97.9 2530s
 119421 29297  140.00000   49  380          -  140.00000      -  97.9 2535s
 119596 29392 infeasible  100               -  140.00000      -  97.9 2540s
 119815 29494 infeasible   62               -  140.00000      -  97.9 2545s
 120061 29601  140.00000   63  273          -  140.00000      -  97.9 2550s
 120306 29700 infeasible   94               -  140.00000      -  97.9 2555s
 120573 29744 infeasible   72               -  140.00000      -  97.9 2560s
 120900 29899 infeasible   75               -  140.00000      -  97.8 2565s
 121133 29967 infeasible   62               -  140.00000      -  97.8 2570s
 121432 29979 infeasible   80               -  140.00000      -  97.8 2575s
 121537 30050  140.00000   60  354          -  140.00000      -  97.9 2580s
 121681 30142 infeasible   72               -  140.00000      -  97.9 2585s
 121772 30192  140.00000   56  270          -  140.00000      -  98.0 2590s
 121865 30233  140.00000   83  129          -  140.00000      -  98.1 2595s
 122023 30303 infeasible   61               -  140.00000      -  98.2 2600s
 122125 30347  140.00000   54  150          -  140.00000      -  98.2 2605s
 122234 30375 infeasible   72               -  140.00000      -  98.3 2610s
 122321 30389  140.00000   53   48          -  140.00000      -  98.4 2615s
 122424 30430 infeasible   73               -  140.00000      -  98.5 2620s
 122521 30452 infeasible   67               -  140.00000      -  98.6 2625s
 122671 30514  140.00000   66  174          -  140.00000      -  98.6 2630s
 122758 30533  140.00000   73  253          -  140.00000      -  98.6 2635s
 122824 30542 infeasible   66               -  140.00000      -  98.7 2640s
 122906 30555 infeasible   78               -  140.00000      -  98.7 2645s
 123008 30561 infeasible   66               -  140.00000      -  98.8 2650s
 123131 30617 infeasible   71               -  140.00000      -  98.8 2655s
 123233 30627 infeasible   74               -  140.00000      -  98.8 2660s
 123386 30664  140.00000   53   77          -  140.00000      -  98.8 2665s
 123489 30708 infeasible   65               -  140.00000      -  98.9 2670s
 123632 30761 infeasible   60               -  140.00000      -  99.0 2675s
 123788 30791 infeasible   67               -  140.00000      -  99.1 2680s
 123812 30776  140.00000   73  381          -  140.00000      -  99.2 2693s
 123819 30771  140.00000   54  315          -  140.00000      -  99.2 2695s
 123859 30745  140.00000   58  323          -  140.00000      -  99.3 2700s
 123881 30753 infeasible   94               -  140.00000      -  99.3 2705s
 123936 30762 infeasible   70               -  140.00000      -  99.3 2710s
 124185 30888  140.00000   64  257          -  140.00000      -  99.4 2715s
 124460 30977 infeasible   71               -  140.00000      -  99.4 2720s
 124633 30973 infeasible   77               -  140.00000      -  99.5 2725s
 124894 30951 infeasible   60               -  140.00000      -   100 2730s
 125005 30976 infeasible   62               -  140.00000      -   100 2735s
 125151 30993  140.00000   60  355          -  140.00000      -   100 2740s
 125293 31005  140.00000   86  342          -  140.00000      -   100 2745s
 125611 31088  140.00000   67  350          -  140.00000      -   100 2750s
 126000 31158 infeasible   82               -  140.00000      -   100 2755s
 126305 31191 infeasible   74               -  140.00000      -   100 2760s
 126634 31257 infeasible   71               -  140.00000      -   100 2765s
 126906 31368 infeasible   84               -  140.00000      -   100 2770s
 127228 31467  140.00000   66  397          -  140.00000      -   100 2775s
 127525 31524 infeasible  104               -  140.00000      -   100 2780s
 127839 31516 infeasible   79               -  140.00000      -   100 2785s
 128097 31516 infeasible   65               -  140.00000      -   100 2790s
 128429 31563  140.00000   63  275          -  140.00000      -   100 2795s
 128752 31566  140.00000   58  147          -  140.00000      -   100 2800s
 129058 31581  140.00000   81  188          -  140.00000      -   100 2805s
 129432 31630 infeasible   85               -  140.00000      -  99.5 2810s
 129660 31655 infeasible   89               -  140.00000      -  99.5 2815s
 130021 31653  140.00000   81  298          -  140.00000      -  99.4 2820s
 130386 31679  140.00000   81  101          -  140.00000      -  99.4 2825s
 130716 31720  140.00000   60  156          -  140.00000      -  99.4 2830s
 130966 31769  140.00000   68  363          -  140.00000      -  99.4 2835s
 131235 31790 infeasible   79               -  140.00000      -  99.4 2840s
 131333 31817 infeasible   79               -  140.00000      -  99.4 2845s
 131543 31821  140.00000   46  243          -  140.00000      -  99.5 2850s
 131773 31853 infeasible   77               -  140.00000      -   100 2855s
 132049 31865  140.00000   74   82          -  140.00000      -   100 2860s
 132269 31880 infeasible   77               -  140.00000      -   100 2865s
 132583 31935  140.00000   54  176          -  140.00000      -   100 2870s
 132735 32017 infeasible   78               -  140.00000      -   100 2875s
 132971 32060  140.00000   47  284          -  140.00000      -   100 2880s
 133138 32113 infeasible   77               -  140.00000      -   100 2885s
 133344 32218  140.00000   88  341          -  140.00000      -   100 2890s
 133512 32292 infeasible   50               -  140.00000      -   100 2895s
 133682 32359 infeasible   62               -  140.00000      -   100 2900s
 133873 32415 infeasible   82               -  140.00000      -   100 2905s
 134052 32420  140.00000   61  256          -  140.00000      -   100 2910s
 134204 32431  140.00000   56  235          -  140.00000      -   100 2915s
 134369 32439 infeasible   64               -  140.00000      -   100 2920s
 134584 32422 infeasible   68               -  140.00000      -   100 2925s
 134868 32419  140.00000   70  264          -  140.00000      -   100 2930s
 135113 32428  138.00000   86  299          -  140.00000      -   100 2935s
 135335 32449  140.00000   87  119          -  140.00000      -   100 2940s
 135553 32479  140.00000   88  293          -  140.00000      -   100 2945s
 135661 32509  140.00000   81  174          -  140.00000      -   100 2958s
 135674 32502 infeasible   76               -  140.00000      -   100 2960s
 135712 32494  140.00000   81  263          -  140.00000      -   100 2965s
 135748 32484  140.00000   68  129          -  140.00000      -   101 2970s
 135995 32564 infeasible   98               -  140.00000      -   101 2975s
 136315 32540  140.00000   70  270          -  140.00000      -   100 2980s
 136620 32589  139.99278   69  184          -  140.00000      -   100 2985s
 136860 32602 infeasible   74               -  140.00000      -   101 2990s
 137065 32626 infeasible   69               -  140.00000      -   101 2995s
 137232 32636  140.00000   63  271          -  140.00000      -   101 3000s
 137429 32639 infeasible   93               -  140.00000      -   101 3005s
 137692 32672  137.44475   84  214          -  140.00000      -   101 3010s
 137782 32681 infeasible   80               -  140.00000      -   101 3015s
 138104 32732  140.00000   57  261          -  140.00000      -   101 3020s
 138298 32755  140.00000   80  405          -  140.00000      -   101 3025s
 138543 32753 infeasible   71               -  140.00000      -   101 3030s
 138792 32794 infeasible   89               -  140.00000      -   101 3035s
 139098 32817 infeasible   80               -  140.00000      -   101 3040s
 139341 32810 infeasible   79               -  140.00000      -   101 3045s
 139559 32800  140.00000   68  257          -  140.00000      -   101 3050s
 139733 32803 infeasible   61               -  140.00000      -   101 3055s
 139909 32833  140.00000   72  254          -  140.00000      -   101 3060s
 140125 32877 infeasible   62               -  140.00000      -   101 3065s
 140301 32910 infeasible   66               -  140.00000      -   101 3070s
 140467 32971 infeasible   61               -  140.00000      -   101 3075s
 140715 32990 infeasible   90               -  140.00000      -   101 3080s
 140898 33001 infeasible   78               -  140.00000      -   101 3085s
 141185 33001 infeasible   68               -  140.00000      -   101 3090s
 141426 33041 infeasible   65               -  140.00000      -   101 3095s
 141624 33068 infeasible   80               -  140.00000      -   102 3100s
 141804 33088  140.00000   70  246          -  140.00000      -   102 3105s
 142034 33069 infeasible   88               -  140.00000      -   102 3110s
 142190 33061 infeasible   74               -  140.00000      -   102 3115s
 142337 33092  140.00000   62  110          -  140.00000      -   102 3120s
 142513 33125 infeasible   60               -  140.00000      -   102 3125s
 142652 33174  140.00000   63  178          -  140.00000      -   102 3130s
 142828 33213  140.00000   65  337          -  140.00000      -   102 3135s
 143140 33253 infeasible   78               -  140.00000      -   102 3140s
 143383 33314  140.00000   68  111          -  140.00000      -   102 3145s
 143665 33355 infeasible   70               -  140.00000      -   102 3150s
 143977 33452  140.00000   86   86          -  140.00000      -   102 3155s
 144288 33432  140.00000   89  240          -  140.00000      -   102 3160s
 144507 33466  140.00000   55  450          -  140.00000      -   102 3165s
 144733 33552  139.00000   56  294          -  140.00000      -   102 3170s
 144965 33669  140.00000   53  105          -  140.00000      -   102 3175s
 145121 33697 infeasible   57               -  140.00000      -   102 3180s
 145307 33744 infeasible   66               -  140.00000      -   102 3185s
 145586 33779 infeasible   68               -  140.00000      -   102 3190s
 145836 33805  140.00000   62  142          -  140.00000      -   103 3195s
 146012 33828 infeasible   71               -  140.00000      -   103 3200s
 146206 33846 infeasible   67               -  140.00000      -   103 3205s
 146353 33888  140.00000   64  186          -  140.00000      -   103 3217s
 146370 33881  140.00000   58  219          -  140.00000      -   103 3220s
 146405 33882  140.00000   58  164          -  140.00000      -   103 3225s
 146536 33907 infeasible   55               -  140.00000      -   103 3230s
 146761 33934 infeasible   74               -  140.00000      -   103 3235s
 146998 34035 infeasible   65               -  140.00000      -   103 3240s
 147217 34093  140.00000   60  131          -  140.00000      -   103 3245s
 147485 34194 infeasible   85               -  140.00000      -   103 3250s
 147652 34282 infeasible   67               -  140.00000      -   103 3255s
 147929 34340 infeasible   61               -  140.00000      -   103 3260s
 148115 34402 infeasible   88               -  140.00000      -   103 3265s
 148310 34437 infeasible   66               -  140.00000      -   103 3270s
 148567 34475 infeasible   60               -  140.00000      -   103 3275s
 148767 34553  140.00000   70  235          -  140.00000      -   103 3280s
 149015 34582 infeasible   71               -  140.00000      -   103 3285s
 149292 34605  140.00000   75  212          -  140.00000      -   103 3290s
 149496 34645  140.00000   61  252          -  140.00000      -   103 3295s
 149692 34681  140.00000   83  105          -  140.00000      -   104 3300s
 149910 34696 infeasible   73               -  140.00000      -   104 3305s
 150277 34758 infeasible   80               -  140.00000      -   104 3310s
 150429 34764 infeasible   82               -  140.00000      -   104 3315s
 150739 34867  140.00000   44  159          -  140.00000      -   104 3320s
 150936 34972  140.00000   62  254          -  140.00000      -   104 3325s
 151204 35081  140.00000   61  148          -  140.00000      -   104 3330s
 151358 35134 infeasible   63               -  140.00000      -   104 3335s
 151609 35219 infeasible   78               -  140.00000      -   104 3340s
 151876 35260 infeasible   48               -  140.00000      -   104 3345s
 152097 35289 infeasible   69               -  140.00000      -   104 3350s
 152233 35311  140.00000   55  438          -  140.00000      -   104 3355s
 152473 35374 infeasible   61               -  140.00000      -   104 3360s
 152769 35410  140.00000   69  272          -  140.00000      -   104 3365s
 152972 35434  140.00000   65  288          -  140.00000      -   104 3370s
 153084 35457 infeasible   65               -  140.00000      -   104 3375s
 153271 35506  140.00000   57  445          -  140.00000      -   104 3380s
 153542 35570 infeasible   76               -  140.00000      -   104 3385s
 153821 35656  140.00000   60  289          -  140.00000      -   104 3390s
 154010 35691 infeasible   73               -  140.00000      -   104 3395s
 154241 35718  140.00000   66  285          -  140.00000      -   104 3400s
 154415 35727  140.00000   55  199          -  140.00000      -   104 3405s
 154623 35783 infeasible   79               -  140.00000      -   104 3410s
 154809 35831 infeasible   75               -  140.00000      -   104 3415s
 155002 35873 infeasible   74               -  140.00000      -   104 3420s
 155279 35861  140.00000   68  472          -  140.00000      -   104 3425s
 155529 35883 infeasible   66               -  140.00000      -   104 3430s
 155788 35935  140.00000   69  235          -  140.00000      -   104 3435s
 156111 35974  140.00000   56  323          -  140.00000      -   104 3440s
 156295 36020 infeasible   56               -  140.00000      -   104 3445s
 156385 36035 infeasible   65               -  140.00000      -   105 3450s
 156582 36087 infeasible   54               -  140.00000      -   105 3455s
 156770 36108 infeasible   84               -  140.00000      -   105 3460s
 156944 36100  140.00000   59  274          -  140.00000      -   105 3471s
 156981 36069 infeasible  100               -  140.00000      -   105 3475s
 157007 36069  140.00000   64  323          -  140.00000      -   105 3480s
 157129 36112  140.00000   45  355          -  140.00000      -   105 3485s
 157345 36258  140.00000   73  108          -  140.00000      -   105 3490s
 157533 36347  140.00000   53  117          -  140.00000      -   105 3495s
 157746 36418  140.00000   64  162          -  140.00000      -   105 3500s
 158016 36544  140.00000   55  115          -  140.00000      -   105 3505s
 158155 36568 infeasible   63               -  140.00000      -   105 3510s
 158276 36582  140.00000   48  359          -  140.00000      -   105 3515s
 158429 36641 infeasible   64               -  140.00000      -   105 3520s
 158734 36819 infeasible   68               -  140.00000      -   105 3525s
 158993 36937 infeasible   58               -  140.00000      -   105 3530s
 159184 37024  140.00000   43  203          -  140.00000      -   105 3535s
 159502 37166  140.00000   53  219          -  140.00000      -   105 3540s
 159750 37273 infeasible   64               -  140.00000      -   105 3545s
 160053 37400  140.00000   53  359          -  140.00000      -   105 3550s
 160294 37490 infeasible   64               -  140.00000      -   105 3555s
 160555 37539  139.00000   63  294          -  140.00000      -   105 3560s
 160781 37606 infeasible   57               -  140.00000      -   105 3565s
 161017 37638  140.00000   75  251          -  140.00000      -   105 3570s
 161248 37741 infeasible   63               -  140.00000      -   105 3575s
 161513 37917  140.00000   61  344          -  140.00000      -   105 3580s
 161717 38008  140.00000   59  504          -  140.00000      -   105 3585s
 161912 38077 infeasible   68               -  140.00000      -   105 3590s
 162131 38153  140.00000   70  187          -  140.00000      -   105 3595s

Cutting planes:
  Cover: 108
  Implied bound: 18
  Projected implied bound: 1
  Clique: 122
  MIR: 13
  StrongCG: 7
  Flow cover: 64
  GUB cover: 42
  Zero half: 24
  RLT: 2
  Relax-and-lift: 42

Explored 162336 nodes (17134136 simplex iterations) in 3600.01 seconds (2736.83 work units)
Thread count was 1 (of 8 available processors)

Solution count 0

Time limit reached
Best objective -, best bound 1.400000000000e+02, gap -
