
Gurobi 11.0.1 (win64) logging started Wed Mar 13 20:01:02 2024

Set parameter LogFile to value "C:\Projetos\Job_Rotation_Algorithms\Outputs\GurobiLogs\gurobi_log-output-75_ros-c16-BorbaRittModel-NoExtraConstraint-2.log"
Gurobi Optimizer version 11.0.1 build v11.0.1rc0 (win64 - Windows 10.0 (19045.2))

CPU model: 11th Gen Intel(R) Core(TM) i7-1165G7 @ 2.80GHz, instruction set [SSE2|AVX|AVX2|AVX512]
Thread count: 4 physical cores, 8 logical processors, using up to 1 threads


Gurobi 11.0.1 (win64) logging started Thu Mar 14 07:59:19 2024

Set parameter LogFile to value "C:\Projetos\Job_Rotation_Algorithms\Outputs\GurobiLogs\gurobi_log-output-75_ros-c16-BorbaRittModel-NoExtraConstraint-2.log"
Gurobi Optimizer version 11.0.1 build v11.0.1rc0 (win64 - Windows 10.0 (19045.2))

CPU model: 11th Gen Intel(R) Core(TM) i7-1165G7 @ 2.80GHz, instruction set [SSE2|AVX|AVX2|AVX512]
Thread count: 4 physical cores, 8 logical processors, using up to 1 threads


Gurobi 11.0.1 (win64) logging started Fri Mar 15 00:36:46 2024

Set parameter LogFile to value "C:\Projetos\Job_Rotation_Algorithms\Outputs\GurobiLogs\gurobi_log-output-75_ros-c16-BorbaRittModel-NoExtraConstraint-2.log"
Gurobi Optimizer version 11.0.1 build v11.0.1rc0 (win64 - Windows 10.0 (19045.2))

CPU model: 11th Gen Intel(R) Core(TM) i7-1165G7 @ 2.80GHz, instruction set [SSE2|AVX|AVX2|AVX512]
Thread count: 4 physical cores, 8 logical processors, using up to 1 threads


Gurobi 11.0.1 (win64) logging started Sat Mar 16 10:17:37 2024

Set parameter LogFile to value "C:\Projetos\Job_Rotation_Algorithms\Outputs\GurobiLogs\gurobi_log-output-75_ros-c16-BorbaRittModel-NoExtraConstraint-2.log"
Gurobi Optimizer version 11.0.1 build v11.0.1rc0 (win64 - Windows 10.0 (19045.2))

CPU model: 11th Gen Intel(R) Core(TM) i7-1165G7 @ 2.80GHz, instruction set [SSE2|AVX|AVX2|AVX512]
Thread count: 4 physical cores, 8 logical processors, using up to 1 threads

WLS license 901039 - registered to Bitka Analytics
Optimize a model with 2054 rows, 473 columns and 6505 nonzeros
Model fingerprint: 0xef9c48bd
Variable types: 2 continuous, 471 integer (471 binary)
Coefficient statistics:
  Matrix range     [1e+00, 3e+01]
  Objective range  [1e+00, 1e+00]
  Bounds range     [1e+00, 3e+01]
  RHS range        [1e+00, 3e+01]
Presolve removed 28 rows and 4 columns
Presolve time: 0.02s
Presolved: 2026 rows, 469 columns, 6418 nonzeros
Variable types: 0 continuous, 469 integer (468 binary)

Root simplex log...

Iteration    Objective       Primal Inf.    Dual Inf.      Time
       0    1.3600000e+02   1.860000e+02   0.000000e+00     23s
     607    5.0000000e+01   0.000000e+00   0.000000e+00     23s

Root relaxation: objective 5.000000e+01, 607 iterations, 0.06 seconds (0.02 work units)

    Nodes    |    Current Node    |     Objective Bounds      |     Work
 Expl Unexpl |  Obj  Depth IntInf | Incumbent    BestBd   Gap | It/Node Time

     0     0   50.00000    0  153          -   50.00000      -     -   22s
     0     0   50.00000    0  182          -   50.00000      -     -   22s
     0     0   50.00000    0  165          -   50.00000      -     -   22s
     0     0   50.00000    0  143          -   50.00000      -     -   22s
     0     0   50.00000    0  146          -   50.00000      -     -   22s
     0     0   50.00000    0  127          -   50.00000      -     -   22s
     0     0   50.00000    0  163          -   50.00000      -     -   22s
     0     0   50.00000    0  147          -   50.00000      -     -   23s
     0     0   50.00000    0  148          -   50.00000      -     -   23s
     0     0   50.00000    0  140          -   50.00000      -     -   23s
     0     0   50.00000    0  144          -   50.00000      -     -   23s
     0     0   50.00000    0  113          -   50.00000      -     -   23s
     0     0   50.00000    0  153          -   50.00000      -     -   23s
     0     0   50.00000    0  121          -   50.00000      -     -   23s
     0     0   50.00000    0  120          -   50.00000      -     -   23s
     0     0   50.00000    0  125          -   50.00000      -     -   23s
     0     0   50.00000    0  125          -   50.00000      -     -   23s
     0     2   50.00000    0  125          -   50.00000      -     -   23s
   605   338   49.73782   43  156          -   50.00000      -  62.9   25s
  1037   396   50.00000   29  147          -   50.00000      -  47.1   30s
  1615   364   50.00000   39  144          -   50.00000      -  86.9   35s
  2306   456   50.00000   36  120          -   50.00000      -   114   40s
  2908   557 infeasible   39               -   50.00000      -   128   45s
  3827  1070 infeasible   60               -   50.00000      -   127   50s
  4625  1368   50.00000   52  134          -   50.00000      -   132   55s
  5553  1686 infeasible   45               -   50.00000      -   134   60s
  6287  1958 infeasible   41               -   50.00000      -   138   65s
  7048  2161 infeasible   48               -   50.00000      -   141   70s
  7826  2337   50.00000   42  151          -   50.00000      -   143   75s
  8666  2637   50.00000   40  143          -   50.00000      -   143   80s
  9567  2870 infeasible   52               -   50.00000      -   144   85s
 10202  3025   50.00000   47  148          -   50.00000      -   145   92s
 10535  3148   50.00000   44  140          -   50.00000      -   145   95s
 11464  3399 infeasible   46               -   50.00000      -   146  100s
 12244  3565   50.00000   55  150          -   50.00000      -   148  105s
 12916  3731 infeasible   48               -   50.00000      -   149  110s
 13688  3899 infeasible   57               -   50.00000      -   151  115s
 14503  4024 infeasible   46               -   50.00000      -   152  120s
 15326  4243 infeasible   39               -   50.00000      -   153  125s
 16066  4415   50.00000   31  154          -   50.00000      -   153  130s
 17016  4755 infeasible   32               -   50.00000      -   153  135s
 17930  4899   50.00000   31  140          -   50.00000      -   153  140s
 18623  4998   50.00000   39  126          -   50.00000      -   154  145s
 19490  5125 infeasible   36               -   50.00000      -   154  150s
 20411  5254 infeasible   42               -   50.00000      -   155  155s
 21120  5329 infeasible   37               -   50.00000      -   156  160s
 21748  5413 infeasible   46               -   50.00000      -   156  165s
 22584  5529 infeasible   51               -   50.00000      -   157  170s
 23452  5667 infeasible   39               -   50.00000      -   157  175s
 24389  5858   50.00000   37  127          -   50.00000      -   156  180s
 25099  5918   50.00000   47  132          -   50.00000      -   157  185s
 25820  6079   50.00000   41  140          -   50.00000      -   157  190s
 26550  6203 infeasible   37               -   50.00000      -   158  195s
 27292  6363 infeasible   34               -   50.00000      -   159  200s
 28044  6470 infeasible   48               -   50.00000      -   160  205s
 28699  6561 infeasible   57               -   50.00000      -   160  210s
 29466  6690 infeasible   35               -   50.00000      -   161  215s
 30188  6776 infeasible   44               -   50.00000      -   161  220s
 30985  6905   50.00000   31  153          -   50.00000      -   161  225s
 31546  7010   50.00000   47  144          -   50.00000      -   162  230s
 32201  7071 infeasible   44               -   50.00000      -   162  235s
 32962  7120 infeasible   34               -   50.00000      -   163  240s
 33867  7333 infeasible   24               -   50.00000      -   163  245s
 34714  7448   50.00000   42  132          -   50.00000      -   162  250s
 35499  7539   50.00000   46  152          -   50.00000      -   163  255s
 36306  7662 infeasible   51               -   50.00000      -   163  260s
 37138  7774 infeasible   42               -   50.00000      -   163  265s
 37836  7948   50.00000   28  150          -   50.00000      -   163  270s
 38581  8063   50.00000   34  150          -   50.00000      -   164  275s
 39188  8096   50.00000   25  151          -   50.00000      -   164  280s
 40036  8198 infeasible   33               -   50.00000      -   164  285s
 40882  8366   50.00000   40  138          -   50.00000      -   164  290s
 41710  8568 infeasible   41               -   50.00000      -   164  295s
 42466  8636 infeasible   47               -   50.00000      -   164  300s
 43362  8998   50.00000   25  136          -   50.00000      -   164  305s
 43970  9228 infeasible   35               -   50.00000      -   164  310s
 44777  9397   50.00000   36  164          -   50.00000      -   164  315s
 45520  9542   49.00000   35  129          -   50.00000      -   165  320s
 46305  9591 infeasible   40               -   50.00000      -   165  325s
 47012  9698   47.67013   37  150          -   50.00000      -   166  330s
 47634  9820   50.00000   40  183          -   50.00000      -   166  335s
 48223  9889 infeasible   29               -   50.00000      -   166  340s
 48943 10005   50.00000   38  131          -   50.00000      -   167  345s
 49659 10183   50.00000   44  126          -   50.00000      -   167  350s
 50281 10299 infeasible   39               -   50.00000      -   167  355s
 51043 10447 infeasible   37               -   50.00000      -   168  360s
 51864 10740   50.00000   50  173          -   50.00000      -   168  365s
 52472 10862   50.00000   39  136          -   50.00000      -   168  370s
 53222 11048 infeasible   40               -   50.00000      -   168  375s
 53929 11203 infeasible   36               -   50.00000      -   168  380s
 54668 11400   50.00000   33  136          -   50.00000      -   169  385s
 55458 11520 infeasible   41               -   50.00000      -   169  390s
 56163 11653 infeasible   48               -   50.00000      -   169  395s
 56881 11721   49.00000   39  149          -   50.00000      -   169  400s
 57532 11814   50.00000   45  119          -   50.00000      -   170  405s
 58068 11932 infeasible   56               -   50.00000      -   170  410s
 58657 12021 infeasible   46               -   50.00000      -   170  415s
 59361 12079 infeasible   46               -   50.00000      -   171  420s
 60020 12090   50.00000   36  113          -   50.00000      -   171  425s
 60606 12168   50.00000   37  164          -   50.00000      -   171  430s
 61318 12208   49.00000   33  142          -   50.00000      -   171  435s
 61980 12258 infeasible   31               -   50.00000      -   172  440s
 62565 12361 infeasible   33               -   50.00000      -   172  445s
 63206 12444 infeasible   43               -   50.00000      -   173  450s
 63957 12655 infeasible   34               -   50.00000      -   173  455s
 64644 12716   50.00000   49  118          -   50.00000      -   173  460s
 65457 12811   50.00000   51  143          -   50.00000      -   173  465s
 66229 12917 infeasible   43               -   50.00000      -   173  470s
 67048 13068   50.00000   47  112          -   50.00000      -   173  475s
 67605 13159 infeasible   51               -   50.00000      -   173  480s
 68403 13275   48.06785   49  146          -   50.00000      -   173  485s
 69197 13441 infeasible   49               -   50.00000      -   173  490s
 69900 13454   50.00000   33  160          -   50.00000      -   173  495s
 70576 13540   50.00000   32  141          -   50.00000      -   173  500s
 71323 13597 infeasible   41               -   50.00000      -   173  505s
 72035 13669 infeasible   55               -   50.00000      -   173  510s
 72647 13701 infeasible   31               -   50.00000      -   173  515s
 73507 13765 infeasible   48               -   50.00000      -   173  520s
 74183 13895 infeasible   51               -   50.00000      -   174  525s
 74772 13978 infeasible   49               -   50.00000      -   174  530s
 75475 14011 infeasible   40               -   50.00000      -   174  535s
 76254 14098   50.00000   34  122          -   50.00000      -   174  540s
 76749 14149 infeasible   35               -   50.00000      -   174  545s
 77517 14203 infeasible   36               -   50.00000      -   174  550s
 78344 14262 infeasible   40               -   50.00000      -   174  555s
 78899 14255   50.00000   44  172          -   50.00000      -   175  560s
 79768 14278   50.00000   50  113          -   50.00000      -   175  565s
 80454 14274   50.00000   43  133          -   50.00000      -   175  570s
H81094 14316                      39.0000000   50.00000  28.2%   175  574s
 81136 14312 infeasible   49        39.00000   50.00000  28.2%   175  575s
H81203 14307                      40.0000000   50.00000  25.0%   175  575s
H81469 14311                      41.0000000   50.00000  22.0%   175  577s
 81845 14319 infeasible   37        41.00000   50.00000  22.0%   175  580s
 82449 14273   49.98764   48  161   41.00000   50.00000  22.0%   175  585s
 82844 14228 infeasible   50        41.00000   50.00000  22.0%   175  590s
 83006 14196 infeasible   46        41.00000   50.00000  22.0%   176  595s
 83214 14207   50.00000   42  135   41.00000   50.00000  22.0%   176  600s
 83322 14209   50.00000   52  137   41.00000   50.00000  22.0%   176  605s
H83427 14188                      44.0000000   50.00000  13.6%   176  609s
 83455 14186   50.00000   45  140   44.00000   50.00000  13.6%   176  610s
 83567 14198   50.00000   40  161   44.00000   50.00000  13.6%   176  615s
 83681 14195   50.00000   57  145   44.00000   50.00000  13.6%   176  620s
 83824 14186   50.00000   28  114   44.00000   50.00000  13.6%   176  625s
 83978 14202 infeasible   39        44.00000   50.00000  13.6%   176  630s
 84116 14210   50.00000   35  202   44.00000   50.00000  13.6%   176  636s
 84302 14202   50.00000   40  156   44.00000   50.00000  13.6%   176  641s
 84424 14182   50.00000   38  135   44.00000   50.00000  13.6%   176  645s
 84561 14201 infeasible   44        44.00000   50.00000  13.6%   176  650s
 84732 14213   50.00000   31  137   44.00000   50.00000  13.6%   176  656s
 84786 14207   50.00000   41  127   44.00000   50.00000  13.6%   176  660s
 84901 14208 infeasible   38        44.00000   50.00000  13.6%   176  665s
 85061 14209   50.00000   41  126   44.00000   50.00000  13.6%   176  671s
 85179 14204   50.00000   55  108   44.00000   50.00000  13.6%   176  675s
 85356 14238   50.00000   40  126   44.00000   50.00000  13.6%   176  680s
 85459 14243   48.72841   42  142   44.00000   50.00000  13.6%   176  685s
 85602 14251 infeasible   45        44.00000   50.00000  13.6%   176  690s
 85768 14263   50.00000   27  129   44.00000   50.00000  13.6%   176  695s
 85889 14274 infeasible   41        44.00000   50.00000  13.6%   176  700s
 86087 14298   49.93131   30  173   44.00000   50.00000  13.6%   176  705s
 86249 14319   45.44941   39  149   44.00000   50.00000  13.6%   176  711s
 86333 14328   50.00000   27  131   44.00000   50.00000  13.6%   176  715s
 86506 14325   50.00000   25  143   44.00000   50.00000  13.6%   177  721s
 86592 14343   45.20842   46  127   44.00000   50.00000  13.6%   177  725s
 86813 14357   48.00000   43  132   44.00000   50.00000  13.6%   177  730s
 86952 14370   50.00000   44  135   44.00000   50.00000  13.6%   177  735s
 87267 14389 infeasible   35        44.00000   50.00000  13.6%   177  740s
 87485 14372   48.36382   36  157   44.00000   50.00000  13.6%   177  745s
 87654 14356   50.00000   36  135   44.00000   50.00000  13.6%   177  750s
 87877 14410   50.00000   24  149   44.00000   50.00000  13.6%   177  755s
 88013 14445   47.47784   27  116   44.00000   50.00000  13.6%   177  760s
 88205 14473   47.24882   32  141   44.00000   50.00000  13.6%   177  765s
 88417 14495   50.00000   31  177   44.00000   50.00000  13.6%   177  770s
 88672 14515   50.00000   26  136   44.00000   50.00000  13.6%   177  775s
 88972 14516   49.19478   34  158   44.00000   50.00000  13.6%   177  780s
 89179 14517   50.00000   37  128   44.00000   50.00000  13.6%   177  785s
 89375 14520   50.00000   29  127   44.00000   50.00000  13.6%   177  790s
 89636 14529   50.00000   28  148   44.00000   50.00000  13.6%   177  795s
 89926 14533   50.00000   25  150   44.00000   50.00000  13.6%   177  800s
 90062 14556   50.00000   47  128   44.00000   50.00000  13.6%   177  805s
 90253 14578   48.98919   44  178   44.00000   50.00000  13.6%   177  810s
 90505 14580   49.89257   42  149   44.00000   50.00000  13.6%   177  815s
 90730 14562   50.00000   44  124   44.00000   50.00000  13.6%   177  821s
 90867 14591   50.00000   47  149   44.00000   50.00000  13.6%   177  825s
 91452 14653 infeasible   49        44.00000   50.00000  13.6%   177  830s
 91825 14649   50.00000   39  131   44.00000   50.00000  13.6%   177  835s
 92409 14678   49.45898   48  136   44.00000   50.00000  13.6%   177  840s
 92918 14713   50.00000   34  138   44.00000   50.00000  13.6%   177  845s
 93595 14757 infeasible   28        44.00000   50.00000  13.6%   177  850s
 94139 14775 infeasible   37        44.00000   50.00000  13.6%   177  855s
 94646 14744   49.95094   27  191   44.00000   50.00000  13.6%   177  860s
 95280 14780   50.00000   28  143   44.00000   50.00000  13.6%   177  865s
 95776 14812   50.00000   31  130   44.00000   50.00000  13.6%   177  870s
 95793 14812   47.24523   35  118   44.00000   50.00000  13.6%   177  876s
 96119 14839 infeasible   36        44.00000   50.00000  13.6%   177  880s
 96686 14884 infeasible   37        44.00000   50.00000  13.6%   177  885s
 97204 14929 infeasible   35        44.00000   50.00000  13.6%   177  890s
 97631 14938   47.21104   41  166   44.00000   50.00000  13.6%   177  895s
 98282 14967   50.00000   36  127   44.00000   50.00000  13.6%   177  900s
 98891 14968   49.12277   35  148   44.00000   50.00000  13.6%   177  905s
 99537 15040 infeasible   29        44.00000   50.00000  13.6%   177  910s
 100119 15095 infeasible   30        44.00000   50.00000  13.6%   177  915s
 100661 15132   50.00000   35  132   44.00000   50.00000  13.6%   177  920s
 101157 15132 infeasible   34        44.00000   50.00000  13.6%   177  925s
 101602 15197   49.49383   31  191   44.00000   50.00000  13.6%   177  930s
 102139 15300   50.00000   29  141   44.00000   50.00000  13.6%   177  935s
 102455 15382   50.00000   32  140   44.00000   50.00000  13.6%   177  940s
 103085 15468 infeasible   24        44.00000   50.00000  13.6%   177  945s
 103589 15445   50.00000   36  163   44.00000   50.00000  13.6%   178  950s
 104113 15439 infeasible   27        44.00000   50.00000  13.6%   178  955s
 104493 15468   50.00000   34  152   44.00000   50.00000  13.6%   178  960s
 105099 15488 infeasible   32        44.00000   50.00000  13.6%   178  965s
 105711 15498   50.00000   38  137   44.00000   50.00000  13.6%   178  970s
 106261 15534   50.00000   30  117   44.00000   50.00000  13.6%   178  975s
 106905 15559     cutoff   26        44.00000   50.00000  13.6%   178  980s
 107367 15586   50.00000   30  142   44.00000   50.00000  13.6%   178  985s
 107907 15581 infeasible   34        44.00000   50.00000  13.6%   178  990s
 108434 15700 infeasible   35        44.00000   50.00000  13.6%   178  995s
 108937 15749   49.63221   35  156   44.00000   50.00000  13.6%   178 1000s
 109493 15797 infeasible   31        44.00000   50.00000  13.6%   178 1005s
 110174 15860 infeasible   41        44.00000   50.00000  13.6%   178 1010s
 110606 15899   49.92773   32  128   44.00000   50.00000  13.6%   178 1015s
 111323 15977 infeasible   40        44.00000   50.00000  13.6%   178 1020s
 111895 16044   48.02876   45  133   44.00000   50.00000  13.6%   178 1025s
 112308 16094   50.00000   22  166   44.00000   50.00000  13.6%   178 1030s
 113037 16132   48.16829   40  177   44.00000   50.00000  13.6%   178 1035s
 113600 16123 infeasible   35        44.00000   50.00000  13.6%   178 1040s
 114037 16125 infeasible   53        44.00000   50.00000  13.6%   178 1045s
 114602 16157 infeasible   35        44.00000   50.00000  13.6%   178 1050s
 115297 16191   50.00000   33  121   44.00000   50.00000  13.6%   178 1055s
 115802 16197   50.00000   40  163   44.00000   50.00000  13.6%   178 1060s
 116362 16178 infeasible   42        44.00000   50.00000  13.6%   178 1065s
 116798 16204   50.00000   30  154   44.00000   50.00000  13.6%   178 1070s
 117234 16235   50.00000   33  155   44.00000   50.00000  13.6%   178 1075s
 117841 16272   50.00000   30  136   44.00000   50.00000  13.6%   178 1080s
 118218 16266   50.00000   32  151   44.00000   50.00000  13.6%   178 1085s
 118689 16236   50.00000   27  143   44.00000   50.00000  13.6%   178 1090s
 119168 16227 infeasible   41        44.00000   50.00000  13.6%   178 1095s
 119776 16263 infeasible   51        44.00000   50.00000  13.6%   178 1100s
 120334 16281   50.00000   38  123   44.00000   50.00000  13.6%   178 1105s
 120837 16274 infeasible   45        44.00000   50.00000  13.6%   178 1110s
 121254 16273 infeasible   40        44.00000   50.00000  13.6%   178 1115s
 121806 16259 infeasible   40        44.00000   50.00000  13.6%   179 1120s
 122397 16246 infeasible   48        44.00000   50.00000  13.6%   179 1125s
 122966 16261   50.00000   37  145   44.00000   50.00000  13.6%   179 1130s
 123320 16270 infeasible   56        44.00000   50.00000  13.6%   179 1135s
 123968 16274   50.00000   31  155   44.00000   50.00000  13.6%   179 1140s
 124299 16277   50.00000   32  134   44.00000   50.00000  13.6%   179 1145s
 124835 16280   48.19967   32  137   44.00000   50.00000  13.6%   179 1150s
 125478 16328 infeasible   30        44.00000   50.00000  13.6%   179 1155s
 126016 16337 infeasible   42        44.00000   50.00000  13.6%   179 1160s
 126590 16358   50.00000   44  151   44.00000   50.00000  13.6%   179 1165s
 127178 16347   50.00000   29  124   44.00000   50.00000  13.6%   179 1170s
 127570 16317 infeasible   37        44.00000   50.00000  13.6%   179 1175s
 128103 16341 infeasible   44        44.00000   50.00000  13.6%   179 1180s
 128796 16391   49.00000   38  170   44.00000   50.00000  13.6%   179 1185s
 129245 16397     cutoff   35        44.00000   50.00000  13.6%   179 1190s
 129874 16425 infeasible   38        44.00000   50.00000  13.6%   179 1195s
 130357 16420   50.00000   44  138   44.00000   50.00000  13.6%   179 1200s
 130721 16399 infeasible   48        44.00000   50.00000  13.6%   179 1205s
 131076 16348 infeasible   41        44.00000   50.00000  13.6%   179 1210s
 131655 16409   49.47775   54  172   44.00000   50.00000  13.6%   179 1215s
 132135 16413 infeasible   34        44.00000   50.00000  13.6%   180 1220s
 132623 16383   50.00000   25  115   44.00000   50.00000  13.6%   180 1225s
 133066 16343   50.00000   42  164   44.00000   50.00000  13.6%   180 1230s
 133555 16313 infeasible   35        44.00000   50.00000  13.6%   180 1235s
 134112 16274 infeasible   34        44.00000   50.00000  13.6%   180 1240s
 134642 16264 infeasible   35        44.00000   50.00000  13.6%   180 1245s
 135226 16277 infeasible   31        44.00000   50.00000  13.6%   180 1250s
 135756 16351 infeasible   33        44.00000   50.00000  13.6%   180 1255s
 136272 16367   48.57144   54  146   44.00000   50.00000  13.6%   180 1260s
 136627 16366   50.00000   44  178   44.00000   50.00000  13.6%   180 1265s
 137216 16332   49.99014   41  167   44.00000   50.00000  13.6%   180 1270s
 137698 16340 infeasible   39        44.00000   50.00000  13.6%   180 1275s
 138239 16381   50.00000   38  158   44.00000   50.00000  13.6%   180 1280s
 138645 16371 infeasible   43        44.00000   50.00000  13.6%   180 1285s
 139065 16363   50.00000   43  174   44.00000   50.00000  13.6%   180 1290s
 139617 16425   49.26551   39  119   44.00000   50.00000  13.6%   180 1295s
 140180 16440 infeasible   38        44.00000   50.00000  13.6%   180 1300s
 140694 16478 infeasible   42        44.00000   50.00000  13.6%   180 1305s
 141286 16538   50.00000   33  171   44.00000   50.00000  13.6%   180 1310s
 141860 16524 infeasible   39        44.00000   50.00000  13.6%   181 1315s
 142401 16562 infeasible   38        44.00000   50.00000  13.6%   181 1320s
 142814 16579   50.00000   39  151   44.00000   50.00000  13.6%   181 1325s
 143392 16632   50.00000   24  153   44.00000   50.00000  13.6%   181 1330s
 143823 16681 infeasible   36        44.00000   50.00000  13.6%   181 1335s
 144370 16734 infeasible   40        44.00000   50.00000  13.6%   181 1340s
 144880 16740   50.00000   38  133   44.00000   50.00000  13.6%   181 1345s
 145476 16790   50.00000   34  150   44.00000   50.00000  13.6%   181 1350s
 145983 16794   45.27928   49  109   44.00000   50.00000  13.6%   181 1355s
 146514 16802 infeasible   40        44.00000   50.00000  13.6%   181 1360s
 147020 16900 infeasible   40        44.00000   50.00000  13.6%   181 1365s
 147634 16992 infeasible   37        44.00000   50.00000  13.6%   181 1370s
 148189 16970 infeasible   26        44.00000   50.00000  13.6%   181 1375s
 148602 16983   50.00000   40  149   44.00000   50.00000  13.6%   181 1380s
 149235 16998 infeasible   33        44.00000   50.00000  13.6%   181 1385s
 149657 16999 infeasible   42        44.00000   50.00000  13.6%   181 1390s
 150197 17013 infeasible   34        44.00000   50.00000  13.6%   181 1395s
 150674 17045 infeasible   44        44.00000   50.00000  13.6%   181 1400s
 151129 17038   50.00000   33  158   44.00000   50.00000  13.6%   181 1405s
 151704 17019   50.00000   38  140   44.00000   50.00000  13.6%   181 1410s
 152176 16983   50.00000   49  176   44.00000   50.00000  13.6%   181 1415s
 152848 17024   50.00000   46  160   44.00000   50.00000  13.6%   181 1420s
 153350 17040   50.00000   29  195   44.00000   50.00000  13.6%   181 1425s
 153847 17089 infeasible   29        44.00000   50.00000  13.6%   181 1430s
 154285 17116 infeasible   26        44.00000   50.00000  13.6%   181 1435s
 154983 17140   46.35740   38  155   44.00000   50.00000  13.6%   181 1440s
 155499 17134   50.00000   40  140   44.00000   50.00000  13.6%   181 1445s
 156023 17146 infeasible   35        44.00000   50.00000  13.6%   181 1450s
 156409 17147   50.00000   39  132   44.00000   50.00000  13.6%   181 1455s
 156900 17133 infeasible   36        44.00000   50.00000  13.6%   181 1460s
 157566 17177 infeasible   32        44.00000   50.00000  13.6%   181 1465s
 158059 17151   50.00000   41  139   44.00000   50.00000  13.6%   181 1470s
 158485 17188   49.96834   36  171   44.00000   50.00000  13.6%   181 1475s
 159009 17201 infeasible   40        44.00000   50.00000  13.6%   181 1480s
 159633 17220   50.00000   41  143   44.00000   50.00000  13.6%   181 1485s
 160121 17230 infeasible   36        44.00000   50.00000  13.6%   181 1490s
 160693 17268   49.97098   28  168   44.00000   50.00000  13.6%   181 1495s
 161271 17264 infeasible   37        44.00000   50.00000  13.6%   181 1500s
 161845 17264 infeasible   42        44.00000   50.00000  13.6%   181 1505s
 162248 17317   50.00000   31  146   44.00000   50.00000  13.6%   181 1510s
 162879 17391   50.00000   20  155   44.00000   50.00000  13.6%   181 1515s
 163443 17500 infeasible   32        44.00000   50.00000  13.6%   181 1520s
 163970 17504 infeasible   42        44.00000   50.00000  13.6%   181 1525s
 164609 17626   50.00000   32  120   44.00000   50.00000  13.6%   181 1530s
 164961 17651 infeasible   35        44.00000   50.00000  13.6%   181 1535s
 165467 17596   50.00000   26  156   44.00000   50.00000  13.6%   181 1540s
 165848 17659   50.00000   32  130   44.00000   50.00000  13.6%   181 1545s
 166375 17674   50.00000   42  142   44.00000   50.00000  13.6%   181 1550s
 166848 17725   50.00000   35  144   44.00000   50.00000  13.6%   181 1555s
 167302 17705   49.87311   25  163   44.00000   50.00000  13.6%   182 1560s
 167802 17740   50.00000   34  121   44.00000   50.00000  13.6%   182 1565s
 168310 17740 infeasible   39        44.00000   50.00000  13.6%   182 1570s
 168742 17739 infeasible   44        44.00000   50.00000  13.6%   182 1575s
 169320 17914   50.00000   39  123   44.00000   50.00000  13.6%   182 1580s
 169977 17944   50.00000   40  173   44.00000   50.00000  13.6%   182 1585s
 170498 17945   50.00000   32  133   44.00000   50.00000  13.6%   182 1590s
 170898 17935 infeasible   37        44.00000   50.00000  13.6%   182 1595s
 171375 17945   50.00000   39  133   44.00000   50.00000  13.6%   182 1600s
 171922 17967   49.00000   40  136   44.00000   50.00000  13.6%   182 1605s
 172566 18014   50.00000   40  117   44.00000   50.00000  13.6%   182 1610s
 173017 18003   50.00000   42  112   44.00000   50.00000  13.6%   182 1615s
 173463 18043   49.42567   39  164   44.00000   50.00000  13.6%   182 1620s
 173954 18077 infeasible   39        44.00000   50.00000  13.6%   182 1625s
 174545 18072   50.00000   36  159   44.00000   50.00000  13.6%   182 1630s
 174969 18068   50.00000   44  169   44.00000   50.00000  13.6%   182 1635s
 175566 18068 infeasible   38        44.00000   50.00000  13.6%   182 1640s
 176217 18070 infeasible   32        44.00000   50.00000  13.6%   182 1645s
 176688 18066 infeasible   36        44.00000   50.00000  13.6%   182 1650s
 177198 18075   50.00000   35  172   44.00000   50.00000  13.6%   182 1655s
 177699 18085   50.00000   42  167   44.00000   50.00000  13.6%   182 1660s
 178222 18070 infeasible   42        44.00000   50.00000  13.6%   182 1665s
 178644 18071   50.00000   36  159   44.00000   50.00000  13.6%   182 1670s
 179222 18072 infeasible   37        44.00000   50.00000  13.6%   182 1675s
 179688 18098   47.60254   44  172   44.00000   50.00000  13.6%   182 1680s
 180176 18087   50.00000   49  180   44.00000   50.00000  13.6%   182 1685s
 180675 18093   45.23963   31  133   44.00000   50.00000  13.6%   182 1690s
 181134 18095   49.55569   48  129   44.00000   50.00000  13.6%   182 1695s
 181631 18089 infeasible   50        44.00000   50.00000  13.6%   183 1700s
 182061 18091   47.15098   53  114   44.00000   50.00000  13.6%   183 1705s
 182458 18078 infeasible   43        44.00000   50.00000  13.6%   183 1710s
 183045 18100   49.00000   44  150   44.00000   50.00000  13.6%   183 1715s
 183585 18088 infeasible   35        44.00000   50.00000  13.6%   183 1720s
 183991 18070 infeasible   39        44.00000   50.00000  13.6%   183 1725s
 184373 18094   50.00000   44  154   44.00000   50.00000  13.6%   183 1730s
 184867 18098   50.00000   44  182   44.00000   50.00000  13.6%   183 1735s
 185167 18087   50.00000   40  135   44.00000   50.00000  13.6%   183 1740s
 185697 18070   50.00000   36  191   44.00000   50.00000  13.6%   183 1745s
 186179 18087 infeasible   38        44.00000   50.00000  13.6%   183 1750s
 186601 18075   50.00000   42  159   44.00000   50.00000  13.6%   183 1755s
 187057 18076   50.00000   36  163   44.00000   50.00000  13.6%   183 1760s
 187522 18075   50.00000   43  152   44.00000   50.00000  13.6%   183 1765s
 187894 18076   50.00000   38  163   44.00000   50.00000  13.6%   183 1770s
 188356 18087   50.00000   42  135   44.00000   50.00000  13.6%   183 1775s
 188684 18072   46.81433   40  165   44.00000   50.00000  13.6%   184 1780s
 189130 18078 infeasible   40        44.00000   50.00000  13.6%   184 1785s
 189574 18086   49.00658   41  147   44.00000   50.00000  13.6%   184 1790s
 190168 18084   50.00000   41  151   44.00000   50.00000  13.6%   184 1795s
 190513 18081   50.00000   42  154   44.00000   50.00000  13.6%   184 1800s
 191047 18081 infeasible   43        44.00000   50.00000  13.6%   184 1805s
 191653 18089   50.00000   40  139   44.00000   50.00000  13.6%   184 1810s
 192122 18105   50.00000   43  163   44.00000   50.00000  13.6%   184 1815s
 192521 18084   50.00000   43  143   44.00000   50.00000  13.6%   184 1820s
 192938 18082 infeasible   40        44.00000   50.00000  13.6%   184 1825s
 193506 18078   50.00000   36  142   44.00000   50.00000  13.6%   184 1830s
 193978 18085   50.00000   46  154   44.00000   50.00000  13.6%   184 1835s
 194345 18076   50.00000   42  163   44.00000   50.00000  13.6%   184 1840s
 194886 18074 infeasible   41        44.00000   50.00000  13.6%   184 1845s
 195318 18077   50.00000   34  170   44.00000   50.00000  13.6%   184 1850s
 195689 18084   50.00000   44  141   44.00000   50.00000  13.6%   184 1855s
 196071 18086 infeasible   40        44.00000   50.00000  13.6%   184 1860s
 196573 18089 infeasible   50        44.00000   50.00000  13.6%   184 1865s
 197034 18083   50.00000   26  141   44.00000   50.00000  13.6%   184 1870s
 197459 18089   50.00000   41  153   44.00000   50.00000  13.6%   184 1875s
 197948 18067   50.00000   23  125   44.00000   50.00000  13.6%   184 1880s
 198482 18059 infeasible   39        44.00000   50.00000  13.6%   184 1885s
 198915 18074   50.00000   34  138   44.00000   50.00000  13.6%   184 1890s
 199334 18085 infeasible   49        44.00000   50.00000  13.6%   185 1895s
 199818 18088   50.00000   32  150   44.00000   50.00000  13.6%   185 1900s
 200365 18072   48.04253   25  163   44.00000   50.00000  13.6%   185 1905s
 200952 18091     cutoff   39        44.00000   50.00000  13.6%   185 1910s
 201425 18087 infeasible   37        44.00000   50.00000  13.6%   185 1915s
 201901 18080   48.10774   36  161   44.00000   50.00000  13.6%   185 1920s
 202354 18090   48.53122   40  160   44.00000   50.00000  13.6%   185 1925s
 202737 18084   50.00000   30  153   44.00000   50.00000  13.6%   185 1930s
 203265 18081 infeasible   35        44.00000   50.00000  13.6%   185 1935s
 203803 18109   45.41609   42  107   44.00000   50.00000  13.6%   185 1941s
 204157 18150   46.94755   29  145   44.00000   50.00000  13.6%   185 1945s
 204723 18125 infeasible   38        44.00000   50.00000  13.6%   185 1950s
 205195 18141   48.93408   42  178   44.00000   50.00000  13.6%   185 1955s
 205566 18172 infeasible   46        44.00000   50.00000  13.6%   185 1960s
 206005 18152 infeasible   34        44.00000   50.00000  13.6%   185 1965s
 206526 18176 infeasible   32        44.00000   50.00000  13.6%   185 1970s
 207068 18166 infeasible   42        44.00000   50.00000  13.6%   185 1975s
 207441 18157 infeasible   38        44.00000   50.00000  13.6%   185 1980s
 207939 18168 infeasible   36        44.00000   50.00000  13.6%   185 1985s
 208420 18155   50.00000   34  145   44.00000   50.00000  13.6%   185 1990s
 208778 18159   50.00000   41  100   44.00000   50.00000  13.6%   185 1995s
 209359 18153   50.00000   45  146   44.00000   50.00000  13.6%   186 2000s
 209819 18157   50.00000   29  148   44.00000   50.00000  13.6%   186 2005s
 210352 18209   50.00000   33  158   44.00000   50.00000  13.6%   186 2010s
 210809 18196 infeasible   26        44.00000   50.00000  13.6%   186 2015s
 211363 18191   50.00000   30  132   44.00000   50.00000  13.6%   186 2020s
 211816 18205   49.46557   30  136   44.00000   50.00000  13.6%   186 2025s
 212250 18203   47.96112   32   96   44.00000   50.00000  13.6%   186 2030s
 212670 18176   50.00000   22  151   44.00000   50.00000  13.6%   186 2035s
 213087 18166   50.00000   42  149   44.00000   50.00000  13.6%   186 2040s
 213631 18175 infeasible   39        44.00000   50.00000  13.6%   186 2045s
 214105 18166   50.00000   32  146   44.00000   50.00000  13.6%   186 2051s
 214456 18152 infeasible   34        44.00000   50.00000  13.6%   186 2055s
 215036 18172   50.00000   42  118   44.00000   50.00000  13.6%   186 2060s
 215284 18168 infeasible   35        44.00000   50.00000  13.6%   186 2065s
 215847 18160   48.31849   40  126   44.00000   50.00000  13.6%   186 2070s
 216316 18182   49.98489   51  194   44.00000   50.00000  13.6%   186 2075s
 216744 18174 infeasible   28        44.00000   50.00000  13.6%   186 2080s
 217359 18173 infeasible   34        44.00000   50.00000  13.6%   186 2085s
 217683 18183   50.00000   29  145   44.00000   50.00000  13.6%   186 2090s
 218256 18179   50.00000   37  120   44.00000   50.00000  13.6%   186 2095s
 218742 18160 infeasible   45        44.00000   50.00000  13.6%   186 2100s
 219202 18160   50.00000   33  132   44.00000   50.00000  13.6%   186 2105s
 219784 18160   50.00000   37  148   44.00000   50.00000  13.6%   186 2110s
 220259 18160 infeasible   34        44.00000   50.00000  13.6%   187 2115s
 220739 18175   49.80667   54  153   44.00000   50.00000  13.6%   187 2120s
 221322 18152 infeasible   40        44.00000   50.00000  13.6%   186 2125s
 221748 18146   50.00000   29  138   44.00000   50.00000  13.6%   187 2130s
 222214 18146 infeasible   37        44.00000   50.00000  13.6%   187 2135s
 222714 18156 infeasible   36        44.00000   50.00000  13.6%   187 2140s
 223159 18143 infeasible   42        44.00000   50.00000  13.6%   187 2145s
 223615 18136 infeasible   37        44.00000   50.00000  13.6%   187 2150s
 224008 18136 infeasible   35        44.00000   50.00000  13.6%   187 2155s
 224706 18140   50.00000   35  145   44.00000   50.00000  13.6%   187 2160s
 225121 18146   46.65169   41  118   44.00000   50.00000  13.6%   187 2165s
 225615 18137 infeasible   35        44.00000   50.00000  13.6%   187 2170s
 226285 18133 infeasible   36        44.00000   50.00000  13.6%   187 2175s
 226741 18136 infeasible   34        44.00000   50.00000  13.6%   187 2180s
 227145 18126   47.38670   30  171   44.00000   50.00000  13.6%   187 2185s
 227409 18126   48.12827   30  130   44.00000   50.00000  13.6%   187 2190s
 227965 18129 infeasible   35        44.00000   50.00000  13.6%   187 2195s
 228428 18151 infeasible   35        44.00000   50.00000  13.6%   187 2200s
 228976 18161   50.00000   41  144   44.00000   50.00000  13.6%   187 2205s
 229383 18167 infeasible   39        44.00000   50.00000  13.6%   187 2210s
 229971 18146 infeasible   42        44.00000   50.00000  13.6%   187 2215s
 230423 18155 infeasible   41        44.00000   50.00000  13.6%   187 2220s
 230957 18139 infeasible   39        44.00000   50.00000  13.6%   187 2225s
 231411 18133   48.03547   30  111   44.00000   50.00000  13.6%   187 2230s
 231978 18137   50.00000   36  111   44.00000   50.00000  13.6%   187 2235s
 232400 18129   50.00000   32  123   44.00000   50.00000  13.6%   187 2240s
 232726 18118   50.00000   31  127   44.00000   50.00000  13.6%   188 2245s
 233240 18115   45.49660   39  160   44.00000   50.00000  13.6%   188 2250s
 233664 18131 infeasible   38        44.00000   50.00000  13.6%   188 2255s
 234250 18154 infeasible   40        44.00000   50.00000  13.6%   188 2260s
 234625 18132 infeasible   32        44.00000   50.00000  13.6%   188 2265s
 235127 18120 infeasible   34        44.00000   50.00000  13.6%   188 2270s
 235421 18113   47.45026   42  163   44.00000   50.00000  13.6%   188 2275s
 235977 18112   50.00000   35  171   44.00000   50.00000  13.6%   188 2280s
 236488 18087   50.00000   29  147   44.00000   50.00000  13.6%   188 2285s
 236981 18069 infeasible   33        44.00000   50.00000  13.6%   188 2290s
 237532 18066 infeasible   41        44.00000   50.00000  13.6%   188 2295s
 237915 18110 infeasible   40        44.00000   50.00000  13.6%   188 2300s
 238650 18127   50.00000   41  158   44.00000   50.00000  13.6%   188 2305s
 239185 18121 infeasible   35        44.00000   50.00000  13.6%   188 2310s
 239553 18127 infeasible   40        44.00000   50.00000  13.6%   188 2315s
 240212 18100 infeasible   34        44.00000   50.00000  13.6%   188 2320s
 240720 18070 infeasible   44        44.00000   50.00000  13.6%   188 2325s
 241121 18084 infeasible   47        44.00000   50.00000  13.6%   188 2330s
 241472 18071   48.91793   33  166   44.00000   50.00000  13.6%   188 2335s
 242037 18098   50.00000   29  139   44.00000   50.00000  13.6%   188 2340s
 242592 18091 infeasible   32        44.00000   50.00000  13.6%   188 2345s
 242948 18069   50.00000   41  154   44.00000   50.00000  13.6%   188 2350s
 243543 18064   50.00000   34  158   44.00000   50.00000  13.6%   188 2355s
 243984 18071 infeasible   32        44.00000   50.00000  13.6%   188 2360s
 244516 18075   50.00000   39  150   44.00000   50.00000  13.6%   188 2365s
 245024 18069   50.00000   36  132   44.00000   50.00000  13.6%   188 2370s
 245592 18057 infeasible   34        44.00000   50.00000  13.6%   188 2375s
 245952 18038   50.00000   35  146   44.00000   50.00000  13.6%   188 2380s
 246618 18011   50.00000   36  161   44.00000   50.00000  13.6%   188 2385s
 247113 18005 infeasible   35        44.00000   50.00000  13.6%   188 2390s
 247650 18021 infeasible   42        44.00000   50.00000  13.6%   188 2395s
 248191 18046 infeasible   34        44.00000   50.00000  13.6%   188 2400s
 248491 18046   50.00000   38  140   44.00000   50.00000  13.6%   188 2405s
 249050 18043 infeasible   35        44.00000   50.00000  13.6%   188 2410s
 249569 18047 infeasible   40        44.00000   50.00000  13.6%   188 2415s
 249956 18051   48.88472   42  146   44.00000   50.00000  13.6%   188 2420s
 250367 18046 infeasible   39        44.00000   50.00000  13.6%   189 2425s
 251016 18056   47.98808   34  171   44.00000   50.00000  13.6%   189 2430s
 251399 18060 infeasible   37        44.00000   50.00000  13.6%   189 2435s
 251863 18058 infeasible   39        44.00000   50.00000  13.6%   189 2440s
 252416 18042 infeasible   37        44.00000   50.00000  13.6%   189 2445s
 252813 18051   49.99010   34  140   44.00000   50.00000  13.6%   189 2450s
 253229 18052 infeasible   38        44.00000   50.00000  13.6%   189 2455s
 253800 18032 infeasible   34        44.00000   50.00000  13.6%   189 2460s
 254161 18028     cutoff   53        44.00000   50.00000  13.6%   189 2465s
 254739 18010 infeasible   35        44.00000   50.00000  13.6%   189 2470s
 255262 18025 infeasible   39        44.00000   50.00000  13.6%   189 2475s
 255961 18032   50.00000   38  148   44.00000   50.00000  13.6%   189 2480s
 256362 18028   50.00000   37  133   44.00000   50.00000  13.6%   189 2485s
 256991 18024 infeasible   38        44.00000   50.00000  13.6%   189 2490s
 257451 18006 infeasible   40        44.00000   50.00000  13.6%   189 2495s
 258019 17998   50.00000   30  111   44.00000   50.00000  13.6%   189 2500s
 258380 17989 infeasible   49        44.00000   50.00000  13.6%   189 2505s
 258918 17991 infeasible   37        44.00000   50.00000  13.6%   189 2510s
 259450 17970 infeasible   30        44.00000   50.00000  13.6%   189 2515s
 259937 17961   50.00000   41  136   44.00000   50.00000  13.6%   189 2520s
 260366 17947   50.00000   35  116   44.00000   50.00000  13.6%   189 2525s
 260882 17963 infeasible   42        44.00000   50.00000  13.6%   189 2530s
 261430 17963 infeasible   47        44.00000   50.00000  13.6%   189 2535s
 261905 17956 infeasible   30        44.00000   50.00000  13.6%   189 2540s
 262413 17942   50.00000   40  128   44.00000   50.00000  13.6%   189 2545s
 263001 17959   50.00000   28  167   44.00000   50.00000  13.6%   189 2550s
 263618 17963 infeasible   36        44.00000   50.00000  13.6%   189 2555s
 264051 17956   45.74774   45   94   44.00000   50.00000  13.6%   189 2560s
 264633 17963 infeasible   36        44.00000   50.00000  13.6%   189 2565s
 265131 17953   50.00000   34  147   44.00000   50.00000  13.6%   189 2570s
 265618 17960   50.00000   37  143   44.00000   50.00000  13.6%   189 2575s
 266098 17950   50.00000   32  141   44.00000   50.00000  13.6%   189 2580s
 266576 17932 infeasible   33        44.00000   50.00000  13.6%   189 2585s
 267034 17948   50.00000   46  149   44.00000   50.00000  13.6%   189 2590s
 267468 17945   50.00000   40  125   44.00000   50.00000  13.6%   189 2595s
 267953 17944   47.00000   38  121   44.00000   50.00000  13.6%   189 2600s
 268371 17980   46.97909   36  129   44.00000   50.00000  13.6%   189 2605s
 268862 17969   49.98658   30  152   44.00000   50.00000  13.6%   189 2610s
 269307 17983   50.00000   32  130   44.00000   50.00000  13.6%   189 2615s
 269661 17968   50.00000   25  122   44.00000   50.00000  13.6%   189 2620s
 270181 17990   50.00000   36  172   44.00000   50.00000  13.6%   189 2625s
 270614 17986 infeasible   34        44.00000   50.00000  13.6%   189 2630s
 270938 17990   49.98790   38  160   44.00000   50.00000  13.6%   189 2635s
 271394 17998 infeasible   33        44.00000   50.00000  13.6%   189 2640s
 271855 18024   50.00000   31  145   44.00000   50.00000  13.6%   189 2645s
 272114 18022   50.00000   40  143   44.00000   50.00000  13.6%   189 2650s
 272632 18044 infeasible   34        44.00000   50.00000  13.6%   190 2655s
 273091 18039   50.00000   35  132   44.00000   50.00000  13.6%   190 2660s
 273470 18031     cutoff   51        44.00000   50.00000  13.6%   190 2665s
 273882 18044 infeasible   38        44.00000   50.00000  13.6%   190 2670s
 274487 18089   50.00000   38  135   44.00000   50.00000  13.6%   190 2675s
 274889 18080 infeasible   31        44.00000   50.00000  13.6%   190 2680s
 275329 18095   50.00000   34  160   44.00000   50.00000  13.6%   190 2685s
 275874 18083 infeasible   32        44.00000   50.00000  13.6%   190 2690s
 276295 18086   48.59935   45  129   44.00000   50.00000  13.6%   190 2695s
 276732 18075   50.00000   35  154   44.00000   50.00000  13.6%   190 2700s
 277206 18112   50.00000   36  148   44.00000   50.00000  13.6%   190 2705s
 277824 18114   50.00000   36  170   44.00000   50.00000  13.6%   190 2710s
 278118 18100   49.00000   34   95   44.00000   50.00000  13.6%   190 2715s
 278712 18111   49.60183   38  164   44.00000   50.00000  13.6%   190 2720s
 279137 18103   50.00000   35  165   44.00000   50.00000  13.6%   190 2725s
 279714 18086   50.00000   23  148   44.00000   50.00000  13.6%   190 2730s
 280153 18098 infeasible   38        44.00000   50.00000  13.6%   190 2735s
 280627 18118   50.00000   37  139   44.00000   50.00000  13.6%   190 2740s
 281167 18137 infeasible   39        44.00000   50.00000  13.6%   190 2745s
 281542 18129 infeasible   38        44.00000   50.00000  13.6%   190 2750s
 282023 18128   46.97516   32  113   44.00000   50.00000  13.6%   190 2755s
 282254 18142 infeasible   34        44.00000   50.00000  13.6%   190 2760s
 282841 18130   50.00000   41  117   44.00000   50.00000  13.6%   190 2765s
 283385 18162   50.00000   31  141   44.00000   50.00000  13.6%   190 2770s
 283970 18121   50.00000   29  112   44.00000   50.00000  13.6%   190 2775s
 284251 18100 infeasible   28        44.00000   50.00000  13.6%   190 2780s
 284839 18080 infeasible   28        44.00000   50.00000  13.6%   190 2785s
 285311 18115   50.00000   42  147   44.00000   50.00000  13.6%   190 2790s
 285925 18110   50.00000   44  153   44.00000   50.00000  13.6%   190 2795s
 286488 18092 infeasible   34        44.00000   50.00000  13.6%   190 2800s
 286983 18115   48.38888   40  130   44.00000   50.00000  13.6%   190 2805s
 287471 18105 infeasible   34        44.00000   50.00000  13.6%   190 2810s
 287964 18187   49.99678   40  237   44.00000   50.00000  13.6%   190 2816s
 288248 18190   50.00000   34  154   44.00000   50.00000  13.6%   190 2820s
 288668 18175 infeasible   41        44.00000   50.00000  13.6%   190 2825s
 289180 18174 infeasible   32        44.00000   50.00000  13.6%   190 2830s
 289453 18175 infeasible   33        44.00000   50.00000  13.6%   190 2835s
 289864 18172   50.00000   30  124   44.00000   50.00000  13.6%   190 2840s
 290223 18163 infeasible   29        44.00000   50.00000  13.6%   190 2845s
 290592 18167   49.00000   47  114   44.00000   50.00000  13.6%   190 2850s
 291028 18162 infeasible   39        44.00000   50.00000  13.6%   190 2855s
 291315 18145 infeasible   34        44.00000   50.00000  13.6%   191 2860s
 291711 18164   46.01663   37  132   44.00000   50.00000  13.6%   191 2865s
 292160 18154   50.00000   33  162   44.00000   50.00000  13.6%   191 2870s
 292611 18150   49.00000   30  101   44.00000   50.00000  13.6%   191 2875s
 293105 18174   50.00000   31  174   44.00000   50.00000  13.6%   191 2880s
 293565 18160 infeasible   36        44.00000   50.00000  13.6%   191 2885s
 294070 18168     cutoff   37        44.00000   50.00000  13.6%   191 2890s
 294539 18187   49.53924   42  187   44.00000   50.00000  13.6%   191 2895s
 294986 18158   50.00000   41  155   44.00000   50.00000  13.6%   191 2900s
 295337 18155   50.00000   36  146   44.00000   50.00000  13.6%   191 2905s
 295816 18210   50.00000   34  122   44.00000   50.00000  13.6%   191 2910s
 296379 18217 infeasible   52        44.00000   50.00000  13.6%   191 2915s
 296880 18212   50.00000   30  174   44.00000   50.00000  13.6%   191 2920s
 297205 18198   50.00000   38  136   44.00000   50.00000  13.6%   191 2925s
 297686 18178 infeasible   35        44.00000   50.00000  13.6%   191 2930s
 298131 18188   50.00000   29  133   44.00000   50.00000  13.6%   191 2935s
 298585 18187 infeasible   37        44.00000   50.00000  13.6%   191 2940s
 299214 18169   50.00000   41  159   44.00000   50.00000  13.6%   191 2945s
 299682 18165 infeasible   32        44.00000   50.00000  13.6%   191 2950s
 300165 18176 infeasible   38        44.00000   50.00000  13.6%   191 2955s
 300511 18177     cutoff   45        44.00000   50.00000  13.6%   191 2960s
 300907 18179 infeasible   30        44.00000   50.00000  13.6%   191 2965s
 301409 18170   50.00000   24  174   44.00000   50.00000  13.6%   191 2970s
 301730 18181 infeasible   41        44.00000   50.00000  13.6%   191 2975s
 302336 18198 infeasible   24        44.00000   50.00000  13.6%   191 2980s
 302693 18177 infeasible   47        44.00000   50.00000  13.6%   191 2985s
 303162 18184   50.00000   42  153   44.00000   50.00000  13.6%   191 2990s
 303591 18161 infeasible   38        44.00000   50.00000  13.6%   191 2995s
 304080 18152   50.00000   32  153   44.00000   50.00000  13.6%   191 3000s
 304443 18172 infeasible   35        44.00000   50.00000  13.6%   191 3005s
 304940 18254   50.00000   38  148   44.00000   50.00000  13.6%   191 3010s
 305628 18259 infeasible   48        44.00000   50.00000  13.6%   191 3015s
 306102 18244 infeasible   45        44.00000   50.00000  13.6%   191 3020s
 306502 18232   50.00000   31  149   44.00000   50.00000  13.6%   191 3025s
 306994 18220   47.96285   28  136   44.00000   50.00000  13.6%   191 3030s
 307514 18206   50.00000   39  152   44.00000   50.00000  13.6%   191 3036s
 307921 18212 infeasible   38        44.00000   50.00000  13.6%   191 3040s
 308425 18206   49.00000   32  132   44.00000   50.00000  13.6%   191 3045s
 308954 18170   49.86574   24  182   44.00000   50.00000  13.6%   191 3050s
 309382 18190   50.00000   47  167   44.00000   50.00000  13.6%   192 3055s
 309898 18205   48.25823   27  160   44.00000   50.00000  13.6%   192 3060s
 310389 18216 infeasible   39        44.00000   50.00000  13.6%   192 3065s
 310703 18198 infeasible   44        44.00000   50.00000  13.6%   192 3070s
 311150 18202 infeasible   28        44.00000   50.00000  13.6%   192 3075s
 311692 18195 infeasible   40        44.00000   50.00000  13.6%   192 3080s
 312165 18186   50.00000   36  166   44.00000   50.00000  13.6%   192 3085s
 312528 18167 infeasible   28        44.00000   50.00000  13.6%   192 3090s
 313161 18181 infeasible   34        44.00000   50.00000  13.6%   192 3095s
 313568 18176   49.00000   49  143   44.00000   50.00000  13.6%   192 3100s
 314005 18170     cutoff   47        44.00000   50.00000  13.6%   192 3105s
 314705 18194 infeasible   53        44.00000   50.00000  13.6%   192 3110s
 315161 18183 infeasible   36        44.00000   50.00000  13.6%   192 3115s
 315546 18187 infeasible   25        44.00000   50.00000  13.6%   192 3120s
 316148 18152   50.00000   43  175   44.00000   50.00000  13.6%   192 3125s
 316739 18161 infeasible   36        44.00000   50.00000  13.6%   192 3130s
 317340 18156 infeasible   48        44.00000   50.00000  13.6%   192 3135s
 317664 18156 infeasible   35        44.00000   50.00000  13.6%   192 3140s
 318149 18148 infeasible   38        44.00000   50.00000  13.6%   192 3145s
 318714 18151   49.00000   38  174   44.00000   50.00000  13.6%   192 3151s
 319132 18146 infeasible   36        44.00000   50.00000  13.6%   192 3155s
 319741 18165 infeasible   30        44.00000   50.00000  13.6%   192 3160s
 320069 18156   50.00000   33  137   44.00000   50.00000  13.6%   192 3165s
 320609 18178   48.62814   26  143   44.00000   50.00000  13.6%   192 3170s
 321250 18172 infeasible   33        44.00000   50.00000  13.6%   192 3175s
 321646 18169 infeasible   31        44.00000   50.00000  13.6%   192 3180s
 322217 18162 infeasible   39        44.00000   50.00000  13.6%   192 3185s
 322642 18176   50.00000   39  151   44.00000   50.00000  13.6%   192 3190s
 323250 18167 infeasible   29        44.00000   50.00000  13.6%   192 3195s
 323643 18150 infeasible   27        44.00000   50.00000  13.6%   192 3200s
 324347 18225   50.00000   36  139   44.00000   50.00000  13.6%   192 3205s
 324875 18199   50.00000   37  139   44.00000   50.00000  13.6%   192 3210s
 325394 18211 infeasible   38        44.00000   50.00000  13.6%   192 3215s
 325858 18191   50.00000   26  135   44.00000   50.00000  13.6%   192 3220s
 326362 18203 infeasible   33        44.00000   50.00000  13.6%   192 3225s
 326832 18213   50.00000   35  137   44.00000   50.00000  13.6%   192 3230s
 327341 18236   50.00000   39  111   44.00000   50.00000  13.6%   192 3235s
 327982 18194 infeasible   36        44.00000   50.00000  13.6%   192 3240s
 328316 18196   50.00000   29  152   44.00000   50.00000  13.6%   192 3245s
 328829 18205 infeasible   27        44.00000   50.00000  13.6%   192 3250s
 329192 18190   50.00000   44  148   44.00000   50.00000  13.6%   192 3255s
 329630 18161 infeasible   39        44.00000   50.00000  13.6%   192 3260s
 330107 18163   50.00000   34  139   44.00000   50.00000  13.6%   192 3265s
 330498 18159   50.00000   34  161   44.00000   50.00000  13.6%   192 3270s
 330989 18157   50.00000   31  112   44.00000   50.00000  13.6%   192 3275s
 331392 18152   50.00000   35  172   44.00000   50.00000  13.6%   192 3280s
 331886 18169   49.74753   32  188   44.00000   50.00000  13.6%   192 3285s
 332434 18159   50.00000   30  127   44.00000   50.00000  13.6%   192 3291s
 332981 18168   50.00000   42  139   44.00000   50.00000  13.6%   192 3295s
 333792 18213   50.00000   35  105   44.00000   50.00000  13.6%   192 3300s
 334280 18206 infeasible   31        44.00000   50.00000  13.6%   192 3305s
 334818 18229   48.84513   42  146   44.00000   50.00000  13.6%   192 3310s
 335410 18223   50.00000   33  142   44.00000   50.00000  13.6%   192 3315s
 335779 18221 infeasible   32        44.00000   50.00000  13.6%   192 3320s
 336264 18220 infeasible   41        44.00000   50.00000  13.6%   192 3325s
 336675 18254   50.00000   35  147   44.00000   50.00000  13.6%   192 3330s
 337190 18253   50.00000   31  161   44.00000   50.00000  13.6%   192 3335s
 337724 18251   50.00000   37  182   44.00000   50.00000  13.6%   192 3341s
 338224 18231   47.36472   30  146   44.00000   50.00000  13.6%   192 3345s
 338588 18241   50.00000   42  153   44.00000   50.00000  13.6%   192 3350s
 339095 18242   50.00000   37  146   44.00000   50.00000  13.6%   192 3355s
 339634 18240 infeasible   29        44.00000   50.00000  13.6%   192 3360s
 340194 18246   46.03515   28   87   44.00000   50.00000  13.6%   192 3365s
 340713 18229   50.00000   27  143   44.00000   50.00000  13.6%   192 3370s
 341284 18234 infeasible   44        44.00000   50.00000  13.6%   192 3375s
 341937 18239   50.00000   40  145   44.00000   50.00000  13.6%   192 3380s
 342425 18249   50.00000   41  152   44.00000   50.00000  13.6%   192 3385s
 343001 18224   50.00000   36  148   44.00000   50.00000  13.6%   192 3390s
 343358 18239   45.87892   36  117   44.00000   50.00000  13.6%   192 3395s
 343896 18221 infeasible   31        44.00000   50.00000  13.6%   192 3400s
 344350 18235   47.95196   36  128   44.00000   50.00000  13.6%   192 3405s
 344909 18240   50.00000   35  150   44.00000   50.00000  13.6%   192 3410s
 345413 18228 infeasible   37        44.00000   50.00000  13.6%   192 3415s
 345913 18213     cutoff   33        44.00000   50.00000  13.6%   192 3420s
 346318 18200 infeasible   27        44.00000   50.00000  13.6%   192 3425s
 346931 18193   50.00000   26  166   44.00000   50.00000  13.6%   192 3430s
 347366 18211 infeasible   42        44.00000   50.00000  13.6%   192 3435s
 347947 18225 infeasible   43        44.00000   50.00000  13.6%   192 3440s
 348326 18263   50.00000   23  186   44.00000   50.00000  13.6%   192 3445s
 348797 18272   50.00000   26  176   44.00000   50.00000  13.6%   192 3450s
 349156 18250 infeasible   51        44.00000   50.00000  13.6%   192 3455s
 349677 18216   50.00000   45  144   44.00000   50.00000  13.6%   192 3460s
 349942 18197   50.00000   30  148   44.00000   50.00000  13.6%   192 3465s
 350429 18165 infeasible   37        44.00000   50.00000  13.6%   192 3470s
 350922 18167 infeasible   29        44.00000   50.00000  13.6%   192 3475s
 351549 18137   49.00000   33  157   44.00000   50.00000  13.6%   192 3480s
 351902 18111   47.85247   41  107   44.00000   50.00000  13.6%   192 3485s
 352321 18089   50.00000   29  139   44.00000   50.00000  13.6%   192 3490s
 352835 18106 infeasible   48        44.00000   50.00000  13.6%   192 3495s
 353355 18095   45.06692   67   67   44.00000   50.00000  13.6%   192 3500s
 353770 18091 infeasible   30        44.00000   50.00000  13.6%   192 3505s
 354122 18078 infeasible   28        44.00000   50.00000  13.6%   192 3510s
 354629 18067   48.02847   36  133   44.00000   50.00000  13.6%   192 3515s
 355077 18050   50.00000   33  144   44.00000   50.00000  13.6%   192 3520s
 355474 18055 infeasible   39        44.00000   50.00000  13.6%   192 3525s
 355747 18033   50.00000   38  187   44.00000   50.00000  13.6%   192 3530s
 356245 18005 infeasible   32        44.00000   50.00000  13.6%   192 3535s
 356772 18007 infeasible   44        44.00000   50.00000  13.6%   192 3540s
 357296 17978   50.00000   32  183   44.00000   50.00000  13.6%   192 3545s
 357734 17974 infeasible   42        44.00000   50.00000  13.6%   192 3550s
 358240 17957   50.00000   30  133   44.00000   50.00000  13.6%   192 3555s
 358711 17947   50.00000   47  142   44.00000   50.00000  13.6%   192 3560s
 359214 17963 infeasible   51        44.00000   50.00000  13.6%   192 3565s
 359604 17951   50.00000   33  166   44.00000   50.00000  13.6%   192 3570s
 360064 17970   50.00000   36  164   44.00000   50.00000  13.6%   192 3575s
 360501 17945   50.00000   30  163   44.00000   50.00000  13.6%   192 3580s
 361003 17949   50.00000   26  129   44.00000   50.00000  13.6%   192 3585s
 361516 18054   47.95010   34  113   44.00000   50.00000  13.6%   192 3590s
 361896 18104 infeasible   31        44.00000   50.00000  13.6%   192 3595s

Cutting planes:
  MIR: 1
  StrongCG: 1
  Flow cover: 8
  Zero half: 9
  RLT: 18
  BQP: 6

Explored 362361 nodes (69721383 simplex iterations) in 3600.01 seconds (3677.88 work units)
Thread count was 1 (of 8 available processors)

Solution count 4: 44 41 40 39 

Time limit reached
Best objective 4.400000000000e+01, best bound 5.000000000000e+01, gap 13.6364%
