
Gurobi 11.0.1 (win64) logging started Mon Apr  1 12:41:46 2024

Set parameter LogFile to value "C:\Projetos\Job_Rotation_Algorithms\Outputs\GurobiLogs\gurobi_log-output-43_ton-c34-BorbaRittModel-NoExtraConstraint-2.log"
Gurobi Optimizer version 11.0.1 build v11.0.1rc0 (win64 - Windows 10.0 (19045.2))

CPU model: 11th Gen Intel(R) Core(TM) i7-1165G7 @ 2.80GHz, instruction set [SSE2|AVX|AVX2|AVX512]
Thread count: 4 physical cores, 8 logical processors, using up to 1 threads


Gurobi 11.0.1 (win64) logging started Mon Apr  1 21:29:42 2024

Set parameter LogFile to value "C:\Projetos\Job_Rotation_Algorithms\Outputs\GurobiLogs\gurobi_log-output-43_ton-c34-BorbaRittModel-NoExtraConstraint-2.log"
Gurobi Optimizer version 11.0.1 build v11.0.1rc0 (win64 - Windows 10.0 (19045.2))

CPU model: 11th Gen Intel(R) Core(TM) i7-1165G7 @ 2.80GHz, instruction set [SSE2|AVX|AVX2|AVX512]
Thread count: 4 physical cores, 8 logical processors, using up to 1 threads


Gurobi 11.0.1 (win64) logging started Thu Apr  4 23:27:44 2024

Set parameter LogFile to value "C:\Projetos\Job_Rotation_Algorithms\Outputs\GurobiLogs\gurobi_log-output-43_ton-c34-BorbaRittModel-NoExtraConstraint-2.log"
Gurobi Optimizer version 11.0.1 build v11.0.1rc0 (win64 - Windows 10.0 (19045.2))

CPU model: 11th Gen Intel(R) Core(TM) i7-1165G7 @ 2.80GHz, instruction set [SSE2|AVX|AVX2|AVX512]
Thread count: 4 physical cores, 8 logical processors, using up to 1 threads


Gurobi 11.0.1 (win64) logging started Sat Apr  6 12:56:19 2024

Set parameter LogFile to value "C:\Projetos\Job_Rotation_Algorithms\Outputs\GurobiLogs\gurobi_log-output-43_ton-c34-BorbaRittModel-NoExtraConstraint-2.log"
Gurobi Optimizer version 11.0.1 build v11.0.1rc0 (win64 - Windows 10.0 (19045.2))

CPU model: 11th Gen Intel(R) Core(TM) i7-1165G7 @ 2.80GHz, instruction set [SSE2|AVX|AVX2|AVX512]
Thread count: 4 physical cores, 8 logical processors, using up to 1 threads


Gurobi 11.0.1 (win64) logging started Sun Apr  7 02:30:14 2024

Set parameter LogFile to value "C:\Projetos\Job_Rotation_Algorithms\Outputs\GurobiLogs\gurobi_log-output-43_ton-c34-BorbaRittModel-NoExtraConstraint-2.log"
Gurobi Optimizer version 11.0.1 build v11.0.1rc0 (win64 - Windows 10.0 (19045.2))

CPU model: 11th Gen Intel(R) Core(TM) i7-1165G7 @ 2.80GHz, instruction set [SSE2|AVX|AVX2|AVX512]
Thread count: 4 physical cores, 8 logical processors, using up to 1 threads


Gurobi 11.0.1 (win64) logging started Sun Apr  7 09:42:46 2024

Set parameter LogFile to value "C:\Projetos\Job_Rotation_Algorithms\Outputs\GurobiLogs\gurobi_log-output-43_ton-c34-BorbaRittModel-NoExtraConstraint-2.log"
Gurobi Optimizer version 11.0.1 build v11.0.1rc0 (win64 - Windows 10.0 (19045.2))

CPU model: 11th Gen Intel(R) Core(TM) i7-1165G7 @ 2.80GHz, instruction set [SSE2|AVX|AVX2|AVX512]
Thread count: 4 physical cores, 8 logical processors, using up to 1 threads


Gurobi 11.0.1 (win64) logging started Sun Apr  7 12:28:51 2024

Set parameter LogFile to value "C:\Projetos\Job_Rotation_Algorithms\Outputs\GurobiLogs\gurobi_log-output-43_ton-c34-BorbaRittModel-NoExtraConstraint-2.log"
Gurobi Optimizer version 11.0.1 build v11.0.1rc0 (win64 - Windows 10.0 (19045.2))

CPU model: 11th Gen Intel(R) Core(TM) i7-1165G7 @ 2.80GHz, instruction set [SSE2|AVX|AVX2|AVX512]
Thread count: 4 physical cores, 8 logical processors, using up to 1 threads

WLS license 2390832 - registered to Bitka Analytics
Optimize a model with 45354 rows, 3645 columns and 139433 nonzeros
Model fingerprint: 0xe7d49122
Variable types: 2 continuous, 3643 integer (3643 binary)
Coefficient statistics:
  Matrix range     [1e+00, 2e+02]
  Objective range  [1e+00, 1e+00]
  Bounds range     [1e+00, 7e+01]
  RHS range        [1e+00, 7e+01]
Presolve removed 10277 rows and 489 columns
Presolve time: 0.33s
Presolved: 35077 rows, 3156 columns, 107957 nonzeros
Variable types: 0 continuous, 3156 integer (3155 binary)
Root relaxation presolved: 3156 rows, 38233 columns, 111113 nonzeros


Root relaxation: objective 1.400000e+02, 2124 iterations, 0.10 seconds (0.14 work units)

    Nodes    |    Current Node    |     Objective Bounds      |     Work
 Expl Unexpl |  Obj  Depth IntInf | Incumbent    BestBd   Gap | It/Node Time

     0     0  140.00000    0  499          -  140.00000      -     -    2s
     0     0  140.00000    0  551          -  140.00000      -     -    3s
     0     0  140.00000    0  582          -  140.00000      -     -    4s
     0     0  140.00000    0  525          -  140.00000      -     -    9s
     0     0  140.00000    0  526          -  140.00000      -     -    9s
     0     0  140.00000    0  447          -  140.00000      -     -   15s
     0     0  140.00000    0  458          -  140.00000      -     -   15s
     0     0  140.00000    0  597          -  140.00000      -     -   20s
     0     0  140.00000    0  583          -  140.00000      -     -   20s
     0     0  140.00000    0  651          -  140.00000      -     -   25s
     0     0  140.00000    0  583          -  140.00000      -     -   25s
     0     0  140.00000    0  551          -  140.00000      -     -   29s
     0     0  140.00000    0  512          -  140.00000      -     -   29s
     0     0  140.00000    0  494          -  140.00000      -     -   32s
     0     0  140.00000    0  494          -  140.00000      -     -   34s
     0     2  140.00000    0  494          -  140.00000      -     -   42s
    28    30  140.00000   17  563          -  140.00000      -   591   45s
    75    77  140.00000   47  358          -  140.00000      -   465   50s
   163   138  140.00000    6  494          -  140.00000      -   360   55s
   229   202  140.00000   51  399          -  140.00000      -   333   60s
   307   240  140.00000   62  502          -  140.00000      -   348   65s
   366   273  140.00000   66  461          -  140.00000      -   353   70s
   431   325  140.00000   52  405          -  140.00000      -   353   75s
   492   382  140.00000   81  413          -  140.00000      -   354   80s
   569   442  140.00000   46  434          -  140.00000      -   351   85s
   595   465  140.00000   56  563          -  140.00000      -   344   94s
   596   466  140.00000   81  575          -  140.00000      -   344   95s
   597   466  140.00000   54  477          -  140.00000      -   343  101s
   599   468  140.00000   20  678          -  140.00000      -   342  110s
   601   469  140.00000   58  632          -  140.00000      -   341  124s
   602   470  140.00000   68  685          -  140.00000      -   340  126s
   603   470  140.00000   21  733          -  140.00000      -   340  137s
   605   472  140.00000   75  815          -  140.00000      -   338  147s
   607   473  140.00000   83  713          -  140.00000      -   337  157s
   609   474  140.00000   22  673          -  140.00000      -   336  164s
   610   475  140.00000   45  641          -  140.00000      -   336  165s
   611   476  140.00000   25  517          -  140.00000      -   335  170s
   613   477  140.00000   57  689          -  140.00000      -   334  184s
   614   478  140.00000   64  596          -  140.00000      -   334  189s
   615   478  140.00000   62  596          -  140.00000      -   333  192s
   616   481  140.00000   14  551          -  140.00000      -   323  196s
   627   488  140.00000   19  357          -  140.00000      -   325  209s
   639   496  140.00000   25  322          -  140.00000      -   323  210s
   698   534  140.00000   55  388          -  140.00000      -   325  215s
   731   554  140.00000   71  437          -  140.00000      -   330  220s
   749   562  140.00000   80  440          -  140.00000      -   344  225s
   763   565 infeasible   87               -  140.00000      -   356  230s
   781   557 infeasible   91               -  140.00000      -   369  235s
   810   570 infeasible   42               -  140.00000      -   376  240s
   848   580  140.00000   58  437          -  140.00000      -   381  245s
   873   574  140.00000   30  330          -  140.00000      -   392  250s
   926   606  140.00000   57  418          -  140.00000      -   387  255s
   976   627  140.00000   22  503          -  140.00000      -   392  260s
  1026   660  140.00000   47  487          -  140.00000      -   396  265s
  1050   664 infeasible   58               -  140.00000      -   407  270s
  1085   670 infeasible   61               -  140.00000      -   417  275s
  1102   681  140.00000   34  397          -  140.00000      -   417  293s
  1116   686 infeasible   41               -  140.00000      -   418  295s
  1162   711 infeasible   64               -  140.00000      -   424  300s
  1215   734  140.00000   39  394          -  140.00000      -   429  305s
  1261   759  140.00000   62  472          -  140.00000      -   435  310s
  1284   758 infeasible   69               -  140.00000      -   450  315s
  1309   757  140.00000   73  429          -  140.00000      -   459  320s
  1331   748 infeasible   77               -  140.00000      -   469  325s
  1391   776  140.00000   47  430          -  140.00000      -   467  330s
  1430   790  140.00000   32  418          -  140.00000      -   470  335s
  1476   808  140.00000   56  352          -  140.00000      -   469  340s
  1559   842  140.00000   40  361          -  140.00000      -   461  345s
  1604   864  140.00000   65  409          -  140.00000      -   464  350s
  1634   866 infeasible   79               -  140.00000      -   473  355s
  1688   898  140.00000   44  352          -  140.00000      -   474  360s
  1733   920  140.00000   63  437          -  140.00000      -   475  365s
  1748   920 infeasible   66               -  140.00000      -   486  370s
  1788   940  140.00000   39  401          -  140.00000      -   488  375s
  1827   958  140.00000   58  371          -  140.00000      -   492  380s
  1860   962  140.00000   29  346          -  140.00000      -   498  385s
  1914   996  140.00000   51  383          -  140.00000      -   497  390s
  1967  1020 infeasible   82               -  140.00000      -   499  395s
  2001  1024  140.00000   32  404          -  140.00000      -   502  400s
  2031  1040 infeasible   43               -  140.00000      -   506  405s
  2069  1062  140.00000   58  409          -  140.00000      -   507  410s
  2096  1077  140.00000   68  428          -  140.00000      -   512  415s
  2154  1121  140.00000   45  460          -  140.00000      -   511  420s
  2200  1155  140.00000   60  415          -  140.00000      -   513  425s
  2242  1177  140.00000   46  371          -  140.00000      -   513  430s
  2297  1228  140.00000   68  397          -  140.00000      -   509  435s
  2344  1257 infeasible   91               -  140.00000      -   508  440s
  2389  1292  140.00000   54  438          -  140.00000      -   505  445s
  2434  1321 infeasible   72               -  140.00000      -   504  450s
  2490  1373  140.00000   47  413          -  140.00000      -   500  455s
  2529  1404  140.00000   67  405          -  140.00000      -   500  460s
  2562  1425 infeasible   82               -  140.00000      -   502  465s
  2613  1470  140.00000   51  361          -  140.00000      -   501  470s
  2636  1473 infeasible   54               -  140.00000      -   506  475s
  2688  1521  140.00000   59  418          -  140.00000      -   506  480s
  2707  1522  140.00000   36  483          -  140.00000      -   511  485s
  2748  1553  140.00000   56  357          -  140.00000      -   513  490s
  2775  1570 infeasible   63               -  140.00000      -   518  495s
  2794  1579  140.00000   72  415          -  140.00000      -   522  500s
  2837  1596  140.00000   41  437          -  140.00000      -   524  505s
  2866  1613  140.00000   50  421          -  140.00000      -   526  510s
  2903  1630  140.00000   41  409          -  140.00000      -   527  515s
  2943  1648 infeasible   60               -  140.00000      -   530  521s
  2980  1685  140.00000   43  401          -  140.00000      -   528  525s
  3008  1703  140.00000   40  416          -  140.00000      -   530  530s
  3057  1746  140.00000   66  399          -  140.00000      -   528  540s
  3075  1750  140.00000   72  457          -  140.00000      -   530  545s
  3121  1788  140.00000   41  400          -  140.00000      -   527  550s
  3167  1826 infeasible   58               -  140.00000      -   526  555s
  3212  1851  140.00000   33  421          -  140.00000      -   525  560s
  3250  1885  139.00000   47  440          -  140.00000      -   524  565s
  3283  1908  139.00000   59  408          -  140.00000      -   525  570s
  3310  1921  140.00000   32  474          -  140.00000      -   526  575s
  3356  1965  140.00000   48  373          -  140.00000      -   525  580s
  3412  2009  140.00000   37  317          -  140.00000      -   522  585s
  3439  2034  139.00000   47  428          -  140.00000      -   523  590s
  3463  2056  138.00000   55  432          -  140.00000      -   525  595s
  3491  2074  140.00000   30  379          -  140.00000      -   526  600s
  3534  2117  140.00000   41  538          -  140.00000      -   525  605s
  3589  2162  140.00000   65  389          -  140.00000      -   523  610s
  3628  2199  140.00000   70  390          -  140.00000      -   523  615s
  3656  2201 infeasible   75               -  140.00000      -   524  620s
  3693  2212  140.00000   54  463          -  140.00000      -   525  625s
  3725  2240  140.00000   70  483          -  140.00000      -   524  630s
  3734  2239  140.00000   33  425          -  140.00000      -   525  649s
  3736  2241  140.00000   35  393          -  140.00000      -   524  650s
  3780  2269  140.00000   44  392          -  140.00000      -   522  655s
  3822  2309  140.00000   62  479          -  140.00000      -   522  660s
  3879  2338 infeasible   59               -  140.00000      -   521  665s
  3922  2357 infeasible   73               -  140.00000      -   523  670s
  3974  2393  140.00000   54  378          -  140.00000      -   523  675s
  4017  2426  140.00000   69  341          -  140.00000      -   524  680s
  4062  2453  140.00000   38  385          -  140.00000      -   525  685s
  4118  2503  140.00000   63  418          -  140.00000      -   525  690s
  4155  2526  140.00000   89  489          -  140.00000      -   525  695s
  4190  2549  140.00000   38  483          -  140.00000      -   527  700s
  4244  2603  140.00000   69  430          -  140.00000      -   526  705s
  4277  2626  140.00000   82  355          -  140.00000      -   529  710s
  4326  2663  140.00000   53  370          -  140.00000      -   530  715s
  4372  2697 infeasible   71               -  140.00000      -   531  720s
  4420  2735  140.00000   55  374          -  140.00000      -   531  725s
  4452  2755  140.00000   51  411          -  140.00000      -   533  730s
  4517  2818 infeasible   76               -  140.00000      -   532  735s
  4573  2848  140.00000   61  418          -  140.00000      -   532  740s
  4625  2880  140.00000   48  480          -  140.00000      -   532  745s
  4678  2919  140.00000   48  379          -  140.00000      -   532  750s
  4719  2948  140.00000   66  423          -  140.00000      -   533  755s
  4752  2969  140.00000   77  404          -  140.00000      -   535  760s
  4797  2970  140.00000   62  456          -  140.00000      -   536  765s
  4846  2991  140.00000   68  420          -  140.00000      -   537  770s
  4896  3013  140.00000   73  415          -  140.00000      -   538  775s
  4933  3028  140.00000   62  383          -  140.00000      -   539  780s
  4983  3062 infeasible   77               -  140.00000      -   539  785s
  5021  3082  140.00000   46  454          -  140.00000      -   541  790s
  5068  3115  140.00000   73  452          -  140.00000      -   541  795s
  5120  3145  140.00000   62  365          -  140.00000      -   540  800s
  5153  3166  140.00000   59  468          -  140.00000      -   543  805s
  5177  3176  140.00000   66  457          -  140.00000      -   544  810s
  5210  3193 infeasible   81               -  140.00000      -   546  815s
  5244  3201 infeasible   76               -  140.00000      -   549  820s
  5297  3220  140.00000   72  431          -  140.00000      -   549  825s
  5331  3232  140.00000   66  416          -  140.00000      -   550  830s
  5366  3241  140.00000   64  354          -  140.00000      -   552  835s
  5397  3246  140.00000   66  425          -  140.00000      -   554  840s
  5428  3249  140.00000   57  395          -  140.00000      -   556  845s
  5453  3260 infeasible   71               -  140.00000      -   558  850s
  5492  3279 infeasible   72               -  140.00000      -   559  855s
  5546  3305  140.00000   63  392          -  140.00000      -   559  860s
  5574  3317  140.00000   65  432          -  140.00000      -   560  865s
  5609  3324  140.00000   64  391          -  140.00000      -   562  870s
  5663  3362  140.00000   50  523          -  140.00000      -   561  875s
  5706  3399  140.00000   71  425          -  140.00000      -   561  880s
  5743  3418  140.00000   35  400          -  140.00000      -   562  885s
  5784  3441 infeasible   51               -  140.00000      -   563  890s
  5844  3497  140.00000   57  348          -  140.00000      -   562  895s
  5887  3514  140.00000   49  404          -  140.00000      -   562  900s
  5926  3545  140.00000   71  433          -  140.00000      -   563  905s
  5971  3568  140.00000   67  502          -  140.00000      -   564  910s
  5989  3580 infeasible   71               -  140.00000      -   566  915s
  6009  3584 infeasible   82               -  140.00000      -   568  920s
  6049  3612  140.00000   79  291          -  140.00000      -   568  925s
  6090  3631 infeasible   74               -  140.00000      -   570  930s
  6126  3649  140.00000   57  546          -  140.00000      -   571  935s
  6163  3654  140.00000   27  433          -  140.00000      -   572  940s
  6209  3698  140.00000   48  377          -  140.00000      -   572  945s
  6238  3723  140.00000   66  372          -  140.00000      -   573  967s
  6262  3735  140.00000   31  385          -  140.00000      -   572  970s
  6315  3780  140.00000   68  377          -  140.00000      -   571  975s
  6351  3808  140.00000   86  399          -  140.00000      -   572  980s
  6393  3836  140.00000   34  330          -  140.00000      -   573  985s
  6443  3868  140.00000   54  366          -  140.00000      -   573  990s
  6501  3894 infeasible   38               -  140.00000      -   572  995s
  6546  3921 infeasible   57               -  140.00000      -   572 1000s
  6613  3976  140.00000   52  334          -  140.00000      -   571 1005s
  6665  4018  140.00000   79  380          -  140.00000      -   571 1010s
  6710  4039 infeasible  100               -  140.00000      -   571 1015s
  6762  4079  140.00000   61  503          -  140.00000      -   571 1020s
  6807  4110  140.00000   85  377          -  140.00000      -   572 1025s
  6866  4135  140.00000   43  317          -  140.00000      -   571 1030s
  6906  4157  140.00000   43  348          -  140.00000      -   572 1035s
  6952  4189 infeasible   62               -  140.00000      -   573 1040s
  6988  4215 infeasible   79               -  140.00000      -   573 1045s
  7042  4253 infeasible   82               -  140.00000      -   573 1050s
  7093  4280 infeasible   71               -  140.00000      -   573 1055s
  7152  4309  140.00000   50  377          -  140.00000      -   572 1060s
  7181  4320  140.00000   62  370          -  140.00000      -   574 1065s
  7213  4332  140.00000   74  516          -  140.00000      -   575 1070s
  7245  4342  140.00000   71  303          -  140.00000      -   576 1075s
  7285  4356  140.00000   71  328          -  140.00000      -   577 1080s
  7324  4383 infeasible   85               -  140.00000      -   578 1085s
  7374  4415 infeasible   82               -  140.00000      -   578 1090s
  7414  4437  140.00000   68  338          -  140.00000      -   578 1095s
  7433  4448 infeasible   74               -  140.00000      -   580 1100s
  7471  4466  140.00000   66  345          -  140.00000      -   581 1105s
  7510  4475 infeasible   65               -  140.00000      -   582 1110s
  7562  4505 infeasible   66               -  140.00000      -   582 1115s
  7607  4534  140.00000   62  391          -  140.00000      -   582 1120s
  7654  4561  140.00000   47  361          -  140.00000      -   583 1125s
  7715  4604  140.00000   54  360          -  140.00000      -   582 1130s
  7740  4611 infeasible   65               -  140.00000      -   584 1135s
  7792  4655 infeasible   66               -  140.00000      -   583 1140s
  7848  4695  140.00000   66  306          -  140.00000      -   583 1145s
  7881  4712  140.00000   40  421          -  140.00000      -   584 1150s
  7945  4744  140.00000   60  343          -  140.00000      -   583 1155s
  8002  4787  140.00000   85  337          -  140.00000      -   582 1160s
  8052  4811  140.00000   64  396          -  140.00000      -   582 1165s
  8103  4846 infeasible   90               -  140.00000      -   582 1170s
  8150  4881  140.00000   49  369          -  140.00000      -   583 1175s
  8207  4936  139.00000   76  408          -  140.00000      -   582 1180s
  8260  4971  140.00000   47  445          -  140.00000      -   581 1185s
  8326  5029  140.00000   81  437          -  140.00000      -   580 1190s
  8414  5101  140.00000   76  280          -  140.00000      -   577 1195s
  8447  5124 infeasible   88               -  140.00000      -   579 1200s
  8467  5136  139.66646   97  627          -  140.00000      -   580 1205s
  8508  5155  140.00000   76  316          -  140.00000      -   580 1210s
  8559  5196  140.00000  103  355          -  140.00000      -   581 1215s
  8618  5227 infeasible   89               -  140.00000      -   580 1220s
  8659  5246  140.00000   78  463          -  140.00000      -   581 1225s
  8723  5306  140.00000  108  474          -  140.00000      -   580 1230s
  8753  5306 infeasible  119               -  140.00000      -   581 1235s
  8808  5353  140.00000   87  481          -  140.00000      -   581 1240s
  8840  5373 infeasible  103               -  140.00000      -   582 1245s
  8867  5386 infeasible  107               -  140.00000      -   583 1250s
  8913  5398  140.00000   75  401          -  140.00000      -   584 1255s
  8962  5445  140.00000   97  402          -  140.00000      -   583 1260s
  8980  5459  140.00000  102  439          -  140.00000      -   585 1265s
  8999  5466 infeasible  110               -  140.00000      -   586 1270s
  9053  5500  140.00000   89  426          -  140.00000      -   586 1275s
  9057  5504  140.00000   92  364          -  140.00000      -   586 1290s
  9090  5527  140.00000  107  432          -  140.00000      -   586 1295s
  9137  5546  140.00000   88  370          -  140.00000      -   587 1300s
  9189  5576  140.00000   58  414          -  140.00000      -   586 1305s
  9245  5628  140.00000   90  498          -  140.00000      -   585 1310s
  9291  5654  140.00000   52  326          -  140.00000      -   585 1315s
  9358  5717  140.00000   82  370          -  140.00000      -   584 1320s
  9425  5762  140.00000   62  355          -  140.00000      -   583 1325s
  9488  5809  140.00000   65  453          -  140.00000      -   582 1330s
  9541  5838  140.00000   48  375          -  140.00000      -   582 1335s
  9591  5874 infeasible   73               -  140.00000      -   582 1340s
  9631  5894  140.00000   55  298          -  140.00000      -   582 1345s
  9686  5931  140.00000   78  333          -  140.00000      -   582 1350s
  9730  5945  140.00000   55  447          -  140.00000      -   583 1355s
  9795  5988  140.00000   59  364          -  140.00000      -   582 1360s
  9833  6018  139.00000   77  419          -  140.00000      -   583 1365s
  9906  6081  140.00000   83  364          -  140.00000      -   582 1370s
  9948  6107  140.00000   56  445          -  140.00000      -   582 1375s
  9975  6126 infeasible   71               -  140.00000      -   583 1380s
 10020  6153  140.00000   77  463          -  140.00000      -   583 1385s
 10049  6166  140.00000   69  295          -  140.00000      -   584 1390s
 10097  6208  140.00000   87  374          -  140.00000      -   584 1395s
 10127  6230  139.00000   96  315          -  140.00000      -   585 1400s
 10170  6243  140.00000   87  434          -  140.00000      -   586 1405s
 10202  6255  140.00000   58  409          -  140.00000      -   587 1601s
 10230  6271 infeasible   73               -  140.00000      -   587 1605s
 10260  6289  139.00000   62  416          -  140.00000      -   588 1610s
 10313  6314  140.00000   56  303          -  140.00000      -   588 1615s
 10379  6372  140.00000   84  350          -  140.00000      -   588 1620s
 10416  6391 infeasible  102               -  140.00000      -   588 1625s
 10444  6405  140.00000   72  360          -  140.00000      -   589 1630s
 10475  6414 infeasible   69               -  140.00000      -   590 1635s
 10514  6449 infeasible   89               -  140.00000      -   590 1640s
 10544  6461  140.00000   71  421          -  140.00000      -   591 1645s
 10574  6481  140.00000   78  415          -  140.00000      -   591 1650s
 10612  6491  140.00000   75  398          -  140.00000      -   592 1655s
 10666  6521  140.00000   78  418          -  140.00000      -   592 1660s
 10728  6543  140.00000   87  415          -  140.00000      -   591 1665s
 10768  6565  140.00000   83  448          -  140.00000      -   591 1670s
 10795  6582 infeasible  105               -  140.00000      -   592 1676s
 10821  6594 infeasible   76               -  140.00000      -   593 1680s
 10852  6603 infeasible   78               -  140.00000      -   593 1685s
 10889  6618  140.00000   82  458          -  140.00000      -   594 1690s
 10913  6622  140.00000   65  362          -  140.00000      -   595 1695s
 10946  6645  140.00000   82  349          -  140.00000      -   595 1700s
 10979  6658  140.00000   85  334          -  140.00000      -   596 1705s
 11031  6680 infeasible   77               -  140.00000      -   596 1710s
 11066  6697 infeasible   94               -  140.00000      -   597 1715s
 11121  6718  140.00000   76  347          -  140.00000      -   597 1720s
 11150  6733 infeasible   90               -  140.00000      -   598 1725s
 11170  6741 infeasible   96               -  140.00000      -   599 1730s
 11191  6744  140.00000   83  501          -  140.00000      -   600 1749s
 11192  6745  139.00000   84  460          -  140.00000      -   600 1750s
 11230  6765  140.00000   78  430          -  140.00000      -   600 1755s
 11270  6783  140.00000   67  457          -  140.00000      -   601 1760s
 11295  6786  139.00000   74  544          -  140.00000      -   602 1765s
 11331  6806  139.00000   75  447          -  140.00000      -   602 1770s
 11358  6815  137.00000   84  491          -  140.00000      -   604 1775s
 11378  6815  139.00000   91  372          -  140.00000      -   605 1780s
 11416  6833  139.00000   85  394          -  140.00000      -   605 1785s
 11441  6842  138.00000   96  434          -  140.00000      -   606 1790s
 11501  6884 infeasible   94               -  140.00000      -   606 1795s
 11550  6901  140.00000   61  331          -  140.00000      -   606 1800s
 11589  6912  140.00000   75  390          -  140.00000      -   607 1805s
 11646  6931  140.00000   73  363          -  140.00000      -   606 1810s
 11665  6942 infeasible   80               -  140.00000      -   607 1815s
 11683  6946  140.00000   65  378          -  140.00000      -   608 1820s
 11744  6989  140.00000   68  335          -  140.00000      -   608 1825s
 11796  7019  140.00000   79  415          -  140.00000      -   608 1830s
 11815  7028  139.00000   68  363          -  140.00000      -   609 1835s
 11858  7045  140.00000   65  455          -  140.00000      -   609 1840s
 11892  7061 infeasible   74               -  140.00000      -   610 1845s
 11912  7071  140.00000   58  384          -  140.00000      -   611 1850s
 11964  7107  140.00000   91  382          -  140.00000      -   611 1855s
 12028  7141  140.00000   94  380          -  140.00000      -   610 1860s
 12080  7165  140.00000   84  447          -  140.00000      -   610 1865s
 12109  7172 infeasible   91               -  140.00000      -   611 1870s
 12148  7179 infeasible   80               -  140.00000      -   612 1875s
 12184  7191  140.00000   70  381          -  140.00000      -   613 1880s
 12221  7208  140.00000   88  421          -  140.00000      -   614 1885s
 12246  7205  140.00000   74  450          -  140.00000      -   615 1890s
 12276  7215  140.00000   56  384          -  140.00000      -   616 1895s
 12322  7253  140.00000   79  353          -  140.00000      -   616 1900s
 12350  7267  140.00000   82  460          -  140.00000      -   617 1905s
 12390  7281  140.00000   76  390          -  140.00000      -   617 1910s
 12441  7304 infeasible   80               -  140.00000      -   617 1915s
 12471  7322 infeasible  102               -  140.00000      -   617 1920s
 12496  7329  140.00000   78  396          -  140.00000      -   618 1925s
 12536  7349 infeasible   82               -  140.00000      -   619 1930s
 12573  7370 infeasible   96               -  140.00000      -   619 1935s
 12591  7376 infeasible   86               -  140.00000      -   620 1940s
 12627  7392  140.00000   86  400          -  140.00000      -   620 1945s
 12652  7399  140.00000   84  435          -  140.00000      -   621 1950s
 12677  7408 infeasible   95               -  140.00000      -   622 1955s
 12706  7411  140.00000   95  503          -  140.00000      -   622 1960s
 12747  7432 infeasible   99               -  140.00000      -   623 1965s
 12766  7431  140.00000   54  421          -  140.00000      -   624 1970s
 12843  7484  140.00000   68  380          -  140.00000      -   623 1975s
 12906  7533  140.00000   71  288          -  140.00000      -   622 1980s
 12940  7539  140.00000   75  355          -  140.00000      -   623 1985s
 12994  7577  140.00000   80  516          -  140.00000      -   623 1990s
 13032  7593  140.00000   96  487          -  140.00000      -   623 1995s
 13077  7626  140.00000   79  335          -  140.00000      -   623 2000s
 13113  7646  140.00000   71  436          -  140.00000      -   624 2005s
 13133  7652 infeasible   77               -  140.00000      -   625 2010s
 13168  7683  140.00000   76  361          -  140.00000      -   625 2030s
 13198  7699  140.00000   90  369          -  140.00000      -   625 2035s
 13227  7706 infeasible   68               -  140.00000      -   626 2040s
 13260  7725  140.00000   54  368          -  140.00000      -   626 2045s
 13301  7756  140.00000   74  409          -  140.00000      -   626 2050s
 13354  7791  140.00000   68  365          -  140.00000      -   626 2055s
 13401  7826 infeasible   81               -  140.00000      -   626 2060s
 13459  7854  140.00000   74  388          -  140.00000      -   626 2065s
 13493  7874  140.00000   87  395          -  140.00000      -   627 2070s
 13523  7874  140.00000   71  350          -  140.00000      -   628 2075s
 13568  7913 infeasible  101               -  140.00000      -   628 2080s
 13600  7921  140.00000   59  439          -  140.00000      -   629 2085s
 13647  7936 infeasible   74               -  140.00000      -   629 2090s
 13694  7959  140.00000   68  363          -  140.00000      -   629 2095s
 13735  7978  140.00000   71  372          -  140.00000      -   629 2100s
 13779  7996 infeasible   77               -  140.00000      -   630 2105s
 13821  8008 infeasible   69               -  140.00000      -   630 2110s
 13870  8031 infeasible   78               -  140.00000      -   630 2115s
 13908  8047 infeasible   78               -  140.00000      -   630 2120s
 13950  8073  140.00000   76  414          -  140.00000      -   630 2125s
 13987  8074 infeasible   65               -  140.00000      -   631 2130s
 14023  8102  140.00000   79  400          -  140.00000      -   631 2135s
 14061  8114  140.00000   62  396          -  140.00000      -   631 2140s
 14084  8127 infeasible   76               -  140.00000      -   632 2145s
 14115  8148  140.00000   80  389          -  140.00000      -   633 2150s
 14145  8154  140.00000   72  504          -  140.00000      -   633 2155s
 14168  8165 infeasible   87               -  140.00000      -   634 2160s
 14206  8187 infeasible   87               -  140.00000      -   634 2165s
 14237  8202 infeasible   80               -  140.00000      -   635 2170s
 14285  8222 infeasible   92               -  140.00000      -   635 2175s
 14324  8237 infeasible   81               -  140.00000      -   635 2180s
 14370  8253 infeasible   63               -  140.00000      -   635 2185s
 14413  8286 infeasible   84               -  140.00000      -   635 2190s
 14456  8301 infeasible   82               -  140.00000      -   635 2195s
 14495  8322  140.00000   73  412          -  140.00000      -   636 2200s
 14540  8349  140.00000   65  475          -  140.00000      -   636 2205s
 14581  8366 infeasible   77               -  140.00000      -   636 2210s
 14629  8400  140.00000   82  371          -  140.00000      -   636 2215s
 14676  8429 infeasible   75               -  140.00000      -   636 2220s
 14716  8439 infeasible   85               -  140.00000      -   636 2225s
 14760  8455  140.00000   66  367          -  140.00000      -   637 2230s
 14812  8489 infeasible   97               -  140.00000      -   636 2235s
 14850  8505  140.00000   82  387          -  140.00000      -   637 2240s
 14914  8549 infeasible   75               -  140.00000      -   636 2245s
 14972  8593  140.00000   70  385          -  140.00000      -   636 2250s
 14990  8597 infeasible   75               -  140.00000      -   637 2255s
 15035  8628 infeasible   59               -  140.00000      -   637 2260s
 15072  8661 infeasible   79               -  140.00000      -   637 2265s
 15086  8663 infeasible   83               -  140.00000      -   638 2270s
 15125  8684 infeasible   70               -  140.00000      -   638 2275s
 15173  8706 infeasible   78               -  140.00000      -   638 2280s
 15215  8716  140.00000   78  388          -  140.00000      -   639 2285s
 15262  8725  140.00000   78  407          -  140.00000      -   639 2290s
 15274  8727  140.00000   61  403          -  140.00000      -   639 2295s
 15308  8741  140.00000   64  331          -  140.00000      -   640 2300s
 15342  8755  140.00000   62  429          -  140.00000      -   640 2323s
 15356  8757  140.00000   63  292          -  140.00000      -   640 2325s
 15395  8778  140.00000   77  391          -  140.00000      -   640 2330s
 15449  8794  140.00000   62  314          -  140.00000      -   640 2335s
 15495  8804  140.00000   66  431          -  140.00000      -   640 2340s
 15538  8825  140.00000   72  461          -  140.00000      -   640 2345s
 15552  8827 infeasible   79               -  140.00000      -   641 2350s
 15610  8855 infeasible  105               -  140.00000      -   641 2355s
 15651  8882  140.00000   81  390          -  140.00000      -   641 2360s
 15692  8923  140.00000   99  386          -  140.00000      -   641 2365s
 15704  8925 infeasible  101               -  140.00000      -   642 2370s
 15718  8925 infeasible  103               -  140.00000      -   642 2375s
 15749  8946  140.00000   63  401          -  140.00000      -   643 2380s
 15791  8974  140.00000   57  335          -  140.00000      -   643 2385s
 15824  9001  140.00000   64  437          -  140.00000      -   644 2390s
 15853  9020 infeasible   76               -  140.00000      -   644 2395s
 15874  9015 infeasible   77               -  140.00000      -   645 2400s
 15940  9079  139.00000   87  462          -  140.00000      -   644 2405s
 16004  9131  140.00000   71  381          -  140.00000      -   644 2410s
 16072  9171 infeasible  103               -  140.00000      -   643 2415s
 16122  9191  140.00000   53  346          -  140.00000      -   643 2420s
 16172  9227 infeasible   60               -  140.00000      -   643 2425s
 16212  9249 infeasible   74               -  140.00000      -   643 2430s
 16264  9279  140.00000   81  407          -  140.00000      -   643 2435s
 16329  9316 infeasible   66               -  140.00000      -   643 2440s
 16374  9347  140.00000   58  409          -  140.00000      -   643 2445s
 16424  9379 infeasible   56               -  140.00000      -   643 2450s
 16494  9423  140.00000   59  380          -  140.00000      -   643 2455s
 16507  9432  140.00000   64  493          -  140.00000      -   644 2460s
 16543  9448 infeasible   81               -  140.00000      -   644 2465s
 16564  9461  140.00000   74  362          -  140.00000      -   644 2470s
 16596  9475 infeasible   88               -  140.00000      -   645 2475s
 16659  9520  140.00000   89  366          -  140.00000      -   644 2480s
 16712  9537  140.00000   77  481          -  140.00000      -   644 2485s
 16759  9566 infeasible   87               -  140.00000      -   645 2490s
 16802  9581 infeasible   91               -  140.00000      -   645 2495s
 16864  9605 infeasible   93               -  140.00000      -   644 2500s
 16919  9622 infeasible  112               -  140.00000      -   644 2505s
 16977  9654 infeasible   75               -  140.00000      -   644 2510s
 17030  9699  140.00000  102  383          -  140.00000      -   644 2515s
 17081  9732 infeasible   82               -  140.00000      -   644 2520s
 17134  9767 infeasible  103               -  140.00000      -   643 2525s
 17174  9785 infeasible   97               -  140.00000      -   644 2530s
 17215  9796 infeasible  105               -  140.00000      -   644 2535s
 17262  9795  140.00000  113  396          -  140.00000      -   644 2540s
 17321  9834  140.00000   97  423          -  140.00000      -   643 2545s
 17359  9844 infeasible  106               -  140.00000      -   644 2550s
 17408  9867  140.00000   90  312          -  140.00000      -   644 2555s
 17488  9915  140.00000   87  381          -  140.00000      -   643 2560s
 17539  9932  140.00000   83  457          -  140.00000      -   643 2565s
 17583  9946  140.00000   82  463          -  140.00000      -   643 2570s
 17645  9992  140.00000   99  440          -  140.00000      -   643 2575s
 17688 10007  140.00000   82  367          -  140.00000      -   643 2580s
 17751 10052  140.00000   92  364          -  140.00000      -   643 2585s
 17791 10076  140.00000   91  445          -  140.00000      -   643 2590s
 17808 10087 infeasible  102               -  140.00000      -   644 2595s
 17840 10099  140.00000   91  406          -  140.00000      -   644 2600s
 17870 10123 infeasible  107               -  140.00000      -   644 2605s
 17919 10156  140.00000   95  330          -  140.00000      -   645 2610s
 17968 10173  140.00000   95  429          -  140.00000      -   645 2615s
 18011 10194 infeasible  116               -  140.00000      -   645 2620s
 18079 10244 infeasible  108               -  140.00000      -   645 2625s
 18110 10255  140.00000  101  448          -  140.00000      -   645 2630s
 18141 10270  140.00000  103  436          -  140.00000      -   646 2635s
 18177 10304  139.00000  122  496          -  140.00000      -   646 2640s
 18194 10307 infeasible  128               -  140.00000      -   647 2645s
 18197 10308  140.00000   94  372          -  140.00000      -   647 2662s
 18212 10323  140.00000  103  476          -  140.00000      -   647 2665s
 18233 10330  140.00000  110  467          -  140.00000      -   647 2670s
 18258 10333 infeasible   98               -  140.00000      -   648 2675s
 18291 10338  140.00000  100  354          -  140.00000      -   648 2680s
 18329 10372  140.00000  114  462          -  140.00000      -   649 2685s
 18374 10399  140.00000  105  330          -  140.00000      -   649 2690s
 18432 10433 infeasible  107               -  140.00000      -   649 2695s
 18495 10484  140.00000  105  402          -  140.00000      -   648 2700s
 18539 10514 infeasible  126               -  140.00000      -   648 2705s
 18574 10533  140.00000  107  464          -  140.00000      -   649 2710s
 18601 10538  139.00000  116  495          -  140.00000      -   649 2715s
 18640 10553 infeasible  110               -  140.00000      -   650 2720s
 18678 10563 infeasible  103               -  140.00000      -   650 2725s
 18717 10596  140.00000  108  445          -  140.00000      -   650 2730s
 18752 10607  140.00000   90  331          -  140.00000      -   650 2735s
 18835 10674  140.00000  102  267          -  140.00000      -   650 2740s
 18870 10699  140.00000  112  429          -  140.00000      -   650 2745s
 18932 10729  140.00000  113  383          -  140.00000      -   650 2750s
 18982 10745 infeasible  108               -  140.00000      -   650 2755s
 19007 10760  140.00000  109  495          -  140.00000      -   650 2760s
 19054 10775 infeasible  107               -  140.00000      -   650 2765s
 19105 10786 infeasible  100               -  140.00000      -   650 2770s
 19130 10781  140.00000  107  445          -  140.00000      -   651 2775s
 19168 10797  140.00000  111  405          -  140.00000      -   651 2780s
 19220 10823  140.00000   88  334          -  140.00000      -   651 2785s
 19265 10832 infeasible   95               -  140.00000      -   651 2790s
 19312 10841 infeasible  100               -  140.00000      -   651 2795s
 19364 10867  140.00000  111  372          -  140.00000      -   651 2800s
 19410 10871  140.00000   96  292          -  140.00000      -   651 2805s
 19456 10917  140.00000  119  443          -  140.00000      -   651 2810s
 19500 10941  140.00000   97  423          -  140.00000      -   651 2815s
 19541 10978  140.00000  109  395          -  140.00000      -   651 2820s
 19578 10985  140.00000  102  417          -  140.00000      -   652 2825s
 19619 10992 infeasible  104               -  140.00000      -   652 2830s
 19648 11011 infeasible  113               -  140.00000      -   652 2835s
 19674 11021  140.00000  110  422          -  140.00000      -   653 2840s
 19721 11050  140.00000  106  409          -  140.00000      -   653 2845s
 19755 11054 infeasible  116               -  140.00000      -   653 2850s
 19802 11087  140.00000  102  411          -  140.00000      -   653 2855s
 19848 11097  140.00000   96  346          -  140.00000      -   653 2860s
 19885 11110  140.00000  106  426          -  140.00000      -   653 2865s
 19920 11123 infeasible  105               -  140.00000      -   654 2870s
 19964 11133  140.00000   96  298          -  140.00000      -   654 2875s
 20021 11148 infeasible  103               -  140.00000      -   653 2880s
 20069 11166 infeasible  102               -  140.00000      -   653 2885s
 20118 11183 infeasible  118               -  140.00000      -   653 2890s
 20146 11181 infeasible  110               -  140.00000      -   654 2895s
 20191 11206 infeasible   98               -  140.00000      -   654 2900s
 20242 11227 infeasible   98               -  140.00000      -   654 2905s
 20271 11228  140.00000  104  468          -  140.00000      -   654 2910s
 20310 11247  140.00000  108  334          -  140.00000      -   655 2915s
 20355 11262 infeasible  110               -  140.00000      -   655 2920s
 20405 11284 infeasible   95               -  140.00000      -   654 2925s
 20450 11309  140.00000   99  366          -  140.00000      -   655 2930s
 20492 11315  140.00000   86  346          -  140.00000      -   655 2935s
 20550 11341 infeasible  104               -  140.00000      -   655 2940s
 20614 11357 infeasible   98               -  140.00000      -   654 2945s
 20656 11355  140.00000   90  391          -  140.00000      -   654 2950s
 20672 11361  140.00000   96  432          -  140.00000      -   655 2970s
 20697 11354 infeasible   93               -  140.00000      -   655 2975s
 20742 11357  140.00000   98  303          -  140.00000      -   655 2980s
 20804 11399 infeasible  115               -  140.00000      -   655 2985s
 20863 11428 infeasible   98               -  140.00000      -   655 2990s
 20902 11441 infeasible  104               -  140.00000      -   655 2995s
 20945 11438  140.00000  100  450          -  140.00000      -   655 3000s
 20993 11438 infeasible  105               -  140.00000      -   655 3005s
 21030 11463 infeasible  113               -  140.00000      -   655 3010s
 21088 11495 infeasible  117               -  140.00000      -   655 3015s
 21129 11504 infeasible  113               -  140.00000      -   655 3020s
 21185 11522 infeasible  114               -  140.00000      -   655 3025s
 21217 11528 infeasible  111               -  140.00000      -   655 3030s
 21244 11529 infeasible  100               -  140.00000      -   656 3035s
 21291 11554  140.00000  104  368          -  140.00000      -   656 3040s
 21327 11546 infeasible   92               -  140.00000      -   656 3045s
 21386 11577  140.00000   88  478          -  140.00000      -   656 3050s
 21434 11607 infeasible   97               -  140.00000      -   656 3055s
 21488 11623  140.00000  106  417          -  140.00000      -   656 3060s
 21525 11640  140.00000   76  343          -  140.00000      -   656 3065s
 21581 11684 infeasible  100               -  140.00000      -   656 3070s
 21612 11713  140.00000  109  440          -  140.00000      -   657 3075s
 21638 11729  140.00000  127  425          -  140.00000      -   657 3080s
 21684 11745  140.00000  101  446          -  140.00000      -   657 3085s
 21714 11751 infeasible  112               -  140.00000      -   657 3090s
 21739 11770  139.00000  107  508          -  140.00000      -   657 3095s
 21776 11787  140.00000  110  426          -  140.00000      -   658 3100s
 21820 11797 infeasible   93               -  140.00000      -   658 3105s
 21867 11812  140.00000   85  317          -  140.00000      -   658 3110s
 21915 11860  140.00000  101  397          -  140.00000      -   658 3115s
 21964 11877  140.00000   88  460          -  140.00000      -   658 3120s
 21990 11891  140.00000   94  471          -  140.00000      -   658 3125s
 22038 11919  140.00000   90  337          -  140.00000      -   658 3130s
 22074 11949  140.00000  104  496          -  140.00000      -   659 3135s
 22100 11955 infeasible  112               -  140.00000      -   659 3140s
 22146 11991  140.00000  105  448          -  140.00000      -   659 3145s
 22175 11998 infeasible  113               -  140.00000      -   660 3150s
 22216 12033  140.00000  108  426          -  140.00000      -   660 3155s
 22257 12062  140.00000  110  518          -  140.00000      -   660 3160s
 22279 12076  140.00000  118  526          -  140.00000      -   660 3165s
 22306 12081  140.00000   87  319          -  140.00000      -   661 3170s
 22356 12109  140.00000  101  438          -  140.00000      -   661 3175s
 22400 12131  140.00000  101  419          -  140.00000      -   661 3180s
 22438 12143  140.00000  108  460          -  140.00000      -   661 3185s
 22486 12173 infeasible  102               -  140.00000      -   661 3190s
 22528 12185  140.00000   90  452          -  140.00000      -   662 3195s
 22572 12225  140.00000  101  390          -  140.00000      -   662 3200s
 22620 12239  140.00000   77  350          -  140.00000      -   662 3205s
 22678 12275  140.00000   86  341          -  140.00000      -   662 3210s
 22717 12282 infeasible   94               -  140.00000      -   662 3215s
 22757 12300  140.00000   95  430          -  140.00000      -   662 3220s
 22799 12320 infeasible   94               -  140.00000      -   662 3225s
 22835 12334 infeasible   95               -  140.00000      -   662 3230s
 22867 12328 infeasible   87               -  140.00000      -   663 3235s
 22907 12354  140.00000   91  485          -  140.00000      -   663 3240s
 22947 12364 infeasible   93               -  140.00000      -   663 3245s
 22990 12381 infeasible  104               -  140.00000      -   663 3250s
 23032 12391 infeasible   90               -  140.00000      -   663 3255s
 23094 12435  140.00000  100  405          -  140.00000      -   663 3260s
 23130 12451  140.00000  106  406          -  140.00000      -   663 3265s
 23176 12473 infeasible  104               -  140.00000      -   663 3270s
 23212 12495  140.00000  101  520          -  140.00000      -   664 3275s
 23225 12506  139.77284  104  609          -  140.00000      -   664 3280s
 23232 12511  140.00000  105  421          -  140.00000      -   665 3298s
 23236 12509 infeasible  104               -  140.00000      -   665 3300s
 23264 12519  140.00000  106  558          -  140.00000      -   665 3305s
 23303 12546  140.00000   98  486          -  140.00000      -   665 3310s
 23354 12577  140.00000  115  391          -  140.00000      -   665 3315s
 23400 12601  140.00000  104  417          -  140.00000      -   665 3320s
 23440 12635 infeasible  120               -  140.00000      -   665 3325s
 23469 12642 infeasible  130               -  140.00000      -   666 3330s
 23526 12687  140.00000   99  412          -  140.00000      -   665 3335s
 23564 12705  140.00000  103  415          -  140.00000      -   666 3340s
 23588 12713 infeasible  112               -  140.00000      -   666 3345s
 23617 12712 infeasible  111               -  140.00000      -   666 3350s
 23659 12730  140.00000   96  438          -  140.00000      -   666 3355s
 23712 12757 infeasible   95               -  140.00000      -   666 3360s
 23750 12765  140.00000   52  440          -  140.00000      -   666 3365s
 23808 12799 infeasible   81               -  140.00000      -   666 3370s
 23857 12824 infeasible   71               -  140.00000      -   666 3375s
 23903 12850  139.00000  114  478          -  140.00000      -   666 3380s
 23953 12856 infeasible  105               -  140.00000      -   666 3385s
 24000 12883 infeasible  118               -  140.00000      -   666 3391s
 24027 12894  140.00000  117  601          -  140.00000      -   667 3395s
 24043 12894  140.00000  120  559          -  140.00000      -   667 3400s
 24074 12909 infeasible  120               -  140.00000      -   667 3405s
 24115 12940 infeasible  128               -  140.00000      -   668 3410s
 24144 12945 infeasible  114               -  140.00000      -   668 3415s
 24190 12967  139.00000  121  410          -  140.00000      -   668 3420s
 24211 12972  139.00000  116  392          -  140.00000      -   669 3425s
 24237 12976  138.00000  116  506          -  140.00000      -   669 3430s
 24264 12981  139.00000  115  488          -  140.00000      -   669 3435s
 24288 12971  140.00000  112  333          -  140.00000      -   670 3440s
 24317 12974 infeasible  120               -  140.00000      -   670 3445s
 24349 12980  139.00000  105  387          -  140.00000      -   671 3450s
 24370 12999  140.00000  115  395          -  140.00000      -   671 3455s
 24378 12997 infeasible  116               -  140.00000      -   672 3460s
 24400 13001  139.00000  102  397          -  140.00000      -   672 3465s
 24430 13017 infeasible  115               -  140.00000      -   673 3470s
 24448 13029 infeasible  118               -  140.00000      -   673 3475s
 24464 13025 infeasible  102               -  140.00000      -   674 3480s
 24494 13037  140.00000  111  494          -  140.00000      -   674 3485s
 24533 13066  140.00000  112  423          -  140.00000      -   674 3490s
 24558 13085  140.00000  118  458          -  140.00000      -   675 3495s
 24577 13098 infeasible  125               -  140.00000      -   675 3500s
 24606 13115  140.00000  102  433          -  140.00000      -   675 3505s
 24623 13126  139.00000  106  495          -  140.00000      -   676 3510s
 24637 13120  140.00000   92  392          -  140.00000      -   677 3515s
 24679 13158  140.00000  115  445          -  140.00000      -   677 3520s
 24695 13152  140.00000   91  397          -  140.00000      -   677 3525s
 24719 13170  140.00000  102  428          -  140.00000      -   678 3530s
 24731 13172 infeasible  106               -  140.00000      -   678 3535s
 24758 13183 infeasible  104               -  140.00000      -   679 3540s
 24778 13183  140.00000  103  477          -  140.00000      -   679 3545s
 24815 13202  140.00000  106  421          -  140.00000      -   679 3550s
 24842 13219 infeasible  116               -  140.00000      -   680 3555s
 24865 13228  140.00000  101  427          -  140.00000      -   680 3560s
 24895 13242  139.00000  107  516          -  140.00000      -   680 3565s
 24920 13249  140.00000   75  402          -  140.00000      -   680 3585s
 24938 13259 infeasible   84               -  140.00000      -   681 3590s
 25015 13326 infeasible  100               -  140.00000      -   680 3595s

Cutting planes:
  Gomory: 1
  Lift-and-project: 5
  Cover: 1
  Implied bound: 1
  Clique: 1
  MIR: 2
  StrongCG: 1
  Flow cover: 91
  Zero half: 25
  RLT: 129
  BQP: 173

Explored 25053 nodes (17344934 simplex iterations) in 3600.01 seconds (5624.11 work units)
Thread count was 1 (of 8 available processors)

Solution count 0

Time limit reached
Best objective -, best bound 1.400000000000e+02, gap -
