
Gurobi 11.0.1 (win64) logging started Mon Apr  1 12:49:38 2024

Set parameter LogFile to value "C:\Projetos\Job_Rotation_Algorithms\Outputs\GurobiLogs\gurobi_log-output-58_wee-c16-CostaMirallesModel-NoExtraConstraint-2.log"
Gurobi Optimizer version 11.0.1 build v11.0.1rc0 (win64 - Windows 10.0 (19045.2))

CPU model: 11th Gen Intel(R) Core(TM) i7-1165G7 @ 2.80GHz, instruction set [SSE2|AVX|AVX2|AVX512]
Thread count: 4 physical cores, 8 logical processors, using up to 1 threads


Gurobi 11.0.1 (win64) logging started Mon Apr  1 21:37:28 2024

Set parameter LogFile to value "C:\Projetos\Job_Rotation_Algorithms\Outputs\GurobiLogs\gurobi_log-output-58_wee-c16-CostaMirallesModel-NoExtraConstraint-2.log"
Gurobi Optimizer version 11.0.1 build v11.0.1rc0 (win64 - Windows 10.0 (19045.2))

CPU model: 11th Gen Intel(R) Core(TM) i7-1165G7 @ 2.80GHz, instruction set [SSE2|AVX|AVX2|AVX512]
Thread count: 4 physical cores, 8 logical processors, using up to 1 threads


Gurobi 11.0.1 (win64) logging started Thu Apr  4 23:34:52 2024

Set parameter LogFile to value "C:\Projetos\Job_Rotation_Algorithms\Outputs\GurobiLogs\gurobi_log-output-58_wee-c16-CostaMirallesModel-NoExtraConstraint-2.log"
Gurobi Optimizer version 11.0.1 build v11.0.1rc0 (win64 - Windows 10.0 (19045.2))

CPU model: 11th Gen Intel(R) Core(TM) i7-1165G7 @ 2.80GHz, instruction set [SSE2|AVX|AVX2|AVX512]
Thread count: 4 physical cores, 8 logical processors, using up to 1 threads


Gurobi 11.0.1 (win64) logging started Sat Apr  6 13:05:06 2024

Set parameter LogFile to value "C:\Projetos\Job_Rotation_Algorithms\Outputs\GurobiLogs\gurobi_log-output-58_wee-c16-CostaMirallesModel-NoExtraConstraint-2.log"
Gurobi Optimizer version 11.0.1 build v11.0.1rc0 (win64 - Windows 10.0 (19045.2))

CPU model: 11th Gen Intel(R) Core(TM) i7-1165G7 @ 2.80GHz, instruction set [SSE2|AVX|AVX2|AVX512]
Thread count: 4 physical cores, 8 logical processors, using up to 1 threads


Gurobi 11.0.1 (win64) logging started Sun Apr  7 02:37:18 2024

Set parameter LogFile to value "C:\Projetos\Job_Rotation_Algorithms\Outputs\GurobiLogs\gurobi_log-output-58_wee-c16-CostaMirallesModel-NoExtraConstraint-2.log"
Gurobi Optimizer version 11.0.1 build v11.0.1rc0 (win64 - Windows 10.0 (19045.2))

CPU model: 11th Gen Intel(R) Core(TM) i7-1165G7 @ 2.80GHz, instruction set [SSE2|AVX|AVX2|AVX512]
Thread count: 4 physical cores, 8 logical processors, using up to 1 threads


Gurobi 11.0.1 (win64) logging started Sun Apr  7 09:50:15 2024

Set parameter LogFile to value "C:\Projetos\Job_Rotation_Algorithms\Outputs\GurobiLogs\gurobi_log-output-58_wee-c16-CostaMirallesModel-NoExtraConstraint-2.log"
Gurobi Optimizer version 11.0.1 build v11.0.1rc0 (win64 - Windows 10.0 (19045.2))

CPU model: 11th Gen Intel(R) Core(TM) i7-1165G7 @ 2.80GHz, instruction set [SSE2|AVX|AVX2|AVX512]
Thread count: 4 physical cores, 8 logical processors, using up to 1 threads


Gurobi 11.0.1 (win64) logging started Wed Apr 10 17:38:55 2024

Set parameter LogFile to value "C:\Projetos\Job_Rotation_Algorithms\Outputs\GurobiLogs\gurobi_log-output-58_wee-c16-CostaMirallesModel-NoExtraConstraint-2.log"
Gurobi Optimizer version 11.0.1 build v11.0.1rc0 (win64 - Windows 10.0 (19045.2))

CPU model: 11th Gen Intel(R) Core(TM) i7-1165G7 @ 2.80GHz, instruction set [SSE2|AVX|AVX2|AVX512]
Thread count: 4 physical cores, 8 logical processors, using up to 1 threads


Gurobi 11.0.1 (win64) logging started Thu Apr 11 01:43:53 2024

Set parameter LogFile to value "C:\Projetos\Job_Rotation_Algorithms\Outputs\GurobiLogs\gurobi_log-output-58_wee-c16-CostaMirallesModel-NoExtraConstraint-2.log"
Gurobi Optimizer version 11.0.1 build v11.0.1rc0 (win64 - Windows 10.0 (19045.2))

CPU model: 11th Gen Intel(R) Core(TM) i7-1165G7 @ 2.80GHz, instruction set [SSE2|AVX|AVX2|AVX512]
Thread count: 4 physical cores, 8 logical processors, using up to 1 threads


Gurobi 11.0.1 (win64) logging started Sun Apr 21 03:00:41 2024

Set parameter LogFile to value "C:\Projetos\Job_Rotation_Algorithms\Outputs\GurobiLogs\gurobi_log-output-58_wee-c16-CostaMirallesModel-NoExtraConstraint-2.log"
Gurobi Optimizer version 11.0.1 build v11.0.1rc0 (win64 - Windows 10.0 (19045.2))

CPU model: 11th Gen Intel(R) Core(TM) i7-1165G7 @ 2.80GHz, instruction set [SSE2|AVX|AVX2|AVX512]
Thread count: 4 physical cores, 8 logical processors, using up to 1 threads


Gurobi 11.0.1 (win64) logging started Fri Apr 26 07:42:39 2024

Set parameter LogFile to value "C:\Projetos\Job_Rotation_Algorithms\Outputs\GurobiLogs\gurobi_log-output-58_wee-c16-CostaMirallesModel-NoExtraConstraint-2.log"
Gurobi Optimizer version 11.0.1 build v11.0.1rc0 (win64 - Windows 10.0 (19045.2))

CPU model: 11th Gen Intel(R) Core(TM) i7-1165G7 @ 2.80GHz, instruction set [SSE2|AVX|AVX2|AVX512]
Thread count: 4 physical cores, 8 logical processors, using up to 1 threads


Gurobi 11.0.1 (win64) logging started Sat Apr 27 04:33:58 2024

Set parameter LogFile to value "C:\Projetos\Job_Rotation_Algorithms\Outputs\GurobiLogs\gurobi_log-output-58_wee-c16-CostaMirallesModel-NoExtraConstraint-2.log"
Gurobi Optimizer version 11.0.1 build v11.0.1rc0 (win64 - Windows 10.0 (19045.2))

CPU model: 11th Gen Intel(R) Core(TM) i7-1165G7 @ 2.80GHz, instruction set [SSE2|AVX|AVX2|AVX512]
Thread count: 4 physical cores, 8 logical processors, using up to 1 threads


Gurobi 11.0.1 (win64) logging started Sat Apr 27 14:52:00 2024

Set parameter LogFile to value "C:\Projetos\Job_Rotation_Algorithms\Outputs\GurobiLogs\gurobi_log-output-58_wee-c16-CostaMirallesModel-NoExtraConstraint-2.log"
Gurobi Optimizer version 11.0.1 build v11.0.1rc0 (win64 - Windows 10.0 (19045.2))

CPU model: 11th Gen Intel(R) Core(TM) i7-1165G7 @ 2.80GHz, instruction set [SSE2|AVX|AVX2|AVX512]
Thread count: 4 physical cores, 8 logical processors, using up to 1 threads


Gurobi 11.0.1 (win64) logging started Fri May  3 02:50:21 2024

Set parameter LogFile to value "C:\Projetos\Job_Rotation_Algorithms\Outputs\GurobiLogs\gurobi_log-output-58_wee-c16-CostaMirallesModel-NoExtraConstraint-2.log"
Gurobi Optimizer version 11.0.1 build v11.0.1rc0 (win64 - Windows 10.0 (19045.2))

CPU model: 11th Gen Intel(R) Core(TM) i7-1165G7 @ 2.80GHz, instruction set [SSE2|AVX|AVX2|AVX512]
Thread count: 4 physical cores, 8 logical processors, using up to 1 threads

WLS license 901038 - registered to Bitka Analytics
Optimize a model with 5940 rows, 43585 columns and 1094475 nonzeros
Model fingerprint: 0x4f3aca9b
Variable types: 2 continuous, 43583 integer (43583 binary)
Coefficient statistics:
  Matrix range     [1e+00, 8e+01]
  Objective range  [1e+00, 1e+00]
  Bounds range     [1e+00, 3e+01]
  RHS range        [1e+00, 3e+01]
Presolve added 1860 rows and 1048 columns
Presolve time: 4.22s
Presolved: 7800 rows, 44633 columns, 345830 nonzeros
Variable types: 0 continuous, 44633 integer (43232 binary)

Root simplex log...

Iteration    Objective       Primal Inf.    Dual Inf.      Time
       0    1.0990000e+03   1.409000e+03   0.000000e+00      7s
    8516    1.5000000e+02   0.000000e+00   0.000000e+00      9s

Root relaxation: objective 1.500000e+02, 8516 iterations, 1.26 seconds (1.73 work units)

    Nodes    |    Current Node    |     Objective Bounds      |     Work
 Expl Unexpl |  Obj  Depth IntInf | Incumbent    BestBd   Gap | It/Node Time

     0     0  150.00000    0  201          -  150.00000      -     -    9s
     0     0  150.00000    0  188          -  150.00000      -     -    9s
     0     0  150.00000    0  188          -  150.00000      -     -   11s
     0     0  150.00000    0  183          -  150.00000      -     -   23s
     0     0  150.00000    0 1084          -  150.00000      -     -   25s
     0     0  150.00000    0  940          -  150.00000      -     -   26s
     0     0  150.00000    0  212          -  150.00000      -     -   29s
     0     0  150.00000    0  234          -  150.00000      -     -   30s
     0     0  150.00000    0  250          -  150.00000      -     -   32s
     0     0  150.00000    0  235          -  150.00000      -     -   32s
     0     0  150.00000    0  264          -  150.00000      -     -   32s
     0     0  150.00000    0  207          -  150.00000      -     -   34s
     0     0  150.00000    0  206          -  150.00000      -     -   34s
     0     0  150.00000    0  257          -  150.00000      -     -   34s
     0     0  150.00000    0  240          -  150.00000      -     -   37s
     0     0  150.00000    0  219          -  150.00000      -     -   38s
     0     2  150.00000    0  205          -  150.00000      -     -   46s
    57    59  150.00000   32  246          -  150.00000      -   283   50s
   133   135  150.00000   75  546          -  150.00000      -   276   55s
   197   199  150.00000  109  501          -  150.00000      -   277   60s
   296   261  150.00000  117  869          -  150.00000      -   232   65s
   368   302  150.00000  103  834          -  150.00000      -   246   70s
   447   370  150.00000  156  517          -  150.00000      -   245   75s
   507   375  150.00000  112 1224          -  150.00000      -   260   80s
   577   414  150.00000  105 1476          -  150.00000      -   263   85s
   628   447  150.00000  163  188          -  150.00000      -   259   95s
   630   448  150.00000  155  174          -  150.00000      -   258  101s
   633   450  150.00000   89  223          -  150.00000      -   257  110s
   635   452  150.00000  131  213          -  150.00000      -   256  115s
   637   453  150.00000   39  237          -  150.00000      -   255  122s
   639   454  150.00000   99  201          -  150.00000      -   254  130s
   641   456  150.00000  156  214          -  150.00000      -   254  137s
   643   457  150.00000  116  214          -  150.00000      -   253  143s
   648   462  150.00000   17  247          -  150.00000      -   673  153s
   666   474  150.00000   26  368          -  150.00000      -   658  155s
   740   524  150.00000   63  271          -  150.00000      -   601  160s
   816   559  150.00000  104  166          -  150.00000      -   563  165s
   855   579  150.00000  125  319          -  150.00000      -   559  170s
   936   619  150.00000  171  365          -  150.00000      -   526  175s
  1001   633  150.00000  115  445          -  150.00000      -   500  180s
  1007   637  150.00000  118  378          -  150.00000      -   499  185s
  1015   640  150.00000  122  400          -  150.00000      -   496  190s
  1028   641  150.00000  127  437          -  150.00000      -   494  195s
  1040   635 infeasible  115               -  150.00000      -   490  200s
  1047   635 infeasible  119               -  150.00000      -   488  205s
  1086   644  150.00000  121  279          -  150.00000      -   474  210s
  1194   658  150.00000  133  275          -  150.00000      -   440  215s
  1243   677  150.00000  161  262          -  150.00000      -   426  220s
  1406   696  150.00000  188  369          -  150.00000      -   381  225s
  1469   709 infeasible  212               -  150.00000      -   369  230s
  1550   733 infeasible  211               -  150.00000      -   353  235s
  1629   758  150.00000  232  124          -  150.00000      -   340  240s
  1668   752  149.00000  205  228          -  150.00000      -   335  245s
  1732   741  150.00000  178  162          -  150.00000      -   325  250s
  1811   757  150.00000  199  356          -  150.00000      -   314  255s
  1868   768  150.00000  205  173          -  150.00000      -   306  260s
  1964   764  146.53846  233  373          -  150.00000      -   294  265s
  2054   786  150.00000  214  172          -  150.00000      -   282  270s
  2136   818 infeasible  215               -  150.00000      -   274  275s
  2203   851 infeasible  226               -  150.00000      -   269  280s
  2302   891  150.00000  212  342          -  150.00000      -   260  285s
  2419   926  150.00000  224  263          -  150.00000      -   250  290s
  2520   942  150.00000  218  154          -  150.00000      -   243  295s
  2611   971 infeasible  229               -  150.00000      -   237  300s
  2737  1017  149.00000  226  500          -  150.00000      -   228  305s
  2823  1031  150.00000  204  231          -  150.00000      -   224  310s
  2931  1085  150.00000  227  211          -  150.00000      -   218  315s
  3075  1157 infeasible  216               -  150.00000      -   211  320s
  3195  1207  150.00000  219  236          -  150.00000      -   205  325s
  3262  1225  150.00000  224  282          -  150.00000      -   203  334s
  3263  1224 infeasible  225               -  150.00000      -   203  335s
  3279  1228  150.00000  220  236          -  150.00000      -   202  340s
  3396  1262  150.00000  211  258          -  150.00000      -   198  345s
  3543  1299 infeasible  242               -  150.00000      -   192  350s
  3684  1321 infeasible  215               -  150.00000      -   188  355s
  3782  1343 infeasible  231               -  150.00000      -   185  360s
  3951  1411 infeasible  234               -  150.00000      -   180  365s
  4104  1463 infeasible  251               -  150.00000      -   176  370s
  4197  1477 infeasible  233               -  150.00000      -   175  375s
  4352  1539 infeasible  239               -  150.00000      -   171  380s
  4487  1568 infeasible  228               -  150.00000      -   168  385s
  4620  1608  149.00000  238  252          -  150.00000      -   166  390s
  4769  1674  150.00000  237  655          -  150.00000      -   163  395s
  4864  1703  150.00000  229  186          -  150.00000      -   161  400s
  4986  1734 infeasible  239               -  150.00000      -   160  405s
  5101  1765 infeasible  217               -  150.00000      -   158  415s
  5184  1789  150.00000  222  267          -  150.00000      -   158  420s
  5311  1811 infeasible  231               -  150.00000      -   156  425s
  5412  1811 infeasible  231               -  150.00000      -   155  430s
  5488  1862  150.00000  223  297          -  150.00000      -   154  435s
  5578  1891  150.00000  214  287          -  150.00000      -   153  440s
  5646  1909  150.00000  226  444          -  150.00000      -   154  445s
  5746  1967  150.00000  248  352          -  150.00000      -   153  450s
  5839  1997  150.00000  197  408          -  150.00000      -   153  455s
  5890  2025 infeasible  225               -  150.00000      -   153  460s
  6017  2045  150.00000  185  254          -  150.00000      -   152  465s
  6155  2086  150.00000  223  427          -  150.00000      -   150  470s
  6261  2096 infeasible  224               -  150.00000      -   149  475s
  6372  2113  150.00000  217  158          -  150.00000      -   149  480s
  6498  2160  150.00000  214   91          -  150.00000      -   148  485s
  6623  2194  150.00000  223  435          -  150.00000      -   147  490s
  6736  2196  150.00000  214   90          -  150.00000      -   146  495s
  6917  2265  150.00000  210  184          -  150.00000      -   144  500s
  7060  2287 infeasible  199               -  150.00000      -   142  505s
  7199  2312 infeasible  194               -  150.00000      -   141  510s
  7303  2336 infeasible  214               -  150.00000      -   141  515s
  7429  2365 infeasible  214               -  150.00000      -   140  520s
  7583  2413 infeasible  202               -  150.00000      -   139  525s
  7702  2443 infeasible  213               -  150.00000      -   137  530s
  7753  2465  150.00000  227  524          -  150.00000      -   137  544s
  7754  2464 infeasible  228               -  150.00000      -   137  545s
  7762  2456 infeasible  214               -  150.00000      -   137  550s
  7769  2461  150.00000  222  196          -  150.00000      -   137  555s
  7782  2458  150.00000  213  209          -  150.00000      -   137  560s
  7832  2486  150.00000  214  415          -  150.00000      -   137  565s
  7941  2533 infeasible  229               -  150.00000      -   137  570s
  8084  2567  150.00000  190  183          -  150.00000      -   136  575s
  8219  2621  149.12500  206  318          -  150.00000      -   135  580s
  8356  2651  150.00000  222  304          -  150.00000      -   134  585s
  8488  2715  150.00000  224  126          -  150.00000      -   133  590s
  8617  2735  150.00000  187  366          -  150.00000      -   133  595s
  8751  2783 infeasible  205               -  150.00000      -   132  600s
  8862  2805  150.00000  215  382          -  150.00000      -   131  605s
  9020  2869  150.00000  183  256          -  150.00000      -   130  610s
  9139  2932 infeasible  197               -  150.00000      -   130  615s
  9273  3009  150.00000  231  445          -  150.00000      -   130  620s
  9423  3040 infeasible  204               -  150.00000      -   129  625s
  9486  3057  150.00000  227  370          -  150.00000      -   129  630s
  9561  3066 infeasible  223               -  150.00000      -   130  635s
  9682  3113 infeasible  232               -  150.00000      -   129  640s
  9816  3171 infeasible  238               -  150.00000      -   128  645s
  9974  3224  148.00000  237  358          -  150.00000      -   127  650s
 10108  3261  150.00000  232  232          -  150.00000      -   127  655s
 10202  3306 infeasible  226               -  150.00000      -   126  766s
 10309  3317 infeasible  230               -  150.00000      -   126  770s
 10461  3390  146.31614  220  234          -  150.00000      -   125  775s
 10663  3474  149.00000  223  260          -  150.00000      -   124  780s
 10810  3492  148.00000  220  190          -  150.00000      -   123  785s
 10966  3537 infeasible  246               -  150.00000      -   122  790s
 11080  3565  150.00000  210  553          -  150.00000      -   122  795s
 11174  3587  143.23308  213  320          -  150.00000      -   122  800s
 11278  3606 infeasible  228               -  150.00000      -   122  805s
 11377  3629  150.00000  205  308          -  150.00000      -   122  810s
 11469  3641 infeasible  227               -  150.00000      -   122  815s
 11585  3671 infeasible  215               -  150.00000      -   122  820s
 11667  3680 infeasible  230               -  150.00000      -   122  825s
 11750  3702 infeasible  221               -  150.00000      -   122  830s
 11868  3730 infeasible  225               -  150.00000      -   121  835s
 11984  3750 infeasible  228               -  150.00000      -   121  840s
 12092  3766 infeasible  233               -  150.00000      -   121  845s
 12187  3789 infeasible  211               -  150.00000      -   121  850s
 12291  3820 infeasible  232               -  150.00000      -   121  855s
 12406  3840 infeasible  210               -  150.00000      -   121  860s
 12512  3847 infeasible  223               -  150.00000      -   120  865s
 12626  3866 infeasible  211               -  150.00000      -   120  870s
 12727  3876 infeasible  218               -  150.00000      -   120  875s
 12839  3917 infeasible  202               -  150.00000      -   120  880s
 12923  3936 infeasible  218               -  150.00000      -   121  885s
 13065  3963  150.00000  198  339          -  150.00000      -   120  890s
 13153  3996 infeasible  204               -  150.00000      -   120  895s
 13243  4027 infeasible  216               -  150.00000      -   121  900s
 13348  4067 infeasible  210               -  150.00000      -   121  905s
 13495  4105  150.00000  201  380          -  150.00000      -   120  910s
 13596  4127  149.00000  202  328          -  150.00000      -   120  915s
 13696  4141  150.00000  207  593          -  150.00000      -   120  920s
 13791  4153  149.00000  201  354          -  150.00000      -   121  925s
 13923  4177 infeasible  216               -  150.00000      -   120  930s
 14053  4186  146.00000  228  265          -  150.00000      -   120  935s
 14155  4185  148.58333  219  316          -  150.00000      -   120  940s
 14258  4194  150.00000  187  271          -  150.00000      -   120  945s
 14422  4238  150.00000  188  132          -  150.00000      -   120  950s
 14627  4270  150.00000  190  229          -  150.00000      -   119  955s
 14809  4296 infeasible  203               -  150.00000      -   118  960s
 14942  4309 infeasible  200               -  150.00000      -   118  965s
 15081  4321 infeasible  196               -  150.00000      -   117  970s
 15253  4340  148.00000  190  234          -  150.00000      -   117  975s
 15303  4360  150.00000  193  301          -  150.00000      -   117  982s
 15371  4373  149.00000  199  480          -  150.00000      -   117  985s
 15479  4380 infeasible  194               -  150.00000      -   117  990s
 15619  4400 infeasible  204               -  150.00000      -   116  995s
 15735  4420 infeasible  213               -  150.00000      -   116 1000s
 15870  4453 infeasible  233               -  150.00000      -   116 1005s
 16006  4514  149.00000  196  317          -  150.00000      -   116 1010s
 16099  4540 infeasible  200               -  150.00000      -   116 1015s
 16240  4577 infeasible  223               -  150.00000      -   116 1020s
 16349  4583 infeasible  223               -  150.00000      -   116 1025s
 16502  4660 infeasible  207               -  150.00000      -   116 1030s
 16639  4722 infeasible  209               -  150.00000      -   116 1035s
 16800  4744  150.00000  185  273          -  150.00000      -   115 1040s
 16959  4820  150.00000  204   45          -  150.00000      -   115 1045s
 17147  4887 infeasible  206               -  150.00000      -   115 1050s
 17271  4944  149.16667  219  484          -  150.00000      -   115 1055s
 17390  4986  147.00000  227  255          -  150.00000      -   115 1060s
 17601  5062  150.00000  219  210          -  150.00000      -   114 1065s
 17754  5106  150.00000  212  269          -  150.00000      -   114 1070s
 17917  5141  150.00000  221  251          -  150.00000      -   113 1075s
 18065  5162  150.00000  215  123          -  150.00000      -   113 1080s
 18252  5219 infeasible  230               -  150.00000      -   113 1085s
 18387  5257  149.00000  213  200          -  150.00000      -   112 1090s
 18423  5269  149.00000  226  251          -  150.00000      -   112 1098s
 18432  5262  150.00000  224  150          -  150.00000      -   112 1100s
 18443  5259  149.00000  212  189          -  150.00000      -   113 1105s
 18555  5294  150.00000  244  247          -  150.00000      -   112 1110s
 18696  5321 infeasible  216               -  150.00000      -   112 1115s
 18892  5397  149.00000  218  279          -  150.00000      -   112 1120s
 19088  5443  149.82869  216  587          -  150.00000      -   111 1125s
 19246  5501  150.00000  191  401          -  150.00000      -   111 1130s
 19426  5593  150.00000  201  312          -  150.00000      -   111 1135s
 19570  5655  150.00000  194  297          -  150.00000      -   111 1140s
 19688  5703  149.64602  217  454          -  150.00000      -   111 1145s
 19805  5727  150.00000  194  251          -  150.00000      -   111 1150s
 19931  5766  150.00000  193  281          -  150.00000      -   111 1155s
 20101  5835  149.28571  210  345          -  150.00000      -   111 1160s
 20200  5862  150.00000  197  443          -  150.00000      -   111 1165s
 20333  5896 infeasible  193               -  150.00000      -   111 1170s
 20404  5908  149.00000  219  290          -  150.00000      -   111 1178s
 20472  5926  148.99054  218  389          -  150.00000      -   111 1180s
 20613  5967  149.79336  204  252          -  150.00000      -   110 1185s
 20721  6025 infeasible  207               -  150.00000      -   111 1190s
 20864  6081  150.00000  196  342          -  150.00000      -   111 1195s
 21015  6144  149.00000  219  242          -  150.00000      -   111 1200s
 21154  6175 infeasible  213               -  150.00000      -   111 1205s
 21265  6195  149.00000  202  379          -  150.00000      -   111 1210s
 21372  6238 infeasible  219               -  150.00000      -   111 1215s
 21499  6269 infeasible  219               -  150.00000      -   111 1220s
 21648  6324 infeasible  212               -  150.00000      -   111 1225s
 21754  6358  150.00000  201  289          -  150.00000      -   111 1230s
 21860  6397  149.96113  206  497          -  150.00000      -   112 1235s
 21968  6447  150.00000  209  349          -  150.00000      -   112 1240s
 22094  6508 infeasible  199               -  150.00000      -   112 1245s
 22212  6540 infeasible  206               -  150.00000      -   112 1250s
 22358  6561 infeasible  217               -  150.00000      -   112 1255s
 22459  6583 infeasible  214               -  150.00000      -   112 1260s
 22589  6619  150.00000  201  331          -  150.00000      -   112 1265s
 22698  6646 infeasible  245               -  150.00000      -   112 1270s
 22784  6663 infeasible  195               -  150.00000      -   112 1275s
 22913  6719 infeasible  222               -  150.00000      -   112 1280s
 23027  6752 infeasible  212               -  150.00000      -   112 1285s
 23128  6761  149.00000  217  273          -  150.00000      -   112 1290s
 23230  6789  148.00000  221  228          -  150.00000      -   112 1312s
 23245  6792 infeasible  212               -  150.00000      -   112 1316s
 23254  6797  150.00000  212  252          -  150.00000      -   112 1320s
 23267  6794  150.00000  204   76          -  150.00000      -   112 1325s
 23283  6794  150.00000  208  200          -  150.00000      -   112 1330s
 23329  6791 infeasible  233               -  150.00000      -   112 1335s
 23501  6824  150.00000  218  306          -  150.00000      -   112 1340s
 23643  6840 infeasible  217               -  150.00000      -   112 1345s
 23749  6838 infeasible  221               -  150.00000      -   112 1350s
 23872  6847  150.00000  215  559          -  150.00000      -   112 1355s
 23957  6859 infeasible  207               -  150.00000      -   112 1360s
 24060  6900 infeasible  214               -  150.00000      -   112 1365s
 24175  6947 infeasible  205               -  150.00000      -   112 1370s
 24268  6961  148.00000  194  268          -  150.00000      -   112 1375s
 24415  7009  150.00000  198  326          -  150.00000      -   112 1380s
 24526  7044 infeasible  203               -  150.00000      -   112 1385s
 24656  7085 infeasible  213               -  150.00000      -   112 1390s
 24762  7105 infeasible  209               -  150.00000      -   112 1395s
 24921  7134  149.00000  204  259          -  150.00000      -   112 1400s
 25050  7151 infeasible  203               -  150.00000      -   112 1405s
 25176  7186 infeasible  206               -  150.00000      -   112 1410s
 25284  7192  150.00000  212  453          -  150.00000      -   112 1415s
 25390  7212  150.00000  185  251          -  150.00000      -   112 1420s
 25504  7249  150.00000  195  300          -  150.00000      -   112 1425s
 25505  7249  149.00000  195  322          -  150.00000      -   112 1431s
 25564  7255 infeasible  212               -  150.00000      -   112 1435s
 25652  7272 infeasible  246               -  150.00000      -   112 1440s
 25734  7276 infeasible  192               -  150.00000      -   112 1445s
 25827  7311  150.00000  216  329          -  150.00000      -   112 1450s
 25983  7357 infeasible  212               -  150.00000      -   112 1455s
 26069  7366  150.00000  215  201          -  150.00000      -   112 1460s
 26186  7419  150.00000  213  448          -  150.00000      -   112 1465s
 26320  7472  150.00000  213  532          -  150.00000      -   112 1470s
 26414  7507  149.00000  207  432          -  150.00000      -   112 1475s
 26503  7525 infeasible  210               -  150.00000      -   112 1480s
 26591  7557  150.00000  207  203          -  150.00000      -   113 1485s
 26678  7579 infeasible  216               -  150.00000      -   113 1490s
 26752  7598 infeasible  210               -  150.00000      -   113 1495s
 26840  7628 infeasible  218               -  150.00000      -   113 1500s
 26931  7653 infeasible  212               -  150.00000      -   113 1505s
 27034  7681  148.00000  207  528          -  150.00000      -   113 1510s
 27129  7704 infeasible  202               -  150.00000      -   113 1515s
 27238  7712 infeasible  209               -  150.00000      -   113 1520s
 27370  7765  150.00000  194  201          -  150.00000      -   113 1525s
 27487  7806  150.00000  196  398          -  150.00000      -   113 1530s
 27650  7880  150.00000  192  317          -  150.00000      -   113 1535s
 27737  7932  149.00000  216  418          -  150.00000      -   113 1540s
 27829  7956  149.00000  206  425          -  150.00000      -   113 1545s
 27947  8005  150.00000  197  330          -  150.00000      -   113 1550s
 28073  8062  149.00000  214  123          -  150.00000      -   113 1555s
 28168  8095  148.69231  198  271          -  150.00000      -   113 1560s
 28311  8126 infeasible  243               -  150.00000      -   113 1565s
 28472  8177 infeasible  204               -  150.00000      -   113 1570s
 28611  8232 infeasible  210               -  150.00000      -   113 1575s
 28741  8262  150.00000  196  418          -  150.00000      -   113 1580s
 28886  8308  147.00000  216  444          -  150.00000      -   113 1585s
 29020  8330  150.00000  201  244          -  150.00000      -   113 1590s
 29180  8389 infeasible  235               -  150.00000      -   113 1595s
 29275  8422  150.00000  212  347          -  150.00000      -   113 1600s
 29422  8449 infeasible  205               -  150.00000      -   113 1605s
 29540  8490 infeasible  204               -  150.00000      -   113 1610s
 29651  8515 infeasible  213               -  150.00000      -   113 1615s
 29827  8583  150.00000  205  526          -  150.00000      -   113 1620s
 29965  8628  150.00000  199  565          -  150.00000      -   113 1625s
 30064  8666 infeasible  215               -  150.00000      -   113 1630s
 30181  8730  150.00000  209  319          -  150.00000      -   113 1635s
 30315  8749  150.00000  216  640          -  150.00000      -   113 1640s
 30418  8747 infeasible  229               -  150.00000      -   113 1645s
 30543  8763  150.00000  204  285          -  150.00000      -   113 1650s
 30606  8783  149.00000  204  189          -  150.00000      -   113 1659s
 30615  8789  149.00000  207  229          -  150.00000      -   113 1660s
 30736  8831  150.00000  206  271          -  150.00000      -   113 1665s
 30832  8851 infeasible  204               -  150.00000      -   113 1670s
 30962  8908 infeasible  209               -  150.00000      -   113 1675s
 31060  8935 infeasible  195               -  150.00000      -   114 1680s
 31230  9019  149.94899  195  517          -  150.00000      -   113 1685s
 31415  9106 infeasible  209               -  150.00000      -   113 1690s
 31581  9151 infeasible  215               -  150.00000      -   113 1695s
 31734  9191  150.00000  209  332          -  150.00000      -   113 1700s
 31855  9209 infeasible  217               -  150.00000      -   113 1705s
 31948  9227  149.00000  206  343          -  150.00000      -   113 1710s
 32033  9241  149.71324  225  456          -  150.00000      -   113 1715s
 32121  9235 infeasible  217               -  150.00000      -   114 1720s
 32258  9263  150.00000  227  700          -  150.00000      -   114 1725s
 32380  9274  150.00000  199  450          -  150.00000      -   114 1730s
 32521  9314 infeasible  193               -  150.00000      -   113 1735s
 32669  9341 infeasible  211               -  150.00000      -   113 1740s
 32750  9355 infeasible  214               -  150.00000      -   113 1745s
 32916  9403 infeasible  203               -  150.00000      -   113 1750s
 33051  9431 infeasible  200               -  150.00000      -   113 1755s
 33175  9436 infeasible  197               -  150.00000      -   113 1760s
 33264  9435  150.00000  208  346          -  150.00000      -   113 1765s
 33396  9471 infeasible  192               -  150.00000      -   113 1770s
 33509  9479 infeasible  209               -  150.00000      -   113 1775s
 33671  9498 infeasible  205               -  150.00000      -   113 1780s
 33847  9504  150.00000  186  313          -  150.00000      -   113 1785s
 34044  9557 infeasible  194               -  150.00000      -   112 1790s
 34138  9596 infeasible  209               -  150.00000      -   112 1795s
 34311  9636 infeasible  221               -  150.00000      -   112 1800s
 34446  9682 infeasible  203               -  150.00000      -   112 1805s
 34609  9722 infeasible  205               -  150.00000      -   112 1810s
 34740  9737 infeasible  193               -  150.00000      -   112 1815s
 34886  9759 infeasible  204               -  150.00000      -   112 1820s
 35035  9783 infeasible  194               -  150.00000      -   112 1825s
 35223  9847  150.00000  193  481          -  150.00000      -   112 1830s
 35317  9882  150.00000  209  746          -  150.00000      -   112 1835s
 35440  9925  150.00000  210  413          -  150.00000      -   112 1840s
 35565  9967  149.00000  214  333          -  150.00000      -   112 1845s
 35682 10018  147.30898  217  452          -  150.00000      -   112 1850s
 35707 10028  150.00000  204  359          -  150.00000      -   112 1857s
 35774 10059 infeasible  204               -  150.00000      -   112 1860s
 35908 10105 infeasible  215               -  150.00000      -   112 1865s
 36046 10146  150.00000  202  113          -  150.00000      -   112 1870s
 36195 10189  148.00000  211  583          -  150.00000      -   112 1875s
 36353 10213  150.00000  206  273          -  150.00000      -   112 1880s
 36508 10231 infeasible  219               -  150.00000      -   112 1885s
 36658 10254  149.00000  203  202          -  150.00000      -   112 1890s
 36782 10271 infeasible  211               -  150.00000      -   112 1895s
 36931 10306 infeasible  214               -  150.00000      -   112 1900s
 37053 10349 infeasible  228               -  150.00000      -   112 1905s
 37175 10390  147.00000  215  327          -  150.00000      -   112 1910s
 37287 10423  147.00000  215  396          -  150.00000      -   112 1915s
 37486 10461  150.00000  217  449          -  150.00000      -   112 1920s
 37612 10455 infeasible  216               -  150.00000      -   112 1925s
 37636 10455  149.00000  210  372          -  150.00000      -   111 1940s
 37650 10445 infeasible  206               -  150.00000      -   112 1945s
 37660 10447  150.00000  195  244          -  150.00000      -   112 1950s
 37673 10450  150.00000  196   64          -  150.00000      -   112 1955s
 37716 10466 infeasible  212               -  150.00000      -   112 1960s
 37843 10484  150.00000  197  226          -  150.00000      -   112 1965s
 37984 10515  150.00000  202  390          -  150.00000      -   112 1970s
 38082 10535  149.00000  209  279          -  150.00000      -   112 1975s
 38203 10562 infeasible  200               -  150.00000      -   112 1980s
 38310 10604  150.00000  211  437          -  150.00000      -   112 1985s
 38486 10651  150.00000  190  199          -  150.00000      -   112 1990s
 38617 10708  149.91789  204  662          -  150.00000      -   112 1995s
 38721 10733  149.00000  188  216          -  150.00000      -   112 2000s
 38862 10774  150.00000  191  440          -  150.00000      -   112 2005s
 39013 10800 infeasible  199               -  150.00000      -   112 2010s
 39133 10798  150.00000  192  386          -  150.00000      -   112 2015s
 39249 10819 infeasible  214               -  150.00000      -   112 2020s
 39404 10880 infeasible  209               -  150.00000      -   112 2025s
 39477 10899 infeasible  206               -  150.00000      -   112 2030s
 39580 10904  149.00000  197  408          -  150.00000      -   112 2035s
 39695 10935  150.00000  199  312          -  150.00000      -   112 2040s
 39804 10970  150.00000  192  236          -  150.00000      -   112 2045s
 39944 11019  150.00000  210  337          -  150.00000      -   112 2050s
 40075 11049  150.00000  218  193          -  150.00000      -   112 2055s
 40174 11072 infeasible  213               -  150.00000      -   112 2060s
 40332 11138  150.00000  204  188          -  150.00000      -   112 2065s
 40449 11166  150.00000  209  317          -  150.00000      -   112 2070s
 40577 11171 infeasible  204               -  150.00000      -   112 2075s
 40703 11185 infeasible  204               -  150.00000      -   112 2080s
 40803 11201  148.38690  198  501          -  150.00000      -   112 2085s
 40808 11203  149.00000  201  465          -  150.00000      -   112 2091s
 40912 11206 infeasible  218               -  150.00000      -   112 2095s
 40987 11212  150.00000  212  210          -  150.00000      -   112 2100s
 41151 11243 infeasible  203               -  150.00000      -   112 2105s
 41254 11265 infeasible  231               -  150.00000      -   112 2110s
 41341 11296  150.00000  228  456          -  150.00000      -   112 2115s
 41458 11319  150.00000  225  273          -  150.00000      -   112 2120s
 41577 11361 infeasible  201               -  150.00000      -   112 2125s
 41686 11376 infeasible  203               -  150.00000      -   112 2130s
 41765 11390  149.66599  226  300          -  150.00000      -   112 2135s
 41836 11426  150.00000  221  462          -  150.00000      -   112 2140s
 41921 11446 infeasible  237               -  150.00000      -   112 2145s
 42002 11455 infeasible  225               -  150.00000      -   112 2150s
 42097 11460 infeasible  198               -  150.00000      -   112 2155s
 42221 11482  149.00000  196  461          -  150.00000      -   112 2160s
 42402 11557  149.00000  208  706          -  150.00000      -   112 2165s
 42528 11605  149.00000  217  409          -  150.00000      -   112 2170s
 42632 11634  149.00000  204  291          -  150.00000      -   112 2175s
 42735 11656  149.00000  193  388          -  150.00000      -   112 2180s
 42834 11693 infeasible  207               -  150.00000      -   112 2185s
 42986 11763  147.00000  208  370          -  150.00000      -   112 2190s
 43073 11787  150.00000  213  666          -  150.00000      -   112 2195s
 43176 11818  150.00000  200  389          -  150.00000      -   112 2200s
 43333 11878  150.00000  199  317          -  150.00000      -   112 2205s
 43467 11929  149.00000  201  237          -  150.00000      -   112 2210s
 43618 11950  149.00000  219  373          -  150.00000      -   112 2215s
 43740 11996  150.00000  195  330          -  150.00000      -   112 2220s
 43883 12057 infeasible  206               -  150.00000      -   112 2225s
 44022 12106 infeasible  236               -  150.00000      -   112 2230s
 44170 12125  150.00000  196  246          -  150.00000      -   112 2235s
 44290 12156  148.00000  217  151          -  150.00000      -   112 2240s
 44479 12213 infeasible  199               -  150.00000      -   112 2245s
 44626 12236 infeasible  202               -  150.00000      -   112 2250s
 44740 12266  150.00000  204  295          -  150.00000      -   112 2255s
 44874 12295 infeasible  204               -  150.00000      -   112 2260s
 44929 12315  149.00000  204   73          -  150.00000      -   112 2265s
 44996 12320  150.00000  200  232          -  150.00000      -   112 2270s
 45106 12347  149.06250  209  589          -  150.00000      -   112 2275s
 45232 12370 infeasible  207               -  150.00000      -   112 2280s
 45321 12396  150.00000  211  627          -  150.00000      -   112 2285s
 45467 12430  149.00000  203  215          -  150.00000      -   112 2290s
 45573 12457 infeasible  203               -  150.00000      -   112 2295s
 45687 12490 infeasible  208               -  150.00000      -   112 2300s
 45774 12502  150.00000  194  248          -  150.00000      -   113 2305s
 45892 12540  149.00000  201  444          -  150.00000      -   113 2310s
 45909 12541 infeasible  207               -  150.00000      -   113 2316s
 46007 12587  150.00000  197  523          -  150.00000      -   113 2320s
 46123 12612 infeasible  201               -  150.00000      -   113 2325s
 46253 12646 infeasible  203               -  150.00000      -   113 2330s
 46375 12672  148.00000  206  481          -  150.00000      -   113 2335s
 46488 12689  150.00000  202  274          -  150.00000      -   113 2340s
 46580 12710 infeasible  204               -  150.00000      -   113 2345s
 46684 12730  149.00000  209  213          -  150.00000      -   113 2350s
 46823 12776 infeasible  204               -  150.00000      -   113 2355s
 46959 12800 infeasible  198               -  150.00000      -   113 2360s
 47049 12818  149.00000  203  430          -  150.00000      -   113 2365s
 47157 12842  150.00000  198  325          -  150.00000      -   113 2370s
 47294 12882 infeasible  206               -  150.00000      -   113 2375s
 47445 12935  146.00000  211  350          -  150.00000      -   113 2380s
 47599 12988 infeasible  223               -  150.00000      -   113 2385s
 47706 12998  150.00000  204  366          -  150.00000      -   113 2390s
 47806 13034 infeasible  220               -  150.00000      -   113 2395s
 47950 13061 infeasible  230               -  150.00000      -   113 2400s
 47984 13059  149.00000  219  168          -  150.00000      -   113 2408s
 47987 13058  150.00000  217  288          -  150.00000      -   113 2410s
 47996 13051  150.00000  199  198          -  150.00000      -   113 2415s
 48030 13062 infeasible  220               -  150.00000      -   113 2420s
 48129 13070  149.00000  212  542          -  150.00000      -   113 2425s
 48257 13096  150.00000  210  452          -  150.00000      -   113 2430s
 48343 13117 infeasible  212               -  150.00000      -   113 2435s
 48475 13128 infeasible  226               -  150.00000      -   113 2440s
 48628 13167  149.86167  202  632          -  150.00000      -   113 2445s
 48806 13233  150.00000  195  181          -  150.00000      -   113 2450s
 48942 13272  150.00000  198  180          -  150.00000      -   113 2455s
 49093 13327 infeasible  211               -  150.00000      -   113 2460s
 49218 13349 infeasible  211               -  150.00000      -   113 2465s
 49347 13382  149.00000  199  187          -  150.00000      -   113 2470s
 49493 13419  150.00000  209  455          -  150.00000      -   113 2475s
 49651 13477  150.00000  207  356          -  150.00000      -   113 2480s
 49786 13509 infeasible  205               -  150.00000      -   113 2485s
 49912 13539  150.00000  191  186          -  150.00000      -   113 2490s
 50061 13607  150.00000  212  401          -  150.00000      -   113 2495s
 50184 13654  149.00000  207  299          -  150.00000      -   113 2500s
 50328 13710  148.00000  205  294          -  150.00000      -   113 2505s
 50438 13748  150.00000  200  323          -  150.00000      -   113 2510s
 50600 13815 infeasible  220               -  150.00000      -   113 2515s
 50746 13859  148.00000  203  336          -  150.00000      -   113 2520s
 50857 13901  150.00000  224  167          -  150.00000      -   113 2525s
 51010 13950 infeasible  239               -  150.00000      -   113 2535s
 51150 13994 infeasible  200               -  150.00000      -   113 2540s
 51260 14023  149.00000  208  429          -  150.00000      -   113 2545s
 51388 14068  149.90769  202  311          -  150.00000      -   113 2550s
 51544 14129  149.00000  224  319          -  150.00000      -   113 2555s
 51710 14182 infeasible  208               -  150.00000      -   113 2560s
 51815 14226 infeasible  216               -  150.00000      -   113 2565s
 51920 14259 infeasible  224               -  150.00000      -   113 2570s
 52019 14293  150.00000  210  214          -  150.00000      -   113 2575s
 52169 14355 infeasible  227               -  150.00000      -   113 2580s
 52304 14372  149.00000  209  206          -  150.00000      -   113 2585s
 52456 14409  150.00000  199  334          -  150.00000      -   113 2590s
 52623 14480 infeasible  218               -  150.00000      -   113 2595s
 52756 14508  149.00000  227  409          -  150.00000      -   113 2600s
 52882 14542 infeasible  221               -  150.00000      -   113 2605s
 52999 14574  148.73077  217  379          -  150.00000      -   113 2610s
 53167 14613 infeasible  205               -  150.00000      -   113 2615s
 53313 14648  149.00000  209  247          -  150.00000      -   113 2620s
 53457 14699 infeasible  222               -  150.00000      -   113 2625s
 53656 14762  148.00000  197  306          -  150.00000      -   113 2630s
 53774 14788  149.00000  213  220          -  150.00000      -   113 2635s
 53915 14817 infeasible  225               -  150.00000      -   113 2640s
 54073 14862  146.25876  217  462          -  150.00000      -   112 2645s
 54184 14887 infeasible  213               -  150.00000      -   112 2650s
 54325 14929  150.00000  211  336          -  150.00000      -   112 2655s
 54403 14945  150.00000  212  517          -  150.00000      -   112 2665s
 54412 14944  150.00000  206  240          -  150.00000      -   112 2670s
 54538 14988 infeasible  239               -  150.00000      -   112 2675s
 54658 15020 infeasible  218               -  150.00000      -   112 2680s
 54785 15064  149.00000  225  371          -  150.00000      -   112 2685s
 54933 15098  149.00000  204  281          -  150.00000      -   112 2690s
 55092 15178  149.00000  220  169          -  150.00000      -   112 2695s
 55259 15227 infeasible  213               -  150.00000      -   112 2700s
 55408 15269 infeasible  226               -  150.00000      -   112 2705s
 55539 15288  148.00000  205  307          -  150.00000      -   112 2710s
 55667 15328  150.00000  213  195          -  150.00000      -   112 2715s
 55797 15372  147.83575  212  421          -  150.00000      -   112 2720s
 55926 15409 infeasible  214               -  150.00000      -   112 2725s
 56051 15446  149.00000  190  148          -  150.00000      -   112 2730s
 56111 15483  149.00000  202  463          -  150.00000      -   112 2739s
 56129 15495 infeasible  212               -  150.00000      -   112 2740s
 56293 15550  147.00000  207  247          -  150.00000      -   112 2745s
 56457 15590  150.00000  219  287          -  150.00000      -   112 2750s
 56593 15638  146.00000  208  409          -  150.00000      -   112 2755s
 56735 15673  149.00000  207  531          -  150.00000      -   112 2760s
 56837 15704  150.00000  210  603          -  150.00000      -   112 2765s
 56953 15712 infeasible  212               -  150.00000      -   112 2770s
 57041 15730  150.00000  207  273          -  150.00000      -   113 2775s
 57187 15758 infeasible  209               -  150.00000      -   113 2780s
 57306 15781  149.00000  207  406          -  150.00000      -   113 2785s
 57471 15839 infeasible  214               -  150.00000      -   113 2790s
 57609 15897  149.00000  238  348          -  150.00000      -   113 2795s
 57744 15950  149.54945  210  428          -  150.00000      -   113 2800s
 57833 15982  150.00000  199  553          -  150.00000      -   113 2805s
 57986 16034 infeasible  213               -  150.00000      -   113 2810s
 58125 16080  150.00000  205  290          -  150.00000      -   113 2815s
 58231 16102 infeasible  202               -  150.00000      -   113 2820s
 58325 16122  149.88889  216  296          -  150.00000      -   113 2825s
 58448 16149 infeasible  204               -  150.00000      -   113 2830s
 58556 16189 infeasible  208               -  150.00000      -   113 2835s
 58657 16219  149.53529  194  346          -  150.00000      -   113 2840s
 58831 16287  149.64384  198  407          -  150.00000      -   113 2845s
 58945 16318  149.11765  202  779          -  150.00000      -   113 2850s
 59066 16362  150.00000  206  262          -  150.00000      -   113 2855s
 59183 16388  150.00000  205  390          -  150.00000      -   113 2860s
 59268 16426  150.00000  205  491          -  150.00000      -   113 2865s
 59387 16453  148.76471  210  593          -  150.00000      -   113 2870s
 59481 16490 infeasible  217               -  150.00000      -   113 2875s
 59591 16506  148.00000  216  287          -  150.00000      -   113 2887s
 59601 16504  150.00000  187  370          -  150.00000      -   113 2890s
 59608 16505 infeasible  191               -  150.00000      -   113 2895s
 59688 16519 infeasible  232               -  150.00000      -   113 2900s
 59803 16549 infeasible  235               -  150.00000      -   113 2905s
 59912 16563 infeasible  206               -  150.00000      -   113 2910s
 60013 16565  150.00000  193  264          -  150.00000      -   113 2915s
 60135 16601 infeasible  206               -  150.00000      -   113 2920s
 60240 16612 infeasible  216               -  150.00000      -   113 2925s
 60367 16644  150.00000  226  178          -  150.00000      -   113 2930s
 60514 16690 infeasible  204               -  150.00000      -   113 2935s
 60610 16726  149.00000  216  236          -  150.00000      -   113 2940s
 60721 16777  149.00000  202  461          -  150.00000      -   113 2945s
 60803 16822  149.12500  214  543          -  150.00000      -   114 2950s
 60910 16850 infeasible  226               -  150.00000      -   114 2955s
 61017 16884 infeasible  226               -  150.00000      -   114 2960s
 61119 16920 infeasible  222               -  150.00000      -   114 2965s
 61212 16946 infeasible  228               -  150.00000      -   114 2974s
 61222 16945 infeasible  222               -  150.00000      -   114 2975s
 61361 17000 infeasible  214               -  150.00000      -   114 2980s
 61429 17014  150.00000  211  365          -  150.00000      -   114 2985s
 61561 17054  150.00000  209  418          -  150.00000      -   114 2990s
 61695 17103 infeasible  212               -  150.00000      -   114 2995s
 61848 17149 infeasible  203               -  150.00000      -   114 3000s
 61945 17159  150.00000  189  171          -  150.00000      -   114 3005s
 62112 17221 infeasible  210               -  150.00000      -   114 3010s
 62225 17251 infeasible  210               -  150.00000      -   114 3015s
 62373 17285 infeasible  211               -  150.00000      -   114 3020s
 62541 17307 infeasible  215               -  150.00000      -   113 3025s
 62632 17315  150.00000  214  139          -  150.00000      -   113 3030s
 62751 17327  150.00000  187  263          -  150.00000      -   113 3035s
 62880 17366  149.00000  204  110          -  150.00000      -   113 3040s
 63044 17403  150.00000  186  174          -  150.00000      -   113 3045s
 63200 17454 infeasible  197               -  150.00000      -   113 3050s
 63339 17476  150.00000  218  691          -  150.00000      -   113 3055s
 63447 17488  149.00000  230  266          -  150.00000      -   113 3060s
 63539 17496  148.00000  207  471          -  150.00000      -   113 3065s
 63668 17513 infeasible  209               -  150.00000      -   113 3070s
 63765 17532  150.00000  202  273          -  150.00000      -   113 3075s
 63921 17555 infeasible  213               -  150.00000      -   113 3080s
 64042 17582 infeasible  204               -  150.00000      -   113 3085s
 64173 17637  149.00000  201  257          -  150.00000      -   113 3090s
 64309 17661  149.00000  203  473          -  150.00000      -   113 3095s
 64453 17727  149.11765  216  648          -  150.00000      -   113 3100s
 64581 17782 infeasible  226               -  150.00000      -   113 3105s
 64753 17825 infeasible  223               -  150.00000      -   113 3110s
 64870 17868 infeasible  230               -  150.00000      -   113 3115s
 64993 17907  150.00000  211  222          -  150.00000      -   113 3120s
 65157 17921 infeasible  211               -  150.00000      -   113 3125s
 65303 17936  149.00000  217  209          -  150.00000      -   113 3130s
 65450 17981  150.00000  200  148          -  150.00000      -   113 3135s
 65587 18018 infeasible  215               -  150.00000      -   113 3140s
 65676 18038 infeasible  215               -  150.00000      -   113 3145s
 65763 18050 infeasible  218               -  150.00000      -   113 3150s
 65876 18072  150.00000  198  323          -  150.00000      -   113 3155s
 65965 18089 infeasible  215               -  150.00000      -   113 3160s
 65979 18093  150.00000  199  267          -  150.00000      -   113 3167s
 65984 18090  150.00000  194  268          -  150.00000      -   113 3170s
 66024 18103  150.00000  195  164          -  150.00000      -   113 3175s
 66133 18122 infeasible  186               -  150.00000      -   113 3180s
 66250 18141  147.00000  206  264          -  150.00000      -   113 3185s
 66313 18161  149.00000  207  456          -  150.00000      -   113 3194s
 66345 18165  150.00000  221  398          -  150.00000      -   113 3195s
 66427 18182 infeasible  226               -  150.00000      -   113 3200s
 66521 18206 infeasible  240               -  150.00000      -   113 3205s
 66610 18223 infeasible  224               -  150.00000      -   113 3210s
 66699 18254  149.91111  207  428          -  150.00000      -   113 3215s
 66798 18278  150.00000  231  233          -  150.00000      -   113 3220s
 66889 18281  150.00000  222  189          -  150.00000      -   113 3225s
 67017 18317 infeasible  220               -  150.00000      -   113 3230s
 67182 18364 infeasible  214               -  150.00000      -   113 3235s
 67315 18390  149.00000  206  360          -  150.00000      -   113 3240s
 67418 18415 infeasible  224               -  150.00000      -   113 3245s
 67529 18430 infeasible  211               -  150.00000      -   113 3250s
 67683 18465 infeasible  213               -  150.00000      -   113 3255s
 67805 18459 infeasible  206               -  150.00000      -   113 3260s
 67928 18496 infeasible  213               -  150.00000      -   113 3265s
 68048 18507 infeasible  197               -  150.00000      -   113 3270s
 68168 18536  150.00000  190  191          -  150.00000      -   113 3275s
 68267 18580  148.00000  205  332          -  150.00000      -   113 3280s
 68381 18606 infeasible  208               -  150.00000      -   113 3285s
 68479 18628  150.00000  208  497          -  150.00000      -   113 3290s
 68625 18659 infeasible  209               -  150.00000      -   113 3295s
 68750 18671  150.00000  202  194          -  150.00000      -   113 3300s
 68882 18699 infeasible  201               -  150.00000      -   113 3305s
 69058 18729 infeasible  206               -  150.00000      -   113 3310s
 69215 18749 infeasible  204               -  150.00000      -   113 3315s
 69397 18767  150.00000  199  186          -  150.00000      -   113 3320s
 69547 18775  150.00000  182  325          -  150.00000      -   113 3325s
 69763 18807  150.00000  189  220          -  150.00000      -   113 3330s
 69954 18855 infeasible  210               -  150.00000      -   112 3335s
 70101 18880 infeasible  217               -  150.00000      -   112 3340s
 70241 18904 infeasible  203               -  150.00000      -   112 3345s
 70407 18933 infeasible  210               -  150.00000      -   112 3350s
 70446 18941  149.00000  208  186          -  150.00000      -   112 3358s
 70455 18934  149.00000  203  154          -  150.00000      -   112 3360s
 70469 18930 infeasible  203               -  150.00000      -   112 3365s
 70559 18957 infeasible  208               -  150.00000      -   112 3370s
 70724 18991  149.10903  210  698          -  150.00000      -   112 3375s
 70825 19009  149.83363  199  540          -  150.00000      -   112 3380s
 70946 19045 infeasible  210               -  150.00000      -   112 3385s
 71070 19054 infeasible  207               -  150.00000      -   112 3390s
 71218 19075 infeasible  207               -  150.00000      -   112 3395s
 71359 19112 infeasible  204               -  150.00000      -   112 3400s
 71414 19122 infeasible  204               -  150.00000      -   112 3407s
 71496 19151 infeasible  204               -  150.00000      -   112 3410s
 71619 19179  150.00000  196  331          -  150.00000      -   112 3415s
 71759 19202  150.00000  197  125          -  150.00000      -   112 3420s
 71896 19243  149.00000  218  325          -  150.00000      -   112 3425s
 72061 19264 infeasible  210               -  150.00000      -   112 3430s
 72224 19276 infeasible  221               -  150.00000      -   112 3435s
 72362 19289 infeasible  211               -  150.00000      -   112 3440s
 72508 19308  150.00000  202  356          -  150.00000      -   112 3445s
 72688 19365 infeasible  220               -  150.00000      -   111 3450s
 72844 19388 infeasible  216               -  150.00000      -   111 3455s
 72984 19394  150.00000  209  334          -  150.00000      -   111 3460s
 73149 19412 infeasible  213               -  150.00000      -   111 3465s
 73311 19435  150.00000  192  146          -  150.00000      -   111 3470s
 73444 19471  150.00000  199  140          -  150.00000      -   111 3475s
 73542 19502  150.00000  211  619          -  150.00000      -   111 3480s
 73673 19522  149.00000  204  243          -  150.00000      -   111 3485s
 73817 19550  149.00000  212  165          -  150.00000      -   111 3490s
 73907 19569 infeasible  210               -  150.00000      -   111 3495s
 74031 19583 infeasible  203               -  150.00000      -   111 3500s
 74115 19595 infeasible  214               -  150.00000      -   111 3505s
 74231 19620  150.00000  205  186          -  150.00000      -   111 3510s
 74387 19659 infeasible  208               -  150.00000      -   111 3515s
 74512 19656 infeasible  205               -  150.00000      -   111 3520s
 74683 19706 infeasible  218               -  150.00000      -   111 3525s
 74795 19734  150.00000  202  451          -  150.00000      -   111 3530s
 74996 19815  150.00000  211  299          -  150.00000      -   111 3535s
 75171 19834 infeasible  212               -  150.00000      -   111 3540s
 75307 19871  149.13542  217  616          -  150.00000      -   111 3545s
 75450 19875 infeasible  204               -  150.00000      -   111 3550s
 75566 19910 infeasible  195               -  150.00000      -   111 3555s
 75718 19936 infeasible  205               -  150.00000      -   111 3560s
 75855 19974 infeasible  204               -  150.00000      -   111 3565s
 75900 19988  149.00000  206  330          -  150.00000      -   111 3576s
 75911 19977 infeasible  203               -  150.00000      -   111 3580s
 75916 19980  150.00000  193  195          -  150.00000      -   111 3585s
 75927 19971 infeasible  195               -  150.00000      -   111 3590s
 76067 19968  150.00000  202  309          -  150.00000      -   111 3595s
 76203 19987 infeasible  215               -  150.00000      -   111 3600s

Cutting planes:
  Gomory: 44
  Cover: 287
  Implied bound: 29
  Projected implied bound: 1
  Clique: 66
  MIR: 26
  StrongCG: 19
  Flow cover: 96
  GUB cover: 2
  Zero half: 33
  Network: 5
  Relax-and-lift: 41

Explored 76204 nodes (8491986 simplex iterations) in 3600.01 seconds (2373.28 work units)
Thread count was 1 (of 8 available processors)

Solution count 0

Time limit reached
Best objective -, best bound 1.500000000000e+02, gap -
