
Gurobi 11.0.1 (win64) logging started Wed Mar 13 20:01:00 2024

Set parameter LogFile to value "C:\Projetos\Job_Rotation_Algorithms\Outputs\GurobiLogs\gurobi_log-output-60_ros-c9-CostaMirallesModel-NoExtraConstraint-2.log"
Gurobi Optimizer version 11.0.1 build v11.0.1rc0 (win64 - Windows 10.0 (19045.2))

CPU model: 11th Gen Intel(R) Core(TM) i7-1165G7 @ 2.80GHz, instruction set [SSE2|AVX|AVX2|AVX512]
Thread count: 4 physical cores, 8 logical processors, using up to 1 threads


Gurobi 11.0.1 (win64) logging started Thu Mar 14 07:59:18 2024

Set parameter LogFile to value "C:\Projetos\Job_Rotation_Algorithms\Outputs\GurobiLogs\gurobi_log-output-60_ros-c9-CostaMirallesModel-NoExtraConstraint-2.log"
Gurobi Optimizer version 11.0.1 build v11.0.1rc0 (win64 - Windows 10.0 (19045.2))

CPU model: 11th Gen Intel(R) Core(TM) i7-1165G7 @ 2.80GHz, instruction set [SSE2|AVX|AVX2|AVX512]
Thread count: 4 physical cores, 8 logical processors, using up to 1 threads


Gurobi 11.0.1 (win64) logging started Thu Mar 14 08:02:09 2024

Set parameter LogFile to value "C:\Projetos\Job_Rotation_Algorithms\Outputs\GurobiLogs\gurobi_log-output-60_ros-c9-CostaMirallesModel-NoExtraConstraint-2.log"
Gurobi Optimizer version 11.0.1 build v11.0.1rc0 (win64 - Windows 10.0 (19045.2))

CPU model: 11th Gen Intel(R) Core(TM) i7-1165G7 @ 2.80GHz, instruction set [SSE2|AVX|AVX2|AVX512]
Thread count: 4 physical cores, 8 logical processors, using up to 1 threads


Gurobi 11.0.1 (win64) logging started Fri Mar 15 00:36:44 2024

Set parameter LogFile to value "C:\Projetos\Job_Rotation_Algorithms\Outputs\GurobiLogs\gurobi_log-output-60_ros-c9-CostaMirallesModel-NoExtraConstraint-2.log"
Gurobi Optimizer version 11.0.1 build v11.0.1rc0 (win64 - Windows 10.0 (19045.2))

CPU model: 11th Gen Intel(R) Core(TM) i7-1165G7 @ 2.80GHz, instruction set [SSE2|AVX|AVX2|AVX512]
Thread count: 4 physical cores, 8 logical processors, using up to 1 threads


Gurobi 11.0.1 (win64) logging started Fri Mar 15 00:39:36 2024

Set parameter LogFile to value "C:\Projetos\Job_Rotation_Algorithms\Outputs\GurobiLogs\gurobi_log-output-60_ros-c9-CostaMirallesModel-NoExtraConstraint-2.log"
Gurobi Optimizer version 11.0.1 build v11.0.1rc0 (win64 - Windows 10.0 (19045.2))

CPU model: 11th Gen Intel(R) Core(TM) i7-1165G7 @ 2.80GHz, instruction set [SSE2|AVX|AVX2|AVX512]
Thread count: 4 physical cores, 8 logical processors, using up to 1 threads


Gurobi 11.0.1 (win64) logging started Fri Mar 15 22:21:34 2024

Set parameter LogFile to value "C:\Projetos\Job_Rotation_Algorithms\Outputs\GurobiLogs\gurobi_log-output-60_ros-c9-CostaMirallesModel-NoExtraConstraint-2.log"
Gurobi Optimizer version 11.0.1 build v11.0.1rc0 (win64 - Windows 10.0 (19045.2))

CPU model: 11th Gen Intel(R) Core(TM) i7-1165G7 @ 2.80GHz, instruction set [SSE2|AVX|AVX2|AVX512]
Thread count: 4 physical cores, 8 logical processors, using up to 1 threads

WLS license 901039 - registered to Bitka Analytics
Optimize a model with 676 rows, 1699 columns and 17305 nonzeros
Model fingerprint: 0x7faeab4c
Variable types: 2 continuous, 1697 integer (1697 binary)
Coefficient statistics:
  Matrix range     [1e+00, 3e+01]
  Objective range  [1e+00, 1e+00]
  Bounds range     [1e+00, 2e+01]
  RHS range        [1e+00, 2e+01]
Presolve removed 125 rows and 750 columns
Presolve time: 0.20s
Presolved: 551 rows, 949 columns, 7648 nonzeros
Variable types: 0 continuous, 949 integer (948 binary)

Root relaxation: objective 5.000000e+01, 642 iterations, 0.03 seconds (0.01 work units)

    Nodes    |    Current Node    |     Objective Bounds      |     Work
 Expl Unexpl |  Obj  Depth IntInf | Incumbent    BestBd   Gap | It/Node Time

     0     0   50.00000    0   66          -   50.00000      -     -    0s
     0     0   50.00000    0  194          -   50.00000      -     -    0s
     0     0   50.00000    0  191          -   50.00000      -     -    0s
     0     0   50.00000    0   51          -   50.00000      -     -    0s
     0     0   50.00000    0   71          -   50.00000      -     -    0s
     0     0   50.00000    0   79          -   50.00000      -     -    0s
     0     0   50.00000    0  126          -   50.00000      -     -    0s
     0     0   50.00000    0   52          -   50.00000      -     -    0s
     0     0   50.00000    0   46          -   50.00000      -     -    0s
     0     2   50.00000    0   41          -   50.00000      -     -    1s
   585   170   50.00000   10  171          -   50.00000      -  79.8    5s
  1165   301   47.50000   39  159          -   50.00000      -  93.4   10s
  1209   317   50.00000   24  111          -   50.00000      -  18.2   15s
  1412   256   50.00000   28   91          -   50.00000      -  44.0   20s
* 1454   212              28      26.0000000   50.00000  92.3%  49.3   21s
  1617   167 infeasible   35        26.00000   50.00000  92.3%  64.0   25s

Cutting planes:
  Cover: 23
  Clique: 41
  StrongCG: 1
  Flow cover: 13
  GUB cover: 4
  RLT: 6

Explored 1849 nodes (253701 simplex iterations) in 28.44 seconds (16.09 work units)
Thread count was 1 (of 8 available processors)

Solution count 1: 26 

Optimal solution found (tolerance 1.00e-03)
Best objective 2.600000000000e+01, best bound 2.600000000000e+01, gap 0.0000%
